07/26/2024 11:12:59	Reading UID database.
07/26/2024 11:12:59	Start loading STAAD model.
07/26/2024 11:12:59	Reading model file.
07/26/2024 11:12:59	Reading model file is complete.
07/26/2024 11:12:59	Processing support.
07/26/2024 11:12:59	Processing springs.
07/26/2024 11:13:00	Processing properties.
07/26/2024 11:13:00	Processing physical properties.
07/26/2024 11:13:00	Processing constants.
07/26/2024 11:13:00	Processing BETA constants.
07/26/2024 11:13:00	Processing hidden analytical member loads.
07/26/2024 11:13:00	Processing command list for member release.
07/26/2024 11:13:00	Processing command list for member offset.
07/26/2024 11:13:00	Processing command list for member specs (cracked).
07/26/2024 11:13:00	Processing command list for member specs (axial).
07/26/2024 11:13:00	Processing command list for element release.
07/26/2024 11:13:00	Processing command list for element offset.
07/26/2024 11:13:00	Processing command list for element plate stress directive.
07/26/2024 11:13:00	Processing parameter for Chinese wind load case.
07/26/2024 11:13:00	End Processing command list.
07/26/2024 11:13:00	End loading STAAD model.
07/26/2024 11:13:00	Start Post Analysis method
07/26/2024 11:13:00	Removed all hidden plates from surfaces
07/26/2024 11:13:00	Removed all hidden plates
07/26/2024 11:13:00	Removed all hidden nodes
07/26/2024 11:13:00	Loading results from MSH file...
07/26/2024 11:13:00	Building result indices...
07/26/2024 11:13:00	Loading plate stress results...
07/26/2024 11:13:00	Set analysis report setup data
07/26/2024 11:13:00	Starting page setup...
07/26/2024 11:13:00	Page setup completed
07/26/2024 11:13:00	Setting available workflows...
07/26/2024 11:13:00	Post analysis method ends
07/26/2024 11:18:25	Reading UID database.
07/26/2024 11:18:25	Start loading STAAD model.
07/26/2024 11:18:25	Reading model file.
07/26/2024 11:18:25	Reading model file is complete.
07/26/2024 11:18:25	Processing support.
07/26/2024 11:18:25	Processing springs.
07/26/2024 11:18:25	Processing properties.
07/26/2024 11:18:25	Processing physical properties.
07/26/2024 11:18:25	Processing constants.
07/26/2024 11:18:25	Processing BETA constants.
07/26/2024 11:18:25	Processing hidden analytical member loads.
07/26/2024 11:18:25	Processing command list for member release.
07/26/2024 11:18:25	Processing command list for member offset.
07/26/2024 11:18:25	Processing command list for member specs (cracked).
07/26/2024 11:18:25	Processing command list for member specs (axial).
07/26/2024 11:18:25	Processing command list for element release.
07/26/2024 11:18:25	Processing command list for element offset.
07/26/2024 11:18:25	Processing command list for element plate stress directive.
07/26/2024 11:18:25	Processing parameter for Chinese wind load case.
07/26/2024 11:18:25	End Processing command list.
07/26/2024 11:18:25	End loading STAAD model.
07/26/2024 11:18:25	Start Post Analysis method
07/26/2024 11:18:25	Removed all hidden plates from surfaces
07/26/2024 11:18:25	Removed all hidden plates
07/26/2024 11:18:25	Removed all hidden nodes
07/26/2024 11:18:25	Loading results from MSH file...
07/26/2024 11:18:25	Building result indices...
07/26/2024 11:18:25	Loading plate stress results...
07/26/2024 11:18:25	Set analysis report setup data
07/26/2024 11:18:25	Starting page setup...
07/26/2024 11:18:25	Page setup completed
07/26/2024 11:18:25	Setting available workflows...
07/26/2024 11:18:25	Post analysis method ends
07/26/2024 11:18:38	Start Post Analysis method
07/26/2024 11:18:38	Removed all hidden plates from surfaces
07/26/2024 11:18:38	Removed all hidden plates
07/26/2024 11:18:38	Removed all hidden nodes
07/26/2024 11:18:38	Loading results from MSH file...
07/26/2024 11:18:38	Building result indices...
07/26/2024 11:18:38	Loading plate stress results...
07/26/2024 11:18:38	Set analysis report setup data
07/26/2024 11:18:38	Starting page setup...
07/26/2024 11:18:38	Page setup completed
07/26/2024 11:18:38	Setting available workflows...
07/26/2024 11:18:38	Post analysis method ends
