07/23/2024 11:40:12	Reading UID database.
07/23/2024 11:40:12	Start loading STAAD model.
07/23/2024 11:40:12	Reading model file.
07/23/2024 11:40:13	Reading model file is complete.
07/23/2024 11:40:13	Processing support.
07/23/2024 11:40:13	Processing springs.
07/23/2024 11:40:13	Processing properties.
07/23/2024 11:40:13	Processing physical properties.
07/23/2024 11:40:13	Processing constants.
07/23/2024 11:40:13	Processing BETA constants.
07/23/2024 11:40:13	Processing hidden analytical member loads.
07/23/2024 11:40:13	Processing command list for member release.
07/23/2024 11:40:13	Processing command list for member offset.
07/23/2024 11:40:13	Processing command list for member specs (cracked).
07/23/2024 11:40:13	Processing command list for member specs (axial).
07/23/2024 11:40:13	Processing command list for element release.
07/23/2024 11:40:13	Processing command list for element offset.
07/23/2024 11:40:13	Processing command list for element plate stress directive.
07/23/2024 11:40:13	Processing parameter for Chinese wind load case.
07/23/2024 11:40:13	End Processing command list.
07/23/2024 11:40:13	End loading STAAD model.
07/23/2024 11:40:13	Start Post Analysis method
07/23/2024 11:40:13	Removed all hidden plates from surfaces
07/23/2024 11:40:13	Removed all hidden plates
07/23/2024 11:40:13	Removed all hidden nodes
07/23/2024 11:40:13	Loading results from MSH file...
07/23/2024 11:40:13	Building result indices...
07/23/2024 11:40:13	Loading plate stress results...
07/23/2024 11:40:13	Set analysis report setup data
07/23/2024 11:40:13	Starting page setup...
07/23/2024 11:40:13	Page setup completed
07/23/2024 11:40:13	Setting available workflows...
07/23/2024 11:40:13	Post analysis method ends
07/23/2024 11:45:06	Start Post Analysis method
07/23/2024 11:45:06	Removed all hidden plates from surfaces
07/23/2024 11:45:06	Removed all hidden plates
07/23/2024 11:45:06	Removed all hidden nodes
07/23/2024 11:45:06	Loading results from MSH file...
07/23/2024 11:45:06	Building result indices...
07/23/2024 11:45:06	Loading plate stress results...
07/23/2024 11:45:06	Set analysis report setup data
07/23/2024 11:45:06	Starting page setup...
07/23/2024 11:45:06	Page setup completed
07/23/2024 11:45:06	Setting available workflows...
07/23/2024 11:45:06	Post analysis method ends
