11:44:59	Initializing STAAD Engine
11:44:59	Run stream set up is complete.
11:44:59	Initialize license libraries.
11:44:59	License libraries initialized.
11:44:59	Starting license(s) for A & D engine.
11:45:00	License Status: Ok
11:45:00	License information set up is complete.
****************************************************************************
*                            START OF ANALYSIS                             *
****************************************************************************
* Initiating Analysis At Tue Jul 23 11:45:00 2024
                          PROGRAM: STAAD.Pro
                          VERSION: 23.00.01.25
                11:45: 0:74  ENTERING STAAD
                11:45: 0:75  USING 64 BIT STAAD ENGINE
                11:45: 0:75  ENTERING MAINN
                11:45: 0:75  START JOB INFORMATION
                11:45: 0:76  INPUT WIDTH 79
                11:45: 0:76  UNIT MMS KN
                11:45: 0:77  JOINT COORDINATES
                11:45: 0:77  ENTERING JOINTC
                11:45: 0:78  JOINTC NEWJ                                 400000
                11:45: 0:78  MAX NODE NO.                                    17
                11:45: 0:79  MEMBER INCIDENCES
                11:45: 0:79  UNIT METER KN
                11:45: 0:80  DEFINE MATERIAL START
                11:45: 0:80  UNIT MMS KN
                11:45: 0:81  MEMBER PROPERTY EUROP
                11:45: 0:94    ++ Finished Reading Member Properties ...
                11:45: 0:94  CONSTANTS
                11:45: 0:95  SUPPORTS
                11:45: 0:95  ENTERING SUPPORT
                11:45: 0:96  MEMBER OFFSET
                11:45: 0:96  DEFINE WIND LOAD
                11:45: 0:97  LOAD 121 LOADTYPE DEA
                11:45: 0:97  DUPLICATE ELEMENT CHECK
                11:45: 0:97  CHECKING STRUCTURAL INTEGRITY
                11:45: 0:98  CHECK UNCONNECTED JOINTS AND
                11:45: 0:98  CALCULATE MAX JOINT CONNECTIVITY
                11:45: 0:99  CHECK MULTIPLE STRUCTURES
                11:45: 0:99  ENTERING SUPPORT
                11:45: 0:99  NRJOLD                                           0
                11:45: 1: 0  SUPPORT NOLD                                     0
                11:45: 1: 0  SUPPORT N                                       96
                11:45: 1: 1  BEFORE LOADPR
                11:45: 1: 1  REOPEN AS DIR                                    0
                11:45: 1: 2  ENTER LOADPR
                11:45: 1:15  PERFORM ANALYSIS PRIN
                11:45: 1:15  pdel iter                                        0
                11:45: 1:15  MAXIMUM E =                           2.973273E+04
                11:45: 1:16  MINIMUM E =                           2.973273E+04
                11:45: 1:16  MBW DOF BAND=                                    1
                11:45: 1:17  NUMBER OF PRIMARY CASES                        101
                11:45: 1:17  NUMBER OF CASES                                252
                11:45: 1:18  #OF CASES W/ELEM INMEMORY                      252
                11:45: 1:18  MEMORY FOR MEMBER LOADS                      51408
                11:45: 1:19  MEMORY FOR DISPLACEMENTS                     25704
                11:45: 1:19  MEMORY FOR MEMBER FORCES                     51408
                11:45: 1:20  Using 64-bit analysis engine
                11:45: 1:20  BEFORE SOLVER 1
                11:45: 1:21  Start Input for Next Load Case
                11:45: 1:21  case no=  121 seq. no=   1 idynl= 0
                11:45: 1:22  MASSSET                                          0
                11:45: 1:22  LOADEND ISLAVE                                   0
                11:45: 1:23  Start Input for Next Load Case
                11:45: 1:23  case no=  201 seq. no=   2 idynl= 0
                11:45: 1:24  LOADEND ISLAVE                                   0
                11:45: 1:24  Start Input for Next Load Case
                11:45: 1:25  case no=  202 seq. no=   3 idynl= 0
                11:45: 1:25  LOADEND ISLAVE                                   0
                11:45: 1:26  Start Input for Next Load Case
                11:45: 1:26  case no=  203 seq. no=   4 idynl= 0
                11:45: 1:26  LOADEND ISLAVE                                   0
                11:45: 1:27  Start Input for Next Load Case
                11:45: 1:27  case no=  204 seq. no=   5 idynl= 0
                11:45: 1:28  LOADEND ISLAVE                                   0
                11:45: 1:28  Start Input for Next Load Case
                11:45: 1:29  case no=  205 seq. no=   6 idynl= 0
                11:45: 1:29  LOADEND ISLAVE                                   0
                11:45: 1:30  Start Input for Next Load Case
                11:45: 1:30  case no=  206 seq. no=   7 idynl= 0
                11:45: 1:30  LOADEND ISLAVE                                   0
                11:45: 1:31  Start Input for Next Load Case
                11:45: 1:31  case no=  207 seq. no=   8 idynl= 0
                11:45: 1:32  LOADEND ISLAVE                                   0
                11:45: 1:32  Start Input for Next Load Case
                11:45: 1:32  case no=  208 seq. no=   9 idynl= 0
                11:45: 1:33  LOADEND ISLAVE                                   0
                11:45: 1:33  Start Input for Next Load Case
                11:45: 1:34  case no=  312 seq. no=  10 idynl= 0
                11:45: 1:34  LOADEND ISLAVE                                   0
                11:45: 1:35  Start Input for Next Load Case
                11:45: 1:35  case no=  313 seq. no=  11 idynl= 0
                11:45: 1:35  LOADEND ISLAVE                                   0
                11:45: 1:36  Start Input for Next Load Case
                11:45: 1:36  case no=  314 seq. no=  12 idynl= 0
                11:45: 1:37  LOADEND ISLAVE                                   0
                11:45: 1:37  Start Input for Next Load Case
                11:45: 1:38  case no=  315 seq. no=  13 idynl= 0
                11:45: 1:38  LOADEND ISLAVE                                   0
                11:45: 1:38  Start Input for Next Load Case
                11:45: 1:39  case no=  322 seq. no=  14 idynl= 0
                11:45: 1:39  LOADEND ISLAVE                                   0
                11:45: 1:40  Start Input for Next Load Case
                11:45: 1:40  case no=  323 seq. no=  15 idynl= 0
                11:45: 1:41  LOADEND ISLAVE                                   0
                11:45: 1:41  Start Input for Next Load Case
                11:45: 1:42  case no=  324 seq. no=  16 idynl= 0
                11:45: 1:42  LOADEND ISLAVE                                   0
                11:45: 1:43  Start Input for Next Load Case
                11:45: 1:43  case no=  325 seq. no=  17 idynl= 0
                11:45: 1:44  LOADEND ISLAVE                                   0
                11:45: 1:44  Start Input for Next Load Case
                11:45: 1:45  case no=  332 seq. no=  18 idynl= 0
                11:45: 1:45  LOADEND ISLAVE                                   0
                11:45: 1:46  Start Input for Next Load Case
                11:45: 1:46  case no=  333 seq. no=  19 idynl= 0
                11:45: 1:46  LOADEND ISLAVE                                   0
                11:45: 1:47  Start Input for Next Load Case
                11:45: 1:48  case no=  334 seq. no=  20 idynl= 0
                11:45: 1:48  LOADEND ISLAVE                                   0
                11:45: 1:49  Start Input for Next Load Case
                11:45: 1:49  case no=  335 seq. no=  21 idynl= 0
                11:45: 1:50  LOADEND ISLAVE                                   0
                11:45: 1:50  Start Input for Next Load Case
                11:45: 1:51  case no=  411 seq. no=  22 idynl= 0
                11:45: 1:51  LOADEND ISLAVE                                   0
                11:45: 1:52  Start Input for Next Load Case
                11:45: 1:52  case no=  412 seq. no=  23 idynl= 0
                11:45: 1:53  LOADEND ISLAVE                                   0
                11:45: 1:53  Start Input for Next Load Case
                11:45: 1:54  case no=  413 seq. no=  24 idynl= 0
                11:45: 1:54  LOADEND ISLAVE                                   0
                11:45: 1:55  Start Input for Next Load Case
                11:45: 1:55  case no=  414 seq. no=  25 idynl= 0
                11:45: 1:56  LOADEND ISLAVE                                   0
                11:45: 1:56  Start Input for Next Load Case
                11:45: 1:57  case no=  415 seq. no=  26 idynl= 0
                11:45: 1:57  LOADEND ISLAVE                                   0
                11:45: 1:58  Start Input for Next Load Case
                11:45: 1:58  case no=  416 seq. no=  27 idynl= 0
                11:45: 1:59  LOADEND ISLAVE                                   0
                11:45: 1:59  Start Input for Next Load Case
                11:45: 1:60  case no=  417 seq. no=  28 idynl= 0
                11:45: 1:60  LOADEND ISLAVE                                   0
                11:45: 1:61  Start Input for Next Load Case
                11:45: 1:61  case no=  418 seq. no=  29 idynl= 0
                11:45: 1:61  LOADEND ISLAVE                                   0
                11:45: 1:62  Start Input for Next Load Case
                11:45: 1:62  case no=  421 seq. no=  30 idynl= 0
                11:45: 1:63  LOADEND ISLAVE                                   0
                11:45: 1:63  Start Input for Next Load Case
                11:45: 1:64  case no=  422 seq. no=  31 idynl= 0
                11:45: 1:64  LOADEND ISLAVE                                   0
                11:45: 1:65  Start Input for Next Load Case
                11:45: 1:65  case no=  423 seq. no=  32 idynl= 0
                11:45: 1:65  LOADEND ISLAVE                                   0
                11:45: 1:66  Start Input for Next Load Case
                11:45: 1:66  case no=  424 seq. no=  33 idynl= 0
                11:45: 1:67  LOADEND ISLAVE                                   0
                11:45: 1:67  Start Input for Next Load Case
                11:45: 1:68  case no=  425 seq. no=  34 idynl= 0
                11:45: 1:68  LOADEND ISLAVE                                   0
                11:45: 1:69  Start Input for Next Load Case
                11:45: 1:69  case no=  426 seq. no=  35 idynl= 0
                11:45: 1:69  LOADEND ISLAVE                                   0
                11:45: 1:70  Start Input for Next Load Case
                11:45: 1:70  case no=  427 seq. no=  36 idynl= 0
                11:45: 1:71  LOADEND ISLAVE                                   0
                11:45: 1:71  Start Input for Next Load Case
                11:45: 1:72  case no=  428 seq. no=  37 idynl= 0
                11:45: 1:72  LOADEND ISLAVE                                   0
                11:45: 1:73  Start Input for Next Load Case
                11:45: 1:73  case no=  711 seq. no=  38 idynl= 0
                11:45: 1:74  LOADEND ISLAVE                                   0
                11:45: 1:74  Start Input for Next Load Case
                11:45: 1:74  case no=  712 seq. no=  39 idynl= 0
                11:45: 1:75  LOADEND ISLAVE                                   0
                11:45: 1:75  Start Input for Next Load Case
                11:45: 1:76  case no=  713 seq. no=  40 idynl= 0
                11:45: 1:76  LOADEND ISLAVE                                   0
                11:45: 1:77  Start Input for Next Load Case
                11:45: 1:77  case no=  714 seq. no=  41 idynl= 0
                11:45: 1:77  LOADEND ISLAVE                                   0
                11:45: 1:78  Start Input for Next Load Case
                11:45: 1:78  case no=  715 seq. no=  42 idynl= 0
                11:45: 1:79  LOADEND ISLAVE                                   0
                11:45: 1:79  Start Input for Next Load Case
                11:45: 1:80  case no=  716 seq. no=  43 idynl= 0
                11:45: 1:80  LOADEND ISLAVE                                   0
                11:45: 1:81  Start Input for Next Load Case
                11:45: 1:81  case no=  717 seq. no=  44 idynl= 0
                11:45: 1:82  LOADEND ISLAVE                                   0
                11:45: 1:82  Start Input for Next Load Case
                11:45: 1:82  case no=  718 seq. no=  45 idynl= 0
                11:45: 1:83  LOADEND ISLAVE                                   0
                11:45: 1:83  Start Input for Next Load Case
                11:45: 1:84  case no= 1101 seq. no=  46 idynl= 0
                11:45: 1:84  LOADEND ISLAVE                                   0
                11:45: 1:85  Start Input for Next Load Case
                11:45: 1:85  case no= 1102 seq. no=  47 idynl= 0
                11:45: 1:85  LOADEND ISLAVE                                   0
                11:45: 1:86  Start Input for Next Load Case
                11:45: 1:86  case no= 1103 seq. no=  48 idynl= 0
                11:45: 1:87  LOADEND ISLAVE                                   0
                11:45: 1:87  Start Input for Next Load Case
                11:45: 1:88  case no= 1104 seq. no=  49 idynl= 0
                11:45: 1:88  LOADEND ISLAVE                                   0
                11:45: 1:88  Start Input for Next Load Case
                11:45: 1:89  case no= 1105 seq. no=  50 idynl= 0
                11:45: 1:89  LOADEND ISLAVE                                   0
                11:45: 1:90  Start Input for Next Load Case
                11:45: 1:90  case no= 1106 seq. no=  51 idynl= 0
                11:45: 1:91  LOADEND ISLAVE                                   0
                11:45: 1:91  Start Input for Next Load Case
                11:45: 1:92  case no= 1107 seq. no=  52 idynl= 0
                11:45: 1:93  LOADEND ISLAVE                                   0
                11:45: 1:93  Start Input for Next Load Case
                11:45: 1:94  case no= 1108 seq. no=  53 idynl= 0
                11:45: 1:94  LOADEND ISLAVE                                   0
                11:45: 1:95  Start Input for Next Load Case
                11:45: 1:95  case no= 1201 seq. no=  54 idynl= 0
                11:45: 1:96  LOADEND ISLAVE                                   0
                11:45: 1:96  Start Input for Next Load Case
                11:45: 1:97  case no= 1202 seq. no=  55 idynl= 0
                11:45: 1:97  LOADEND ISLAVE                                   0
                11:45: 1:98  Start Input for Next Load Case
                11:45: 1:98  case no= 1203 seq. no=  56 idynl= 0
                11:45: 1:99  LOADEND ISLAVE                                   0
                11:45: 1:99  Start Input for Next Load Case
                11:45: 2: 0  case no= 1204 seq. no=  57 idynl= 0
                11:45: 2: 0  LOADEND ISLAVE                                   0
                11:45: 2: 1  Start Input for Next Load Case
                11:45: 2: 1  case no= 1205 seq. no=  58 idynl= 0
                11:45: 2: 1  LOADEND ISLAVE                                   0
                11:45: 2: 2  Start Input for Next Load Case
                11:45: 2: 2  case no= 1206 seq. no=  59 idynl= 0
                11:45: 2: 3  LOADEND ISLAVE                                   0
                11:45: 2: 3  Start Input for Next Load Case
                11:45: 2: 4  case no= 1207 seq. no=  60 idynl= 0
                11:45: 2: 4  LOADEND ISLAVE                                   0
                11:45: 2: 5  Start Input for Next Load Case
                11:45: 2: 5  case no= 1208 seq. no=  61 idynl= 0
                11:45: 2: 6  LOADEND ISLAVE                                   0
                11:45: 2: 6  Start Input for Next Load Case
                11:45: 2: 6  case no= 2101 seq. no=  62 idynl= 0
                11:45: 2: 7  LOADEND ISLAVE                                   0
                11:45: 2: 7  Start Input for Next Load Case
                11:45: 2: 8  case no= 2102 seq. no=  63 idynl= 0
                11:45: 2: 8  LOADEND ISLAVE                                   0
                11:45: 2: 9  Start Input for Next Load Case
                11:45: 2: 9  case no= 2103 seq. no=  64 idynl= 0
                11:45: 2: 9  LOADEND ISLAVE                                   0
                11:45: 2:10  Start Input for Next Load Case
                11:45: 2:10  case no= 2104 seq. no=  65 idynl= 0
                11:45: 2:11  LOADEND ISLAVE                                   0
                11:45: 2:11  Start Input for Next Load Case
                11:45: 2:12  case no= 2105 seq. no=  66 idynl= 0
                11:45: 2:12  LOADEND ISLAVE                                   0
                11:45: 2:13  Start Input for Next Load Case
                11:45: 2:13  case no= 2106 seq. no=  67 idynl= 0
                11:45: 2:14  LOADEND ISLAVE                                   0
                11:45: 2:14  Start Input for Next Load Case
                11:45: 2:14  case no= 2107 seq. no=  68 idynl= 0
                11:45: 2:15  LOADEND ISLAVE                                   0
                11:45: 2:16  Start Input for Next Load Case
                11:45: 2:16  case no= 2108 seq. no=  69 idynl= 0
                11:45: 2:16  LOADEND ISLAVE                                   0
                11:45: 2:17  Start Input for Next Load Case
                11:45: 2:17  case no= 3001 seq. no=  70 idynl= 0
                11:45: 2:18  LOADEND ISLAVE                                   0
                11:45: 2:18  Start Input for Next Load Case
                11:45: 2:19  case no= 3002 seq. no=  71 idynl= 0
                11:45: 2:19  LOADEND ISLAVE                                   0
                11:45: 2:20  Start Input for Next Load Case
                11:45: 2:20  case no= 3003 seq. no=  72 idynl= 0
                11:45: 2:21  LOADEND ISLAVE                                   0
                11:45: 2:21  Start Input for Next Load Case
                11:45: 2:21  case no= 3004 seq. no=  73 idynl= 0
                11:45: 2:22  LOADEND ISLAVE                                   0
                11:45: 2:22  Start Input for Next Load Case
                11:45: 2:23  case no= 3005 seq. no=  74 idynl= 0
                11:45: 2:23  LOADEND ISLAVE                                   0
                11:45: 2:24  Start Input for Next Load Case
                11:45: 2:24  case no= 3006 seq. no=  75 idynl= 0
                11:45: 2:25  LOADEND ISLAVE                                   0
                11:45: 2:25  Start Input for Next Load Case
                11:45: 2:25  case no= 3007 seq. no=  76 idynl= 0
                11:45: 2:26  LOADEND ISLAVE                                   0
                11:45: 2:26  Start Input for Next Load Case
                11:45: 2:27  case no= 3008 seq. no=  77 idynl= 0
                11:45: 2:27  LOADEND ISLAVE                                   0
                11:45: 2:28  Start Input for Next Load Case
                11:45: 2:28  case no= 3011 seq. no=  78 idynl= 0
                11:45: 2:29  LOADEND ISLAVE                                   0
                11:45: 2:29  Start Input for Next Load Case
                11:45: 2:29  case no= 3012 seq. no=  79 idynl= 0
                11:45: 2:30  LOADEND ISLAVE                                   0
                11:45: 2:30  Start Input for Next Load Case
                11:45: 2:31  case no= 3013 seq. no=  80 idynl= 0
                11:45: 2:31  LOADEND ISLAVE                                   0
                11:45: 2:32  Start Input for Next Load Case
                11:45: 2:32  case no= 3014 seq. no=  81 idynl= 0
                11:45: 2:33  LOADEND ISLAVE                                   0
                11:45: 2:33  Start Input for Next Load Case
                11:45: 2:33  case no= 3015 seq. no=  82 idynl= 0
                11:45: 2:34  LOADEND ISLAVE                                   0
                11:45: 2:34  Start Input for Next Load Case
                11:45: 2:35  case no= 3016 seq. no=  83 idynl= 0
                11:45: 2:36  LOADEND ISLAVE                                   0
                11:45: 2:36  Start Input for Next Load Case
                11:45: 2:37  case no= 3017 seq. no=  84 idynl= 0
                11:45: 2:37  LOADEND ISLAVE                                   0
                11:45: 2:38  Start Input for Next Load Case
                11:45: 2:38  case no= 3018 seq. no=  85 idynl= 0
                11:45: 2:38  LOADEND ISLAVE                                   0
                11:45: 2:39  Start Input for Next Load Case
                11:45: 2:39  case no= 3021 seq. no=  86 idynl= 0
                11:45: 2:40  LOADEND ISLAVE                                   0
                11:45: 2:40  Start Input for Next Load Case
                11:45: 2:41  case no= 3022 seq. no=  87 idynl= 0
                11:45: 2:41  LOADEND ISLAVE                                   0
                11:45: 2:42  Start Input for Next Load Case
                11:45: 2:42  case no= 3023 seq. no=  88 idynl= 0
                11:45: 2:43  LOADEND ISLAVE                                   0
                11:45: 2:44  Start Input for Next Load Case
                11:45: 2:44  case no= 3024 seq. no=  89 idynl= 0
                11:45: 2:44  LOADEND ISLAVE                                   0
                11:45: 2:45  Start Input for Next Load Case
                11:45: 2:45  case no= 3025 seq. no=  90 idynl= 0
                11:45: 2:46  LOADEND ISLAVE                                   0
                11:45: 2:46  Start Input for Next Load Case
                11:45: 2:46  case no= 3026 seq. no=  91 idynl= 0
                11:45: 2:47  LOADEND ISLAVE                                   0
                11:45: 2:47  Start Input for Next Load Case
                11:45: 2:48  case no= 3027 seq. no=  92 idynl= 0
                11:45: 2:48  LOADEND ISLAVE                                   0
                11:45: 2:49  Start Input for Next Load Case
                11:45: 2:49  case no= 3028 seq. no=  93 idynl= 0
                11:45: 2:49  LOADEND ISLAVE                                   0
                11:45: 2:50  Start Input for Next Load Case
                11:45: 2:50  case no= 3201 seq. no=  94 idynl= 0
                11:45: 2:51  LOADEND ISLAVE                                   0
                11:45: 2:51  Start Input for Next Load Case
                11:45: 2:52  case no= 3202 seq. no=  95 idynl= 0
                11:45: 2:52  LOADEND ISLAVE                                   0
                11:45: 2:52  Start Input for Next Load Case
                11:45: 2:53  case no= 3203 seq. no=  96 idynl= 0
                11:45: 2:53  LOADEND ISLAVE                                   0
                11:45: 2:54  Start Input for Next Load Case
                11:45: 2:54  case no= 3204 seq. no=  97 idynl= 0
                11:45: 2:55  LOADEND ISLAVE                                   0
                11:45: 2:55  Start Input for Next Load Case
                11:45: 2:56  case no= 3205 seq. no=  98 idynl= 0
                11:45: 2:56  LOADEND ISLAVE                                   0
                11:45: 2:56  Start Input for Next Load Case
                11:45: 2:57  case no= 3206 seq. no=  99 idynl= 0
                11:45: 2:57  LOADEND ISLAVE                                   0
                11:45: 2:58  Start Input for Next Load Case
                11:45: 2:58  case no= 3207 seq. no= 100 idynl= 0
                11:45: 2:59  LOADEND ISLAVE                                   0
                11:45: 2:59  Start Input for Next Load Case
                11:45: 2:59  case no= 3208 seq. no= 101 idynl= 0
                11:45: 2:60  LOADEND ISLAVE                                   0
                11:45: 2:60  NVPREV                                           0
                11:45: 2:61  AMAXNON                               1.279528E-01
                11:45: 2:61  IRECSIZL=                                     4000
                11:45: 2:62  MTX BLOCKSIZE=                                  96
                11:45: 2:62  MI=                                             96
                11:45: 2:63  NORECL=                                          1
                11:45: 2:63  NORECL1=                                         1
                11:45: 2:63  IWORD=                                       32000
                11:45: 2:64  JRECSIZE=                                     4000
                11:45: 2:64  IWORDJ=                                      32000
                11:45: 2:65  IBYTE=                                           4
                11:45: 2:65  JOINTS=                                         17
                11:45: 2:66  MEMBERS=                                        17
                11:45: 2:66  PLATES =                                         0
                11:45: 2:67  SOLIDS =                                         0
                11:45: 2:67  NO. OF EQUATIONS=                               96
                11:45: 2:68  idyn=                                            0
                11:45: 2:68  ipd=                                             0
                11:45: 2:69  icablanl=                                        0
                11:45: 2:69  ++ Processing Element Stiffness Matrix.
                11:45: 2:70  NV1                                            101
                11:45: 2:82  ++ Calculating Element Forces & Reactions.
                11:45: 3:30  COMBINATION CASES=                               0
                11:45: 3:30  MAX CM MEMORY (KILOWORDS)                       35
                11:45: 3:31  AFTER SOLVER 1
                11:45: 3:32  REOPEN AS SEQ                                    0
                11:45: 3:32  DEFINE ENVELOPE
                11:45: 3:34  LOAD LIST 1101 TO 110
                11:45: 3:34  PARAMETER 1
                11:45: 3:34  CHECK CODE ALL
                11:45: 3:35  ENTERING SECTNM110 IQ=                          17
                11:45: 3:35               NSEC=                              11
                11:45: 3:36             ISECTN=                               0
                11:45: 3:38  SECTNM110 DO 925
                11:45: 3:41  ENTERING ENVLP1 ITYP1=                          -3
                11:45: 3:41  SECT DISPLACE
                11:45: 3:44  Steel/Alum/Timber Design                        52
                11:45: 3:45    ++ Finished Design ...
                11:45: 3:45  Steel/Timber Design exit
                11:45: 3:46  LOAD LIST 2101 TO 210
                11:45: 3:46  PARAMETER 1
                11:45: 3:47  CHECK CODE ALL
                11:45: 3:48  ENTERING ENVLP1 ITYP1=                          -3
                11:45: 3:48  SECT DISPLACE
                11:45: 3:51  Steel/Alum/Timber Design                        52
                11:45: 3:52    ++ Finished Design ...
                11:45: 3:52  Steel/Timber Design exit
                11:45: 3:53  LOAD LIST ENV 4 TO 7
                11:45: 3:53  PARAMETER 1
                11:45: 3:54  CHECK CODE ALL
                11:45: 3:54  ENTERING ENVLP1 ITYP1=                          -3
                11:45: 3:54  SECT DISPLACE
                11:45: 3:58  Steel/Alum/Timber Design                        52
                11:45: 3:60    ++ Finished Design ...
                11:45: 3:60  Steel/Timber Design exit
                11:45: 3:60  PRINT JOINT DISPLACEM
                11:45: 3:61  DRAW ISOM JOIN MEMB
                11:45: 3:61  ENTERING SECTNM110 IQ=                          17
                11:45: 3:62               NSEC=                              11
                11:45: 3:62             ISECTN=                               0
                11:45: 3:65  SECTNM110 DO 925
                11:45: 3:67  PRINT SUPPORT REACTIO
                11:45: 3:67  DRAW ISOM SUPP PROP
                11:45: 3:68  ENTERING SECTNM110 IQ=                          17
                11:45: 3:68               NSEC=                              11
                11:45: 3:69             ISECTN=                               0
                11:45: 3:71  SECTNM110 DO 925
                11:45: 3:74  DRAW ISOM SHAP
                11:45: 3:74  ENTERING SECTNM110 IQ=                          17
                11:45: 3:74               NSEC=                              11
                11:45: 3:75             ISECTN=                               0
                11:45: 3:78  SECTNM110 DO 925
                11:45: 3:80  PRINT CG
                11:45: 3:80  FINISH
                11:45: 3:81  All Commands FINISHed
                11:45: 3:82  DATASAVE for SPRO GUI
                11:45: 3:83  ++ Creating Displacement File (DSP)...
                11:45: 3:85  ++ Creating Reaction File (REA)...
                11:45: 3:85  ++ Creating Section Force File (BMD)...
                11:45: 3:88  ++ Creating Section Displace File (SEC)...
                11:45: 3:88  ENTERING ENVLP1 ITYP1=                          -5
                11:45: 3:89  SECT DISPLACE
                11:45: 3:93  ++ Creating Section Displace File (SCN)...
                11:45: 3:96  ++ Creating Design information File (DGN)...
                11:45: 3:96  ALLOCATED CM MEMORY (KILOWORDS)             300000
                11:45: 3:97  MAX CM MEMORY (KILOWORDS)                       95
                11:45: 3:98  DBS LONG SEC NAME
* End Of Analysis At Tue Jul 23 11:45:03 2024
* CPU usage = 3.304000
* STAAD Exit Code: 100, Warning Count: 0, Error Count: 0, Duration: 3.304
1 0 0 3.304
****************************************************************************
*                            END OF ANALYSIS                               *
****************************************************************************
