09/26/2024 15:07:27	Reading UID database.
09/26/2024 15:07:27	Start loading STAAD model.
09/26/2024 15:07:27	Reading model file.
09/26/2024 15:07:27	Reading model file is complete.
09/26/2024 15:07:27	Processing support.
09/26/2024 15:07:27	Processing springs.
09/26/2024 15:07:27	Processing properties.
09/26/2024 15:07:27	Processing physical properties.
09/26/2024 15:07:27	Processing constants.
09/26/2024 15:07:27	Processing BETA constants.
09/26/2024 15:07:27	Processing hidden analytical member loads.
09/26/2024 15:07:27	Processing command list for member release.
09/26/2024 15:07:27	Processing command list for member offset.
09/26/2024 15:07:27	Processing command list for member specs (cracked).
09/26/2024 15:07:27	Processing command list for member specs (axial).
09/26/2024 15:07:27	Processing command list for element release.
09/26/2024 15:07:27	Processing command list for element offset.
09/26/2024 15:07:27	Processing command list for element plate stress directive.
09/26/2024 15:07:27	Processing parameter for Chinese wind load case.
09/26/2024 15:07:27	End Processing command list.
09/26/2024 15:07:27	End loading STAAD model.
09/26/2024 15:07:28	Start Post Analysis method
09/26/2024 15:07:28	Removed all hidden plates from surfaces
09/26/2024 15:07:28	Removed all hidden plates
09/26/2024 15:07:28	Removed all hidden nodes
09/26/2024 15:07:28	Loading results from MSH file...
09/26/2024 15:07:28	Building result indices...
09/26/2024 15:07:28	Loading plate stress results...
09/26/2024 15:07:28	Set analysis report setup data
09/26/2024 15:07:28	Starting page setup...
09/26/2024 15:07:28	Page setup completed
09/26/2024 15:07:28	Setting available workflows...
09/26/2024 15:07:28	Post analysis method ends
09/26/2024 15:07:45	Start Post Analysis method
09/26/2024 15:07:45	Removed all hidden plates from surfaces
09/26/2024 15:07:45	Removed all hidden plates
09/26/2024 15:07:45	Removed all hidden nodes
09/26/2024 15:07:45	Loading results from MSH file...
09/26/2024 15:07:45	Building result indices...
09/26/2024 15:07:45	Loading plate stress results...
09/26/2024 15:07:45	Set analysis report setup data
09/26/2024 15:07:45	Starting page setup...
09/26/2024 15:07:45	Page setup completed
09/26/2024 15:07:45	Setting available workflows...
09/26/2024 15:07:45	Post analysis method ends
09/26/2024 15:10:15	Reading UID database.
09/26/2024 15:10:15	Start loading STAAD model.
09/26/2024 15:10:15	Reading model file.
09/26/2024 15:10:15	Reading model file is complete.
09/26/2024 15:10:15	Processing support.
09/26/2024 15:10:15	Processing springs.
09/26/2024 15:10:15	Processing properties.
09/26/2024 15:10:15	Processing physical properties.
09/26/2024 15:10:15	Processing constants.
09/26/2024 15:10:15	Processing BETA constants.
09/26/2024 15:10:15	Processing hidden analytical member loads.
09/26/2024 15:10:15	Processing command list for member release.
09/26/2024 15:10:15	Processing command list for member offset.
09/26/2024 15:10:15	Processing command list for member specs (cracked).
09/26/2024 15:10:15	Processing command list for member specs (axial).
09/26/2024 15:10:15	Processing command list for element release.
09/26/2024 15:10:15	Processing command list for element offset.
09/26/2024 15:10:15	Processing command list for element plate stress directive.
09/26/2024 15:10:15	Processing parameter for Chinese wind load case.
09/26/2024 15:10:15	End Processing command list.
09/26/2024 15:10:15	End loading STAAD model.
09/26/2024 15:10:15	Start Post Analysis method
09/26/2024 15:10:15	Removed all hidden plates from surfaces
09/26/2024 15:10:15	Removed all hidden plates
09/26/2024 15:10:15	Removed all hidden nodes
09/26/2024 15:10:15	Loading results from MSH file...
09/26/2024 15:10:15	Building result indices...
09/26/2024 15:10:15	Loading plate stress results...
09/26/2024 15:10:15	Set analysis report setup data
09/26/2024 15:10:15	Starting page setup...
09/26/2024 15:10:15	Page setup completed
09/26/2024 15:10:15	Setting available workflows...
09/26/2024 15:10:15	Post analysis method ends
09/26/2024 15:10:54	Start Post Analysis method
09/26/2024 15:10:54	Removed all hidden plates from surfaces
09/26/2024 15:10:54	Removed all hidden plates
09/26/2024 15:10:54	Removed all hidden nodes
09/26/2024 15:10:54	Loading results from MSH file...
09/26/2024 15:10:54	Building result indices...
09/26/2024 15:10:54	Loading plate stress results...
09/26/2024 15:10:54	Set analysis report setup data
09/26/2024 15:10:54	Starting page setup...
09/26/2024 15:10:54	Page setup completed
09/26/2024 15:10:54	Setting available workflows...
09/26/2024 15:10:54	Post analysis method ends
09/26/2024 15:11:44	Start Post Analysis method
09/26/2024 15:11:44	Removed all hidden plates from surfaces
09/26/2024 15:11:44	Removed all hidden plates
09/26/2024 15:11:44	Removed all hidden nodes
09/26/2024 15:11:44	Loading results from MSH file...
09/26/2024 15:11:44	Building result indices...
09/26/2024 15:11:44	Loading plate stress results...
09/26/2024 15:11:44	Set analysis report setup data
09/26/2024 15:11:44	Starting page setup...
09/26/2024 15:11:44	Page setup completed
09/26/2024 15:11:44	Setting available workflows...
09/26/2024 15:11:44	Post analysis method ends
09/26/2024 15:19:22	Start Post Analysis method
09/26/2024 15:19:22	Removed all hidden plates from surfaces
09/26/2024 15:19:22	Removed all hidden plates
09/26/2024 15:19:22	Removed all hidden nodes
09/26/2024 15:19:22	Loading results from MSH file...
09/26/2024 15:19:22	Building result indices...
09/26/2024 15:19:22	Loading plate stress results...
09/26/2024 15:19:22	Set analysis report setup data
09/26/2024 15:19:22	Starting page setup...
09/26/2024 15:19:22	Page setup completed
09/26/2024 15:19:22	Setting available workflows...
09/26/2024 15:19:22	Post analysis method ends
09/26/2024 15:23:21	Reading UID database.
09/26/2024 15:23:21	Start loading STAAD model.
09/26/2024 15:23:21	Reading model file.
09/26/2024 15:23:21	Reading model file is complete.
09/26/2024 15:23:21	Processing support.
09/26/2024 15:23:21	Processing springs.
09/26/2024 15:23:21	Processing properties.
09/26/2024 15:23:21	Processing physical properties.
09/26/2024 15:23:21	Processing constants.
09/26/2024 15:23:21	Processing BETA constants.
09/26/2024 15:23:21	Processing hidden analytical member loads.
09/26/2024 15:23:21	Processing command list for member release.
09/26/2024 15:23:21	Processing command list for member offset.
09/26/2024 15:23:21	Processing command list for member specs (cracked).
09/26/2024 15:23:21	Processing command list for member specs (axial).
09/26/2024 15:23:21	Processing command list for element release.
09/26/2024 15:23:21	Processing command list for element offset.
09/26/2024 15:23:21	Processing command list for element plate stress directive.
09/26/2024 15:23:21	Processing parameter for Chinese wind load case.
09/26/2024 15:23:21	End Processing command list.
09/26/2024 15:23:21	End loading STAAD model.
09/26/2024 15:23:21	Start Post Analysis method
09/26/2024 15:23:21	Removed all hidden plates from surfaces
09/26/2024 15:23:21	Removed all hidden plates
09/26/2024 15:23:21	Removed all hidden nodes
09/26/2024 15:23:21	Loading results from MSH file...
09/26/2024 15:23:21	Building result indices...
09/26/2024 15:23:21	Loading plate stress results...
09/26/2024 15:23:21	Set analysis report setup data
09/26/2024 15:23:21	Starting page setup...
09/26/2024 15:23:21	Page setup completed
09/26/2024 15:23:21	Setting available workflows...
09/26/2024 15:23:21	Post analysis method ends
09/26/2024 15:24:13	Start Post Analysis method
09/26/2024 15:24:13	Removed all hidden plates from surfaces
09/26/2024 15:24:13	Removed all hidden plates
09/26/2024 15:24:13	Removed all hidden nodes
09/26/2024 15:24:13	Loading results from MSH file...
09/26/2024 15:24:13	Building result indices...
09/26/2024 15:24:13	Loading plate stress results...
09/26/2024 15:24:13	Set analysis report setup data
09/26/2024 15:24:13	Starting page setup...
09/26/2024 15:24:13	Page setup completed
09/26/2024 15:24:13	Setting available workflows...
09/26/2024 15:24:13	Post analysis method ends
09/26/2024 15:43:48	Reading UID database.
09/26/2024 15:43:48	Start loading STAAD model.
09/26/2024 15:43:48	Reading model file.
09/26/2024 15:43:48	Reading model file is complete.
09/26/2024 15:43:48	Processing support.
09/26/2024 15:43:48	Processing springs.
09/26/2024 15:43:48	Processing properties.
09/26/2024 15:43:48	Processing physical properties.
09/26/2024 15:43:48	Processing constants.
09/26/2024 15:43:48	Processing BETA constants.
09/26/2024 15:43:48	Processing hidden analytical member loads.
09/26/2024 15:43:48	Processing command list for member release.
09/26/2024 15:43:48	Processing command list for member offset.
09/26/2024 15:43:48	Processing command list for member specs (cracked).
09/26/2024 15:43:48	Processing command list for member specs (axial).
09/26/2024 15:43:48	Processing command list for element release.
09/26/2024 15:43:48	Processing command list for element offset.
09/26/2024 15:43:48	Processing command list for element plate stress directive.
09/26/2024 15:43:48	Processing parameter for Chinese wind load case.
09/26/2024 15:43:48	End Processing command list.
09/26/2024 15:43:48	End loading STAAD model.
09/26/2024 15:43:48	Start Post Analysis method
09/26/2024 15:43:48	Removed all hidden plates from surfaces
09/26/2024 15:43:48	Removed all hidden plates
09/26/2024 15:43:48	Removed all hidden nodes
09/26/2024 15:43:48	Loading results from MSH file...
09/26/2024 15:43:48	Building result indices...
09/26/2024 15:43:48	Loading plate stress results...
09/26/2024 15:43:48	Set analysis report setup data
09/26/2024 15:43:49	Starting page setup...
09/26/2024 15:43:49	Page setup completed
09/26/2024 15:43:49	Setting available workflows...
09/26/2024 15:43:49	Post analysis method ends
09/26/2024 15:44:03	Start Post Analysis method
09/26/2024 15:44:03	Removed all hidden plates from surfaces
09/26/2024 15:44:03	Removed all hidden plates
09/26/2024 15:44:03	Removed all hidden nodes
09/26/2024 15:44:03	Loading results from MSH file...
09/26/2024 15:44:03	Building result indices...
09/26/2024 15:44:03	Loading plate stress results...
09/26/2024 15:44:03	Set analysis report setup data
09/26/2024 15:44:03	Starting page setup...
09/26/2024 15:44:03	Page setup completed
09/26/2024 15:44:03	Setting available workflows...
09/26/2024 15:44:03	Post analysis method ends
09/26/2024 15:44:24	Start Post Analysis method
09/26/2024 15:44:24	Removed all hidden plates from surfaces
09/26/2024 15:44:24	Removed all hidden plates
09/26/2024 15:44:24	Removed all hidden nodes
09/26/2024 15:44:24	Loading results from MSH file...
09/26/2024 15:44:24	Building result indices...
09/26/2024 15:44:24	Loading plate stress results...
09/26/2024 15:44:24	Set analysis report setup data
09/26/2024 15:44:24	Starting page setup...
09/26/2024 15:44:24	Page setup completed
09/26/2024 15:44:24	Setting available workflows...
09/26/2024 15:44:24	Post analysis method ends
