11:38:39	Initializing STAAD Engine
11:38:39	Run stream set up is complete.
11:38:39	Initialize license libraries.
11:38:39	License libraries initialized.
11:38:39	Starting license(s) for A & D engine.
11:38:40	License Status: Ok
11:38:40	License information set up is complete.
****************************************************************************
*                            START OF ANALYSIS                             *
****************************************************************************
* Initiating Analysis At Thu Jul 11 11:38:40 2024
                          PROGRAM: STAAD.Pro
                          VERSION: 23.00.01.25
                11:38:40:54  ENTERING STAAD
                11:38:40:57  USING 64 BIT STAAD ENGINE
                11:38:40:57  ENTERING MAINN
                11:38:40:58  START JOB INFORMATION
                11:38:40:58  INPUT WIDTH 79
                11:38:40:58  UNIT MMS KN
                11:38:40:59  JOINT COORDINATES
                11:38:40:59  ENTERING JOINTC
                11:38:40:60  JOINTC NEWJ                                 400000
                11:38:40:60  MAX NODE NO.                                    14
                11:38:40:61  MEMBER INCIDENCES
                11:38:40:61  UNIT METER KN
                11:38:40:62  DEFINE MATERIAL START
                11:38:40:62  UNIT MMS KN
                11:38:40:62  MEMBER PROPERTY EUROP
                11:38:41: 8    ++ Finished Reading Member Properties ...
                11:38:41: 8  CONSTANTS
                11:38:41: 9  SUPPORTS
                11:38:41:10  ENTERING SUPPORT
                11:38:41:10  MEMBER OFFSET
                11:38:41:10  DEFINE WIND LOAD
                11:38:41:11  LOAD 121 LOADTYPE DEA
                11:38:41:11  DUPLICATE ELEMENT CHECK
                11:38:41:12  CHECKING STRUCTURAL INTEGRITY
                11:38:41:12  CHECK UNCONNECTED JOINTS AND
                11:38:41:13  CALCULATE MAX JOINT CONNECTIVITY
                11:38:41:13  CHECK MULTIPLE STRUCTURES
                11:38:41:13  ENTERING SUPPORT
                11:38:41:14  NRJOLD                                           0
                11:38:41:14  SUPPORT NOLD                                     0
                11:38:41:15  SUPPORT N                                       60
                11:38:41:15  BEFORE LOADPR
                11:38:41:16  REOPEN AS DIR                                    0
                11:38:41:16  ENTER LOADPR
                11:38:41:28  PERFORM ANALYSIS PRIN
                11:38:41:28  pdel iter                                        0
                11:38:41:28  MAXIMUM E =                           2.973273E+04
                11:38:41:29  MINIMUM E =                           2.973273E+04
                11:38:41:29  MBW DOF BAND=                                    1
                11:38:41:30  NUMBER OF PRIMARY CASES                        101
                11:38:41:30  NUMBER OF CASES                                252
                11:38:41:30  #OF CASES W/ELEM INMEMORY                      252
                11:38:41:31  MEMORY FOR MEMBER LOADS                      42336
                11:38:41:31  MEMORY FOR DISPLACEMENTS                     21168
                11:38:41:32  MEMORY FOR MEMBER FORCES                     42336
                11:38:41:32  Using 64-bit analysis engine
                11:38:41:33  BEFORE SOLVER 1
                11:38:41:33  Start Input for Next Load Case
                11:38:41:33  case no=  121 seq. no=   1 idynl= 0
                11:38:41:34  MASSSET                                          0
                11:38:41:34  LOADEND ISLAVE                                   0
                11:38:41:35  Start Input for Next Load Case
                11:38:41:35  case no=  201 seq. no=   2 idynl= 0
                11:38:41:36  LOADEND ISLAVE                                   0
                11:38:41:36  Start Input for Next Load Case
                11:38:41:37  case no=  202 seq. no=   3 idynl= 0
                11:38:41:37  LOADEND ISLAVE                                   0
                11:38:41:37  Start Input for Next Load Case
                11:38:41:38  case no=  203 seq. no=   4 idynl= 0
                11:38:41:38  LOADEND ISLAVE                                   0
                11:38:41:39  Start Input for Next Load Case
                11:38:41:39  case no=  204 seq. no=   5 idynl= 0
                11:38:41:40  LOADEND ISLAVE                                   0
                11:38:41:40  Start Input for Next Load Case
                11:38:41:40  case no=  205 seq. no=   6 idynl= 0
                11:38:41:41  LOADEND ISLAVE                                   0
                11:38:41:41  Start Input for Next Load Case
                11:38:41:42  case no=  206 seq. no=   7 idynl= 0
                11:38:41:42  LOADEND ISLAVE                                   0
                11:38:41:42  Start Input for Next Load Case
                11:38:41:43  case no=  207 seq. no=   8 idynl= 0
                11:38:41:43  LOADEND ISLAVE                                   0
                11:38:41:44  Start Input for Next Load Case
                11:38:41:44  case no=  208 seq. no=   9 idynl= 0
                11:38:41:44  LOADEND ISLAVE                                   0
                11:38:41:45  Start Input for Next Load Case
                11:38:41:45  case no=  312 seq. no=  10 idynl= 0
                11:38:41:46  LOADEND ISLAVE                                   0
                11:38:41:46  Start Input for Next Load Case
                11:38:41:47  case no=  313 seq. no=  11 idynl= 0
                11:38:41:47  LOADEND ISLAVE                                   0
                11:38:41:47  Start Input for Next Load Case
                11:38:41:48  case no=  314 seq. no=  12 idynl= 0
                11:38:41:48  LOADEND ISLAVE                                   0
                11:38:41:49  Start Input for Next Load Case
                11:38:41:49  case no=  315 seq. no=  13 idynl= 0
                11:38:41:49  LOADEND ISLAVE                                   0
                11:38:41:50  Start Input for Next Load Case
                11:38:41:50  case no=  322 seq. no=  14 idynl= 0
                11:38:41:51  LOADEND ISLAVE                                   0
                11:38:41:51  Start Input for Next Load Case
                11:38:41:51  case no=  323 seq. no=  15 idynl= 0
                11:38:41:52  LOADEND ISLAVE                                   0
                11:38:41:52  Start Input for Next Load Case
                11:38:41:53  case no=  324 seq. no=  16 idynl= 0
                11:38:41:53  LOADEND ISLAVE                                   0
                11:38:41:53  Start Input for Next Load Case
                11:38:41:54  case no=  325 seq. no=  17 idynl= 0
                11:38:41:54  LOADEND ISLAVE                                   0
                11:38:41:55  Start Input for Next Load Case
                11:38:41:55  case no=  332 seq. no=  18 idynl= 0
                11:38:41:55  LOADEND ISLAVE                                   0
                11:38:41:56  Start Input for Next Load Case
                11:38:41:56  case no=  333 seq. no=  19 idynl= 0
                11:38:41:57  LOADEND ISLAVE                                   0
                11:38:41:57  Start Input for Next Load Case
                11:38:41:57  case no=  334 seq. no=  20 idynl= 0
                11:38:41:58  LOADEND ISLAVE                                   0
                11:38:41:58  Start Input for Next Load Case
                11:38:41:59  case no=  335 seq. no=  21 idynl= 0
                11:38:41:59  LOADEND ISLAVE                                   0
                11:38:41:59  Start Input for Next Load Case
                11:38:41:60  case no=  411 seq. no=  22 idynl= 0
                11:38:41:60  LOADEND ISLAVE                                   0
                11:38:41:61  Start Input for Next Load Case
                11:38:41:61  case no=  412 seq. no=  23 idynl= 0
                11:38:41:62  LOADEND ISLAVE                                   0
                11:38:41:62  Start Input for Next Load Case
                11:38:41:62  case no=  413 seq. no=  24 idynl= 0
                11:38:41:63  LOADEND ISLAVE                                   0
                11:38:41:63  Start Input for Next Load Case
                11:38:41:64  case no=  414 seq. no=  25 idynl= 0
                11:38:41:64  LOADEND ISLAVE                                   0
                11:38:41:65  Start Input for Next Load Case
                11:38:41:65  case no=  415 seq. no=  26 idynl= 0
                11:38:41:65  LOADEND ISLAVE                                   0
                11:38:41:66  Start Input for Next Load Case
                11:38:41:66  case no=  416 seq. no=  27 idynl= 0
                11:38:41:67  LOADEND ISLAVE                                   0
                11:38:41:67  Start Input for Next Load Case
                11:38:41:67  case no=  417 seq. no=  28 idynl= 0
                11:38:41:68  LOADEND ISLAVE                                   0
                11:38:41:68  Start Input for Next Load Case
                11:38:41:69  case no=  418 seq. no=  29 idynl= 0
                11:38:41:69  LOADEND ISLAVE                                   0
                11:38:41:70  Start Input for Next Load Case
                11:38:41:70  case no=  421 seq. no=  30 idynl= 0
                11:38:41:70  LOADEND ISLAVE                                   0
                11:38:41:71  Start Input for Next Load Case
                11:38:41:71  case no=  422 seq. no=  31 idynl= 0
                11:38:41:72  LOADEND ISLAVE                                   0
                11:38:41:72  Start Input for Next Load Case
                11:38:41:72  case no=  423 seq. no=  32 idynl= 0
                11:38:41:73  LOADEND ISLAVE                                   0
                11:38:41:73  Start Input for Next Load Case
                11:38:41:74  case no=  424 seq. no=  33 idynl= 0
                11:38:41:74  LOADEND ISLAVE                                   0
                11:38:41:74  Start Input for Next Load Case
                11:38:41:75  case no=  425 seq. no=  34 idynl= 0
                11:38:41:75  LOADEND ISLAVE                                   0
                11:38:41:76  Start Input for Next Load Case
                11:38:41:76  case no=  426 seq. no=  35 idynl= 0
                11:38:41:76  LOADEND ISLAVE                                   0
                11:38:41:77  Start Input for Next Load Case
                11:38:41:77  case no=  427 seq. no=  36 idynl= 0
                11:38:41:78  LOADEND ISLAVE                                   0
                11:38:41:78  Start Input for Next Load Case
                11:38:41:79  case no=  428 seq. no=  37 idynl= 0
                11:38:41:79  LOADEND ISLAVE                                   0
                11:38:41:79  Start Input for Next Load Case
                11:38:41:80  case no=  711 seq. no=  38 idynl= 0
                11:38:41:80  LOADEND ISLAVE                                   0
                11:38:41:81  Start Input for Next Load Case
                11:38:41:81  case no=  712 seq. no=  39 idynl= 0
                11:38:41:81  LOADEND ISLAVE                                   0
                11:38:41:82  Start Input for Next Load Case
                11:38:41:82  case no=  713 seq. no=  40 idynl= 0
                11:38:41:83  LOADEND ISLAVE                                   0
                11:38:41:83  Start Input for Next Load Case
                11:38:41:84  case no=  714 seq. no=  41 idynl= 0
                11:38:41:84  LOADEND ISLAVE                                   0
                11:38:41:85  Start Input for Next Load Case
                11:38:41:85  case no=  715 seq. no=  42 idynl= 0
                11:38:41:86  LOADEND ISLAVE                                   0
                11:38:41:86  Start Input for Next Load Case
                11:38:41:87  case no=  716 seq. no=  43 idynl= 0
                11:38:41:87  LOADEND ISLAVE                                   0
                11:38:41:87  Start Input for Next Load Case
                11:38:41:88  case no=  717 seq. no=  44 idynl= 0
                11:38:41:88  LOADEND ISLAVE                                   0
                11:38:41:89  Start Input for Next Load Case
                11:38:41:89  case no=  718 seq. no=  45 idynl= 0
                11:38:41:90  LOADEND ISLAVE                                   0
                11:38:41:90  Start Input for Next Load Case
                11:38:41:90  case no= 1101 seq. no=  46 idynl= 0
                11:38:41:91  LOADEND ISLAVE                                   0
                11:38:41:91  Start Input for Next Load Case
                11:38:41:92  case no= 1102 seq. no=  47 idynl= 0
                11:38:41:92  LOADEND ISLAVE                                   0
                11:38:41:93  Start Input for Next Load Case
                11:38:41:93  case no= 1103 seq. no=  48 idynl= 0
                11:38:41:93  LOADEND ISLAVE                                   0
                11:38:41:94  Start Input for Next Load Case
                11:38:41:94  case no= 1104 seq. no=  49 idynl= 0
                11:38:41:95  LOADEND ISLAVE                                   0
                11:38:41:95  Start Input for Next Load Case
                11:38:41:95  case no= 1105 seq. no=  50 idynl= 0
                11:38:41:96  LOADEND ISLAVE                                   0
                11:38:41:96  Start Input for Next Load Case
                11:38:41:97  case no= 1106 seq. no=  51 idynl= 0
                11:38:41:97  LOADEND ISLAVE                                   0
                11:38:41:98  Start Input for Next Load Case
                11:38:41:98  case no= 1107 seq. no=  52 idynl= 0
                11:38:41:98  LOADEND ISLAVE                                   0
                11:38:41:99  Start Input for Next Load Case
                11:38:41:99  case no= 1108 seq. no=  53 idynl= 0
                11:38:42: 0  LOADEND ISLAVE                                   0
                11:38:42: 0  Start Input for Next Load Case
                11:38:42: 0  case no= 1201 seq. no=  54 idynl= 0
                11:38:42: 1  LOADEND ISLAVE                                   0
                11:38:42: 1  Start Input for Next Load Case
                11:38:42: 2  case no= 1202 seq. no=  55 idynl= 0
                11:38:42: 2  LOADEND ISLAVE                                   0
                11:38:42: 3  Start Input for Next Load Case
                11:38:42: 3  case no= 1203 seq. no=  56 idynl= 0
                11:38:42: 3  LOADEND ISLAVE                                   0
                11:38:42: 4  Start Input for Next Load Case
                11:38:42: 5  case no= 1204 seq. no=  57 idynl= 0
                11:38:42: 5  LOADEND ISLAVE                                   0
                11:38:42: 6  Start Input for Next Load Case
                11:38:42: 6  case no= 1205 seq. no=  58 idynl= 0
                11:38:42: 7  LOADEND ISLAVE                                   0
                11:38:42: 7  Start Input for Next Load Case
                11:38:42: 7  case no= 1206 seq. no=  59 idynl= 0
                11:38:42: 8  LOADEND ISLAVE                                   0
                11:38:42: 8  Start Input for Next Load Case
                11:38:42: 9  case no= 1207 seq. no=  60 idynl= 0
                11:38:42: 9  LOADEND ISLAVE                                   0
                11:38:42: 9  Start Input for Next Load Case
                11:38:42:10  case no= 1208 seq. no=  61 idynl= 0
                11:38:42:10  LOADEND ISLAVE                                   0
                11:38:42:11  Start Input for Next Load Case
                11:38:42:11  case no= 2101 seq. no=  62 idynl= 0
                11:38:42:12  LOADEND ISLAVE                                   0
                11:38:42:12  Start Input for Next Load Case
                11:38:42:13  case no= 2102 seq. no=  63 idynl= 0
                11:38:42:13  LOADEND ISLAVE                                   0
                11:38:42:13  Start Input for Next Load Case
                11:38:42:14  case no= 2103 seq. no=  64 idynl= 0
                11:38:42:14  LOADEND ISLAVE                                   0
                11:38:42:15  Start Input for Next Load Case
                11:38:42:15  case no= 2104 seq. no=  65 idynl= 0
                11:38:42:15  LOADEND ISLAVE                                   0
                11:38:42:16  Start Input for Next Load Case
                11:38:42:16  case no= 2105 seq. no=  66 idynl= 0
                11:38:42:17  LOADEND ISLAVE                                   0
                11:38:42:17  Start Input for Next Load Case
                11:38:42:18  case no= 2106 seq. no=  67 idynl= 0
                11:38:42:18  LOADEND ISLAVE                                   0
                11:38:42:18  Start Input for Next Load Case
                11:38:42:19  case no= 2107 seq. no=  68 idynl= 0
                11:38:42:19  LOADEND ISLAVE                                   0
                11:38:42:20  Start Input for Next Load Case
                11:38:42:20  case no= 2108 seq. no=  69 idynl= 0
                11:38:42:20  LOADEND ISLAVE                                   0
                11:38:42:21  Start Input for Next Load Case
                11:38:42:21  case no= 3001 seq. no=  70 idynl= 0
                11:38:42:22  LOADEND ISLAVE                                   0
                11:38:42:22  Start Input for Next Load Case
                11:38:42:23  case no= 3002 seq. no=  71 idynl= 0
                11:38:42:23  LOADEND ISLAVE                                   0
                11:38:42:23  Start Input for Next Load Case
                11:38:42:24  case no= 3003 seq. no=  72 idynl= 0
                11:38:42:24  LOADEND ISLAVE                                   0
                11:38:42:25  Start Input for Next Load Case
                11:38:42:25  case no= 3004 seq. no=  73 idynl= 0
                11:38:42:25  LOADEND ISLAVE                                   0
                11:38:42:26  Start Input for Next Load Case
                11:38:42:26  case no= 3005 seq. no=  74 idynl= 0
                11:38:42:27  LOADEND ISLAVE                                   0
                11:38:42:27  Start Input for Next Load Case
                11:38:42:28  case no= 3006 seq. no=  75 idynl= 0
                11:38:42:28  LOADEND ISLAVE                                   0
                11:38:42:28  Start Input for Next Load Case
                11:38:42:29  case no= 3007 seq. no=  76 idynl= 0
                11:38:42:29  LOADEND ISLAVE                                   0
                11:38:42:30  Start Input for Next Load Case
                11:38:42:30  case no= 3008 seq. no=  77 idynl= 0
                11:38:42:30  LOADEND ISLAVE                                   0
                11:38:42:31  Start Input for Next Load Case
                11:38:42:31  case no= 3011 seq. no=  78 idynl= 0
                11:38:42:32  LOADEND ISLAVE                                   0
                11:38:42:32  Start Input for Next Load Case
                11:38:42:33  case no= 3012 seq. no=  79 idynl= 0
                11:38:42:33  LOADEND ISLAVE                                   0
                11:38:42:33  Start Input for Next Load Case
                11:38:42:34  case no= 3013 seq. no=  80 idynl= 0
                11:38:42:34  LOADEND ISLAVE                                   0
                11:38:42:35  Start Input for Next Load Case
                11:38:42:35  case no= 3014 seq. no=  81 idynl= 0
                11:38:42:36  LOADEND ISLAVE                                   0
                11:38:42:36  Start Input for Next Load Case
                11:38:42:37  case no= 3015 seq. no=  82 idynl= 0
                11:38:42:37  LOADEND ISLAVE                                   0
                11:38:42:38  Start Input for Next Load Case
                11:38:42:38  case no= 3016 seq. no=  83 idynl= 0
                11:38:42:38  LOADEND ISLAVE                                   0
                11:38:42:39  Start Input for Next Load Case
                11:38:42:39  case no= 3017 seq. no=  84 idynl= 0
                11:38:42:40  LOADEND ISLAVE                                   0
                11:38:42:40  Start Input for Next Load Case
                11:38:42:40  case no= 3018 seq. no=  85 idynl= 0
                11:38:42:41  LOADEND ISLAVE                                   0
                11:38:42:41  Start Input for Next Load Case
                11:38:42:42  case no= 3021 seq. no=  86 idynl= 0
                11:38:42:42  LOADEND ISLAVE                                   0
                11:38:42:42  Start Input for Next Load Case
                11:38:42:43  case no= 3022 seq. no=  87 idynl= 0
                11:38:42:43  LOADEND ISLAVE                                   0
                11:38:42:44  Start Input for Next Load Case
                11:38:42:44  case no= 3023 seq. no=  88 idynl= 0
                11:38:42:44  LOADEND ISLAVE                                   0
                11:38:42:45  Start Input for Next Load Case
                11:38:42:45  case no= 3024 seq. no=  89 idynl= 0
                11:38:42:46  LOADEND ISLAVE                                   0
                11:38:42:46  Start Input for Next Load Case
                11:38:42:47  case no= 3025 seq. no=  90 idynl= 0
                11:38:42:47  LOADEND ISLAVE                                   0
                11:38:42:47  Start Input for Next Load Case
                11:38:42:48  case no= 3026 seq. no=  91 idynl= 0
                11:38:42:48  LOADEND ISLAVE                                   0
                11:38:42:49  Start Input for Next Load Case
                11:38:42:49  case no= 3027 seq. no=  92 idynl= 0
                11:38:42:49  LOADEND ISLAVE                                   0
                11:38:42:50  Start Input for Next Load Case
                11:38:42:50  case no= 3028 seq. no=  93 idynl= 0
                11:38:42:51  LOADEND ISLAVE                                   0
                11:38:42:51  Start Input for Next Load Case
                11:38:42:52  case no= 3201 seq. no=  94 idynl= 0
                11:38:42:52  LOADEND ISLAVE                                   0
                11:38:42:52  Start Input for Next Load Case
                11:38:42:53  case no= 3202 seq. no=  95 idynl= 0
                11:38:42:53  LOADEND ISLAVE                                   0
                11:38:42:54  Start Input for Next Load Case
                11:38:42:54  case no= 3203 seq. no=  96 idynl= 0
                11:38:42:54  LOADEND ISLAVE                                   0
                11:38:42:55  Start Input for Next Load Case
                11:38:42:55  case no= 3204 seq. no=  97 idynl= 0
                11:38:42:56  LOADEND ISLAVE                                   0
                11:38:42:56  Start Input for Next Load Case
                11:38:42:57  case no= 3205 seq. no=  98 idynl= 0
                11:38:42:57  LOADEND ISLAVE                                   0
                11:38:42:57  Start Input for Next Load Case
                11:38:42:58  case no= 3206 seq. no=  99 idynl= 0
                11:38:42:58  LOADEND ISLAVE                                   0
                11:38:42:59  Start Input for Next Load Case
                11:38:42:59  case no= 3207 seq. no= 100 idynl= 0
                11:38:42:59  LOADEND ISLAVE                                   0
                11:38:42:60  Start Input for Next Load Case
                11:38:42:60  case no= 3208 seq. no= 101 idynl= 0
                11:38:42:61  LOADEND ISLAVE                                   0
                11:38:42:61  NVPREV                                           0
                11:38:42:61  AMAXNON                               3.471129E-01
                11:38:42:62  IRECSIZL=                                     4000
                11:38:42:62  MTX BLOCKSIZE=                                  60
                11:38:42:63  MI=                                             60
                11:38:42:63  NORECL=                                          1
                11:38:42:63  NORECL1=                                         1
                11:38:42:64  IWORD=                                       32000
                11:38:42:64  JRECSIZE=                                     4000
                11:38:42:65  IWORDJ=                                      32000
                11:38:42:65  IBYTE=                                           4
                11:38:42:65  JOINTS=                                         14
                11:38:42:66  MEMBERS=                                        14
                11:38:42:66  PLATES =                                         0
                11:38:42:67  SOLIDS =                                         0
                11:38:42:67  NO. OF EQUATIONS=                               60
                11:38:42:68  idyn=                                            0
                11:38:42:69  ipd=                                             0
                11:38:42:69  icablanl=                                        0
                11:38:42:69  ++ Processing Element Stiffness Matrix.
                11:38:42:70  NV1                                            101
                11:38:42:83  ++ Calculating Element Forces & Reactions.
                11:38:43:28  COMBINATION CASES=                               0
                11:38:43:28  MAX CM MEMORY (KILOWORDS)                       33
                11:38:43:28  AFTER SOLVER 1
                11:38:43:29  REOPEN AS SEQ                                    0
                11:38:43:29  DEFINE ENVELOPE
                11:38:43:31  LOAD LIST 1101 TO 110
                11:38:43:31  PARAMETER 1
                11:38:43:32  CHECK CODE ALL
                11:38:43:32  ENTERING SECTNM110 IQ=                          14
                11:38:43:33               NSEC=                              11
                11:38:43:33             ISECTN=                               0
                11:38:43:36  SECTNM110 DO 925
                11:38:43:38  ENTERING ENVLP1 ITYP1=                          -3
                11:38:43:38  SECT DISPLACE
                11:38:43:41  Steel/Alum/Timber Design                        52
                11:38:43:45    ++ Finished Design ...
                11:38:43:45  Steel/Timber Design exit
                11:38:43:46  LOAD LIST 2101 TO 210
                11:38:43:46  PARAMETER 1
                11:38:43:47  CHECK CODE ALL
                11:38:43:47  ENTERING ENVLP1 ITYP1=                          -3
                11:38:43:48  SECT DISPLACE
                11:38:43:51  Steel/Alum/Timber Design                        52
                11:38:43:52    ++ Finished Design ...
                11:38:43:52  Steel/Timber Design exit
                11:38:43:52  LOAD LIST ENV 4 TO 7
                11:38:43:53  PARAMETER 1
                11:38:43:54  CHECK CODE ALL
                11:38:43:54  ENTERING ENVLP1 ITYP1=                          -3
                11:38:43:55  SECT DISPLACE
                11:38:43:57  Steel/Alum/Timber Design                        52
                11:38:43:60    ++ Finished Design ...
                11:38:43:60  Steel/Timber Design exit
                11:38:43:61  PRINT JOINT DISPLACEM
                11:38:43:61  DRAW ISOM JOIN MEMB
                11:38:43:62  ENTERING SECTNM110 IQ=                          14
                11:38:43:62               NSEC=                              11
                11:38:43:63             ISECTN=                               0
                11:38:43:65  SECTNM110 DO 925
                11:38:43:67  PRINT SUPPORT REACTIO
                11:38:43:67  DRAW ISOM SUPP PROP
                11:38:43:68  ENTERING SECTNM110 IQ=                          14
                11:38:43:68               NSEC=                              11
                11:38:43:69             ISECTN=                               0
                11:38:43:71  SECTNM110 DO 925
                11:38:43:73  DRAW ISOM SHAP
                11:38:43:73  ENTERING SECTNM110 IQ=                          14
                11:38:43:74               NSEC=                              11
                11:38:43:75             ISECTN=                               0
                11:38:43:77  SECTNM110 DO 925
                11:38:43:79  PRINT CG
                11:38:43:79  FINISH
                11:38:43:80  All Commands FINISHed
                11:38:43:80  DATASAVE for SPRO GUI
                11:38:43:81  ++ Creating Displacement File (DSP)...
                11:38:43:83  ++ Creating Reaction File (REA)...
                11:38:43:83  ++ Creating Section Force File (BMD)...
                11:38:43:86  ++ Creating Section Displace File (SEC)...
                11:38:43:86  ENTERING ENVLP1 ITYP1=                          -5
                11:38:43:87  SECT DISPLACE
                11:38:43:90  ++ Creating Section Displace File (SCN)...
                11:38:43:93  ++ Creating Design information File (DGN)...
                11:38:43:93  ALLOCATED CM MEMORY (KILOWORDS)             300000
                11:38:43:94  MAX CM MEMORY (KILOWORDS)                       85
                11:38:43:94  DBS LONG SEC NAME
* End Of Analysis At Thu Jul 11 11:38:43 2024
* CPU usage = 3.475000
* STAAD Exit Code: 100, Warning Count: 0, Error Count: 0, Duration: 3.475
1 0 0 3.475
****************************************************************************
*                            END OF ANALYSIS                               *
****************************************************************************
