07/11/2024 11:28:11	Reading UID database.
07/11/2024 11:28:11	Start loading STAAD model.
07/11/2024 11:28:11	Reading model file.
07/11/2024 11:28:12	Reading model file is complete.
07/11/2024 11:28:12	Processing support.
07/11/2024 11:28:12	Processing springs.
07/11/2024 11:28:12	Processing properties.
07/11/2024 11:28:12	Processing physical properties.
07/11/2024 11:28:12	Processing constants.
07/11/2024 11:28:12	Processing BETA constants.
07/11/2024 11:28:12	Processing hidden analytical member loads.
07/11/2024 11:28:12	Processing command list for member release.
07/11/2024 11:28:12	Processing command list for member offset.
07/11/2024 11:28:12	Processing command list for member specs (cracked).
07/11/2024 11:28:12	Processing command list for member specs (axial).
07/11/2024 11:28:12	Processing command list for element release.
07/11/2024 11:28:12	Processing command list for element offset.
07/11/2024 11:28:12	Processing command list for element plate stress directive.
07/11/2024 11:28:12	Processing parameter for Chinese wind load case.
07/11/2024 11:28:12	End Processing command list.
07/11/2024 11:28:12	End loading STAAD model.
07/11/2024 11:28:12	Start Post Analysis method
07/11/2024 11:28:12	Removed all hidden plates from surfaces
07/11/2024 11:28:12	Removed all hidden plates
07/11/2024 11:28:12	Removed all hidden nodes
07/11/2024 11:28:12	Loading results from MSH file...
07/11/2024 11:28:12	Building result indices...
07/11/2024 11:28:12	Loading plate stress results...
07/11/2024 11:28:12	Set analysis report setup data
07/11/2024 11:28:12	Starting page setup...
07/11/2024 11:28:12	Page setup completed
07/11/2024 11:28:12	Setting available workflows...
07/11/2024 11:28:12	Post analysis method ends
07/11/2024 11:36:44	Reading UID database.
07/11/2024 11:36:44	Start loading STAAD model.
07/11/2024 11:36:44	Reading model file.
07/11/2024 11:36:44	Reading model file is complete.
07/11/2024 11:36:44	Processing support.
07/11/2024 11:36:44	Processing springs.
07/11/2024 11:36:44	Processing properties.
07/11/2024 11:36:44	Processing physical properties.
07/11/2024 11:36:44	Processing constants.
07/11/2024 11:36:44	Processing BETA constants.
07/11/2024 11:36:44	Processing hidden analytical member loads.
07/11/2024 11:36:44	Processing command list for member release.
07/11/2024 11:36:44	Processing command list for member offset.
07/11/2024 11:36:44	Processing command list for member specs (cracked).
07/11/2024 11:36:44	Processing command list for member specs (axial).
07/11/2024 11:36:44	Processing command list for element release.
07/11/2024 11:36:44	Processing command list for element offset.
07/11/2024 11:36:44	Processing command list for element plate stress directive.
07/11/2024 11:36:44	Processing parameter for Chinese wind load case.
07/11/2024 11:36:44	End Processing command list.
07/11/2024 11:36:49	End loading STAAD model.
07/11/2024 11:38:32	Reading UID database.
07/11/2024 11:38:32	Start loading STAAD model.
07/11/2024 11:38:32	Reading model file.
07/11/2024 11:38:33	Reading model file is complete.
07/11/2024 11:38:33	Processing support.
07/11/2024 11:38:33	Processing springs.
07/11/2024 11:38:33	Processing properties.
07/11/2024 11:38:33	Processing physical properties.
07/11/2024 11:38:33	Processing constants.
07/11/2024 11:38:33	Processing BETA constants.
07/11/2024 11:38:33	Processing hidden analytical member loads.
07/11/2024 11:38:33	Processing command list for member release.
07/11/2024 11:38:33	Processing command list for member offset.
07/11/2024 11:38:33	Processing command list for member specs (cracked).
07/11/2024 11:38:33	Processing command list for member specs (axial).
07/11/2024 11:38:33	Processing command list for element release.
07/11/2024 11:38:33	Processing command list for element offset.
07/11/2024 11:38:33	Processing command list for element plate stress directive.
07/11/2024 11:38:33	Processing parameter for Chinese wind load case.
07/11/2024 11:38:33	End Processing command list.
07/11/2024 11:38:33	End loading STAAD model.
07/11/2024 11:38:33	Start Post Analysis method
07/11/2024 11:38:33	Removed all hidden plates from surfaces
07/11/2024 11:38:33	Removed all hidden plates
07/11/2024 11:38:33	Removed all hidden nodes
07/11/2024 11:38:33	Loading results from MSH file...
07/11/2024 11:38:33	Building result indices...
07/11/2024 11:38:33	Loading plate stress results...
07/11/2024 11:38:33	Set analysis report setup data
07/11/2024 11:38:33	Starting page setup...
07/11/2024 11:38:33	Page setup completed
07/11/2024 11:38:33	Setting available workflows...
07/11/2024 11:38:33	Post analysis method ends
07/11/2024 11:38:46	Start Post Analysis method
07/11/2024 11:38:46	Removed all hidden plates from surfaces
07/11/2024 11:38:46	Removed all hidden plates
07/11/2024 11:38:46	Removed all hidden nodes
07/11/2024 11:38:46	Loading results from MSH file...
07/11/2024 11:38:46	Building result indices...
07/11/2024 11:38:46	Loading plate stress results...
07/11/2024 11:38:46	Set analysis report setup data
07/11/2024 11:38:46	Starting page setup...
07/11/2024 11:38:46	Page setup completed
07/11/2024 11:38:46	Setting available workflows...
07/11/2024 11:38:46	Post analysis method ends
