07/11/2024 13:57:22	Reading UID database.
07/11/2024 13:57:22	Start loading STAAD model.
07/11/2024 13:57:22	Reading model file.
07/11/2024 13:57:22	Reading model file is complete.
07/11/2024 13:57:22	Processing support.
07/11/2024 13:57:22	Processing springs.
07/11/2024 13:57:22	Processing properties.
07/11/2024 13:57:22	Processing physical properties.
07/11/2024 13:57:22	Processing constants.
07/11/2024 13:57:22	Processing BETA constants.
07/11/2024 13:57:22	Processing hidden analytical member loads.
07/11/2024 13:57:22	Processing command list for member release.
07/11/2024 13:57:22	Processing command list for member offset.
07/11/2024 13:57:22	Processing command list for member specs (cracked).
07/11/2024 13:57:22	Processing command list for member specs (axial).
07/11/2024 13:57:22	Processing command list for element release.
07/11/2024 13:57:22	Processing command list for element offset.
07/11/2024 13:57:22	Processing command list for element plate stress directive.
07/11/2024 13:57:22	Processing parameter for Chinese wind load case.
07/11/2024 13:57:22	End Processing command list.
07/11/2024 13:57:22	End loading STAAD model.
07/11/2024 13:57:22	Start Post Analysis method
07/11/2024 13:57:22	Removed all hidden plates from surfaces
07/11/2024 13:57:22	Removed all hidden plates
07/11/2024 13:57:22	Removed all hidden nodes
07/11/2024 13:57:22	Loading results from MSH file...
07/11/2024 13:57:22	Building result indices...
07/11/2024 13:57:22	Loading plate stress results...
07/11/2024 13:57:22	Set analysis report setup data
07/11/2024 13:57:22	Starting page setup...
07/11/2024 13:57:22	Page setup completed
07/11/2024 13:57:22	Setting available workflows...
07/11/2024 13:57:22	Post analysis method ends
07/11/2024 13:57:33	Start Post Analysis method
07/11/2024 13:57:33	Removed all hidden plates from surfaces
07/11/2024 13:57:33	Removed all hidden plates
07/11/2024 13:57:33	Removed all hidden nodes
07/11/2024 13:57:33	Loading results from MSH file...
07/11/2024 13:57:33	Building result indices...
07/11/2024 13:57:33	Loading plate stress results...
07/11/2024 13:57:33	Set analysis report setup data
07/11/2024 13:57:33	Starting page setup...
07/11/2024 13:57:33	Page setup completed
07/11/2024 13:57:33	Setting available workflows...
07/11/2024 13:57:33	Post analysis method ends
