09/16/2024 10:28:56	Reading UID database.
09/16/2024 10:28:56	Start loading STAAD model.
09/16/2024 10:28:56	Reading model file.
09/16/2024 10:28:56	Reading model file is complete.
09/16/2024 10:28:56	Processing support.
09/16/2024 10:28:56	Processing springs.
09/16/2024 10:28:56	Processing properties.
09/16/2024 10:28:56	Processing physical properties.
09/16/2024 10:28:56	Processing constants.
09/16/2024 10:28:56	Processing BETA constants.
09/16/2024 10:28:56	Processing hidden analytical member loads.
09/16/2024 10:28:56	Processing command list for member release.
09/16/2024 10:28:56	Processing command list for member offset.
09/16/2024 10:28:56	Processing command list for member specs (cracked).
09/16/2024 10:28:56	Processing command list for member specs (axial).
09/16/2024 10:28:56	Processing command list for element release.
09/16/2024 10:28:56	Processing command list for element offset.
09/16/2024 10:28:56	Processing command list for element plate stress directive.
09/16/2024 10:28:56	Processing parameter for Chinese wind load case.
09/16/2024 10:28:56	End Processing command list.
09/16/2024 10:28:56	End loading STAAD model.
09/16/2024 10:28:56	Start Post Analysis method
09/16/2024 10:28:56	Removed all hidden plates from surfaces
09/16/2024 10:28:56	Removed all hidden plates
09/16/2024 10:28:56	Removed all hidden nodes
09/16/2024 10:28:56	Loading results from MSH file...
09/16/2024 10:28:56	Building result indices...
09/16/2024 10:28:56	Loading plate stress results...
09/16/2024 10:28:56	Set analysis report setup data
09/16/2024 10:28:56	Starting page setup...
09/16/2024 10:28:56	Page setup completed
09/16/2024 10:28:56	Setting available workflows...
09/16/2024 10:28:56	Post analysis method ends
