09/07/2024 19:11:28	Reading UID database.
09/07/2024 19:11:28	Start loading STAAD model.
09/07/2024 19:11:28	Reading model file.
09/07/2024 19:11:29	Reading model file is complete.
09/07/2024 19:11:29	Processing support.
09/07/2024 19:11:29	Processing springs.
09/07/2024 19:11:29	Processing properties.
09/07/2024 19:11:29	Processing physical properties.
09/07/2024 19:11:29	Processing constants.
09/07/2024 19:11:29	Processing BETA constants.
09/07/2024 19:11:29	Processing hidden analytical member loads.
09/07/2024 19:11:29	Processing command list for member release.
09/07/2024 19:11:29	Processing command list for member offset.
09/07/2024 19:11:29	Processing command list for member specs (cracked).
09/07/2024 19:11:29	Processing command list for member specs (axial).
09/07/2024 19:11:29	Processing command list for element release.
09/07/2024 19:11:29	Processing command list for element offset.
09/07/2024 19:11:29	Processing command list for element plate stress directive.
09/07/2024 19:11:29	Processing parameter for Chinese wind load case.
09/07/2024 19:11:29	End Processing command list.
09/07/2024 19:11:29	End loading STAAD model.
09/07/2024 19:11:29	Start Post Analysis method
09/07/2024 19:11:29	Removed all hidden plates from surfaces
09/07/2024 19:11:29	Removed all hidden plates
09/07/2024 19:11:29	Removed all hidden nodes
09/07/2024 19:11:29	Loading results from MSH file...
09/07/2024 19:11:29	Building result indices...
09/07/2024 19:11:29	Loading plate stress results...
09/07/2024 19:11:29	Set analysis report setup data
09/07/2024 19:11:29	Starting page setup...
09/07/2024 19:11:29	Page setup completed
09/07/2024 19:11:29	Setting available workflows...
09/07/2024 19:11:29	Post analysis method ends
09/07/2024 19:15:01	Start Post Analysis method
09/07/2024 19:15:01	Removed all hidden plates from surfaces
09/07/2024 19:15:01	Removed all hidden plates
09/07/2024 19:15:01	Removed all hidden nodes
09/07/2024 19:15:01	Loading results from MSH file...
09/07/2024 19:15:01	Building result indices...
09/07/2024 19:15:01	Loading plate stress results...
09/07/2024 19:15:01	Set analysis report setup data
09/07/2024 19:15:01	Starting page setup...
09/07/2024 19:15:01	Page setup completed
09/07/2024 19:15:01	Setting available workflows...
09/07/2024 19:15:01	Post analysis method ends
09/07/2024 19:16:57	Reading UID database.
09/07/2024 19:16:57	Start loading STAAD model.
09/07/2024 19:16:58	Reading model file.
09/07/2024 19:16:58	Reading model file is complete.
09/07/2024 19:16:58	Processing support.
09/07/2024 19:16:58	Processing springs.
09/07/2024 19:16:58	Processing properties.
09/07/2024 19:16:58	Processing physical properties.
09/07/2024 19:16:58	Processing constants.
09/07/2024 19:16:58	Processing BETA constants.
09/07/2024 19:16:58	Processing hidden analytical member loads.
09/07/2024 19:16:58	Processing command list for member release.
09/07/2024 19:16:58	Processing command list for member offset.
09/07/2024 19:16:58	Processing command list for member specs (cracked).
09/07/2024 19:16:58	Processing command list for member specs (axial).
09/07/2024 19:16:58	Processing command list for element release.
09/07/2024 19:16:58	Processing command list for element offset.
09/07/2024 19:16:58	Processing command list for element plate stress directive.
09/07/2024 19:16:58	Processing parameter for Chinese wind load case.
09/07/2024 19:16:58	End Processing command list.
09/07/2024 19:16:58	End loading STAAD model.
09/07/2024 19:16:58	Start Post Analysis method
09/07/2024 19:16:58	Removed all hidden plates from surfaces
09/07/2024 19:16:58	Removed all hidden plates
09/07/2024 19:16:58	Removed all hidden nodes
09/07/2024 19:16:58	Loading results from MSH file...
09/07/2024 19:16:58	Building result indices...
09/07/2024 19:16:58	Loading plate stress results...
09/07/2024 19:16:58	Set analysis report setup data
09/07/2024 19:16:58	Starting page setup...
09/07/2024 19:16:58	Page setup completed
09/07/2024 19:16:58	Setting available workflows...
09/07/2024 19:16:58	Post analysis method ends
09/07/2024 19:17:20	Start Post Analysis method
09/07/2024 19:17:20	Removed all hidden plates from surfaces
09/07/2024 19:17:20	Removed all hidden plates
09/07/2024 19:17:21	Removed all hidden nodes
09/07/2024 19:17:21	Loading results from MSH file...
09/07/2024 19:17:21	Building result indices...
09/07/2024 19:17:21	Loading plate stress results...
09/07/2024 19:17:21	Set analysis report setup data
09/07/2024 19:17:21	Starting page setup...
09/07/2024 19:17:21	Page setup completed
09/07/2024 19:17:21	Setting available workflows...
09/07/2024 19:17:21	Post analysis method ends
