08/05/2024 14:24:07	Reading UID database.
08/05/2024 14:24:07	Start loading STAAD model.
08/05/2024 14:24:07	Reading model file.
08/05/2024 14:24:08	Reading model file is complete.
08/05/2024 14:24:08	Processing support.
08/05/2024 14:24:08	Processing springs.
08/05/2024 14:24:08	Processing properties.
08/05/2024 14:24:08	Processing physical properties.
08/05/2024 14:24:08	Processing constants.
08/05/2024 14:24:08	Processing BETA constants.
08/05/2024 14:24:08	Processing hidden analytical member loads.
08/05/2024 14:24:08	Processing command list for member release.
08/05/2024 14:24:08	Processing command list for member offset.
08/05/2024 14:24:08	Processing command list for member specs (cracked).
08/05/2024 14:24:08	Processing command list for member specs (axial).
08/05/2024 14:24:08	Processing command list for element release.
08/05/2024 14:24:08	Processing command list for element offset.
08/05/2024 14:24:08	Processing command list for element plate stress directive.
08/05/2024 14:24:08	Processing parameter for Chinese wind load case.
08/05/2024 14:24:08	End Processing command list.
08/05/2024 14:24:08	End loading STAAD model.
08/05/2024 14:24:08	Start Post Analysis method
08/05/2024 14:24:08	Removed all hidden plates from surfaces
08/05/2024 14:24:08	Removed all hidden plates
08/05/2024 14:24:08	Removed all hidden nodes
08/05/2024 14:24:08	Loading results from MSH file...
08/05/2024 14:24:08	Building result indices...
08/05/2024 14:24:08	Loading plate stress results...
08/05/2024 14:24:08	Set analysis report setup data
08/05/2024 14:24:08	Starting page setup...
08/05/2024 14:24:08	Page setup completed
08/05/2024 14:24:08	Setting available workflows...
08/05/2024 14:24:08	Post analysis method ends
08/05/2024 14:46:40	Start Post Analysis method
08/05/2024 14:46:40	Removed all hidden plates from surfaces
08/05/2024 14:46:40	Removed all hidden plates
08/05/2024 14:46:40	Removed all hidden nodes
08/05/2024 14:46:40	Loading results from MSH file...
08/05/2024 14:46:40	Building result indices...
08/05/2024 14:46:40	Loading plate stress results...
08/05/2024 14:46:40	Set analysis report setup data
08/05/2024 14:46:40	Starting page setup...
08/05/2024 14:46:40	Page setup completed
08/05/2024 14:46:40	Setting available workflows...
08/05/2024 14:46:40	Post analysis method ends
08/05/2024 14:55:41	Start Post Analysis method
08/05/2024 14:55:41	Removed all hidden plates from surfaces
08/05/2024 14:55:41	Removed all hidden plates
08/05/2024 14:55:41	Removed all hidden nodes
08/05/2024 14:55:41	Loading results from MSH file...
08/05/2024 14:55:41	Building result indices...
08/05/2024 14:55:41	Loading plate stress results...
08/05/2024 14:55:41	Set analysis report setup data
08/05/2024 14:55:41	Starting page setup...
08/05/2024 14:55:41	Page setup completed
08/05/2024 14:55:41	Setting available workflows...
08/05/2024 14:55:41	Post analysis method ends
