08/05/2024 14:56:44	Reading UID database.
08/05/2024 14:56:44	Start loading STAAD model.
08/05/2024 14:56:44	Reading model file.
08/05/2024 14:56:44	Reading model file is complete.
08/05/2024 14:56:44	Processing support.
08/05/2024 14:56:44	Processing springs.
08/05/2024 14:56:44	Processing properties.
08/05/2024 14:56:44	Processing physical properties.
08/05/2024 14:56:44	Processing constants.
08/05/2024 14:56:44	Processing BETA constants.
08/05/2024 14:56:44	Processing hidden analytical member loads.
08/05/2024 14:56:44	Processing command list for member release.
08/05/2024 14:56:44	Processing command list for member offset.
08/05/2024 14:56:44	Processing command list for member specs (cracked).
08/05/2024 14:56:44	Processing command list for member specs (axial).
08/05/2024 14:56:44	Processing command list for element release.
08/05/2024 14:56:44	Processing command list for element offset.
08/05/2024 14:56:44	Processing command list for element plate stress directive.
08/05/2024 14:56:44	Processing parameter for Chinese wind load case.
08/05/2024 14:56:44	End Processing command list.
08/05/2024 14:56:44	End loading STAAD model.
08/05/2024 14:56:44	Start Post Analysis method
08/05/2024 14:56:44	Removed all hidden plates from surfaces
08/05/2024 14:56:44	Removed all hidden plates
08/05/2024 14:56:44	Removed all hidden nodes
08/05/2024 14:56:44	Loading results from MSH file...
08/05/2024 14:56:44	Building result indices...
08/05/2024 14:56:44	Loading plate stress results...
08/05/2024 14:56:44	Set analysis report setup data
08/05/2024 14:56:44	Starting page setup...
08/05/2024 14:56:44	Page setup completed
08/05/2024 14:56:44	Setting available workflows...
08/05/2024 14:56:44	Post analysis method ends
08/05/2024 15:13:21	Reading UID database.
08/05/2024 15:13:21	Start loading STAAD model.
08/05/2024 15:13:21	Reading model file.
08/05/2024 15:13:22	Reading model file is complete.
08/05/2024 15:13:22	Processing support.
08/05/2024 15:13:22	Processing springs.
08/05/2024 15:13:22	Processing properties.
08/05/2024 15:13:22	Processing physical properties.
08/05/2024 15:13:22	Processing constants.
08/05/2024 15:13:22	Processing BETA constants.
08/05/2024 15:13:22	Processing hidden analytical member loads.
08/05/2024 15:13:22	Processing command list for member release.
08/05/2024 15:13:22	Processing command list for member offset.
08/05/2024 15:13:22	Processing command list for member specs (cracked).
08/05/2024 15:13:22	Processing command list for member specs (axial).
08/05/2024 15:13:22	Processing command list for element release.
08/05/2024 15:13:22	Processing command list for element offset.
08/05/2024 15:13:22	Processing command list for element plate stress directive.
08/05/2024 15:13:22	Processing parameter for Chinese wind load case.
08/05/2024 15:13:22	End Processing command list.
08/05/2024 15:13:22	End loading STAAD model.
08/05/2024 15:13:22	Start Post Analysis method
08/05/2024 15:13:22	Removed all hidden plates from surfaces
08/05/2024 15:13:22	Removed all hidden plates
08/05/2024 15:13:22	Removed all hidden nodes
08/05/2024 15:13:22	Loading results from MSH file...
08/05/2024 15:13:22	Building result indices...
08/05/2024 15:13:22	Loading plate stress results...
08/05/2024 15:13:22	Set analysis report setup data
08/05/2024 15:13:22	Starting page setup...
08/05/2024 15:13:22	Page setup completed
08/05/2024 15:13:22	Setting available workflows...
08/05/2024 15:13:22	Post analysis method ends
08/05/2024 15:13:29	Start Post Analysis method
08/05/2024 15:13:29	Removed all hidden plates from surfaces
08/05/2024 15:13:29	Removed all hidden plates
08/05/2024 15:13:29	Removed all hidden nodes
08/05/2024 15:13:29	Loading results from MSH file...
08/05/2024 15:13:29	Building result indices...
08/05/2024 15:13:29	Loading plate stress results...
08/05/2024 15:13:29	Set analysis report setup data
08/05/2024 15:13:29	Starting page setup...
08/05/2024 15:13:29	Page setup completed
08/05/2024 15:13:29	Setting available workflows...
08/05/2024 15:13:29	Post analysis method ends
08/05/2024 15:13:37	Start Post Analysis method
08/05/2024 15:13:37	Removed all hidden plates from surfaces
08/05/2024 15:13:37	Removed all hidden plates
08/05/2024 15:13:37	Removed all hidden nodes
08/05/2024 15:13:37	Loading results from MSH file...
08/05/2024 15:13:37	Building result indices...
08/05/2024 15:13:37	Loading plate stress results...
08/05/2024 15:13:37	Set analysis report setup data
08/05/2024 15:13:37	Starting page setup...
08/05/2024 15:13:38	Page setup completed
08/05/2024 15:13:38	Setting available workflows...
08/05/2024 15:13:38	Post analysis method ends
