14:46:33	Initializing STAAD Engine
14:46:33	Run stream set up is complete.
14:46:33	Initialize license libraries.
14:46:33	License libraries initialized.
14:46:33	Starting license(s) for A & D engine.
14:46:34	License Status: Ok
14:46:34	License information set up is complete.
****************************************************************************
*                            START OF ANALYSIS                             *
****************************************************************************
* Initiating Analysis At Mon Aug  5 14:46:34 2024
                          PROGRAM: STAAD.Pro
                          VERSION: 23.00.01.25
                14:46:34:84  ENTERING STAAD
                14:46:34:87  USING 64 BIT STAAD ENGINE
                14:46:34:87  ENTERING MAINN
                14:46:34:87  START JOB INFORMATION
                14:46:34:88  INPUT WIDTH 79
                14:46:34:88  UNIT MMS KN
                14:46:34:89  JOINT COORDINATES
                14:46:34:89  ENTERING JOINTC
                14:46:34:89  JOINTC NEWJ                                 400000
                14:46:34:90  MAX NODE NO.                                    23
                14:46:34:91  MEMBER INCIDENCES
                14:46:34:91  UNIT METER KN
                14:46:34:92  DEFINE MATERIAL START
                14:46:34:92  UNIT MMS KN
                14:46:34:93  MEMBER PROPERTY EUROP
                14:46:35:38    ++ Finished Reading Member Properties ...
                14:46:35:38  CONSTANTS
                14:46:35:39  SUPPORTS
                14:46:35:39  ENTERING SUPPORT
                14:46:35:40  MEMBER OFFSET
                14:46:35:41  DEFINE WIND LOAD
                14:46:35:41  LOAD 121 LOADTYPE DEA
                14:46:35:41  DUPLICATE ELEMENT CHECK
                14:46:35:42  CHECKING STRUCTURAL INTEGRITY
                14:46:35:43  CHECK UNCONNECTED JOINTS AND
                14:46:35:43  CALCULATE MAX JOINT CONNECTIVITY
                14:46:35:44  CHECK MULTIPLE STRUCTURES
                14:46:35:44  ENTERING SUPPORT
                14:46:35:45  NRJOLD                                           0
                14:46:35:45  SUPPORT NOLD                                     0
                14:46:35:45  SUPPORT N                                      102
                14:46:35:46  BEFORE LOADPR
                14:46:35:47  REOPEN AS DIR                                    0
                14:46:35:47  ENTER LOADPR
                14:46:35:61  PERFORM ANALYSIS PRIN
                14:46:35:61  pdel iter                                        0
                14:46:35:61  MAXIMUM E =                           2.973273E+04
                14:46:35:62  MINIMUM E =                           2.973273E+04
                14:46:35:62  MBW DOF BAND=                                    1
                14:46:35:63  NUMBER OF PRIMARY CASES                        101
                14:46:35:63  NUMBER OF CASES                                252
                14:46:35:64  #OF CASES W/ELEM INMEMORY                      252
                14:46:35:64  MEMORY FOR MEMBER LOADS                      60480
                14:46:35:65  MEMORY FOR DISPLACEMENTS                     30240
                14:46:35:66  MEMORY FOR MEMBER FORCES                     60480
                14:46:35:66  Using 64-bit analysis engine
                14:46:35:67  BEFORE SOLVER 1
                14:46:35:68  Start Input for Next Load Case
                14:46:35:68  case no=  121 seq. no=   1 idynl= 0
                14:46:35:69  MASSSET                                          0
                14:46:35:69  LOADEND ISLAVE                                   0
                14:46:35:70  Start Input for Next Load Case
                14:46:35:70  case no=  201 seq. no=   2 idynl= 0
                14:46:35:71  LOADEND ISLAVE                                   0
                14:46:35:71  Start Input for Next Load Case
                14:46:35:72  case no=  202 seq. no=   3 idynl= 0
                14:46:35:72  LOADEND ISLAVE                                   0
                14:46:35:72  Start Input for Next Load Case
                14:46:35:73  case no=  203 seq. no=   4 idynl= 0
                14:46:35:73  LOADEND ISLAVE                                   0
                14:46:35:74  Start Input for Next Load Case
                14:46:35:74  case no=  204 seq. no=   5 idynl= 0
                14:46:35:75  LOADEND ISLAVE                                   0
                14:46:35:76  Start Input for Next Load Case
                14:46:35:76  case no=  205 seq. no=   6 idynl= 0
                14:46:35:77  LOADEND ISLAVE                                   0
                14:46:35:77  Start Input for Next Load Case
                14:46:35:78  case no=  206 seq. no=   7 idynl= 0
                14:46:35:78  LOADEND ISLAVE                                   0
                14:46:35:79  Start Input for Next Load Case
                14:46:35:79  case no=  207 seq. no=   8 idynl= 0
                14:46:35:80  LOADEND ISLAVE                                   0
                14:46:35:80  Start Input for Next Load Case
                14:46:35:81  case no=  208 seq. no=   9 idynl= 0
                14:46:35:81  LOADEND ISLAVE                                   0
                14:46:35:82  Start Input for Next Load Case
                14:46:35:82  case no=  312 seq. no=  10 idynl= 0
                14:46:35:83  LOADEND ISLAVE                                   0
                14:46:35:83  Start Input for Next Load Case
                14:46:35:84  case no=  313 seq. no=  11 idynl= 0
                14:46:35:85  LOADEND ISLAVE                                   0
                14:46:35:85  Start Input for Next Load Case
                14:46:35:86  case no=  314 seq. no=  12 idynl= 0
                14:46:35:86  LOADEND ISLAVE                                   0
                14:46:35:87  Start Input for Next Load Case
                14:46:35:87  case no=  315 seq. no=  13 idynl= 0
                14:46:35:88  LOADEND ISLAVE                                   0
                14:46:35:88  Start Input for Next Load Case
                14:46:35:89  case no=  322 seq. no=  14 idynl= 0
                14:46:35:89  LOADEND ISLAVE                                   0
                14:46:35:90  Start Input for Next Load Case
                14:46:35:90  case no=  323 seq. no=  15 idynl= 0
                14:46:35:91  LOADEND ISLAVE                                   0
                14:46:35:91  Start Input for Next Load Case
                14:46:35:92  case no=  324 seq. no=  16 idynl= 0
                14:46:35:92  LOADEND ISLAVE                                   0
                14:46:35:92  Start Input for Next Load Case
                14:46:35:93  case no=  325 seq. no=  17 idynl= 0
                14:46:35:94  LOADEND ISLAVE                                   0
                14:46:35:94  Start Input for Next Load Case
                14:46:35:95  case no=  332 seq. no=  18 idynl= 0
                14:46:35:95  LOADEND ISLAVE                                   0
                14:46:35:96  Start Input for Next Load Case
                14:46:35:96  case no=  333 seq. no=  19 idynl= 0
                14:46:35:97  LOADEND ISLAVE                                   0
                14:46:35:97  Start Input for Next Load Case
                14:46:35:98  case no=  334 seq. no=  20 idynl= 0
                14:46:35:98  LOADEND ISLAVE                                   0
                14:46:35:99  Start Input for Next Load Case
                14:46:35:99  case no=  335 seq. no=  21 idynl= 0
                14:46:36: 0  LOADEND ISLAVE                                   0
                14:46:36: 0  Start Input for Next Load Case
                14:46:36: 1  case no=  411 seq. no=  22 idynl= 0
                14:46:36: 1  LOADEND ISLAVE                                   0
                14:46:36: 1  Start Input for Next Load Case
                14:46:36: 2  case no=  412 seq. no=  23 idynl= 0
                14:46:36: 2  LOADEND ISLAVE                                   0
                14:46:36: 3  Start Input for Next Load Case
                14:46:36: 3  case no=  413 seq. no=  24 idynl= 0
                14:46:36: 4  LOADEND ISLAVE                                   0
                14:46:36: 5  Start Input for Next Load Case
                14:46:36: 5  case no=  414 seq. no=  25 idynl= 0
                14:46:36: 6  LOADEND ISLAVE                                   0
                14:46:36: 6  Start Input for Next Load Case
                14:46:36: 7  case no=  415 seq. no=  26 idynl= 0
                14:46:36: 7  LOADEND ISLAVE                                   0
                14:46:36: 8  Start Input for Next Load Case
                14:46:36: 8  case no=  416 seq. no=  27 idynl= 0
                14:46:36: 9  LOADEND ISLAVE                                   0
                14:46:36: 9  Start Input for Next Load Case
                14:46:36:10  case no=  417 seq. no=  28 idynl= 0
                14:46:36:10  LOADEND ISLAVE                                   0
                14:46:36:11  Start Input for Next Load Case
                14:46:36:11  case no=  418 seq. no=  29 idynl= 0
                14:46:36:12  LOADEND ISLAVE                                   0
                14:46:36:12  Start Input for Next Load Case
                14:46:36:13  case no=  421 seq. no=  30 idynl= 0
                14:46:36:14  LOADEND ISLAVE                                   0
                14:46:36:14  Start Input for Next Load Case
                14:46:36:15  case no=  422 seq. no=  31 idynl= 0
                14:46:36:15  LOADEND ISLAVE                                   0
                14:46:36:16  Start Input for Next Load Case
                14:46:36:16  case no=  423 seq. no=  32 idynl= 0
                14:46:36:17  LOADEND ISLAVE                                   0
                14:46:36:17  Start Input for Next Load Case
                14:46:36:18  case no=  424 seq. no=  33 idynl= 0
                14:46:36:18  LOADEND ISLAVE                                   0
                14:46:36:19  Start Input for Next Load Case
                14:46:36:19  case no=  425 seq. no=  34 idynl= 0
                14:46:36:19  LOADEND ISLAVE                                   0
                14:46:36:20  Start Input for Next Load Case
                14:46:36:20  case no=  426 seq. no=  35 idynl= 0
                14:46:36:21  LOADEND ISLAVE                                   0
                14:46:36:21  Start Input for Next Load Case
                14:46:36:22  case no=  427 seq. no=  36 idynl= 0
                14:46:36:23  LOADEND ISLAVE                                   0
                14:46:36:23  Start Input for Next Load Case
                14:46:36:24  case no=  428 seq. no=  37 idynl= 0
                14:46:36:24  LOADEND ISLAVE                                   0
                14:46:36:25  Start Input for Next Load Case
                14:46:36:26  case no=  711 seq. no=  38 idynl= 0
                14:46:36:26  LOADEND ISLAVE                                   0
                14:46:36:26  Start Input for Next Load Case
                14:46:36:27  case no=  712 seq. no=  39 idynl= 0
                14:46:36:27  LOADEND ISLAVE                                   0
                14:46:36:28  Start Input for Next Load Case
                14:46:36:28  case no=  713 seq. no=  40 idynl= 0
                14:46:36:29  LOADEND ISLAVE                                   0
                14:46:36:29  Start Input for Next Load Case
                14:46:36:30  case no=  714 seq. no=  41 idynl= 0
                14:46:36:30  LOADEND ISLAVE                                   0
                14:46:36:31  Start Input for Next Load Case
                14:46:36:31  case no=  715 seq. no=  42 idynl= 0
                14:46:36:32  LOADEND ISLAVE                                   0
                14:46:36:32  Start Input for Next Load Case
                14:46:36:33  case no=  716 seq. no=  43 idynl= 0
                14:46:36:33  LOADEND ISLAVE                                   0
                14:46:36:34  Start Input for Next Load Case
                14:46:36:35  case no=  717 seq. no=  44 idynl= 0
                14:46:36:35  LOADEND ISLAVE                                   0
                14:46:36:36  Start Input for Next Load Case
                14:46:36:36  case no=  718 seq. no=  45 idynl= 0
                14:46:36:36  LOADEND ISLAVE                                   0
                14:46:36:37  Start Input for Next Load Case
                14:46:36:37  case no= 1101 seq. no=  46 idynl= 0
                14:46:36:38  LOADEND ISLAVE                                   0
                14:46:36:38  Start Input for Next Load Case
                14:46:36:39  case no= 1102 seq. no=  47 idynl= 0
                14:46:36:39  LOADEND ISLAVE                                   0
                14:46:36:39  Start Input for Next Load Case
                14:46:36:40  case no= 1103 seq. no=  48 idynl= 0
                14:46:36:40  LOADEND ISLAVE                                   0
                14:46:36:41  Start Input for Next Load Case
                14:46:36:41  case no= 1104 seq. no=  49 idynl= 0
                14:46:36:42  LOADEND ISLAVE                                   0
                14:46:36:43  Start Input for Next Load Case
                14:46:36:43  case no= 1105 seq. no=  50 idynl= 0
                14:46:36:44  LOADEND ISLAVE                                   0
                14:46:36:44  Start Input for Next Load Case
                14:46:36:45  case no= 1106 seq. no=  51 idynl= 0
                14:46:36:45  LOADEND ISLAVE                                   0
                14:46:36:45  Start Input for Next Load Case
                14:46:36:46  case no= 1107 seq. no=  52 idynl= 0
                14:46:36:46  LOADEND ISLAVE                                   0
                14:46:36:47  Start Input for Next Load Case
                14:46:36:47  case no= 1108 seq. no=  53 idynl= 0
                14:46:36:48  LOADEND ISLAVE                                   0
                14:46:36:48  Start Input for Next Load Case
                14:46:36:48  case no= 1201 seq. no=  54 idynl= 0
                14:46:36:49  LOADEND ISLAVE                                   0
                14:46:36:49  Start Input for Next Load Case
                14:46:36:50  case no= 1202 seq. no=  55 idynl= 0
                14:46:36:50  LOADEND ISLAVE                                   0
                14:46:36:51  Start Input for Next Load Case
                14:46:36:52  case no= 1203 seq. no=  56 idynl= 0
                14:46:36:52  LOADEND ISLAVE                                   0
                14:46:36:53  Start Input for Next Load Case
                14:46:36:53  case no= 1204 seq. no=  57 idynl= 0
                14:46:36:54  LOADEND ISLAVE                                   0
                14:46:36:54  Start Input for Next Load Case
                14:46:36:55  case no= 1205 seq. no=  58 idynl= 0
                14:46:36:56  LOADEND ISLAVE                                   0
                14:46:36:56  Start Input for Next Load Case
                14:46:36:57  case no= 1206 seq. no=  59 idynl= 0
                14:46:36:57  LOADEND ISLAVE                                   0
                14:46:36:58  Start Input for Next Load Case
                14:46:36:58  case no= 1207 seq. no=  60 idynl= 0
                14:46:36:59  LOADEND ISLAVE                                   0
                14:46:36:59  Start Input for Next Load Case
                14:46:36:60  case no= 1208 seq. no=  61 idynl= 0
                14:46:36:61  LOADEND ISLAVE                                   0
                14:46:36:61  Start Input for Next Load Case
                14:46:36:62  case no= 2101 seq. no=  62 idynl= 0
                14:46:36:63  LOADEND ISLAVE                                   0
                14:46:36:63  Start Input for Next Load Case
                14:46:36:64  case no= 2102 seq. no=  63 idynl= 0
                14:46:36:64  LOADEND ISLAVE                                   0
                14:46:36:65  Start Input for Next Load Case
                14:46:36:65  case no= 2103 seq. no=  64 idynl= 0
                14:46:36:65  LOADEND ISLAVE                                   0
                14:46:36:66  Start Input for Next Load Case
                14:46:36:66  case no= 2104 seq. no=  65 idynl= 0
                14:46:36:67  LOADEND ISLAVE                                   0
                14:46:36:67  Start Input for Next Load Case
                14:46:36:68  case no= 2105 seq. no=  66 idynl= 0
                14:46:36:68  LOADEND ISLAVE                                   0
                14:46:36:68  Start Input for Next Load Case
                14:46:36:69  case no= 2106 seq. no=  67 idynl= 0
                14:46:36:69  LOADEND ISLAVE                                   0
                14:46:36:70  Start Input for Next Load Case
                14:46:36:70  case no= 2107 seq. no=  68 idynl= 0
                14:46:36:71  LOADEND ISLAVE                                   0
                14:46:36:71  Start Input for Next Load Case
                14:46:36:72  case no= 2108 seq. no=  69 idynl= 0
                14:46:36:72  LOADEND ISLAVE                                   0
                14:46:36:73  Start Input for Next Load Case
                14:46:36:73  case no= 3001 seq. no=  70 idynl= 0
                14:46:36:74  LOADEND ISLAVE                                   0
                14:46:36:74  Start Input for Next Load Case
                14:46:36:75  case no= 3002 seq. no=  71 idynl= 0
                14:46:36:75  LOADEND ISLAVE                                   0
                14:46:36:76  Start Input for Next Load Case
                14:46:36:76  case no= 3003 seq. no=  72 idynl= 0
                14:46:36:77  LOADEND ISLAVE                                   0
                14:46:36:77  Start Input for Next Load Case
                14:46:36:78  case no= 3004 seq. no=  73 idynl= 0
                14:46:36:78  LOADEND ISLAVE                                   0
                14:46:36:79  Start Input for Next Load Case
                14:46:36:79  case no= 3005 seq. no=  74 idynl= 0
                14:46:36:80  LOADEND ISLAVE                                   0
                14:46:36:80  Start Input for Next Load Case
                14:46:36:81  case no= 3006 seq. no=  75 idynl= 0
                14:46:36:81  LOADEND ISLAVE                                   0
                14:46:36:82  Start Input for Next Load Case
                14:46:36:82  case no= 3007 seq. no=  76 idynl= 0
                14:46:36:83  LOADEND ISLAVE                                   0
                14:46:36:83  Start Input for Next Load Case
                14:46:36:84  case no= 3008 seq. no=  77 idynl= 0
                14:46:36:84  LOADEND ISLAVE                                   0
                14:46:36:85  Start Input for Next Load Case
                14:46:36:85  case no= 3011 seq. no=  78 idynl= 0
                14:46:36:85  LOADEND ISLAVE                                   0
                14:46:36:86  Start Input for Next Load Case
                14:46:36:86  case no= 3012 seq. no=  79 idynl= 0
                14:46:36:87  LOADEND ISLAVE                                   0
                14:46:36:87  Start Input for Next Load Case
                14:46:36:88  case no= 3013 seq. no=  80 idynl= 0
                14:46:36:88  LOADEND ISLAVE                                   0
                14:46:36:89  Start Input for Next Load Case
                14:46:36:89  case no= 3014 seq. no=  81 idynl= 0
                14:46:36:90  LOADEND ISLAVE                                   0
                14:46:36:90  Start Input for Next Load Case
                14:46:36:91  case no= 3015 seq. no=  82 idynl= 0
                14:46:36:91  LOADEND ISLAVE                                   0
                14:46:36:92  Start Input for Next Load Case
                14:46:36:92  case no= 3016 seq. no=  83 idynl= 0
                14:46:36:93  LOADEND ISLAVE                                   0
                14:46:36:93  Start Input for Next Load Case
                14:46:36:94  case no= 3017 seq. no=  84 idynl= 0
                14:46:36:94  LOADEND ISLAVE                                   0
                14:46:36:94  Start Input for Next Load Case
                14:46:36:95  case no= 3018 seq. no=  85 idynl= 0
                14:46:36:95  LOADEND ISLAVE                                   0
                14:46:36:96  Start Input for Next Load Case
                14:46:36:96  case no= 3021 seq. no=  86 idynl= 0
                14:46:36:97  LOADEND ISLAVE                                   0
                14:46:36:97  Start Input for Next Load Case
                14:46:36:97  case no= 3022 seq. no=  87 idynl= 0
                14:46:36:98  LOADEND ISLAVE                                   0
                14:46:36:98  Start Input for Next Load Case
                14:46:36:99  case no= 3023 seq. no=  88 idynl= 0
                14:46:37: 0  LOADEND ISLAVE                                   0
                14:46:37: 0  Start Input for Next Load Case
                14:46:37: 1  case no= 3024 seq. no=  89 idynl= 0
                14:46:37: 1  LOADEND ISLAVE                                   0
                14:46:37: 2  Start Input for Next Load Case
                14:46:37: 2  case no= 3025 seq. no=  90 idynl= 0
                14:46:37: 3  LOADEND ISLAVE                                   0
                14:46:37: 3  Start Input for Next Load Case
                14:46:37: 4  case no= 3026 seq. no=  91 idynl= 0
                14:46:37: 4  LOADEND ISLAVE                                   0
                14:46:37: 5  Start Input for Next Load Case
                14:46:37: 5  case no= 3027 seq. no=  92 idynl= 0
                14:46:37: 6  LOADEND ISLAVE                                   0
                14:46:37: 6  Start Input for Next Load Case
                14:46:37: 6  case no= 3028 seq. no=  93 idynl= 0
                14:46:37: 7  LOADEND ISLAVE                                   0
                14:46:37: 7  Start Input for Next Load Case
                14:46:37: 8  case no= 3201 seq. no=  94 idynl= 0
                14:46:37: 9  LOADEND ISLAVE                                   0
                14:46:37: 9  Start Input for Next Load Case
                14:46:37:10  case no= 3202 seq. no=  95 idynl= 0
                14:46:37:10  LOADEND ISLAVE                                   0
                14:46:37:11  Start Input for Next Load Case
                14:46:37:11  case no= 3203 seq. no=  96 idynl= 0
                14:46:37:12  LOADEND ISLAVE                                   0
                14:46:37:12  Start Input for Next Load Case
                14:46:37:13  case no= 3204 seq. no=  97 idynl= 0
                14:46:37:13  LOADEND ISLAVE                                   0
                14:46:37:14  Start Input for Next Load Case
                14:46:37:14  case no= 3205 seq. no=  98 idynl= 0
                14:46:37:15  LOADEND ISLAVE                                   0
                14:46:37:15  Start Input for Next Load Case
                14:46:37:16  case no= 3206 seq. no=  99 idynl= 0
                14:46:37:16  LOADEND ISLAVE                                   0
                14:46:37:17  Start Input for Next Load Case
                14:46:37:17  case no= 3207 seq. no= 100 idynl= 0
                14:46:37:18  LOADEND ISLAVE                                   0
                14:46:37:18  Start Input for Next Load Case
                14:46:37:19  case no= 3208 seq. no= 101 idynl= 0
                14:46:37:19  LOADEND ISLAVE                                   0
                14:46:37:20  NVPREV                                           0
                14:46:37:20  AMAXNON                               4.829396E-01
                14:46:37:21  IRECSIZL=                                     4000
                14:46:37:21  MTX BLOCKSIZE=                                 102
                14:46:37:22  MI=                                            102
                14:46:37:22  NORECL=                                          1
                14:46:37:23  NORECL1=                                         1
                14:46:37:23  IWORD=                                       32000
                14:46:37:24  JRECSIZE=                                     4000
                14:46:37:24  IWORDJ=                                      32000
                14:46:37:24  IBYTE=                                           4
                14:46:37:25  JOINTS=                                         20
                14:46:37:25  MEMBERS=                                        20
                14:46:37:26  PLATES =                                         0
                14:46:37:27  SOLIDS =                                         0
                14:46:37:27  NO. OF EQUATIONS=                              102
                14:46:37:28  idyn=                                            0
                14:46:37:28  ipd=                                             0
                14:46:37:29  icablanl=                                        0
                14:46:37:29  ++ Processing Element Stiffness Matrix.
                14:46:37:30  NV1                                            101
                14:46:37:41  ++ Calculating Element Forces & Reactions.
                14:46:37:89  COMBINATION CASES=                               0
                14:46:37:89  MAX CM MEMORY (KILOWORDS)                       36
                14:46:37:89  AFTER SOLVER 1
                14:46:37:90  REOPEN AS SEQ                                    0
                14:46:37:91  DEFINE ENVELOPE
                14:46:37:92  LOAD LIST 1101 TO 110
                14:46:37:92  PARAMETER 1
                14:46:37:93  CHECK CODE ALL
                14:46:37:93  ENTERING SECTNM110 IQ=                          20
                14:46:37:94               NSEC=                              11
                14:46:37:94             ISECTN=                               0
                14:46:37:97  SECTNM110 DO 925
                14:46:37:99  ENTERING ENVLP1 ITYP1=                          -3
                14:46:37:99  SECT DISPLACE
                14:46:38: 2  Steel/Alum/Timber Design                        52
                14:46:38:11    ++ Finished Design ...
                14:46:38:11  Steel/Timber Design exit
                14:46:38:11  LOAD LIST 2101 TO 210
                14:46:38:12  PARAMETER 1
                14:46:38:12  CHECK CODE ALL
                14:46:38:13  ENTERING ENVLP1 ITYP1=                          -3
                14:46:38:13  SECT DISPLACE
                14:46:38:17  Steel/Alum/Timber Design                        52
                14:46:38:19    ++ Finished Design ...
                14:46:38:19  Steel/Timber Design exit
                14:46:38:20  LOAD LIST ENV 4 TO 7
                14:46:38:20  PARAMETER 1
                14:46:38:21  CHECK CODE ALL
                14:46:38:22  ENTERING ENVLP1 ITYP1=                          -3
                14:46:38:22  SECT DISPLACE
                14:46:38:25  Steel/Alum/Timber Design                        52
                14:46:38:34    ++ Finished Design ...
                14:46:38:34  Steel/Timber Design exit
                14:46:38:35  PRINT JOINT DISPLACEM
                14:46:38:36  PRINT SUPPORT REACTIO
                14:46:38:36  FINISH
                14:46:38:37  All Commands FINISHed
                14:46:38:37  DATASAVE for SPRO GUI
                14:46:38:38  ++ Creating Displacement File (DSP)...
                14:46:38:39  ++ Creating Reaction File (REA)...
                14:46:38:40  ++ Creating Section Force File (BMD)...
                14:46:38:44  ++ Creating Section Displace File (SEC)...
                14:46:38:44  ENTERING ENVLP1 ITYP1=                          -5
                14:46:38:44  SECT DISPLACE
                14:46:38:49  ++ Creating Section Displace File (SCN)...
                14:46:38:52  ++ Creating Design information File (DGN)...
                14:46:38:52  ALLOCATED CM MEMORY (KILOWORDS)             300000
                14:46:38:53  MAX CM MEMORY (KILOWORDS)                      106
                14:46:38:53  DBS LONG SEC NAME
* End Of Analysis At Mon Aug  5 14:46:38 2024
* CPU usage = 3.750000
* STAAD Exit Code: 100, Warning Count: 0, Error Count: 0, Duration: 3.75
1 0 0 3.75
****************************************************************************
*                            END OF ANALYSIS                               *
****************************************************************************
