07/11/2024 13:49:27	Reading UID database.
07/11/2024 13:49:27	Start loading STAAD model.
07/11/2024 13:49:27	Reading model file.
07/11/2024 13:49:27	Reading model file is complete.
07/11/2024 13:49:27	Processing support.
07/11/2024 13:49:27	Processing springs.
07/11/2024 13:49:27	Processing properties.
07/11/2024 13:49:27	Processing physical properties.
07/11/2024 13:49:27	Processing constants.
07/11/2024 13:49:27	Processing BETA constants.
07/11/2024 13:49:28	Processing hidden analytical member loads.
07/11/2024 13:49:28	Processing command list for member release.
07/11/2024 13:49:28	Processing command list for member offset.
07/11/2024 13:49:28	Processing command list for member specs (cracked).
07/11/2024 13:49:28	Processing command list for member specs (axial).
07/11/2024 13:49:28	Processing command list for element release.
07/11/2024 13:49:28	Processing command list for element offset.
07/11/2024 13:49:28	Processing command list for element plate stress directive.
07/11/2024 13:49:28	Processing parameter for Chinese wind load case.
07/11/2024 13:49:28	End Processing command list.
07/11/2024 13:49:28	End loading STAAD model.
07/11/2024 13:49:28	Start Post Analysis method
07/11/2024 13:49:28	Removed all hidden plates from surfaces
07/11/2024 13:49:28	Removed all hidden plates
07/11/2024 13:49:28	Removed all hidden nodes
07/11/2024 13:49:28	Loading results from MSH file...
07/11/2024 13:49:28	Building result indices...
07/11/2024 13:49:28	Loading plate stress results...
07/11/2024 13:49:28	Set analysis report setup data
07/11/2024 13:49:28	Starting page setup...
07/11/2024 13:49:28	Page setup completed
07/11/2024 13:49:28	Setting available workflows...
07/11/2024 13:49:28	Post analysis method ends
07/11/2024 13:49:48	Start Post Analysis method
07/11/2024 13:49:48	Removed all hidden plates from surfaces
07/11/2024 13:49:48	Removed all hidden plates
07/11/2024 13:49:48	Removed all hidden nodes
07/11/2024 13:49:48	Loading results from MSH file...
07/11/2024 13:49:48	Building result indices...
07/11/2024 13:49:48	Loading plate stress results...
07/11/2024 13:49:48	Set analysis report setup data
07/11/2024 13:49:48	Starting page setup...
07/11/2024 13:49:48	Page setup completed
07/11/2024 13:49:48	Setting available workflows...
07/11/2024 13:49:48	Post analysis method ends
