07/26/2024 14:13:19	Reading UID database.
07/26/2024 14:13:19	Start loading STAAD model.
07/26/2024 14:13:19	Reading model file.
07/26/2024 14:13:20	Reading model file is complete.
07/26/2024 14:13:20	Processing support.
07/26/2024 14:13:20	Processing springs.
07/26/2024 14:13:20	Processing properties.
07/26/2024 14:13:20	Processing physical properties.
07/26/2024 14:13:20	Processing constants.
07/26/2024 14:13:20	Processing BETA constants.
07/26/2024 14:13:20	Processing hidden analytical member loads.
07/26/2024 14:13:20	Processing command list for member release.
07/26/2024 14:13:20	Processing command list for member offset.
07/26/2024 14:13:20	Processing command list for member specs (cracked).
07/26/2024 14:13:20	Processing command list for member specs (axial).
07/26/2024 14:13:20	Processing command list for element release.
07/26/2024 14:13:20	Processing command list for element offset.
07/26/2024 14:13:20	Processing command list for element plate stress directive.
07/26/2024 14:13:20	Processing parameter for Chinese wind load case.
07/26/2024 14:13:20	End Processing command list.
07/26/2024 14:13:20	End loading STAAD model.
07/26/2024 14:13:20	Start Post Analysis method
07/26/2024 14:13:20	Removed all hidden plates from surfaces
07/26/2024 14:13:20	Removed all hidden plates
07/26/2024 14:13:20	Removed all hidden nodes
07/26/2024 14:13:20	Loading results from MSH file...
07/26/2024 14:13:20	Building result indices...
07/26/2024 14:13:20	Loading plate stress results...
07/26/2024 14:13:20	Set analysis report setup data
07/26/2024 14:13:20	Starting page setup...
07/26/2024 14:13:20	Page setup completed
07/26/2024 14:13:20	Setting available workflows...
07/26/2024 14:13:20	Post analysis method ends
07/26/2024 14:14:18	Start Post Analysis method
07/26/2024 14:14:18	Removed all hidden plates from surfaces
07/26/2024 14:14:18	Removed all hidden plates
07/26/2024 14:14:18	Removed all hidden nodes
07/26/2024 14:14:18	Loading results from MSH file...
07/26/2024 14:14:18	Building result indices...
07/26/2024 14:14:18	Loading plate stress results...
07/26/2024 14:14:18	Set analysis report setup data
07/26/2024 14:14:18	Starting page setup...
07/26/2024 14:14:18	Page setup completed
07/26/2024 14:14:18	Setting available workflows...
07/26/2024 14:14:18	Post analysis method ends
07/26/2024 14:14:32	Start Post Analysis method
07/26/2024 14:14:32	Removed all hidden plates from surfaces
07/26/2024 14:14:32	Removed all hidden plates
07/26/2024 14:14:32	Removed all hidden nodes
07/26/2024 14:14:32	Loading results from MSH file...
07/26/2024 14:14:32	Building result indices...
07/26/2024 14:14:32	Loading plate stress results...
07/26/2024 14:14:32	Set analysis report setup data
07/26/2024 14:14:32	Starting page setup...
07/26/2024 14:14:32	Page setup completed
07/26/2024 14:14:32	Setting available workflows...
07/26/2024 14:14:32	Post analysis method ends
07/26/2024 14:14:45	Start Post Analysis method
07/26/2024 14:14:45	Removed all hidden plates from surfaces
07/26/2024 14:14:45	Removed all hidden plates
07/26/2024 14:14:45	Removed all hidden nodes
07/26/2024 14:14:45	Loading results from MSH file...
07/26/2024 14:14:45	Building result indices...
07/26/2024 14:14:45	Loading plate stress results...
07/26/2024 14:14:45	Set analysis report setup data
07/26/2024 14:14:45	Starting page setup...
07/26/2024 14:14:45	Page setup completed
07/26/2024 14:14:45	Setting available workflows...
07/26/2024 14:14:45	Post analysis method ends
07/26/2024 14:15:04	Start Post Analysis method
07/26/2024 14:15:04	Removed all hidden plates from surfaces
07/26/2024 14:15:04	Removed all hidden plates
07/26/2024 14:15:04	Removed all hidden nodes
07/26/2024 14:15:04	Loading results from MSH file...
07/26/2024 14:15:04	Building result indices...
07/26/2024 14:15:04	Loading plate stress results...
07/26/2024 14:15:04	Set analysis report setup data
07/26/2024 14:15:04	Starting page setup...
07/26/2024 14:15:04	Page setup completed
07/26/2024 14:15:04	Setting available workflows...
07/26/2024 14:15:04	Post analysis method ends
