12/02/2024 20:17:58	Reading UID database.
12/02/2024 20:17:58	Start loading STAAD model.
12/02/2024 20:17:58	Reading model file.
12/02/2024 20:17:59	Reading model file is complete.
12/02/2024 20:17:59	Processing support.
12/02/2024 20:17:59	Processing springs.
12/02/2024 20:17:59	Processing properties.
12/02/2024 20:17:59	Processing physical properties.
12/02/2024 20:17:59	Processing constants.
12/02/2024 20:17:59	Processing BETA constants.
12/02/2024 20:17:59	Processing hidden analytical member loads.
12/02/2024 20:17:59	Processing command list for member release.
12/02/2024 20:17:59	Processing command list for member offset.
12/02/2024 20:17:59	Processing command list for member specs (cracked).
12/02/2024 20:17:59	Processing command list for member specs (axial).
12/02/2024 20:17:59	Processing command list for element release.
12/02/2024 20:17:59	Processing command list for element offset.
12/02/2024 20:17:59	Processing command list for element plate stress directive.
12/02/2024 20:17:59	Processing parameter for Chinese wind load case.
12/02/2024 20:17:59	End Processing command list.
12/02/2024 20:17:59	End loading STAAD model.
12/02/2024 20:17:59	Start Post Analysis method
12/02/2024 20:17:59	Removed all hidden plates from surfaces
12/02/2024 20:17:59	Removed all hidden plates
12/02/2024 20:17:59	Removed all hidden nodes
12/02/2024 20:17:59	Loading results from MSH file...
12/02/2024 20:17:59	Building result indices...
12/02/2024 20:17:59	Loading plate stress results...
12/02/2024 20:17:59	Set analysis report setup data
12/02/2024 20:17:59	Starting page setup...
12/02/2024 20:17:59	Page setup completed
12/02/2024 20:17:59	Setting available workflows...
12/02/2024 20:17:59	Post analysis method ends
