07/02/2024 16:35:01	Reading UID database.
07/02/2024 16:35:01	Start loading STAAD model.
07/02/2024 16:35:01	Reading model file.
07/02/2024 16:35:01	Reading model file is complete.
07/02/2024 16:35:01	Processing support.
07/02/2024 16:35:01	Processing springs.
07/02/2024 16:35:01	Processing properties.
07/02/2024 16:35:01	Processing physical properties.
07/02/2024 16:35:01	Processing constants.
07/02/2024 16:35:01	Processing BETA constants.
07/02/2024 16:35:01	Processing hidden analytical member loads.
07/02/2024 16:35:01	Processing command list for member release.
07/02/2024 16:35:01	Processing command list for member offset.
07/02/2024 16:35:01	Processing command list for member specs (cracked).
07/02/2024 16:35:01	Processing command list for member specs (axial).
07/02/2024 16:35:01	Processing command list for element release.
07/02/2024 16:35:01	Processing command list for element offset.
07/02/2024 16:35:01	Processing command list for element plate stress directive.
07/02/2024 16:35:01	Processing parameter for Chinese wind load case.
07/02/2024 16:35:01	End Processing command list.
07/02/2024 16:35:01	End loading STAAD model.
07/02/2024 16:35:01	Start Post Analysis method
07/02/2024 16:35:01	Removed all hidden plates from surfaces
07/02/2024 16:35:01	Removed all hidden plates
07/02/2024 16:35:01	Removed all hidden nodes
07/02/2024 16:35:01	Loading results from MSH file...
07/02/2024 16:35:01	Building result indices...
07/02/2024 16:35:01	Loading plate stress results...
07/02/2024 16:35:01	Set analysis report setup data
07/02/2024 16:35:01	Starting page setup...
07/02/2024 16:35:01	Page setup completed
07/02/2024 16:35:01	Setting available workflows...
07/02/2024 16:35:01	Post analysis method ends
07/02/2024 16:35:09	User interruption is enabled while drawing
07/02/2024 16:54:29	Reading UID database.
07/02/2024 16:54:29	Start loading STAAD model.
07/02/2024 16:54:29	Reading model file.
07/02/2024 16:54:29	Reading model file is complete.
07/02/2024 16:54:29	Processing support.
07/02/2024 16:54:29	Processing springs.
07/02/2024 16:54:29	Processing properties.
07/02/2024 16:54:29	Processing physical properties.
07/02/2024 16:54:29	Processing constants.
07/02/2024 16:54:29	Processing BETA constants.
07/02/2024 16:54:29	Processing hidden analytical member loads.
07/02/2024 16:54:29	Processing command list for member release.
07/02/2024 16:54:29	Processing command list for member offset.
07/02/2024 16:54:29	Processing command list for member specs (cracked).
07/02/2024 16:54:29	Processing command list for member specs (axial).
07/02/2024 16:54:29	Processing command list for element release.
07/02/2024 16:54:29	Processing command list for element offset.
07/02/2024 16:54:29	Processing command list for element plate stress directive.
07/02/2024 16:54:29	Processing parameter for Chinese wind load case.
07/02/2024 16:54:29	End Processing command list.
07/02/2024 16:54:29	End loading STAAD model.
07/02/2024 16:54:29	Start Post Analysis method
07/02/2024 16:54:29	Removed all hidden plates from surfaces
07/02/2024 16:54:29	Removed all hidden plates
07/02/2024 16:54:29	Removed all hidden nodes
07/02/2024 16:54:29	Loading results from MSH file...
07/02/2024 16:54:29	Building result indices...
07/02/2024 16:54:29	Loading plate stress results...
07/02/2024 16:54:29	Set analysis report setup data
07/02/2024 16:54:29	Starting page setup...
07/02/2024 16:54:29	Page setup completed
07/02/2024 16:54:29	Setting available workflows...
07/02/2024 16:54:29	Post analysis method ends
07/02/2024 16:55:38	Reading UID database.
07/02/2024 16:55:38	Start loading STAAD model.
07/02/2024 16:55:38	Reading model file.
07/02/2024 16:55:38	Reading model file is complete.
07/02/2024 16:55:38	Processing support.
07/02/2024 16:55:38	Processing springs.
07/02/2024 16:55:38	Processing properties.
07/02/2024 16:55:38	Processing physical properties.
07/02/2024 16:55:38	Processing constants.
07/02/2024 16:55:38	Processing BETA constants.
07/02/2024 16:55:38	Processing hidden analytical member loads.
07/02/2024 16:55:38	Processing command list for member release.
07/02/2024 16:55:38	Processing command list for member offset.
07/02/2024 16:55:38	Processing command list for member specs (cracked).
07/02/2024 16:55:38	Processing command list for member specs (axial).
07/02/2024 16:55:38	Processing command list for element release.
07/02/2024 16:55:38	Processing command list for element offset.
07/02/2024 16:55:38	Processing command list for element plate stress directive.
07/02/2024 16:55:38	Processing parameter for Chinese wind load case.
07/02/2024 16:55:38	End Processing command list.
07/02/2024 16:55:38	End loading STAAD model.
07/02/2024 16:55:38	Start Post Analysis method
07/02/2024 16:55:38	Removed all hidden plates from surfaces
07/02/2024 16:55:38	Removed all hidden plates
07/02/2024 16:55:38	Removed all hidden nodes
07/02/2024 16:55:38	Loading results from MSH file...
07/02/2024 16:55:38	Building result indices...
07/02/2024 16:55:38	Loading plate stress results...
07/02/2024 16:55:38	Set analysis report setup data
07/02/2024 16:55:38	Starting page setup...
07/02/2024 16:55:38	Page setup completed
07/02/2024 16:55:38	Setting available workflows...
07/02/2024 16:55:38	Post analysis method ends
07/02/2024 16:57:04	Start Post Analysis method
07/02/2024 16:57:04	Removed all hidden plates from surfaces
07/02/2024 16:57:04	Removed all hidden plates
07/02/2024 16:57:04	Removed all hidden nodes
07/02/2024 16:57:04	Loading results from MSH file...
07/02/2024 16:57:04	Building result indices...
07/02/2024 16:57:04	Loading plate stress results...
07/02/2024 16:57:04	Set analysis report setup data
07/02/2024 16:57:04	Starting page setup...
07/02/2024 16:57:04	Page setup completed
07/02/2024 16:57:04	Setting available workflows...
07/02/2024 16:57:04	Post analysis method ends
