16:56:57	Initializing STAAD Engine
16:56:57	Run stream set up is complete.
16:56:57	Initialize license libraries.
16:56:58	License libraries initialized.
16:56:58	Starting license(s) for A & D engine.
16:56:59	License Status: Ok
16:56:59	License information set up is complete.
****************************************************************************
*                            START OF ANALYSIS                             *
****************************************************************************
* Initiating Analysis At Tue Jul  2 16:56:59 2024
                          PROGRAM: STAAD.Pro
                          VERSION: 23.00.01.25
                16:56:59:12  ENTERING STAAD
                16:56:59:15  USING 64 BIT STAAD ENGINE
                16:56:59:15  ENTERING MAINN
                16:56:59:15  START JOB INFORMATION
                16:56:59:15  INPUT WIDTH 79
                16:56:59:16  UNIT MMS KN
                16:56:59:16  JOINT COORDINATES
                16:56:59:16  ENTERING JOINTC
                16:56:59:17  JOINTC NEWJ                                 400000
                16:56:59:17  MAX NODE NO.                                    10
                16:56:59:18  MEMBER INCIDENCES
                16:56:59:18  UNIT METER KN
                16:56:59:18  DEFINE MATERIAL START
                16:56:59:19  UNIT MMS KN
                16:56:59:19  MEMBER PROPERTY EUROP
                16:56:59:70    ++ Finished Reading Member Properties ...
                16:56:59:70  CONSTANTS
                16:56:59:71  SUPPORTS
                16:56:59:72  ENTERING SUPPORT
                16:56:59:72  MEMBER OFFSET
                16:56:59:73  DEFINE WIND LOAD
                16:56:59:73  LOAD 121 LOADTYPE DEA
                16:56:59:73  DUPLICATE ELEMENT CHECK
                16:56:59:74  CHECKING STRUCTURAL INTEGRITY
                16:56:59:74  CHECK UNCONNECTED JOINTS AND
                16:56:59:75  CALCULATE MAX JOINT CONNECTIVITY
                16:56:59:75  CHECK MULTIPLE STRUCTURES
                16:56:59:76  ENTERING SUPPORT
                16:56:59:76  NRJOLD                                           0
                16:56:59:77  SUPPORT NOLD                                     0
                16:56:59:77  SUPPORT N                                       48
                16:56:59:78  BEFORE LOADPR
                16:56:59:78  REOPEN AS DIR                                    0
                16:56:59:79  ENTER LOADPR
                16:56:59:90  PERFORM ANALYSIS PRIN
                16:56:59:90  pdel iter                                        0
                16:56:59:91  MAXIMUM E =                           2.973273E+04
                16:56:59:92  MINIMUM E =                           2.973273E+04
                16:56:59:92  MBW DOF BAND=                                    1
                16:56:59:92  NUMBER OF PRIMARY CASES                        101
                16:56:59:93  NUMBER OF CASES                                252
                16:56:59:93  #OF CASES W/ELEM INMEMORY                      252
                16:56:59:94  MEMORY FOR MEMBER LOADS                      27216
                16:56:59:94  MEMORY FOR DISPLACEMENTS                     15120
                16:56:59:95  MEMORY FOR MEMBER FORCES                     27216
                16:56:59:95  Using 64-bit analysis engine
                16:56:59:96  BEFORE SOLVER 1
                16:56:59:96  Start Input for Next Load Case
                16:56:59:97  case no=  121 seq. no=   1 idynl= 0
                16:56:59:97  MASSSET                                          0
                16:56:59:98  LOADEND ISLAVE                                   0
                16:56:59:98  Start Input for Next Load Case
                16:56:59:98  case no=  201 seq. no=   2 idynl= 0
                16:56:59:99  LOADEND ISLAVE                                   0
                16:56:59:99  Start Input for Next Load Case
                16:57: 0: 0  case no=  202 seq. no=   3 idynl= 0
                16:57: 0: 0  LOADEND ISLAVE                                   0
                16:57: 0: 1  Start Input for Next Load Case
                16:57: 0: 1  case no=  203 seq. no=   4 idynl= 0
                16:57: 0: 2  LOADEND ISLAVE                                   0
                16:57: 0: 3  Start Input for Next Load Case
                16:57: 0: 3  case no=  204 seq. no=   5 idynl= 0
                16:57: 0: 4  LOADEND ISLAVE                                   0
                16:57: 0: 4  Start Input for Next Load Case
                16:57: 0: 5  case no=  205 seq. no=   6 idynl= 0
                16:57: 0: 5  LOADEND ISLAVE                                   0
                16:57: 0: 5  Start Input for Next Load Case
                16:57: 0: 6  case no=  206 seq. no=   7 idynl= 0
                16:57: 0: 6  LOADEND ISLAVE                                   0
                16:57: 0: 7  Start Input for Next Load Case
                16:57: 0: 7  case no=  207 seq. no=   8 idynl= 0
                16:57: 0: 7  LOADEND ISLAVE                                   0
                16:57: 0: 8  Start Input for Next Load Case
                16:57: 0: 8  case no=  208 seq. no=   9 idynl= 0
                16:57: 0: 9  LOADEND ISLAVE                                   0
                16:57: 0: 9  Start Input for Next Load Case
                16:57: 0: 9  case no=  312 seq. no=  10 idynl= 0
                16:57: 0:10  LOADEND ISLAVE                                   0
                16:57: 0:10  Start Input for Next Load Case
                16:57: 0:11  case no=  313 seq. no=  11 idynl= 0
                16:57: 0:11  LOADEND ISLAVE                                   0
                16:57: 0:12  Start Input for Next Load Case
                16:57: 0:12  case no=  314 seq. no=  12 idynl= 0
                16:57: 0:12  LOADEND ISLAVE                                   0
                16:57: 0:13  Start Input for Next Load Case
                16:57: 0:13  case no=  315 seq. no=  13 idynl= 0
                16:57: 0:14  LOADEND ISLAVE                                   0
                16:57: 0:14  Start Input for Next Load Case
                16:57: 0:14  case no=  322 seq. no=  14 idynl= 0
                16:57: 0:15  LOADEND ISLAVE                                   0
                16:57: 0:15  Start Input for Next Load Case
                16:57: 0:16  case no=  323 seq. no=  15 idynl= 0
                16:57: 0:16  LOADEND ISLAVE                                   0
                16:57: 0:16  Start Input for Next Load Case
                16:57: 0:17  case no=  324 seq. no=  16 idynl= 0
                16:57: 0:17  LOADEND ISLAVE                                   0
                16:57: 0:18  Start Input for Next Load Case
                16:57: 0:18  case no=  325 seq. no=  17 idynl= 0
                16:57: 0:18  LOADEND ISLAVE                                   0
                16:57: 0:19  Start Input for Next Load Case
                16:57: 0:19  case no=  332 seq. no=  18 idynl= 0
                16:57: 0:20  LOADEND ISLAVE                                   0
                16:57: 0:20  Start Input for Next Load Case
                16:57: 0:21  case no=  333 seq. no=  19 idynl= 0
                16:57: 0:21  LOADEND ISLAVE                                   0
                16:57: 0:22  Start Input for Next Load Case
                16:57: 0:22  case no=  334 seq. no=  20 idynl= 0
                16:57: 0:23  LOADEND ISLAVE                                   0
                16:57: 0:23  Start Input for Next Load Case
                16:57: 0:24  case no=  335 seq. no=  21 idynl= 0
                16:57: 0:24  LOADEND ISLAVE                                   0
                16:57: 0:25  Start Input for Next Load Case
                16:57: 0:25  case no=  411 seq. no=  22 idynl= 0
                16:57: 0:25  LOADEND ISLAVE                                   0
                16:57: 0:26  Start Input for Next Load Case
                16:57: 0:26  case no=  412 seq. no=  23 idynl= 0
                16:57: 0:27  LOADEND ISLAVE                                   0
                16:57: 0:27  Start Input for Next Load Case
                16:57: 0:28  case no=  413 seq. no=  24 idynl= 0
                16:57: 0:28  LOADEND ISLAVE                                   0
                16:57: 0:29  Start Input for Next Load Case
                16:57: 0:29  case no=  414 seq. no=  25 idynl= 0
                16:57: 0:29  LOADEND ISLAVE                                   0
                16:57: 0:30  Start Input for Next Load Case
                16:57: 0:30  case no=  415 seq. no=  26 idynl= 0
                16:57: 0:31  LOADEND ISLAVE                                   0
                16:57: 0:31  Start Input for Next Load Case
                16:57: 0:32  case no=  416 seq. no=  27 idynl= 0
                16:57: 0:32  LOADEND ISLAVE                                   0
                16:57: 0:32  Start Input for Next Load Case
                16:57: 0:33  case no=  417 seq. no=  28 idynl= 0
                16:57: 0:33  LOADEND ISLAVE                                   0
                16:57: 0:34  Start Input for Next Load Case
                16:57: 0:34  case no=  418 seq. no=  29 idynl= 0
                16:57: 0:35  LOADEND ISLAVE                                   0
                16:57: 0:35  Start Input for Next Load Case
                16:57: 0:35  case no=  421 seq. no=  30 idynl= 0
                16:57: 0:36  LOADEND ISLAVE                                   0
                16:57: 0:36  Start Input for Next Load Case
                16:57: 0:37  case no=  422 seq. no=  31 idynl= 0
                16:57: 0:37  LOADEND ISLAVE                                   0
                16:57: 0:37  Start Input for Next Load Case
                16:57: 0:38  case no=  423 seq. no=  32 idynl= 0
                16:57: 0:38  LOADEND ISLAVE                                   0
                16:57: 0:39  Start Input for Next Load Case
                16:57: 0:39  case no=  424 seq. no=  33 idynl= 0
                16:57: 0:40  LOADEND ISLAVE                                   0
                16:57: 0:40  Start Input for Next Load Case
                16:57: 0:41  case no=  425 seq. no=  34 idynl= 0
                16:57: 0:41  LOADEND ISLAVE                                   0
                16:57: 0:41  Start Input for Next Load Case
                16:57: 0:42  case no=  426 seq. no=  35 idynl= 0
                16:57: 0:42  LOADEND ISLAVE                                   0
                16:57: 0:43  Start Input for Next Load Case
                16:57: 0:43  case no=  427 seq. no=  36 idynl= 0
                16:57: 0:44  LOADEND ISLAVE                                   0
                16:57: 0:44  Start Input for Next Load Case
                16:57: 0:45  case no=  428 seq. no=  37 idynl= 0
                16:57: 0:45  LOADEND ISLAVE                                   0
                16:57: 0:46  Start Input for Next Load Case
                16:57: 0:46  case no=  711 seq. no=  38 idynl= 0
                16:57: 0:47  LOADEND ISLAVE                                   0
                16:57: 0:48  Start Input for Next Load Case
                16:57: 0:48  case no=  712 seq. no=  39 idynl= 0
                16:57: 0:49  LOADEND ISLAVE                                   0
                16:57: 0:50  Start Input for Next Load Case
                16:57: 0:50  case no=  713 seq. no=  40 idynl= 0
                16:57: 0:51  LOADEND ISLAVE                                   0
                16:57: 0:51  Start Input for Next Load Case
                16:57: 0:52  case no=  714 seq. no=  41 idynl= 0
                16:57: 0:52  LOADEND ISLAVE                                   0
                16:57: 0:53  Start Input for Next Load Case
                16:57: 0:53  case no=  715 seq. no=  42 idynl= 0
                16:57: 0:53  LOADEND ISLAVE                                   0
                16:57: 0:54  Start Input for Next Load Case
                16:57: 0:54  case no=  716 seq. no=  43 idynl= 0
                16:57: 0:55  LOADEND ISLAVE                                   0
                16:57: 0:55  Start Input for Next Load Case
                16:57: 0:56  case no=  717 seq. no=  44 idynl= 0
                16:57: 0:56  LOADEND ISLAVE                                   0
                16:57: 0:57  Start Input for Next Load Case
                16:57: 0:57  case no=  718 seq. no=  45 idynl= 0
                16:57: 0:57  LOADEND ISLAVE                                   0
                16:57: 0:58  Start Input for Next Load Case
                16:57: 0:58  case no= 1101 seq. no=  46 idynl= 0
                16:57: 0:59  LOADEND ISLAVE                                   0
                16:57: 0:59  Start Input for Next Load Case
                16:57: 0:60  case no= 1102 seq. no=  47 idynl= 0
                16:57: 0:60  LOADEND ISLAVE                                   0
                16:57: 0:61  Start Input for Next Load Case
                16:57: 0:61  case no= 1103 seq. no=  48 idynl= 0
                16:57: 0:61  LOADEND ISLAVE                                   0
                16:57: 0:62  Start Input for Next Load Case
                16:57: 0:62  case no= 1104 seq. no=  49 idynl= 0
                16:57: 0:63  LOADEND ISLAVE                                   0
                16:57: 0:63  Start Input for Next Load Case
                16:57: 0:64  case no= 1105 seq. no=  50 idynl= 0
                16:57: 0:64  LOADEND ISLAVE                                   0
                16:57: 0:64  Start Input for Next Load Case
                16:57: 0:65  case no= 1106 seq. no=  51 idynl= 0
                16:57: 0:65  LOADEND ISLAVE                                   0
                16:57: 0:66  Start Input for Next Load Case
                16:57: 0:66  case no= 1107 seq. no=  52 idynl= 0
                16:57: 0:67  LOADEND ISLAVE                                   0
                16:57: 0:67  Start Input for Next Load Case
                16:57: 0:67  case no= 1108 seq. no=  53 idynl= 0
                16:57: 0:68  LOADEND ISLAVE                                   0
                16:57: 0:68  Start Input for Next Load Case
                16:57: 0:69  case no= 1201 seq. no=  54 idynl= 0
                16:57: 0:69  LOADEND ISLAVE                                   0
                16:57: 0:69  Start Input for Next Load Case
                16:57: 0:70  case no= 1202 seq. no=  55 idynl= 0
                16:57: 0:70  LOADEND ISLAVE                                   0
                16:57: 0:71  Start Input for Next Load Case
                16:57: 0:71  case no= 1203 seq. no=  56 idynl= 0
                16:57: 0:72  LOADEND ISLAVE                                   0
                16:57: 0:72  Start Input for Next Load Case
                16:57: 0:72  case no= 1204 seq. no=  57 idynl= 0
                16:57: 0:73  LOADEND ISLAVE                                   0
                16:57: 0:73  Start Input for Next Load Case
                16:57: 0:74  case no= 1205 seq. no=  58 idynl= 0
                16:57: 0:74  LOADEND ISLAVE                                   0
                16:57: 0:75  Start Input for Next Load Case
                16:57: 0:75  case no= 1206 seq. no=  59 idynl= 0
                16:57: 0:75  LOADEND ISLAVE                                   0
                16:57: 0:76  Start Input for Next Load Case
                16:57: 0:76  case no= 1207 seq. no=  60 idynl= 0
                16:57: 0:77  LOADEND ISLAVE                                   0
                16:57: 0:77  Start Input for Next Load Case
                16:57: 0:77  case no= 1208 seq. no=  61 idynl= 0
                16:57: 0:78  LOADEND ISLAVE                                   0
                16:57: 0:78  Start Input for Next Load Case
                16:57: 0:79  case no= 2101 seq. no=  62 idynl= 0
                16:57: 0:79  LOADEND ISLAVE                                   0
                16:57: 0:79  Start Input for Next Load Case
                16:57: 0:80  case no= 2102 seq. no=  63 idynl= 0
                16:57: 0:80  LOADEND ISLAVE                                   0
                16:57: 0:81  Start Input for Next Load Case
                16:57: 0:81  case no= 2103 seq. no=  64 idynl= 0
                16:57: 0:81  LOADEND ISLAVE                                   0
                16:57: 0:82  Start Input for Next Load Case
                16:57: 0:82  case no= 2104 seq. no=  65 idynl= 0
                16:57: 0:83  LOADEND ISLAVE                                   0
                16:57: 0:83  Start Input for Next Load Case
                16:57: 0:84  case no= 2105 seq. no=  66 idynl= 0
                16:57: 0:84  LOADEND ISLAVE                                   0
                16:57: 0:85  Start Input for Next Load Case
                16:57: 0:85  case no= 2106 seq. no=  67 idynl= 0
                16:57: 0:85  LOADEND ISLAVE                                   0
                16:57: 0:86  Start Input for Next Load Case
                16:57: 0:86  case no= 2107 seq. no=  68 idynl= 0
                16:57: 0:87  LOADEND ISLAVE                                   0
                16:57: 0:87  Start Input for Next Load Case
                16:57: 0:88  case no= 2108 seq. no=  69 idynl= 0
                16:57: 0:88  LOADEND ISLAVE                                   0
                16:57: 0:88  Start Input for Next Load Case
                16:57: 0:89  case no= 3001 seq. no=  70 idynl= 0
                16:57: 0:89  LOADEND ISLAVE                                   0
                16:57: 0:90  Start Input for Next Load Case
                16:57: 0:90  case no= 3002 seq. no=  71 idynl= 0
                16:57: 0:90  LOADEND ISLAVE                                   0
                16:57: 0:91  Start Input for Next Load Case
                16:57: 0:91  case no= 3003 seq. no=  72 idynl= 0
                16:57: 0:92  LOADEND ISLAVE                                   0
                16:57: 0:92  Start Input for Next Load Case
                16:57: 0:92  case no= 3004 seq. no=  73 idynl= 0
                16:57: 0:93  LOADEND ISLAVE                                   0
                16:57: 0:93  Start Input for Next Load Case
                16:57: 0:94  case no= 3005 seq. no=  74 idynl= 0
                16:57: 0:94  LOADEND ISLAVE                                   0
                16:57: 0:94  Start Input for Next Load Case
                16:57: 0:95  case no= 3006 seq. no=  75 idynl= 0
                16:57: 0:95  LOADEND ISLAVE                                   0
                16:57: 0:96  Start Input for Next Load Case
                16:57: 0:96  case no= 3007 seq. no=  76 idynl= 0
                16:57: 0:97  LOADEND ISLAVE                                   0
                16:57: 0:97  Start Input for Next Load Case
                16:57: 0:98  case no= 3008 seq. no=  77 idynl= 0
                16:57: 0:98  LOADEND ISLAVE                                   0
                16:57: 0:98  Start Input for Next Load Case
                16:57: 0:99  case no= 3011 seq. no=  78 idynl= 0
                16:57: 0:99  LOADEND ISLAVE                                   0
                16:57: 1: 0  Start Input for Next Load Case
                16:57: 1: 0  case no= 3012 seq. no=  79 idynl= 0
                16:57: 1: 1  LOADEND ISLAVE                                   0
                16:57: 1: 1  Start Input for Next Load Case
                16:57: 1: 1  case no= 3013 seq. no=  80 idynl= 0
                16:57: 1: 2  LOADEND ISLAVE                                   0
                16:57: 1: 2  Start Input for Next Load Case
                16:57: 1: 3  case no= 3014 seq. no=  81 idynl= 0
                16:57: 1: 3  LOADEND ISLAVE                                   0
                16:57: 1: 3  Start Input for Next Load Case
                16:57: 1: 4  case no= 3015 seq. no=  82 idynl= 0
                16:57: 1: 4  LOADEND ISLAVE                                   0
                16:57: 1: 5  Start Input for Next Load Case
                16:57: 1: 5  case no= 3016 seq. no=  83 idynl= 0
                16:57: 1: 5  LOADEND ISLAVE                                   0
                16:57: 1: 6  Start Input for Next Load Case
                16:57: 1: 6  case no= 3017 seq. no=  84 idynl= 0
                16:57: 1: 7  LOADEND ISLAVE                                   0
                16:57: 1: 7  Start Input for Next Load Case
                16:57: 1: 8  case no= 3018 seq. no=  85 idynl= 0
                16:57: 1: 8  LOADEND ISLAVE                                   0
                16:57: 1: 8  Start Input for Next Load Case
                16:57: 1: 9  case no= 3021 seq. no=  86 idynl= 0
                16:57: 1: 9  LOADEND ISLAVE                                   0
                16:57: 1:10  Start Input for Next Load Case
                16:57: 1:10  case no= 3022 seq. no=  87 idynl= 0
                16:57: 1:10  LOADEND ISLAVE                                   0
                16:57: 1:11  Start Input for Next Load Case
                16:57: 1:11  case no= 3023 seq. no=  88 idynl= 0
                16:57: 1:12  LOADEND ISLAVE                                   0
                16:57: 1:12  Start Input for Next Load Case
                16:57: 1:13  case no= 3024 seq. no=  89 idynl= 0
                16:57: 1:13  LOADEND ISLAVE                                   0
                16:57: 1:13  Start Input for Next Load Case
                16:57: 1:14  case no= 3025 seq. no=  90 idynl= 0
                16:57: 1:14  LOADEND ISLAVE                                   0
                16:57: 1:15  Start Input for Next Load Case
                16:57: 1:15  case no= 3026 seq. no=  91 idynl= 0
                16:57: 1:15  LOADEND ISLAVE                                   0
                16:57: 1:16  Start Input for Next Load Case
                16:57: 1:16  case no= 3027 seq. no=  92 idynl= 0
                16:57: 1:17  LOADEND ISLAVE                                   0
                16:57: 1:17  Start Input for Next Load Case
                16:57: 1:18  case no= 3028 seq. no=  93 idynl= 0
                16:57: 1:18  LOADEND ISLAVE                                   0
                16:57: 1:18  Start Input for Next Load Case
                16:57: 1:19  case no= 3201 seq. no=  94 idynl= 0
                16:57: 1:19  LOADEND ISLAVE                                   0
                16:57: 1:20  Start Input for Next Load Case
                16:57: 1:20  case no= 3202 seq. no=  95 idynl= 0
                16:57: 1:21  LOADEND ISLAVE                                   0
                16:57: 1:21  Start Input for Next Load Case
                16:57: 1:22  case no= 3203 seq. no=  96 idynl= 0
                16:57: 1:22  LOADEND ISLAVE                                   0
                16:57: 1:22  Start Input for Next Load Case
                16:57: 1:23  case no= 3204 seq. no=  97 idynl= 0
                16:57: 1:23  LOADEND ISLAVE                                   0
                16:57: 1:24  Start Input for Next Load Case
                16:57: 1:24  case no= 3205 seq. no=  98 idynl= 0
                16:57: 1:25  LOADEND ISLAVE                                   0
                16:57: 1:25  Start Input for Next Load Case
                16:57: 1:26  case no= 3206 seq. no=  99 idynl= 0
                16:57: 1:26  LOADEND ISLAVE                                   0
                16:57: 1:26  Start Input for Next Load Case
                16:57: 1:27  case no= 3207 seq. no= 100 idynl= 0
                16:57: 1:27  LOADEND ISLAVE                                   0
                16:57: 1:28  Start Input for Next Load Case
                16:57: 1:28  case no= 3208 seq. no= 101 idynl= 0
                16:57: 1:29  LOADEND ISLAVE                                   0
                16:57: 1:29  NVPREV                                           0
                16:57: 1:29  AMAXNON                               2.837926E-01
                16:57: 1:30  IRECSIZL=                                     4000
                16:57: 1:30  MTX BLOCKSIZE=                                  48
                16:57: 1:31  MI=                                             48
                16:57: 1:31  NORECL=                                          1
                16:57: 1:31  NORECL1=                                         1
                16:57: 1:32  IWORD=                                       32000
                16:57: 1:32  JRECSIZE=                                     4000
                16:57: 1:33  IWORDJ=                                      32000
                16:57: 1:33  IBYTE=                                           4
                16:57: 1:34  JOINTS=                                         10
                16:57: 1:34  MEMBERS=                                         9
                16:57: 1:34  PLATES =                                         0
                16:57: 1:35  SOLIDS =                                         0
                16:57: 1:35  NO. OF EQUATIONS=                               48
                16:57: 1:36  idyn=                                            0
                16:57: 1:36  ipd=                                             0
                16:57: 1:36  icablanl=                                        0
                16:57: 1:37  ++ Processing Element Stiffness Matrix.
                16:57: 1:37  NV1                                            101
                16:57: 1:50  ++ Calculating Element Forces & Reactions.
                16:57: 1:97  COMBINATION CASES=                               0
                16:57: 1:97  MAX CM MEMORY (KILOWORDS)                       30
                16:57: 1:97  AFTER SOLVER 1
                16:57: 1:99  REOPEN AS SEQ                                    0
                16:57: 1:99  DEFINE ENVELOPE
                16:57: 2: 0  LOAD LIST 1101 TO 110
                16:57: 2: 0  PARAMETER 1
                16:57: 2: 1  LOAD LIST 2101 TO 210
                16:57: 2: 1  PARAMETER 1
                16:57: 2: 2  CHECK CODE ALL
                16:57: 2: 2  ENTERING SECTNM110 IQ=                           9
                16:57: 2: 3               NSEC=                              11
                16:57: 2: 3             ISECTN=                               0
                16:57: 2: 5  SECTNM110 DO 925
                16:57: 2: 7  ENTERING ENVLP1 ITYP1=                          -3
                16:57: 2: 7  SECT DISPLACE
                16:57: 2: 9  Steel/Alum/Timber Design                        52
                16:57: 2:13    ++ Finished Design ...
                16:57: 2:14  Steel/Timber Design exit
                16:57: 2:14  LOAD LIST ENV 4 TO 7
                16:57: 2:15  PARAMETER 1
                16:57: 2:15  PRINT JOINT DISPLACEM
                16:57: 2:16  DRAW ISOM JOIN MEMB
                16:57: 2:16  ENTERING SECTNM110 IQ=                           9
                16:57: 2:16               NSEC=                              11
                16:57: 2:17             ISECTN=                               0
                16:57: 2:19  SECTNM110 DO 925
                16:57: 2:21  PRINT SUPPORT REACTIO
                16:57: 2:21  DRAW ISOM SUPP PROP
                16:57: 2:22  ENTERING SECTNM110 IQ=                           9
                16:57: 2:22               NSEC=                              11
                16:57: 2:23             ISECTN=                               0
                16:57: 2:25  SECTNM110 DO 925
                16:57: 2:26  DRAW ISOM SHAP
                16:57: 2:27  ENTERING SECTNM110 IQ=                           9
                16:57: 2:27               NSEC=                              11
                16:57: 2:28             ISECTN=                               0
                16:57: 2:30  SECTNM110 DO 925
                16:57: 2:32  PRINT CG
                16:57: 2:32  FINISH
                16:57: 2:32  All Commands FINISHed
                16:57: 2:33  DATASAVE for SPRO GUI
                16:57: 2:33  ++ Creating Displacement File (DSP)...
                16:57: 2:35  ++ Creating Reaction File (REA)...
                16:57: 2:35  ++ Creating Section Force File (BMD)...
                16:57: 2:37  ++ Creating Section Displace File (SEC)...
                16:57: 2:37  ENTERING ENVLP1 ITYP1=                          -5
                16:57: 2:38  SECT DISPLACE
                16:57: 2:41  ++ Creating Section Displace File (SCN)...
                16:57: 2:43  ++ Creating Design information File (DGN)...
                16:57: 2:43  ALLOCATED CM MEMORY (KILOWORDS)             300000
                16:57: 2:43  MAX CM MEMORY (KILOWORDS)                       66
                16:57: 2:44  DBS LONG SEC NAME
* End Of Analysis At Tue Jul  2 16:57:02 2024
* CPU usage = 3.383000
* STAAD Exit Code: 100, Warning Count: 0, Error Count: 0, Duration: 3.383
1 0 0 3.383
****************************************************************************
*                            END OF ANALYSIS                               *
****************************************************************************
