10/15/2024 18:20:52	Reading UID database.
10/15/2024 18:20:52	Start loading STAAD model.
10/15/2024 18:20:52	Reading model file.
10/15/2024 18:20:52	Reading model file is complete.
10/15/2024 18:20:52	Processing support.
10/15/2024 18:20:52	Processing springs.
10/15/2024 18:20:52	Processing properties.
10/15/2024 18:20:52	Processing physical properties.
10/15/2024 18:20:52	Processing constants.
10/15/2024 18:20:52	Processing BETA constants.
10/15/2024 18:20:52	Processing hidden analytical member loads.
10/15/2024 18:20:52	Processing command list for member release.
10/15/2024 18:20:52	Processing command list for member offset.
10/15/2024 18:20:52	Processing command list for member specs (cracked).
10/15/2024 18:20:52	Processing command list for member specs (axial).
10/15/2024 18:20:52	Processing command list for element release.
10/15/2024 18:20:52	Processing command list for element offset.
10/15/2024 18:20:52	Processing command list for element plate stress directive.
10/15/2024 18:20:52	Processing parameter for Chinese wind load case.
10/15/2024 18:20:52	End Processing command list.
10/15/2024 18:20:52	End loading STAAD model.
10/15/2024 18:20:52	Start Post Analysis method
10/15/2024 18:20:52	Removed all hidden plates from surfaces
10/15/2024 18:20:52	Removed all hidden plates
10/15/2024 18:20:52	Removed all hidden nodes
10/15/2024 18:20:52	Loading results from MSH file...
10/15/2024 18:20:52	Building result indices...
10/15/2024 18:20:52	Loading plate stress results...
10/15/2024 18:20:52	Set analysis report setup data
10/15/2024 18:20:52	Starting page setup...
10/15/2024 18:20:52	Page setup completed
10/15/2024 18:20:52	Setting available workflows...
10/15/2024 18:20:52	Post analysis method ends
10/15/2024 18:22:24	Start Post Analysis method
10/15/2024 18:22:24	Removed all hidden plates from surfaces
10/15/2024 18:22:24	Removed all hidden plates
10/15/2024 18:22:24	Removed all hidden nodes
10/15/2024 18:22:24	Loading results from MSH file...
10/15/2024 18:22:24	Building result indices...
10/15/2024 18:22:24	Loading plate stress results...
10/15/2024 18:22:24	Set analysis report setup data
10/15/2024 18:22:24	Starting page setup...
10/15/2024 18:22:24	Page setup completed
10/15/2024 18:22:24	Setting available workflows...
10/15/2024 18:22:24	Post analysis method ends
