01/14/2025 14:47:49	Reading UID database.
01/14/2025 14:47:49	Start loading STAAD model.
01/14/2025 14:47:49	Reading model file.
01/14/2025 14:47:50	Reading model file is complete.
01/14/2025 14:47:50	Processing support.
01/14/2025 14:47:50	Processing springs.
01/14/2025 14:47:50	Processing properties.
01/14/2025 14:47:50	Processing physical properties.
01/14/2025 14:47:50	Processing constants.
01/14/2025 14:47:50	Processing BETA constants.
01/14/2025 14:47:50	Processing hidden analytical member loads.
01/14/2025 14:47:50	Processing command list for member release.
01/14/2025 14:47:50	Processing command list for member offset.
01/14/2025 14:47:50	Processing command list for member specs (cracked).
01/14/2025 14:47:50	Processing command list for member specs (axial).
01/14/2025 14:47:50	Processing command list for element release.
01/14/2025 14:47:50	Processing command list for element offset.
01/14/2025 14:47:50	Processing command list for element plate stress directive.
01/14/2025 14:47:50	Processing parameter for Chinese wind load case.
01/14/2025 14:47:50	End Processing command list.
01/14/2025 14:47:50	End loading STAAD model.
01/14/2025 14:47:50	Start Post Analysis method
01/14/2025 14:47:50	Removed all hidden plates from surfaces
01/14/2025 14:47:50	Removed all hidden plates
01/14/2025 14:47:50	Removed all hidden nodes
01/14/2025 14:47:50	Loading results from MSH file...
01/14/2025 14:47:50	Building result indices...
01/14/2025 14:47:50	Loading plate stress results...
01/14/2025 14:47:50	Set analysis report setup data
01/14/2025 14:47:50	Starting page setup...
01/14/2025 14:47:50	Page setup completed
01/14/2025 14:47:50	Setting available workflows...
01/14/2025 14:47:50	Post analysis method ends
01/14/2025 15:12:07	Reading UID database.
01/14/2025 15:12:07	Start loading STAAD model.
01/14/2025 15:12:07	Reading model file.
01/14/2025 15:12:07	Reading model file is complete.
01/14/2025 15:12:07	Processing support.
01/14/2025 15:12:07	Processing springs.
01/14/2025 15:12:07	Processing properties.
01/14/2025 15:12:07	Processing physical properties.
01/14/2025 15:12:07	Processing constants.
01/14/2025 15:12:07	Processing BETA constants.
01/14/2025 15:12:07	Processing hidden analytical member loads.
01/14/2025 15:12:07	Processing command list for member release.
01/14/2025 15:12:07	Processing command list for member offset.
01/14/2025 15:12:07	Processing command list for member specs (cracked).
01/14/2025 15:12:07	Processing command list for member specs (axial).
01/14/2025 15:12:07	Processing command list for element release.
01/14/2025 15:12:07	Processing command list for element offset.
01/14/2025 15:12:07	Processing command list for element plate stress directive.
01/14/2025 15:12:07	Processing parameter for Chinese wind load case.
01/14/2025 15:12:07	End Processing command list.
01/14/2025 15:12:07	End loading STAAD model.
01/14/2025 15:12:07	Start Post Analysis method
01/14/2025 15:12:07	Removed all hidden plates from surfaces
01/14/2025 15:12:07	Removed all hidden plates
01/14/2025 15:12:07	Removed all hidden nodes
01/14/2025 15:12:07	Loading results from MSH file...
01/14/2025 15:12:07	Building result indices...
01/14/2025 15:12:07	Loading plate stress results...
01/14/2025 15:12:07	Set analysis report setup data
01/14/2025 15:12:07	Starting page setup...
01/14/2025 15:12:07	Page setup completed
01/14/2025 15:12:07	Setting available workflows...
01/14/2025 15:12:07	Post analysis method ends
01/14/2025 15:12:21	Start Post Analysis method
01/14/2025 15:12:21	Removed all hidden plates from surfaces
01/14/2025 15:12:21	Removed all hidden plates
01/14/2025 15:12:21	Removed all hidden nodes
01/14/2025 15:12:21	Loading results from MSH file...
01/14/2025 15:12:21	Building result indices...
01/14/2025 15:12:21	Loading plate stress results...
01/14/2025 15:12:21	Set analysis report setup data
01/14/2025 15:12:21	Starting page setup...
01/14/2025 15:12:21	Page setup completed
01/14/2025 15:12:21	Setting available workflows...
01/14/2025 15:12:21	Post analysis method ends
