01/14/2025 14:33:57	Reading UID database.
01/14/2025 14:33:57	Start loading STAAD model.
01/14/2025 14:33:57	Reading model file.
01/14/2025 14:33:57	Reading model file is complete.
01/14/2025 14:33:57	Processing support.
01/14/2025 14:33:57	Processing springs.
01/14/2025 14:33:57	Processing properties.
01/14/2025 14:33:57	Processing physical properties.
01/14/2025 14:33:57	Processing constants.
01/14/2025 14:33:57	Processing BETA constants.
01/14/2025 14:33:57	Processing hidden analytical member loads.
01/14/2025 14:33:57	Processing command list for member release.
01/14/2025 14:33:57	Processing command list for member offset.
01/14/2025 14:33:57	Processing command list for member specs (cracked).
01/14/2025 14:33:57	Processing command list for member specs (axial).
01/14/2025 14:33:57	Processing command list for element release.
01/14/2025 14:33:57	Processing command list for element offset.
01/14/2025 14:33:57	Processing command list for element plate stress directive.
01/14/2025 14:33:57	Processing parameter for Chinese wind load case.
01/14/2025 14:33:57	End Processing command list.
01/14/2025 14:33:57	End loading STAAD model.
01/14/2025 14:33:57	Start Post Analysis method
01/14/2025 14:33:57	Removed all hidden plates from surfaces
01/14/2025 14:33:57	Removed all hidden plates
01/14/2025 14:33:57	Removed all hidden nodes
01/14/2025 14:33:57	Loading results from MSH file...
01/14/2025 14:33:57	Building result indices...
01/14/2025 14:33:57	Loading plate stress results...
01/14/2025 14:33:57	Set analysis report setup data
01/14/2025 14:33:57	Starting page setup...
01/14/2025 14:33:57	Page setup completed
01/14/2025 14:33:57	Setting available workflows...
01/14/2025 14:33:57	Post analysis method ends
