13:04:43	Initializing STAAD Engine
13:04:43	Run stream set up is complete.
13:04:43	Initialize license libraries.
13:04:43	License libraries initialized.
13:04:43	Starting license(s) for A & D engine.
13:04:44	License Status: Ok
13:04:44	License information set up is complete.
****************************************************************************
*                            START OF ANALYSIS                             *
****************************************************************************
* Initiating Analysis At Mon Sep 16 13:04:44 2024
                          PROGRAM: STAAD.Pro
                          VERSION: 23.00.01.25
                13: 4:44:69  ENTERING STAAD
                13: 4:44:73  USING 64 BIT STAAD ENGINE
                13: 4:44:73  ENTERING MAINN
                13: 4:44:73  START JOB INFORMATION
                13: 4:44:74  INPUT WIDTH 79
                13: 4:44:74  UNIT MMS KN
                13: 4:44:75  JOINT COORDINATES
                13: 4:44:75  ENTERING JOINTC
                13: 4:44:75  JOINTC NEWJ                                 400000
                13: 4:44:76  MAX NODE NO.                                    22
                13: 4:44:76  MEMBER INCIDENCES
                13: 4:44:77  UNIT METER KN
                13: 4:44:77  DEFINE MATERIAL START
                13: 4:44:78  UNIT MMS KN
                13: 4:44:79  MEMBER PROPERTY EUROP
                13: 4:45:24    ++ Finished Reading Member Properties ...
                13: 4:45:24  CONSTANTS
                13: 4:45:25  SUPPORTS
                13: 4:45:25  ENTERING SUPPORT
                13: 4:45:26  UNIT METER KN
                13: 4:45:26  DEFINE WIND LOAD
                13: 4:45:27  LOAD 121 LOADTYPE DEA
                13: 4:45:27  DUPLICATE ELEMENT CHECK
                13: 4:45:28  CHECKING STRUCTURAL INTEGRITY
                13: 4:45:28  CHECK UNCONNECTED JOINTS AND
                13: 4:45:29  CALCULATE MAX JOINT CONNECTIVITY
                13: 4:45:29  CHECK MULTIPLE STRUCTURES
                13: 4:45:30  ENTERING SUPPORT
                13: 4:45:30  NRJOLD                                           0
                13: 4:45:31  SUPPORT NOLD                                     0
                13: 4:45:31  SUPPORT N                                      102
                13: 4:45:32  BEFORE LOADPR
                13: 4:45:32  REOPEN AS DIR                                    0
                13: 4:45:32  ENTER LOADPR
                13: 4:45:46  PERFORM ANALYSIS PRIN
                13: 4:45:46  pdel iter                                        0
                13: 4:45:47  MAXIMUM E =                           2.973273E+04
                13: 4:45:47  MINIMUM E =                           2.973273E+04
                13: 4:45:48  MBW DOF BAND=                                    1
                13: 4:45:48  NUMBER OF PRIMARY CASES                        113
                13: 4:45:49  NUMBER OF CASES                                276
                13: 4:45:49  #OF CASES W/ELEM INMEMORY                      276
                13: 4:45:50  MEMORY FOR MEMBER LOADS                      76176
                13: 4:45:50  MEMORY FOR DISPLACEMENTS                     34776
                13: 4:45:51  MEMORY FOR MEMBER FORCES                     76176
                13: 4:45:51  Using 64-bit analysis engine
                13: 4:45:52  BEFORE SOLVER 1
                13: 4:45:52  Start Input for Next Load Case
                13: 4:45:53  case no=  121 seq. no=   1 idynl= 0
                13: 4:45:53  MASSSET                                          0
                13: 4:45:54  LOADEND ISLAVE                                   0
                13: 4:45:54  Start Input for Next Load Case
                13: 4:45:55  case no=  201 seq. no=   2 idynl= 0
                13: 4:45:55  LOADEND ISLAVE                                   0
                13: 4:45:56  Start Input for Next Load Case
                13: 4:45:56  case no=  202 seq. no=   3 idynl= 0
                13: 4:45:56  LOADEND ISLAVE                                   0
                13: 4:45:57  Start Input for Next Load Case
                13: 4:45:57  case no=  203 seq. no=   4 idynl= 0
                13: 4:45:58  LOADEND ISLAVE                                   0
                13: 4:45:59  Start Input for Next Load Case
                13: 4:45:59  case no=  204 seq. no=   5 idynl= 0
                13: 4:45:60  LOADEND ISLAVE                                   0
                13: 4:45:60  Start Input for Next Load Case
                13: 4:45:61  case no=  205 seq. no=   6 idynl= 0
                13: 4:45:61  LOADEND ISLAVE                                   0
                13: 4:45:62  Start Input for Next Load Case
                13: 4:45:62  case no=  206 seq. no=   7 idynl= 0
                13: 4:45:63  LOADEND ISLAVE                                   0
                13: 4:45:63  Start Input for Next Load Case
                13: 4:45:64  case no=  207 seq. no=   8 idynl= 0
                13: 4:45:64  LOADEND ISLAVE                                   0
                13: 4:45:64  Start Input for Next Load Case
                13: 4:45:65  case no=  208 seq. no=   9 idynl= 0
                13: 4:45:65  LOADEND ISLAVE                                   0
                13: 4:45:66  Start Input for Next Load Case
                13: 4:45:66  case no=  312 seq. no=  10 idynl= 0
                13: 4:45:67  LOADEND ISLAVE                                   0
                13: 4:45:67  Start Input for Next Load Case
                13: 4:45:68  case no=  313 seq. no=  11 idynl= 0
                13: 4:45:68  LOADEND ISLAVE                                   0
                13: 4:45:69  Start Input for Next Load Case
                13: 4:45:69  case no=  314 seq. no=  12 idynl= 0
                13: 4:45:70  LOADEND ISLAVE                                   0
                13: 4:45:70  Start Input for Next Load Case
                13: 4:45:71  case no=  315 seq. no=  13 idynl= 0
                13: 4:45:71  LOADEND ISLAVE                                   0
                13: 4:45:72  Start Input for Next Load Case
                13: 4:45:72  case no=  322 seq. no=  14 idynl= 0
                13: 4:45:73  LOADEND ISLAVE                                   0
                13: 4:45:73  Start Input for Next Load Case
                13: 4:45:74  case no=  323 seq. no=  15 idynl= 0
                13: 4:45:74  LOADEND ISLAVE                                   0
                13: 4:45:75  Start Input for Next Load Case
                13: 4:45:75  case no=  324 seq. no=  16 idynl= 0
                13: 4:45:76  LOADEND ISLAVE                                   0
                13: 4:45:76  Start Input for Next Load Case
                13: 4:45:76  case no=  325 seq. no=  17 idynl= 0
                13: 4:45:77  LOADEND ISLAVE                                   0
                13: 4:45:77  Start Input for Next Load Case
                13: 4:45:78  case no=  332 seq. no=  18 idynl= 0
                13: 4:45:78  LOADEND ISLAVE                                   0
                13: 4:45:79  Start Input for Next Load Case
                13: 4:45:79  case no=  333 seq. no=  19 idynl= 0
                13: 4:45:80  LOADEND ISLAVE                                   0
                13: 4:45:80  Start Input for Next Load Case
                13: 4:45:81  case no=  334 seq. no=  20 idynl= 0
                13: 4:45:81  LOADEND ISLAVE                                   0
                13: 4:45:82  Start Input for Next Load Case
                13: 4:45:82  case no=  335 seq. no=  21 idynl= 0
                13: 4:45:83  LOADEND ISLAVE                                   0
                13: 4:45:83  Start Input for Next Load Case
                13: 4:45:83  case no=  411 seq. no=  22 idynl= 0
                13: 4:45:84  LOADEND ISLAVE                                   0
                13: 4:45:84  Start Input for Next Load Case
                13: 4:45:85  case no=  412 seq. no=  23 idynl= 0
                13: 4:45:85  LOADEND ISLAVE                                   0
                13: 4:45:86  Start Input for Next Load Case
                13: 4:45:86  case no=  413 seq. no=  24 idynl= 0
                13: 4:45:86  LOADEND ISLAVE                                   0
                13: 4:45:87  Start Input for Next Load Case
                13: 4:45:87  case no=  414 seq. no=  25 idynl= 0
                13: 4:45:88  LOADEND ISLAVE                                   0
                13: 4:45:88  Start Input for Next Load Case
                13: 4:45:89  case no=  415 seq. no=  26 idynl= 0
                13: 4:45:89  LOADEND ISLAVE                                   0
                13: 4:45:90  Start Input for Next Load Case
                13: 4:45:90  case no=  416 seq. no=  27 idynl= 0
                13: 4:45:91  LOADEND ISLAVE                                   0
                13: 4:45:91  Start Input for Next Load Case
                13: 4:45:92  case no=  417 seq. no=  28 idynl= 0
                13: 4:45:92  LOADEND ISLAVE                                   0
                13: 4:45:93  Start Input for Next Load Case
                13: 4:45:93  case no=  418 seq. no=  29 idynl= 0
                13: 4:45:94  LOADEND ISLAVE                                   0
                13: 4:45:94  Start Input for Next Load Case
                13: 4:45:95  case no=  421 seq. no=  30 idynl= 0
                13: 4:45:95  LOADEND ISLAVE                                   0
                13: 4:45:96  Start Input for Next Load Case
                13: 4:45:96  case no=  422 seq. no=  31 idynl= 0
                13: 4:45:97  LOADEND ISLAVE                                   0
                13: 4:45:97  Start Input for Next Load Case
                13: 4:45:98  case no=  423 seq. no=  32 idynl= 0
                13: 4:45:98  LOADEND ISLAVE                                   0
                13: 4:45:98  Start Input for Next Load Case
                13: 4:45:99  case no=  424 seq. no=  33 idynl= 0
                13: 4:45:99  LOADEND ISLAVE                                   0
                13: 4:46: 0  Start Input for Next Load Case
                13: 4:46: 0  case no=  425 seq. no=  34 idynl= 0
                13: 4:46: 1  LOADEND ISLAVE                                   0
                13: 4:46: 1  Start Input for Next Load Case
                13: 4:46: 2  case no=  426 seq. no=  35 idynl= 0
                13: 4:46: 2  LOADEND ISLAVE                                   0
                13: 4:46: 3  Start Input for Next Load Case
                13: 4:46: 3  case no=  427 seq. no=  36 idynl= 0
                13: 4:46: 4  LOADEND ISLAVE                                   0
                13: 4:46: 4  Start Input for Next Load Case
                13: 4:46: 4  case no=  428 seq. no=  37 idynl= 0
                13: 4:46: 5  LOADEND ISLAVE                                   0
                13: 4:46: 5  Start Input for Next Load Case
                13: 4:46: 6  case no=  711 seq. no=  38 idynl= 0
                13: 4:46: 6  LOADEND ISLAVE                                   0
                13: 4:46: 7  Start Input for Next Load Case
                13: 4:46: 7  case no=  712 seq. no=  39 idynl= 0
                13: 4:46: 8  LOADEND ISLAVE                                   0
                13: 4:46: 8  Start Input for Next Load Case
                13: 4:46: 9  case no=  713 seq. no=  40 idynl= 0
                13: 4:46: 9  LOADEND ISLAVE                                   0
                13: 4:46:10  Start Input for Next Load Case
                13: 4:46:10  case no=  714 seq. no=  41 idynl= 0
                13: 4:46:11  LOADEND ISLAVE                                   0
                13: 4:46:11  Start Input for Next Load Case
                13: 4:46:11  case no=  715 seq. no=  42 idynl= 0
                13: 4:46:12  LOADEND ISLAVE                                   0
                13: 4:46:12  Start Input for Next Load Case
                13: 4:46:13  case no=  716 seq. no=  43 idynl= 0
                13: 4:46:13  LOADEND ISLAVE                                   0
                13: 4:46:14  Start Input for Next Load Case
                13: 4:46:14  case no=  717 seq. no=  44 idynl= 0
                13: 4:46:15  LOADEND ISLAVE                                   0
                13: 4:46:15  Start Input for Next Load Case
                13: 4:46:15  case no=  718 seq. no=  45 idynl= 0
                13: 4:46:16  LOADEND ISLAVE                                   0
                13: 4:46:16  Start Input for Next Load Case
                13: 4:46:17  case no=  901 seq. no=  46 idynl= 0
                13: 4:46:17  LOADEND ISLAVE                                   0
                13: 4:46:18  Start Input for Next Load Case
                13: 4:46:18  case no=  902 seq. no=  47 idynl= 0
                13: 4:46:19  LOADEND ISLAVE                                   0
                13: 4:46:19  Start Input for Next Load Case
                13: 4:46:20  case no=  903 seq. no=  48 idynl= 0
                13: 4:46:20  LOADEND ISLAVE                                   0
                13: 4:46:21  Start Input for Next Load Case
                13: 4:46:21  case no=  904 seq. no=  49 idynl= 0
                13: 4:46:21  LOADEND ISLAVE                                   0
                13: 4:46:22  Start Input for Next Load Case
                13: 4:46:22  case no=  905 seq. no=  50 idynl= 0
                13: 4:46:23  LOADEND ISLAVE                                   0
                13: 4:46:23  Start Input for Next Load Case
                13: 4:46:24  case no=  906 seq. no=  51 idynl= 0
                13: 4:46:24  LOADEND ISLAVE                                   0
                13: 4:46:25  Start Input for Next Load Case
                13: 4:46:25  case no= 1101 seq. no=  52 idynl= 0
                13: 4:46:25  LOADEND ISLAVE                                   0
                13: 4:46:26  Start Input for Next Load Case
                13: 4:46:26  case no= 1102 seq. no=  53 idynl= 0
                13: 4:46:27  LOADEND ISLAVE                                   0
                13: 4:46:27  Start Input for Next Load Case
                13: 4:46:28  case no= 1103 seq. no=  54 idynl= 0
                13: 4:46:28  LOADEND ISLAVE                                   0
                13: 4:46:29  Start Input for Next Load Case
                13: 4:46:29  case no= 1104 seq. no=  55 idynl= 0
                13: 4:46:30  LOADEND ISLAVE                                   0
                13: 4:46:30  Start Input for Next Load Case
                13: 4:46:30  case no= 1105 seq. no=  56 idynl= 0
                13: 4:46:31  LOADEND ISLAVE                                   0
                13: 4:46:31  Start Input for Next Load Case
                13: 4:46:32  case no= 1106 seq. no=  57 idynl= 0
                13: 4:46:32  LOADEND ISLAVE                                   0
                13: 4:46:33  Start Input for Next Load Case
                13: 4:46:33  case no= 1107 seq. no=  58 idynl= 0
                13: 4:46:34  LOADEND ISLAVE                                   0
                13: 4:46:34  Start Input for Next Load Case
                13: 4:46:34  case no= 1108 seq. no=  59 idynl= 0
                13: 4:46:35  LOADEND ISLAVE                                   0
                13: 4:46:35  Start Input for Next Load Case
                13: 4:46:36  case no= 1201 seq. no=  60 idynl= 0
                13: 4:46:36  LOADEND ISLAVE                                   0
                13: 4:46:37  Start Input for Next Load Case
                13: 4:46:37  case no= 1202 seq. no=  61 idynl= 0
                13: 4:46:37  LOADEND ISLAVE                                   0
                13: 4:46:38  Start Input for Next Load Case
                13: 4:46:38  case no= 1203 seq. no=  62 idynl= 0
                13: 4:46:39  LOADEND ISLAVE                                   0
                13: 4:46:39  Start Input for Next Load Case
                13: 4:46:40  case no= 1204 seq. no=  63 idynl= 0
                13: 4:46:40  LOADEND ISLAVE                                   0
                13: 4:46:41  Start Input for Next Load Case
                13: 4:46:41  case no= 1205 seq. no=  64 idynl= 0
                13: 4:46:42  LOADEND ISLAVE                                   0
                13: 4:46:42  Start Input for Next Load Case
                13: 4:46:42  case no= 1206 seq. no=  65 idynl= 0
                13: 4:46:43  LOADEND ISLAVE                                   0
                13: 4:46:43  Start Input for Next Load Case
                13: 4:46:44  case no= 1207 seq. no=  66 idynl= 0
                13: 4:46:44  LOADEND ISLAVE                                   0
                13: 4:46:45  Start Input for Next Load Case
                13: 4:46:46  case no= 1208 seq. no=  67 idynl= 0
                13: 4:46:46  LOADEND ISLAVE                                   0
                13: 4:46:47  Start Input for Next Load Case
                13: 4:46:47  case no= 2101 seq. no=  68 idynl= 0
                13: 4:46:48  LOADEND ISLAVE                                   0
                13: 4:46:48  Start Input for Next Load Case
                13: 4:46:49  case no= 2102 seq. no=  69 idynl= 0
                13: 4:46:49  LOADEND ISLAVE                                   0
                13: 4:46:50  Start Input for Next Load Case
                13: 4:46:50  case no= 2103 seq. no=  70 idynl= 0
                13: 4:46:51  LOADEND ISLAVE                                   0
                13: 4:46:51  Start Input for Next Load Case
                13: 4:46:52  case no= 2104 seq. no=  71 idynl= 0
                13: 4:46:52  LOADEND ISLAVE                                   0
                13: 4:46:53  Start Input for Next Load Case
                13: 4:46:53  case no= 2105 seq. no=  72 idynl= 0
                13: 4:46:54  LOADEND ISLAVE                                   0
                13: 4:46:54  Start Input for Next Load Case
                13: 4:46:55  case no= 2106 seq. no=  73 idynl= 0
                13: 4:46:55  LOADEND ISLAVE                                   0
                13: 4:46:55  Start Input for Next Load Case
                13: 4:46:56  case no= 2107 seq. no=  74 idynl= 0
                13: 4:46:56  LOADEND ISLAVE                                   0
                13: 4:46:57  Start Input for Next Load Case
                13: 4:46:57  case no= 2108 seq. no=  75 idynl= 0
                13: 4:46:58  LOADEND ISLAVE                                   0
                13: 4:46:58  Start Input for Next Load Case
                13: 4:46:59  case no= 3001 seq. no=  76 idynl= 0
                13: 4:46:59  LOADEND ISLAVE                                   0
                13: 4:46:60  Start Input for Next Load Case
                13: 4:46:60  case no= 3002 seq. no=  77 idynl= 0
                13: 4:46:61  LOADEND ISLAVE                                   0
                13: 4:46:61  Start Input for Next Load Case
                13: 4:46:61  case no= 3003 seq. no=  78 idynl= 0
                13: 4:46:62  LOADEND ISLAVE                                   0
                13: 4:46:62  Start Input for Next Load Case
                13: 4:46:63  case no= 3004 seq. no=  79 idynl= 0
                13: 4:46:63  LOADEND ISLAVE                                   0
                13: 4:46:64  Start Input for Next Load Case
                13: 4:46:64  case no= 3005 seq. no=  80 idynl= 0
                13: 4:46:65  LOADEND ISLAVE                                   0
                13: 4:46:65  Start Input for Next Load Case
                13: 4:46:66  case no= 3006 seq. no=  81 idynl= 0
                13: 4:46:66  LOADEND ISLAVE                                   0
                13: 4:46:66  Start Input for Next Load Case
                13: 4:46:67  case no= 3007 seq. no=  82 idynl= 0
                13: 4:46:67  LOADEND ISLAVE                                   0
                13: 4:46:68  Start Input for Next Load Case
                13: 4:46:68  case no= 3008 seq. no=  83 idynl= 0
                13: 4:46:69  LOADEND ISLAVE                                   0
                13: 4:46:69  Start Input for Next Load Case
                13: 4:46:70  case no= 3011 seq. no=  84 idynl= 0
                13: 4:46:70  LOADEND ISLAVE                                   0
                13: 4:46:71  Start Input for Next Load Case
                13: 4:46:71  case no= 3012 seq. no=  85 idynl= 0
                13: 4:46:71  LOADEND ISLAVE                                   0
                13: 4:46:72  Start Input for Next Load Case
                13: 4:46:72  case no= 3013 seq. no=  86 idynl= 0
                13: 4:46:73  LOADEND ISLAVE                                   0
                13: 4:46:73  Start Input for Next Load Case
                13: 4:46:74  case no= 3014 seq. no=  87 idynl= 0
                13: 4:46:74  LOADEND ISLAVE                                   0
                13: 4:46:75  Start Input for Next Load Case
                13: 4:46:75  case no= 3015 seq. no=  88 idynl= 0
                13: 4:46:75  LOADEND ISLAVE                                   0
                13: 4:46:76  Start Input for Next Load Case
                13: 4:46:76  case no= 3016 seq. no=  89 idynl= 0
                13: 4:46:77  LOADEND ISLAVE                                   0
                13: 4:46:77  Start Input for Next Load Case
                13: 4:46:78  case no= 3017 seq. no=  90 idynl= 0
                13: 4:46:78  LOADEND ISLAVE                                   0
                13: 4:46:78  Start Input for Next Load Case
                13: 4:46:79  case no= 3018 seq. no=  91 idynl= 0
                13: 4:46:79  LOADEND ISLAVE                                   0
                13: 4:46:80  Start Input for Next Load Case
                13: 4:46:80  case no= 3021 seq. no=  92 idynl= 0
                13: 4:46:81  LOADEND ISLAVE                                   0
                13: 4:46:81  Start Input for Next Load Case
                13: 4:46:81  case no= 3022 seq. no=  93 idynl= 0
                13: 4:46:82  LOADEND ISLAVE                                   0
                13: 4:46:82  Start Input for Next Load Case
                13: 4:46:83  case no= 3023 seq. no=  94 idynl= 0
                13: 4:46:83  LOADEND ISLAVE                                   0
                13: 4:46:84  Start Input for Next Load Case
                13: 4:46:84  case no= 3024 seq. no=  95 idynl= 0
                13: 4:46:85  LOADEND ISLAVE                                   0
                13: 4:46:85  Start Input for Next Load Case
                13: 4:46:86  case no= 3025 seq. no=  96 idynl= 0
                13: 4:46:86  LOADEND ISLAVE                                   0
                13: 4:46:86  Start Input for Next Load Case
                13: 4:46:87  case no= 3026 seq. no=  97 idynl= 0
                13: 4:46:87  LOADEND ISLAVE                                   0
                13: 4:46:88  Start Input for Next Load Case
                13: 4:46:88  case no= 3027 seq. no=  98 idynl= 0
                13: 4:46:89  LOADEND ISLAVE                                   0
                13: 4:46:89  Start Input for Next Load Case
                13: 4:46:89  case no= 3028 seq. no=  99 idynl= 0
                13: 4:46:90  LOADEND ISLAVE                                   0
                13: 4:46:90  Start Input for Next Load Case
                13: 4:46:91  case no= 3201 seq. no= 100 idynl= 0
                13: 4:46:91  LOADEND ISLAVE                                   0
                13: 4:46:92  Start Input for Next Load Case
                13: 4:46:92  case no= 3202 seq. no= 101 idynl= 0
                13: 4:46:93  LOADEND ISLAVE                                   0
                13: 4:46:93  Start Input for Next Load Case
                13: 4:46:94  case no= 3203 seq. no= 102 idynl= 0
                13: 4:46:94  LOADEND ISLAVE                                   0
                13: 4:46:95  Start Input for Next Load Case
                13: 4:46:95  case no= 3204 seq. no= 103 idynl= 0
                13: 4:46:96  LOADEND ISLAVE                                   0
                13: 4:46:96  Start Input for Next Load Case
                13: 4:46:97  case no= 3205 seq. no= 104 idynl= 0
                13: 4:46:97  LOADEND ISLAVE                                   0
                13: 4:46:97  Start Input for Next Load Case
                13: 4:46:98  case no= 3206 seq. no= 105 idynl= 0
                13: 4:46:98  LOADEND ISLAVE                                   0
                13: 4:46:99  Start Input for Next Load Case
                13: 4:46:99  case no= 3207 seq. no= 106 idynl= 0
                13: 4:47: 0  LOADEND ISLAVE                                   0
                13: 4:47: 0  Start Input for Next Load Case
                13: 4:47: 1  case no= 3208 seq. no= 107 idynl= 0
                13: 4:47: 1  LOADEND ISLAVE                                   0
                13: 4:47: 1  Start Input for Next Load Case
                13: 4:47: 2  case no= 4001 seq. no= 108 idynl= 0
                13: 4:47: 2  LOADEND ISLAVE                                   0
                13: 4:47: 3  Start Input for Next Load Case
                13: 4:47: 3  case no= 4002 seq. no= 109 idynl= 0
                13: 4:47: 4  LOADEND ISLAVE                                   0
                13: 4:47: 4  Start Input for Next Load Case
                13: 4:47: 5  case no= 4003 seq. no= 110 idynl= 0
                13: 4:47: 5  LOADEND ISLAVE                                   0
                13: 4:47: 5  Start Input for Next Load Case
                13: 4:47: 6  case no= 4004 seq. no= 111 idynl= 0
                13: 4:47: 6  LOADEND ISLAVE                                   0
                13: 4:47: 7  Start Input for Next Load Case
                13: 4:47: 7  case no= 4005 seq. no= 112 idynl= 0
                13: 4:47: 8  LOADEND ISLAVE                                   0
                13: 4:47: 8  Start Input for Next Load Case
                13: 4:47: 9  case no= 4006 seq. no= 113 idynl= 0
                13: 4:47: 9  LOADEND ISLAVE                                   0
                13: 4:47: 9  NVPREV                                           0
                13: 4:47:10  AMAXNON                               1.452756E+00
                13: 4:47:10  IRECSIZL=                                     4000
                13: 4:47:11  MTX BLOCKSIZE=                                 102
                13: 4:47:11  MI=                                            102
                13: 4:47:12  NORECL=                                          1
                13: 4:47:12  NORECL1=                                         1
                13: 4:47:12  IWORD=                                       32000
                13: 4:47:13  JRECSIZE=                                     4000
                13: 4:47:13  IWORDJ=                                      32000
                13: 4:47:14  IBYTE=                                           4
                13: 4:47:14  JOINTS=                                         21
                13: 4:47:15  MEMBERS=                                        23
                13: 4:47:15  PLATES =                                         0
                13: 4:47:16  SOLIDS =                                         0
                13: 4:47:16  NO. OF EQUATIONS=                              102
                13: 4:47:16  idyn=                                            0
                13: 4:47:17  ipd=                                             0
                13: 4:47:17  icablanl=                                        0
                13: 4:47:18  ++ Processing Element Stiffness Matrix.
                13: 4:47:18  NV1                                            113
                13: 4:47:30  ++ Calculating Element Forces & Reactions.
                13: 4:47:87  COMBINATION CASES=                               0
                13: 4:47:87  MAX CM MEMORY (KILOWORDS)                       39
                13: 4:47:87  AFTER SOLVER 1
                13: 4:47:89  REOPEN AS SEQ                                    0
                13: 4:47:89  DEFINE ENVELOPE
                13: 4:47:91  LOAD LIST 1101 TO 110
                13: 4:47:91  PARAMETER 1
                13: 4:47:93  CHECK CODE ALL
                13: 4:47:93  ENTERING SECTNM110 IQ=                          23
                13: 4:47:93               NSEC=                              11
                13: 4:47:94             ISECTN=                               0
                13: 4:47:97  SECTNM110 DO 925
                13: 4:48: 0  ENTERING ENVLP1 ITYP1=                          -3
                13: 4:48: 0  SECT DISPLACE
                13: 4:48: 3  Steel/Alum/Timber Design                        52
                13: 4:48: 8    ++ Finished Design ...
                13: 4:48: 8  Steel/Timber Design exit
                13: 4:48: 9  LOAD LIST 2101 TO 210
                13: 4:48:10  PARAMETER 1
                13: 4:48:11  CHECK CODE ALL
                13: 4:48:11  ENTERING ENVLP1 ITYP1=                          -3
                13: 4:48:12  SECT DISPLACE
                13: 4:48:15  Steel/Alum/Timber Design                        52
                13: 4:48:17    ++ Finished Design ...
                13: 4:48:17  Steel/Timber Design exit
                13: 4:48:18  LOAD LIST ENV 4 TO 7
                13: 4:48:18  PARAMETER 1
                13: 4:48:20  CHECK CODE ALL
                13: 4:48:20  ENTERING ENVLP1 ITYP1=                          -3
                13: 4:48:21  SECT DISPLACE
                13: 4:48:24  Steel/Alum/Timber Design                        52
                13: 4:48:29    ++ Finished Design ...
                13: 4:48:29  Steel/Timber Design exit
                13: 4:48:29  PRINT JOINT DISPLACEM
                13: 4:48:30  DRAW ISOM JOIN MEMB
                13: 4:48:31  ENTERING SECTNM110 IQ=                          23
                13: 4:48:31               NSEC=                              11
                13: 4:48:32             ISECTN=                               0
                13: 4:48:35  SECTNM110 DO 925
                13: 4:48:38  PRINT SUPPORT REACTIO
                13: 4:48:38  DRAW ISOM SUPP PROP
                13: 4:48:38  ENTERING SECTNM110 IQ=                          23
                13: 4:48:39               NSEC=                              11
                13: 4:48:40             ISECTN=                               0
                13: 4:48:43  SECTNM110 DO 925
                13: 4:48:46  DRAW ISOM SHAP
                13: 4:48:46  ENTERING SECTNM110 IQ=                          23
                13: 4:48:47               NSEC=                              11
                13: 4:48:47             ISECTN=                               0
                13: 4:48:51  SECTNM110 DO 925
                13: 4:48:54  PRINT CG
                13: 4:48:54  FINISH
                13: 4:48:54  All Commands FINISHed
                13: 4:48:55  DATASAVE for SPRO GUI
                13: 4:48:56  ++ Creating Displacement File (DSP)...
                13: 4:48:58  ++ Creating Reaction File (REA)...
                13: 4:48:58  ++ Creating Section Force File (BMD)...
                13: 4:48:63  ++ Creating Section Displace File (SEC)...
                13: 4:48:63  ENTERING ENVLP1 ITYP1=                          -5
                13: 4:48:63  SECT DISPLACE
                13: 4:48:69  ++ Creating Section Displace File (SCN)...
                13: 4:48:73  ++ Creating Design information File (DGN)...
                13: 4:48:74  ALLOCATED CM MEMORY (KILOWORDS)             300000
                13: 4:48:74  MAX CM MEMORY (KILOWORDS)                      126
                13: 4:48:75  DBS LONG SEC NAME
* End Of Analysis At Mon Sep 16 13:04:48 2024
* CPU usage = 4.134000
* STAAD Exit Code: 100, Warning Count: 0, Error Count: 0, Duration: 4.134
1 0 0 4.134
****************************************************************************
*                            END OF ANALYSIS                               *
****************************************************************************
