12/16/2024 10:36:41	Reading UID database.
12/16/2024 10:36:41	Start loading STAAD model.
12/16/2024 10:36:41	Reading model file.
12/16/2024 10:36:41	Reading model file is complete.
12/16/2024 10:36:41	Processing support.
12/16/2024 10:36:41	Processing springs.
12/16/2024 10:36:41	Processing properties.
12/16/2024 10:36:41	Processing physical properties.
12/16/2024 10:36:41	Processing constants.
12/16/2024 10:36:41	Processing BETA constants.
12/16/2024 10:36:41	Processing hidden analytical member loads.
12/16/2024 10:36:41	Processing command list for member release.
12/16/2024 10:36:41	Processing command list for member offset.
12/16/2024 10:36:41	Processing command list for member specs (cracked).
12/16/2024 10:36:41	Processing command list for member specs (axial).
12/16/2024 10:36:41	Processing command list for element release.
12/16/2024 10:36:41	Processing command list for element offset.
12/16/2024 10:36:41	Processing command list for element plate stress directive.
12/16/2024 10:36:41	Processing parameter for Chinese wind load case.
12/16/2024 10:36:41	End Processing command list.
12/16/2024 10:36:41	End loading STAAD model.
12/16/2024 10:36:41	Start Post Analysis method
12/16/2024 10:36:41	Removed all hidden plates from surfaces
12/16/2024 10:36:41	Removed all hidden plates
12/16/2024 10:36:41	Removed all hidden nodes
12/16/2024 10:36:41	Loading results from MSH file...
12/16/2024 10:36:41	Building result indices...
12/16/2024 10:36:41	Loading plate stress results...
12/16/2024 10:36:41	Set analysis report setup data
12/16/2024 10:36:41	Starting page setup...
12/16/2024 10:36:41	Page setup completed
12/16/2024 10:36:41	Setting available workflows...
12/16/2024 10:36:41	Post analysis method ends
12/16/2024 23:19:19	Physical modeler closed.
