14:30:35	Initializing STAAD Engine
14:30:35	Run stream set up is complete.
14:30:35	Initialize license libraries.
14:30:35	License libraries initialized.
14:30:35	Starting license(s) for A & D engine.
14:30:36	License Status: Ok
14:30:36	License information set up is complete.
****************************************************************************
*                            START OF ANALYSIS                             *
****************************************************************************
* Initiating Analysis At Thu Jul 25 14:30:36 2024
                          PROGRAM: STAAD.Pro
                          VERSION: 23.00.01.25
                14:30:36:46  ENTERING STAAD
                14:30:36:49  USING 64 BIT STAAD ENGINE
                14:30:36:49  ENTERING MAINN
                14:30:36:49  START JOB INFORMATION
                14:30:36:50  INPUT WIDTH 79
                14:30:36:50  UNIT MMS KN
                14:30:36:50  JOINT COORDINATES
                14:30:36:51  ENTERING JOINTC
                14:30:36:51  JOINTC NEWJ                                 400000
                14:30:36:52  MAX NODE NO.                                    33
                14:30:36:52  MEMBER INCIDENCES
                14:30:36:53  UNIT METER KN
                14:30:36:53  DEFINE MATERIAL START
                14:30:36:54  UNIT MMS KN
                14:30:36:54  MEMBER PROPERTY EUROP
                14:30:36:93    ++ Finished Reading Member Properties ...
* End Of Analysis At Thu Jul 25 14:30:36 2024
* CPU usage = 0.534000
* STAAD Exit Code: 100, Warning Count: 1, Error Count: 3, Duration: 0.534
1 1 3 0.534
****************************************************************************
*                            END OF ANALYSIS                               *
****************************************************************************
