07/25/2024 14:29:20	Reading UID database.
07/25/2024 14:29:20	Start loading STAAD model.
07/25/2024 14:29:20	Reading model file.
07/25/2024 14:29:20	Reading model file is complete.
07/25/2024 14:29:20	Processing support.
07/25/2024 14:29:20	Processing springs.
07/25/2024 14:29:20	Processing properties.
07/25/2024 14:29:20	Processing physical properties.
07/25/2024 14:29:20	Processing constants.
07/25/2024 14:29:20	Processing BETA constants.
07/25/2024 14:29:20	Processing hidden analytical member loads.
07/25/2024 14:29:20	Processing command list for member release.
07/25/2024 14:29:20	Processing command list for member offset.
07/25/2024 14:29:20	Processing command list for member specs (cracked).
07/25/2024 14:29:20	Processing command list for member specs (axial).
07/25/2024 14:29:20	Processing command list for element release.
07/25/2024 14:29:20	Processing command list for element offset.
07/25/2024 14:29:20	Processing command list for element plate stress directive.
07/25/2024 14:29:20	Processing parameter for Chinese wind load case.
07/25/2024 14:29:20	End Processing command list.
07/25/2024 14:29:20	End loading STAAD model.
07/25/2024 14:29:20	Start Post Analysis method
07/25/2024 14:29:20	Removed all hidden plates from surfaces
07/25/2024 14:29:20	Removed all hidden plates
07/25/2024 14:29:20	Removed all hidden nodes
07/25/2024 14:29:20	Loading results from MSH file...
07/25/2024 14:29:20	Building result indices...
07/25/2024 14:29:20	Loading plate stress results...
07/25/2024 14:29:20	Set analysis report setup data
07/25/2024 14:29:20	Starting page setup...
07/25/2024 14:29:20	Page setup completed
07/25/2024 14:29:20	Setting available workflows...
07/25/2024 14:29:20	Post analysis method ends
07/25/2024 14:30:31	Reading UID database.
07/25/2024 14:30:31	Start loading STAAD model.
07/25/2024 14:30:31	Reading model file.
07/25/2024 14:30:32	Reading model file is complete.
07/25/2024 14:30:32	Processing support.
07/25/2024 14:30:32	Processing springs.
07/25/2024 14:30:32	Processing properties.
07/25/2024 14:30:32	Processing physical properties.
07/25/2024 14:30:32	Processing constants.
07/25/2024 14:30:32	Processing BETA constants.
07/25/2024 14:30:32	Processing hidden analytical member loads.
07/25/2024 14:30:32	Processing command list for member release.
07/25/2024 14:30:32	Processing command list for member offset.
07/25/2024 14:30:32	Processing command list for member specs (cracked).
07/25/2024 14:30:32	Processing command list for member specs (axial).
07/25/2024 14:30:32	Processing command list for element release.
07/25/2024 14:30:32	Processing command list for element offset.
07/25/2024 14:30:32	Processing command list for element plate stress directive.
07/25/2024 14:30:32	Processing parameter for Chinese wind load case.
07/25/2024 14:30:32	End Processing command list.
07/25/2024 14:30:32	End loading STAAD model.
07/25/2024 14:30:32	Start Post Analysis method
07/25/2024 14:30:32	Removed all hidden plates from surfaces
07/25/2024 14:30:32	Removed all hidden plates
07/25/2024 14:30:32	Removed all hidden nodes
07/25/2024 14:30:32	Loading results from MSH file...
07/25/2024 14:30:32	Building result indices...
07/25/2024 14:30:32	Loading plate stress results...
07/25/2024 14:30:32	Set analysis report setup data
07/25/2024 14:30:32	Starting page setup...
07/25/2024 14:30:32	Page setup completed
07/25/2024 14:30:32	Setting available workflows...
07/25/2024 14:30:32	Post analysis method ends
07/25/2024 14:30:40	Start Post Analysis method
07/25/2024 14:30:40	Removed all hidden plates from surfaces
07/25/2024 14:30:40	Removed all hidden plates
07/25/2024 14:30:40	Removed all hidden nodes
07/25/2024 14:30:40	Loading results from MSH file...
07/25/2024 14:30:40	Building result indices...
07/25/2024 14:30:40	Loading plate stress results...
07/25/2024 14:30:40	Set analysis report setup data
07/25/2024 14:30:40	Starting page setup...
07/25/2024 14:30:40	Page setup completed
07/25/2024 14:30:40	Setting available workflows...
07/25/2024 14:30:40	Post analysis method ends
