07/04/2024 10:31:08	Reading UID database.
07/04/2024 10:31:08	Start loading STAAD model.
07/04/2024 10:31:08	Reading model file.
07/04/2024 10:31:08	Reading model file is complete.
07/04/2024 10:31:08	Processing support.
07/04/2024 10:31:08	Processing springs.
07/04/2024 10:31:08	Processing properties.
07/04/2024 10:31:08	Processing physical properties.
07/04/2024 10:31:08	Processing constants.
07/04/2024 10:31:08	Processing BETA constants.
07/04/2024 10:31:08	Processing hidden analytical member loads.
07/04/2024 10:31:08	Processing command list for member release.
07/04/2024 10:31:08	Processing command list for member offset.
07/04/2024 10:31:08	Processing command list for member specs (cracked).
07/04/2024 10:31:08	Processing command list for member specs (axial).
07/04/2024 10:31:08	Processing command list for element release.
07/04/2024 10:31:08	Processing command list for element offset.
07/04/2024 10:31:08	Processing command list for element plate stress directive.
07/04/2024 10:31:08	Processing parameter for Chinese wind load case.
07/04/2024 10:31:08	End Processing command list.
07/04/2024 10:31:08	End loading STAAD model.
07/04/2024 10:31:08	Start Post Analysis method
07/04/2024 10:31:08	Removed all hidden plates from surfaces
07/04/2024 10:31:08	Removed all hidden plates
07/04/2024 10:31:08	Removed all hidden nodes
07/04/2024 10:31:08	Loading results from MSH file...
07/04/2024 10:31:08	Building result indices...
07/04/2024 10:31:08	Loading plate stress results...
07/04/2024 10:31:08	Set analysis report setup data
07/04/2024 10:31:08	Starting page setup...
07/04/2024 10:31:08	Page setup completed
07/04/2024 10:31:08	Setting available workflows...
07/04/2024 10:31:08	Post analysis method ends
07/04/2024 10:35:40	Reading UID database.
07/04/2024 10:35:40	Start loading STAAD model.
07/04/2024 10:35:40	Reading model file.
07/04/2024 10:35:40	Reading model file is complete.
07/04/2024 10:35:40	Processing support.
07/04/2024 10:35:40	Processing springs.
07/04/2024 10:35:40	Processing properties.
07/04/2024 10:35:40	Processing physical properties.
07/04/2024 10:35:40	Processing constants.
07/04/2024 10:35:40	Processing BETA constants.
07/04/2024 10:35:40	Processing hidden analytical member loads.
07/04/2024 10:35:40	Processing command list for member release.
07/04/2024 10:35:40	Processing command list for member offset.
07/04/2024 10:35:40	Processing command list for member specs (cracked).
07/04/2024 10:35:40	Processing command list for member specs (axial).
07/04/2024 10:35:40	Processing command list for element release.
07/04/2024 10:35:40	Processing command list for element offset.
07/04/2024 10:35:40	Processing command list for element plate stress directive.
07/04/2024 10:35:40	Processing parameter for Chinese wind load case.
07/04/2024 10:35:40	End Processing command list.
07/04/2024 10:35:40	End loading STAAD model.
07/04/2024 10:35:40	Start Post Analysis method
07/04/2024 10:35:40	Removed all hidden plates from surfaces
07/04/2024 10:35:40	Removed all hidden plates
07/04/2024 10:35:40	Removed all hidden nodes
07/04/2024 10:35:40	Loading results from MSH file...
07/04/2024 10:35:40	Building result indices...
07/04/2024 10:35:40	Loading plate stress results...
07/04/2024 10:35:40	Set analysis report setup data
07/04/2024 10:35:40	Starting page setup...
07/04/2024 10:35:40	Page setup completed
07/04/2024 10:35:40	Setting available workflows...
07/04/2024 10:35:40	Post analysis method ends
07/04/2024 10:35:53	Start Post Analysis method
07/04/2024 10:35:53	Removed all hidden plates from surfaces
07/04/2024 10:35:53	Removed all hidden plates
07/04/2024 10:35:53	Removed all hidden nodes
07/04/2024 10:35:53	Loading results from MSH file...
07/04/2024 10:35:53	Building result indices...
07/04/2024 10:35:53	Loading plate stress results...
07/04/2024 10:35:53	Set analysis report setup data
07/04/2024 10:35:53	Starting page setup...
07/04/2024 10:35:53	Page setup completed
07/04/2024 10:35:53	Setting available workflows...
07/04/2024 10:35:53	Post analysis method ends
