07/31/2024 10:00:16	Reading UID database.
07/31/2024 10:00:16	Start loading STAAD model.
07/31/2024 10:00:16	Reading model file.
07/31/2024 10:00:16	Reading model file is complete.
07/31/2024 10:00:16	Processing support.
07/31/2024 10:00:16	Processing springs.
07/31/2024 10:00:16	Processing properties.
07/31/2024 10:00:16	Processing physical properties.
07/31/2024 10:00:16	Processing constants.
07/31/2024 10:00:16	Processing BETA constants.
07/31/2024 10:00:16	Processing hidden analytical member loads.
07/31/2024 10:00:16	Processing command list for member release.
07/31/2024 10:00:16	Processing command list for member offset.
07/31/2024 10:00:16	Processing command list for member specs (cracked).
07/31/2024 10:00:16	Processing command list for member specs (axial).
07/31/2024 10:00:16	Processing command list for element release.
07/31/2024 10:00:16	Processing command list for element offset.
07/31/2024 10:00:16	Processing command list for element plate stress directive.
07/31/2024 10:00:16	Processing parameter for Chinese wind load case.
07/31/2024 10:00:16	End Processing command list.
07/31/2024 10:00:16	End loading STAAD model.
07/31/2024 10:00:16	Start Post Analysis method
07/31/2024 10:00:16	Removed all hidden plates from surfaces
07/31/2024 10:00:16	Removed all hidden plates
07/31/2024 10:00:16	Removed all hidden nodes
07/31/2024 10:00:16	Loading results from MSH file...
07/31/2024 10:00:16	Building result indices...
07/31/2024 10:00:16	Loading plate stress results...
07/31/2024 10:00:16	Set analysis report setup data
07/31/2024 10:00:16	Starting page setup...
07/31/2024 10:00:16	Page setup completed
07/31/2024 10:00:16	Setting available workflows...
07/31/2024 10:00:16	Post analysis method ends
07/31/2024 10:33:55	Reading UID database.
07/31/2024 10:33:55	Start loading STAAD model.
07/31/2024 10:33:55	Reading model file.
07/31/2024 10:33:56	Reading model file is complete.
07/31/2024 10:33:56	Processing support.
07/31/2024 10:33:56	Processing springs.
07/31/2024 10:33:56	Processing properties.
07/31/2024 10:33:56	Processing physical properties.
07/31/2024 10:33:56	Processing constants.
07/31/2024 10:33:56	Processing BETA constants.
07/31/2024 10:33:56	Processing hidden analytical member loads.
07/31/2024 10:33:56	Processing command list for member release.
07/31/2024 10:33:56	Processing command list for member offset.
07/31/2024 10:33:56	Processing command list for member specs (cracked).
07/31/2024 10:33:56	Processing command list for member specs (axial).
07/31/2024 10:33:56	Processing command list for element release.
07/31/2024 10:33:56	Processing command list for element offset.
07/31/2024 10:33:56	Processing command list for element plate stress directive.
07/31/2024 10:33:56	Processing parameter for Chinese wind load case.
07/31/2024 10:33:56	End Processing command list.
07/31/2024 10:33:56	End loading STAAD model.
07/31/2024 10:33:56	Start Post Analysis method
07/31/2024 10:33:56	Removed all hidden plates from surfaces
07/31/2024 10:33:56	Removed all hidden plates
07/31/2024 10:33:56	Removed all hidden nodes
07/31/2024 10:33:56	Loading results from MSH file...
07/31/2024 10:33:56	Building result indices...
07/31/2024 10:33:56	Loading plate stress results...
07/31/2024 10:33:56	Set analysis report setup data
07/31/2024 10:33:56	Starting page setup...
07/31/2024 10:33:56	Page setup completed
07/31/2024 10:33:56	Setting available workflows...
07/31/2024 10:33:56	Post analysis method ends
07/31/2024 10:34:06	Start Post Analysis method
07/31/2024 10:34:06	Removed all hidden plates from surfaces
07/31/2024 10:34:06	Removed all hidden plates
07/31/2024 10:34:06	Removed all hidden nodes
07/31/2024 10:34:06	Loading results from MSH file...
07/31/2024 10:34:06	Building result indices...
07/31/2024 10:34:06	Loading plate stress results...
07/31/2024 10:34:06	Set analysis report setup data
07/31/2024 10:34:06	Starting page setup...
07/31/2024 10:34:06	Page setup completed
07/31/2024 10:34:06	Setting available workflows...
07/31/2024 10:34:06	Post analysis method ends
