14:25:51	Initializing STAAD Engine
14:25:51	Run stream set up is complete.
14:25:51	Initialize license libraries.
14:25:51	License libraries initialized.
14:25:51	Starting license(s) for A & D engine.
14:25:52	License Status: Ok
14:25:52	License information set up is complete.
****************************************************************************
*                            START OF ANALYSIS                             *
****************************************************************************
* Initiating Analysis At Fri Aug  2 14:25:52 2024
                          PROGRAM: STAAD.Pro
                          VERSION: 23.00.01.25
                14:25:52:56  ENTERING STAAD
                14:25:52:59  USING 64 BIT STAAD ENGINE
                14:25:52:60  ENTERING MAINN
                14:25:52:60  START JOB INFORMATION
                14:25:52:60  INPUT WIDTH 79
                14:25:52:61  UNIT MMS KN
                14:25:52:61  JOINT COORDINATES
                14:25:52:62  ENTERING JOINTC
                14:25:52:62  JOINTC NEWJ                                 400000
                14:25:52:63  MAX NODE NO.                                     9
                14:25:52:63  MEMBER INCIDENCES
                14:25:52:64  UNIT METER KN
                14:25:52:64  DEFINE MATERIAL START
                14:25:52:65  UNIT MMS KN
                14:25:52:65  MEMBER PROPERTY EUROP
                14:25:53:11    ++ Finished Reading Member Properties ...
                14:25:53:11  CONSTANTS
                14:25:53:11  SUPPORTS
                14:25:53:12  ENTERING SUPPORT
                14:25:53:13  MEMBER OFFSET
                14:25:53:13  DEFINE WIND LOAD
                14:25:53:14  LOAD 121 LOADTYPE DEA
                14:25:53:14  DUPLICATE ELEMENT CHECK
                14:25:53:14  CHECKING STRUCTURAL INTEGRITY
                14:25:53:15  CHECK UNCONNECTED JOINTS AND
                14:25:53:15  CALCULATE MAX JOINT CONNECTIVITY
                14:25:53:16  CHECK MULTIPLE STRUCTURES
                14:25:53:16  ENTERING SUPPORT
                14:25:53:17  NRJOLD                                           0
                14:25:53:17  SUPPORT NOLD                                     0
                14:25:53:18  SUPPORT N                                       42
                14:25:53:18  BEFORE LOADPR
                14:25:53:19  REOPEN AS DIR                                    0
                14:25:53:19  ENTER LOADPR
                14:25:53:30  PERFORM ANALYSIS PRIN
                14:25:53:30  pdel iter                                        0
                14:25:53:31  MAXIMUM E =                           2.973273E+04
                14:25:53:32  MINIMUM E =                           2.973273E+04
                14:25:53:32  MBW DOF BAND=                                    1
                14:25:53:33  NUMBER OF PRIMARY CASES                        101
                14:25:53:33  NUMBER OF CASES                                252
                14:25:53:34  #OF CASES W/ELEM INMEMORY                      252
                14:25:53:34  MEMORY FOR MEMBER LOADS                      24192
                14:25:53:35  MEMORY FOR DISPLACEMENTS                     13608
                14:25:53:36  MEMORY FOR MEMBER FORCES                     24192
                14:25:53:36  Using 64-bit analysis engine
                14:25:53:37  BEFORE SOLVER 1
                14:25:53:37  Start Input for Next Load Case
                14:25:53:38  case no=  121 seq. no=   1 idynl= 0
                14:25:53:38  MASSSET                                          0
                14:25:53:39  LOADEND ISLAVE                                   0
                14:25:53:39  Start Input for Next Load Case
                14:25:53:40  case no=  201 seq. no=   2 idynl= 0
                14:25:53:40  LOADEND ISLAVE                                   0
                14:25:53:41  Start Input for Next Load Case
                14:25:53:41  case no=  202 seq. no=   3 idynl= 0
                14:25:53:42  LOADEND ISLAVE                                   0
                14:25:53:42  Start Input for Next Load Case
                14:25:53:42  case no=  203 seq. no=   4 idynl= 0
                14:25:53:43  LOADEND ISLAVE                                   0
                14:25:53:43  Start Input for Next Load Case
                14:25:53:44  case no=  204 seq. no=   5 idynl= 0
                14:25:53:44  LOADEND ISLAVE                                   0
                14:25:53:44  Start Input for Next Load Case
                14:25:53:45  case no=  205 seq. no=   6 idynl= 0
                14:25:53:45  LOADEND ISLAVE                                   0
                14:25:53:46  Start Input for Next Load Case
                14:25:53:46  case no=  206 seq. no=   7 idynl= 0
                14:25:53:47  LOADEND ISLAVE                                   0
                14:25:53:47  Start Input for Next Load Case
                14:25:53:47  case no=  207 seq. no=   8 idynl= 0
                14:25:53:48  LOADEND ISLAVE                                   0
                14:25:53:48  Start Input for Next Load Case
                14:25:53:49  case no=  208 seq. no=   9 idynl= 0
                14:25:53:49  LOADEND ISLAVE                                   0
                14:25:53:49  Start Input for Next Load Case
                14:25:53:50  case no=  312 seq. no=  10 idynl= 0
                14:25:53:50  LOADEND ISLAVE                                   0
                14:25:53:51  Start Input for Next Load Case
                14:25:53:51  case no=  313 seq. no=  11 idynl= 0
                14:25:53:51  LOADEND ISLAVE                                   0
                14:25:53:52  Start Input for Next Load Case
                14:25:53:52  case no=  314 seq. no=  12 idynl= 0
                14:25:53:53  LOADEND ISLAVE                                   0
                14:25:53:53  Start Input for Next Load Case
                14:25:53:54  case no=  315 seq. no=  13 idynl= 0
                14:25:53:54  LOADEND ISLAVE                                   0
                14:25:53:54  Start Input for Next Load Case
                14:25:53:55  case no=  322 seq. no=  14 idynl= 0
                14:25:53:55  LOADEND ISLAVE                                   0
                14:25:53:56  Start Input for Next Load Case
                14:25:53:56  case no=  323 seq. no=  15 idynl= 0
                14:25:53:57  LOADEND ISLAVE                                   0
                14:25:53:57  Start Input for Next Load Case
                14:25:53:58  case no=  324 seq. no=  16 idynl= 0
                14:25:53:58  LOADEND ISLAVE                                   0
                14:25:53:58  Start Input for Next Load Case
                14:25:53:59  case no=  325 seq. no=  17 idynl= 0
                14:25:53:59  LOADEND ISLAVE                                   0
                14:25:53:60  Start Input for Next Load Case
                14:25:53:60  case no=  332 seq. no=  18 idynl= 0
                14:25:53:60  LOADEND ISLAVE                                   0
                14:25:53:61  Start Input for Next Load Case
                14:25:53:61  case no=  333 seq. no=  19 idynl= 0
                14:25:53:62  LOADEND ISLAVE                                   0
                14:25:53:62  Start Input for Next Load Case
                14:25:53:62  case no=  334 seq. no=  20 idynl= 0
                14:25:53:63  LOADEND ISLAVE                                   0
                14:25:53:63  Start Input for Next Load Case
                14:25:53:64  case no=  335 seq. no=  21 idynl= 0
                14:25:53:64  LOADEND ISLAVE                                   0
                14:25:53:64  Start Input for Next Load Case
                14:25:53:65  case no=  411 seq. no=  22 idynl= 0
                14:25:53:65  LOADEND ISLAVE                                   0
                14:25:53:66  Start Input for Next Load Case
                14:25:53:66  case no=  412 seq. no=  23 idynl= 0
                14:25:53:67  LOADEND ISLAVE                                   0
                14:25:53:67  Start Input for Next Load Case
                14:25:53:68  case no=  413 seq. no=  24 idynl= 0
                14:25:53:68  LOADEND ISLAVE                                   0
                14:25:53:69  Start Input for Next Load Case
                14:25:53:69  case no=  414 seq. no=  25 idynl= 0
                14:25:53:70  LOADEND ISLAVE                                   0
                14:25:53:70  Start Input for Next Load Case
                14:25:53:70  case no=  415 seq. no=  26 idynl= 0
                14:25:53:71  LOADEND ISLAVE                                   0
                14:25:53:71  Start Input for Next Load Case
                14:25:53:72  case no=  416 seq. no=  27 idynl= 0
                14:25:53:72  LOADEND ISLAVE                                   0
                14:25:53:72  Start Input for Next Load Case
                14:25:53:73  case no=  417 seq. no=  28 idynl= 0
                14:25:53:73  LOADEND ISLAVE                                   0
                14:25:53:74  Start Input for Next Load Case
                14:25:53:74  case no=  418 seq. no=  29 idynl= 0
                14:25:53:75  LOADEND ISLAVE                                   0
                14:25:53:75  Start Input for Next Load Case
                14:25:53:76  case no=  421 seq. no=  30 idynl= 0
                14:25:53:76  LOADEND ISLAVE                                   0
                14:25:53:76  Start Input for Next Load Case
                14:25:53:77  case no=  422 seq. no=  31 idynl= 0
                14:25:53:77  LOADEND ISLAVE                                   0
                14:25:53:78  Start Input for Next Load Case
                14:25:53:78  case no=  423 seq. no=  32 idynl= 0
                14:25:53:79  LOADEND ISLAVE                                   0
                14:25:53:79  Start Input for Next Load Case
                14:25:53:79  case no=  424 seq. no=  33 idynl= 0
                14:25:53:80  LOADEND ISLAVE                                   0
                14:25:53:80  Start Input for Next Load Case
                14:25:53:81  case no=  425 seq. no=  34 idynl= 0
                14:25:53:81  LOADEND ISLAVE                                   0
                14:25:53:81  Start Input for Next Load Case
                14:25:53:82  case no=  426 seq. no=  35 idynl= 0
                14:25:53:82  LOADEND ISLAVE                                   0
                14:25:53:83  Start Input for Next Load Case
                14:25:53:83  case no=  427 seq. no=  36 idynl= 0
                14:25:53:83  LOADEND ISLAVE                                   0
                14:25:53:84  Start Input for Next Load Case
                14:25:53:84  case no=  428 seq. no=  37 idynl= 0
                14:25:53:85  LOADEND ISLAVE                                   0
                14:25:53:85  Start Input for Next Load Case
                14:25:53:85  case no=  711 seq. no=  38 idynl= 0
                14:25:53:86  LOADEND ISLAVE                                   0
                14:25:53:86  Start Input for Next Load Case
                14:25:53:87  case no=  712 seq. no=  39 idynl= 0
                14:25:53:87  LOADEND ISLAVE                                   0
                14:25:53:88  Start Input for Next Load Case
                14:25:53:88  case no=  713 seq. no=  40 idynl= 0
                14:25:53:88  LOADEND ISLAVE                                   0
                14:25:53:89  Start Input for Next Load Case
                14:25:53:90  case no=  714 seq. no=  41 idynl= 0
                14:25:53:90  LOADEND ISLAVE                                   0
                14:25:53:91  Start Input for Next Load Case
                14:25:53:91  case no=  715 seq. no=  42 idynl= 0
                14:25:53:92  LOADEND ISLAVE                                   0
                14:25:53:93  Start Input for Next Load Case
                14:25:53:93  case no=  716 seq. no=  43 idynl= 0
                14:25:53:94  LOADEND ISLAVE                                   0
                14:25:53:94  Start Input for Next Load Case
                14:25:53:95  case no=  717 seq. no=  44 idynl= 0
                14:25:53:95  LOADEND ISLAVE                                   0
                14:25:53:96  Start Input for Next Load Case
                14:25:53:96  case no=  718 seq. no=  45 idynl= 0
                14:25:53:97  LOADEND ISLAVE                                   0
                14:25:53:97  Start Input for Next Load Case
                14:25:53:98  case no= 1101 seq. no=  46 idynl= 0
                14:25:53:98  LOADEND ISLAVE                                   0
                14:25:53:98  Start Input for Next Load Case
                14:25:53:99  case no= 1102 seq. no=  47 idynl= 0
                14:25:53:99  LOADEND ISLAVE                                   0
                14:25:54: 0  Start Input for Next Load Case
                14:25:54: 0  case no= 1103 seq. no=  48 idynl= 0
                14:25:54: 1  LOADEND ISLAVE                                   0
                14:25:54: 1  Start Input for Next Load Case
                14:25:54: 1  case no= 1104 seq. no=  49 idynl= 0
                14:25:54: 2  LOADEND ISLAVE                                   0
                14:25:54: 2  Start Input for Next Load Case
                14:25:54: 3  case no= 1105 seq. no=  50 idynl= 0
                14:25:54: 3  LOADEND ISLAVE                                   0
                14:25:54: 4  Start Input for Next Load Case
                14:25:54: 4  case no= 1106 seq. no=  51 idynl= 0
                14:25:54: 4  LOADEND ISLAVE                                   0
                14:25:54: 5  Start Input for Next Load Case
                14:25:54: 5  case no= 1107 seq. no=  52 idynl= 0
                14:25:54: 6  LOADEND ISLAVE                                   0
                14:25:54: 6  Start Input for Next Load Case
                14:25:54: 6  case no= 1108 seq. no=  53 idynl= 0
                14:25:54: 7  LOADEND ISLAVE                                   0
                14:25:54: 7  Start Input for Next Load Case
                14:25:54: 8  case no= 1201 seq. no=  54 idynl= 0
                14:25:54: 8  LOADEND ISLAVE                                   0
                14:25:54: 8  Start Input for Next Load Case
                14:25:54: 9  case no= 1202 seq. no=  55 idynl= 0
                14:25:54: 9  LOADEND ISLAVE                                   0
                14:25:54:10  Start Input for Next Load Case
                14:25:54:10  case no= 1203 seq. no=  56 idynl= 0
                14:25:54:11  LOADEND ISLAVE                                   0
                14:25:54:11  Start Input for Next Load Case
                14:25:54:11  case no= 1204 seq. no=  57 idynl= 0
                14:25:54:12  LOADEND ISLAVE                                   0
                14:25:54:12  Start Input for Next Load Case
                14:25:54:13  case no= 1205 seq. no=  58 idynl= 0
                14:25:54:13  LOADEND ISLAVE                                   0
                14:25:54:13  Start Input for Next Load Case
                14:25:54:14  case no= 1206 seq. no=  59 idynl= 0
                14:25:54:14  LOADEND ISLAVE                                   0
                14:25:54:15  Start Input for Next Load Case
                14:25:54:15  case no= 1207 seq. no=  60 idynl= 0
                14:25:54:15  LOADEND ISLAVE                                   0
                14:25:54:16  Start Input for Next Load Case
                14:25:54:16  case no= 1208 seq. no=  61 idynl= 0
                14:25:54:17  LOADEND ISLAVE                                   0
                14:25:54:17  Start Input for Next Load Case
                14:25:54:17  case no= 2101 seq. no=  62 idynl= 0
                14:25:54:18  LOADEND ISLAVE                                   0
                14:25:54:18  Start Input for Next Load Case
                14:25:54:19  case no= 2102 seq. no=  63 idynl= 0
                14:25:54:19  LOADEND ISLAVE                                   0
                14:25:54:19  Start Input for Next Load Case
                14:25:54:20  case no= 2103 seq. no=  64 idynl= 0
                14:25:54:20  LOADEND ISLAVE                                   0
                14:25:54:21  Start Input for Next Load Case
                14:25:54:21  case no= 2104 seq. no=  65 idynl= 0
                14:25:54:22  LOADEND ISLAVE                                   0
                14:25:54:22  Start Input for Next Load Case
                14:25:54:22  case no= 2105 seq. no=  66 idynl= 0
                14:25:54:23  LOADEND ISLAVE                                   0
                14:25:54:23  Start Input for Next Load Case
                14:25:54:24  case no= 2106 seq. no=  67 idynl= 0
                14:25:54:24  LOADEND ISLAVE                                   0
                14:25:54:24  Start Input for Next Load Case
                14:25:54:25  case no= 2107 seq. no=  68 idynl= 0
                14:25:54:25  LOADEND ISLAVE                                   0
                14:25:54:26  Start Input for Next Load Case
                14:25:54:26  case no= 2108 seq. no=  69 idynl= 0
                14:25:54:26  LOADEND ISLAVE                                   0
                14:25:54:27  Start Input for Next Load Case
                14:25:54:27  case no= 3001 seq. no=  70 idynl= 0
                14:25:54:28  LOADEND ISLAVE                                   0
                14:25:54:28  Start Input for Next Load Case
                14:25:54:29  case no= 3002 seq. no=  71 idynl= 0
                14:25:54:29  LOADEND ISLAVE                                   0
                14:25:54:29  Start Input for Next Load Case
                14:25:54:30  case no= 3003 seq. no=  72 idynl= 0
                14:25:54:30  LOADEND ISLAVE                                   0
                14:25:54:31  Start Input for Next Load Case
                14:25:54:31  case no= 3004 seq. no=  73 idynl= 0
                14:25:54:31  LOADEND ISLAVE                                   0
                14:25:54:32  Start Input for Next Load Case
                14:25:54:32  case no= 3005 seq. no=  74 idynl= 0
                14:25:54:33  LOADEND ISLAVE                                   0
                14:25:54:33  Start Input for Next Load Case
                14:25:54:33  case no= 3006 seq. no=  75 idynl= 0
                14:25:54:34  LOADEND ISLAVE                                   0
                14:25:54:34  Start Input for Next Load Case
                14:25:54:35  case no= 3007 seq. no=  76 idynl= 0
                14:25:54:35  LOADEND ISLAVE                                   0
                14:25:54:35  Start Input for Next Load Case
                14:25:54:36  case no= 3008 seq. no=  77 idynl= 0
                14:25:54:36  LOADEND ISLAVE                                   0
                14:25:54:37  Start Input for Next Load Case
                14:25:54:37  case no= 3011 seq. no=  78 idynl= 0
                14:25:54:37  LOADEND ISLAVE                                   0
                14:25:54:38  Start Input for Next Load Case
                14:25:54:38  case no= 3012 seq. no=  79 idynl= 0
                14:25:54:39  LOADEND ISLAVE                                   0
                14:25:54:39  Start Input for Next Load Case
                14:25:54:39  case no= 3013 seq. no=  80 idynl= 0
                14:25:54:40  LOADEND ISLAVE                                   0
                14:25:54:40  Start Input for Next Load Case
                14:25:54:41  case no= 3014 seq. no=  81 idynl= 0
                14:25:54:41  LOADEND ISLAVE                                   0
                14:25:54:41  Start Input for Next Load Case
                14:25:54:42  case no= 3015 seq. no=  82 idynl= 0
                14:25:54:42  LOADEND ISLAVE                                   0
                14:25:54:43  Start Input for Next Load Case
                14:25:54:43  case no= 3016 seq. no=  83 idynl= 0
                14:25:54:44  LOADEND ISLAVE                                   0
                14:25:54:44  Start Input for Next Load Case
                14:25:54:44  case no= 3017 seq. no=  84 idynl= 0
                14:25:54:45  LOADEND ISLAVE                                   0
                14:25:54:45  Start Input for Next Load Case
                14:25:54:46  case no= 3018 seq. no=  85 idynl= 0
                14:25:54:46  LOADEND ISLAVE                                   0
                14:25:54:46  Start Input for Next Load Case
                14:25:54:47  case no= 3021 seq. no=  86 idynl= 0
                14:25:54:47  LOADEND ISLAVE                                   0
                14:25:54:48  Start Input for Next Load Case
                14:25:54:48  case no= 3022 seq. no=  87 idynl= 0
                14:25:54:48  LOADEND ISLAVE                                   0
                14:25:54:49  Start Input for Next Load Case
                14:25:54:49  case no= 3023 seq. no=  88 idynl= 0
                14:25:54:50  LOADEND ISLAVE                                   0
                14:25:54:50  Start Input for Next Load Case
                14:25:54:50  case no= 3024 seq. no=  89 idynl= 0
                14:25:54:51  LOADEND ISLAVE                                   0
                14:25:54:51  Start Input for Next Load Case
                14:25:54:52  case no= 3025 seq. no=  90 idynl= 0
                14:25:54:52  LOADEND ISLAVE                                   0
                14:25:54:52  Start Input for Next Load Case
                14:25:54:53  case no= 3026 seq. no=  91 idynl= 0
                14:25:54:53  LOADEND ISLAVE                                   0
                14:25:54:54  Start Input for Next Load Case
                14:25:54:54  case no= 3027 seq. no=  92 idynl= 0
                14:25:54:55  LOADEND ISLAVE                                   0
                14:25:54:55  Start Input for Next Load Case
                14:25:54:55  case no= 3028 seq. no=  93 idynl= 0
                14:25:54:56  LOADEND ISLAVE                                   0
                14:25:54:56  Start Input for Next Load Case
                14:25:54:57  case no= 3201 seq. no=  94 idynl= 0
                14:25:54:57  LOADEND ISLAVE                                   0
                14:25:54:58  Start Input for Next Load Case
                14:25:54:58  case no= 3202 seq. no=  95 idynl= 0
                14:25:54:59  LOADEND ISLAVE                                   0
                14:25:54:59  Start Input for Next Load Case
                14:25:54:60  case no= 3203 seq. no=  96 idynl= 0
                14:25:54:60  LOADEND ISLAVE                                   0
                14:25:54:60  Start Input for Next Load Case
                14:25:54:61  case no= 3204 seq. no=  97 idynl= 0
                14:25:54:61  LOADEND ISLAVE                                   0
                14:25:54:62  Start Input for Next Load Case
                14:25:54:62  case no= 3205 seq. no=  98 idynl= 0
                14:25:54:62  LOADEND ISLAVE                                   0
                14:25:54:63  Start Input for Next Load Case
                14:25:54:63  case no= 3206 seq. no=  99 idynl= 0
                14:25:54:64  LOADEND ISLAVE                                   0
                14:25:54:64  Start Input for Next Load Case
                14:25:54:64  case no= 3207 seq. no= 100 idynl= 0
                14:25:54:65  LOADEND ISLAVE                                   0
                14:25:54:65  Start Input for Next Load Case
                14:25:54:66  case no= 3208 seq. no= 101 idynl= 0
                14:25:54:66  LOADEND ISLAVE                                   0
                14:25:54:67  NVPREV                                           0
                14:25:54:67  AMAXNON                               4.527559E-01
                14:25:54:67  IRECSIZL=                                     4000
                14:25:54:68  MTX BLOCKSIZE=                                  42
                14:25:54:68  MI=                                             42
                14:25:54:69  NORECL=                                          1
                14:25:54:69  NORECL1=                                         1
                14:25:54:69  IWORD=                                       32000
                14:25:54:70  JRECSIZE=                                     4000
                14:25:54:70  IWORDJ=                                      32000
                14:25:54:71  IBYTE=                                           4
                14:25:54:71  JOINTS=                                          9
                14:25:54:71  MEMBERS=                                         8
                14:25:54:72  PLATES =                                         0
                14:25:54:72  SOLIDS =                                         0
                14:25:54:73  NO. OF EQUATIONS=                               42
                14:25:54:73  idyn=                                            0
                14:25:54:74  ipd=                                             0
                14:25:54:74  icablanl=                                        0
                14:25:54:75  ++ Processing Element Stiffness Matrix.
                14:25:54:75  NV1                                            101
                14:25:54:86  ++ Calculating Element Forces & Reactions.
                14:25:55:30  COMBINATION CASES=                               0
                14:25:55:30  MAX CM MEMORY (KILOWORDS)                       29
                14:25:55:31  AFTER SOLVER 1
                14:25:55:32  REOPEN AS SEQ                                    0
                14:25:55:32  DEFINE ENVELOPE
                14:25:55:34  LOAD LIST 1101 TO 110
                14:25:55:34  PARAMETER 1
                14:25:55:35  CHECK CODE ALL
                14:25:55:35  ENTERING SECTNM110 IQ=                           8
                14:25:55:35               NSEC=                              11
                14:25:55:36             ISECTN=                               0
                14:25:55:38  SECTNM110 DO 925
                14:25:55:40  ENTERING ENVLP1 ITYP1=                          -3
                14:25:55:40  SECT DISPLACE
                14:25:55:42  Steel/Alum/Timber Design                        52
                14:25:55:45    ++ Finished Design ...
                14:25:55:45  Steel/Timber Design exit
                14:25:55:46  LOAD LIST 2101 TO 210
                14:25:55:47  PARAMETER 1
                14:25:55:48  CHECK CODE ALL
                14:25:55:48  ENTERING ENVLP1 ITYP1=                          -3
                14:25:55:48  SECT DISPLACE
                14:25:55:50  Steel/Alum/Timber Design                        52
                14:25:55:51    ++ Finished Design ...
                14:25:55:51  Steel/Timber Design exit
                14:25:55:52  LOAD LIST ENV 4 TO 7
                14:25:55:52  PARAMETER 1
                14:25:55:53  CHECK CODE ALL
                14:25:55:53  ENTERING ENVLP1 ITYP1=                          -3
                14:25:55:53  SECT DISPLACE
                14:25:55:55  Steel/Alum/Timber Design                        52
                14:25:55:57    ++ Finished Design ...
                14:25:55:57  Steel/Timber Design exit
                14:25:55:58  PRINT JOINT DISPLACEM
                14:25:55:59  DRAW ISOM JOIN MEMB
                14:25:55:59  ENTERING SECTNM110 IQ=                           8
                14:25:55:60               NSEC=                              11
                14:25:55:60             ISECTN=                               0
                14:25:55:62  SECTNM110 DO 925
                14:25:55:64  PRINT SUPPORT REACTIO
                14:25:55:64  DRAW ISOM SUPP PROP
                14:25:55:65  ENTERING SECTNM110 IQ=                           8
                14:25:55:66               NSEC=                              11
                14:25:55:66             ISECTN=                               0
                14:25:55:69  SECTNM110 DO 925
                14:25:55:71  DRAW ISOM SHAP
                14:25:55:71  ENTERING SECTNM110 IQ=                           8
                14:25:55:72               NSEC=                              11
                14:25:55:72             ISECTN=                               0
                14:25:55:75  SECTNM110 DO 925
                14:25:55:77  PRINT CG
                14:25:55:77  FINISH
                14:25:55:77  All Commands FINISHed
                14:25:55:78  DATASAVE for SPRO GUI
                14:25:55:79  ++ Creating Displacement File (DSP)...
                14:25:55:81  ++ Creating Reaction File (REA)...
                14:25:55:81  ++ Creating Section Force File (BMD)...
                14:25:55:83  ++ Creating Section Displace File (SEC)...
                14:25:55:83  ENTERING ENVLP1 ITYP1=                          -5
                14:25:55:84  SECT DISPLACE
                14:25:55:88  ++ Creating Section Displace File (SCN)...
                14:25:55:89  ++ Creating Design information File (DGN)...
                14:25:55:90  ALLOCATED CM MEMORY (KILOWORDS)             300000
                14:25:55:90  MAX CM MEMORY (KILOWORDS)                       62
                14:25:55:91  DBS LONG SEC NAME
* End Of Analysis At Fri Aug  2 14:25:55 2024
* CPU usage = 3.414000
* STAAD Exit Code: 100, Warning Count: 0, Error Count: 0, Duration: 3.414
1 0 0 3.414
****************************************************************************
*                            END OF ANALYSIS                               *
****************************************************************************
