08/06/2024 11:16:28	Reading UID database.
08/06/2024 11:16:28	Start loading STAAD model.
08/06/2024 11:16:28	Reading model file.
08/06/2024 11:16:28	Reading model file is complete.
08/06/2024 11:16:28	Processing support.
08/06/2024 11:16:28	Processing springs.
08/06/2024 11:16:28	Processing properties.
08/06/2024 11:16:28	Processing physical properties.
08/06/2024 11:16:28	Processing constants.
08/06/2024 11:16:28	Processing BETA constants.
08/06/2024 11:16:28	Processing hidden analytical member loads.
08/06/2024 11:16:28	Processing command list for member release.
08/06/2024 11:16:28	Processing command list for member offset.
08/06/2024 11:16:28	Processing command list for member specs (cracked).
08/06/2024 11:16:28	Processing command list for member specs (axial).
08/06/2024 11:16:28	Processing command list for element release.
08/06/2024 11:16:28	Processing command list for element offset.
08/06/2024 11:16:28	Processing command list for element plate stress directive.
08/06/2024 11:16:28	Processing parameter for Chinese wind load case.
08/06/2024 11:16:28	End Processing command list.
08/06/2024 11:16:28	End loading STAAD model.
08/06/2024 11:16:28	Start Post Analysis method
08/06/2024 11:16:28	Removed all hidden plates from surfaces
08/06/2024 11:16:28	Removed all hidden plates
08/06/2024 11:16:28	Removed all hidden nodes
08/06/2024 11:16:28	Loading results from MSH file...
08/06/2024 11:16:28	Building result indices...
08/06/2024 11:16:28	Loading plate stress results...
08/06/2024 11:16:28	Set analysis report setup data
08/06/2024 11:16:28	Starting page setup...
08/06/2024 11:16:28	Page setup completed
08/06/2024 11:16:28	Setting available workflows...
08/06/2024 11:16:28	Post analysis method ends
