09/06/2024 14:38:40	Reading UID database.
09/06/2024 14:38:40	Start loading STAAD model.
09/06/2024 14:38:40	Reading model file.
09/06/2024 14:38:40	Reading model file is complete.
09/06/2024 14:38:40	Processing support.
09/06/2024 14:38:40	Processing springs.
09/06/2024 14:38:40	Processing properties.
09/06/2024 14:38:40	Processing physical properties.
09/06/2024 14:38:40	Processing constants.
09/06/2024 14:38:40	Processing BETA constants.
09/06/2024 14:38:40	Processing hidden analytical member loads.
09/06/2024 14:38:40	Processing command list for member release.
09/06/2024 14:38:40	Processing command list for member offset.
09/06/2024 14:38:40	Processing command list for member specs (cracked).
09/06/2024 14:38:40	Processing command list for member specs (axial).
09/06/2024 14:38:40	Processing command list for element release.
09/06/2024 14:38:40	Processing command list for element offset.
09/06/2024 14:38:40	Processing command list for element plate stress directive.
09/06/2024 14:38:40	Processing parameter for Chinese wind load case.
09/06/2024 14:38:40	End Processing command list.
09/06/2024 14:38:40	End loading STAAD model.
09/06/2024 14:38:40	Start Post Analysis method
09/06/2024 14:38:40	Removed all hidden plates from surfaces
09/06/2024 14:38:40	Removed all hidden plates
09/06/2024 14:38:40	Removed all hidden nodes
09/06/2024 14:38:40	Loading results from MSH file...
09/06/2024 14:38:40	Building result indices...
09/06/2024 14:38:40	Loading plate stress results...
09/06/2024 14:38:40	Set analysis report setup data
09/06/2024 14:38:40	Starting page setup...
09/06/2024 14:38:40	Page setup completed
09/06/2024 14:38:40	Setting available workflows...
09/06/2024 14:38:40	Post analysis method ends
