01/15/2025 08:54:55	Reading UID database.
01/15/2025 08:54:55	Start loading STAAD model.
01/15/2025 08:54:55	Reading model file.
01/15/2025 08:54:56	Reading model file is complete.
01/15/2025 08:54:56	Processing support.
01/15/2025 08:54:56	Processing springs.
01/15/2025 08:54:56	Processing properties.
01/15/2025 08:54:56	Processing physical properties.
01/15/2025 08:54:56	Processing constants.
01/15/2025 08:54:56	Processing BETA constants.
01/15/2025 08:54:56	Processing hidden analytical member loads.
01/15/2025 08:54:56	Processing command list for member release.
01/15/2025 08:54:56	Processing command list for member offset.
01/15/2025 08:54:56	Processing command list for member specs (cracked).
01/15/2025 08:54:56	Processing command list for member specs (axial).
01/15/2025 08:54:56	Processing command list for element release.
01/15/2025 08:54:56	Processing command list for element offset.
01/15/2025 08:54:56	Processing command list for element plate stress directive.
01/15/2025 08:54:56	Processing parameter for Chinese wind load case.
01/15/2025 08:54:56	End Processing command list.
01/15/2025 08:54:56	End loading STAAD model.
01/15/2025 08:55:39	Start Post Analysis method
01/15/2025 08:55:39	Removed all hidden plates from surfaces
01/15/2025 08:55:39	Removed all hidden plates
01/15/2025 08:55:39	Removed all hidden nodes
01/15/2025 08:55:39	Loading results from MSH file...
01/15/2025 08:55:39	Building result indices...
01/15/2025 08:55:39	Loading plate stress results...
01/15/2025 08:55:39	Set analysis report setup data
01/15/2025 08:55:39	Starting page setup...
01/15/2025 08:55:39	Page setup completed
01/15/2025 08:55:39	Setting available workflows...
01/15/2025 08:55:39	Post analysis method ends
