08/09/2024 11:16:48	Reading UID database.
08/09/2024 11:16:48	Start loading STAAD model.
08/09/2024 11:16:48	Reading model file.
08/09/2024 11:16:48	Reading model file is complete.
08/09/2024 11:16:48	Processing support.
08/09/2024 11:16:48	Processing springs.
08/09/2024 11:16:48	Processing properties.
08/09/2024 11:16:48	Processing physical properties.
08/09/2024 11:16:48	Processing constants.
08/09/2024 11:16:48	Processing BETA constants.
08/09/2024 11:16:48	Processing hidden analytical member loads.
08/09/2024 11:16:48	Processing command list for member release.
08/09/2024 11:16:48	Processing command list for member offset.
08/09/2024 11:16:48	Processing command list for member specs (cracked).
08/09/2024 11:16:48	Processing command list for member specs (axial).
08/09/2024 11:16:48	Processing command list for element release.
08/09/2024 11:16:48	Processing command list for element offset.
08/09/2024 11:16:48	Processing command list for element plate stress directive.
08/09/2024 11:16:48	Processing parameter for Chinese wind load case.
08/09/2024 11:16:48	End Processing command list.
08/09/2024 11:16:48	End loading STAAD model.
08/09/2024 11:16:48	Start Post Analysis method
08/09/2024 11:16:48	Removed all hidden plates from surfaces
08/09/2024 11:16:48	Removed all hidden plates
08/09/2024 11:16:48	Removed all hidden nodes
08/09/2024 11:16:48	Loading results from MSH file...
08/09/2024 11:16:48	Building result indices...
08/09/2024 11:16:48	Loading plate stress results...
08/09/2024 11:16:48	Set analysis report setup data
08/09/2024 11:16:48	Starting page setup...
08/09/2024 11:16:48	Page setup completed
08/09/2024 11:16:48	Setting available workflows...
08/09/2024 11:16:48	Post analysis method ends
08/09/2024 11:17:18	Start Post Analysis method
08/09/2024 11:17:18	Removed all hidden plates from surfaces
08/09/2024 11:17:18	Removed all hidden plates
08/09/2024 11:17:18	Removed all hidden nodes
08/09/2024 11:17:18	Loading results from MSH file...
08/09/2024 11:17:18	Building result indices...
08/09/2024 11:17:18	Loading plate stress results...
08/09/2024 11:17:18	Set analysis report setup data
08/09/2024 11:17:18	Starting page setup...
08/09/2024 11:17:18	Page setup completed
08/09/2024 11:17:18	Setting available workflows...
08/09/2024 11:17:18	Post analysis method ends
08/09/2024 11:28:56	Reading UID database.
08/09/2024 11:28:56	Start loading STAAD model.
08/09/2024 11:28:56	Reading model file.
08/09/2024 11:28:56	Reading model file is complete.
08/09/2024 11:28:56	Processing support.
08/09/2024 11:28:56	Processing springs.
08/09/2024 11:28:56	Processing properties.
08/09/2024 11:28:56	Processing physical properties.
08/09/2024 11:28:56	Processing constants.
08/09/2024 11:28:56	Processing BETA constants.
08/09/2024 11:28:56	Processing hidden analytical member loads.
08/09/2024 11:28:56	Processing command list for member release.
08/09/2024 11:28:56	Processing command list for member offset.
08/09/2024 11:28:56	Processing command list for member specs (cracked).
08/09/2024 11:28:56	Processing command list for member specs (axial).
08/09/2024 11:28:56	Processing command list for element release.
08/09/2024 11:28:56	Processing command list for element offset.
08/09/2024 11:28:56	Processing command list for element plate stress directive.
08/09/2024 11:28:56	Processing parameter for Chinese wind load case.
08/09/2024 11:28:56	End Processing command list.
08/09/2024 11:28:56	End loading STAAD model.
08/09/2024 11:28:56	Start Post Analysis method
08/09/2024 11:28:56	Removed all hidden plates from surfaces
08/09/2024 11:28:56	Removed all hidden plates
08/09/2024 11:28:56	Removed all hidden nodes
08/09/2024 11:28:57	Loading results from MSH file...
08/09/2024 11:28:57	Building result indices...
08/09/2024 11:28:57	Loading plate stress results...
08/09/2024 11:28:57	Set analysis report setup data
08/09/2024 11:28:57	Starting page setup...
08/09/2024 11:28:57	Page setup completed
08/09/2024 11:28:57	Setting available workflows...
08/09/2024 11:28:57	Post analysis method ends
08/09/2024 11:29:11	Start Post Analysis method
08/09/2024 11:29:11	Removed all hidden plates from surfaces
08/09/2024 11:29:11	Removed all hidden plates
08/09/2024 11:29:11	Removed all hidden nodes
08/09/2024 11:29:11	Loading results from MSH file...
08/09/2024 11:29:11	Building result indices...
08/09/2024 11:29:11	Loading plate stress results...
08/09/2024 11:29:11	Set analysis report setup data
08/09/2024 11:29:11	Starting page setup...
08/09/2024 11:29:11	Page setup completed
08/09/2024 11:29:11	Setting available workflows...
08/09/2024 11:29:11	Post analysis method ends
08/09/2024 11:29:43	Start Post Analysis method
08/09/2024 11:29:43	Removed all hidden plates from surfaces
08/09/2024 11:29:43	Removed all hidden plates
08/09/2024 11:29:43	Removed all hidden nodes
08/09/2024 11:29:43	Loading results from MSH file...
08/09/2024 11:29:43	Building result indices...
08/09/2024 11:29:43	Loading plate stress results...
08/09/2024 11:29:43	Set analysis report setup data
08/09/2024 11:29:43	Starting page setup...
08/09/2024 11:29:43	Page setup completed
08/09/2024 11:29:43	Setting available workflows...
08/09/2024 11:29:43	Post analysis method ends
