11:31:36	Initializing STAAD Engine
11:31:36	Run stream set up is complete.
11:31:36	Initialize license libraries.
11:31:36	License libraries initialized.
11:31:36	Starting license(s) for A & D engine.
11:31:37	License Status: Ok
11:31:37	License information set up is complete.
****************************************************************************
*                            START OF ANALYSIS                             *
****************************************************************************
* Initiating Analysis At Fri Aug  9 11:31:37 2024
                          PROGRAM: STAAD.Pro
                          VERSION: 23.00.01.25
                11:31:37:16  ENTERING STAAD
                11:31:37:17  USING 64 BIT STAAD ENGINE
                11:31:37:17  ENTERING MAINN
                11:31:37:18  START JOB INFORMATION
                11:31:37:18  INPUT WIDTH 79
                11:31:37:19  UNIT MMS KN
                11:31:37:19  JOINT COORDINATES
                11:31:37:20  ENTERING JOINTC
                11:31:37:20  JOINTC NEWJ                                 400000
                11:31:37:21  MAX NODE NO.                                    22
                11:31:37:21  MEMBER INCIDENCES
                11:31:37:22  UNIT METER KN
                11:31:37:23  DEFINE MATERIAL START
                11:31:37:23  UNIT MMS KN
                11:31:37:24  MEMBER PROPERTY EUROP
                11:31:37:38    ++ Finished Reading Member Properties ...
                11:31:37:38  CONSTANTS
                11:31:37:38  SUPPORTS
                11:31:37:39  ENTERING SUPPORT
                11:31:37:40  MEMBER OFFSET
                11:31:37:40  DEFINE WIND LOAD
                11:31:37:41  LOAD 121 LOADTYPE DEA
                11:31:37:41  DUPLICATE ELEMENT CHECK
                11:31:37:42  CHECKING STRUCTURAL INTEGRITY
                11:31:37:42  CHECK UNCONNECTED JOINTS AND
                11:31:37:43  CALCULATE MAX JOINT CONNECTIVITY
                11:31:37:44  CHECK MULTIPLE STRUCTURES
                11:31:37:44  ENTERING SUPPORT
                11:31:37:45  NRJOLD                                           0
                11:31:37:45  SUPPORT NOLD                                     0
                11:31:37:46  SUPPORT N                                      108
                11:31:37:47  BEFORE LOADPR
                11:31:37:47  REOPEN AS DIR                                    0
                11:31:37:48  ENTER LOADPR
                11:31:37:62  PERFORM ANALYSIS PRIN
                11:31:37:62  pdel iter                                        0
                11:31:37:62  MAXIMUM E =                           2.973273E+04
                11:31:37:63  MINIMUM E =                           2.973273E+04
                11:31:37:64  MBW DOF BAND=                                    1
                11:31:37:64  NUMBER OF PRIMARY CASES                        101
                11:31:37:65  NUMBER OF CASES                                252
                11:31:37:65  #OF CASES W/ELEM INMEMORY                      252
                11:31:37:66  MEMORY FOR MEMBER LOADS                      72576
                11:31:37:66  MEMORY FOR DISPLACEMENTS                     33264
                11:31:37:67  MEMORY FOR MEMBER FORCES                     72576
                11:31:37:68  Using 64-bit analysis engine
                11:31:37:68  BEFORE SOLVER 1
                11:31:37:69  Start Input for Next Load Case
                11:31:37:69  case no=  121 seq. no=   1 idynl= 0
                11:31:37:70  MASSSET                                          0
                11:31:37:70  LOADEND ISLAVE                                   0
                11:31:37:71  Start Input for Next Load Case
                11:31:37:71  case no=  201 seq. no=   2 idynl= 0
                11:31:37:72  LOADEND ISLAVE                                   0
                11:31:37:72  Start Input for Next Load Case
                11:31:37:73  case no=  202 seq. no=   3 idynl= 0
                11:31:37:73  LOADEND ISLAVE                                   0
                11:31:37:74  Start Input for Next Load Case
                11:31:37:74  case no=  203 seq. no=   4 idynl= 0
                11:31:37:75  LOADEND ISLAVE                                   0
                11:31:37:75  Start Input for Next Load Case
                11:31:37:76  case no=  204 seq. no=   5 idynl= 0
                11:31:37:77  LOADEND ISLAVE                                   0
                11:31:37:77  Start Input for Next Load Case
                11:31:37:78  case no=  205 seq. no=   6 idynl= 0
                11:31:37:78  LOADEND ISLAVE                                   0
                11:31:37:79  Start Input for Next Load Case
                11:31:37:80  case no=  206 seq. no=   7 idynl= 0
                11:31:37:80  LOADEND ISLAVE                                   0
                11:31:37:81  Start Input for Next Load Case
                11:31:37:82  case no=  207 seq. no=   8 idynl= 0
                11:31:37:82  LOADEND ISLAVE                                   0
                11:31:37:83  Start Input for Next Load Case
                11:31:37:84  case no=  208 seq. no=   9 idynl= 0
                11:31:37:84  LOADEND ISLAVE                                   0
                11:31:37:85  Start Input for Next Load Case
                11:31:37:86  case no=  312 seq. no=  10 idynl= 0
                11:31:37:86  LOADEND ISLAVE                                   0
                11:31:37:87  Start Input for Next Load Case
                11:31:37:88  case no=  313 seq. no=  11 idynl= 0
                11:31:37:88  LOADEND ISLAVE                                   0
                11:31:37:89  Start Input for Next Load Case
                11:31:37:90  case no=  314 seq. no=  12 idynl= 0
                11:31:37:91  LOADEND ISLAVE                                   0
                11:31:37:91  Start Input for Next Load Case
                11:31:37:92  case no=  315 seq. no=  13 idynl= 0
                11:31:37:92  LOADEND ISLAVE                                   0
                11:31:37:93  Start Input for Next Load Case
                11:31:37:93  case no=  322 seq. no=  14 idynl= 0
                11:31:37:94  LOADEND ISLAVE                                   0
                11:31:37:94  Start Input for Next Load Case
                11:31:37:95  case no=  323 seq. no=  15 idynl= 0
                11:31:37:95  LOADEND ISLAVE                                   0
                11:31:37:96  Start Input for Next Load Case
                11:31:37:96  case no=  324 seq. no=  16 idynl= 0
                11:31:37:97  LOADEND ISLAVE                                   0
                11:31:37:97  Start Input for Next Load Case
                11:31:37:98  case no=  325 seq. no=  17 idynl= 0
                11:31:37:98  LOADEND ISLAVE                                   0
                11:31:37:99  Start Input for Next Load Case
                11:31:37:99  case no=  332 seq. no=  18 idynl= 0
                11:31:38: 0  LOADEND ISLAVE                                   0
                11:31:38: 0  Start Input for Next Load Case
                11:31:38: 1  case no=  333 seq. no=  19 idynl= 0
                11:31:38: 1  LOADEND ISLAVE                                   0
                11:31:38: 2  Start Input for Next Load Case
                11:31:38: 2  case no=  334 seq. no=  20 idynl= 0
                11:31:38: 2  LOADEND ISLAVE                                   0
                11:31:38: 3  Start Input for Next Load Case
                11:31:38: 4  case no=  335 seq. no=  21 idynl= 0
                11:31:38: 4  LOADEND ISLAVE                                   0
                11:31:38: 4  Start Input for Next Load Case
                11:31:38: 5  case no=  411 seq. no=  22 idynl= 0
                11:31:38: 5  LOADEND ISLAVE                                   0
                11:31:38: 6  Start Input for Next Load Case
                11:31:38: 6  case no=  412 seq. no=  23 idynl= 0
                11:31:38: 7  LOADEND ISLAVE                                   0
                11:31:38: 7  Start Input for Next Load Case
                11:31:38: 8  case no=  413 seq. no=  24 idynl= 0
                11:31:38: 8  LOADEND ISLAVE                                   0
                11:31:38: 9  Start Input for Next Load Case
                11:31:38: 9  case no=  414 seq. no=  25 idynl= 0
                11:31:38:10  LOADEND ISLAVE                                   0
                11:31:38:10  Start Input for Next Load Case
                11:31:38:11  case no=  415 seq. no=  26 idynl= 0
                11:31:38:11  LOADEND ISLAVE                                   0
                11:31:38:12  Start Input for Next Load Case
                11:31:38:12  case no=  416 seq. no=  27 idynl= 0
                11:31:38:13  LOADEND ISLAVE                                   0
                11:31:38:13  Start Input for Next Load Case
                11:31:38:14  case no=  417 seq. no=  28 idynl= 0
                11:31:38:14  LOADEND ISLAVE                                   0
                11:31:38:15  Start Input for Next Load Case
                11:31:38:15  case no=  418 seq. no=  29 idynl= 0
                11:31:38:16  LOADEND ISLAVE                                   0
                11:31:38:16  Start Input for Next Load Case
                11:31:38:17  case no=  421 seq. no=  30 idynl= 0
                11:31:38:17  LOADEND ISLAVE                                   0
                11:31:38:18  Start Input for Next Load Case
                11:31:38:18  case no=  422 seq. no=  31 idynl= 0
                11:31:38:19  LOADEND ISLAVE                                   0
                11:31:38:19  Start Input for Next Load Case
                11:31:38:20  case no=  423 seq. no=  32 idynl= 0
                11:31:38:20  LOADEND ISLAVE                                   0
                11:31:38:21  Start Input for Next Load Case
                11:31:38:21  case no=  424 seq. no=  33 idynl= 0
                11:31:38:22  LOADEND ISLAVE                                   0
                11:31:38:22  Start Input for Next Load Case
                11:31:38:23  case no=  425 seq. no=  34 idynl= 0
                11:31:38:23  LOADEND ISLAVE                                   0
                11:31:38:24  Start Input for Next Load Case
                11:31:38:24  case no=  426 seq. no=  35 idynl= 0
                11:31:38:25  LOADEND ISLAVE                                   0
                11:31:38:25  Start Input for Next Load Case
                11:31:38:26  case no=  427 seq. no=  36 idynl= 0
                11:31:38:26  LOADEND ISLAVE                                   0
                11:31:38:27  Start Input for Next Load Case
                11:31:38:27  case no=  428 seq. no=  37 idynl= 0
                11:31:38:28  LOADEND ISLAVE                                   0
                11:31:38:28  Start Input for Next Load Case
                11:31:38:29  case no=  711 seq. no=  38 idynl= 0
                11:31:38:29  LOADEND ISLAVE                                   0
                11:31:38:30  Start Input for Next Load Case
                11:31:38:30  case no=  712 seq. no=  39 idynl= 0
                11:31:38:31  LOADEND ISLAVE                                   0
                11:31:38:31  Start Input for Next Load Case
                11:31:38:32  case no=  713 seq. no=  40 idynl= 0
                11:31:38:32  LOADEND ISLAVE                                   0
                11:31:38:33  Start Input for Next Load Case
                11:31:38:33  case no=  714 seq. no=  41 idynl= 0
                11:31:38:33  LOADEND ISLAVE                                   0
                11:31:38:34  Start Input for Next Load Case
                11:31:38:35  case no=  715 seq. no=  42 idynl= 0
                11:31:38:35  LOADEND ISLAVE                                   0
                11:31:38:36  Start Input for Next Load Case
                11:31:38:37  case no=  716 seq. no=  43 idynl= 0
                11:31:38:37  LOADEND ISLAVE                                   0
                11:31:38:38  Start Input for Next Load Case
                11:31:38:39  case no=  717 seq. no=  44 idynl= 0
                11:31:38:40  LOADEND ISLAVE                                   0
                11:31:38:40  Start Input for Next Load Case
                11:31:38:41  case no=  718 seq. no=  45 idynl= 0
                11:31:38:42  LOADEND ISLAVE                                   0
                11:31:38:42  Start Input for Next Load Case
                11:31:38:43  case no= 1101 seq. no=  46 idynl= 0
                11:31:38:44  LOADEND ISLAVE                                   0
                11:31:38:44  Start Input for Next Load Case
                11:31:38:45  case no= 1102 seq. no=  47 idynl= 0
                11:31:38:46  LOADEND ISLAVE                                   0
                11:31:38:46  Start Input for Next Load Case
                11:31:38:47  case no= 1103 seq. no=  48 idynl= 0
                11:31:38:47  LOADEND ISLAVE                                   0
                11:31:38:48  Start Input for Next Load Case
                11:31:38:48  case no= 1104 seq. no=  49 idynl= 0
                11:31:38:48  LOADEND ISLAVE                                   0
                11:31:38:49  Start Input for Next Load Case
                11:31:38:49  case no= 1105 seq. no=  50 idynl= 0
                11:31:38:50  LOADEND ISLAVE                                   0
                11:31:38:50  Start Input for Next Load Case
                11:31:38:51  case no= 1106 seq. no=  51 idynl= 0
                11:31:38:51  LOADEND ISLAVE                                   0
                11:31:38:52  Start Input for Next Load Case
                11:31:38:52  case no= 1107 seq. no=  52 idynl= 0
                11:31:38:53  LOADEND ISLAVE                                   0
                11:31:38:53  Start Input for Next Load Case
                11:31:38:54  case no= 1108 seq. no=  53 idynl= 0
                11:31:38:54  LOADEND ISLAVE                                   0
                11:31:38:55  Start Input for Next Load Case
                11:31:38:55  case no= 1201 seq. no=  54 idynl= 0
                11:31:38:56  LOADEND ISLAVE                                   0
                11:31:38:56  Start Input for Next Load Case
                11:31:38:57  case no= 1202 seq. no=  55 idynl= 0
                11:31:38:57  LOADEND ISLAVE                                   0
                11:31:38:58  Start Input for Next Load Case
                11:31:38:58  case no= 1203 seq. no=  56 idynl= 0
                11:31:38:59  LOADEND ISLAVE                                   0
                11:31:38:59  Start Input for Next Load Case
                11:31:38:59  case no= 1204 seq. no=  57 idynl= 0
                11:31:38:60  LOADEND ISLAVE                                   0
                11:31:38:60  Start Input for Next Load Case
                11:31:38:61  case no= 1205 seq. no=  58 idynl= 0
                11:31:38:61  LOADEND ISLAVE                                   0
                11:31:38:62  Start Input for Next Load Case
                11:31:38:63  case no= 1206 seq. no=  59 idynl= 0
                11:31:38:63  LOADEND ISLAVE                                   0
                11:31:38:64  Start Input for Next Load Case
                11:31:38:65  case no= 1207 seq. no=  60 idynl= 0
                11:31:38:65  LOADEND ISLAVE                                   0
                11:31:38:65  Start Input for Next Load Case
                11:31:38:66  case no= 1208 seq. no=  61 idynl= 0
                11:31:38:67  LOADEND ISLAVE                                   0
                11:31:38:67  Start Input for Next Load Case
                11:31:38:68  case no= 2101 seq. no=  62 idynl= 0
                11:31:38:68  LOADEND ISLAVE                                   0
                11:31:38:69  Start Input for Next Load Case
                11:31:38:69  case no= 2102 seq. no=  63 idynl= 0
                11:31:38:70  LOADEND ISLAVE                                   0
                11:31:38:70  Start Input for Next Load Case
                11:31:38:71  case no= 2103 seq. no=  64 idynl= 0
                11:31:38:71  LOADEND ISLAVE                                   0
                11:31:38:72  Start Input for Next Load Case
                11:31:38:72  case no= 2104 seq. no=  65 idynl= 0
                11:31:38:73  LOADEND ISLAVE                                   0
                11:31:38:73  Start Input for Next Load Case
                11:31:38:74  case no= 2105 seq. no=  66 idynl= 0
                11:31:38:74  LOADEND ISLAVE                                   0
                11:31:38:75  Start Input for Next Load Case
                11:31:38:75  case no= 2106 seq. no=  67 idynl= 0
                11:31:38:76  LOADEND ISLAVE                                   0
                11:31:38:76  Start Input for Next Load Case
                11:31:38:77  case no= 2107 seq. no=  68 idynl= 0
                11:31:38:77  LOADEND ISLAVE                                   0
                11:31:38:78  Start Input for Next Load Case
                11:31:38:78  case no= 2108 seq. no=  69 idynl= 0
                11:31:38:79  LOADEND ISLAVE                                   0
                11:31:38:79  Start Input for Next Load Case
                11:31:38:80  case no= 3001 seq. no=  70 idynl= 0
                11:31:38:80  LOADEND ISLAVE                                   0
                11:31:38:81  Start Input for Next Load Case
                11:31:38:81  case no= 3002 seq. no=  71 idynl= 0
                11:31:38:82  LOADEND ISLAVE                                   0
                11:31:38:82  Start Input for Next Load Case
                11:31:38:83  case no= 3003 seq. no=  72 idynl= 0
                11:31:38:83  LOADEND ISLAVE                                   0
                11:31:38:84  Start Input for Next Load Case
                11:31:38:84  case no= 3004 seq. no=  73 idynl= 0
                11:31:38:85  LOADEND ISLAVE                                   0
                11:31:38:85  Start Input for Next Load Case
                11:31:38:86  case no= 3005 seq. no=  74 idynl= 0
                11:31:38:86  LOADEND ISLAVE                                   0
                11:31:38:87  Start Input for Next Load Case
                11:31:38:87  case no= 3006 seq. no=  75 idynl= 0
                11:31:38:88  LOADEND ISLAVE                                   0
                11:31:38:88  Start Input for Next Load Case
                11:31:38:89  case no= 3007 seq. no=  76 idynl= 0
                11:31:38:89  LOADEND ISLAVE                                   0
                11:31:38:89  Start Input for Next Load Case
                11:31:38:90  case no= 3008 seq. no=  77 idynl= 0
                11:31:38:90  LOADEND ISLAVE                                   0
                11:31:38:91  Start Input for Next Load Case
                11:31:38:92  case no= 3011 seq. no=  78 idynl= 0
                11:31:38:92  LOADEND ISLAVE                                   0
                11:31:38:93  Start Input for Next Load Case
                11:31:38:94  case no= 3012 seq. no=  79 idynl= 0
                11:31:38:94  LOADEND ISLAVE                                   0
                11:31:38:95  Start Input for Next Load Case
                11:31:38:96  case no= 3013 seq. no=  80 idynl= 0
                11:31:38:96  LOADEND ISLAVE                                   0
                11:31:38:97  Start Input for Next Load Case
                11:31:38:98  case no= 3014 seq. no=  81 idynl= 0
                11:31:38:98  LOADEND ISLAVE                                   0
                11:31:38:99  Start Input for Next Load Case
                11:31:38:99  case no= 3015 seq. no=  82 idynl= 0
                11:31:39: 0  LOADEND ISLAVE                                   0
                11:31:39: 1  Start Input for Next Load Case
                11:31:39: 1  case no= 3016 seq. no=  83 idynl= 0
                11:31:39: 2  LOADEND ISLAVE                                   0
                11:31:39: 2  Start Input for Next Load Case
                11:31:39: 3  case no= 3017 seq. no=  84 idynl= 0
                11:31:39: 3  LOADEND ISLAVE                                   0
                11:31:39: 4  Start Input for Next Load Case
                11:31:39: 5  case no= 3018 seq. no=  85 idynl= 0
                11:31:39: 5  LOADEND ISLAVE                                   0
                11:31:39: 6  Start Input for Next Load Case
                11:31:39: 7  case no= 3021 seq. no=  86 idynl= 0
                11:31:39: 8  LOADEND ISLAVE                                   0
                11:31:39: 8  Start Input for Next Load Case
                11:31:39: 9  case no= 3022 seq. no=  87 idynl= 0
                11:31:39: 9  LOADEND ISLAVE                                   0
                11:31:39:10  Start Input for Next Load Case
                11:31:39:10  case no= 3023 seq. no=  88 idynl= 0
                11:31:39:11  LOADEND ISLAVE                                   0
                11:31:39:12  Start Input for Next Load Case
                11:31:39:12  case no= 3024 seq. no=  89 idynl= 0
                11:31:39:13  LOADEND ISLAVE                                   0
                11:31:39:13  Start Input for Next Load Case
                11:31:39:14  case no= 3025 seq. no=  90 idynl= 0
                11:31:39:14  LOADEND ISLAVE                                   0
                11:31:39:15  Start Input for Next Load Case
                11:31:39:15  case no= 3026 seq. no=  91 idynl= 0
                11:31:39:16  LOADEND ISLAVE                                   0
                11:31:39:16  Start Input for Next Load Case
                11:31:39:17  case no= 3027 seq. no=  92 idynl= 0
                11:31:39:17  LOADEND ISLAVE                                   0
                11:31:39:18  Start Input for Next Load Case
                11:31:39:18  case no= 3028 seq. no=  93 idynl= 0
                11:31:39:19  LOADEND ISLAVE                                   0
                11:31:39:19  Start Input for Next Load Case
                11:31:39:19  case no= 3201 seq. no=  94 idynl= 0
                11:31:39:20  LOADEND ISLAVE                                   0
                11:31:39:20  Start Input for Next Load Case
                11:31:39:21  case no= 3202 seq. no=  95 idynl= 0
                11:31:39:21  LOADEND ISLAVE                                   0
                11:31:39:22  Start Input for Next Load Case
                11:31:39:22  case no= 3203 seq. no=  96 idynl= 0
                11:31:39:23  LOADEND ISLAVE                                   0
                11:31:39:23  Start Input for Next Load Case
                11:31:39:24  case no= 3204 seq. no=  97 idynl= 0
                11:31:39:24  LOADEND ISLAVE                                   0
                11:31:39:24  Start Input for Next Load Case
                11:31:39:25  case no= 3205 seq. no=  98 idynl= 0
                11:31:39:25  LOADEND ISLAVE                                   0
                11:31:39:26  Start Input for Next Load Case
                11:31:39:27  case no= 3206 seq. no=  99 idynl= 0
                11:31:39:27  LOADEND ISLAVE                                   0
                11:31:39:28  Start Input for Next Load Case
                11:31:39:28  case no= 3207 seq. no= 100 idynl= 0
                11:31:39:29  LOADEND ISLAVE                                   0
                11:31:39:29  Start Input for Next Load Case
                11:31:39:30  case no= 3208 seq. no= 101 idynl= 0
                11:31:39:30  LOADEND ISLAVE                                   0
                11:31:39:30  NVPREV                                           0
                11:31:39:31  AMAXNON                               7.762467E-01
                11:31:39:31  IRECSIZL=                                     4000
                11:31:39:32  MTX BLOCKSIZE=                                 108
                11:31:39:32  MI=                                            108
                11:31:39:33  NORECL=                                          1
                11:31:39:33  NORECL1=                                         1
                11:31:39:34  IWORD=                                       32000
                11:31:39:34  JRECSIZE=                                     4000
                11:31:39:35  IWORDJ=                                      32000
                11:31:39:35  IBYTE=                                           4
                11:31:39:36  JOINTS=                                         22
                11:31:39:36  MEMBERS=                                        24
                11:31:39:37  PLATES =                                         0
                11:31:39:37  SOLIDS =                                         0
                11:31:39:37  NO. OF EQUATIONS=                              108
                11:31:39:38  idyn=                                            0
                11:31:39:38  ipd=                                             0
                11:31:39:39  icablanl=                                        0
                11:31:39:40  ++ Processing Element Stiffness Matrix.
                11:31:39:40  NV1                                            101
                11:31:39:51  ++ Calculating Element Forces & Reactions.
                11:31:40: 7  COMBINATION CASES=                               0
                11:31:40: 7  MAX CM MEMORY (KILOWORDS)                       39
                11:31:40: 7  AFTER SOLVER 1
                11:31:40: 9  REOPEN AS SEQ                                    0
                11:31:40: 9  DEFINE ENVELOPE
                11:31:40:11  LOAD LIST 1101 TO 110
                11:31:40:11  PARAMETER 1
                11:31:40:13  CHECK CODE ALL
                11:31:40:13  ENTERING SECTNM110 IQ=                          24
                11:31:40:14               NSEC=                              11
                11:31:40:14             ISECTN=                               0
                11:31:40:17  SECTNM110 DO 925
                11:31:40:20  ENTERING ENVLP1 ITYP1=                          -3
                11:31:40:20  SECT DISPLACE
                11:31:40:23  Steel/Alum/Timber Design                        52
                11:31:40:34    ++ Finished Design ...
                11:31:40:34  Steel/Timber Design exit
                11:31:40:35  LOAD LIST 2101 TO 210
                11:31:40:36  PARAMETER 1
                11:31:40:37  CHECK CODE ALL
                11:31:40:37  ENTERING ENVLP1 ITYP1=                          -3
                11:31:40:38  SECT DISPLACE
                11:31:40:41  Steel/Alum/Timber Design                        52
                11:31:40:47    ++ Finished Design ...
                11:31:40:47  Steel/Timber Design exit
                11:31:40:47  LOAD LIST ENV 4 TO 7
                11:31:40:48  PARAMETER 1
                11:31:40:50  CHECK CODE ALL
                11:31:40:50  ENTERING ENVLP1 ITYP1=                          -3
                11:31:40:50  SECT DISPLACE
                11:31:40:54  Steel/Alum/Timber Design                        52
                11:31:40:73    ++ Finished Design ...
                11:31:40:73  Steel/Timber Design exit
                11:31:40:74  PRINT JOINT DISPLACEM
                11:31:40:74  DRAW ISOM JOIN MEMB
                11:31:40:75  ENTERING SECTNM110 IQ=                          24
                11:31:40:75               NSEC=                              11
                11:31:40:76             ISECTN=                               0
                11:31:40:78  SECTNM110 DO 925
                11:31:40:81  PRINT SUPPORT REACTIO
                11:31:40:81  DRAW ISOM SUPP PROP
                11:31:40:82  ENTERING SECTNM110 IQ=                          24
                11:31:40:83               NSEC=                              11
                11:31:40:83             ISECTN=                               0
                11:31:40:86  SECTNM110 DO 925
                11:31:40:89  DRAW ISOM SHAP
                11:31:40:89  ENTERING SECTNM110 IQ=                          24
                11:31:40:90               NSEC=                              11
                11:31:40:91             ISECTN=                               0
                11:31:40:94  SECTNM110 DO 925
                11:31:40:96  PRINT CG
                11:31:40:97  FINISH
                11:31:40:97  All Commands FINISHed
                11:31:40:98  DATASAVE for SPRO GUI
                11:31:40:99  ++ Creating Displacement File (DSP)...
                11:31:41: 1  ++ Creating Reaction File (REA)...
                11:31:41: 1  ++ Creating Section Force File (BMD)...
                11:31:41: 5  ++ Creating Section Displace File (SEC)...
                11:31:41: 5  ENTERING ENVLP1 ITYP1=                          -5
                11:31:41: 6  SECT DISPLACE
                11:31:41:11  ++ Creating Section Displace File (SCN)...
                11:31:41:14  ++ Creating Design information File (DGN)...
                11:31:41:15  ALLOCATED CM MEMORY (KILOWORDS)             300000
                11:31:41:15  MAX CM MEMORY (KILOWORDS)                      121
                11:31:41:16  DBS LONG SEC NAME
* End Of Analysis At Fri Aug  9 11:31:41 2024
* CPU usage = 4.066000
* STAAD Exit Code: 100, Warning Count: 6, Error Count: 0, Duration: 4.066
1 6 0 4.066
****************************************************************************
*                            END OF ANALYSIS                               *
****************************************************************************
