08/09/2024 11:30:20	Reading UID database.
08/09/2024 11:30:20	Start loading STAAD model.
08/09/2024 11:30:20	Reading model file.
08/09/2024 11:30:21	Reading model file is complete.
08/09/2024 11:30:21	Processing support.
08/09/2024 11:30:21	Processing springs.
08/09/2024 11:30:21	Processing properties.
08/09/2024 11:30:21	Processing physical properties.
08/09/2024 11:30:21	Processing constants.
08/09/2024 11:30:21	Processing BETA constants.
08/09/2024 11:30:21	Processing hidden analytical member loads.
08/09/2024 11:30:21	Processing command list for member release.
08/09/2024 11:30:21	Processing command list for member offset.
08/09/2024 11:30:21	Processing command list for member specs (cracked).
08/09/2024 11:30:21	Processing command list for member specs (axial).
08/09/2024 11:30:21	Processing command list for element release.
08/09/2024 11:30:21	Processing command list for element offset.
08/09/2024 11:30:21	Processing command list for element plate stress directive.
08/09/2024 11:30:21	Processing parameter for Chinese wind load case.
08/09/2024 11:30:21	End Processing command list.
08/09/2024 11:30:21	End loading STAAD model.
08/09/2024 11:30:21	Start Post Analysis method
08/09/2024 11:30:21	Removed all hidden plates from surfaces
08/09/2024 11:30:21	Removed all hidden plates
08/09/2024 11:30:21	Removed all hidden nodes
08/09/2024 11:30:21	Loading results from MSH file...
08/09/2024 11:30:21	Building result indices...
08/09/2024 11:30:21	Loading plate stress results...
08/09/2024 11:30:21	Set analysis report setup data
08/09/2024 11:30:21	Starting page setup...
08/09/2024 11:30:21	Page setup completed
08/09/2024 11:30:21	Setting available workflows...
08/09/2024 11:30:21	Post analysis method ends
08/09/2024 11:31:42	Start Post Analysis method
08/09/2024 11:31:42	Removed all hidden plates from surfaces
08/09/2024 11:31:43	Removed all hidden plates
08/09/2024 11:31:43	Removed all hidden nodes
08/09/2024 11:31:43	Loading results from MSH file...
08/09/2024 11:31:43	Building result indices...
08/09/2024 11:31:43	Loading plate stress results...
08/09/2024 11:31:43	Set analysis report setup data
08/09/2024 11:31:43	Starting page setup...
08/09/2024 11:31:43	Page setup completed
08/09/2024 11:31:43	Setting available workflows...
08/09/2024 11:31:43	Post analysis method ends
