13:11:58	Initializing STAAD Engine
13:11:58	Run stream set up is complete.
13:11:58	Initialize license libraries.
13:11:59	License libraries initialized.
13:11:59	Starting license(s) for A & D engine.
13:12:00	License Status: Ok
13:12:00	License information set up is complete.
****************************************************************************
*                            START OF ANALYSIS                             *
****************************************************************************
* Initiating Analysis At Thu Jul 25 13:12:00 2024
                          PROGRAM: STAAD.Pro
                          VERSION: 23.00.01.25
                13:12: 0:40  ENTERING STAAD
                13:12: 0:43  USING 64 BIT STAAD ENGINE
                13:12: 0:43  ENTERING MAINN
                13:12: 0:44  START JOB INFORMATION
                13:12: 0:44  INPUT WIDTH 79
                13:12: 0:44  UNIT MMS KN
                13:12: 0:45  JOINT COORDINATES
                13:12: 0:45  ENTERING JOINTC
                13:12: 0:46  JOINTC NEWJ                                 400000
                13:12: 0:46  MAX NODE NO.                                    35
                13:12: 0:46  MEMBER INCIDENCES
                13:12: 0:47  UNIT METER KN
                13:12: 0:47  DEFINE MATERIAL START
                13:12: 0:48  UNIT MMS KN
                13:12: 0:48  MEMBER PROPERTY EUROP
                13:12: 0:88    ++ Finished Reading Member Properties ...
                13:12: 0:88  CONSTANTS
                13:12: 0:88  SUPPORTS
                13:12: 0:89  ENTERING SUPPORT
                13:12: 0:89  UNIT METER KN
                13:12: 0:90  DEFINE WIND LOAD
                13:12: 0:91  LOAD 121 LOADTYPE DEA
                13:12: 0:91  DUPLICATE ELEMENT CHECK
                13:12: 0:92  CHECKING STRUCTURAL INTEGRITY
                13:12: 0:93  CHECK UNCONNECTED JOINTS AND
                13:12: 0:94  CALCULATE MAX JOINT CONNECTIVITY
                13:12: 0:94  CHECK MULTIPLE STRUCTURES
                13:12: 0:95  ENTERING SUPPORT
                13:12: 0:96  NRJOLD                                           0
                13:12: 0:96  SUPPORT NOLD                                     0
                13:12: 0:97  SUPPORT N                                      138
                13:12: 0:98  BEFORE LOADPR
                13:12: 0:98  REOPEN AS DIR                                    0
                13:12: 0:99  ENTER LOADPR
                13:12: 1:14  PERFORM ANALYSIS PRIN
                13:12: 1:14  pdel iter                                        0
                13:12: 1:15  MAXIMUM E =                           2.973273E+04
                13:12: 1:15  MINIMUM E =                           2.973273E+04
                13:12: 1:16  MBW DOF BAND=                                    1
                13:12: 1:16  NUMBER OF PRIMARY CASES                        101
                13:12: 1:17  NUMBER OF CASES                                252
                13:12: 1:17  #OF CASES W/ELEM INMEMORY                      252
                13:12: 1:18  MEMORY FOR MEMBER LOADS                     108864
                13:12: 1:18  MEMORY FOR DISPLACEMENTS                     49896
                13:12: 1:18  MEMORY FOR REACTIONS                         15120
                13:12: 1:19  MEMORY FOR MEMBER FORCES                    108864
                13:12: 1:19  Using 64-bit analysis engine
                13:12: 1:20  BEFORE SOLVER 1
                13:12: 1:20  Start Input for Next Load Case
                13:12: 1:21  case no=  121 seq. no=   1 idynl= 0
                13:12: 1:21  MASSSET                                          0
                13:12: 1:22  LOADEND ISLAVE                                   0
                13:12: 1:22  Start Input for Next Load Case
                13:12: 1:23  case no=  201 seq. no=   2 idynl= 0
                13:12: 1:23  LOADEND ISLAVE                                   0
                13:12: 1:23  Start Input for Next Load Case
                13:12: 1:24  case no=  202 seq. no=   3 idynl= 0
                13:12: 1:24  LOADEND ISLAVE                                   0
                13:12: 1:25  Start Input for Next Load Case
                13:12: 1:25  case no=  203 seq. no=   4 idynl= 0
                13:12: 1:26  LOADEND ISLAVE                                   0
                13:12: 1:26  Start Input for Next Load Case
                13:12: 1:27  case no=  204 seq. no=   5 idynl= 0
                13:12: 1:27  LOADEND ISLAVE                                   0
                13:12: 1:27  Start Input for Next Load Case
                13:12: 1:28  case no=  205 seq. no=   6 idynl= 0
                13:12: 1:28  LOADEND ISLAVE                                   0
                13:12: 1:29  Start Input for Next Load Case
                13:12: 1:29  case no=  206 seq. no=   7 idynl= 0
                13:12: 1:30  LOADEND ISLAVE                                   0
                13:12: 1:30  Start Input for Next Load Case
                13:12: 1:31  case no=  207 seq. no=   8 idynl= 0
                13:12: 1:31  LOADEND ISLAVE                                   0
                13:12: 1:32  Start Input for Next Load Case
                13:12: 1:32  case no=  208 seq. no=   9 idynl= 0
                13:12: 1:32  LOADEND ISLAVE                                   0
                13:12: 1:33  Start Input for Next Load Case
                13:12: 1:33  case no=  312 seq. no=  10 idynl= 0
                13:12: 1:34  LOADEND ISLAVE                                   0
                13:12: 1:34  Start Input for Next Load Case
                13:12: 1:35  case no=  313 seq. no=  11 idynl= 0
                13:12: 1:35  LOADEND ISLAVE                                   0
                13:12: 1:36  Start Input for Next Load Case
                13:12: 1:36  case no=  314 seq. no=  12 idynl= 0
                13:12: 1:36  LOADEND ISLAVE                                   0
                13:12: 1:37  Start Input for Next Load Case
                13:12: 1:37  case no=  315 seq. no=  13 idynl= 0
                13:12: 1:38  LOADEND ISLAVE                                   0
                13:12: 1:38  Start Input for Next Load Case
                13:12: 1:39  case no=  322 seq. no=  14 idynl= 0
                13:12: 1:39  LOADEND ISLAVE                                   0
                13:12: 1:39  Start Input for Next Load Case
                13:12: 1:40  case no=  323 seq. no=  15 idynl= 0
                13:12: 1:40  LOADEND ISLAVE                                   0
                13:12: 1:41  Start Input for Next Load Case
                13:12: 1:41  case no=  324 seq. no=  16 idynl= 0
                13:12: 1:42  LOADEND ISLAVE                                   0
                13:12: 1:42  Start Input for Next Load Case
                13:12: 1:43  case no=  325 seq. no=  17 idynl= 0
                13:12: 1:43  LOADEND ISLAVE                                   0
                13:12: 1:43  Start Input for Next Load Case
                13:12: 1:44  case no=  332 seq. no=  18 idynl= 0
                13:12: 1:44  LOADEND ISLAVE                                   0
                13:12: 1:45  Start Input for Next Load Case
                13:12: 1:45  case no=  333 seq. no=  19 idynl= 0
                13:12: 1:46  LOADEND ISLAVE                                   0
                13:12: 1:46  Start Input for Next Load Case
                13:12: 1:47  case no=  334 seq. no=  20 idynl= 0
                13:12: 1:47  LOADEND ISLAVE                                   0
                13:12: 1:47  Start Input for Next Load Case
                13:12: 1:48  case no=  335 seq. no=  21 idynl= 0
                13:12: 1:48  LOADEND ISLAVE                                   0
                13:12: 1:49  Start Input for Next Load Case
                13:12: 1:49  case no=  411 seq. no=  22 idynl= 0
                13:12: 1:50  LOADEND ISLAVE                                   0
                13:12: 1:50  Start Input for Next Load Case
                13:12: 1:51  case no=  412 seq. no=  23 idynl= 0
                13:12: 1:52  LOADEND ISLAVE                                   0
                13:12: 1:52  Start Input for Next Load Case
                13:12: 1:53  case no=  413 seq. no=  24 idynl= 0
                13:12: 1:53  LOADEND ISLAVE                                   0
                13:12: 1:54  Start Input for Next Load Case
                13:12: 1:54  case no=  414 seq. no=  25 idynl= 0
                13:12: 1:55  LOADEND ISLAVE                                   0
                13:12: 1:55  Start Input for Next Load Case
                13:12: 1:56  case no=  415 seq. no=  26 idynl= 0
                13:12: 1:56  LOADEND ISLAVE                                   0
                13:12: 1:56  Start Input for Next Load Case
                13:12: 1:57  case no=  416 seq. no=  27 idynl= 0
                13:12: 1:57  LOADEND ISLAVE                                   0
                13:12: 1:58  Start Input for Next Load Case
                13:12: 1:58  case no=  417 seq. no=  28 idynl= 0
                13:12: 1:59  LOADEND ISLAVE                                   0
                13:12: 1:59  Start Input for Next Load Case
                13:12: 1:60  case no=  418 seq. no=  29 idynl= 0
                13:12: 1:60  LOADEND ISLAVE                                   0
                13:12: 1:61  Start Input for Next Load Case
                13:12: 1:61  case no=  421 seq. no=  30 idynl= 0
                13:12: 1:61  LOADEND ISLAVE                                   0
                13:12: 1:62  Start Input for Next Load Case
                13:12: 1:62  case no=  422 seq. no=  31 idynl= 0
                13:12: 1:63  LOADEND ISLAVE                                   0
                13:12: 1:63  Start Input for Next Load Case
                13:12: 1:64  case no=  423 seq. no=  32 idynl= 0
                13:12: 1:64  LOADEND ISLAVE                                   0
                13:12: 1:65  Start Input for Next Load Case
                13:12: 1:65  case no=  424 seq. no=  33 idynl= 0
                13:12: 1:65  LOADEND ISLAVE                                   0
                13:12: 1:66  Start Input for Next Load Case
                13:12: 1:66  case no=  425 seq. no=  34 idynl= 0
                13:12: 1:67  LOADEND ISLAVE                                   0
                13:12: 1:67  Start Input for Next Load Case
                13:12: 1:68  case no=  426 seq. no=  35 idynl= 0
                13:12: 1:68  LOADEND ISLAVE                                   0
                13:12: 1:68  Start Input for Next Load Case
                13:12: 1:69  case no=  427 seq. no=  36 idynl= 0
                13:12: 1:69  LOADEND ISLAVE                                   0
                13:12: 1:70  Start Input for Next Load Case
                13:12: 1:70  case no=  428 seq. no=  37 idynl= 0
                13:12: 1:71  LOADEND ISLAVE                                   0
                13:12: 1:71  Start Input for Next Load Case
                13:12: 1:72  case no=  711 seq. no=  38 idynl= 0
                13:12: 1:72  LOADEND ISLAVE                                   0
                13:12: 1:73  Start Input for Next Load Case
                13:12: 1:73  case no=  712 seq. no=  39 idynl= 0
                13:12: 1:73  LOADEND ISLAVE                                   0
                13:12: 1:74  Start Input for Next Load Case
                13:12: 1:75  case no=  713 seq. no=  40 idynl= 0
                13:12: 1:75  LOADEND ISLAVE                                   0
                13:12: 1:76  Start Input for Next Load Case
                13:12: 1:76  case no=  714 seq. no=  41 idynl= 0
                13:12: 1:77  LOADEND ISLAVE                                   0
                13:12: 1:78  Start Input for Next Load Case
                13:12: 1:78  case no=  715 seq. no=  42 idynl= 0
                13:12: 1:79  LOADEND ISLAVE                                   0
                13:12: 1:80  Start Input for Next Load Case
                13:12: 1:80  case no=  716 seq. no=  43 idynl= 0
                13:12: 1:81  LOADEND ISLAVE                                   0
                13:12: 1:81  Start Input for Next Load Case
                13:12: 1:82  case no=  717 seq. no=  44 idynl= 0
                13:12: 1:82  LOADEND ISLAVE                                   0
                13:12: 1:83  Start Input for Next Load Case
                13:12: 1:84  case no=  718 seq. no=  45 idynl= 0
                13:12: 1:84  LOADEND ISLAVE                                   0
                13:12: 1:85  Start Input for Next Load Case
                13:12: 1:85  case no= 1101 seq. no=  46 idynl= 0
                13:12: 1:86  LOADEND ISLAVE                                   0
                13:12: 1:86  Start Input for Next Load Case
                13:12: 1:87  case no= 1102 seq. no=  47 idynl= 0
                13:12: 1:87  LOADEND ISLAVE                                   0
                13:12: 1:88  Start Input for Next Load Case
                13:12: 1:88  case no= 1103 seq. no=  48 idynl= 0
                13:12: 1:89  LOADEND ISLAVE                                   0
                13:12: 1:89  Start Input for Next Load Case
                13:12: 1:90  case no= 1104 seq. no=  49 idynl= 0
                13:12: 1:90  LOADEND ISLAVE                                   0
                13:12: 1:91  Start Input for Next Load Case
                13:12: 1:92  case no= 1105 seq. no=  50 idynl= 0
                13:12: 1:92  LOADEND ISLAVE                                   0
                13:12: 1:93  Start Input for Next Load Case
                13:12: 1:93  case no= 1106 seq. no=  51 idynl= 0
                13:12: 1:94  LOADEND ISLAVE                                   0
                13:12: 1:94  Start Input for Next Load Case
                13:12: 1:95  case no= 1107 seq. no=  52 idynl= 0
                13:12: 1:95  LOADEND ISLAVE                                   0
                13:12: 1:96  Start Input for Next Load Case
                13:12: 1:96  case no= 1108 seq. no=  53 idynl= 0
                13:12: 1:97  LOADEND ISLAVE                                   0
                13:12: 1:97  Start Input for Next Load Case
                13:12: 1:98  case no= 1201 seq. no=  54 idynl= 0
                13:12: 1:98  LOADEND ISLAVE                                   0
                13:12: 1:99  Start Input for Next Load Case
                13:12: 2: 0  case no= 1202 seq. no=  55 idynl= 0
                13:12: 2: 0  LOADEND ISLAVE                                   0
                13:12: 2: 0  Start Input for Next Load Case
                13:12: 2: 1  case no= 1203 seq. no=  56 idynl= 0
                13:12: 2: 1  LOADEND ISLAVE                                   0
                13:12: 2: 2  Start Input for Next Load Case
                13:12: 2: 2  case no= 1204 seq. no=  57 idynl= 0
                13:12: 2: 3  LOADEND ISLAVE                                   0
                13:12: 2: 3  Start Input for Next Load Case
                13:12: 2: 3  case no= 1205 seq. no=  58 idynl= 0
                13:12: 2: 4  LOADEND ISLAVE                                   0
                13:12: 2: 4  Start Input for Next Load Case
                13:12: 2: 5  case no= 1206 seq. no=  59 idynl= 0
                13:12: 2: 5  LOADEND ISLAVE                                   0
                13:12: 2: 6  Start Input for Next Load Case
                13:12: 2: 6  case no= 1207 seq. no=  60 idynl= 0
                13:12: 2: 7  LOADEND ISLAVE                                   0
                13:12: 2: 7  Start Input for Next Load Case
                13:12: 2: 8  case no= 1208 seq. no=  61 idynl= 0
                13:12: 2: 8  LOADEND ISLAVE                                   0
                13:12: 2: 8  Start Input for Next Load Case
                13:12: 2: 9  case no= 2101 seq. no=  62 idynl= 0
                13:12: 2: 9  LOADEND ISLAVE                                   0
                13:12: 2:10  Start Input for Next Load Case
                13:12: 2:10  case no= 2102 seq. no=  63 idynl= 0
                13:12: 2:10  LOADEND ISLAVE                                   0
                13:12: 2:11  Start Input for Next Load Case
                13:12: 2:11  case no= 2103 seq. no=  64 idynl= 0
                13:12: 2:12  LOADEND ISLAVE                                   0
                13:12: 2:12  Start Input for Next Load Case
                13:12: 2:13  case no= 2104 seq. no=  65 idynl= 0
                13:12: 2:13  LOADEND ISLAVE                                   0
                13:12: 2:14  Start Input for Next Load Case
                13:12: 2:14  case no= 2105 seq. no=  66 idynl= 0
                13:12: 2:15  LOADEND ISLAVE                                   0
                13:12: 2:15  Start Input for Next Load Case
                13:12: 2:16  case no= 2106 seq. no=  67 idynl= 0
                13:12: 2:16  LOADEND ISLAVE                                   0
                13:12: 2:16  Start Input for Next Load Case
                13:12: 2:17  case no= 2107 seq. no=  68 idynl= 0
                13:12: 2:18  LOADEND ISLAVE                                   0
                13:12: 2:18  Start Input for Next Load Case
                13:12: 2:19  case no= 2108 seq. no=  69 idynl= 0
                13:12: 2:19  LOADEND ISLAVE                                   0
                13:12: 2:19  Start Input for Next Load Case
                13:12: 2:20  case no= 3001 seq. no=  70 idynl= 0
                13:12: 2:20  LOADEND ISLAVE                                   0
                13:12: 2:21  Start Input for Next Load Case
                13:12: 2:21  case no= 3002 seq. no=  71 idynl= 0
                13:12: 2:21  LOADEND ISLAVE                                   0
                13:12: 2:22  Start Input for Next Load Case
                13:12: 2:22  case no= 3003 seq. no=  72 idynl= 0
                13:12: 2:23  LOADEND ISLAVE                                   0
                13:12: 2:23  Start Input for Next Load Case
                13:12: 2:24  case no= 3004 seq. no=  73 idynl= 0
                13:12: 2:24  LOADEND ISLAVE                                   0
                13:12: 2:24  Start Input for Next Load Case
                13:12: 2:25  case no= 3005 seq. no=  74 idynl= 0
                13:12: 2:25  LOADEND ISLAVE                                   0
                13:12: 2:26  Start Input for Next Load Case
                13:12: 2:26  case no= 3006 seq. no=  75 idynl= 0
                13:12: 2:27  LOADEND ISLAVE                                   0
                13:12: 2:27  Start Input for Next Load Case
                13:12: 2:28  case no= 3007 seq. no=  76 idynl= 0
                13:12: 2:28  LOADEND ISLAVE                                   0
                13:12: 2:29  Start Input for Next Load Case
                13:12: 2:29  case no= 3008 seq. no=  77 idynl= 0
                13:12: 2:29  LOADEND ISLAVE                                   0
                13:12: 2:30  Start Input for Next Load Case
                13:12: 2:30  case no= 3011 seq. no=  78 idynl= 0
                13:12: 2:31  LOADEND ISLAVE                                   0
                13:12: 2:31  Start Input for Next Load Case
                13:12: 2:32  case no= 3012 seq. no=  79 idynl= 0
                13:12: 2:32  LOADEND ISLAVE                                   0
                13:12: 2:33  Start Input for Next Load Case
                13:12: 2:33  case no= 3013 seq. no=  80 idynl= 0
                13:12: 2:34  LOADEND ISLAVE                                   0
                13:12: 2:34  Start Input for Next Load Case
                13:12: 2:34  case no= 3014 seq. no=  81 idynl= 0
                13:12: 2:35  LOADEND ISLAVE                                   0
                13:12: 2:35  Start Input for Next Load Case
                13:12: 2:36  case no= 3015 seq. no=  82 idynl= 0
                13:12: 2:36  LOADEND ISLAVE                                   0
                13:12: 2:37  Start Input for Next Load Case
                13:12: 2:37  case no= 3016 seq. no=  83 idynl= 0
                13:12: 2:38  LOADEND ISLAVE                                   0
                13:12: 2:38  Start Input for Next Load Case
                13:12: 2:38  case no= 3017 seq. no=  84 idynl= 0
                13:12: 2:39  LOADEND ISLAVE                                   0
                13:12: 2:39  Start Input for Next Load Case
                13:12: 2:40  case no= 3018 seq. no=  85 idynl= 0
                13:12: 2:40  LOADEND ISLAVE                                   0
                13:12: 2:41  Start Input for Next Load Case
                13:12: 2:41  case no= 3021 seq. no=  86 idynl= 0
                13:12: 2:42  LOADEND ISLAVE                                   0
                13:12: 2:42  Start Input for Next Load Case
                13:12: 2:42  case no= 3022 seq. no=  87 idynl= 0
                13:12: 2:43  LOADEND ISLAVE                                   0
                13:12: 2:43  Start Input for Next Load Case
                13:12: 2:44  case no= 3023 seq. no=  88 idynl= 0
                13:12: 2:44  LOADEND ISLAVE                                   0
                13:12: 2:45  Start Input for Next Load Case
                13:12: 2:45  case no= 3024 seq. no=  89 idynl= 0
                13:12: 2:45  LOADEND ISLAVE                                   0
                13:12: 2:46  Start Input for Next Load Case
                13:12: 2:46  case no= 3025 seq. no=  90 idynl= 0
                13:12: 2:47  LOADEND ISLAVE                                   0
                13:12: 2:47  Start Input for Next Load Case
                13:12: 2:48  case no= 3026 seq. no=  91 idynl= 0
                13:12: 2:48  LOADEND ISLAVE                                   0
                13:12: 2:49  Start Input for Next Load Case
                13:12: 2:49  case no= 3027 seq. no=  92 idynl= 0
                13:12: 2:49  LOADEND ISLAVE                                   0
                13:12: 2:50  Start Input for Next Load Case
                13:12: 2:50  case no= 3028 seq. no=  93 idynl= 0
                13:12: 2:51  LOADEND ISLAVE                                   0
                13:12: 2:51  Start Input for Next Load Case
                13:12: 2:52  case no= 3201 seq. no=  94 idynl= 0
                13:12: 2:53  LOADEND ISLAVE                                   0
                13:12: 2:53  Start Input for Next Load Case
                13:12: 2:54  case no= 3202 seq. no=  95 idynl= 0
                13:12: 2:54  LOADEND ISLAVE                                   0
                13:12: 2:55  Start Input for Next Load Case
                13:12: 2:55  case no= 3203 seq. no=  96 idynl= 0
                13:12: 2:56  LOADEND ISLAVE                                   0
                13:12: 2:56  Start Input for Next Load Case
                13:12: 2:57  case no= 3204 seq. no=  97 idynl= 0
                13:12: 2:57  LOADEND ISLAVE                                   0
                13:12: 2:58  Start Input for Next Load Case
                13:12: 2:58  case no= 3205 seq. no=  98 idynl= 0
                13:12: 2:59  LOADEND ISLAVE                                   0
                13:12: 2:59  Start Input for Next Load Case
                13:12: 2:60  case no= 3206 seq. no=  99 idynl= 0
                13:12: 2:60  LOADEND ISLAVE                                   0
                13:12: 2:60  Start Input for Next Load Case
                13:12: 2:61  case no= 3207 seq. no= 100 idynl= 0
                13:12: 2:61  LOADEND ISLAVE                                   0
                13:12: 2:62  Start Input for Next Load Case
                13:12: 2:62  case no= 3208 seq. no= 101 idynl= 0
                13:12: 2:63  LOADEND ISLAVE                                   0
                13:12: 2:63  NVPREV                                           0
                13:12: 2:63  AMAXNON                               1.562664E+00
                13:12: 2:64  IRECSIZL=                                     4000
                13:12: 2:64  MTX BLOCKSIZE=                                 138
                13:12: 2:65  MI=                                            138
                13:12: 2:65  NORECL=                                          1
                13:12: 2:66  NORECL1=                                         1
                13:12: 2:66  IWORD=                                       32000
                13:12: 2:67  JRECSIZE=                                     4000
                13:12: 2:67  IWORDJ=                                      32000
                13:12: 2:67  IBYTE=                                           4
                13:12: 2:68  JOINTS=                                         33
                13:12: 2:68  MEMBERS=                                        36
                13:12: 2:69  PLATES =                                         0
                13:12: 2:69  SOLIDS =                                         0
                13:12: 2:70  NO. OF EQUATIONS=                              138
                13:12: 2:70  idyn=                                            0
                13:12: 2:71  ipd=                                             0
                13:12: 2:71  icablanl=                                        0
                13:12: 2:72  ++ Processing Element Stiffness Matrix.
                13:12: 2:72  NV1                                            101
                13:12: 2:84  ++ Calculating Element Forces & Reactions.
                13:12: 3:33  COMBINATION CASES=                               0
                13:12: 3:33  MAX CM MEMORY (KILOWORDS)                       46
                13:12: 3:34  AFTER SOLVER 1
                13:12: 3:35  REOPEN AS SEQ                                    0
                13:12: 3:35  DEFINE ENVELOPE
                13:12: 3:37  LOAD LIST 1101 TO 110
                13:12: 3:37  PARAMETER 1
                13:12: 3:38  CHECK CODE ALL
                13:12: 3:38  ENTERING SECTNM110 IQ=                          36
                13:12: 3:38               NSEC=                              11
                13:12: 3:39             ISECTN=                               0
                13:12: 3:42  SECTNM110 DO 925
                13:12: 3:45  ENTERING ENVLP1 ITYP1=                          -3
                13:12: 3:45  SECT DISPLACE
                13:12: 3:49  Steel/Alum/Timber Design                        52
                13:12: 3:67    ++ Finished Design ...
                13:12: 3:67  Steel/Timber Design exit
                13:12: 3:67  LOAD LIST 2101 TO 210
                13:12: 3:68  PARAMETER 1
                13:12: 3:69  CHECK CODE ALL
                13:12: 3:69  ENTERING ENVLP1 ITYP1=                          -3
                13:12: 3:70  SECT DISPLACE
                13:12: 3:73  Steel/Alum/Timber Design                        52
                13:12: 3:82    ++ Finished Design ...
                13:12: 3:82  Steel/Timber Design exit
                13:12: 3:82  LOAD LIST ENV 4 TO 7
                13:12: 3:83  PARAMETER 1
                13:12: 3:84  CHECK CODE ALL
                13:12: 3:84  ENTERING ENVLP1 ITYP1=                          -3
                13:12: 3:85  SECT DISPLACE
                13:12: 3:89  Steel/Alum/Timber Design                        52
                13:12: 4:17    ++ Finished Design ...
                13:12: 4:17  Steel/Timber Design exit
                13:12: 4:18  PRINT JOINT DISPLACEM
                13:12: 4:19  DRAW ISOM JOIN MEMB
                13:12: 4:19  ENTERING SECTNM110 IQ=                          36
                13:12: 4:19               NSEC=                              11
                13:12: 4:20             ISECTN=                               0
                13:12: 4:23  SECTNM110 DO 925
                13:12: 4:27  PRINT SUPPORT REACTIO
                13:12: 4:27  DRAW ISOM SUPP PROP
                13:12: 4:28  ENTERING SECTNM110 IQ=                          36
                13:12: 4:28               NSEC=                              11
                13:12: 4:29             ISECTN=                               0
                13:12: 4:32  SECTNM110 DO 925
                13:12: 4:35  DRAW ISOM SHAP
                13:12: 4:35  ENTERING SECTNM110 IQ=                          36
                13:12: 4:36               NSEC=                              11
                13:12: 4:36             ISECTN=                               0
                13:12: 4:40  SECTNM110 DO 925
                13:12: 4:43  PRINT CG
                13:12: 4:43  FINISH
                13:12: 4:44  All Commands FINISHed
                13:12: 4:44  DATASAVE for SPRO GUI
                13:12: 4:45  ++ Creating Displacement File (DSP)...
                13:12: 4:47  ++ Creating Reaction File (REA)...
                13:12: 4:48  ++ Creating Section Force File (BMD)...
                13:12: 4:52  ++ Creating Section Displace File (SEC)...
                13:12: 4:53  ENTERING ENVLP1 ITYP1=                          -5
                13:12: 4:53  SECT DISPLACE
                13:12: 4:59  ++ Creating Section Displace File (SCN)...
                13:12: 4:63  ++ Creating Design information File (DGN)...
                13:12: 4:64  ALLOCATED CM MEMORY (KILOWORDS)             300000
                13:12: 4:64  MAX CM MEMORY (KILOWORDS)                      165
                13:12: 4:65  DBS LONG SEC NAME
* End Of Analysis At Thu Jul 25 13:12:04 2024
* CPU usage = 4.307000
* STAAD Exit Code: 100, Warning Count: 0, Error Count: 0, Duration: 4.307
1 0 0 4.307
****************************************************************************
*                            END OF ANALYSIS                               *
****************************************************************************
