07/25/2024 14:04:23	Reading UID database.
07/25/2024 14:04:23	Start loading STAAD model.
07/25/2024 14:04:23	Reading model file.
07/25/2024 14:04:23	Reading model file is complete.
07/25/2024 14:04:23	Processing support.
07/25/2024 14:04:23	Processing springs.
07/25/2024 14:04:23	Processing properties.
07/25/2024 14:04:23	Processing physical properties.
07/25/2024 14:04:23	Processing constants.
07/25/2024 14:04:23	Processing BETA constants.
07/25/2024 14:04:23	Processing hidden analytical member loads.
07/25/2024 14:04:23	Processing command list for member release.
07/25/2024 14:04:23	Processing command list for member offset.
07/25/2024 14:04:23	Processing command list for member specs (cracked).
07/25/2024 14:04:23	Processing command list for member specs (axial).
07/25/2024 14:04:23	Processing command list for element release.
07/25/2024 14:04:23	Processing command list for element offset.
07/25/2024 14:04:23	Processing command list for element plate stress directive.
07/25/2024 14:04:23	Processing parameter for Chinese wind load case.
07/25/2024 14:04:23	End Processing command list.
07/25/2024 14:04:23	End loading STAAD model.
07/25/2024 14:04:23	Start Post Analysis method
07/25/2024 14:04:23	Removed all hidden plates from surfaces
07/25/2024 14:04:23	Removed all hidden plates
07/25/2024 14:04:23	Removed all hidden nodes
07/25/2024 14:04:23	Loading results from MSH file...
07/25/2024 14:04:23	Building result indices...
07/25/2024 14:04:23	Loading plate stress results...
07/25/2024 14:04:23	Set analysis report setup data
07/25/2024 14:04:23	Starting page setup...
07/25/2024 14:04:23	Page setup completed
07/25/2024 14:04:23	Setting available workflows...
07/25/2024 14:04:23	Post analysis method ends
