10/21/2024 09:19:25	Reading UID database.
10/21/2024 09:19:25	Start loading STAAD model.
10/21/2024 09:19:26	Reading model file.
10/21/2024 09:19:26	Reading model file is complete.
10/21/2024 09:19:26	Processing support.
10/21/2024 09:19:26	Processing springs.
10/21/2024 09:19:26	Processing properties.
10/21/2024 09:19:26	Processing physical properties.
10/21/2024 09:19:26	Processing constants.
10/21/2024 09:19:26	Processing BETA constants.
10/21/2024 09:19:26	Processing hidden analytical member loads.
10/21/2024 09:19:26	Processing command list for member release.
10/21/2024 09:19:26	Processing command list for member offset.
10/21/2024 09:19:26	Processing command list for member specs (cracked).
10/21/2024 09:19:26	Processing command list for member specs (axial).
10/21/2024 09:19:26	Processing command list for element release.
10/21/2024 09:19:26	Processing command list for element offset.
10/21/2024 09:19:26	Processing command list for element plate stress directive.
10/21/2024 09:19:26	Processing parameter for Chinese wind load case.
10/21/2024 09:19:26	End Processing command list.
10/21/2024 09:19:26	End loading STAAD model.
10/21/2024 09:19:26	Start Post Analysis method
10/21/2024 09:19:26	Removed all hidden plates from surfaces
10/21/2024 09:19:26	Removed all hidden plates
10/21/2024 09:19:26	Removed all hidden nodes
10/21/2024 09:19:26	Loading results from MSH file...
10/21/2024 09:19:26	Building result indices...
10/21/2024 09:19:26	Loading plate stress results...
10/21/2024 09:19:26	Set analysis report setup data
10/21/2024 09:19:26	Starting page setup...
10/21/2024 09:19:26	Page setup completed
10/21/2024 09:19:26	Setting available workflows...
10/21/2024 09:19:26	Post analysis method ends
10/21/2024 09:19:59	Start Post Analysis method
10/21/2024 09:19:59	Removed all hidden plates from surfaces
10/21/2024 09:19:59	Removed all hidden plates
10/21/2024 09:19:59	Removed all hidden nodes
10/21/2024 09:19:59	Loading results from MSH file...
10/21/2024 09:19:59	Building result indices...
10/21/2024 09:19:59	Loading plate stress results...
10/21/2024 09:19:59	Set analysis report setup data
10/21/2024 09:19:59	Starting page setup...
10/21/2024 09:19:59	Page setup completed
10/21/2024 09:19:59	Setting available workflows...
10/21/2024 09:19:59	Post analysis method ends
