08/27/2024 10:12:26	Reading UID database.
08/27/2024 10:12:26	Start loading STAAD model.
08/27/2024 10:12:26	Reading model file.
08/27/2024 10:12:26	Reading model file is complete.
08/27/2024 10:12:26	Processing support.
08/27/2024 10:12:26	Processing springs.
08/27/2024 10:12:26	Processing properties.
08/27/2024 10:12:26	Processing physical properties.
08/27/2024 10:12:26	Processing constants.
08/27/2024 10:12:26	Processing BETA constants.
08/27/2024 10:12:26	Processing hidden analytical member loads.
08/27/2024 10:12:26	Processing command list for member release.
08/27/2024 10:12:26	Processing command list for member offset.
08/27/2024 10:12:26	Processing command list for member specs (cracked).
08/27/2024 10:12:26	Processing command list for member specs (axial).
08/27/2024 10:12:26	Processing command list for element release.
08/27/2024 10:12:26	Processing command list for element offset.
08/27/2024 10:12:26	Processing command list for element plate stress directive.
08/27/2024 10:12:26	Processing parameter for Chinese wind load case.
08/27/2024 10:12:26	End Processing command list.
08/27/2024 10:12:26	End loading STAAD model.
08/27/2024 10:12:26	Start Post Analysis method
08/27/2024 10:12:26	Removed all hidden plates from surfaces
08/27/2024 10:12:26	Removed all hidden plates
08/27/2024 10:12:26	Removed all hidden nodes
08/27/2024 10:12:26	Loading results from MSH file...
08/27/2024 10:12:26	Building result indices...
08/27/2024 10:12:26	Loading plate stress results...
08/27/2024 10:12:26	Set analysis report setup data
08/27/2024 10:12:26	Starting page setup...
08/27/2024 10:12:26	Page setup completed
08/27/2024 10:12:26	Setting available workflows...
08/27/2024 10:12:26	Post analysis method ends
08/27/2024 10:19:13	Start Post Analysis method
08/27/2024 10:19:13	Removed all hidden plates from surfaces
08/27/2024 10:19:13	Removed all hidden plates
08/27/2024 10:19:13	Removed all hidden nodes
08/27/2024 10:19:13	Loading results from MSH file...
08/27/2024 10:19:13	Building result indices...
08/27/2024 10:19:13	Loading plate stress results...
08/27/2024 10:19:13	Set analysis report setup data
08/27/2024 10:19:13	Starting page setup...
08/27/2024 10:19:13	Page setup completed
08/27/2024 10:19:13	Setting available workflows...
08/27/2024 10:19:13	Post analysis method ends
