16:30:48	Initializing STAAD Engine
16:30:48	Run stream set up is complete.
16:30:48	Initialize license libraries.
16:30:48	License libraries initialized.
16:30:48	Starting license(s) for A & D engine.
16:30:49	License Status: Ok
16:30:49	License information set up is complete.
****************************************************************************
*                            START OF ANALYSIS                             *
****************************************************************************
* Initiating Analysis At Tue Aug 27 16:30:49 2024
                          PROGRAM: STAAD.Pro
                          VERSION: 23.00.01.25
                16:30:49:82  ENTERING STAAD
                16:30:49:83  USING 64 BIT STAAD ENGINE
                16:30:49:83  ENTERING MAINN
                16:30:49:83  START JOB INFORMATION
                16:30:49:84  INPUT WIDTH 79
                16:30:49:84  UNIT MMS KN
                16:30:49:84  JOINT COORDINATES
                16:30:49:85  ENTERING JOINTC
                16:30:49:85  JOINTC NEWJ                                 400000
                16:30:49:86  MAX NODE NO.                                     9
                16:30:49:86  MEMBER INCIDENCES
                16:30:49:87  UNIT METER KN
                16:30:49:87  DEFINE MATERIAL START
                16:30:49:88  UNIT MMS KN
                16:30:49:88  MEMBER PROPERTY EUROP
                16:30:50: 0    ++ Finished Reading Member Properties ...
                16:30:50: 0  CONSTANTS
                16:30:50: 1  SUPPORTS
                16:30:50: 1  ENTERING SUPPORT
                16:30:50: 2  UNIT METER KN
                16:30:50: 2  DEFINE WIND LOAD
                16:30:50: 3  LOAD 121 LOADTYPE DEA
                16:30:50: 3  DUPLICATE ELEMENT CHECK
                16:30:50: 4  CHECKING STRUCTURAL INTEGRITY
                16:30:50: 4  CHECK UNCONNECTED JOINTS AND
                16:30:50: 5  CALCULATE MAX JOINT CONNECTIVITY
                16:30:50: 5  CHECK MULTIPLE STRUCTURES
                16:30:50: 6  ENTERING SUPPORT
                16:30:50: 6  NRJOLD                                           0
                16:30:50: 7  SUPPORT NOLD                                     0
                16:30:50: 7  SUPPORT N                                       36
                16:30:50: 7  BEFORE LOADPR
                16:30:50: 8  REOPEN AS DIR                                    0
                16:30:50: 8  ENTER LOADPR
                16:30:50:19  PERFORM ANALYSIS PRIN
                16:30:50:19  pdel iter                                        0
                16:30:50:20  MAXIMUM E =                           2.973273E+04
                16:30:50:21  MINIMUM E =                           2.973273E+04
                16:30:50:21  MBW DOF BAND=                                    1
                16:30:50:22  NUMBER OF PRIMARY CASES                        101
                16:30:50:22  NUMBER OF CASES                                252
                16:30:50:22  #OF CASES W/ELEM INMEMORY                      252
                16:30:50:23  MEMORY FOR MEMBER LOADS                      24192
                16:30:50:23  MEMORY FOR DISPLACEMENTS                     12096
                16:30:50:24  MEMORY FOR MEMBER FORCES                     24192
                16:30:50:24  Using 64-bit analysis engine
                16:30:50:25  BEFORE SOLVER 1
                16:30:50:25  Start Input for Next Load Case
                16:30:50:26  case no=  121 seq. no=   1 idynl= 0
                16:30:50:26  MASSSET                                          0
                16:30:50:26  LOADEND ISLAVE                                   0
                16:30:50:27  Start Input for Next Load Case
                16:30:50:27  case no=  201 seq. no=   2 idynl= 0
                16:30:50:28  LOADEND ISLAVE                                   0
                16:30:50:28  Start Input for Next Load Case
                16:30:50:29  case no=  202 seq. no=   3 idynl= 0
                16:30:50:29  LOADEND ISLAVE                                   0
                16:30:50:30  Start Input for Next Load Case
                16:30:50:30  case no=  203 seq. no=   4 idynl= 0
                16:30:50:31  LOADEND ISLAVE                                   0
                16:30:50:31  Start Input for Next Load Case
                16:30:50:31  case no=  204 seq. no=   5 idynl= 0
                16:30:50:32  LOADEND ISLAVE                                   0
                16:30:50:32  Start Input for Next Load Case
                16:30:50:33  case no=  205 seq. no=   6 idynl= 0
                16:30:50:33  LOADEND ISLAVE                                   0
                16:30:50:34  Start Input for Next Load Case
                16:30:50:34  case no=  206 seq. no=   7 idynl= 0
                16:30:50:34  LOADEND ISLAVE                                   0
                16:30:50:35  Start Input for Next Load Case
                16:30:50:35  case no=  207 seq. no=   8 idynl= 0
                16:30:50:36  LOADEND ISLAVE                                   0
                16:30:50:36  Start Input for Next Load Case
                16:30:50:37  case no=  208 seq. no=   9 idynl= 0
                16:30:50:37  LOADEND ISLAVE                                   0
                16:30:50:38  Start Input for Next Load Case
                16:30:50:38  case no=  312 seq. no=  10 idynl= 0
                16:30:50:39  LOADEND ISLAVE                                   0
                16:30:50:39  Start Input for Next Load Case
                16:30:50:40  case no=  313 seq. no=  11 idynl= 0
                16:30:50:40  LOADEND ISLAVE                                   0
                16:30:50:41  Start Input for Next Load Case
                16:30:50:41  case no=  314 seq. no=  12 idynl= 0
                16:30:50:41  LOADEND ISLAVE                                   0
                16:30:50:42  Start Input for Next Load Case
                16:30:50:42  case no=  315 seq. no=  13 idynl= 0
                16:30:50:43  LOADEND ISLAVE                                   0
                16:30:50:43  Start Input for Next Load Case
                16:30:50:44  case no=  322 seq. no=  14 idynl= 0
                16:30:50:44  LOADEND ISLAVE                                   0
                16:30:50:45  Start Input for Next Load Case
                16:30:50:45  case no=  323 seq. no=  15 idynl= 0
                16:30:50:46  LOADEND ISLAVE                                   0
                16:30:50:46  Start Input for Next Load Case
                16:30:50:47  case no=  324 seq. no=  16 idynl= 0
                16:30:50:47  LOADEND ISLAVE                                   0
                16:30:50:47  Start Input for Next Load Case
                16:30:50:48  case no=  325 seq. no=  17 idynl= 0
                16:30:50:48  LOADEND ISLAVE                                   0
                16:30:50:49  Start Input for Next Load Case
                16:30:50:49  case no=  332 seq. no=  18 idynl= 0
                16:30:50:50  LOADEND ISLAVE                                   0
                16:30:50:50  Start Input for Next Load Case
                16:30:50:51  case no=  333 seq. no=  19 idynl= 0
                16:30:50:51  LOADEND ISLAVE                                   0
                16:30:50:52  Start Input for Next Load Case
                16:30:50:52  case no=  334 seq. no=  20 idynl= 0
                16:30:50:53  LOADEND ISLAVE                                   0
                16:30:50:53  Start Input for Next Load Case
                16:30:50:54  case no=  335 seq. no=  21 idynl= 0
                16:30:50:54  LOADEND ISLAVE                                   0
                16:30:50:54  Start Input for Next Load Case
                16:30:50:55  case no=  411 seq. no=  22 idynl= 0
                16:30:50:55  LOADEND ISLAVE                                   0
                16:30:50:56  Start Input for Next Load Case
                16:30:50:56  case no=  412 seq. no=  23 idynl= 0
                16:30:50:57  LOADEND ISLAVE                                   0
                16:30:50:57  Start Input for Next Load Case
                16:30:50:58  case no=  413 seq. no=  24 idynl= 0
                16:30:50:58  LOADEND ISLAVE                                   0
                16:30:50:58  Start Input for Next Load Case
                16:30:50:59  case no=  414 seq. no=  25 idynl= 0
                16:30:50:59  LOADEND ISLAVE                                   0
                16:30:50:60  Start Input for Next Load Case
                16:30:50:60  case no=  415 seq. no=  26 idynl= 0
                16:30:50:61  LOADEND ISLAVE                                   0
                16:30:50:61  Start Input for Next Load Case
                16:30:50:61  case no=  416 seq. no=  27 idynl= 0
                16:30:50:62  LOADEND ISLAVE                                   0
                16:30:50:62  Start Input for Next Load Case
                16:30:50:63  case no=  417 seq. no=  28 idynl= 0
                16:30:50:63  LOADEND ISLAVE                                   0
                16:30:50:63  Start Input for Next Load Case
                16:30:50:64  case no=  418 seq. no=  29 idynl= 0
                16:30:50:64  LOADEND ISLAVE                                   0
                16:30:50:65  Start Input for Next Load Case
                16:30:50:65  case no=  421 seq. no=  30 idynl= 0
                16:30:50:65  LOADEND ISLAVE                                   0
                16:30:50:66  Start Input for Next Load Case
                16:30:50:66  case no=  422 seq. no=  31 idynl= 0
                16:30:50:67  LOADEND ISLAVE                                   0
                16:30:50:67  Start Input for Next Load Case
                16:30:50:67  case no=  423 seq. no=  32 idynl= 0
                16:30:50:68  LOADEND ISLAVE                                   0
                16:30:50:68  Start Input for Next Load Case
                16:30:50:69  case no=  424 seq. no=  33 idynl= 0
                16:30:50:69  LOADEND ISLAVE                                   0
                16:30:50:70  Start Input for Next Load Case
                16:30:50:70  case no=  425 seq. no=  34 idynl= 0
                16:30:50:71  LOADEND ISLAVE                                   0
                16:30:50:71  Start Input for Next Load Case
                16:30:50:72  case no=  426 seq. no=  35 idynl= 0
                16:30:50:72  LOADEND ISLAVE                                   0
                16:30:50:72  Start Input for Next Load Case
                16:30:50:73  case no=  427 seq. no=  36 idynl= 0
                16:30:50:73  LOADEND ISLAVE                                   0
                16:30:50:74  Start Input for Next Load Case
                16:30:50:74  case no=  428 seq. no=  37 idynl= 0
                16:30:50:74  LOADEND ISLAVE                                   0
                16:30:50:75  Start Input for Next Load Case
                16:30:50:75  case no=  711 seq. no=  38 idynl= 0
                16:30:50:76  LOADEND ISLAVE                                   0
                16:30:50:76  Start Input for Next Load Case
                16:30:50:77  case no=  712 seq. no=  39 idynl= 0
                16:30:50:77  LOADEND ISLAVE                                   0
                16:30:50:77  Start Input for Next Load Case
                16:30:50:78  case no=  713 seq. no=  40 idynl= 0
                16:30:50:78  LOADEND ISLAVE                                   0
                16:30:50:79  Start Input for Next Load Case
                16:30:50:79  case no=  714 seq. no=  41 idynl= 0
                16:30:50:80  LOADEND ISLAVE                                   0
                16:30:50:80  Start Input for Next Load Case
                16:30:50:80  case no=  715 seq. no=  42 idynl= 0
                16:30:50:81  LOADEND ISLAVE                                   0
                16:30:50:81  Start Input for Next Load Case
                16:30:50:82  case no=  716 seq. no=  43 idynl= 0
                16:30:50:82  LOADEND ISLAVE                                   0
                16:30:50:83  Start Input for Next Load Case
                16:30:50:83  case no=  717 seq. no=  44 idynl= 0
                16:30:50:83  LOADEND ISLAVE                                   0
                16:30:50:84  Start Input for Next Load Case
                16:30:50:84  case no=  718 seq. no=  45 idynl= 0
                16:30:50:84  LOADEND ISLAVE                                   0
                16:30:50:85  Start Input for Next Load Case
                16:30:50:85  case no= 1101 seq. no=  46 idynl= 0
                16:30:50:86  LOADEND ISLAVE                                   0
                16:30:50:86  Start Input for Next Load Case
                16:30:50:87  case no= 1102 seq. no=  47 idynl= 0
                16:30:50:87  LOADEND ISLAVE                                   0
                16:30:50:88  Start Input for Next Load Case
                16:30:50:88  case no= 1103 seq. no=  48 idynl= 0
                16:30:50:89  LOADEND ISLAVE                                   0
                16:30:50:89  Start Input for Next Load Case
                16:30:50:90  case no= 1104 seq. no=  49 idynl= 0
                16:30:50:90  LOADEND ISLAVE                                   0
                16:30:50:91  Start Input for Next Load Case
                16:30:50:91  case no= 1105 seq. no=  50 idynl= 0
                16:30:50:92  LOADEND ISLAVE                                   0
                16:30:50:92  Start Input for Next Load Case
                16:30:50:93  case no= 1106 seq. no=  51 idynl= 0
                16:30:50:93  LOADEND ISLAVE                                   0
                16:30:50:94  Start Input for Next Load Case
                16:30:50:94  case no= 1107 seq. no=  52 idynl= 0
                16:30:50:95  LOADEND ISLAVE                                   0
                16:30:50:95  Start Input for Next Load Case
                16:30:50:95  case no= 1108 seq. no=  53 idynl= 0
                16:30:50:96  LOADEND ISLAVE                                   0
                16:30:50:96  Start Input for Next Load Case
                16:30:50:97  case no= 1201 seq. no=  54 idynl= 0
                16:30:50:97  LOADEND ISLAVE                                   0
                16:30:50:97  Start Input for Next Load Case
                16:30:50:98  case no= 1202 seq. no=  55 idynl= 0
                16:30:50:98  LOADEND ISLAVE                                   0
                16:30:50:99  Start Input for Next Load Case
                16:30:50:99  case no= 1203 seq. no=  56 idynl= 0
                16:30:50:99  LOADEND ISLAVE                                   0
                16:30:51: 0  Start Input for Next Load Case
                16:30:51: 0  case no= 1204 seq. no=  57 idynl= 0
                16:30:51: 1  LOADEND ISLAVE                                   0
                16:30:51: 1  Start Input for Next Load Case
                16:30:51: 2  case no= 1205 seq. no=  58 idynl= 0
                16:30:51: 2  LOADEND ISLAVE                                   0
                16:30:51: 2  Start Input for Next Load Case
                16:30:51: 3  case no= 1206 seq. no=  59 idynl= 0
                16:30:51: 3  LOADEND ISLAVE                                   0
                16:30:51: 4  Start Input for Next Load Case
                16:30:51: 4  case no= 1207 seq. no=  60 idynl= 0
                16:30:51: 5  LOADEND ISLAVE                                   0
                16:30:51: 5  Start Input for Next Load Case
                16:30:51: 5  case no= 1208 seq. no=  61 idynl= 0
                16:30:51: 6  LOADEND ISLAVE                                   0
                16:30:51: 6  Start Input for Next Load Case
                16:30:51: 7  case no= 2101 seq. no=  62 idynl= 0
                16:30:51: 7  LOADEND ISLAVE                                   0
                16:30:51: 8  Start Input for Next Load Case
                16:30:51: 8  case no= 2102 seq. no=  63 idynl= 0
                16:30:51: 8  LOADEND ISLAVE                                   0
                16:30:51: 9  Start Input for Next Load Case
                16:30:51: 9  case no= 2103 seq. no=  64 idynl= 0
                16:30:51:10  LOADEND ISLAVE                                   0
                16:30:51:10  Start Input for Next Load Case
                16:30:51:10  case no= 2104 seq. no=  65 idynl= 0
                16:30:51:11  LOADEND ISLAVE                                   0
                16:30:51:11  Start Input for Next Load Case
                16:30:51:12  case no= 2105 seq. no=  66 idynl= 0
                16:30:51:12  LOADEND ISLAVE                                   0
                16:30:51:13  Start Input for Next Load Case
                16:30:51:13  case no= 2106 seq. no=  67 idynl= 0
                16:30:51:13  LOADEND ISLAVE                                   0
                16:30:51:14  Start Input for Next Load Case
                16:30:51:14  case no= 2107 seq. no=  68 idynl= 0
                16:30:51:15  LOADEND ISLAVE                                   0
                16:30:51:15  Start Input for Next Load Case
                16:30:51:15  case no= 2108 seq. no=  69 idynl= 0
                16:30:51:16  LOADEND ISLAVE                                   0
                16:30:51:16  Start Input for Next Load Case
                16:30:51:17  case no= 3001 seq. no=  70 idynl= 0
                16:30:51:17  LOADEND ISLAVE                                   0
                16:30:51:17  Start Input for Next Load Case
                16:30:51:18  case no= 3002 seq. no=  71 idynl= 0
                16:30:51:18  LOADEND ISLAVE                                   0
                16:30:51:19  Start Input for Next Load Case
                16:30:51:19  case no= 3003 seq. no=  72 idynl= 0
                16:30:51:20  LOADEND ISLAVE                                   0
                16:30:51:20  Start Input for Next Load Case
                16:30:51:20  case no= 3004 seq. no=  73 idynl= 0
                16:30:51:21  LOADEND ISLAVE                                   0
                16:30:51:21  Start Input for Next Load Case
                16:30:51:22  case no= 3005 seq. no=  74 idynl= 0
                16:30:51:22  LOADEND ISLAVE                                   0
                16:30:51:23  Start Input for Next Load Case
                16:30:51:23  case no= 3006 seq. no=  75 idynl= 0
                16:30:51:23  LOADEND ISLAVE                                   0
                16:30:51:24  Start Input for Next Load Case
                16:30:51:24  case no= 3007 seq. no=  76 idynl= 0
                16:30:51:25  LOADEND ISLAVE                                   0
                16:30:51:25  Start Input for Next Load Case
                16:30:51:25  case no= 3008 seq. no=  77 idynl= 0
                16:30:51:26  LOADEND ISLAVE                                   0
                16:30:51:26  Start Input for Next Load Case
                16:30:51:27  case no= 3011 seq. no=  78 idynl= 0
                16:30:51:27  LOADEND ISLAVE                                   0
                16:30:51:28  Start Input for Next Load Case
                16:30:51:28  case no= 3012 seq. no=  79 idynl= 0
                16:30:51:28  LOADEND ISLAVE                                   0
                16:30:51:29  Start Input for Next Load Case
                16:30:51:29  case no= 3013 seq. no=  80 idynl= 0
                16:30:51:30  LOADEND ISLAVE                                   0
                16:30:51:30  Start Input for Next Load Case
                16:30:51:30  case no= 3014 seq. no=  81 idynl= 0
                16:30:51:31  LOADEND ISLAVE                                   0
                16:30:51:31  Start Input for Next Load Case
                16:30:51:32  case no= 3015 seq. no=  82 idynl= 0
                16:30:51:32  LOADEND ISLAVE                                   0
                16:30:51:33  Start Input for Next Load Case
                16:30:51:33  case no= 3016 seq. no=  83 idynl= 0
                16:30:51:33  LOADEND ISLAVE                                   0
                16:30:51:34  Start Input for Next Load Case
                16:30:51:34  case no= 3017 seq. no=  84 idynl= 0
                16:30:51:35  LOADEND ISLAVE                                   0
                16:30:51:35  Start Input for Next Load Case
                16:30:51:35  case no= 3018 seq. no=  85 idynl= 0
                16:30:51:36  LOADEND ISLAVE                                   0
                16:30:51:36  Start Input for Next Load Case
                16:30:51:37  case no= 3021 seq. no=  86 idynl= 0
                16:30:51:37  LOADEND ISLAVE                                   0
                16:30:51:37  Start Input for Next Load Case
                16:30:51:38  case no= 3022 seq. no=  87 idynl= 0
                16:30:51:38  LOADEND ISLAVE                                   0
                16:30:51:39  Start Input for Next Load Case
                16:30:51:39  case no= 3023 seq. no=  88 idynl= 0
                16:30:51:40  LOADEND ISLAVE                                   0
                16:30:51:40  Start Input for Next Load Case
                16:30:51:40  case no= 3024 seq. no=  89 idynl= 0
                16:30:51:41  LOADEND ISLAVE                                   0
                16:30:51:41  Start Input for Next Load Case
                16:30:51:42  case no= 3025 seq. no=  90 idynl= 0
                16:30:51:42  LOADEND ISLAVE                                   0
                16:30:51:42  Start Input for Next Load Case
                16:30:51:43  case no= 3026 seq. no=  91 idynl= 0
                16:30:51:43  LOADEND ISLAVE                                   0
                16:30:51:44  Start Input for Next Load Case
                16:30:51:44  case no= 3027 seq. no=  92 idynl= 0
                16:30:51:44  LOADEND ISLAVE                                   0
                16:30:51:45  Start Input for Next Load Case
                16:30:51:45  case no= 3028 seq. no=  93 idynl= 0
                16:30:51:46  LOADEND ISLAVE                                   0
                16:30:51:46  Start Input for Next Load Case
                16:30:51:47  case no= 3201 seq. no=  94 idynl= 0
                16:30:51:47  LOADEND ISLAVE                                   0
                16:30:51:47  Start Input for Next Load Case
                16:30:51:48  case no= 3202 seq. no=  95 idynl= 0
                16:30:51:48  LOADEND ISLAVE                                   0
                16:30:51:49  Start Input for Next Load Case
                16:30:51:49  case no= 3203 seq. no=  96 idynl= 0
                16:30:51:49  LOADEND ISLAVE                                   0
                16:30:51:50  Start Input for Next Load Case
                16:30:51:50  case no= 3204 seq. no=  97 idynl= 0
                16:30:51:51  LOADEND ISLAVE                                   0
                16:30:51:51  Start Input for Next Load Case
                16:30:51:51  case no= 3205 seq. no=  98 idynl= 0
                16:30:51:52  LOADEND ISLAVE                                   0
                16:30:51:52  Start Input for Next Load Case
                16:30:51:53  case no= 3206 seq. no=  99 idynl= 0
                16:30:51:53  LOADEND ISLAVE                                   0
                16:30:51:54  Start Input for Next Load Case
                16:30:51:54  case no= 3207 seq. no= 100 idynl= 0
                16:30:51:54  LOADEND ISLAVE                                   0
                16:30:51:55  Start Input for Next Load Case
                16:30:51:55  case no= 3208 seq. no= 101 idynl= 0
                16:30:51:56  LOADEND ISLAVE                                   0
                16:30:51:56  NVPREV                                           0
                16:30:51:57  AMAXNON                               2.588583E-01
                16:30:51:57  IRECSIZL=                                     4000
                16:30:51:57  MTX BLOCKSIZE=                                  36
                16:30:51:58  MI=                                             36
                16:30:51:58  NORECL=                                          1
                16:30:51:59  NORECL1=                                         1
                16:30:51:59  IWORD=                                       32000
                16:30:51:59  JRECSIZE=                                     4000
                16:30:51:60  IWORDJ=                                      32000
                16:30:51:60  IBYTE=                                           4
                16:30:51:61  JOINTS=                                          8
                16:30:51:61  MEMBERS=                                         8
                16:30:51:61  PLATES =                                         0
                16:30:51:62  SOLIDS =                                         0
                16:30:51:62  NO. OF EQUATIONS=                               36
                16:30:51:63  idyn=                                            0
                16:30:51:63  ipd=                                             0
                16:30:51:63  icablanl=                                        0
                16:30:51:64  ++ Processing Element Stiffness Matrix.
                16:30:51:64  NV1                                            101
                16:30:51:75  ++ Calculating Element Forces & Reactions.
                16:30:52:24  COMBINATION CASES=                               0
                16:30:52:24  MAX CM MEMORY (KILOWORDS)                       29
                16:30:52:24  AFTER SOLVER 1
                16:30:52:25  REOPEN AS SEQ                                    0
                16:30:52:25  DEFINE ENVELOPE
                16:30:52:27  LOAD LIST 1101 TO 110
                16:30:52:27  PARAMETER 1
                16:30:52:28  CHECK CODE MEMB 201 T
                16:30:52:28  ENTERING SECTNM110 IQ=                           8
                16:30:52:28               NSEC=                              11
                16:30:52:29             ISECTN=                               0
                16:30:52:31  SECTNM110 DO 925
                16:30:52:33  ENTERING ENVLP1 ITYP1=                          -3
                16:30:52:33  SECT DISPLACE
                16:30:52:35  Steel/Alum/Timber Design                        52
                16:30:52:38    ++ Finished Design ...
                16:30:52:38  Steel/Timber Design exit
                16:30:52:39  LOAD LIST 2101 TO 210
                16:30:52:39  PARAMETER 1
                16:30:52:40  CHECK CODE MEMB 201 T
                16:30:52:40  ENTERING ENVLP1 ITYP1=                          -3
                16:30:52:41  SECT DISPLACE
                16:30:52:43  Steel/Alum/Timber Design                        52
                16:30:52:44    ++ Finished Design ...
                16:30:52:44  Steel/Timber Design exit
                16:30:52:44  LOAD LIST ENV 4 TO 7
                16:30:52:45  PARAMETER 1
                16:30:52:46  CHECK CODE MEMB 201 T
                16:30:52:46  ENTERING ENVLP1 ITYP1=                          -3
                16:30:52:46  SECT DISPLACE
                16:30:52:48  Steel/Alum/Timber Design                        52
                16:30:52:52    ++ Finished Design ...
                16:30:52:52  Steel/Timber Design exit
                16:30:52:52  PRINT JOINT DISPLACEM
                16:30:52:53  DRAW ISOM JOIN MEMB
                16:30:52:53  ENTERING SECTNM110 IQ=                           8
                16:30:52:54               NSEC=                              11
                16:30:52:54             ISECTN=                               0
                16:30:52:56  SECTNM110 DO 925
                16:30:52:58  PRINT SUPPORT REACTIO
                16:30:52:58  DRAW ISOM SUPP PROP
                16:30:52:59  ENTERING SECTNM110 IQ=                           8
                16:30:52:60               NSEC=                              11
                16:30:52:60             ISECTN=                               0
                16:30:52:62  SECTNM110 DO 925
                16:30:52:64  DRAW ISOM SHAP
                16:30:52:64  ENTERING SECTNM110 IQ=                           8
                16:30:52:65               NSEC=                              11
                16:30:52:65             ISECTN=                               0
                16:30:52:67  SECTNM110 DO 925
                16:30:52:69  PRINT CG
                16:30:52:69  FINISH
                16:30:52:70  All Commands FINISHed
                16:30:52:71  DATASAVE for SPRO GUI
                16:30:52:72  ++ Creating Displacement File (DSP)...
                16:30:52:73  ++ Creating Reaction File (REA)...
                16:30:52:73  ++ Creating Section Force File (BMD)...
                16:30:52:75  ++ Creating Section Displace File (SEC)...
                16:30:52:75  ENTERING ENVLP1 ITYP1=                          -5
                16:30:52:75  SECT DISPLACE
                16:30:52:78  ++ Creating Section Displace File (SCN)...
                16:30:52:80  ++ Creating Design information File (DGN)...
                16:30:52:80  ALLOCATED CM MEMORY (KILOWORDS)             300000
                16:30:52:81  MAX CM MEMORY (KILOWORDS)                       62
                16:30:52:81  DBS LONG SEC NAME
* End Of Analysis At Tue Aug 27 16:30:52 2024
* CPU usage = 3.059000
* STAAD Exit Code: 100, Warning Count: 0, Error Count: 0, Duration: 3.059
1 0 0 3.059
****************************************************************************
*                            END OF ANALYSIS                               *
****************************************************************************
