08/27/2024 16:58:15	Reading UID database.
08/27/2024 16:58:15	Start loading STAAD model.
08/27/2024 16:58:15	Reading model file.
08/27/2024 16:58:15	Reading model file is complete.
08/27/2024 16:58:15	Processing support.
08/27/2024 16:58:15	Processing springs.
08/27/2024 16:58:15	Processing properties.
08/27/2024 16:58:15	Processing physical properties.
08/27/2024 16:58:15	Processing constants.
08/27/2024 16:58:15	Processing BETA constants.
08/27/2024 16:58:15	Processing hidden analytical member loads.
08/27/2024 16:58:15	Processing command list for member release.
08/27/2024 16:58:15	Processing command list for member offset.
08/27/2024 16:58:15	Processing command list for member specs (cracked).
08/27/2024 16:58:15	Processing command list for member specs (axial).
08/27/2024 16:58:15	Processing command list for element release.
08/27/2024 16:58:15	Processing command list for element offset.
08/27/2024 16:58:15	Processing command list for element plate stress directive.
08/27/2024 16:58:15	Processing parameter for Chinese wind load case.
08/27/2024 16:58:15	End Processing command list.
08/27/2024 16:58:15	End loading STAAD model.
08/27/2024 16:58:15	Start Post Analysis method
08/27/2024 16:58:15	Removed all hidden plates from surfaces
08/27/2024 16:58:15	Removed all hidden plates
08/27/2024 16:58:15	Removed all hidden nodes
08/27/2024 16:58:15	Loading results from MSH file...
08/27/2024 16:58:15	Building result indices...
08/27/2024 16:58:15	Loading plate stress results...
08/27/2024 16:58:15	Set analysis report setup data
08/27/2024 16:58:15	Starting page setup...
08/27/2024 16:58:15	Page setup completed
08/27/2024 16:58:15	Setting available workflows...
08/27/2024 16:58:15	Post analysis method ends
08/27/2024 16:59:01	Start Post Analysis method
08/27/2024 16:59:01	Removed all hidden plates from surfaces
08/27/2024 16:59:01	Removed all hidden plates
08/27/2024 16:59:01	Removed all hidden nodes
08/27/2024 16:59:01	Loading results from MSH file...
08/27/2024 16:59:01	Building result indices...
08/27/2024 16:59:01	Loading plate stress results...
08/27/2024 16:59:01	Set analysis report setup data
08/27/2024 16:59:01	Starting page setup...
08/27/2024 16:59:01	Page setup completed
08/27/2024 16:59:01	Setting available workflows...
08/27/2024 16:59:01	Post analysis method ends
08/27/2024 17:00:30	Start Post Analysis method
08/27/2024 17:00:30	Removed all hidden plates from surfaces
08/27/2024 17:00:30	Removed all hidden plates
08/27/2024 17:00:30	Removed all hidden nodes
08/27/2024 17:00:30	Loading results from MSH file...
08/27/2024 17:00:30	Building result indices...
08/27/2024 17:00:30	Loading plate stress results...
08/27/2024 17:00:30	Set analysis report setup data
08/27/2024 17:00:30	Starting page setup...
08/27/2024 17:00:30	Page setup completed
08/27/2024 17:00:30	Setting available workflows...
08/27/2024 17:00:30	Post analysis method ends
08/27/2024 17:07:03	Reading UID database.
08/27/2024 17:07:03	Start loading STAAD model.
08/27/2024 17:07:04	Reading model file.
08/27/2024 17:07:04	Reading model file is complete.
08/27/2024 17:07:04	Processing support.
08/27/2024 17:07:04	Processing springs.
08/27/2024 17:07:04	Processing properties.
08/27/2024 17:07:04	Processing physical properties.
08/27/2024 17:07:04	Processing constants.
08/27/2024 17:07:04	Processing BETA constants.
08/27/2024 17:07:04	Processing hidden analytical member loads.
08/27/2024 17:07:04	Processing command list for member release.
08/27/2024 17:07:04	Processing command list for member offset.
08/27/2024 17:07:04	Processing command list for member specs (cracked).
08/27/2024 17:07:04	Processing command list for member specs (axial).
08/27/2024 17:07:04	Processing command list for element release.
08/27/2024 17:07:04	Processing command list for element offset.
08/27/2024 17:07:04	Processing command list for element plate stress directive.
08/27/2024 17:07:04	Processing parameter for Chinese wind load case.
08/27/2024 17:07:04	End Processing command list.
08/27/2024 17:07:04	End loading STAAD model.
08/27/2024 17:07:04	Start Post Analysis method
08/27/2024 17:07:04	Removed all hidden plates from surfaces
08/27/2024 17:07:04	Removed all hidden plates
08/27/2024 17:07:04	Removed all hidden nodes
08/27/2024 17:07:04	Loading results from MSH file...
08/27/2024 17:07:04	Building result indices...
08/27/2024 17:07:04	Loading plate stress results...
08/27/2024 17:07:04	Set analysis report setup data
08/27/2024 17:07:04	Starting page setup...
08/27/2024 17:07:04	Page setup completed
08/27/2024 17:07:04	Setting available workflows...
08/27/2024 17:07:04	Post analysis method ends
08/27/2024 17:07:14	Start Post Analysis method
08/27/2024 17:07:14	Removed all hidden plates from surfaces
08/27/2024 17:07:14	Removed all hidden plates
08/27/2024 17:07:14	Removed all hidden nodes
08/27/2024 17:07:14	Loading results from MSH file...
08/27/2024 17:07:14	Building result indices...
08/27/2024 17:07:14	Loading plate stress results...
08/27/2024 17:07:14	Set analysis report setup data
08/27/2024 17:07:14	Starting page setup...
08/27/2024 17:07:14	Page setup completed
08/27/2024 17:07:15	Setting available workflows...
08/27/2024 17:07:15	Post analysis method ends
