08/27/2024 16:36:40	Reading UID database.
08/27/2024 16:36:40	Start loading STAAD model.
08/27/2024 16:36:40	Reading model file.
08/27/2024 16:36:40	Reading model file is complete.
08/27/2024 16:36:40	Processing support.
08/27/2024 16:36:40	Processing springs.
08/27/2024 16:36:40	Processing properties.
08/27/2024 16:36:40	Processing physical properties.
08/27/2024 16:36:40	Processing constants.
08/27/2024 16:36:40	Processing BETA constants.
08/27/2024 16:36:40	Processing hidden analytical member loads.
08/27/2024 16:36:40	Processing command list for member release.
08/27/2024 16:36:40	Processing command list for member offset.
08/27/2024 16:36:40	Processing command list for member specs (cracked).
08/27/2024 16:36:40	Processing command list for member specs (axial).
08/27/2024 16:36:40	Processing command list for element release.
08/27/2024 16:36:40	Processing command list for element offset.
08/27/2024 16:36:40	Processing command list for element plate stress directive.
08/27/2024 16:36:40	Processing parameter for Chinese wind load case.
08/27/2024 16:36:40	End Processing command list.
08/27/2024 16:36:40	End loading STAAD model.
08/27/2024 16:36:40	Start Post Analysis method
08/27/2024 16:36:40	Removed all hidden plates from surfaces
08/27/2024 16:36:40	Removed all hidden plates
08/27/2024 16:36:40	Removed all hidden nodes
08/27/2024 16:36:40	Loading results from MSH file...
08/27/2024 16:36:40	Building result indices...
08/27/2024 16:36:40	Loading plate stress results...
08/27/2024 16:36:40	Set analysis report setup data
08/27/2024 16:36:40	Starting page setup...
08/27/2024 16:36:40	Page setup completed
08/27/2024 16:36:40	Setting available workflows...
08/27/2024 16:36:40	Post analysis method ends
08/27/2024 16:37:00	Start Post Analysis method
08/27/2024 16:37:00	Removed all hidden plates from surfaces
08/27/2024 16:37:00	Removed all hidden plates
08/27/2024 16:37:00	Removed all hidden nodes
08/27/2024 16:37:00	Loading results from MSH file...
08/27/2024 16:37:00	Building result indices...
08/27/2024 16:37:00	Loading plate stress results...
08/27/2024 16:37:00	Set analysis report setup data
08/27/2024 16:37:00	Starting page setup...
08/27/2024 16:37:00	Page setup completed
08/27/2024 16:37:00	Setting available workflows...
08/27/2024 16:37:00	Post analysis method ends
