08/27/2024 16:27:31	Reading UID database.
08/27/2024 16:27:31	Start loading STAAD model.
08/27/2024 16:27:31	Reading model file.
08/27/2024 16:27:31	Reading model file is complete.
08/27/2024 16:27:31	Processing support.
08/27/2024 16:27:31	Processing springs.
08/27/2024 16:27:31	Processing properties.
08/27/2024 16:27:31	Processing physical properties.
08/27/2024 16:27:31	Processing constants.
08/27/2024 16:27:31	Processing BETA constants.
08/27/2024 16:27:31	Processing hidden analytical member loads.
08/27/2024 16:27:31	Processing command list for member release.
08/27/2024 16:27:31	Processing command list for member offset.
08/27/2024 16:27:31	Processing command list for member specs (cracked).
08/27/2024 16:27:31	Processing command list for member specs (axial).
08/27/2024 16:27:31	Processing command list for element release.
08/27/2024 16:27:31	Processing command list for element offset.
08/27/2024 16:27:31	Processing command list for element plate stress directive.
08/27/2024 16:27:31	Processing parameter for Chinese wind load case.
08/27/2024 16:27:31	End Processing command list.
08/27/2024 16:27:31	End loading STAAD model.
08/27/2024 16:27:31	Start Post Analysis method
08/27/2024 16:27:31	Removed all hidden plates from surfaces
08/27/2024 16:27:31	Removed all hidden plates
08/27/2024 16:27:31	Removed all hidden nodes
08/27/2024 16:27:31	Loading results from MSH file...
08/27/2024 16:27:31	Building result indices...
08/27/2024 16:27:31	Loading plate stress results...
08/27/2024 16:27:31	Set analysis report setup data
08/27/2024 16:27:31	Starting page setup...
08/27/2024 16:27:31	Page setup completed
08/27/2024 16:27:31	Setting available workflows...
08/27/2024 16:27:31	Post analysis method ends
08/27/2024 16:28:37	Start Post Analysis method
08/27/2024 16:28:37	Removed all hidden plates from surfaces
08/27/2024 16:28:37	Removed all hidden plates
08/27/2024 16:28:37	Removed all hidden nodes
08/27/2024 16:28:37	Loading results from MSH file...
08/27/2024 16:28:37	Building result indices...
08/27/2024 16:28:37	Loading plate stress results...
08/27/2024 16:28:37	Set analysis report setup data
08/27/2024 16:28:37	Starting page setup...
08/27/2024 16:28:37	Page setup completed
08/27/2024 16:28:37	Setting available workflows...
08/27/2024 16:28:37	Post analysis method ends
08/27/2024 16:30:54	Start Post Analysis method
08/27/2024 16:30:54	Removed all hidden plates from surfaces
08/27/2024 16:30:54	Removed all hidden plates
08/27/2024 16:30:54	Removed all hidden nodes
08/27/2024 16:30:54	Loading results from MSH file...
08/27/2024 16:30:54	Building result indices...
08/27/2024 16:30:54	Loading plate stress results...
08/27/2024 16:30:54	Set analysis report setup data
08/27/2024 16:30:54	Starting page setup...
08/27/2024 16:30:54	Page setup completed
08/27/2024 16:30:54	Setting available workflows...
08/27/2024 16:30:54	Post analysis method ends
08/27/2024 16:31:26	Start Post Analysis method
08/27/2024 16:31:26	Removed all hidden plates from surfaces
08/27/2024 16:31:26	Removed all hidden plates
08/27/2024 16:31:26	Removed all hidden nodes
08/27/2024 16:31:26	Loading results from MSH file...
08/27/2024 16:31:26	Building result indices...
08/27/2024 16:31:26	Loading plate stress results...
08/27/2024 16:31:26	Set analysis report setup data
08/27/2024 16:31:26	Starting page setup...
08/27/2024 16:31:26	Page setup completed
08/27/2024 16:31:26	Setting available workflows...
08/27/2024 16:31:26	Post analysis method ends
