16:36:53	Initializing STAAD Engine
16:36:53	Run stream set up is complete.
16:36:53	Initialize license libraries.
16:36:53	License libraries initialized.
16:36:53	Starting license(s) for A & D engine.
16:36:54	License Status: Ok
16:36:54	License information set up is complete.
****************************************************************************
*                            START OF ANALYSIS                             *
****************************************************************************
* Initiating Analysis At Tue Aug 27 16:36:54 2024
                          PROGRAM: STAAD.Pro
                          VERSION: 23.00.01.25
                16:36:54:63  ENTERING STAAD
                16:36:54:64  USING 64 BIT STAAD ENGINE
                16:36:54:64  ENTERING MAINN
                16:36:54:65  START JOB INFORMATION
                16:36:54:65  INPUT WIDTH 79
                16:36:54:66  UNIT MMS KN
                16:36:54:66  JOINT COORDINATES
                16:36:54:66  ENTERING JOINTC
                16:36:54:67  JOINTC NEWJ                                 400000
                16:36:54:67  MAX NODE NO.                                     9
                16:36:54:68  MEMBER INCIDENCES
                16:36:54:68  UNIT METER KN
                16:36:54:69  DEFINE MATERIAL START
                16:36:54:69  UNIT MMS KN
                16:36:54:69  MEMBER PROPERTY EUROP
                16:36:54:81    ++ Finished Reading Member Properties ...
                16:36:54:81  CONSTANTS
                16:36:54:82  SUPPORTS
                16:36:54:82  ENTERING SUPPORT
                16:36:54:83  UNIT METER KN
                16:36:54:83  DEFINE WIND LOAD
                16:36:54:84  LOAD 121 LOADTYPE DEA
                16:36:54:84  DUPLICATE ELEMENT CHECK
                16:36:54:84  CHECKING STRUCTURAL INTEGRITY
                16:36:54:85  CHECK UNCONNECTED JOINTS AND
                16:36:54:85  CALCULATE MAX JOINT CONNECTIVITY
                16:36:54:86  CHECK MULTIPLE STRUCTURES
                16:36:54:86  ENTERING SUPPORT
                16:36:54:87  NRJOLD                                           0
                16:36:54:87  SUPPORT NOLD                                     0
                16:36:54:87  SUPPORT N                                       36
                16:36:54:88  BEFORE LOADPR
                16:36:54:88  REOPEN AS DIR                                    0
                16:36:54:89  ENTER LOADPR
                16:36:55: 0  PERFORM ANALYSIS PRIN
                16:36:55: 0  pdel iter                                        0
                16:36:55: 1  MAXIMUM E =                           2.973273E+04
                16:36:55: 1  MINIMUM E =                           2.973273E+04
                16:36:55: 2  MBW DOF BAND=                                    1
                16:36:55: 2  NUMBER OF PRIMARY CASES                        101
                16:36:55: 2  NUMBER OF CASES                                252
                16:36:55: 3  #OF CASES W/ELEM INMEMORY                      252
                16:36:55: 3  MEMORY FOR MEMBER LOADS                      24192
                16:36:55: 4  MEMORY FOR DISPLACEMENTS                     12096
                16:36:55: 4  MEMORY FOR MEMBER FORCES                     24192
                16:36:55: 5  Using 64-bit analysis engine
                16:36:55: 5  BEFORE SOLVER 1
                16:36:55: 6  Start Input for Next Load Case
                16:36:55: 6  case no=  121 seq. no=   1 idynl= 0
                16:36:55: 6  MASSSET                                          0
                16:36:55: 7  LOADEND ISLAVE                                   0
                16:36:55: 7  Start Input for Next Load Case
                16:36:55: 8  case no=  201 seq. no=   2 idynl= 0
                16:36:55: 8  LOADEND ISLAVE                                   0
                16:36:55: 9  Start Input for Next Load Case
                16:36:55: 9  case no=  202 seq. no=   3 idynl= 0
                16:36:55: 9  LOADEND ISLAVE                                   0
                16:36:55:10  Start Input for Next Load Case
                16:36:55:10  case no=  203 seq. no=   4 idynl= 0
                16:36:55:11  LOADEND ISLAVE                                   0
                16:36:55:11  Start Input for Next Load Case
                16:36:55:12  case no=  204 seq. no=   5 idynl= 0
                16:36:55:12  LOADEND ISLAVE                                   0
                16:36:55:13  Start Input for Next Load Case
                16:36:55:13  case no=  205 seq. no=   6 idynl= 0
                16:36:55:14  LOADEND ISLAVE                                   0
                16:36:55:14  Start Input for Next Load Case
                16:36:55:14  case no=  206 seq. no=   7 idynl= 0
                16:36:55:15  LOADEND ISLAVE                                   0
                16:36:55:15  Start Input for Next Load Case
                16:36:55:16  case no=  207 seq. no=   8 idynl= 0
                16:36:55:16  LOADEND ISLAVE                                   0
                16:36:55:16  Start Input for Next Load Case
                16:36:55:17  case no=  208 seq. no=   9 idynl= 0
                16:36:55:17  LOADEND ISLAVE                                   0
                16:36:55:18  Start Input for Next Load Case
                16:36:55:18  case no=  312 seq. no=  10 idynl= 0
                16:36:55:19  LOADEND ISLAVE                                   0
                16:36:55:19  Start Input for Next Load Case
                16:36:55:20  case no=  313 seq. no=  11 idynl= 0
                16:36:55:20  LOADEND ISLAVE                                   0
                16:36:55:20  Start Input for Next Load Case
                16:36:55:21  case no=  314 seq. no=  12 idynl= 0
                16:36:55:21  LOADEND ISLAVE                                   0
                16:36:55:22  Start Input for Next Load Case
                16:36:55:22  case no=  315 seq. no=  13 idynl= 0
                16:36:55:22  LOADEND ISLAVE                                   0
                16:36:55:23  Start Input for Next Load Case
                16:36:55:23  case no=  322 seq. no=  14 idynl= 0
                16:36:55:24  LOADEND ISLAVE                                   0
                16:36:55:24  Start Input for Next Load Case
                16:36:55:25  case no=  323 seq. no=  15 idynl= 0
                16:36:55:25  LOADEND ISLAVE                                   0
                16:36:55:26  Start Input for Next Load Case
                16:36:55:26  case no=  324 seq. no=  16 idynl= 0
                16:36:55:27  LOADEND ISLAVE                                   0
                16:36:55:27  Start Input for Next Load Case
                16:36:55:28  case no=  325 seq. no=  17 idynl= 0
                16:36:55:28  LOADEND ISLAVE                                   0
                16:36:55:28  Start Input for Next Load Case
                16:36:55:29  case no=  332 seq. no=  18 idynl= 0
                16:36:55:29  LOADEND ISLAVE                                   0
                16:36:55:30  Start Input for Next Load Case
                16:36:55:30  case no=  333 seq. no=  19 idynl= 0
                16:36:55:31  LOADEND ISLAVE                                   0
                16:36:55:31  Start Input for Next Load Case
                16:36:55:31  case no=  334 seq. no=  20 idynl= 0
                16:36:55:32  LOADEND ISLAVE                                   0
                16:36:55:32  Start Input for Next Load Case
                16:36:55:33  case no=  335 seq. no=  21 idynl= 0
                16:36:55:33  LOADEND ISLAVE                                   0
                16:36:55:33  Start Input for Next Load Case
                16:36:55:34  case no=  411 seq. no=  22 idynl= 0
                16:36:55:34  LOADEND ISLAVE                                   0
                16:36:55:35  Start Input for Next Load Case
                16:36:55:35  case no=  412 seq. no=  23 idynl= 0
                16:36:55:36  LOADEND ISLAVE                                   0
                16:36:55:36  Start Input for Next Load Case
                16:36:55:36  case no=  413 seq. no=  24 idynl= 0
                16:36:55:37  LOADEND ISLAVE                                   0
                16:36:55:37  Start Input for Next Load Case
                16:36:55:38  case no=  414 seq. no=  25 idynl= 0
                16:36:55:38  LOADEND ISLAVE                                   0
                16:36:55:39  Start Input for Next Load Case
                16:36:55:39  case no=  415 seq. no=  26 idynl= 0
                16:36:55:40  LOADEND ISLAVE                                   0
                16:36:55:40  Start Input for Next Load Case
                16:36:55:40  case no=  416 seq. no=  27 idynl= 0
                16:36:55:41  LOADEND ISLAVE                                   0
                16:36:55:41  Start Input for Next Load Case
                16:36:55:42  case no=  417 seq. no=  28 idynl= 0
                16:36:55:42  LOADEND ISLAVE                                   0
                16:36:55:42  Start Input for Next Load Case
                16:36:55:43  case no=  418 seq. no=  29 idynl= 0
                16:36:55:43  LOADEND ISLAVE                                   0
                16:36:55:44  Start Input for Next Load Case
                16:36:55:44  case no=  421 seq. no=  30 idynl= 0
                16:36:55:45  LOADEND ISLAVE                                   0
                16:36:55:45  Start Input for Next Load Case
                16:36:55:45  case no=  422 seq. no=  31 idynl= 0
                16:36:55:46  LOADEND ISLAVE                                   0
                16:36:55:46  Start Input for Next Load Case
                16:36:55:47  case no=  423 seq. no=  32 idynl= 0
                16:36:55:47  LOADEND ISLAVE                                   0
                16:36:55:48  Start Input for Next Load Case
                16:36:55:48  case no=  424 seq. no=  33 idynl= 0
                16:36:55:49  LOADEND ISLAVE                                   0
                16:36:55:49  Start Input for Next Load Case
                16:36:55:50  case no=  425 seq. no=  34 idynl= 0
                16:36:55:50  LOADEND ISLAVE                                   0
                16:36:55:50  Start Input for Next Load Case
                16:36:55:51  case no=  426 seq. no=  35 idynl= 0
                16:36:55:51  LOADEND ISLAVE                                   0
                16:36:55:52  Start Input for Next Load Case
                16:36:55:52  case no=  427 seq. no=  36 idynl= 0
                16:36:55:53  LOADEND ISLAVE                                   0
                16:36:55:53  Start Input for Next Load Case
                16:36:55:54  case no=  428 seq. no=  37 idynl= 0
                16:36:55:54  LOADEND ISLAVE                                   0
                16:36:55:54  Start Input for Next Load Case
                16:36:55:55  case no=  711 seq. no=  38 idynl= 0
                16:36:55:55  LOADEND ISLAVE                                   0
                16:36:55:56  Start Input for Next Load Case
                16:36:55:56  case no=  712 seq. no=  39 idynl= 0
                16:36:55:56  LOADEND ISLAVE                                   0
                16:36:55:57  Start Input for Next Load Case
                16:36:55:57  case no=  713 seq. no=  40 idynl= 0
                16:36:55:58  LOADEND ISLAVE                                   0
                16:36:55:58  Start Input for Next Load Case
                16:36:55:59  case no=  714 seq. no=  41 idynl= 0
                16:36:55:59  LOADEND ISLAVE                                   0
                16:36:55:60  Start Input for Next Load Case
                16:36:55:61  case no=  715 seq. no=  42 idynl= 0
                16:36:55:61  LOADEND ISLAVE                                   0
                16:36:55:62  Start Input for Next Load Case
                16:36:55:62  case no=  716 seq. no=  43 idynl= 0
                16:36:55:63  LOADEND ISLAVE                                   0
                16:36:55:63  Start Input for Next Load Case
                16:36:55:63  case no=  717 seq. no=  44 idynl= 0
                16:36:55:64  LOADEND ISLAVE                                   0
                16:36:55:64  Start Input for Next Load Case
                16:36:55:65  case no=  718 seq. no=  45 idynl= 0
                16:36:55:65  LOADEND ISLAVE                                   0
                16:36:55:66  Start Input for Next Load Case
                16:36:55:66  case no= 1101 seq. no=  46 idynl= 0
                16:36:55:67  LOADEND ISLAVE                                   0
                16:36:55:67  Start Input for Next Load Case
                16:36:55:68  case no= 1102 seq. no=  47 idynl= 0
                16:36:55:68  LOADEND ISLAVE                                   0
                16:36:55:69  Start Input for Next Load Case
                16:36:55:69  case no= 1103 seq. no=  48 idynl= 0
                16:36:55:70  LOADEND ISLAVE                                   0
                16:36:55:70  Start Input for Next Load Case
                16:36:55:71  case no= 1104 seq. no=  49 idynl= 0
                16:36:55:71  LOADEND ISLAVE                                   0
                16:36:55:72  Start Input for Next Load Case
                16:36:55:72  case no= 1105 seq. no=  50 idynl= 0
                16:36:55:73  LOADEND ISLAVE                                   0
                16:36:55:73  Start Input for Next Load Case
                16:36:55:74  case no= 1106 seq. no=  51 idynl= 0
                16:36:55:74  LOADEND ISLAVE                                   0
                16:36:55:75  Start Input for Next Load Case
                16:36:55:75  case no= 1107 seq. no=  52 idynl= 0
                16:36:55:76  LOADEND ISLAVE                                   0
                16:36:55:76  Start Input for Next Load Case
                16:36:55:77  case no= 1108 seq. no=  53 idynl= 0
                16:36:55:77  LOADEND ISLAVE                                   0
                16:36:55:78  Start Input for Next Load Case
                16:36:55:78  case no= 1201 seq. no=  54 idynl= 0
                16:36:55:79  LOADEND ISLAVE                                   0
                16:36:55:79  Start Input for Next Load Case
                16:36:55:80  case no= 1202 seq. no=  55 idynl= 0
                16:36:55:80  LOADEND ISLAVE                                   0
                16:36:55:81  Start Input for Next Load Case
                16:36:55:81  case no= 1203 seq. no=  56 idynl= 0
                16:36:55:82  LOADEND ISLAVE                                   0
                16:36:55:82  Start Input for Next Load Case
                16:36:55:83  case no= 1204 seq. no=  57 idynl= 0
                16:36:55:83  LOADEND ISLAVE                                   0
                16:36:55:84  Start Input for Next Load Case
                16:36:55:84  case no= 1205 seq. no=  58 idynl= 0
                16:36:55:85  LOADEND ISLAVE                                   0
                16:36:55:85  Start Input for Next Load Case
                16:36:55:85  case no= 1206 seq. no=  59 idynl= 0
                16:36:55:86  LOADEND ISLAVE                                   0
                16:36:55:87  Start Input for Next Load Case
                16:36:55:87  case no= 1207 seq. no=  60 idynl= 0
                16:36:55:88  LOADEND ISLAVE                                   0
                16:36:55:88  Start Input for Next Load Case
                16:36:55:89  case no= 1208 seq. no=  61 idynl= 0
                16:36:55:89  LOADEND ISLAVE                                   0
                16:36:55:90  Start Input for Next Load Case
                16:36:55:90  case no= 2101 seq. no=  62 idynl= 0
                16:36:55:90  LOADEND ISLAVE                                   0
                16:36:55:91  Start Input for Next Load Case
                16:36:55:91  case no= 2102 seq. no=  63 idynl= 0
                16:36:55:92  LOADEND ISLAVE                                   0
                16:36:55:92  Start Input for Next Load Case
                16:36:55:93  case no= 2103 seq. no=  64 idynl= 0
                16:36:55:93  LOADEND ISLAVE                                   0
                16:36:55:93  Start Input for Next Load Case
                16:36:55:94  case no= 2104 seq. no=  65 idynl= 0
                16:36:55:94  LOADEND ISLAVE                                   0
                16:36:55:95  Start Input for Next Load Case
                16:36:55:95  case no= 2105 seq. no=  66 idynl= 0
                16:36:55:96  LOADEND ISLAVE                                   0
                16:36:55:96  Start Input for Next Load Case
                16:36:55:97  case no= 2106 seq. no=  67 idynl= 0
                16:36:55:97  LOADEND ISLAVE                                   0
                16:36:55:97  Start Input for Next Load Case
                16:36:55:98  case no= 2107 seq. no=  68 idynl= 0
                16:36:55:98  LOADEND ISLAVE                                   0
                16:36:55:99  Start Input for Next Load Case
                16:36:55:99  case no= 2108 seq. no=  69 idynl= 0
                16:36:56: 0  LOADEND ISLAVE                                   0
                16:36:56: 0  Start Input for Next Load Case
                16:36:56: 0  case no= 3001 seq. no=  70 idynl= 0
                16:36:56: 1  LOADEND ISLAVE                                   0
                16:36:56: 1  Start Input for Next Load Case
                16:36:56: 2  case no= 3002 seq. no=  71 idynl= 0
                16:36:56: 2  LOADEND ISLAVE                                   0
                16:36:56: 3  Start Input for Next Load Case
                16:36:56: 3  case no= 3003 seq. no=  72 idynl= 0
                16:36:56: 3  LOADEND ISLAVE                                   0
                16:36:56: 4  Start Input for Next Load Case
                16:36:56: 4  case no= 3004 seq. no=  73 idynl= 0
                16:36:56: 5  LOADEND ISLAVE                                   0
                16:36:56: 5  Start Input for Next Load Case
                16:36:56: 6  case no= 3005 seq. no=  74 idynl= 0
                16:36:56: 6  LOADEND ISLAVE                                   0
                16:36:56: 6  Start Input for Next Load Case
                16:36:56: 7  case no= 3006 seq. no=  75 idynl= 0
                16:36:56: 7  LOADEND ISLAVE                                   0
                16:36:56: 8  Start Input for Next Load Case
                16:36:56: 8  case no= 3007 seq. no=  76 idynl= 0
                16:36:56: 9  LOADEND ISLAVE                                   0
                16:36:56: 9  Start Input for Next Load Case
                16:36:56:10  case no= 3008 seq. no=  77 idynl= 0
                16:36:56:10  LOADEND ISLAVE                                   0
                16:36:56:10  Start Input for Next Load Case
                16:36:56:11  case no= 3011 seq. no=  78 idynl= 0
                16:36:56:11  LOADEND ISLAVE                                   0
                16:36:56:12  Start Input for Next Load Case
                16:36:56:12  case no= 3012 seq. no=  79 idynl= 0
                16:36:56:13  LOADEND ISLAVE                                   0
                16:36:56:13  Start Input for Next Load Case
                16:36:56:13  case no= 3013 seq. no=  80 idynl= 0
                16:36:56:14  LOADEND ISLAVE                                   0
                16:36:56:14  Start Input for Next Load Case
                16:36:56:15  case no= 3014 seq. no=  81 idynl= 0
                16:36:56:15  LOADEND ISLAVE                                   0
                16:36:56:15  Start Input for Next Load Case
                16:36:56:16  case no= 3015 seq. no=  82 idynl= 0
                16:36:56:16  LOADEND ISLAVE                                   0
                16:36:56:17  Start Input for Next Load Case
                16:36:56:17  case no= 3016 seq. no=  83 idynl= 0
                16:36:56:18  LOADEND ISLAVE                                   0
                16:36:56:18  Start Input for Next Load Case
                16:36:56:19  case no= 3017 seq. no=  84 idynl= 0
                16:36:56:19  LOADEND ISLAVE                                   0
                16:36:56:19  Start Input for Next Load Case
                16:36:56:20  case no= 3018 seq. no=  85 idynl= 0
                16:36:56:20  LOADEND ISLAVE                                   0
                16:36:56:21  Start Input for Next Load Case
                16:36:56:21  case no= 3021 seq. no=  86 idynl= 0
                16:36:56:21  LOADEND ISLAVE                                   0
                16:36:56:22  Start Input for Next Load Case
                16:36:56:22  case no= 3022 seq. no=  87 idynl= 0
                16:36:56:23  LOADEND ISLAVE                                   0
                16:36:56:23  Start Input for Next Load Case
                16:36:56:24  case no= 3023 seq. no=  88 idynl= 0
                16:36:56:24  LOADEND ISLAVE                                   0
                16:36:56:24  Start Input for Next Load Case
                16:36:56:25  case no= 3024 seq. no=  89 idynl= 0
                16:36:56:25  LOADEND ISLAVE                                   0
                16:36:56:26  Start Input for Next Load Case
                16:36:56:26  case no= 3025 seq. no=  90 idynl= 0
                16:36:56:27  LOADEND ISLAVE                                   0
                16:36:56:27  Start Input for Next Load Case
                16:36:56:27  case no= 3026 seq. no=  91 idynl= 0
                16:36:56:28  LOADEND ISLAVE                                   0
                16:36:56:28  Start Input for Next Load Case
                16:36:56:29  case no= 3027 seq. no=  92 idynl= 0
                16:36:56:29  LOADEND ISLAVE                                   0
                16:36:56:29  Start Input for Next Load Case
                16:36:56:30  case no= 3028 seq. no=  93 idynl= 0
                16:36:56:30  LOADEND ISLAVE                                   0
                16:36:56:31  Start Input for Next Load Case
                16:36:56:31  case no= 3201 seq. no=  94 idynl= 0
                16:36:56:32  LOADEND ISLAVE                                   0
                16:36:56:32  Start Input for Next Load Case
                16:36:56:33  case no= 3202 seq. no=  95 idynl= 0
                16:36:56:33  LOADEND ISLAVE                                   0
                16:36:56:33  Start Input for Next Load Case
                16:36:56:34  case no= 3203 seq. no=  96 idynl= 0
                16:36:56:34  LOADEND ISLAVE                                   0
                16:36:56:35  Start Input for Next Load Case
                16:36:56:35  case no= 3204 seq. no=  97 idynl= 0
                16:36:56:35  LOADEND ISLAVE                                   0
                16:36:56:36  Start Input for Next Load Case
                16:36:56:36  case no= 3205 seq. no=  98 idynl= 0
                16:36:56:37  LOADEND ISLAVE                                   0
                16:36:56:37  Start Input for Next Load Case
                16:36:56:37  case no= 3206 seq. no=  99 idynl= 0
                16:36:56:38  LOADEND ISLAVE                                   0
                16:36:56:38  Start Input for Next Load Case
                16:36:56:39  case no= 3207 seq. no= 100 idynl= 0
                16:36:56:39  LOADEND ISLAVE                                   0
                16:36:56:40  Start Input for Next Load Case
                16:36:56:40  case no= 3208 seq. no= 101 idynl= 0
                16:36:56:41  LOADEND ISLAVE                                   0
                16:36:56:41  NVPREV                                           0
                16:36:56:41  AMAXNON                               2.588583E-01
                16:36:56:42  IRECSIZL=                                     4000
                16:36:56:42  MTX BLOCKSIZE=                                  36
                16:36:56:43  MI=                                             36
                16:36:56:43  NORECL=                                          1
                16:36:56:43  NORECL1=                                         1
                16:36:56:44  IWORD=                                       32000
                16:36:56:44  JRECSIZE=                                     4000
                16:36:56:45  IWORDJ=                                      32000
                16:36:56:45  IBYTE=                                           4
                16:36:56:46  JOINTS=                                          8
                16:36:56:46  MEMBERS=                                         8
                16:36:56:46  PLATES =                                         0
                16:36:56:47  SOLIDS =                                         0
                16:36:56:47  NO. OF EQUATIONS=                               36
                16:36:56:48  idyn=                                            0
                16:36:56:48  ipd=                                             0
                16:36:56:49  icablanl=                                        0
                16:36:56:49  ++ Processing Element Stiffness Matrix.
                16:36:56:50  NV1                                            101
                16:36:56:61  ++ Calculating Element Forces & Reactions.
                16:36:56:99  COMBINATION CASES=                               0
                16:36:56:99  MAX CM MEMORY (KILOWORDS)                       29
                16:36:56:99  AFTER SOLVER 1
                16:36:57: 1  REOPEN AS SEQ                                    0
                16:36:57: 1  DEFINE ENVELOPE
                16:36:57: 2  LOAD LIST 1101 TO 110
                16:36:57: 2  PARAMETER 1
                16:36:57: 3  CHECK CODE ALL
                16:36:57: 4  ENTERING SECTNM110 IQ=                           8
                16:36:57: 4               NSEC=                              11
                16:36:57: 4             ISECTN=                               0
                16:36:57: 7  SECTNM110 DO 925
                16:36:57: 8  ENTERING ENVLP1 ITYP1=                          -3
                16:36:57: 8  SECT DISPLACE
                16:36:57:11  Steel/Alum/Timber Design                        52
                16:36:57:13    ++ Finished Design ...
                16:36:57:13  Steel/Timber Design exit
                16:36:57:13  LOAD LIST 2101 TO 210
                16:36:57:14  PARAMETER 1
                16:36:57:15  CHECK CODE ALL
                16:36:57:15  ENTERING ENVLP1 ITYP1=                          -3
                16:36:57:16  SECT DISPLACE
                16:36:57:18  Steel/Alum/Timber Design                        52
                16:36:57:19    ++ Finished Design ...
                16:36:57:19  Steel/Timber Design exit
                16:36:57:19  LOAD LIST ENV 4 TO 7
                16:36:57:20  PARAMETER 1
                16:36:57:21  CHECK CODE ALL
                16:36:57:21  ENTERING ENVLP1 ITYP1=                          -3
                16:36:57:21  SECT DISPLACE
                16:36:57:24  Steel/Alum/Timber Design                        52
                16:36:57:25    ++ Finished Design ...
                16:36:57:25  Steel/Timber Design exit
                16:36:57:26  PRINT JOINT DISPLACEM
                16:36:57:26  DRAW ISOM JOIN MEMB
                16:36:57:27  ENTERING SECTNM110 IQ=                           8
                16:36:57:27               NSEC=                              11
                16:36:57:28             ISECTN=                               0
                16:36:57:30  SECTNM110 DO 925
                16:36:57:32  PRINT SUPPORT REACTIO
                16:36:57:32  DRAW ISOM SUPP PROP
                16:36:57:33  ENTERING SECTNM110 IQ=                           8
                16:36:57:33               NSEC=                              11
                16:36:57:34             ISECTN=                               0
                16:36:57:36  SECTNM110 DO 925
                16:36:57:38  DRAW ISOM SHAP
                16:36:57:38  ENTERING SECTNM110 IQ=                           8
                16:36:57:39               NSEC=                              11
                16:36:57:39             ISECTN=                               0
                16:36:57:41  SECTNM110 DO 925
                16:36:57:43  PRINT CG
                16:36:57:43  FINISH
                16:36:57:44  All Commands FINISHed
                16:36:57:45  DATASAVE for SPRO GUI
                16:36:57:45  ++ Creating Displacement File (DSP)...
                16:36:57:47  ++ Creating Reaction File (REA)...
                16:36:57:47  ++ Creating Section Force File (BMD)...
                16:36:57:49  ++ Creating Section Displace File (SEC)...
                16:36:57:49  ENTERING ENVLP1 ITYP1=                          -5
                16:36:57:50  SECT DISPLACE
                16:36:57:53  ++ Creating Section Displace File (SCN)...
                16:36:57:55  ++ Creating Design information File (DGN)...
                16:36:57:55  ALLOCATED CM MEMORY (KILOWORDS)             300000
                16:36:57:56  MAX CM MEMORY (KILOWORDS)                       62
                16:36:57:56  DBS LONG SEC NAME
* End Of Analysis At Tue Aug 27 16:36:57 2024
* CPU usage = 2.996000
* STAAD Exit Code: 100, Warning Count: 0, Error Count: 0, Duration: 2.996
1 0 0 2.996
****************************************************************************
*                            END OF ANALYSIS                               *
****************************************************************************
