07/17/2024 17:49:53	Reading UID database.
07/17/2024 17:49:53	Start loading STAAD model.
07/17/2024 17:49:53	Reading model file.
07/17/2024 17:49:53	Reading model file is complete.
07/17/2024 17:49:53	Processing support.
07/17/2024 17:49:53	Processing springs.
07/17/2024 17:49:53	Processing properties.
07/17/2024 17:49:53	Processing physical properties.
07/17/2024 17:49:53	Processing constants.
07/17/2024 17:49:53	Processing BETA constants.
07/17/2024 17:49:53	Processing hidden analytical member loads.
07/17/2024 17:49:53	Processing command list for member release.
07/17/2024 17:49:53	Processing command list for member offset.
07/17/2024 17:49:53	Processing command list for member specs (cracked).
07/17/2024 17:49:53	Processing command list for member specs (axial).
07/17/2024 17:49:53	Processing command list for element release.
07/17/2024 17:49:53	Processing command list for element offset.
07/17/2024 17:49:53	Processing command list for element plate stress directive.
07/17/2024 17:49:53	Processing parameter for Chinese wind load case.
07/17/2024 17:49:53	End Processing command list.
07/17/2024 17:49:53	End loading STAAD model.
07/17/2024 17:49:53	Start Post Analysis method
07/17/2024 17:49:53	Removed all hidden plates from surfaces
07/17/2024 17:49:53	Removed all hidden plates
07/17/2024 17:49:53	Removed all hidden nodes
07/17/2024 17:49:53	Loading results from MSH file...
07/17/2024 17:49:53	Building result indices...
07/17/2024 17:49:53	Loading plate stress results...
07/17/2024 17:49:53	Set analysis report setup data
07/17/2024 17:49:53	Starting page setup...
07/17/2024 17:49:54	Page setup completed
07/17/2024 17:49:54	Setting available workflows...
07/17/2024 17:49:54	Post analysis method ends
07/17/2024 18:17:44	Reading UID database.
07/17/2024 18:17:44	Start loading STAAD model.
07/17/2024 18:17:44	Reading model file.
07/17/2024 18:17:44	Reading model file is complete.
07/17/2024 18:17:44	Processing support.
07/17/2024 18:17:44	Processing springs.
07/17/2024 18:17:44	Processing properties.
07/17/2024 18:17:44	Processing physical properties.
07/17/2024 18:17:44	Processing constants.
07/17/2024 18:17:44	Processing BETA constants.
07/17/2024 18:17:44	Processing hidden analytical member loads.
07/17/2024 18:17:44	Processing command list for member release.
07/17/2024 18:17:44	Processing command list for member offset.
07/17/2024 18:17:44	Processing command list for member specs (cracked).
07/17/2024 18:17:44	Processing command list for member specs (axial).
07/17/2024 18:17:44	Processing command list for element release.
07/17/2024 18:17:44	Processing command list for element offset.
07/17/2024 18:17:44	Processing command list for element plate stress directive.
07/17/2024 18:17:44	Processing parameter for Chinese wind load case.
07/17/2024 18:17:44	End Processing command list.
07/17/2024 18:17:44	End loading STAAD model.
07/17/2024 18:17:44	Start Post Analysis method
07/17/2024 18:17:44	Removed all hidden plates from surfaces
07/17/2024 18:17:44	Removed all hidden plates
07/17/2024 18:17:44	Removed all hidden nodes
07/17/2024 18:17:44	Loading results from MSH file...
07/17/2024 18:17:44	Building result indices...
07/17/2024 18:17:44	Loading plate stress results...
07/17/2024 18:17:44	Set analysis report setup data
07/17/2024 18:17:44	Starting page setup...
07/17/2024 18:17:44	Page setup completed
07/17/2024 18:17:44	Setting available workflows...
07/17/2024 18:17:44	Post analysis method ends
07/17/2024 18:18:01	Start Post Analysis method
07/17/2024 18:18:01	Removed all hidden plates from surfaces
07/17/2024 18:18:01	Removed all hidden plates
07/17/2024 18:18:01	Removed all hidden nodes
07/17/2024 18:18:01	Loading results from MSH file...
07/17/2024 18:18:01	Building result indices...
07/17/2024 18:18:01	Loading plate stress results...
07/17/2024 18:18:01	Set analysis report setup data
07/17/2024 18:18:01	Starting page setup...
07/17/2024 18:18:01	Page setup completed
07/17/2024 18:18:01	Setting available workflows...
07/17/2024 18:18:01	Post analysis method ends
07/17/2024 18:34:58	Start Post Analysis method
07/17/2024 18:34:58	Removed all hidden plates from surfaces
07/17/2024 18:34:58	Removed all hidden plates
07/17/2024 18:34:58	Removed all hidden nodes
07/17/2024 18:34:58	Loading results from MSH file...
07/17/2024 18:34:58	Building result indices...
07/17/2024 18:34:58	Loading plate stress results...
07/17/2024 18:34:58	Set analysis report setup data
07/17/2024 18:34:58	Starting page setup...
07/17/2024 18:34:58	Page setup completed
07/17/2024 18:34:58	Setting available workflows...
07/17/2024 18:34:58	Post analysis method ends
