11:50:35	Initializing STAAD Engine
11:50:35	Run stream set up is complete.
11:50:35	Initialize license libraries.
11:50:36	License libraries initialized.
11:50:36	Starting license(s) for A & D engine.
11:50:37	License Status: Ok
11:50:37	License information set up is complete.
****************************************************************************
*                            START OF ANALYSIS                             *
****************************************************************************
* Initiating Analysis At Fri Jul 19 11:50:37 2024
                          PROGRAM: STAAD.Pro
                          VERSION: 23.00.01.25
                11:50:37:23  ENTERING STAAD
                11:50:37:26  USING 64 BIT STAAD ENGINE
                11:50:37:26  ENTERING MAINN
                11:50:37:27  START JOB INFORMATION
                11:50:37:27  INPUT WIDTH 79
                11:50:37:28  UNIT MMS KN
                11:50:37:28  JOINT COORDINATES
                11:50:37:29  ENTERING JOINTC
                11:50:37:29  JOINTC NEWJ                                 400000
                11:50:37:30  MAX NODE NO.                                    14
                11:50:37:30  MEMBER INCIDENCES
                11:50:37:31  UNIT METER KN
                11:50:37:32  DEFINE MATERIAL START
                11:50:37:32  UNIT MMS KN
                11:50:37:33  MEMBER PROPERTY EUROP
                11:50:37:82    ++ Finished Reading Member Properties ...
                11:50:37:82  CONSTANTS
                11:50:37:83  SUPPORTS
                11:50:37:84  ENTERING SUPPORT
                11:50:37:85  MEMBER OFFSET
                11:50:37:85  DEFINE WIND LOAD
                11:50:37:86  LOAD 121 LOADTYPE DEA
                11:50:37:86  DUPLICATE ELEMENT CHECK
                11:50:37:87  CHECKING STRUCTURAL INTEGRITY
                11:50:37:87  CHECK UNCONNECTED JOINTS AND
                11:50:37:88  CALCULATE MAX JOINT CONNECTIVITY
                11:50:37:88  CHECK MULTIPLE STRUCTURES
                11:50:37:89  ENTERING SUPPORT
                11:50:37:89  NRJOLD                                           0
                11:50:37:90  SUPPORT NOLD                                     0
                11:50:37:90  SUPPORT N                                       60
                11:50:37:91  BEFORE LOADPR
                11:50:37:92  REOPEN AS DIR                                    0
                11:50:37:92  ENTER LOADPR
                11:50:38: 4  PERFORM ANALYSIS PRIN
                11:50:38: 4  pdel iter                                        0
                11:50:38: 5  MAXIMUM E =                           2.973273E+04
                11:50:38: 5  MINIMUM E =                           2.973273E+04
                11:50:38: 6  MBW DOF BAND=                                    1
                11:50:38: 6  NUMBER OF PRIMARY CASES                        101
                11:50:38: 7  NUMBER OF CASES                                252
                11:50:38: 7  #OF CASES W/ELEM INMEMORY                      252
                11:50:38: 8  MEMORY FOR MEMBER LOADS                      39312
                11:50:38: 9  MEMORY FOR DISPLACEMENTS                     21168
                11:50:38: 9  MEMORY FOR MEMBER FORCES                     39312
                11:50:38:10  Using 64-bit analysis engine
                11:50:38:10  BEFORE SOLVER 1
                11:50:38:11  Start Input for Next Load Case
                11:50:38:11  case no=  121 seq. no=   1 idynl= 0
                11:50:38:11  MASSSET                                          0
                11:50:38:12  LOADEND ISLAVE                                   0
                11:50:38:13  Start Input for Next Load Case
                11:50:38:13  case no=  201 seq. no=   2 idynl= 0
                11:50:38:14  LOADEND ISLAVE                                   0
                11:50:38:14  Start Input for Next Load Case
                11:50:38:15  case no=  202 seq. no=   3 idynl= 0
                11:50:38:15  LOADEND ISLAVE                                   0
                11:50:38:16  Start Input for Next Load Case
                11:50:38:16  case no=  203 seq. no=   4 idynl= 0
                11:50:38:17  LOADEND ISLAVE                                   0
                11:50:38:17  Start Input for Next Load Case
                11:50:38:18  case no=  204 seq. no=   5 idynl= 0
                11:50:38:18  LOADEND ISLAVE                                   0
                11:50:38:19  Start Input for Next Load Case
                11:50:38:19  case no=  205 seq. no=   6 idynl= 0
                11:50:38:20  LOADEND ISLAVE                                   0
                11:50:38:20  Start Input for Next Load Case
                11:50:38:21  case no=  206 seq. no=   7 idynl= 0
                11:50:38:21  LOADEND ISLAVE                                   0
                11:50:38:21  Start Input for Next Load Case
                11:50:38:22  case no=  207 seq. no=   8 idynl= 0
                11:50:38:22  LOADEND ISLAVE                                   0
                11:50:38:23  Start Input for Next Load Case
                11:50:38:23  case no=  208 seq. no=   9 idynl= 0
                11:50:38:24  LOADEND ISLAVE                                   0
                11:50:38:24  Start Input for Next Load Case
                11:50:38:25  case no=  312 seq. no=  10 idynl= 0
                11:50:38:25  LOADEND ISLAVE                                   0
                11:50:38:26  Start Input for Next Load Case
                11:50:38:26  case no=  313 seq. no=  11 idynl= 0
                11:50:38:26  LOADEND ISLAVE                                   0
                11:50:38:27  Start Input for Next Load Case
                11:50:38:27  case no=  314 seq. no=  12 idynl= 0
                11:50:38:28  LOADEND ISLAVE                                   0
                11:50:38:28  Start Input for Next Load Case
                11:50:38:28  case no=  315 seq. no=  13 idynl= 0
                11:50:38:29  LOADEND ISLAVE                                   0
                11:50:38:29  Start Input for Next Load Case
                11:50:38:30  case no=  322 seq. no=  14 idynl= 0
                11:50:38:30  LOADEND ISLAVE                                   0
                11:50:38:31  Start Input for Next Load Case
                11:50:38:31  case no=  323 seq. no=  15 idynl= 0
                11:50:38:32  LOADEND ISLAVE                                   0
                11:50:38:32  Start Input for Next Load Case
                11:50:38:33  case no=  324 seq. no=  16 idynl= 0
                11:50:38:33  LOADEND ISLAVE                                   0
                11:50:38:34  Start Input for Next Load Case
                11:50:38:34  case no=  325 seq. no=  17 idynl= 0
                11:50:38:35  LOADEND ISLAVE                                   0
                11:50:38:35  Start Input for Next Load Case
                11:50:38:36  case no=  332 seq. no=  18 idynl= 0
                11:50:38:36  LOADEND ISLAVE                                   0
                11:50:38:37  Start Input for Next Load Case
                11:50:38:38  case no=  333 seq. no=  19 idynl= 0
                11:50:38:39  LOADEND ISLAVE                                   0
                11:50:38:39  Start Input for Next Load Case
                11:50:38:40  case no=  334 seq. no=  20 idynl= 0
                11:50:38:41  LOADEND ISLAVE                                   0
                11:50:38:42  Start Input for Next Load Case
                11:50:38:42  case no=  335 seq. no=  21 idynl= 0
                11:50:38:43  LOADEND ISLAVE                                   0
                11:50:38:44  Start Input for Next Load Case
                11:50:38:45  case no=  411 seq. no=  22 idynl= 0
                11:50:38:46  LOADEND ISLAVE                                   0
                11:50:38:46  Start Input for Next Load Case
                11:50:38:47  case no=  412 seq. no=  23 idynl= 0
                11:50:38:48  LOADEND ISLAVE                                   0
                11:50:38:48  Start Input for Next Load Case
                11:50:38:49  case no=  413 seq. no=  24 idynl= 0
                11:50:38:50  LOADEND ISLAVE                                   0
                11:50:38:50  Start Input for Next Load Case
                11:50:38:51  case no=  414 seq. no=  25 idynl= 0
                11:50:38:52  LOADEND ISLAVE                                   0
                11:50:38:52  Start Input for Next Load Case
                11:50:38:53  case no=  415 seq. no=  26 idynl= 0
                11:50:38:54  LOADEND ISLAVE                                   0
                11:50:38:54  Start Input for Next Load Case
                11:50:38:55  case no=  416 seq. no=  27 idynl= 0
                11:50:38:56  LOADEND ISLAVE                                   0
                11:50:38:56  Start Input for Next Load Case
                11:50:38:57  case no=  417 seq. no=  28 idynl= 0
                11:50:38:57  LOADEND ISLAVE                                   0
                11:50:38:58  Start Input for Next Load Case
                11:50:38:58  case no=  418 seq. no=  29 idynl= 0
                11:50:38:59  LOADEND ISLAVE                                   0
                11:50:38:60  Start Input for Next Load Case
                11:50:38:60  case no=  421 seq. no=  30 idynl= 0
                11:50:38:61  LOADEND ISLAVE                                   0
                11:50:38:62  Start Input for Next Load Case
                11:50:38:62  case no=  422 seq. no=  31 idynl= 0
                11:50:38:63  LOADEND ISLAVE                                   0
                11:50:38:63  Start Input for Next Load Case
                11:50:38:64  case no=  423 seq. no=  32 idynl= 0
                11:50:38:65  LOADEND ISLAVE                                   0
                11:50:38:65  Start Input for Next Load Case
                11:50:38:66  case no=  424 seq. no=  33 idynl= 0
                11:50:38:67  LOADEND ISLAVE                                   0
                11:50:38:67  Start Input for Next Load Case
                11:50:38:68  case no=  425 seq. no=  34 idynl= 0
                11:50:38:68  LOADEND ISLAVE                                   0
                11:50:38:69  Start Input for Next Load Case
                11:50:38:69  case no=  426 seq. no=  35 idynl= 0
                11:50:38:70  LOADEND ISLAVE                                   0
                11:50:38:70  Start Input for Next Load Case
                11:50:38:70  case no=  427 seq. no=  36 idynl= 0
                11:50:38:71  LOADEND ISLAVE                                   0
                11:50:38:71  Start Input for Next Load Case
                11:50:38:72  case no=  428 seq. no=  37 idynl= 0
                11:50:38:72  LOADEND ISLAVE                                   0
                11:50:38:72  Start Input for Next Load Case
                11:50:38:73  case no=  711 seq. no=  38 idynl= 0
                11:50:38:73  LOADEND ISLAVE                                   0
                11:50:38:74  Start Input for Next Load Case
                11:50:38:74  case no=  712 seq. no=  39 idynl= 0
                11:50:38:75  LOADEND ISLAVE                                   0
                11:50:38:75  Start Input for Next Load Case
                11:50:38:76  case no=  713 seq. no=  40 idynl= 0
                11:50:38:76  LOADEND ISLAVE                                   0
                11:50:38:77  Start Input for Next Load Case
                11:50:38:77  case no=  714 seq. no=  41 idynl= 0
                11:50:38:78  LOADEND ISLAVE                                   0
                11:50:38:78  Start Input for Next Load Case
                11:50:38:79  case no=  715 seq. no=  42 idynl= 0
                11:50:38:79  LOADEND ISLAVE                                   0
                11:50:38:80  Start Input for Next Load Case
                11:50:38:80  case no=  716 seq. no=  43 idynl= 0
                11:50:38:81  LOADEND ISLAVE                                   0
                11:50:38:81  Start Input for Next Load Case
                11:50:38:82  case no=  717 seq. no=  44 idynl= 0
                11:50:38:82  LOADEND ISLAVE                                   0
                11:50:38:83  Start Input for Next Load Case
                11:50:38:83  case no=  718 seq. no=  45 idynl= 0
                11:50:38:84  LOADEND ISLAVE                                   0
                11:50:38:84  Start Input for Next Load Case
                11:50:38:85  case no= 1101 seq. no=  46 idynl= 0
                11:50:38:85  LOADEND ISLAVE                                   0
                11:50:38:85  Start Input for Next Load Case
                11:50:38:86  case no= 1102 seq. no=  47 idynl= 0
                11:50:38:86  LOADEND ISLAVE                                   0
                11:50:38:87  Start Input for Next Load Case
                11:50:38:87  case no= 1103 seq. no=  48 idynl= 0
                11:50:38:88  LOADEND ISLAVE                                   0
                11:50:38:88  Start Input for Next Load Case
                11:50:38:89  case no= 1104 seq. no=  49 idynl= 0
                11:50:38:89  LOADEND ISLAVE                                   0
                11:50:38:90  Start Input for Next Load Case
                11:50:38:90  case no= 1105 seq. no=  50 idynl= 0
                11:50:38:90  LOADEND ISLAVE                                   0
                11:50:38:91  Start Input for Next Load Case
                11:50:38:91  case no= 1106 seq. no=  51 idynl= 0
                11:50:38:92  LOADEND ISLAVE                                   0
                11:50:38:92  Start Input for Next Load Case
                11:50:38:93  case no= 1107 seq. no=  52 idynl= 0
                11:50:38:93  LOADEND ISLAVE                                   0
                11:50:38:94  Start Input for Next Load Case
                11:50:38:94  case no= 1108 seq. no=  53 idynl= 0
                11:50:38:95  LOADEND ISLAVE                                   0
                11:50:38:95  Start Input for Next Load Case
                11:50:38:96  case no= 1201 seq. no=  54 idynl= 0
                11:50:38:96  LOADEND ISLAVE                                   0
                11:50:38:97  Start Input for Next Load Case
                11:50:38:97  case no= 1202 seq. no=  55 idynl= 0
                11:50:38:98  LOADEND ISLAVE                                   0
                11:50:38:99  Start Input for Next Load Case
                11:50:38:99  case no= 1203 seq. no=  56 idynl= 0
                11:50:39: 0  LOADEND ISLAVE                                   0
                11:50:39: 0  Start Input for Next Load Case
                11:50:39: 1  case no= 1204 seq. no=  57 idynl= 0
                11:50:39: 1  LOADEND ISLAVE                                   0
                11:50:39: 2  Start Input for Next Load Case
                11:50:39: 3  case no= 1205 seq. no=  58 idynl= 0
                11:50:39: 4  LOADEND ISLAVE                                   0
                11:50:39: 4  Start Input for Next Load Case
                11:50:39: 5  case no= 1206 seq. no=  59 idynl= 0
                11:50:39: 6  LOADEND ISLAVE                                   0
                11:50:39: 6  Start Input for Next Load Case
                11:50:39: 7  case no= 1207 seq. no=  60 idynl= 0
                11:50:39: 8  LOADEND ISLAVE                                   0
                11:50:39: 8  Start Input for Next Load Case
                11:50:39: 9  case no= 1208 seq. no=  61 idynl= 0
                11:50:39:10  LOADEND ISLAVE                                   0
                11:50:39:10  Start Input for Next Load Case
                11:50:39:11  case no= 2101 seq. no=  62 idynl= 0
                11:50:39:12  LOADEND ISLAVE                                   0
                11:50:39:12  Start Input for Next Load Case
                11:50:39:13  case no= 2102 seq. no=  63 idynl= 0
                11:50:39:13  LOADEND ISLAVE                                   0
                11:50:39:14  Start Input for Next Load Case
                11:50:39:14  case no= 2103 seq. no=  64 idynl= 0
                11:50:39:15  LOADEND ISLAVE                                   0
                11:50:39:15  Start Input for Next Load Case
                11:50:39:15  case no= 2104 seq. no=  65 idynl= 0
                11:50:39:16  LOADEND ISLAVE                                   0
                11:50:39:16  Start Input for Next Load Case
                11:50:39:17  case no= 2105 seq. no=  66 idynl= 0
                11:50:39:17  LOADEND ISLAVE                                   0
                11:50:39:18  Start Input for Next Load Case
                11:50:39:19  case no= 2106 seq. no=  67 idynl= 0
                11:50:39:19  LOADEND ISLAVE                                   0
                11:50:39:20  Start Input for Next Load Case
                11:50:39:20  case no= 2107 seq. no=  68 idynl= 0
                11:50:39:21  LOADEND ISLAVE                                   0
                11:50:39:21  Start Input for Next Load Case
                11:50:39:22  case no= 2108 seq. no=  69 idynl= 0
                11:50:39:22  LOADEND ISLAVE                                   0
                11:50:39:23  Start Input for Next Load Case
                11:50:39:23  case no= 3001 seq. no=  70 idynl= 0
                11:50:39:24  LOADEND ISLAVE                                   0
                11:50:39:24  Start Input for Next Load Case
                11:50:39:25  case no= 3002 seq. no=  71 idynl= 0
                11:50:39:25  LOADEND ISLAVE                                   0
                11:50:39:26  Start Input for Next Load Case
                11:50:39:26  case no= 3003 seq. no=  72 idynl= 0
                11:50:39:27  LOADEND ISLAVE                                   0
                11:50:39:28  Start Input for Next Load Case
                11:50:39:28  case no= 3004 seq. no=  73 idynl= 0
                11:50:39:29  LOADEND ISLAVE                                   0
                11:50:39:29  Start Input for Next Load Case
                11:50:39:30  case no= 3005 seq. no=  74 idynl= 0
                11:50:39:30  LOADEND ISLAVE                                   0
                11:50:39:31  Start Input for Next Load Case
                11:50:39:31  case no= 3006 seq. no=  75 idynl= 0
                11:50:39:31  LOADEND ISLAVE                                   0
                11:50:39:32  Start Input for Next Load Case
                11:50:39:32  case no= 3007 seq. no=  76 idynl= 0
                11:50:39:33  LOADEND ISLAVE                                   0
                11:50:39:33  Start Input for Next Load Case
                11:50:39:34  case no= 3008 seq. no=  77 idynl= 0
                11:50:39:34  LOADEND ISLAVE                                   0
                11:50:39:34  Start Input for Next Load Case
                11:50:39:35  case no= 3011 seq. no=  78 idynl= 0
                11:50:39:35  LOADEND ISLAVE                                   0
                11:50:39:36  Start Input for Next Load Case
                11:50:39:36  case no= 3012 seq. no=  79 idynl= 0
                11:50:39:36  LOADEND ISLAVE                                   0
                11:50:39:37  Start Input for Next Load Case
                11:50:39:37  case no= 3013 seq. no=  80 idynl= 0
                11:50:39:38  LOADEND ISLAVE                                   0
                11:50:39:38  Start Input for Next Load Case
                11:50:39:38  case no= 3014 seq. no=  81 idynl= 0
                11:50:39:39  LOADEND ISLAVE                                   0
                11:50:39:39  Start Input for Next Load Case
                11:50:39:40  case no= 3015 seq. no=  82 idynl= 0
                11:50:39:40  LOADEND ISLAVE                                   0
                11:50:39:41  Start Input for Next Load Case
                11:50:39:41  case no= 3016 seq. no=  83 idynl= 0
                11:50:39:42  LOADEND ISLAVE                                   0
                11:50:39:42  Start Input for Next Load Case
                11:50:39:42  case no= 3017 seq. no=  84 idynl= 0
                11:50:39:43  LOADEND ISLAVE                                   0
                11:50:39:43  Start Input for Next Load Case
                11:50:39:44  case no= 3018 seq. no=  85 idynl= 0
                11:50:39:44  LOADEND ISLAVE                                   0
                11:50:39:45  Start Input for Next Load Case
                11:50:39:45  case no= 3021 seq. no=  86 idynl= 0
                11:50:39:46  LOADEND ISLAVE                                   0
                11:50:39:46  Start Input for Next Load Case
                11:50:39:47  case no= 3022 seq. no=  87 idynl= 0
                11:50:39:47  LOADEND ISLAVE                                   0
                11:50:39:47  Start Input for Next Load Case
                11:50:39:48  case no= 3023 seq. no=  88 idynl= 0
                11:50:39:48  LOADEND ISLAVE                                   0
                11:50:39:49  Start Input for Next Load Case
                11:50:39:49  case no= 3024 seq. no=  89 idynl= 0
                11:50:39:50  LOADEND ISLAVE                                   0
                11:50:39:50  Start Input for Next Load Case
                11:50:39:51  case no= 3025 seq. no=  90 idynl= 0
                11:50:39:52  LOADEND ISLAVE                                   0
                11:50:39:52  Start Input for Next Load Case
                11:50:39:53  case no= 3026 seq. no=  91 idynl= 0
                11:50:39:53  LOADEND ISLAVE                                   0
                11:50:39:54  Start Input for Next Load Case
                11:50:39:54  case no= 3027 seq. no=  92 idynl= 0
                11:50:39:55  LOADEND ISLAVE                                   0
                11:50:39:55  Start Input for Next Load Case
                11:50:39:56  case no= 3028 seq. no=  93 idynl= 0
                11:50:39:56  LOADEND ISLAVE                                   0
                11:50:39:56  Start Input for Next Load Case
                11:50:39:57  case no= 3201 seq. no=  94 idynl= 0
                11:50:39:57  LOADEND ISLAVE                                   0
                11:50:39:58  Start Input for Next Load Case
                11:50:39:58  case no= 3202 seq. no=  95 idynl= 0
                11:50:39:59  LOADEND ISLAVE                                   0
                11:50:39:59  Start Input for Next Load Case
                11:50:39:60  case no= 3203 seq. no=  96 idynl= 0
                11:50:39:60  LOADEND ISLAVE                                   0
                11:50:39:61  Start Input for Next Load Case
                11:50:39:61  case no= 3204 seq. no=  97 idynl= 0
                11:50:39:62  LOADEND ISLAVE                                   0
                11:50:39:62  Start Input for Next Load Case
                11:50:39:63  case no= 3205 seq. no=  98 idynl= 0
                11:50:39:63  LOADEND ISLAVE                                   0
                11:50:39:64  Start Input for Next Load Case
                11:50:39:64  case no= 3206 seq. no=  99 idynl= 0
                11:50:39:65  LOADEND ISLAVE                                   0
                11:50:39:66  Start Input for Next Load Case
                11:50:39:66  case no= 3207 seq. no= 100 idynl= 0
                11:50:39:67  LOADEND ISLAVE                                   0
                11:50:39:68  Start Input for Next Load Case
                11:50:39:69  case no= 3208 seq. no= 101 idynl= 0
                11:50:39:69  LOADEND ISLAVE                                   0
                11:50:39:70  NVPREV                                           0
                11:50:39:71  AMAXNON                               3.175853E-01
                11:50:39:71  IRECSIZL=                                     4000
                11:50:39:72  MTX BLOCKSIZE=                                  60
                11:50:39:72  MI=                                             60
                11:50:39:73  NORECL=                                          1
                11:50:39:73  NORECL1=                                         1
                11:50:39:74  IWORD=                                       32000
                11:50:39:75  JRECSIZE=                                     4000
                11:50:39:75  IWORDJ=                                      32000
                11:50:39:76  IBYTE=                                           4
                11:50:39:76  JOINTS=                                         14
                11:50:39:77  MEMBERS=                                        13
                11:50:39:77  PLATES =                                         0
                11:50:39:77  SOLIDS =                                         0
                11:50:39:78  NO. OF EQUATIONS=                               60
                11:50:39:78  idyn=                                            0
                11:50:39:79  ipd=                                             0
                11:50:39:79  icablanl=                                        0
                11:50:39:80  ++ Processing Element Stiffness Matrix.
                11:50:39:80  NV1                                            101
                11:50:39:91  ++ Calculating Element Forces & Reactions.
                11:50:40:49  COMBINATION CASES=                               0
                11:50:40:49  MAX CM MEMORY (KILOWORDS)                       32
                11:50:40:49  AFTER SOLVER 1
                11:50:40:51  REOPEN AS SEQ                                    0
                11:50:40:51  DEFINE ENVELOPE
                11:50:40:53  LOAD LIST 1101 TO 110
                11:50:40:53  PARAMETER 1
                11:50:40:55  CHECK CODE ALL
                11:50:40:55  ENTERING SECTNM110 IQ=                          13
                11:50:40:56               NSEC=                              11
                11:50:40:56             ISECTN=                               0
                11:50:40:59  SECTNM110 DO 925
                11:50:40:61  ENTERING ENVLP1 ITYP1=                          -3
                11:50:40:61  SECT DISPLACE
                11:50:40:64  Steel/Alum/Timber Design                        52
                11:50:40:69    ++ Finished Design ...
                11:50:40:69  Steel/Timber Design exit
                11:50:40:69  LOAD LIST 2101 TO 210
                11:50:40:70  PARAMETER 1
                11:50:40:71  CHECK CODE ALL
                11:50:40:71  ENTERING ENVLP1 ITYP1=                          -3
                11:50:40:72  SECT DISPLACE
                11:50:40:75  Steel/Alum/Timber Design                        52
                11:50:40:76    ++ Finished Design ...
                11:50:40:76  Steel/Timber Design exit
                11:50:40:77  LOAD LIST ENV 4 TO 7
                11:50:40:78  PARAMETER 1
                11:50:40:79  CHECK CODE ALL
                11:50:40:79  ENTERING ENVLP1 ITYP1=                          -3
                11:50:40:79  SECT DISPLACE
                11:50:40:82  Steel/Alum/Timber Design                        52
                11:50:40:85    ++ Finished Design ...
                11:50:40:85  Steel/Timber Design exit
                11:50:40:86  PRINT JOINT DISPLACEM
                11:50:40:87  DRAW ISOM JOIN MEMB
                11:50:40:87  ENTERING SECTNM110 IQ=                          13
                11:50:40:88               NSEC=                              11
                11:50:40:88             ISECTN=                               0
                11:50:40:92  SECTNM110 DO 925
                11:50:40:96  PRINT SUPPORT REACTIO
                11:50:40:96  DRAW ISOM SUPP PROP
                11:50:40:97  ENTERING SECTNM110 IQ=                          13
                11:50:40:98               NSEC=                              11
                11:50:40:98             ISECTN=                               0
                11:50:41: 1  SECTNM110 DO 925
                11:50:41: 4  DRAW ISOM SHAP
                11:50:41: 4  ENTERING SECTNM110 IQ=                          13
                11:50:41: 5               NSEC=                              11
                11:50:41: 5             ISECTN=                               0
                11:50:41: 7  SECTNM110 DO 925
                11:50:41:10  PRINT CG
                11:50:41:10  FINISH
                11:50:41:10  All Commands FINISHed
                11:50:41:11  DATASAVE for SPRO GUI
                11:50:41:12  ++ Creating Displacement File (DSP)...
                11:50:41:13  ++ Creating Reaction File (REA)...
                11:50:41:13  ++ Creating Section Force File (BMD)...
                11:50:41:16  ++ Creating Section Displace File (SEC)...
                11:50:41:16  ENTERING ENVLP1 ITYP1=                          -5
                11:50:41:17  SECT DISPLACE
                11:50:41:21  ++ Creating Section Displace File (SCN)...
                11:50:41:23  ++ Creating Design information File (DGN)...
                11:50:41:24  ALLOCATED CM MEMORY (KILOWORDS)             300000
                11:50:41:24  MAX CM MEMORY (KILOWORDS)                       81
                11:50:41:25  DBS LONG SEC NAME
* End Of Analysis At Fri Jul 19 11:50:41 2024
* CPU usage = 4.098000
* STAAD Exit Code: 100, Warning Count: 0, Error Count: 0, Duration: 4.098
1 0 0 4.098
****************************************************************************
*                            END OF ANALYSIS                               *
****************************************************************************
