10/07/2024 12:54:08	Reading UID database.
10/07/2024 12:54:08	Start loading STAAD model.
10/07/2024 12:54:08	Reading model file.
10/07/2024 12:54:09	Reading model file is complete.
10/07/2024 12:54:09	Processing support.
10/07/2024 12:54:09	Processing springs.
10/07/2024 12:54:09	Processing properties.
10/07/2024 12:54:09	Processing physical properties.
10/07/2024 12:54:09	Processing constants.
10/07/2024 12:54:09	Processing BETA constants.
10/07/2024 12:54:09	Processing hidden analytical member loads.
10/07/2024 12:54:09	Processing command list for member release.
10/07/2024 12:54:09	Processing command list for member offset.
10/07/2024 12:54:09	Processing command list for member specs (cracked).
10/07/2024 12:54:09	Processing command list for member specs (axial).
10/07/2024 12:54:09	Processing command list for element release.
10/07/2024 12:54:09	Processing command list for element offset.
10/07/2024 12:54:09	Processing command list for element plate stress directive.
10/07/2024 12:54:09	Processing parameter for Chinese wind load case.
10/07/2024 12:54:09	End Processing command list.
10/07/2024 12:54:09	End loading STAAD model.
10/07/2024 12:54:09	Start Post Analysis method
10/07/2024 12:54:09	Removed all hidden plates from surfaces
10/07/2024 12:54:09	Removed all hidden plates
10/07/2024 12:54:09	Removed all hidden nodes
10/07/2024 12:54:09	Loading results from MSH file...
10/07/2024 12:54:09	Building result indices...
10/07/2024 12:54:09	Loading plate stress results...
10/07/2024 12:54:09	Set analysis report setup data
10/07/2024 12:54:09	Starting page setup...
10/07/2024 12:54:09	Page setup completed
10/07/2024 12:54:09	Setting available workflows...
10/07/2024 12:54:09	Post analysis method ends
10/07/2024 15:13:10	Start Post Analysis method
10/07/2024 15:13:10	Removed all hidden plates from surfaces
10/07/2024 15:13:10	Removed all hidden plates
10/07/2024 15:13:10	Removed all hidden nodes
10/07/2024 15:13:10	Loading results from MSH file...
10/07/2024 15:13:10	Building result indices...
10/07/2024 15:13:10	Loading plate stress results...
10/07/2024 15:13:10	Set analysis report setup data
10/07/2024 15:13:10	Starting page setup...
10/07/2024 15:13:11	Page setup completed
10/07/2024 15:13:11	Setting available workflows...
10/07/2024 15:13:11	Post analysis method ends
