08/05/2024 11:34:48	Reading UID database.
08/05/2024 11:34:48	Start loading STAAD model.
08/05/2024 11:34:48	Reading model file.
08/05/2024 11:34:48	Reading model file is complete.
08/05/2024 11:34:48	Processing support.
08/05/2024 11:34:48	Processing springs.
08/05/2024 11:34:48	Processing properties.
08/05/2024 11:34:48	Processing physical properties.
08/05/2024 11:34:48	Processing constants.
08/05/2024 11:34:48	Processing BETA constants.
08/05/2024 11:34:48	Processing hidden analytical member loads.
08/05/2024 11:34:48	Processing command list for member release.
08/05/2024 11:34:48	Processing command list for member offset.
08/05/2024 11:34:48	Processing command list for member specs (cracked).
08/05/2024 11:34:48	Processing command list for member specs (axial).
08/05/2024 11:34:48	Processing command list for element release.
08/05/2024 11:34:48	Processing command list for element offset.
08/05/2024 11:34:48	Processing command list for element plate stress directive.
08/05/2024 11:34:48	Processing parameter for Chinese wind load case.
08/05/2024 11:34:48	End Processing command list.
08/05/2024 11:34:48	End loading STAAD model.
08/05/2024 11:34:48	Start Post Analysis method
08/05/2024 11:34:48	Removed all hidden plates from surfaces
08/05/2024 11:34:48	Removed all hidden plates
08/05/2024 11:34:48	Removed all hidden nodes
08/05/2024 11:34:48	Loading results from MSH file...
08/05/2024 11:34:48	Building result indices...
08/05/2024 11:34:48	Loading plate stress results...
08/05/2024 11:34:48	Set analysis report setup data
08/05/2024 11:34:48	Starting page setup...
08/05/2024 11:34:48	Page setup completed
08/05/2024 11:34:48	Setting available workflows...
08/05/2024 11:34:48	Post analysis method ends
08/05/2024 11:40:07	Reading UID database.
08/05/2024 11:40:07	Start loading STAAD model.
08/05/2024 11:40:07	Reading model file.
08/05/2024 11:40:07	Reading model file is complete.
08/05/2024 11:40:07	Processing support.
08/05/2024 11:40:07	Processing springs.
08/05/2024 11:40:07	Processing properties.
08/05/2024 11:40:07	Processing physical properties.
08/05/2024 11:40:07	Processing constants.
08/05/2024 11:40:07	Processing BETA constants.
08/05/2024 11:40:07	Processing hidden analytical member loads.
08/05/2024 11:40:07	Processing command list for member release.
08/05/2024 11:40:07	Processing command list for member offset.
08/05/2024 11:40:07	Processing command list for member specs (cracked).
08/05/2024 11:40:07	Processing command list for member specs (axial).
08/05/2024 11:40:07	Processing command list for element release.
08/05/2024 11:40:07	Processing command list for element offset.
08/05/2024 11:40:07	Processing command list for element plate stress directive.
08/05/2024 11:40:07	Processing parameter for Chinese wind load case.
08/05/2024 11:40:07	End Processing command list.
08/05/2024 11:40:07	End loading STAAD model.
08/05/2024 11:40:07	Start Post Analysis method
08/05/2024 11:40:07	Removed all hidden plates from surfaces
08/05/2024 11:40:07	Removed all hidden plates
08/05/2024 11:40:07	Removed all hidden nodes
08/05/2024 11:40:07	Loading results from MSH file...
08/05/2024 11:40:07	Building result indices...
08/05/2024 11:40:07	Loading plate stress results...
08/05/2024 11:40:07	Set analysis report setup data
08/05/2024 11:40:07	Starting page setup...
08/05/2024 11:40:07	Page setup completed
08/05/2024 11:40:07	Setting available workflows...
08/05/2024 11:40:07	Post analysis method ends
08/05/2024 11:40:37	Start Post Analysis method
08/05/2024 11:40:37	Removed all hidden plates from surfaces
08/05/2024 11:40:37	Removed all hidden plates
08/05/2024 11:40:37	Removed all hidden nodes
08/05/2024 11:40:37	Loading results from MSH file...
08/05/2024 11:40:37	Building result indices...
08/05/2024 11:40:37	Loading plate stress results...
08/05/2024 11:40:37	Set analysis report setup data
08/05/2024 11:40:37	Starting page setup...
08/05/2024 11:40:37	Page setup completed
08/05/2024 11:40:37	Setting available workflows...
08/05/2024 11:40:37	Post analysis method ends
