07/04/2024 13:22:34	Reading UID database.
07/04/2024 13:22:34	Start loading STAAD model.
07/04/2024 13:22:34	Reading model file.
07/04/2024 13:22:34	Reading model file is complete.
07/04/2024 13:22:34	Processing support.
07/04/2024 13:22:34	Processing springs.
07/04/2024 13:22:34	Processing properties.
07/04/2024 13:22:34	Processing physical properties.
07/04/2024 13:22:34	Processing constants.
07/04/2024 13:22:34	Processing BETA constants.
07/04/2024 13:22:34	Processing hidden analytical member loads.
07/04/2024 13:22:34	Processing command list for member release.
07/04/2024 13:22:34	Processing command list for member offset.
07/04/2024 13:22:34	Processing command list for member specs (cracked).
07/04/2024 13:22:34	Processing command list for member specs (axial).
07/04/2024 13:22:34	Processing command list for element release.
07/04/2024 13:22:34	Processing command list for element offset.
07/04/2024 13:22:34	Processing command list for element plate stress directive.
07/04/2024 13:22:34	Processing parameter for Chinese wind load case.
07/04/2024 13:22:34	End Processing command list.
07/04/2024 13:22:34	End loading STAAD model.
07/04/2024 13:22:34	Start Post Analysis method
07/04/2024 13:22:34	Removed all hidden plates from surfaces
07/04/2024 13:22:34	Removed all hidden plates
07/04/2024 13:22:34	Removed all hidden nodes
07/04/2024 13:22:34	Loading results from MSH file...
07/04/2024 13:22:34	Building result indices...
07/04/2024 13:22:34	Loading plate stress results...
07/04/2024 13:22:34	Set analysis report setup data
07/04/2024 13:22:34	Starting page setup...
07/04/2024 13:22:35	Page setup completed
07/04/2024 13:22:35	Setting available workflows...
07/04/2024 13:22:35	Post analysis method ends
