07/19/2024 11:55:53	Reading UID database.
07/19/2024 11:55:53	Start loading STAAD model.
07/19/2024 11:55:53	Reading model file.
07/19/2024 11:55:54	Reading model file is complete.
07/19/2024 11:55:54	Processing support.
07/19/2024 11:55:54	Processing springs.
07/19/2024 11:55:54	Processing properties.
07/19/2024 11:55:54	Processing physical properties.
07/19/2024 11:55:54	Processing constants.
07/19/2024 11:55:54	Processing BETA constants.
07/19/2024 11:55:54	Processing hidden analytical member loads.
07/19/2024 11:55:54	Processing command list for member release.
07/19/2024 11:55:54	Processing command list for member offset.
07/19/2024 11:55:54	Processing command list for member specs (cracked).
07/19/2024 11:55:54	Processing command list for member specs (axial).
07/19/2024 11:55:54	Processing command list for element release.
07/19/2024 11:55:54	Processing command list for element offset.
07/19/2024 11:55:54	Processing command list for element plate stress directive.
07/19/2024 11:55:54	Processing parameter for Chinese wind load case.
07/19/2024 11:55:54	End Processing command list.
07/19/2024 11:55:54	End loading STAAD model.
07/19/2024 11:55:54	Start Post Analysis method
07/19/2024 11:55:54	Removed all hidden plates from surfaces
07/19/2024 11:55:54	Removed all hidden plates
07/19/2024 11:55:54	Removed all hidden nodes
07/19/2024 11:55:54	Loading results from MSH file...
07/19/2024 11:55:54	Building result indices...
07/19/2024 11:55:54	Loading plate stress results...
07/19/2024 11:55:54	Set analysis report setup data
07/19/2024 11:55:54	Starting page setup...
07/19/2024 11:55:54	Page setup completed
07/19/2024 11:55:54	Setting available workflows...
07/19/2024 11:55:54	Post analysis method ends
07/19/2024 12:02:50	Reading UID database.
07/19/2024 12:02:50	Start loading STAAD model.
07/19/2024 12:02:50	Reading model file.
07/19/2024 12:02:51	Reading model file is complete.
07/19/2024 12:02:51	Processing support.
07/19/2024 12:02:51	Processing springs.
07/19/2024 12:02:51	Processing properties.
07/19/2024 12:02:51	Processing physical properties.
07/19/2024 12:02:51	Processing constants.
07/19/2024 12:02:51	Processing BETA constants.
07/19/2024 12:02:51	Processing hidden analytical member loads.
07/19/2024 12:02:51	Processing command list for member release.
07/19/2024 12:02:51	Processing command list for member offset.
07/19/2024 12:02:51	Processing command list for member specs (cracked).
07/19/2024 12:02:51	Processing command list for member specs (axial).
07/19/2024 12:02:51	Processing command list for element release.
07/19/2024 12:02:51	Processing command list for element offset.
07/19/2024 12:02:51	Processing command list for element plate stress directive.
07/19/2024 12:02:51	Processing parameter for Chinese wind load case.
07/19/2024 12:02:51	End Processing command list.
07/19/2024 12:02:51	End loading STAAD model.
07/19/2024 12:02:51	Start Post Analysis method
07/19/2024 12:02:51	Removed all hidden plates from surfaces
07/19/2024 12:02:51	Removed all hidden plates
07/19/2024 12:02:51	Removed all hidden nodes
07/19/2024 12:02:51	Loading results from MSH file...
07/19/2024 12:02:51	Building result indices...
07/19/2024 12:02:51	Loading plate stress results...
07/19/2024 12:02:51	Set analysis report setup data
07/19/2024 12:02:51	Starting page setup...
07/19/2024 12:02:51	Page setup completed
07/19/2024 12:02:51	Setting available workflows...
07/19/2024 12:02:51	Post analysis method ends
07/19/2024 13:57:23	Reading UID database.
07/19/2024 13:57:23	Start loading STAAD model.
07/19/2024 13:57:23	Reading model file.
07/19/2024 13:57:23	Reading model file is complete.
07/19/2024 13:57:23	Processing support.
07/19/2024 13:57:23	Processing springs.
07/19/2024 13:57:23	Processing properties.
07/19/2024 13:57:23	Processing physical properties.
07/19/2024 13:57:23	Processing constants.
07/19/2024 13:57:23	Processing BETA constants.
07/19/2024 13:57:23	Processing hidden analytical member loads.
07/19/2024 13:57:23	Processing command list for member release.
07/19/2024 13:57:23	Processing command list for member offset.
07/19/2024 13:57:23	Processing command list for member specs (cracked).
07/19/2024 13:57:23	Processing command list for member specs (axial).
07/19/2024 13:57:23	Processing command list for element release.
07/19/2024 13:57:23	Processing command list for element offset.
07/19/2024 13:57:23	Processing command list for element plate stress directive.
07/19/2024 13:57:23	Processing parameter for Chinese wind load case.
07/19/2024 13:57:23	End Processing command list.
07/19/2024 13:57:23	End loading STAAD model.
07/19/2024 13:57:23	Start Post Analysis method
07/19/2024 13:57:23	Removed all hidden plates from surfaces
07/19/2024 13:57:23	Removed all hidden plates
07/19/2024 13:57:23	Removed all hidden nodes
07/19/2024 13:57:23	Loading results from MSH file...
07/19/2024 13:57:23	Building result indices...
07/19/2024 13:57:23	Loading plate stress results...
07/19/2024 13:57:23	Set analysis report setup data
07/19/2024 13:57:23	Starting page setup...
07/19/2024 13:57:23	Page setup completed
07/19/2024 13:57:23	Setting available workflows...
07/19/2024 13:57:23	Post analysis method ends
07/19/2024 13:57:47	Start Post Analysis method
07/19/2024 13:57:47	Removed all hidden plates from surfaces
07/19/2024 13:57:47	Removed all hidden plates
07/19/2024 13:57:47	Removed all hidden nodes
07/19/2024 13:57:47	Loading results from MSH file...
07/19/2024 13:57:47	Building result indices...
07/19/2024 13:57:47	Loading plate stress results...
07/19/2024 13:57:47	Set analysis report setup data
07/19/2024 13:57:47	Starting page setup...
07/19/2024 13:57:47	Page setup completed
07/19/2024 13:57:47	Setting available workflows...
07/19/2024 13:57:47	Post analysis method ends
