13:57:39	Initializing STAAD Engine
13:57:39	Run stream set up is complete.
13:57:39	Initialize license libraries.
13:57:39	License libraries initialized.
13:57:39	Starting license(s) for A & D engine.
13:57:40	License Status: Ok
13:57:40	License information set up is complete.
****************************************************************************
*                            START OF ANALYSIS                             *
****************************************************************************
* Initiating Analysis At Fri Jul 19 13:57:40 2024
                          PROGRAM: STAAD.Pro
                          VERSION: 23.00.01.25
                13:57:40:77  ENTERING STAAD
                13:57:40:80  USING 64 BIT STAAD ENGINE
                13:57:40:80  ENTERING MAINN
                13:57:40:80  START JOB INFORMATION
                13:57:40:81  INPUT WIDTH 79
                13:57:40:81  UNIT MMS KN
                13:57:40:82  JOINT COORDINATES
                13:57:40:82  ENTERING JOINTC
                13:57:40:83  JOINTC NEWJ                                 400000
                13:57:40:84  MAX NODE NO.                                    14
                13:57:40:84  MEMBER INCIDENCES
                13:57:40:85  UNIT METER KN
                13:57:40:85  DEFINE MATERIAL START
                13:57:40:86  UNIT MMS KN
                13:57:40:86  MEMBER PROPERTY EUROP
                13:57:41:34    ++ Finished Reading Member Properties ...
                13:57:41:34  CONSTANTS
                13:57:41:34  SUPPORTS
                13:57:41:35  ENTERING SUPPORT
                13:57:41:35  MEMBER OFFSET
                13:57:41:36  DEFINE WIND LOAD
                13:57:41:37  LOAD 121 LOADTYPE DEA
                13:57:41:37  DUPLICATE ELEMENT CHECK
                13:57:41:38  CHECKING STRUCTURAL INTEGRITY
                13:57:41:39  CHECK UNCONNECTED JOINTS AND
                13:57:41:39  CALCULATE MAX JOINT CONNECTIVITY
                13:57:41:40  CHECK MULTIPLE STRUCTURES
                13:57:41:41  ENTERING SUPPORT
                13:57:41:41  NRJOLD                                           0
                13:57:41:42  SUPPORT NOLD                                     0
                13:57:41:43  SUPPORT N                                       60
                13:57:41:43  BEFORE LOADPR
                13:57:41:44  REOPEN AS DIR                                    0
                13:57:41:44  ENTER LOADPR
                13:57:41:56  PERFORM ANALYSIS PRIN
                13:57:41:57  pdel iter                                        0
                13:57:41:57  MAXIMUM E =                           2.973273E+04
                13:57:41:58  MINIMUM E =                           2.973273E+04
                13:57:41:58  MBW DOF BAND=                                    1
                13:57:41:59  NUMBER OF PRIMARY CASES                        101
                13:57:41:59  NUMBER OF CASES                                252
                13:57:41:60  #OF CASES W/ELEM INMEMORY                      252
                13:57:41:60  MEMORY FOR MEMBER LOADS                      39312
                13:57:41:60  MEMORY FOR DISPLACEMENTS                     21168
                13:57:41:61  MEMORY FOR MEMBER FORCES                     39312
                13:57:41:62  Using 64-bit analysis engine
                13:57:41:62  BEFORE SOLVER 1
                13:57:41:63  Start Input for Next Load Case
                13:57:41:63  case no=  121 seq. no=   1 idynl= 0
                13:57:41:64  MASSSET                                          0
                13:57:41:64  LOADEND ISLAVE                                   0
                13:57:41:65  Start Input for Next Load Case
                13:57:41:65  case no=  201 seq. no=   2 idynl= 0
                13:57:41:65  LOADEND ISLAVE                                   0
                13:57:41:66  Start Input for Next Load Case
                13:57:41:67  case no=  202 seq. no=   3 idynl= 0
                13:57:41:67  LOADEND ISLAVE                                   0
                13:57:41:68  Start Input for Next Load Case
                13:57:41:68  case no=  203 seq. no=   4 idynl= 0
                13:57:41:69  LOADEND ISLAVE                                   0
                13:57:41:69  Start Input for Next Load Case
                13:57:41:70  case no=  204 seq. no=   5 idynl= 0
                13:57:41:70  LOADEND ISLAVE                                   0
                13:57:41:71  Start Input for Next Load Case
                13:57:41:71  case no=  205 seq. no=   6 idynl= 0
                13:57:41:72  LOADEND ISLAVE                                   0
                13:57:41:72  Start Input for Next Load Case
                13:57:41:73  case no=  206 seq. no=   7 idynl= 0
                13:57:41:73  LOADEND ISLAVE                                   0
                13:57:41:74  Start Input for Next Load Case
                13:57:41:74  case no=  207 seq. no=   8 idynl= 0
                13:57:41:75  LOADEND ISLAVE                                   0
                13:57:41:75  Start Input for Next Load Case
                13:57:41:75  case no=  208 seq. no=   9 idynl= 0
                13:57:41:76  LOADEND ISLAVE                                   0
                13:57:41:76  Start Input for Next Load Case
                13:57:41:77  case no=  312 seq. no=  10 idynl= 0
                13:57:41:77  LOADEND ISLAVE                                   0
                13:57:41:78  Start Input for Next Load Case
                13:57:41:78  case no=  313 seq. no=  11 idynl= 0
                13:57:41:78  LOADEND ISLAVE                                   0
                13:57:41:79  Start Input for Next Load Case
                13:57:41:79  case no=  314 seq. no=  12 idynl= 0
                13:57:41:80  LOADEND ISLAVE                                   0
                13:57:41:80  Start Input for Next Load Case
                13:57:41:80  case no=  315 seq. no=  13 idynl= 0
                13:57:41:81  LOADEND ISLAVE                                   0
                13:57:41:81  Start Input for Next Load Case
                13:57:41:82  case no=  322 seq. no=  14 idynl= 0
                13:57:41:82  LOADEND ISLAVE                                   0
                13:57:41:83  Start Input for Next Load Case
                13:57:41:83  case no=  323 seq. no=  15 idynl= 0
                13:57:41:83  LOADEND ISLAVE                                   0
                13:57:41:84  Start Input for Next Load Case
                13:57:41:84  case no=  324 seq. no=  16 idynl= 0
                13:57:41:85  LOADEND ISLAVE                                   0
                13:57:41:85  Start Input for Next Load Case
                13:57:41:85  case no=  325 seq. no=  17 idynl= 0
                13:57:41:86  LOADEND ISLAVE                                   0
                13:57:41:86  Start Input for Next Load Case
                13:57:41:87  case no=  332 seq. no=  18 idynl= 0
                13:57:41:87  LOADEND ISLAVE                                   0
                13:57:41:88  Start Input for Next Load Case
                13:57:41:88  case no=  333 seq. no=  19 idynl= 0
                13:57:41:88  LOADEND ISLAVE                                   0
                13:57:41:89  Start Input for Next Load Case
                13:57:41:89  case no=  334 seq. no=  20 idynl= 0
                13:57:41:90  LOADEND ISLAVE                                   0
                13:57:41:90  Start Input for Next Load Case
                13:57:41:91  case no=  335 seq. no=  21 idynl= 0
                13:57:41:91  LOADEND ISLAVE                                   0
                13:57:41:91  Start Input for Next Load Case
                13:57:41:92  case no=  411 seq. no=  22 idynl= 0
                13:57:41:92  LOADEND ISLAVE                                   0
                13:57:41:93  Start Input for Next Load Case
                13:57:41:93  case no=  412 seq. no=  23 idynl= 0
                13:57:41:94  LOADEND ISLAVE                                   0
                13:57:41:94  Start Input for Next Load Case
                13:57:41:95  case no=  413 seq. no=  24 idynl= 0
                13:57:41:95  LOADEND ISLAVE                                   0
                13:57:41:95  Start Input for Next Load Case
                13:57:41:96  case no=  414 seq. no=  25 idynl= 0
                13:57:41:96  LOADEND ISLAVE                                   0
                13:57:41:97  Start Input for Next Load Case
                13:57:41:97  case no=  415 seq. no=  26 idynl= 0
                13:57:41:98  LOADEND ISLAVE                                   0
                13:57:41:99  Start Input for Next Load Case
                13:57:42: 0  case no=  416 seq. no=  27 idynl= 0
                13:57:42: 0  LOADEND ISLAVE                                   0
                13:57:42: 1  Start Input for Next Load Case
                13:57:42: 2  case no=  417 seq. no=  28 idynl= 0
                13:57:42: 2  LOADEND ISLAVE                                   0
                13:57:42: 2  Start Input for Next Load Case
                13:57:42: 3  case no=  418 seq. no=  29 idynl= 0
                13:57:42: 4  LOADEND ISLAVE                                   0
                13:57:42: 4  Start Input for Next Load Case
                13:57:42: 5  case no=  421 seq. no=  30 idynl= 0
                13:57:42: 5  LOADEND ISLAVE                                   0
                13:57:42: 6  Start Input for Next Load Case
                13:57:42: 6  case no=  422 seq. no=  31 idynl= 0
                13:57:42: 7  LOADEND ISLAVE                                   0
                13:57:42: 7  Start Input for Next Load Case
                13:57:42: 8  case no=  423 seq. no=  32 idynl= 0
                13:57:42: 8  LOADEND ISLAVE                                   0
                13:57:42: 8  Start Input for Next Load Case
                13:57:42: 9  case no=  424 seq. no=  33 idynl= 0
                13:57:42: 9  LOADEND ISLAVE                                   0
                13:57:42:10  Start Input for Next Load Case
                13:57:42:10  case no=  425 seq. no=  34 idynl= 0
                13:57:42:11  LOADEND ISLAVE                                   0
                13:57:42:11  Start Input for Next Load Case
                13:57:42:11  case no=  426 seq. no=  35 idynl= 0
                13:57:42:12  LOADEND ISLAVE                                   0
                13:57:42:12  Start Input for Next Load Case
                13:57:42:13  case no=  427 seq. no=  36 idynl= 0
                13:57:42:13  LOADEND ISLAVE                                   0
                13:57:42:13  Start Input for Next Load Case
                13:57:42:14  case no=  428 seq. no=  37 idynl= 0
                13:57:42:14  LOADEND ISLAVE                                   0
                13:57:42:15  Start Input for Next Load Case
                13:57:42:15  case no=  711 seq. no=  38 idynl= 0
                13:57:42:15  LOADEND ISLAVE                                   0
                13:57:42:16  Start Input for Next Load Case
                13:57:42:16  case no=  712 seq. no=  39 idynl= 0
                13:57:42:17  LOADEND ISLAVE                                   0
                13:57:42:17  Start Input for Next Load Case
                13:57:42:18  case no=  713 seq. no=  40 idynl= 0
                13:57:42:18  LOADEND ISLAVE                                   0
                13:57:42:18  Start Input for Next Load Case
                13:57:42:19  case no=  714 seq. no=  41 idynl= 0
                13:57:42:19  LOADEND ISLAVE                                   0
                13:57:42:20  Start Input for Next Load Case
                13:57:42:20  case no=  715 seq. no=  42 idynl= 0
                13:57:42:20  LOADEND ISLAVE                                   0
                13:57:42:21  Start Input for Next Load Case
                13:57:42:21  case no=  716 seq. no=  43 idynl= 0
                13:57:42:22  LOADEND ISLAVE                                   0
                13:57:42:22  Start Input for Next Load Case
                13:57:42:23  case no=  717 seq. no=  44 idynl= 0
                13:57:42:23  LOADEND ISLAVE                                   0
                13:57:42:23  Start Input for Next Load Case
                13:57:42:24  case no=  718 seq. no=  45 idynl= 0
                13:57:42:24  LOADEND ISLAVE                                   0
                13:57:42:25  Start Input for Next Load Case
                13:57:42:25  case no= 1101 seq. no=  46 idynl= 0
                13:57:42:26  LOADEND ISLAVE                                   0
                13:57:42:26  Start Input for Next Load Case
                13:57:42:27  case no= 1102 seq. no=  47 idynl= 0
                13:57:42:27  LOADEND ISLAVE                                   0
                13:57:42:28  Start Input for Next Load Case
                13:57:42:28  case no= 1103 seq. no=  48 idynl= 0
                13:57:42:28  LOADEND ISLAVE                                   0
                13:57:42:29  Start Input for Next Load Case
                13:57:42:29  case no= 1104 seq. no=  49 idynl= 0
                13:57:42:30  LOADEND ISLAVE                                   0
                13:57:42:30  Start Input for Next Load Case
                13:57:42:31  case no= 1105 seq. no=  50 idynl= 0
                13:57:42:31  LOADEND ISLAVE                                   0
                13:57:42:31  Start Input for Next Load Case
                13:57:42:32  case no= 1106 seq. no=  51 idynl= 0
                13:57:42:32  LOADEND ISLAVE                                   0
                13:57:42:33  Start Input for Next Load Case
                13:57:42:33  case no= 1107 seq. no=  52 idynl= 0
                13:57:42:33  LOADEND ISLAVE                                   0
                13:57:42:34  Start Input for Next Load Case
                13:57:42:34  case no= 1108 seq. no=  53 idynl= 0
                13:57:42:35  LOADEND ISLAVE                                   0
                13:57:42:35  Start Input for Next Load Case
                13:57:42:36  case no= 1201 seq. no=  54 idynl= 0
                13:57:42:36  LOADEND ISLAVE                                   0
                13:57:42:36  Start Input for Next Load Case
                13:57:42:37  case no= 1202 seq. no=  55 idynl= 0
                13:57:42:37  LOADEND ISLAVE                                   0
                13:57:42:38  Start Input for Next Load Case
                13:57:42:38  case no= 1203 seq. no=  56 idynl= 0
                13:57:42:38  LOADEND ISLAVE                                   0
                13:57:42:39  Start Input for Next Load Case
                13:57:42:39  case no= 1204 seq. no=  57 idynl= 0
                13:57:42:40  LOADEND ISLAVE                                   0
                13:57:42:40  Start Input for Next Load Case
                13:57:42:41  case no= 1205 seq. no=  58 idynl= 0
                13:57:42:41  LOADEND ISLAVE                                   0
                13:57:42:41  Start Input for Next Load Case
                13:57:42:42  case no= 1206 seq. no=  59 idynl= 0
                13:57:42:42  LOADEND ISLAVE                                   0
                13:57:42:43  Start Input for Next Load Case
                13:57:42:44  case no= 1207 seq. no=  60 idynl= 0
                13:57:42:44  LOADEND ISLAVE                                   0
                13:57:42:45  Start Input for Next Load Case
                13:57:42:45  case no= 1208 seq. no=  61 idynl= 0
                13:57:42:46  LOADEND ISLAVE                                   0
                13:57:42:46  Start Input for Next Load Case
                13:57:42:47  case no= 2101 seq. no=  62 idynl= 0
                13:57:42:47  LOADEND ISLAVE                                   0
                13:57:42:48  Start Input for Next Load Case
                13:57:42:49  case no= 2102 seq. no=  63 idynl= 0
                13:57:42:49  LOADEND ISLAVE                                   0
                13:57:42:50  Start Input for Next Load Case
                13:57:42:50  case no= 2103 seq. no=  64 idynl= 0
                13:57:42:51  LOADEND ISLAVE                                   0
                13:57:42:51  Start Input for Next Load Case
                13:57:42:52  case no= 2104 seq. no=  65 idynl= 0
                13:57:42:52  LOADEND ISLAVE                                   0
                13:57:42:52  Start Input for Next Load Case
                13:57:42:53  case no= 2105 seq. no=  66 idynl= 0
                13:57:42:53  LOADEND ISLAVE                                   0
                13:57:42:54  Start Input for Next Load Case
                13:57:42:54  case no= 2106 seq. no=  67 idynl= 0
                13:57:42:55  LOADEND ISLAVE                                   0
                13:57:42:55  Start Input for Next Load Case
                13:57:42:56  case no= 2107 seq. no=  68 idynl= 0
                13:57:42:56  LOADEND ISLAVE                                   0
                13:57:42:57  Start Input for Next Load Case
                13:57:42:57  case no= 2108 seq. no=  69 idynl= 0
                13:57:42:58  LOADEND ISLAVE                                   0
                13:57:42:58  Start Input for Next Load Case
                13:57:42:59  case no= 3001 seq. no=  70 idynl= 0
                13:57:42:59  LOADEND ISLAVE                                   0
                13:57:42:60  Start Input for Next Load Case
                13:57:42:60  case no= 3002 seq. no=  71 idynl= 0
                13:57:42:61  LOADEND ISLAVE                                   0
                13:57:42:61  Start Input for Next Load Case
                13:57:42:61  case no= 3003 seq. no=  72 idynl= 0
                13:57:42:62  LOADEND ISLAVE                                   0
                13:57:42:62  Start Input for Next Load Case
                13:57:42:63  case no= 3004 seq. no=  73 idynl= 0
                13:57:42:63  LOADEND ISLAVE                                   0
                13:57:42:64  Start Input for Next Load Case
                13:57:42:64  case no= 3005 seq. no=  74 idynl= 0
                13:57:42:64  LOADEND ISLAVE                                   0
                13:57:42:65  Start Input for Next Load Case
                13:57:42:65  case no= 3006 seq. no=  75 idynl= 0
                13:57:42:66  LOADEND ISLAVE                                   0
                13:57:42:66  Start Input for Next Load Case
                13:57:42:66  case no= 3007 seq. no=  76 idynl= 0
                13:57:42:67  LOADEND ISLAVE                                   0
                13:57:42:67  Start Input for Next Load Case
                13:57:42:68  case no= 3008 seq. no=  77 idynl= 0
                13:57:42:68  LOADEND ISLAVE                                   0
                13:57:42:68  Start Input for Next Load Case
                13:57:42:69  case no= 3011 seq. no=  78 idynl= 0
                13:57:42:69  LOADEND ISLAVE                                   0
                13:57:42:70  Start Input for Next Load Case
                13:57:42:70  case no= 3012 seq. no=  79 idynl= 0
                13:57:42:70  LOADEND ISLAVE                                   0
                13:57:42:71  Start Input for Next Load Case
                13:57:42:71  case no= 3013 seq. no=  80 idynl= 0
                13:57:42:72  LOADEND ISLAVE                                   0
                13:57:42:72  Start Input for Next Load Case
                13:57:42:73  case no= 3014 seq. no=  81 idynl= 0
                13:57:42:73  LOADEND ISLAVE                                   0
                13:57:42:74  Start Input for Next Load Case
                13:57:42:74  case no= 3015 seq. no=  82 idynl= 0
                13:57:42:74  LOADEND ISLAVE                                   0
                13:57:42:75  Start Input for Next Load Case
                13:57:42:75  case no= 3016 seq. no=  83 idynl= 0
                13:57:42:76  LOADEND ISLAVE                                   0
                13:57:42:76  Start Input for Next Load Case
                13:57:42:76  case no= 3017 seq. no=  84 idynl= 0
                13:57:42:77  LOADEND ISLAVE                                   0
                13:57:42:77  Start Input for Next Load Case
                13:57:42:78  case no= 3018 seq. no=  85 idynl= 0
                13:57:42:78  LOADEND ISLAVE                                   0
                13:57:42:78  Start Input for Next Load Case
                13:57:42:79  case no= 3021 seq. no=  86 idynl= 0
                13:57:42:79  LOADEND ISLAVE                                   0
                13:57:42:80  Start Input for Next Load Case
                13:57:42:80  case no= 3022 seq. no=  87 idynl= 0
                13:57:42:81  LOADEND ISLAVE                                   0
                13:57:42:81  Start Input for Next Load Case
                13:57:42:81  case no= 3023 seq. no=  88 idynl= 0
                13:57:42:82  LOADEND ISLAVE                                   0
                13:57:42:82  Start Input for Next Load Case
                13:57:42:83  case no= 3024 seq. no=  89 idynl= 0
                13:57:42:83  LOADEND ISLAVE                                   0
                13:57:42:83  Start Input for Next Load Case
                13:57:42:84  case no= 3025 seq. no=  90 idynl= 0
                13:57:42:84  LOADEND ISLAVE                                   0
                13:57:42:85  Start Input for Next Load Case
                13:57:42:85  case no= 3026 seq. no=  91 idynl= 0
                13:57:42:86  LOADEND ISLAVE                                   0
                13:57:42:86  Start Input for Next Load Case
                13:57:42:86  case no= 3027 seq. no=  92 idynl= 0
                13:57:42:87  LOADEND ISLAVE                                   0
                13:57:42:87  Start Input for Next Load Case
                13:57:42:88  case no= 3028 seq. no=  93 idynl= 0
                13:57:42:88  LOADEND ISLAVE                                   0
                13:57:42:89  Start Input for Next Load Case
                13:57:42:89  case no= 3201 seq. no=  94 idynl= 0
                13:57:42:89  LOADEND ISLAVE                                   0
                13:57:42:90  Start Input for Next Load Case
                13:57:42:90  case no= 3202 seq. no=  95 idynl= 0
                13:57:42:91  LOADEND ISLAVE                                   0
                13:57:42:91  Start Input for Next Load Case
                13:57:42:91  case no= 3203 seq. no=  96 idynl= 0
                13:57:42:92  LOADEND ISLAVE                                   0
                13:57:42:92  Start Input for Next Load Case
                13:57:42:93  case no= 3204 seq. no=  97 idynl= 0
                13:57:42:93  LOADEND ISLAVE                                   0
                13:57:42:94  Start Input for Next Load Case
                13:57:42:94  case no= 3205 seq. no=  98 idynl= 0
                13:57:42:94  LOADEND ISLAVE                                   0
                13:57:42:95  Start Input for Next Load Case
                13:57:42:95  case no= 3206 seq. no=  99 idynl= 0
                13:57:42:96  LOADEND ISLAVE                                   0
                13:57:42:96  Start Input for Next Load Case
                13:57:42:97  case no= 3207 seq. no= 100 idynl= 0
                13:57:42:97  LOADEND ISLAVE                                   0
                13:57:42:97  Start Input for Next Load Case
                13:57:42:98  case no= 3208 seq. no= 101 idynl= 0
                13:57:42:98  LOADEND ISLAVE                                   0
                13:57:42:99  NVPREV                                           0
                13:57:42:99  AMAXNON                               3.179134E-01
                13:57:42:99  IRECSIZL=                                     4000
                13:57:43: 0  MTX BLOCKSIZE=                                  60
                13:57:43: 1  MI=                                             60
                13:57:43: 1  NORECL=                                          1
                13:57:43: 2  NORECL1=                                         1
                13:57:43: 2  IWORD=                                       32000
                13:57:43: 3  JRECSIZE=                                     4000
                13:57:43: 3  IWORDJ=                                      32000
                13:57:43: 4  IBYTE=                                           4
                13:57:43: 4  JOINTS=                                         14
                13:57:43: 4  MEMBERS=                                        13
                13:57:43: 5  PLATES =                                         0
                13:57:43: 5  SOLIDS =                                         0
                13:57:43: 6  NO. OF EQUATIONS=                               60
                13:57:43: 6  idyn=                                            0
                13:57:43: 7  ipd=                                             0
                13:57:43: 7  icablanl=                                        0
                13:57:43: 7  ++ Processing Element Stiffness Matrix.
                13:57:43: 8  NV1                                            101
                13:57:43:19  ++ Calculating Element Forces & Reactions.
                13:57:44:81  COMBINATION CASES=                               0
                13:57:44:81  MAX CM MEMORY (KILOWORDS)                       32
                13:57:44:81  AFTER SOLVER 1
                13:57:44:82  REOPEN AS SEQ                                    0
                13:57:44:83  DEFINE ENVELOPE
                13:57:44:84  LOAD LIST 1101 TO 110
                13:57:44:84  PARAMETER 1
                13:57:44:85  CHECK CODE ALL
                13:57:44:86  ENTERING SECTNM110 IQ=                          13
                13:57:44:86               NSEC=                              11
                13:57:44:87             ISECTN=                               0
                13:57:44:89  SECTNM110 DO 925
                13:57:44:91  ENTERING ENVLP1 ITYP1=                          -3
                13:57:44:91  SECT DISPLACE
                13:57:44:94  Steel/Alum/Timber Design                        52
                13:57:45: 2    ++ Finished Design ...
                13:57:45: 2  Steel/Timber Design exit
                13:57:45: 2  LOAD LIST 2101 TO 210
                13:57:45: 3  PARAMETER 1
                13:57:45: 4  CHECK CODE ALL
                13:57:45: 4  ENTERING ENVLP1 ITYP1=                          -3
                13:57:45: 5  SECT DISPLACE
                13:57:45: 8  Steel/Alum/Timber Design                        52
                13:57:45:11    ++ Finished Design ...
                13:57:45:11  Steel/Timber Design exit
                13:57:45:11  LOAD LIST ENV 4 TO 7
                13:57:45:12  PARAMETER 1
                13:57:45:13  CHECK CODE ALL
                13:57:45:13  ENTERING ENVLP1 ITYP1=                          -3
                13:57:45:14  SECT DISPLACE
                13:57:45:16  Steel/Alum/Timber Design                        52
                13:57:45:27    ++ Finished Design ...
                13:57:45:27  Steel/Timber Design exit
                13:57:45:27  PRINT JOINT DISPLACEM
                13:57:45:28  DRAW ISOM JOIN MEMB
                13:57:45:28  ENTERING SECTNM110 IQ=                          13
                13:57:45:29               NSEC=                              11
                13:57:45:29             ISECTN=                               0
                13:57:45:32  SECTNM110 DO 925
                13:57:45:36  PRINT SUPPORT REACTIO
                13:57:45:36  DRAW ISOM SUPP PROP
                13:57:45:37  ENTERING SECTNM110 IQ=                          13
                13:57:45:38               NSEC=                              11
                13:57:45:39             ISECTN=                               0
                13:57:45:44  SECTNM110 DO 925
                13:57:45:46  DRAW ISOM SHAP
                13:57:45:46  ENTERING SECTNM110 IQ=                          13
                13:57:45:46               NSEC=                              11
                13:57:45:47             ISECTN=                               0
                13:57:45:49  SECTNM110 DO 925
                13:57:45:51  PRINT CG
                13:57:45:51  FINISH
                13:57:45:52  All Commands FINISHed
                13:57:45:53  DATASAVE for SPRO GUI
                13:57:45:53  ++ Creating Displacement File (DSP)...
                13:57:45:54  ++ Creating Reaction File (REA)...
                13:57:45:55  ++ Creating Section Force File (BMD)...
                13:57:45:58  ++ Creating Section Displace File (SEC)...
                13:57:45:58  ENTERING ENVLP1 ITYP1=                          -5
                13:57:45:58  SECT DISPLACE
                13:57:45:62  ++ Creating Section Displace File (SCN)...
                13:57:45:64  ++ Creating Design information File (DGN)...
                13:57:45:65  ALLOCATED CM MEMORY (KILOWORDS)             300000
                13:57:45:65  MAX CM MEMORY (KILOWORDS)                       81
                13:57:45:66  DBS LONG SEC NAME
* End Of Analysis At Fri Jul 19 13:57:45 2024
* CPU usage = 4.958000
* STAAD Exit Code: 100, Warning Count: 0, Error Count: 0, Duration: 4.958
1 0 0 4.958
****************************************************************************
*                            END OF ANALYSIS                               *
****************************************************************************
