07/11/2024 14:07:46	Reading UID database.
07/11/2024 14:07:46	Start loading STAAD model.
07/11/2024 14:07:46	Reading model file.
07/11/2024 14:07:46	Reading model file is complete.
07/11/2024 14:07:46	Processing support.
07/11/2024 14:07:46	Processing springs.
07/11/2024 14:07:46	Processing properties.
07/11/2024 14:07:46	Processing physical properties.
07/11/2024 14:07:46	Processing constants.
07/11/2024 14:07:46	Processing BETA constants.
07/11/2024 14:07:46	Processing hidden analytical member loads.
07/11/2024 14:07:46	Processing command list for member release.
07/11/2024 14:07:46	Processing command list for member offset.
07/11/2024 14:07:46	Processing command list for member specs (cracked).
07/11/2024 14:07:46	Processing command list for member specs (axial).
07/11/2024 14:07:46	Processing command list for element release.
07/11/2024 14:07:46	Processing command list for element offset.
07/11/2024 14:07:46	Processing command list for element plate stress directive.
07/11/2024 14:07:46	Processing parameter for Chinese wind load case.
07/11/2024 14:07:46	End Processing command list.
07/11/2024 14:07:47	End loading STAAD model.
07/11/2024 14:07:47	Start Post Analysis method
07/11/2024 14:07:47	Removed all hidden plates from surfaces
07/11/2024 14:07:47	Removed all hidden plates
07/11/2024 14:07:47	Removed all hidden nodes
07/11/2024 14:07:47	Loading results from MSH file...
07/11/2024 14:07:47	Building result indices...
07/11/2024 14:07:47	Loading plate stress results...
07/11/2024 14:07:47	Set analysis report setup data
07/11/2024 14:07:47	Starting page setup...
07/11/2024 14:07:47	Page setup completed
07/11/2024 14:07:47	Setting available workflows...
07/11/2024 14:07:47	Post analysis method ends
07/11/2024 14:29:34	Reading UID database.
07/11/2024 14:29:34	Start loading STAAD model.
07/11/2024 14:29:34	Reading model file.
07/11/2024 14:29:35	Reading model file is complete.
07/11/2024 14:29:35	Processing support.
07/11/2024 14:29:35	Processing springs.
07/11/2024 14:29:35	Processing properties.
07/11/2024 14:29:35	Processing physical properties.
07/11/2024 14:29:35	Processing constants.
07/11/2024 14:29:35	Processing BETA constants.
07/11/2024 14:29:35	Processing hidden analytical member loads.
07/11/2024 14:29:35	Processing command list for member release.
07/11/2024 14:29:35	Processing command list for member offset.
07/11/2024 14:29:35	Processing command list for member specs (cracked).
07/11/2024 14:29:35	Processing command list for member specs (axial).
07/11/2024 14:29:35	Processing command list for element release.
07/11/2024 14:29:35	Processing command list for element offset.
07/11/2024 14:29:35	Processing command list for element plate stress directive.
07/11/2024 14:29:35	Processing parameter for Chinese wind load case.
07/11/2024 14:29:35	End Processing command list.
07/11/2024 14:29:35	End loading STAAD model.
07/11/2024 14:29:35	Start Post Analysis method
07/11/2024 14:29:35	Removed all hidden plates from surfaces
07/11/2024 14:29:35	Removed all hidden plates
07/11/2024 14:29:35	Removed all hidden nodes
07/11/2024 14:29:35	Loading results from MSH file...
07/11/2024 14:29:35	Building result indices...
07/11/2024 14:29:35	Loading plate stress results...
07/11/2024 14:29:35	Set analysis report setup data
07/11/2024 14:29:35	Starting page setup...
07/11/2024 14:29:35	Page setup completed
07/11/2024 14:29:35	Setting available workflows...
07/11/2024 14:29:35	Post analysis method ends
07/11/2024 14:29:53	Start Post Analysis method
07/11/2024 14:29:53	Removed all hidden plates from surfaces
07/11/2024 14:29:53	Removed all hidden plates
07/11/2024 14:29:53	Removed all hidden nodes
07/11/2024 14:29:53	Loading results from MSH file...
07/11/2024 14:29:53	Building result indices...
07/11/2024 14:29:53	Loading plate stress results...
07/11/2024 14:29:53	Set analysis report setup data
07/11/2024 14:29:53	Starting page setup...
07/11/2024 14:29:53	Page setup completed
07/11/2024 14:29:53	Setting available workflows...
07/11/2024 14:29:53	Post analysis method ends
