12:54:06	Initializing STAAD Engine
12:54:06	Run stream set up is complete.
12:54:06	Initialize license libraries.
12:54:06	License libraries initialized.
12:54:06	Starting license(s) for A & D engine.
12:54:07	License Status: Ok
12:54:07	License information set up is complete.
****************************************************************************
*                            START OF ANALYSIS                             *
****************************************************************************
* Initiating Analysis At Mon Jan 13 12:54:07 2025
                          PROGRAM: STAAD.Pro
                          VERSION: 23.00.03.25
                12:54: 7: 9  ENTERING STAAD
                12:54: 7:11  USING 64 BIT STAAD ENGINE
                12:54: 7:11  ENTERING MAINN
                12:54: 7:12  START JOB INFORMATION
                12:54: 7:12  INPUT WIDTH 79
                12:54: 7:12  UNIT MMS KN
                12:54: 7:13  JOINT COORDINATES
                12:54: 7:14  ENTERING JOINTC
                12:54: 7:14  JOINTC NEWJ                                 400000
                12:54: 7:15  MAX NODE NO.                                     4
                12:54: 7:16  MEMBER INCIDENCES
                12:54: 7:16  UNIT METER KN
                12:54: 7:17  DEFINE MATERIAL START
                12:54: 7:17  UNIT MMS KN
                12:54: 7:18  MEMBER PROPERTY EUROP
                12:54: 7:30    ++ Finished Reading Member Properties ...
                12:54: 7:30  CONSTANTS
                12:54: 7:31  SUPPORTS
                12:54: 7:31  ENTERING SUPPORT
                12:54: 7:32  MEMBER OFFSET
                12:54: 7:33  DEFINE WIND LOAD
                12:54: 7:33  LOAD 121 LOADTYPE DEA
                12:54: 7:34  DUPLICATE ELEMENT CHECK
                12:54: 7:34  CHECKING STRUCTURAL INTEGRITY
                12:54: 7:35  CHECK UNCONNECTED JOINTS AND
                12:54: 7:35  CALCULATE MAX JOINT CONNECTIVITY
                12:54: 7:36  CHECK MULTIPLE STRUCTURES
                12:54: 7:37  ENTERING SUPPORT
                12:54: 7:37  NRJOLD                                           0
                12:54: 7:38  SUPPORT NOLD                                     0
                12:54: 7:38  SUPPORT N                                       18
                12:54: 7:39  BEFORE LOADPR
                12:54: 7:40  REOPEN AS DIR                                    0
                12:54: 7:40  ENTER LOADPR
                12:54: 7:49  PERFORM ANALYSIS PRIN
                12:54: 7:49  pdel iter                                        0
                12:54: 7:50  MAXIMUM E =                           2.973273E+04
                12:54: 7:51  MINIMUM E =                           2.973273E+04
                12:54: 7:51  MBW DOF BAND=                                    1
                12:54: 7:52  NUMBER OF PRIMARY CASES                        101
                12:54: 7:53  NUMBER OF CASES                                252
                12:54: 7:53  #OF CASES W/ELEM INMEMORY                      252
                12:54: 7:54  Using 64-bit analysis engine
                12:54: 7:55  BEFORE SOLVER 1
                12:54: 7:55  Start Input for Next Load Case
                12:54: 7:56  case no=  121 seq. no=   1 idynl= 0
                12:54: 7:56  MASSSET                                          0
                12:54: 7:57  LOADEND ISLAVE                                   0
                12:54: 7:57  Start Input for Next Load Case
                12:54: 7:58  case no=  201 seq. no=   2 idynl= 0
                12:54: 7:59  LOADEND ISLAVE                                   0
                12:54: 7:59  Start Input for Next Load Case
                12:54: 7:60  case no=  202 seq. no=   3 idynl= 0
                12:54: 7:60  LOADEND ISLAVE                                   0
                12:54: 7:61  Start Input for Next Load Case
                12:54: 7:61  case no=  203 seq. no=   4 idynl= 0
                12:54: 7:62  LOADEND ISLAVE                                   0
                12:54: 7:63  Start Input for Next Load Case
                12:54: 7:63  case no=  204 seq. no=   5 idynl= 0
                12:54: 7:64  LOADEND ISLAVE                                   0
                12:54: 7:65  Start Input for Next Load Case
                12:54: 7:66  case no=  205 seq. no=   6 idynl= 0
                12:54: 7:66  LOADEND ISLAVE                                   0
                12:54: 7:67  Start Input for Next Load Case
                12:54: 7:67  case no=  206 seq. no=   7 idynl= 0
                12:54: 7:68  LOADEND ISLAVE                                   0
                12:54: 7:69  Start Input for Next Load Case
                12:54: 7:69  case no=  207 seq. no=   8 idynl= 0
                12:54: 7:70  LOADEND ISLAVE                                   0
                12:54: 7:71  Start Input for Next Load Case
                12:54: 7:71  case no=  208 seq. no=   9 idynl= 0
                12:54: 7:72  LOADEND ISLAVE                                   0
                12:54: 7:72  Start Input for Next Load Case
                12:54: 7:73  case no=  312 seq. no=  10 idynl= 0
                12:54: 7:73  LOADEND ISLAVE                                   0
                12:54: 7:74  Start Input for Next Load Case
                12:54: 7:74  case no=  313 seq. no=  11 idynl= 0
                12:54: 7:75  LOADEND ISLAVE                                   0
                12:54: 7:76  Start Input for Next Load Case
                12:54: 7:76  case no=  314 seq. no=  12 idynl= 0
                12:54: 7:77  LOADEND ISLAVE                                   0
                12:54: 7:77  Start Input for Next Load Case
                12:54: 7:78  case no=  315 seq. no=  13 idynl= 0
                12:54: 7:78  LOADEND ISLAVE                                   0
                12:54: 7:79  Start Input for Next Load Case
                12:54: 7:80  case no=  322 seq. no=  14 idynl= 0
                12:54: 7:80  LOADEND ISLAVE                                   0
                12:54: 7:81  Start Input for Next Load Case
                12:54: 7:82  case no=  323 seq. no=  15 idynl= 0
                12:54: 7:83  LOADEND ISLAVE                                   0
                12:54: 7:83  Start Input for Next Load Case
                12:54: 7:84  case no=  324 seq. no=  16 idynl= 0
                12:54: 7:85  LOADEND ISLAVE                                   0
                12:54: 7:85  Start Input for Next Load Case
                12:54: 7:86  case no=  325 seq. no=  17 idynl= 0
                12:54: 7:86  LOADEND ISLAVE                                   0
                12:54: 7:87  Start Input for Next Load Case
                12:54: 7:88  case no=  332 seq. no=  18 idynl= 0
                12:54: 7:88  LOADEND ISLAVE                                   0
                12:54: 7:89  Start Input for Next Load Case
                12:54: 7:89  case no=  333 seq. no=  19 idynl= 0
                12:54: 7:90  LOADEND ISLAVE                                   0
                12:54: 7:91  Start Input for Next Load Case
                12:54: 7:91  case no=  334 seq. no=  20 idynl= 0
                12:54: 7:92  LOADEND ISLAVE                                   0
                12:54: 7:92  Start Input for Next Load Case
                12:54: 7:93  case no=  335 seq. no=  21 idynl= 0
                12:54: 7:93  LOADEND ISLAVE                                   0
                12:54: 7:94  Start Input for Next Load Case
                12:54: 7:94  case no=  411 seq. no=  22 idynl= 0
                12:54: 7:95  LOADEND ISLAVE                                   0
                12:54: 7:96  Start Input for Next Load Case
                12:54: 7:96  case no=  412 seq. no=  23 idynl= 0
                12:54: 7:97  LOADEND ISLAVE                                   0
                12:54: 7:97  Start Input for Next Load Case
                12:54: 7:98  case no=  413 seq. no=  24 idynl= 0
                12:54: 7:99  LOADEND ISLAVE                                   0
                12:54: 7:99  Start Input for Next Load Case
                12:54: 8: 0  case no=  414 seq. no=  25 idynl= 0
                12:54: 8: 0  LOADEND ISLAVE                                   0
                12:54: 8: 1  Start Input for Next Load Case
                12:54: 8: 1  case no=  415 seq. no=  26 idynl= 0
                12:54: 8: 2  LOADEND ISLAVE                                   0
                12:54: 8: 2  Start Input for Next Load Case
                12:54: 8: 3  case no=  416 seq. no=  27 idynl= 0
                12:54: 8: 4  LOADEND ISLAVE                                   0
                12:54: 8: 5  Start Input for Next Load Case
                12:54: 8: 5  case no=  417 seq. no=  28 idynl= 0
                12:54: 8: 6  LOADEND ISLAVE                                   0
                12:54: 8: 6  Start Input for Next Load Case
                12:54: 8: 7  case no=  418 seq. no=  29 idynl= 0
                12:54: 8: 8  LOADEND ISLAVE                                   0
                12:54: 8: 8  Start Input for Next Load Case
                12:54: 8: 9  case no=  421 seq. no=  30 idynl= 0
                12:54: 8: 9  LOADEND ISLAVE                                   0
                12:54: 8:10  Start Input for Next Load Case
                12:54: 8:10  case no=  422 seq. no=  31 idynl= 0
                12:54: 8:11  LOADEND ISLAVE                                   0
                12:54: 8:12  Start Input for Next Load Case
                12:54: 8:12  case no=  423 seq. no=  32 idynl= 0
                12:54: 8:13  LOADEND ISLAVE                                   0
                12:54: 8:13  Start Input for Next Load Case
                12:54: 8:14  case no=  424 seq. no=  33 idynl= 0
                12:54: 8:15  LOADEND ISLAVE                                   0
                12:54: 8:15  Start Input for Next Load Case
                12:54: 8:16  case no=  425 seq. no=  34 idynl= 0
                12:54: 8:17  LOADEND ISLAVE                                   0
                12:54: 8:17  Start Input for Next Load Case
                12:54: 8:18  case no=  426 seq. no=  35 idynl= 0
                12:54: 8:19  LOADEND ISLAVE                                   0
                12:54: 8:19  Start Input for Next Load Case
                12:54: 8:20  case no=  427 seq. no=  36 idynl= 0
                12:54: 8:20  LOADEND ISLAVE                                   0
                12:54: 8:21  Start Input for Next Load Case
                12:54: 8:22  case no=  428 seq. no=  37 idynl= 0
                12:54: 8:23  LOADEND ISLAVE                                   0
                12:54: 8:23  Start Input for Next Load Case
                12:54: 8:24  case no=  711 seq. no=  38 idynl= 0
                12:54: 8:25  LOADEND ISLAVE                                   0
                12:54: 8:25  Start Input for Next Load Case
                12:54: 8:26  case no=  712 seq. no=  39 idynl= 0
                12:54: 8:26  LOADEND ISLAVE                                   0
                12:54: 8:27  Start Input for Next Load Case
                12:54: 8:28  case no=  713 seq. no=  40 idynl= 0
                12:54: 8:28  LOADEND ISLAVE                                   0
                12:54: 8:29  Start Input for Next Load Case
                12:54: 8:30  case no=  714 seq. no=  41 idynl= 0
                12:54: 8:30  LOADEND ISLAVE                                   0
                12:54: 8:31  Start Input for Next Load Case
                12:54: 8:32  case no=  715 seq. no=  42 idynl= 0
                12:54: 8:32  LOADEND ISLAVE                                   0
                12:54: 8:33  Start Input for Next Load Case
                12:54: 8:34  case no=  716 seq. no=  43 idynl= 0
                12:54: 8:34  LOADEND ISLAVE                                   0
                12:54: 8:35  Start Input for Next Load Case
                12:54: 8:35  case no=  717 seq. no=  44 idynl= 0
                12:54: 8:36  LOADEND ISLAVE                                   0
                12:54: 8:37  Start Input for Next Load Case
                12:54: 8:37  case no=  718 seq. no=  45 idynl= 0
                12:54: 8:38  LOADEND ISLAVE                                   0
                12:54: 8:38  Start Input for Next Load Case
                12:54: 8:39  case no= 1101 seq. no=  46 idynl= 0
                12:54: 8:39  LOADEND ISLAVE                                   0
                12:54: 8:40  Start Input for Next Load Case
                12:54: 8:41  case no= 1102 seq. no=  47 idynl= 0
                12:54: 8:41  LOADEND ISLAVE                                   0
                12:54: 8:42  Start Input for Next Load Case
                12:54: 8:42  case no= 1103 seq. no=  48 idynl= 0
                12:54: 8:43  LOADEND ISLAVE                                   0
                12:54: 8:43  Start Input for Next Load Case
                12:54: 8:44  case no= 1104 seq. no=  49 idynl= 0
                12:54: 8:44  LOADEND ISLAVE                                   0
                12:54: 8:45  Start Input for Next Load Case
                12:54: 8:45  case no= 1105 seq. no=  50 idynl= 0
                12:54: 8:46  LOADEND ISLAVE                                   0
                12:54: 8:46  Start Input for Next Load Case
                12:54: 8:47  case no= 1106 seq. no=  51 idynl= 0
                12:54: 8:47  LOADEND ISLAVE                                   0
                12:54: 8:48  Start Input for Next Load Case
                12:54: 8:48  case no= 1107 seq. no=  52 idynl= 0
                12:54: 8:49  LOADEND ISLAVE                                   0
                12:54: 8:49  Start Input for Next Load Case
                12:54: 8:50  case no= 1108 seq. no=  53 idynl= 0
                12:54: 8:50  LOADEND ISLAVE                                   0
                12:54: 8:51  Start Input for Next Load Case
                12:54: 8:51  case no= 1201 seq. no=  54 idynl= 0
                12:54: 8:52  LOADEND ISLAVE                                   0
                12:54: 8:52  Start Input for Next Load Case
                12:54: 8:53  case no= 1202 seq. no=  55 idynl= 0
                12:54: 8:53  LOADEND ISLAVE                                   0
                12:54: 8:54  Start Input for Next Load Case
                12:54: 8:54  case no= 1203 seq. no=  56 idynl= 0
                12:54: 8:55  LOADEND ISLAVE                                   0
                12:54: 8:55  Start Input for Next Load Case
                12:54: 8:56  case no= 1204 seq. no=  57 idynl= 0
                12:54: 8:56  LOADEND ISLAVE                                   0
                12:54: 8:57  Start Input for Next Load Case
                12:54: 8:57  case no= 1205 seq. no=  58 idynl= 0
                12:54: 8:58  LOADEND ISLAVE                                   0
                12:54: 8:58  Start Input for Next Load Case
                12:54: 8:59  case no= 1206 seq. no=  59 idynl= 0
                12:54: 8:59  LOADEND ISLAVE                                   0
                12:54: 8:60  Start Input for Next Load Case
                12:54: 8:60  case no= 1207 seq. no=  60 idynl= 0
                12:54: 8:61  LOADEND ISLAVE                                   0
                12:54: 8:61  Start Input for Next Load Case
                12:54: 8:62  case no= 1208 seq. no=  61 idynl= 0
                12:54: 8:62  LOADEND ISLAVE                                   0
                12:54: 8:63  Start Input for Next Load Case
                12:54: 8:63  case no= 2101 seq. no=  62 idynl= 0
                12:54: 8:64  LOADEND ISLAVE                                   0
                12:54: 8:64  Start Input for Next Load Case
                12:54: 8:65  case no= 2102 seq. no=  63 idynl= 0
                12:54: 8:65  LOADEND ISLAVE                                   0
                12:54: 8:66  Start Input for Next Load Case
                12:54: 8:66  case no= 2103 seq. no=  64 idynl= 0
                12:54: 8:67  LOADEND ISLAVE                                   0
                12:54: 8:67  Start Input for Next Load Case
                12:54: 8:68  case no= 2104 seq. no=  65 idynl= 0
                12:54: 8:68  LOADEND ISLAVE                                   0
                12:54: 8:69  Start Input for Next Load Case
                12:54: 8:69  case no= 2105 seq. no=  66 idynl= 0
                12:54: 8:70  LOADEND ISLAVE                                   0
                12:54: 8:70  Start Input for Next Load Case
                12:54: 8:71  case no= 2106 seq. no=  67 idynl= 0
                12:54: 8:71  LOADEND ISLAVE                                   0
                12:54: 8:72  Start Input for Next Load Case
                12:54: 8:72  case no= 2107 seq. no=  68 idynl= 0
                12:54: 8:73  LOADEND ISLAVE                                   0
                12:54: 8:73  Start Input for Next Load Case
                12:54: 8:74  case no= 2108 seq. no=  69 idynl= 0
                12:54: 8:74  LOADEND ISLAVE                                   0
                12:54: 8:75  Start Input for Next Load Case
                12:54: 8:75  case no= 3001 seq. no=  70 idynl= 0
                12:54: 8:76  LOADEND ISLAVE                                   0
                12:54: 8:76  Start Input for Next Load Case
                12:54: 8:77  case no= 3002 seq. no=  71 idynl= 0
                12:54: 8:77  LOADEND ISLAVE                                   0
                12:54: 8:78  Start Input for Next Load Case
                12:54: 8:78  case no= 3003 seq. no=  72 idynl= 0
                12:54: 8:79  LOADEND ISLAVE                                   0
                12:54: 8:79  Start Input for Next Load Case
                12:54: 8:80  case no= 3004 seq. no=  73 idynl= 0
                12:54: 8:80  LOADEND ISLAVE                                   0
                12:54: 8:81  Start Input for Next Load Case
                12:54: 8:81  case no= 3005 seq. no=  74 idynl= 0
                12:54: 8:82  LOADEND ISLAVE                                   0
                12:54: 8:82  Start Input for Next Load Case
                12:54: 8:83  case no= 3006 seq. no=  75 idynl= 0
                12:54: 8:83  LOADEND ISLAVE                                   0
                12:54: 8:84  Start Input for Next Load Case
                12:54: 8:85  case no= 3007 seq. no=  76 idynl= 0
                12:54: 8:85  LOADEND ISLAVE                                   0
                12:54: 8:86  Start Input for Next Load Case
                12:54: 8:86  case no= 3008 seq. no=  77 idynl= 0
                12:54: 8:87  LOADEND ISLAVE                                   0
                12:54: 8:87  Start Input for Next Load Case
                12:54: 8:88  case no= 3011 seq. no=  78 idynl= 0
                12:54: 8:88  LOADEND ISLAVE                                   0
                12:54: 8:89  Start Input for Next Load Case
                12:54: 8:89  case no= 3012 seq. no=  79 idynl= 0
                12:54: 8:90  LOADEND ISLAVE                                   0
                12:54: 8:91  Start Input for Next Load Case
                12:54: 8:91  case no= 3013 seq. no=  80 idynl= 0
                12:54: 8:92  LOADEND ISLAVE                                   0
                12:54: 8:92  Start Input for Next Load Case
                12:54: 8:93  case no= 3014 seq. no=  81 idynl= 0
                12:54: 8:93  LOADEND ISLAVE                                   0
                12:54: 8:94  Start Input for Next Load Case
                12:54: 8:94  case no= 3015 seq. no=  82 idynl= 0
                12:54: 8:95  LOADEND ISLAVE                                   0
                12:54: 8:95  Start Input for Next Load Case
                12:54: 8:96  case no= 3016 seq. no=  83 idynl= 0
                12:54: 8:96  LOADEND ISLAVE                                   0
                12:54: 8:97  Start Input for Next Load Case
                12:54: 8:97  case no= 3017 seq. no=  84 idynl= 0
                12:54: 8:98  LOADEND ISLAVE                                   0
                12:54: 8:98  Start Input for Next Load Case
                12:54: 8:99  case no= 3018 seq. no=  85 idynl= 0
                12:54: 8:99  LOADEND ISLAVE                                   0
                12:54: 9: 0  Start Input for Next Load Case
                12:54: 9: 0  case no= 3021 seq. no=  86 idynl= 0
                12:54: 9: 1  LOADEND ISLAVE                                   0
                12:54: 9: 1  Start Input for Next Load Case
                12:54: 9: 2  case no= 3022 seq. no=  87 idynl= 0
                12:54: 9: 2  LOADEND ISLAVE                                   0
                12:54: 9: 3  Start Input for Next Load Case
                12:54: 9: 3  case no= 3023 seq. no=  88 idynl= 0
                12:54: 9: 4  LOADEND ISLAVE                                   0
                12:54: 9: 4  Start Input for Next Load Case
                12:54: 9: 5  case no= 3024 seq. no=  89 idynl= 0
                12:54: 9: 5  LOADEND ISLAVE                                   0
                12:54: 9: 6  Start Input for Next Load Case
                12:54: 9: 6  case no= 3025 seq. no=  90 idynl= 0
                12:54: 9: 7  LOADEND ISLAVE                                   0
                12:54: 9: 7  Start Input for Next Load Case
                12:54: 9: 8  case no= 3026 seq. no=  91 idynl= 0
                12:54: 9: 8  LOADEND ISLAVE                                   0
                12:54: 9: 9  Start Input for Next Load Case
                12:54: 9: 9  case no= 3027 seq. no=  92 idynl= 0
                12:54: 9:10  LOADEND ISLAVE                                   0
                12:54: 9:10  Start Input for Next Load Case
                12:54: 9:11  case no= 3028 seq. no=  93 idynl= 0
                12:54: 9:11  LOADEND ISLAVE                                   0
                12:54: 9:12  Start Input for Next Load Case
                12:54: 9:12  case no= 3201 seq. no=  94 idynl= 0
                12:54: 9:13  LOADEND ISLAVE                                   0
                12:54: 9:13  Start Input for Next Load Case
                12:54: 9:14  case no= 3202 seq. no=  95 idynl= 0
                12:54: 9:15  LOADEND ISLAVE                                   0
                12:54: 9:15  Start Input for Next Load Case
                12:54: 9:16  case no= 3203 seq. no=  96 idynl= 0
                12:54: 9:16  LOADEND ISLAVE                                   0
                12:54: 9:17  Start Input for Next Load Case
                12:54: 9:17  case no= 3204 seq. no=  97 idynl= 0
                12:54: 9:18  LOADEND ISLAVE                                   0
                12:54: 9:18  Start Input for Next Load Case
                12:54: 9:19  case no= 3205 seq. no=  98 idynl= 0
                12:54: 9:19  LOADEND ISLAVE                                   0
                12:54: 9:20  Start Input for Next Load Case
                12:54: 9:20  case no= 3206 seq. no=  99 idynl= 0
                12:54: 9:21  LOADEND ISLAVE                                   0
                12:54: 9:21  Start Input for Next Load Case
                12:54: 9:22  case no= 3207 seq. no= 100 idynl= 0
                12:54: 9:22  LOADEND ISLAVE                                   0
                12:54: 9:23  Start Input for Next Load Case
                12:54: 9:24  case no= 3208 seq. no= 101 idynl= 0
                12:54: 9:24  LOADEND ISLAVE                                   0
                12:54: 9:25  NVPREV                                           0
                12:54: 9:25  AMAXNON                               2.513123E-01
                12:54: 9:26  IRECSIZL=                                     4000
                12:54: 9:26  MTX BLOCKSIZE=                                  18
                12:54: 9:27  MI=                                             18
                12:54: 9:28  NORECL=                                          1
                12:54: 9:28  NORECL1=                                         1
                12:54: 9:29  IWORD=                                       32000
                12:54: 9:29  JRECSIZE=                                     4000
                12:54: 9:30  IWORDJ=                                      32000
                12:54: 9:30  IBYTE=                                           4
                12:54: 9:31  JOINTS=                                          4
                12:54: 9:32  MEMBERS=                                         3
                12:54: 9:32  PLATES =                                         0
                12:54: 9:33  SOLIDS =                                         0
                12:54: 9:33  NO. OF EQUATIONS=                               18
                12:54: 9:34  idyn=                                            0
                12:54: 9:35  ipd=                                             0
                12:54: 9:35  icablanl=                                        0
                12:54: 9:36  ++ Processing Element Stiffness Matrix.
                12:54: 9:36  NV1                                            101
                12:54: 9:47  ++ Calculating Element Forces & Reactions.
                12:54:10: 3  COMBINATION CASES=                               0
                12:54:10: 4  MAX CM MEMORY (KILOWORDS)                       26
                12:54:10: 4  AFTER SOLVER 1
                12:54:10: 6  REOPEN AS SEQ                                    0
                12:54:10: 6  DEFINE ENVELOPE
                12:54:10: 8  LOAD LIST 1101 TO 110
                12:54:10: 8  PARAMETER 1
                12:54:10: 9  CHECK CODE ALL
                12:54:10: 9  ENTERING SECTNM110 IQ=                           3
                12:54:10: 9               NSEC=                              11
                12:54:10:10             ISECTN=                               0
                12:54:10:12  SECTNM110 DO 925
                12:54:10:13  ENTERING ENVLP1 ITYP1=                          -3
                12:54:10:13  SECT DISPLACE
                12:54:10:14  Steel/Alum/Timber Design                        52
                12:54:10:16    ++ Finished Design ...
                12:54:10:16  Steel/Timber Design exit
                12:54:10:17  LOAD LIST 2101 TO 210
                12:54:10:17  PARAMETER 1
                12:54:10:18  CHECK CODE ALL
                12:54:10:18  ENTERING ENVLP1 ITYP1=                          -3
                12:54:10:19  SECT DISPLACE
                12:54:10:20  Steel/Alum/Timber Design                        52
                12:54:10:21    ++ Finished Design ...
                12:54:10:21  Steel/Timber Design exit
                12:54:10:22  LOAD LIST ENV 4 TO 7
                12:54:10:23  PARAMETER 1
                12:54:10:24  CHECK CODE ALL
                12:54:10:24  ENTERING ENVLP1 ITYP1=                          -3
                12:54:10:25  SECT DISPLACE
                12:54:10:26  Steel/Alum/Timber Design                        52
                12:54:10:27    ++ Finished Design ...
                12:54:10:27  Steel/Timber Design exit
                12:54:10:28  PRINT JOINT DISPLACEM
                12:54:10:28  DRAW ISOM JOIN MEMB
                12:54:10:29  ENTERING SECTNM110 IQ=                           3
                12:54:10:30               NSEC=                              11
                12:54:10:30             ISECTN=                               0
                12:54:10:32  SECTNM110 DO 925
                12:54:10:33  PRINT SUPPORT REACTIO
                12:54:10:33  DRAW ISOM SUPP PROP
                12:54:10:34  ENTERING SECTNM110 IQ=                           3
                12:54:10:35               NSEC=                              11
                12:54:10:35             ISECTN=                               0
                12:54:10:38  SECTNM110 DO 925
                12:54:10:39  DRAW ISOM SHAP
                12:54:10:39  ENTERING SECTNM110 IQ=                           3
                12:54:10:40               NSEC=                              11
                12:54:10:41             ISECTN=                               0
                12:54:10:43  SECTNM110 DO 925
                12:54:10:44  PRINT CG
                12:54:10:44  FINISH
                12:54:10:44  All Commands FINISHed
                12:54:10:45  DATASAVE for SPRO GUI
                12:54:10:46  ++ Creating Displacement File (DSP)...
                12:54:10:47  ++ Creating Reaction File (REA)...
                12:54:10:47  ++ Creating Section Force File (BMD)...
                12:54:10:48  ++ Creating Section Displace File (SEC)...
                12:54:10:48  ENTERING ENVLP1 ITYP1=                          -5
                12:54:10:49  SECT DISPLACE
                12:54:10:51  ++ Creating Section Displace File (SCN)...
                12:54:10:52  ++ Creating Design information File (DGN)...
                12:54:10:52  ALLOCATED CM MEMORY (KILOWORDS)             300000
                12:54:10:53  MAX CM MEMORY (KILOWORDS)                       44
                12:54:10:54  DBS LONG SEC NAME
* End Of Analysis At Mon Jan 13 12:54:10 2025
* CPU usage = 3.524000
* STAAD Exit Code: 100, Warning Count: 0, Error Count: 0, Duration: 3.524
1 0 0 3.524
****************************************************************************
*                            END OF ANALYSIS                               *
****************************************************************************
