01/13/2025 12:53:59	Reading UID database.
01/13/2025 12:53:59	Start loading STAAD model.
01/13/2025 12:53:59	Reading model file.
01/13/2025 12:53:59	Reading model file is complete.
01/13/2025 12:53:59	Processing support.
01/13/2025 12:53:59	Processing springs.
01/13/2025 12:53:59	Processing properties.
01/13/2025 12:53:59	Processing physical properties.
01/13/2025 12:53:59	Processing constants.
01/13/2025 12:53:59	Processing BETA constants.
01/13/2025 12:53:59	Processing hidden analytical member loads.
01/13/2025 12:53:59	Processing command list for member release.
01/13/2025 12:53:59	Processing command list for member offset.
01/13/2025 12:53:59	Processing command list for member specs (cracked).
01/13/2025 12:53:59	Processing command list for member specs (axial).
01/13/2025 12:53:59	Processing command list for element release.
01/13/2025 12:53:59	Processing command list for element offset.
01/13/2025 12:53:59	Processing command list for element plate stress directive.
01/13/2025 12:53:59	Processing parameter for Chinese wind load case.
01/13/2025 12:53:59	End Processing command list.
01/13/2025 12:53:59	End loading STAAD model.
01/13/2025 12:54:24	Start Post Analysis method
01/13/2025 12:54:24	Removed all hidden plates from surfaces
01/13/2025 12:54:24	Removed all hidden plates
01/13/2025 12:54:24	Removed all hidden nodes
01/13/2025 12:54:24	Loading results from MSH file...
01/13/2025 12:54:24	Building result indices...
01/13/2025 12:54:24	Loading plate stress results...
01/13/2025 12:54:24	Set analysis report setup data
01/13/2025 12:54:24	Starting page setup...
01/13/2025 12:54:24	Page setup completed
01/13/2025 12:54:24	Setting available workflows...
01/13/2025 12:54:24	Post analysis method ends
