07/15/2024 10:20:51	Reading UID database.
07/15/2024 10:20:51	Start loading STAAD model.
07/15/2024 10:20:51	Reading model file.
07/15/2024 10:20:51	Reading model file is complete.
07/15/2024 10:20:51	Processing support.
07/15/2024 10:20:51	Processing springs.
07/15/2024 10:20:51	Processing properties.
07/15/2024 10:20:51	Processing physical properties.
07/15/2024 10:20:51	Processing constants.
07/15/2024 10:20:51	Processing BETA constants.
07/15/2024 10:20:51	Processing hidden analytical member loads.
07/15/2024 10:20:51	Processing command list for member release.
07/15/2024 10:20:51	Processing command list for member offset.
07/15/2024 10:20:51	Processing command list for member specs (cracked).
07/15/2024 10:20:51	Processing command list for member specs (axial).
07/15/2024 10:20:51	Processing command list for element release.
07/15/2024 10:20:51	Processing command list for element offset.
07/15/2024 10:20:51	Processing command list for element plate stress directive.
07/15/2024 10:20:51	Processing parameter for Chinese wind load case.
07/15/2024 10:20:51	End Processing command list.
07/15/2024 10:20:51	End loading STAAD model.
07/15/2024 10:20:51	Start Post Analysis method
07/15/2024 10:20:51	Removed all hidden plates from surfaces
07/15/2024 10:20:51	Removed all hidden plates
07/15/2024 10:20:51	Removed all hidden nodes
07/15/2024 10:20:51	Loading results from MSH file...
07/15/2024 10:20:51	Building result indices...
07/15/2024 10:20:51	Loading plate stress results...
07/15/2024 10:20:51	Set analysis report setup data
07/15/2024 10:20:52	Starting page setup...
07/15/2024 10:20:52	Page setup completed
07/15/2024 10:20:52	Setting available workflows...
07/15/2024 10:20:52	Post analysis method ends
