10/15/2024 09:39:37	Reading UID database.
10/15/2024 09:39:37	Start loading STAAD model.
10/15/2024 09:39:37	Reading model file.
10/15/2024 09:39:38	Reading model file is complete.
10/15/2024 09:39:38	Processing support.
10/15/2024 09:39:38	Processing springs.
10/15/2024 09:39:38	Processing properties.
10/15/2024 09:39:38	Processing physical properties.
10/15/2024 09:39:38	Processing constants.
10/15/2024 09:39:38	Processing BETA constants.
10/15/2024 09:39:38	Processing hidden analytical member loads.
10/15/2024 09:39:38	Processing command list for member release.
10/15/2024 09:39:38	Processing command list for member offset.
10/15/2024 09:39:38	Processing command list for member specs (cracked).
10/15/2024 09:39:38	Processing command list for member specs (axial).
10/15/2024 09:39:38	Processing command list for element release.
10/15/2024 09:39:38	Processing command list for element offset.
10/15/2024 09:39:38	Processing command list for element plate stress directive.
10/15/2024 09:39:38	Processing parameter for Chinese wind load case.
10/15/2024 09:39:38	End Processing command list.
10/15/2024 09:39:38	End loading STAAD model.
10/15/2024 09:39:38	Start Post Analysis method
10/15/2024 09:39:38	Removed all hidden plates from surfaces
10/15/2024 09:39:38	Removed all hidden plates
10/15/2024 09:39:38	Removed all hidden nodes
10/15/2024 09:39:38	Loading results from MSH file...
10/15/2024 09:39:38	Building result indices...
10/15/2024 09:39:38	Loading plate stress results...
10/15/2024 09:39:38	Set analysis report setup data
10/15/2024 09:39:38	Starting page setup...
10/15/2024 09:39:38	Page setup completed
10/15/2024 09:39:38	Setting available workflows...
10/15/2024 09:39:38	Post analysis method ends
10/15/2024 09:40:14	Start Post Analysis method
10/15/2024 09:40:14	Removed all hidden plates from surfaces
10/15/2024 09:40:14	Removed all hidden plates
10/15/2024 09:40:14	Removed all hidden nodes
10/15/2024 09:40:14	Loading results from MSH file...
10/15/2024 09:40:14	Building result indices...
10/15/2024 09:40:14	Loading plate stress results...
10/15/2024 09:40:14	Set analysis report setup data
10/15/2024 09:40:14	Starting page setup...
10/15/2024 09:40:14	Page setup completed
10/15/2024 09:40:14	Setting available workflows...
10/15/2024 09:40:14	Post analysis method ends
