15:27:15	Initializing STAAD Engine
15:27:15	Run stream set up is complete.
15:27:15	Initialize license libraries.
15:27:16	License libraries initialized.
15:27:16	Starting license(s) for A & D engine.
15:27:17	License Status: Ok
15:27:17	License information set up is complete.
****************************************************************************
*                            START OF ANALYSIS                             *
****************************************************************************
* Initiating Analysis At Wed Sep 25 15:27:17 2024
                          PROGRAM: STAAD.Pro
                          VERSION: 23.00.01.25
                15:27:17:38  ENTERING STAAD
                15:27:17:41  USING 64 BIT STAAD ENGINE
                15:27:17:41  ENTERING MAINN
                15:27:17:42  START JOB INFORMATION
                15:27:17:42  INPUT WIDTH 79
                15:27:17:43  UNIT MMS KN
                15:27:17:43  JOINT COORDINATES
                15:27:17:44  ENTERING JOINTC
                15:27:17:45  JOINTC NEWJ                                 400000
                15:27:17:46  MAX NODE NO.                                    32
                15:27:17:46  MEMBER INCIDENCES
                15:27:17:47  UNIT METER KN
                15:27:17:47  DEFINE MATERIAL START
                15:27:17:48  UNIT MMS KN
                15:27:17:49  MEMBER PROPERTY EUROP
                15:27:18: 0    ++ Finished Reading Member Properties ...
                15:27:18: 0  CONSTANTS
                15:27:18: 1  SUPPORTS
                15:27:18: 1  ENTERING SUPPORT
                15:27:18: 2  MEMBER OFFSET
                15:27:18: 3  DEFINE WIND LOAD
                15:27:18: 3  LOAD 121 LOADTYPE DEA
                15:27:18: 4  DUPLICATE ELEMENT CHECK
                15:27:18: 4  CHECKING STRUCTURAL INTEGRITY
                15:27:18: 5  CHECK UNCONNECTED JOINTS AND
                15:27:18: 6  CALCULATE MAX JOINT CONNECTIVITY
                15:27:18: 6  CHECK MULTIPLE STRUCTURES
                15:27:18: 7  ENTERING SUPPORT
                15:27:18: 7  NRJOLD                                           0
                15:27:18: 8  SUPPORT NOLD                                     0
                15:27:18: 8  SUPPORT N                                      168
                15:27:18: 9  BEFORE LOADPR
                15:27:18:10  REOPEN AS DIR                                    0
                15:27:18:10  ENTER LOADPR
                15:27:18:28  PERFORM ANALYSIS PRIN
                15:27:18:28  pdel iter                                        0
                15:27:18:29  MAXIMUM E =                           2.973273E+04
                15:27:18:30  MINIMUM E =                           2.973273E+04
                15:27:18:30  MBW DOF BAND=                                    1
                15:27:18:31  NUMBER OF PRIMARY CASES                        113
                15:27:18:32  NUMBER OF CASES                                276
                15:27:18:32  #OF CASES W/ELEM INMEMORY                      276
                15:27:18:33  MEMORY FOR MEMBER LOADS                     102672
                15:27:18:33  MEMORY FOR DISPLACEMENTS                     52992
                15:27:18:34  MEMORY FOR MEMBER FORCES                    102672
                15:27:18:34  Using 64-bit analysis engine
                15:27:18:35  BEFORE SOLVER 1
                15:27:18:36  Start Input for Next Load Case
                15:27:18:37  case no=  121 seq. no=   1 idynl= 0
                15:27:18:37  MASSSET                                          0
                15:27:18:38  LOADEND ISLAVE                                   0
                15:27:18:39  Start Input for Next Load Case
                15:27:18:39  case no=  201 seq. no=   2 idynl= 0
                15:27:18:40  LOADEND ISLAVE                                   0
                15:27:18:41  Start Input for Next Load Case
                15:27:18:41  case no=  202 seq. no=   3 idynl= 0
                15:27:18:42  LOADEND ISLAVE                                   0
                15:27:18:42  Start Input for Next Load Case
                15:27:18:43  case no=  203 seq. no=   4 idynl= 0
                15:27:18:43  LOADEND ISLAVE                                   0
                15:27:18:44  Start Input for Next Load Case
                15:27:18:45  case no=  204 seq. no=   5 idynl= 0
                15:27:18:45  LOADEND ISLAVE                                   0
                15:27:18:46  Start Input for Next Load Case
                15:27:18:46  case no=  205 seq. no=   6 idynl= 0
                15:27:18:47  LOADEND ISLAVE                                   0
                15:27:18:47  Start Input for Next Load Case
                15:27:18:48  case no=  206 seq. no=   7 idynl= 0
                15:27:18:49  LOADEND ISLAVE                                   0
                15:27:18:49  Start Input for Next Load Case
                15:27:18:50  case no=  207 seq. no=   8 idynl= 0
                15:27:18:51  LOADEND ISLAVE                                   0
                15:27:18:51  Start Input for Next Load Case
                15:27:18:52  case no=  208 seq. no=   9 idynl= 0
                15:27:18:52  LOADEND ISLAVE                                   0
                15:27:18:53  Start Input for Next Load Case
                15:27:18:53  case no=  312 seq. no=  10 idynl= 0
                15:27:18:54  LOADEND ISLAVE                                   0
                15:27:18:54  Start Input for Next Load Case
                15:27:18:55  case no=  313 seq. no=  11 idynl= 0
                15:27:18:55  LOADEND ISLAVE                                   0
                15:27:18:56  Start Input for Next Load Case
                15:27:18:56  case no=  314 seq. no=  12 idynl= 0
                15:27:18:57  LOADEND ISLAVE                                   0
                15:27:18:58  Start Input for Next Load Case
                15:27:18:58  case no=  315 seq. no=  13 idynl= 0
                15:27:18:59  LOADEND ISLAVE                                   0
                15:27:18:59  Start Input for Next Load Case
                15:27:18:60  case no=  322 seq. no=  14 idynl= 0
                15:27:18:61  LOADEND ISLAVE                                   0
                15:27:18:61  Start Input for Next Load Case
                15:27:18:62  case no=  323 seq. no=  15 idynl= 0
                15:27:18:62  LOADEND ISLAVE                                   0
                15:27:18:63  Start Input for Next Load Case
                15:27:18:64  case no=  324 seq. no=  16 idynl= 0
                15:27:18:64  LOADEND ISLAVE                                   0
                15:27:18:65  Start Input for Next Load Case
                15:27:18:65  case no=  325 seq. no=  17 idynl= 0
                15:27:18:66  LOADEND ISLAVE                                   0
                15:27:18:67  Start Input for Next Load Case
                15:27:18:67  case no=  332 seq. no=  18 idynl= 0
                15:27:18:68  LOADEND ISLAVE                                   0
                15:27:18:68  Start Input for Next Load Case
                15:27:18:69  case no=  333 seq. no=  19 idynl= 0
                15:27:18:70  LOADEND ISLAVE                                   0
                15:27:18:70  Start Input for Next Load Case
                15:27:18:71  case no=  334 seq. no=  20 idynl= 0
                15:27:18:71  LOADEND ISLAVE                                   0
                15:27:18:72  Start Input for Next Load Case
                15:27:18:72  case no=  335 seq. no=  21 idynl= 0
                15:27:18:73  LOADEND ISLAVE                                   0
                15:27:18:73  Start Input for Next Load Case
                15:27:18:74  case no=  411 seq. no=  22 idynl= 0
                15:27:18:74  LOADEND ISLAVE                                   0
                15:27:18:75  Start Input for Next Load Case
                15:27:18:76  case no=  412 seq. no=  23 idynl= 0
                15:27:18:76  LOADEND ISLAVE                                   0
                15:27:18:77  Start Input for Next Load Case
                15:27:18:77  case no=  413 seq. no=  24 idynl= 0
                15:27:18:78  LOADEND ISLAVE                                   0
                15:27:18:78  Start Input for Next Load Case
                15:27:18:79  case no=  414 seq. no=  25 idynl= 0
                15:27:18:80  LOADEND ISLAVE                                   0
                15:27:18:80  Start Input for Next Load Case
                15:27:18:81  case no=  415 seq. no=  26 idynl= 0
                15:27:18:81  LOADEND ISLAVE                                   0
                15:27:18:82  Start Input for Next Load Case
                15:27:18:82  case no=  416 seq. no=  27 idynl= 0
                15:27:18:83  LOADEND ISLAVE                                   0
                15:27:18:84  Start Input for Next Load Case
                15:27:18:84  case no=  417 seq. no=  28 idynl= 0
                15:27:18:85  LOADEND ISLAVE                                   0
                15:27:18:85  Start Input for Next Load Case
                15:27:18:86  case no=  418 seq. no=  29 idynl= 0
                15:27:18:87  LOADEND ISLAVE                                   0
                15:27:18:87  Start Input for Next Load Case
                15:27:18:88  case no=  421 seq. no=  30 idynl= 0
                15:27:18:88  LOADEND ISLAVE                                   0
                15:27:18:89  Start Input for Next Load Case
                15:27:18:89  case no=  422 seq. no=  31 idynl= 0
                15:27:18:90  LOADEND ISLAVE                                   0
                15:27:18:91  Start Input for Next Load Case
                15:27:18:91  case no=  423 seq. no=  32 idynl= 0
                15:27:18:92  LOADEND ISLAVE                                   0
                15:27:18:92  Start Input for Next Load Case
                15:27:18:93  case no=  424 seq. no=  33 idynl= 0
                15:27:18:94  LOADEND ISLAVE                                   0
                15:27:18:94  Start Input for Next Load Case
                15:27:18:95  case no=  425 seq. no=  34 idynl= 0
                15:27:18:96  LOADEND ISLAVE                                   0
                15:27:18:97  Start Input for Next Load Case
                15:27:18:98  case no=  426 seq. no=  35 idynl= 0
                15:27:18:98  LOADEND ISLAVE                                   0
                15:27:18:99  Start Input for Next Load Case
                15:27:19: 0  case no=  427 seq. no=  36 idynl= 0
                15:27:19: 1  LOADEND ISLAVE                                   0
                15:27:19: 1  Start Input for Next Load Case
                15:27:19: 2  case no=  428 seq. no=  37 idynl= 0
                15:27:19: 3  LOADEND ISLAVE                                   0
                15:27:19: 3  Start Input for Next Load Case
                15:27:19: 4  case no=  711 seq. no=  38 idynl= 0
                15:27:19: 5  LOADEND ISLAVE                                   0
                15:27:19: 5  Start Input for Next Load Case
                15:27:19: 6  case no=  712 seq. no=  39 idynl= 0
                15:27:19: 7  LOADEND ISLAVE                                   0
                15:27:19: 7  Start Input for Next Load Case
                15:27:19: 8  case no=  713 seq. no=  40 idynl= 0
                15:27:19: 9  LOADEND ISLAVE                                   0
                15:27:19: 9  Start Input for Next Load Case
                15:27:19:10  case no=  714 seq. no=  41 idynl= 0
                15:27:19:10  LOADEND ISLAVE                                   0
                15:27:19:11  Start Input for Next Load Case
                15:27:19:11  case no=  715 seq. no=  42 idynl= 0
                15:27:19:12  LOADEND ISLAVE                                   0
                15:27:19:13  Start Input for Next Load Case
                15:27:19:14  case no=  716 seq. no=  43 idynl= 0
                15:27:19:14  LOADEND ISLAVE                                   0
                15:27:19:15  Start Input for Next Load Case
                15:27:19:16  case no=  717 seq. no=  44 idynl= 0
                15:27:19:16  LOADEND ISLAVE                                   0
                15:27:19:17  Start Input for Next Load Case
                15:27:19:17  case no=  718 seq. no=  45 idynl= 0
                15:27:19:18  LOADEND ISLAVE                                   0
                15:27:19:19  Start Input for Next Load Case
                15:27:19:19  case no=  901 seq. no=  46 idynl= 0
                15:27:19:20  LOADEND ISLAVE                                   0
                15:27:19:20  Start Input for Next Load Case
                15:27:19:21  case no=  902 seq. no=  47 idynl= 0
                15:27:19:22  LOADEND ISLAVE                                   0
                15:27:19:22  Start Input for Next Load Case
                15:27:19:23  case no=  903 seq. no=  48 idynl= 0
                15:27:19:23  LOADEND ISLAVE                                   0
                15:27:19:24  Start Input for Next Load Case
                15:27:19:24  case no=  904 seq. no=  49 idynl= 0
                15:27:19:25  LOADEND ISLAVE                                   0
                15:27:19:25  Start Input for Next Load Case
                15:27:19:26  case no=  905 seq. no=  50 idynl= 0
                15:27:19:27  LOADEND ISLAVE                                   0
                15:27:19:27  Start Input for Next Load Case
                15:27:19:28  case no=  906 seq. no=  51 idynl= 0
                15:27:19:28  LOADEND ISLAVE                                   0
                15:27:19:29  Start Input for Next Load Case
                15:27:19:29  case no= 1101 seq. no=  52 idynl= 0
                15:27:19:30  LOADEND ISLAVE                                   0
                15:27:19:31  Start Input for Next Load Case
                15:27:19:31  case no= 1102 seq. no=  53 idynl= 0
                15:27:19:32  LOADEND ISLAVE                                   0
                15:27:19:32  Start Input for Next Load Case
                15:27:19:33  case no= 1103 seq. no=  54 idynl= 0
                15:27:19:33  LOADEND ISLAVE                                   0
                15:27:19:34  Start Input for Next Load Case
                15:27:19:35  case no= 1104 seq. no=  55 idynl= 0
                15:27:19:35  LOADEND ISLAVE                                   0
                15:27:19:36  Start Input for Next Load Case
                15:27:19:36  case no= 1105 seq. no=  56 idynl= 0
                15:27:19:37  LOADEND ISLAVE                                   0
                15:27:19:38  Start Input for Next Load Case
                15:27:19:38  case no= 1106 seq. no=  57 idynl= 0
                15:27:19:39  LOADEND ISLAVE                                   0
                15:27:19:40  Start Input for Next Load Case
                15:27:19:41  case no= 1107 seq. no=  58 idynl= 0
                15:27:19:42  LOADEND ISLAVE                                   0
                15:27:19:42  Start Input for Next Load Case
                15:27:19:43  case no= 1108 seq. no=  59 idynl= 0
                15:27:19:43  LOADEND ISLAVE                                   0
                15:27:19:44  Start Input for Next Load Case
                15:27:19:45  case no= 1201 seq. no=  60 idynl= 0
                15:27:19:45  LOADEND ISLAVE                                   0
                15:27:19:46  Start Input for Next Load Case
                15:27:19:46  case no= 1202 seq. no=  61 idynl= 0
                15:27:19:47  LOADEND ISLAVE                                   0
                15:27:19:48  Start Input for Next Load Case
                15:27:19:48  case no= 1203 seq. no=  62 idynl= 0
                15:27:19:49  LOADEND ISLAVE                                   0
                15:27:19:49  Start Input for Next Load Case
                15:27:19:50  case no= 1204 seq. no=  63 idynl= 0
                15:27:19:50  LOADEND ISLAVE                                   0
                15:27:19:51  Start Input for Next Load Case
                15:27:19:51  case no= 1205 seq. no=  64 idynl= 0
                15:27:19:52  LOADEND ISLAVE                                   0
                15:27:19:52  Start Input for Next Load Case
                15:27:19:53  case no= 1206 seq. no=  65 idynl= 0
                15:27:19:53  LOADEND ISLAVE                                   0
                15:27:19:54  Start Input for Next Load Case
                15:27:19:55  case no= 1207 seq. no=  66 idynl= 0
                15:27:19:55  LOADEND ISLAVE                                   0
                15:27:19:56  Start Input for Next Load Case
                15:27:19:56  case no= 1208 seq. no=  67 idynl= 0
                15:27:19:57  LOADEND ISLAVE                                   0
                15:27:19:57  Start Input for Next Load Case
                15:27:19:58  case no= 2101 seq. no=  68 idynl= 0
                15:27:19:58  LOADEND ISLAVE                                   0
                15:27:19:59  Start Input for Next Load Case
                15:27:19:60  case no= 2102 seq. no=  69 idynl= 0
                15:27:19:60  LOADEND ISLAVE                                   0
                15:27:19:61  Start Input for Next Load Case
                15:27:19:61  case no= 2103 seq. no=  70 idynl= 0
                15:27:19:62  LOADEND ISLAVE                                   0
                15:27:19:62  Start Input for Next Load Case
                15:27:19:63  case no= 2104 seq. no=  71 idynl= 0
                15:27:19:64  LOADEND ISLAVE                                   0
                15:27:19:64  Start Input for Next Load Case
                15:27:19:65  case no= 2105 seq. no=  72 idynl= 0
                15:27:19:65  LOADEND ISLAVE                                   0
                15:27:19:66  Start Input for Next Load Case
                15:27:19:66  case no= 2106 seq. no=  73 idynl= 0
                15:27:19:67  LOADEND ISLAVE                                   0
                15:27:19:68  Start Input for Next Load Case
                15:27:19:68  case no= 2107 seq. no=  74 idynl= 0
                15:27:19:69  LOADEND ISLAVE                                   0
                15:27:19:69  Start Input for Next Load Case
                15:27:19:70  case no= 2108 seq. no=  75 idynl= 0
                15:27:19:71  LOADEND ISLAVE                                   0
                15:27:19:71  Start Input for Next Load Case
                15:27:19:72  case no= 3001 seq. no=  76 idynl= 0
                15:27:19:72  LOADEND ISLAVE                                   0
                15:27:19:73  Start Input for Next Load Case
                15:27:19:73  case no= 3002 seq. no=  77 idynl= 0
                15:27:19:74  LOADEND ISLAVE                                   0
                15:27:19:75  Start Input for Next Load Case
                15:27:19:75  case no= 3003 seq. no=  78 idynl= 0
                15:27:19:76  LOADEND ISLAVE                                   0
                15:27:19:76  Start Input for Next Load Case
                15:27:19:77  case no= 3004 seq. no=  79 idynl= 0
                15:27:19:77  LOADEND ISLAVE                                   0
                15:27:19:78  Start Input for Next Load Case
                15:27:19:78  case no= 3005 seq. no=  80 idynl= 0
                15:27:19:79  LOADEND ISLAVE                                   0
                15:27:19:79  Start Input for Next Load Case
                15:27:19:80  case no= 3006 seq. no=  81 idynl= 0
                15:27:19:81  LOADEND ISLAVE                                   0
                15:27:19:81  Start Input for Next Load Case
                15:27:19:82  case no= 3007 seq. no=  82 idynl= 0
                15:27:19:82  LOADEND ISLAVE                                   0
                15:27:19:83  Start Input for Next Load Case
                15:27:19:84  case no= 3008 seq. no=  83 idynl= 0
                15:27:19:84  LOADEND ISLAVE                                   0
                15:27:19:85  Start Input for Next Load Case
                15:27:19:86  case no= 3011 seq. no=  84 idynl= 0
                15:27:19:86  LOADEND ISLAVE                                   0
                15:27:19:87  Start Input for Next Load Case
                15:27:19:87  case no= 3012 seq. no=  85 idynl= 0
                15:27:19:88  LOADEND ISLAVE                                   0
                15:27:19:88  Start Input for Next Load Case
                15:27:19:89  case no= 3013 seq. no=  86 idynl= 0
                15:27:19:89  LOADEND ISLAVE                                   0
                15:27:19:90  Start Input for Next Load Case
                15:27:19:90  case no= 3014 seq. no=  87 idynl= 0
                15:27:19:91  LOADEND ISLAVE                                   0
                15:27:19:91  Start Input for Next Load Case
                15:27:19:92  case no= 3015 seq. no=  88 idynl= 0
                15:27:19:93  LOADEND ISLAVE                                   0
                15:27:19:93  Start Input for Next Load Case
                15:27:19:94  case no= 3016 seq. no=  89 idynl= 0
                15:27:19:94  LOADEND ISLAVE                                   0
                15:27:19:95  Start Input for Next Load Case
                15:27:19:95  case no= 3017 seq. no=  90 idynl= 0
                15:27:19:96  LOADEND ISLAVE                                   0
                15:27:19:96  Start Input for Next Load Case
                15:27:19:97  case no= 3018 seq. no=  91 idynl= 0
                15:27:19:98  LOADEND ISLAVE                                   0
                15:27:19:98  Start Input for Next Load Case
                15:27:19:99  case no= 3021 seq. no=  92 idynl= 0
                15:27:19:99  LOADEND ISLAVE                                   0
                15:27:20: 0  Start Input for Next Load Case
                15:27:20: 0  case no= 3022 seq. no=  93 idynl= 0
                15:27:20: 1  LOADEND ISLAVE                                   0
                15:27:20: 2  Start Input for Next Load Case
                15:27:20: 2  case no= 3023 seq. no=  94 idynl= 0
                15:27:20: 3  LOADEND ISLAVE                                   0
                15:27:20: 3  Start Input for Next Load Case
                15:27:20: 4  case no= 3024 seq. no=  95 idynl= 0
                15:27:20: 4  LOADEND ISLAVE                                   0
                15:27:20: 5  Start Input for Next Load Case
                15:27:20: 6  case no= 3025 seq. no=  96 idynl= 0
                15:27:20: 6  LOADEND ISLAVE                                   0
                15:27:20: 7  Start Input for Next Load Case
                15:27:20: 7  case no= 3026 seq. no=  97 idynl= 0
                15:27:20: 8  LOADEND ISLAVE                                   0
                15:27:20: 8  Start Input for Next Load Case
                15:27:20: 9  case no= 3027 seq. no=  98 idynl= 0
                15:27:20: 9  LOADEND ISLAVE                                   0
                15:27:20:10  Start Input for Next Load Case
                15:27:20:11  case no= 3028 seq. no=  99 idynl= 0
                15:27:20:11  LOADEND ISLAVE                                   0
                15:27:20:12  Start Input for Next Load Case
                15:27:20:12  case no= 3201 seq. no= 100 idynl= 0
                15:27:20:13  LOADEND ISLAVE                                   0
                15:27:20:14  Start Input for Next Load Case
                15:27:20:14  case no= 3202 seq. no= 101 idynl= 0
                15:27:20:15  LOADEND ISLAVE                                   0
                15:27:20:15  Start Input for Next Load Case
                15:27:20:16  case no= 3203 seq. no= 102 idynl= 0
                15:27:20:16  LOADEND ISLAVE                                   0
                15:27:20:17  Start Input for Next Load Case
                15:27:20:18  case no= 3204 seq. no= 103 idynl= 0
                15:27:20:18  LOADEND ISLAVE                                   0
                15:27:20:19  Start Input for Next Load Case
                15:27:20:19  case no= 3205 seq. no= 104 idynl= 0
                15:27:20:20  LOADEND ISLAVE                                   0
                15:27:20:20  Start Input for Next Load Case
                15:27:20:21  case no= 3206 seq. no= 105 idynl= 0
                15:27:20:21  LOADEND ISLAVE                                   0
                15:27:20:22  Start Input for Next Load Case
                15:27:20:22  case no= 3207 seq. no= 106 idynl= 0
                15:27:20:23  LOADEND ISLAVE                                   0
                15:27:20:23  Start Input for Next Load Case
                15:27:20:24  case no= 3208 seq. no= 107 idynl= 0
                15:27:20:25  LOADEND ISLAVE                                   0
                15:27:20:25  Start Input for Next Load Case
                15:27:20:26  case no= 4001 seq. no= 108 idynl= 0
                15:27:20:26  LOADEND ISLAVE                                   0
                15:27:20:27  Start Input for Next Load Case
                15:27:20:27  case no= 4002 seq. no= 109 idynl= 0
                15:27:20:28  LOADEND ISLAVE                                   0
                15:27:20:28  Start Input for Next Load Case
                15:27:20:29  case no= 4003 seq. no= 110 idynl= 0
                15:27:20:29  LOADEND ISLAVE                                   0
                15:27:20:30  Start Input for Next Load Case
                15:27:20:30  case no= 4004 seq. no= 111 idynl= 0
                15:27:20:31  LOADEND ISLAVE                                   0
                15:27:20:32  Start Input for Next Load Case
                15:27:20:32  case no= 4005 seq. no= 112 idynl= 0
                15:27:20:33  LOADEND ISLAVE                                   0
                15:27:20:33  Start Input for Next Load Case
                15:27:20:34  case no= 4006 seq. no= 113 idynl= 0
                15:27:20:34  LOADEND ISLAVE                                   0
                15:27:20:35  NVPREV                                           0
                15:27:20:35  AMAXNON                               7.690289E-01
                15:27:20:36  IRECSIZL=                                     4000
                15:27:20:37  MTX BLOCKSIZE=                                 168
                15:27:20:37  MI=                                            168
                15:27:20:38  NORECL=                                          1
                15:27:20:39  NORECL1=                                         1
                15:27:20:39  IWORD=                                       32000
                15:27:20:40  JRECSIZE=                                     4000
                15:27:20:40  IWORDJ=                                      32000
                15:27:20:41  IBYTE=                                           4
                15:27:20:41  JOINTS=                                         32
                15:27:20:42  MEMBERS=                                        31
                15:27:20:43  PLATES =                                         0
                15:27:20:44  SOLIDS =                                         0
                15:27:20:44  NO. OF EQUATIONS=                              168
                15:27:20:45  idyn=                                            0
                15:27:20:46  ipd=                                             0
                15:27:20:46  icablanl=                                        0
                15:27:20:47  ++ Processing Element Stiffness Matrix.
                15:27:20:47  NV1                                            113
                15:27:20:60  ++ Calculating Element Forces & Reactions.
                15:27:21:32  COMBINATION CASES=                               0
                15:27:21:32  MAX CM MEMORY (KILOWORDS)                       45
                15:27:21:32  AFTER SOLVER 1
                15:27:21:34  REOPEN AS SEQ                                    0
                15:27:21:34  DEFINE ENVELOPE
                15:27:21:36  LOAD LIST 1101 TO 110
                15:27:21:36  PARAMETER 1
                15:27:21:37  CHECK CODE ALL
                15:27:21:37  ENTERING SECTNM110 IQ=                          31
                15:27:21:38               NSEC=                              11
                15:27:21:39             ISECTN=                               0
                15:27:21:42  SECTNM110 DO 925
                15:27:21:46  ENTERING ENVLP1 ITYP1=                          -3
                15:27:21:46  SECT DISPLACE
                15:27:21:51  Steel/Alum/Timber Design                        52
                15:27:21:58    ++ Finished Design ...
                15:27:21:58  Steel/Timber Design exit
                15:27:21:59  LOAD LIST 2101 TO 210
                15:27:21:60  PARAMETER 1
                15:27:21:61  CHECK CODE ALL
                15:27:21:61  ENTERING ENVLP1 ITYP1=                          -3
                15:27:21:62  SECT DISPLACE
                15:27:21:66  Steel/Alum/Timber Design                        52
                15:27:21:68    ++ Finished Design ...
                15:27:21:68  Steel/Timber Design exit
                15:27:21:69  LOAD LIST ENV 4 TO 7
                15:27:21:70  PARAMETER 1
                15:27:21:71  CHECK CODE ALL
                15:27:21:71  ENTERING ENVLP1 ITYP1=                          -3
                15:27:21:72  SECT DISPLACE
                15:27:21:76  Steel/Alum/Timber Design                        52
                15:27:21:82    ++ Finished Design ...
                15:27:21:82  Steel/Timber Design exit
                15:27:21:83  LOAD LIST 4001 TO 400
                15:27:21:84  PARAMETER 1
                15:27:21:85  CHECK CODE ALL
                15:27:21:85  ENTERING ENVLP1 ITYP1=                          -3
                15:27:21:86  SECT DISPLACE
                15:27:21:90  Steel/Alum/Timber Design                        52
                15:27:21:93    ++ Finished Design ...
                15:27:21:93  Steel/Timber Design exit
                15:27:21:94  PRINT JOINT DISPLACEM
                15:27:21:94  DRAW ISOM JOIN MEMB
                15:27:21:95  ENTERING SECTNM110 IQ=                          31
                15:27:21:96               NSEC=                              11
                15:27:21:96             ISECTN=                               0
                15:27:22: 0  SECTNM110 DO 925
                15:27:22: 4  PRINT SUPPORT REACTIO
                15:27:22: 4  DRAW ISOM SUPP PROP
                15:27:22: 5  ENTERING SECTNM110 IQ=                          31
                15:27:22: 6               NSEC=                              11
                15:27:22: 6             ISECTN=                               0
                15:27:22:10  SECTNM110 DO 925
                15:27:22:14  DRAW ISOM SHAP
                15:27:22:14  ENTERING SECTNM110 IQ=                          31
                15:27:22:14               NSEC=                              11
                15:27:22:15             ISECTN=                               0
                15:27:22:19  SECTNM110 DO 925
                15:27:22:23  PRINT CG
                15:27:22:23  FINISH
                15:27:22:24  All Commands FINISHed
                15:27:22:24  DATASAVE for SPRO GUI
                15:27:22:25  ++ Creating Displacement File (DSP)...
                15:27:22:28  ++ Creating Reaction File (REA)...
                15:27:22:28  ++ Creating Section Force File (BMD)...
                15:27:22:34  ++ Creating Section Displace File (SEC)...
                15:27:22:34  ENTERING ENVLP1 ITYP1=                          -5
                15:27:22:35  SECT DISPLACE
                15:27:22:41  ++ Creating Section Displace File (SCN)...
                15:27:22:45  ++ Creating Design information File (DGN)...
                15:27:22:46  ALLOCATED CM MEMORY (KILOWORDS)             300000
                15:27:22:47  MAX CM MEMORY (KILOWORDS)                      158
                15:27:22:48  DBS LONG SEC NAME
* End Of Analysis At Wed Sep 25 15:27:22 2024
* CPU usage = 5.186000
* STAAD Exit Code: 100, Warning Count: 0, Error Count: 0, Duration: 5.186
1 0 0 5.186
****************************************************************************
*                            END OF ANALYSIS                               *
****************************************************************************
