10/17/2024 13:23:01	Reading UID database.
10/17/2024 13:23:01	Start loading STAAD model.
10/17/2024 13:23:01	Reading model file.
10/17/2024 13:23:01	Reading model file is complete.
10/17/2024 13:23:01	Processing support.
10/17/2024 13:23:01	Processing springs.
10/17/2024 13:23:01	Processing properties.
10/17/2024 13:23:01	Processing physical properties.
10/17/2024 13:23:01	Processing constants.
10/17/2024 13:23:01	Processing BETA constants.
10/17/2024 13:23:01	Processing hidden analytical member loads.
10/17/2024 13:23:01	Processing command list for member release.
10/17/2024 13:23:01	Processing command list for member offset.
10/17/2024 13:23:01	Processing command list for member specs (cracked).
10/17/2024 13:23:01	Processing command list for member specs (axial).
10/17/2024 13:23:01	Processing command list for element release.
10/17/2024 13:23:01	Processing command list for element offset.
10/17/2024 13:23:01	Processing command list for element plate stress directive.
10/17/2024 13:23:01	Processing parameter for Chinese wind load case.
10/17/2024 13:23:01	End Processing command list.
10/17/2024 13:23:01	End loading STAAD model.
10/17/2024 13:23:01	Start Post Analysis method
10/17/2024 13:23:01	Removed all hidden plates from surfaces
10/17/2024 13:23:01	Removed all hidden plates
10/17/2024 13:23:01	Removed all hidden nodes
10/17/2024 13:23:01	Loading results from MSH file...
10/17/2024 13:23:01	Building result indices...
10/17/2024 13:23:01	Loading plate stress results...
10/17/2024 13:23:01	Set analysis report setup data
10/17/2024 13:23:01	Starting page setup...
10/17/2024 13:23:01	Page setup completed
10/17/2024 13:23:01	Setting available workflows...
10/17/2024 13:23:01	Post analysis method ends
10/17/2024 13:23:50	Start Post Analysis method
10/17/2024 13:23:50	Removed all hidden plates from surfaces
10/17/2024 13:23:50	Removed all hidden plates
10/17/2024 13:23:50	Removed all hidden nodes
10/17/2024 13:23:50	Loading results from MSH file...
10/17/2024 13:23:50	Building result indices...
10/17/2024 13:23:50	Loading plate stress results...
10/17/2024 13:23:50	Set analysis report setup data
10/17/2024 13:23:50	Starting page setup...
10/17/2024 13:23:50	Page setup completed
10/17/2024 13:23:50	Setting available workflows...
10/17/2024 13:23:50	Post analysis method ends
10/17/2024 13:38:21	Reading UID database.
10/17/2024 13:38:21	Start loading STAAD model.
10/17/2024 13:38:21	Reading model file.
10/17/2024 13:38:22	Reading model file is complete.
10/17/2024 13:38:22	Processing support.
10/17/2024 13:38:22	Processing springs.
10/17/2024 13:38:22	Processing properties.
10/17/2024 13:38:22	Processing physical properties.
10/17/2024 13:38:22	Processing constants.
10/17/2024 13:38:22	Processing BETA constants.
10/17/2024 13:38:22	Processing hidden analytical member loads.
10/17/2024 13:38:22	Processing command list for member release.
10/17/2024 13:38:22	Processing command list for member offset.
10/17/2024 13:38:22	Processing command list for member specs (cracked).
10/17/2024 13:38:22	Processing command list for member specs (axial).
10/17/2024 13:38:22	Processing command list for element release.
10/17/2024 13:38:22	Processing command list for element offset.
10/17/2024 13:38:22	Processing command list for element plate stress directive.
10/17/2024 13:38:22	Processing parameter for Chinese wind load case.
10/17/2024 13:38:22	End Processing command list.
10/17/2024 13:38:22	End loading STAAD model.
10/17/2024 13:38:22	Start Post Analysis method
10/17/2024 13:38:22	Removed all hidden plates from surfaces
10/17/2024 13:38:22	Removed all hidden plates
10/17/2024 13:38:22	Removed all hidden nodes
10/17/2024 13:38:22	Loading results from MSH file...
10/17/2024 13:38:22	Building result indices...
10/17/2024 13:38:22	Loading plate stress results...
10/17/2024 13:38:22	Set analysis report setup data
10/17/2024 13:38:22	Starting page setup...
10/17/2024 13:38:22	Page setup completed
10/17/2024 13:38:22	Setting available workflows...
10/17/2024 13:38:22	Post analysis method ends
10/17/2024 13:38:34	Start Post Analysis method
10/17/2024 13:38:34	Removed all hidden plates from surfaces
10/17/2024 13:38:34	Removed all hidden plates
10/17/2024 13:38:34	Removed all hidden nodes
10/17/2024 13:38:34	Loading results from MSH file...
10/17/2024 13:38:34	Building result indices...
10/17/2024 13:38:34	Loading plate stress results...
10/17/2024 13:38:34	Set analysis report setup data
10/17/2024 13:38:34	Starting page setup...
10/17/2024 13:38:34	Page setup completed
10/17/2024 13:38:34	Setting available workflows...
10/17/2024 13:38:34	Post analysis method ends
