13:54:00	Initializing STAAD Engine
13:54:00	Run stream set up is complete.
13:54:00	Initialize license libraries.
13:54:00	License libraries initialized.
13:54:00	Starting license(s) for A & D engine.
13:54:01	License Status: Ok
13:54:01	License information set up is complete.
****************************************************************************
*                            START OF ANALYSIS                             *
****************************************************************************
* Initiating Analysis At Thu Jul 11 13:54:01 2024
                          PROGRAM: STAAD.Pro
                          VERSION: 23.00.01.25
                13:54: 1:42  ENTERING STAAD
                13:54: 1:43  USING 64 BIT STAAD ENGINE
                13:54: 1:43  ENTERING MAINN
                13:54: 1:44  START JOB INFORMATION
                13:54: 1:44  INPUT WIDTH 79
                13:54: 1:45  UNIT MMS KN
                13:54: 1:45  JOINT COORDINATES
                13:54: 1:46  ENTERING JOINTC
                13:54: 1:46  JOINTC NEWJ                                 400000
                13:54: 1:46  MAX NODE NO.                                    21
                13:54: 1:47  MEMBER INCIDENCES
                13:54: 1:47  UNIT METER KN
                13:54: 1:48  DEFINE MATERIAL START
                13:54: 1:48  UNIT MMS KN
                13:54: 1:49  MEMBER PROPERTY EUROP
                13:54: 1:62    ++ Finished Reading Member Properties ...
                13:54: 1:62  CONSTANTS
                13:54: 1:62  SUPPORTS
                13:54: 1:63  ENTERING SUPPORT
                13:54: 1:64  MEMBER OFFSET
                13:54: 1:64  DEFINE WIND LOAD
                13:54: 1:65  LOAD 121 LOADTYPE DEA
                13:54: 1:65  DUPLICATE ELEMENT CHECK
                13:54: 1:65  CHECKING STRUCTURAL INTEGRITY
                13:54: 1:66  CHECK UNCONNECTED JOINTS AND
                13:54: 1:66  CALCULATE MAX JOINT CONNECTIVITY
                13:54: 1:67  CHECK MULTIPLE STRUCTURES
                13:54: 1:67  ENTERING SUPPORT
                13:54: 1:68  NRJOLD                                           0
                13:54: 1:68  SUPPORT NOLD                                     0
                13:54: 1:69  SUPPORT N                                       96
                13:54: 1:69  BEFORE LOADPR
                13:54: 1:70  REOPEN AS DIR                                    0
                13:54: 1:70  ENTER LOADPR
                13:54: 1:83  PERFORM ANALYSIS PRIN
                13:54: 1:83  pdel iter                                        0
                13:54: 1:83  MAXIMUM E =                           2.973273E+04
                13:54: 1:84  MINIMUM E =                           2.973273E+04
                13:54: 1:84  MBW DOF BAND=                                    1
                13:54: 1:85  NUMBER OF PRIMARY CASES                        101
                13:54: 1:85  NUMBER OF CASES                                252
                13:54: 1:86  #OF CASES W/ELEM INMEMORY                      252
                13:54: 1:86  MEMORY FOR MEMBER LOADS                      60480
                13:54: 1:87  MEMORY FOR DISPLACEMENTS                     31752
                13:54: 1:87  MEMORY FOR MEMBER FORCES                     60480
                13:54: 1:88  Using 64-bit analysis engine
                13:54: 1:88  BEFORE SOLVER 1
                13:54: 1:88  Start Input for Next Load Case
                13:54: 1:89  case no=  121 seq. no=   1 idynl= 0
                13:54: 1:89  MASSSET                                          0
                13:54: 1:90  LOADEND ISLAVE                                   0
                13:54: 1:90  Start Input for Next Load Case
                13:54: 1:91  case no=  201 seq. no=   2 idynl= 0
                13:54: 1:91  LOADEND ISLAVE                                   0
                13:54: 1:92  Start Input for Next Load Case
                13:54: 1:92  case no=  202 seq. no=   3 idynl= 0
                13:54: 1:92  LOADEND ISLAVE                                   0
                13:54: 1:93  Start Input for Next Load Case
                13:54: 1:93  case no=  203 seq. no=   4 idynl= 0
                13:54: 1:94  LOADEND ISLAVE                                   0
                13:54: 1:94  Start Input for Next Load Case
                13:54: 1:95  case no=  204 seq. no=   5 idynl= 0
                13:54: 1:95  LOADEND ISLAVE                                   0
                13:54: 1:95  Start Input for Next Load Case
                13:54: 1:96  case no=  205 seq. no=   6 idynl= 0
                13:54: 1:96  LOADEND ISLAVE                                   0
                13:54: 1:97  Start Input for Next Load Case
                13:54: 1:97  case no=  206 seq. no=   7 idynl= 0
                13:54: 1:98  LOADEND ISLAVE                                   0
                13:54: 1:98  Start Input for Next Load Case
                13:54: 1:98  case no=  207 seq. no=   8 idynl= 0
                13:54: 1:99  LOADEND ISLAVE                                   0
                13:54: 1:99  Start Input for Next Load Case
                13:54: 2: 0  case no=  208 seq. no=   9 idynl= 0
                13:54: 2: 0  LOADEND ISLAVE                                   0
                13:54: 2: 1  Start Input for Next Load Case
                13:54: 2: 1  case no=  312 seq. no=  10 idynl= 0
                13:54: 2: 2  LOADEND ISLAVE                                   0
                13:54: 2: 2  Start Input for Next Load Case
                13:54: 2: 2  case no=  313 seq. no=  11 idynl= 0
                13:54: 2: 3  LOADEND ISLAVE                                   0
                13:54: 2: 3  Start Input for Next Load Case
                13:54: 2: 4  case no=  314 seq. no=  12 idynl= 0
                13:54: 2: 4  LOADEND ISLAVE                                   0
                13:54: 2: 4  Start Input for Next Load Case
                13:54: 2: 5  case no=  315 seq. no=  13 idynl= 0
                13:54: 2: 6  LOADEND ISLAVE                                   0
                13:54: 2: 6  Start Input for Next Load Case
                13:54: 2: 7  case no=  322 seq. no=  14 idynl= 0
                13:54: 2: 7  LOADEND ISLAVE                                   0
                13:54: 2: 7  Start Input for Next Load Case
                13:54: 2: 8  case no=  323 seq. no=  15 idynl= 0
                13:54: 2: 8  LOADEND ISLAVE                                   0
                13:54: 2: 9  Start Input for Next Load Case
                13:54: 2: 9  case no=  324 seq. no=  16 idynl= 0
                13:54: 2:10  LOADEND ISLAVE                                   0
                13:54: 2:10  Start Input for Next Load Case
                13:54: 2:11  case no=  325 seq. no=  17 idynl= 0
                13:54: 2:12  LOADEND ISLAVE                                   0
                13:54: 2:12  Start Input for Next Load Case
                13:54: 2:13  case no=  332 seq. no=  18 idynl= 0
                13:54: 2:13  LOADEND ISLAVE                                   0
                13:54: 2:14  Start Input for Next Load Case
                13:54: 2:14  case no=  333 seq. no=  19 idynl= 0
                13:54: 2:15  LOADEND ISLAVE                                   0
                13:54: 2:15  Start Input for Next Load Case
                13:54: 2:16  case no=  334 seq. no=  20 idynl= 0
                13:54: 2:17  LOADEND ISLAVE                                   0
                13:54: 2:17  Start Input for Next Load Case
                13:54: 2:18  case no=  335 seq. no=  21 idynl= 0
                13:54: 2:18  LOADEND ISLAVE                                   0
                13:54: 2:18  Start Input for Next Load Case
                13:54: 2:19  case no=  411 seq. no=  22 idynl= 0
                13:54: 2:19  LOADEND ISLAVE                                   0
                13:54: 2:20  Start Input for Next Load Case
                13:54: 2:20  case no=  412 seq. no=  23 idynl= 0
                13:54: 2:21  LOADEND ISLAVE                                   0
                13:54: 2:21  Start Input for Next Load Case
                13:54: 2:21  case no=  413 seq. no=  24 idynl= 0
                13:54: 2:22  LOADEND ISLAVE                                   0
                13:54: 2:22  Start Input for Next Load Case
                13:54: 2:23  case no=  414 seq. no=  25 idynl= 0
                13:54: 2:23  LOADEND ISLAVE                                   0
                13:54: 2:24  Start Input for Next Load Case
                13:54: 2:24  case no=  415 seq. no=  26 idynl= 0
                13:54: 2:24  LOADEND ISLAVE                                   0
                13:54: 2:25  Start Input for Next Load Case
                13:54: 2:25  case no=  416 seq. no=  27 idynl= 0
                13:54: 2:26  LOADEND ISLAVE                                   0
                13:54: 2:26  Start Input for Next Load Case
                13:54: 2:26  case no=  417 seq. no=  28 idynl= 0
                13:54: 2:27  LOADEND ISLAVE                                   0
                13:54: 2:27  Start Input for Next Load Case
                13:54: 2:28  case no=  418 seq. no=  29 idynl= 0
                13:54: 2:28  LOADEND ISLAVE                                   0
                13:54: 2:29  Start Input for Next Load Case
                13:54: 2:29  case no=  421 seq. no=  30 idynl= 0
                13:54: 2:29  LOADEND ISLAVE                                   0
                13:54: 2:30  Start Input for Next Load Case
                13:54: 2:30  case no=  422 seq. no=  31 idynl= 0
                13:54: 2:31  LOADEND ISLAVE                                   0
                13:54: 2:31  Start Input for Next Load Case
                13:54: 2:32  case no=  423 seq. no=  32 idynl= 0
                13:54: 2:32  LOADEND ISLAVE                                   0
                13:54: 2:32  Start Input for Next Load Case
                13:54: 2:33  case no=  424 seq. no=  33 idynl= 0
                13:54: 2:33  LOADEND ISLAVE                                   0
                13:54: 2:34  Start Input for Next Load Case
                13:54: 2:34  case no=  425 seq. no=  34 idynl= 0
                13:54: 2:34  LOADEND ISLAVE                                   0
                13:54: 2:35  Start Input for Next Load Case
                13:54: 2:35  case no=  426 seq. no=  35 idynl= 0
                13:54: 2:36  LOADEND ISLAVE                                   0
                13:54: 2:36  Start Input for Next Load Case
                13:54: 2:37  case no=  427 seq. no=  36 idynl= 0
                13:54: 2:37  LOADEND ISLAVE                                   0
                13:54: 2:37  Start Input for Next Load Case
                13:54: 2:38  case no=  428 seq. no=  37 idynl= 0
                13:54: 2:38  LOADEND ISLAVE                                   0
                13:54: 2:39  Start Input for Next Load Case
                13:54: 2:39  case no=  711 seq. no=  38 idynl= 0
                13:54: 2:40  LOADEND ISLAVE                                   0
                13:54: 2:40  Start Input for Next Load Case
                13:54: 2:40  case no=  712 seq. no=  39 idynl= 0
                13:54: 2:41  LOADEND ISLAVE                                   0
                13:54: 2:41  Start Input for Next Load Case
                13:54: 2:42  case no=  713 seq. no=  40 idynl= 0
                13:54: 2:42  LOADEND ISLAVE                                   0
                13:54: 2:43  Start Input for Next Load Case
                13:54: 2:43  case no=  714 seq. no=  41 idynl= 0
                13:54: 2:43  LOADEND ISLAVE                                   0
                13:54: 2:44  Start Input for Next Load Case
                13:54: 2:44  case no=  715 seq. no=  42 idynl= 0
                13:54: 2:45  LOADEND ISLAVE                                   0
                13:54: 2:45  Start Input for Next Load Case
                13:54: 2:45  case no=  716 seq. no=  43 idynl= 0
                13:54: 2:46  LOADEND ISLAVE                                   0
                13:54: 2:46  Start Input for Next Load Case
                13:54: 2:47  case no=  717 seq. no=  44 idynl= 0
                13:54: 2:47  LOADEND ISLAVE                                   0
                13:54: 2:48  Start Input for Next Load Case
                13:54: 2:48  case no=  718 seq. no=  45 idynl= 0
                13:54: 2:48  LOADEND ISLAVE                                   0
                13:54: 2:49  Start Input for Next Load Case
                13:54: 2:49  case no= 1101 seq. no=  46 idynl= 0
                13:54: 2:50  LOADEND ISLAVE                                   0
                13:54: 2:50  Start Input for Next Load Case
                13:54: 2:51  case no= 1102 seq. no=  47 idynl= 0
                13:54: 2:51  LOADEND ISLAVE                                   0
                13:54: 2:51  Start Input for Next Load Case
                13:54: 2:52  case no= 1103 seq. no=  48 idynl= 0
                13:54: 2:52  LOADEND ISLAVE                                   0
                13:54: 2:53  Start Input for Next Load Case
                13:54: 2:53  case no= 1104 seq. no=  49 idynl= 0
                13:54: 2:53  LOADEND ISLAVE                                   0
                13:54: 2:54  Start Input for Next Load Case
                13:54: 2:54  case no= 1105 seq. no=  50 idynl= 0
                13:54: 2:55  LOADEND ISLAVE                                   0
                13:54: 2:55  Start Input for Next Load Case
                13:54: 2:56  case no= 1106 seq. no=  51 idynl= 0
                13:54: 2:56  LOADEND ISLAVE                                   0
                13:54: 2:57  Start Input for Next Load Case
                13:54: 2:57  case no= 1107 seq. no=  52 idynl= 0
                13:54: 2:57  LOADEND ISLAVE                                   0
                13:54: 2:58  Start Input for Next Load Case
                13:54: 2:59  case no= 1108 seq. no=  53 idynl= 0
                13:54: 2:59  LOADEND ISLAVE                                   0
                13:54: 2:60  Start Input for Next Load Case
                13:54: 2:60  case no= 1201 seq. no=  54 idynl= 0
                13:54: 2:61  LOADEND ISLAVE                                   0
                13:54: 2:61  Start Input for Next Load Case
                13:54: 2:62  case no= 1202 seq. no=  55 idynl= 0
                13:54: 2:62  LOADEND ISLAVE                                   0
                13:54: 2:62  Start Input for Next Load Case
                13:54: 2:63  case no= 1203 seq. no=  56 idynl= 0
                13:54: 2:63  LOADEND ISLAVE                                   0
                13:54: 2:64  Start Input for Next Load Case
                13:54: 2:64  case no= 1204 seq. no=  57 idynl= 0
                13:54: 2:65  LOADEND ISLAVE                                   0
                13:54: 2:65  Start Input for Next Load Case
                13:54: 2:65  case no= 1205 seq. no=  58 idynl= 0
                13:54: 2:66  LOADEND ISLAVE                                   0
                13:54: 2:66  Start Input for Next Load Case
                13:54: 2:67  case no= 1206 seq. no=  59 idynl= 0
                13:54: 2:67  LOADEND ISLAVE                                   0
                13:54: 2:68  Start Input for Next Load Case
                13:54: 2:68  case no= 1207 seq. no=  60 idynl= 0
                13:54: 2:68  LOADEND ISLAVE                                   0
                13:54: 2:69  Start Input for Next Load Case
                13:54: 2:69  case no= 1208 seq. no=  61 idynl= 0
                13:54: 2:70  LOADEND ISLAVE                                   0
                13:54: 2:70  Start Input for Next Load Case
                13:54: 2:71  case no= 2101 seq. no=  62 idynl= 0
                13:54: 2:71  LOADEND ISLAVE                                   0
                13:54: 2:72  Start Input for Next Load Case
                13:54: 2:72  case no= 2102 seq. no=  63 idynl= 0
                13:54: 2:72  LOADEND ISLAVE                                   0
                13:54: 2:73  Start Input for Next Load Case
                13:54: 2:73  case no= 2103 seq. no=  64 idynl= 0
                13:54: 2:74  LOADEND ISLAVE                                   0
                13:54: 2:74  Start Input for Next Load Case
                13:54: 2:75  case no= 2104 seq. no=  65 idynl= 0
                13:54: 2:75  LOADEND ISLAVE                                   0
                13:54: 2:76  Start Input for Next Load Case
                13:54: 2:76  case no= 2105 seq. no=  66 idynl= 0
                13:54: 2:76  LOADEND ISLAVE                                   0
                13:54: 2:77  Start Input for Next Load Case
                13:54: 2:77  case no= 2106 seq. no=  67 idynl= 0
                13:54: 2:78  LOADEND ISLAVE                                   0
                13:54: 2:78  Start Input for Next Load Case
                13:54: 2:79  case no= 2107 seq. no=  68 idynl= 0
                13:54: 2:79  LOADEND ISLAVE                                   0
                13:54: 2:79  Start Input for Next Load Case
                13:54: 2:80  case no= 2108 seq. no=  69 idynl= 0
                13:54: 2:81  LOADEND ISLAVE                                   0
                13:54: 2:81  Start Input for Next Load Case
                13:54: 2:82  case no= 3001 seq. no=  70 idynl= 0
                13:54: 2:82  LOADEND ISLAVE                                   0
                13:54: 2:82  Start Input for Next Load Case
                13:54: 2:83  case no= 3002 seq. no=  71 idynl= 0
                13:54: 2:83  LOADEND ISLAVE                                   0
                13:54: 2:84  Start Input for Next Load Case
                13:54: 2:84  case no= 3003 seq. no=  72 idynl= 0
                13:54: 2:85  LOADEND ISLAVE                                   0
                13:54: 2:85  Start Input for Next Load Case
                13:54: 2:86  case no= 3004 seq. no=  73 idynl= 0
                13:54: 2:86  LOADEND ISLAVE                                   0
                13:54: 2:86  Start Input for Next Load Case
                13:54: 2:87  case no= 3005 seq. no=  74 idynl= 0
                13:54: 2:87  LOADEND ISLAVE                                   0
                13:54: 2:88  Start Input for Next Load Case
                13:54: 2:88  case no= 3006 seq. no=  75 idynl= 0
                13:54: 2:88  LOADEND ISLAVE                                   0
                13:54: 2:89  Start Input for Next Load Case
                13:54: 2:89  case no= 3007 seq. no=  76 idynl= 0
                13:54: 2:90  LOADEND ISLAVE                                   0
                13:54: 2:90  Start Input for Next Load Case
                13:54: 2:91  case no= 3008 seq. no=  77 idynl= 0
                13:54: 2:91  LOADEND ISLAVE                                   0
                13:54: 2:91  Start Input for Next Load Case
                13:54: 2:92  case no= 3011 seq. no=  78 idynl= 0
                13:54: 2:92  LOADEND ISLAVE                                   0
                13:54: 2:93  Start Input for Next Load Case
                13:54: 2:93  case no= 3012 seq. no=  79 idynl= 0
                13:54: 2:94  LOADEND ISLAVE                                   0
                13:54: 2:94  Start Input for Next Load Case
                13:54: 2:95  case no= 3013 seq. no=  80 idynl= 0
                13:54: 2:95  LOADEND ISLAVE                                   0
                13:54: 2:96  Start Input for Next Load Case
                13:54: 2:96  case no= 3014 seq. no=  81 idynl= 0
                13:54: 2:97  LOADEND ISLAVE                                   0
                13:54: 2:97  Start Input for Next Load Case
                13:54: 2:98  case no= 3015 seq. no=  82 idynl= 0
                13:54: 2:98  LOADEND ISLAVE                                   0
                13:54: 2:99  Start Input for Next Load Case
                13:54: 2:99  case no= 3016 seq. no=  83 idynl= 0
                13:54: 3: 0  LOADEND ISLAVE                                   0
                13:54: 3: 0  Start Input for Next Load Case
                13:54: 3: 1  case no= 3017 seq. no=  84 idynl= 0
                13:54: 3: 1  LOADEND ISLAVE                                   0
                13:54: 3: 2  Start Input for Next Load Case
                13:54: 3: 2  case no= 3018 seq. no=  85 idynl= 0
                13:54: 3: 2  LOADEND ISLAVE                                   0
                13:54: 3: 3  Start Input for Next Load Case
                13:54: 3: 3  case no= 3021 seq. no=  86 idynl= 0
                13:54: 3: 4  LOADEND ISLAVE                                   0
                13:54: 3: 4  Start Input for Next Load Case
                13:54: 3: 5  case no= 3022 seq. no=  87 idynl= 0
                13:54: 3: 5  LOADEND ISLAVE                                   0
                13:54: 3: 5  Start Input for Next Load Case
                13:54: 3: 6  case no= 3023 seq. no=  88 idynl= 0
                13:54: 3: 6  LOADEND ISLAVE                                   0
                13:54: 3: 7  Start Input for Next Load Case
                13:54: 3: 7  case no= 3024 seq. no=  89 idynl= 0
                13:54: 3: 8  LOADEND ISLAVE                                   0
                13:54: 3: 8  Start Input for Next Load Case
                13:54: 3: 9  case no= 3025 seq. no=  90 idynl= 0
                13:54: 3: 9  LOADEND ISLAVE                                   0
                13:54: 3: 9  Start Input for Next Load Case
                13:54: 3:10  case no= 3026 seq. no=  91 idynl= 0
                13:54: 3:10  LOADEND ISLAVE                                   0
                13:54: 3:11  Start Input for Next Load Case
                13:54: 3:11  case no= 3027 seq. no=  92 idynl= 0
                13:54: 3:11  LOADEND ISLAVE                                   0
                13:54: 3:12  Start Input for Next Load Case
                13:54: 3:12  case no= 3028 seq. no=  93 idynl= 0
                13:54: 3:13  LOADEND ISLAVE                                   0
                13:54: 3:13  Start Input for Next Load Case
                13:54: 3:14  case no= 3201 seq. no=  94 idynl= 0
                13:54: 3:14  LOADEND ISLAVE                                   0
                13:54: 3:15  Start Input for Next Load Case
                13:54: 3:15  case no= 3202 seq. no=  95 idynl= 0
                13:54: 3:15  LOADEND ISLAVE                                   0
                13:54: 3:16  Start Input for Next Load Case
                13:54: 3:16  case no= 3203 seq. no=  96 idynl= 0
                13:54: 3:17  LOADEND ISLAVE                                   0
                13:54: 3:17  Start Input for Next Load Case
                13:54: 3:18  case no= 3204 seq. no=  97 idynl= 0
                13:54: 3:18  LOADEND ISLAVE                                   0
                13:54: 3:19  Start Input for Next Load Case
                13:54: 3:19  case no= 3205 seq. no=  98 idynl= 0
                13:54: 3:19  LOADEND ISLAVE                                   0
                13:54: 3:20  Start Input for Next Load Case
                13:54: 3:20  case no= 3206 seq. no=  99 idynl= 0
                13:54: 3:21  LOADEND ISLAVE                                   0
                13:54: 3:21  Start Input for Next Load Case
                13:54: 3:22  case no= 3207 seq. no= 100 idynl= 0
                13:54: 3:22  LOADEND ISLAVE                                   0
                13:54: 3:22  Start Input for Next Load Case
                13:54: 3:23  case no= 3208 seq. no= 101 idynl= 0
                13:54: 3:23  LOADEND ISLAVE                                   0
                13:54: 3:24  NVPREV                                           0
                13:54: 3:24  AMAXNON                               3.897638E-01
                13:54: 3:24  IRECSIZL=                                     4000
                13:54: 3:25  MTX BLOCKSIZE=                                  96
                13:54: 3:25  MI=                                             96
                13:54: 3:26  NORECL=                                          1
                13:54: 3:26  NORECL1=                                         1
                13:54: 3:27  IWORD=                                       32000
                13:54: 3:27  JRECSIZE=                                     4000
                13:54: 3:28  IWORDJ=                                      32000
                13:54: 3:28  IBYTE=                                           4
                13:54: 3:28  JOINTS=                                         21
                13:54: 3:29  MEMBERS=                                        20
                13:54: 3:29  PLATES =                                         0
                13:54: 3:30  SOLIDS =                                         0
                13:54: 3:30  NO. OF EQUATIONS=                               96
                13:54: 3:31  idyn=                                            0
                13:54: 3:31  ipd=                                             0
                13:54: 3:31  icablanl=                                        0
                13:54: 3:32  ++ Processing Element Stiffness Matrix.
                13:54: 3:32  NV1                                            101
                13:54: 3:43  ++ Calculating Element Forces & Reactions.
                13:54: 3:90  COMBINATION CASES=                               0
                13:54: 3:90  MAX CM MEMORY (KILOWORDS)                       36
                13:54: 3:91  AFTER SOLVER 1
                13:54: 3:92  REOPEN AS SEQ                                    0
                13:54: 3:92  DEFINE ENVELOPE
                13:54: 3:94  LOAD LIST 1101 TO 110
                13:54: 3:94  PARAMETER 1
                13:54: 3:95  CHECK CODE ALL
                13:54: 3:95  ENTERING SECTNM110 IQ=                          20
                13:54: 3:96               NSEC=                              11
                13:54: 3:96             ISECTN=                               0
                13:54: 3:99  SECTNM110 DO 925
                13:54: 4: 1  ENTERING ENVLP1 ITYP1=                          -3
                13:54: 4: 1  SECT DISPLACE
                13:54: 4: 5  Steel/Alum/Timber Design                        52
                13:54: 4: 7    ++ Finished Design ...
                13:54: 4: 7  Steel/Timber Design exit
                13:54: 4: 8  LOAD LIST 2101 TO 210
                13:54: 4: 8  PARAMETER 1
                13:54: 4: 9  CHECK CODE ALL
                13:54: 4: 9  ENTERING ENVLP1 ITYP1=                          -3
                13:54: 4:10  SECT DISPLACE
                13:54: 4:13  Steel/Alum/Timber Design                        52
                13:54: 4:15    ++ Finished Design ...
                13:54: 4:15  Steel/Timber Design exit
                13:54: 4:16  LOAD LIST ENV 4 TO 7
                13:54: 4:16  PARAMETER 1
                13:54: 4:17  CHECK CODE ALL
                13:54: 4:17  ENTERING ENVLP1 ITYP1=                          -3
                13:54: 4:18  SECT DISPLACE
                13:54: 4:21  Steel/Alum/Timber Design                        52
                13:54: 4:25    ++ Finished Design ...
                13:54: 4:25  Steel/Timber Design exit
                13:54: 4:26  PRINT JOINT DISPLACEM
                13:54: 4:27  DRAW ISOM JOIN MEMB
                13:54: 4:27  ENTERING SECTNM110 IQ=                          20
                13:54: 4:27               NSEC=                              11
                13:54: 4:28             ISECTN=                               0
                13:54: 4:30  SECTNM110 DO 925
                13:54: 4:33  PRINT SUPPORT REACTIO
                13:54: 4:33  DRAW ISOM SUPP PROP
                13:54: 4:34  ENTERING SECTNM110 IQ=                          20
                13:54: 4:34               NSEC=                              11
                13:54: 4:35             ISECTN=                               0
                13:54: 4:37  SECTNM110 DO 925
                13:54: 4:40  DRAW ISOM SHAP
                13:54: 4:40  ENTERING SECTNM110 IQ=                          20
                13:54: 4:41               NSEC=                              11
                13:54: 4:41             ISECTN=                               0
                13:54: 4:44  SECTNM110 DO 925
                13:54: 4:47  PRINT CG
                13:54: 4:47  FINISH
                13:54: 4:48  All Commands FINISHed
                13:54: 4:49  DATASAVE for SPRO GUI
                13:54: 4:50  ++ Creating Displacement File (DSP)...
                13:54: 4:52  ++ Creating Reaction File (REA)...
                13:54: 4:52  ++ Creating Section Force File (BMD)...
                13:54: 4:56  ++ Creating Section Displace File (SEC)...
                13:54: 4:56  ENTERING ENVLP1 ITYP1=                          -5
                13:54: 4:56  SECT DISPLACE
                13:54: 4:61  ++ Creating Section Displace File (SCN)...
                13:54: 4:65  ++ Creating Design information File (DGN)...
                13:54: 4:65  ALLOCATED CM MEMORY (KILOWORDS)             300000
                13:54: 4:65  MAX CM MEMORY (KILOWORDS)                      107
                13:54: 4:66  DBS LONG SEC NAME
* End Of Analysis At Thu Jul 11 13:54:04 2024
* CPU usage = 3.323000
* STAAD Exit Code: 100, Warning Count: 0, Error Count: 0, Duration: 3.323
1 0 0 3.323
****************************************************************************
*                            END OF ANALYSIS                               *
****************************************************************************
