07/11/2024 13:53:55	Reading UID database.
07/11/2024 13:53:55	Start loading STAAD model.
07/11/2024 13:53:55	Reading model file.
07/11/2024 13:53:56	Reading model file is complete.
07/11/2024 13:53:56	Processing support.
07/11/2024 13:53:56	Processing springs.
07/11/2024 13:53:56	Processing properties.
07/11/2024 13:53:56	Processing physical properties.
07/11/2024 13:53:56	Processing constants.
07/11/2024 13:53:56	Processing BETA constants.
07/11/2024 13:53:56	Processing hidden analytical member loads.
07/11/2024 13:53:56	Processing command list for member release.
07/11/2024 13:53:56	Processing command list for member offset.
07/11/2024 13:53:56	Processing command list for member specs (cracked).
07/11/2024 13:53:56	Processing command list for member specs (axial).
07/11/2024 13:53:56	Processing command list for element release.
07/11/2024 13:53:56	Processing command list for element offset.
07/11/2024 13:53:56	Processing command list for element plate stress directive.
07/11/2024 13:53:56	Processing parameter for Chinese wind load case.
07/11/2024 13:53:56	End Processing command list.
07/11/2024 13:53:56	End loading STAAD model.
07/11/2024 13:53:56	Start Post Analysis method
07/11/2024 13:53:56	Removed all hidden plates from surfaces
07/11/2024 13:53:56	Removed all hidden plates
07/11/2024 13:53:56	Removed all hidden nodes
07/11/2024 13:53:56	Loading results from MSH file...
07/11/2024 13:53:56	Building result indices...
07/11/2024 13:53:56	Loading plate stress results...
07/11/2024 13:53:56	Set analysis report setup data
07/11/2024 13:53:56	Starting page setup...
07/11/2024 13:53:56	Page setup completed
07/11/2024 13:53:56	Setting available workflows...
07/11/2024 13:53:56	Post analysis method ends
07/11/2024 13:54:06	Start Post Analysis method
07/11/2024 13:54:06	Removed all hidden plates from surfaces
07/11/2024 13:54:06	Removed all hidden plates
07/11/2024 13:54:06	Removed all hidden nodes
07/11/2024 13:54:06	Loading results from MSH file...
07/11/2024 13:54:06	Building result indices...
07/11/2024 13:54:06	Loading plate stress results...
07/11/2024 13:54:06	Set analysis report setup data
07/11/2024 13:54:06	Starting page setup...
07/11/2024 13:54:06	Page setup completed
07/11/2024 13:54:06	Setting available workflows...
07/11/2024 13:54:06	Post analysis method ends
