07/12/2024 20:29:21	Reading UID database.
07/12/2024 20:29:21	Start loading STAAD model.
07/12/2024 20:29:21	Reading model file.
07/12/2024 20:29:21	Reading model file is complete.
07/12/2024 20:29:21	Processing support.
07/12/2024 20:29:21	Processing springs.
07/12/2024 20:29:21	Processing properties.
07/12/2024 20:29:21	Processing physical properties.
07/12/2024 20:29:21	Processing constants.
07/12/2024 20:29:21	Processing BETA constants.
07/12/2024 20:29:21	Processing hidden analytical member loads.
07/12/2024 20:29:21	Processing command list for member release.
07/12/2024 20:29:21	Processing command list for member offset.
07/12/2024 20:29:21	Processing command list for member specs (cracked).
07/12/2024 20:29:21	Processing command list for member specs (axial).
07/12/2024 20:29:21	Processing command list for element release.
07/12/2024 20:29:21	Processing command list for element offset.
07/12/2024 20:29:21	Processing command list for element plate stress directive.
07/12/2024 20:29:21	Processing parameter for Chinese wind load case.
07/12/2024 20:29:21	End Processing command list.
07/12/2024 20:29:21	End loading STAAD model.
07/12/2024 20:29:21	Start Post Analysis method
07/12/2024 20:29:21	Removed all hidden plates from surfaces
07/12/2024 20:29:21	Removed all hidden plates
07/12/2024 20:29:21	Removed all hidden nodes
07/12/2024 20:29:21	Loading results from MSH file...
07/12/2024 20:29:21	Building result indices...
07/12/2024 20:29:21	Loading plate stress results...
07/12/2024 20:29:21	Set analysis report setup data
07/12/2024 20:29:21	Starting page setup...
07/12/2024 20:29:21	Page setup completed
07/12/2024 20:29:21	Setting available workflows...
07/12/2024 20:29:21	Post analysis method ends
