16:58:40	Initializing STAAD Engine
16:58:40	Run stream set up is complete.
16:58:40	Initialize license libraries.
16:58:41	License libraries initialized.
16:58:41	Starting license(s) for A & D engine.
16:58:42	License Status: Ok
16:58:42	License information set up is complete.
****************************************************************************
*                            START OF ANALYSIS                             *
****************************************************************************
* Initiating Analysis At Fri Jul 12 16:58:42 2024
                          PROGRAM: STAAD.Pro
                          VERSION: 23.00.01.25
                16:58:42:13  ENTERING STAAD
                16:58:42:16  USING 64 BIT STAAD ENGINE
                16:58:42:16  ENTERING MAINN
                16:58:42:16  START JOB INFORMATION
                16:58:42:17  INPUT WIDTH 79
                16:58:42:17  UNIT MMS KN
                16:58:42:18  JOINT COORDINATES
                16:58:42:18  ENTERING JOINTC
                16:58:42:19  JOINTC NEWJ                                 400000
                16:58:42:19  MAX NODE NO.                                     5
                16:58:42:20  MEMBER INCIDENCES
                16:58:42:21  UNIT METER KN
                16:58:42:21  DEFINE MATERIAL START
                16:58:42:22  UNIT MMS KN
                16:58:42:22  MEMBER PROPERTY EUROP
                16:58:42:69    ++ Finished Reading Member Properties ...
                16:58:42:69  CONSTANTS
                16:58:42:70  SUPPORTS
                16:58:42:70  ENTERING SUPPORT
                16:58:42:71  MEMBER OFFSET
                16:58:42:71  DEFINE WIND LOAD
                16:58:42:72  LOAD 121 LOADTYPE DEA
                16:58:42:72  DUPLICATE ELEMENT CHECK
                16:58:42:73  CHECKING STRUCTURAL INTEGRITY
                16:58:42:73  CHECK UNCONNECTED JOINTS AND
                16:58:42:74  CALCULATE MAX JOINT CONNECTIVITY
                16:58:42:74  CHECK MULTIPLE STRUCTURES
                16:58:42:75  ENTERING SUPPORT
                16:58:42:75  NRJOLD                                           0
                16:58:42:76  SUPPORT NOLD                                     0
                16:58:42:76  SUPPORT N                                       18
                16:58:42:76  BEFORE LOADPR
                16:58:42:77  REOPEN AS DIR                                    0
                16:58:42:77  ENTER LOADPR
                16:58:42:89  PERFORM ANALYSIS PRIN
                16:58:42:89  pdel iter                                        0
                16:58:42:90  MAXIMUM E =                           2.973273E+04
                16:58:42:90  MINIMUM E =                           2.973273E+04
                16:58:42:91  MBW DOF BAND=                                    1
                16:58:42:91  NUMBER OF PRIMARY CASES                        101
                16:58:42:91  NUMBER OF CASES                                252
                16:58:42:92  #OF CASES W/ELEM INMEMORY                      252
                16:58:42:92  MEMORY FOR MEMBER LOADS                      12096
                16:58:42:93  MEMORY FOR MEMBER FORCES                     12096
                16:58:42:93  Using 64-bit analysis engine
                16:58:42:94  BEFORE SOLVER 1
                16:58:42:95  Start Input for Next Load Case
                16:58:42:95  case no=  121 seq. no=   1 idynl= 0
                16:58:42:96  MASSSET                                          0
                16:58:42:96  LOADEND ISLAVE                                   0
                16:58:42:97  Start Input for Next Load Case
                16:58:42:97  case no=  201 seq. no=   2 idynl= 0
                16:58:42:98  LOADEND ISLAVE                                   0
                16:58:42:98  Start Input for Next Load Case
                16:58:42:99  case no=  202 seq. no=   3 idynl= 0
                16:58:42:99  LOADEND ISLAVE                                   0
                16:58:43: 0  Start Input for Next Load Case
                16:58:43: 0  case no=  203 seq. no=   4 idynl= 0
                16:58:43: 1  LOADEND ISLAVE                                   0
                16:58:43: 1  Start Input for Next Load Case
                16:58:43: 2  case no=  204 seq. no=   5 idynl= 0
                16:58:43: 2  LOADEND ISLAVE                                   0
                16:58:43: 3  Start Input for Next Load Case
                16:58:43: 3  case no=  205 seq. no=   6 idynl= 0
                16:58:43: 4  LOADEND ISLAVE                                   0
                16:58:43: 5  Start Input for Next Load Case
                16:58:43: 5  case no=  206 seq. no=   7 idynl= 0
                16:58:43: 6  LOADEND ISLAVE                                   0
                16:58:43: 6  Start Input for Next Load Case
                16:58:43: 7  case no=  207 seq. no=   8 idynl= 0
                16:58:43: 7  LOADEND ISLAVE                                   0
                16:58:43: 8  Start Input for Next Load Case
                16:58:43: 9  case no=  208 seq. no=   9 idynl= 0
                16:58:43: 9  LOADEND ISLAVE                                   0
                16:58:43:10  Start Input for Next Load Case
                16:58:43:10  case no=  312 seq. no=  10 idynl= 0
                16:58:43:10  LOADEND ISLAVE                                   0
                16:58:43:11  Start Input for Next Load Case
                16:58:43:11  case no=  313 seq. no=  11 idynl= 0
                16:58:43:12  LOADEND ISLAVE                                   0
                16:58:43:12  Start Input for Next Load Case
                16:58:43:13  case no=  314 seq. no=  12 idynl= 0
                16:58:43:13  LOADEND ISLAVE                                   0
                16:58:43:14  Start Input for Next Load Case
                16:58:43:14  case no=  315 seq. no=  13 idynl= 0
                16:58:43:15  LOADEND ISLAVE                                   0
                16:58:43:15  Start Input for Next Load Case
                16:58:43:15  case no=  322 seq. no=  14 idynl= 0
                16:58:43:16  LOADEND ISLAVE                                   0
                16:58:43:16  Start Input for Next Load Case
                16:58:43:17  case no=  323 seq. no=  15 idynl= 0
                16:58:43:17  LOADEND ISLAVE                                   0
                16:58:43:18  Start Input for Next Load Case
                16:58:43:18  case no=  324 seq. no=  16 idynl= 0
                16:58:43:19  LOADEND ISLAVE                                   0
                16:58:43:19  Start Input for Next Load Case
                16:58:43:20  case no=  325 seq. no=  17 idynl= 0
                16:58:43:20  LOADEND ISLAVE                                   0
                16:58:43:21  Start Input for Next Load Case
                16:58:43:21  case no=  332 seq. no=  18 idynl= 0
                16:58:43:21  LOADEND ISLAVE                                   0
                16:58:43:22  Start Input for Next Load Case
                16:58:43:22  case no=  333 seq. no=  19 idynl= 0
                16:58:43:23  LOADEND ISLAVE                                   0
                16:58:43:23  Start Input for Next Load Case
                16:58:43:24  case no=  334 seq. no=  20 idynl= 0
                16:58:43:24  LOADEND ISLAVE                                   0
                16:58:43:25  Start Input for Next Load Case
                16:58:43:25  case no=  335 seq. no=  21 idynl= 0
                16:58:43:26  LOADEND ISLAVE                                   0
                16:58:43:26  Start Input for Next Load Case
                16:58:43:27  case no=  411 seq. no=  22 idynl= 0
                16:58:43:27  LOADEND ISLAVE                                   0
                16:58:43:28  Start Input for Next Load Case
                16:58:43:28  case no=  412 seq. no=  23 idynl= 0
                16:58:43:29  LOADEND ISLAVE                                   0
                16:58:43:30  Start Input for Next Load Case
                16:58:43:30  case no=  413 seq. no=  24 idynl= 0
                16:58:43:30  LOADEND ISLAVE                                   0
                16:58:43:31  Start Input for Next Load Case
                16:58:43:32  case no=  414 seq. no=  25 idynl= 0
                16:58:43:32  LOADEND ISLAVE                                   0
                16:58:43:32  Start Input for Next Load Case
                16:58:43:33  case no=  415 seq. no=  26 idynl= 0
                16:58:43:33  LOADEND ISLAVE                                   0
                16:58:43:34  Start Input for Next Load Case
                16:58:43:34  case no=  416 seq. no=  27 idynl= 0
                16:58:43:35  LOADEND ISLAVE                                   0
                16:58:43:35  Start Input for Next Load Case
                16:58:43:36  case no=  417 seq. no=  28 idynl= 0
                16:58:43:36  LOADEND ISLAVE                                   0
                16:58:43:37  Start Input for Next Load Case
                16:58:43:37  case no=  418 seq. no=  29 idynl= 0
                16:58:43:38  LOADEND ISLAVE                                   0
                16:58:43:38  Start Input for Next Load Case
                16:58:43:39  case no=  421 seq. no=  30 idynl= 0
                16:58:43:39  LOADEND ISLAVE                                   0
                16:58:43:40  Start Input for Next Load Case
                16:58:43:40  case no=  422 seq. no=  31 idynl= 0
                16:58:43:41  LOADEND ISLAVE                                   0
                16:58:43:41  Start Input for Next Load Case
                16:58:43:42  case no=  423 seq. no=  32 idynl= 0
                16:58:43:42  LOADEND ISLAVE                                   0
                16:58:43:43  Start Input for Next Load Case
                16:58:43:43  case no=  424 seq. no=  33 idynl= 0
                16:58:43:44  LOADEND ISLAVE                                   0
                16:58:43:44  Start Input for Next Load Case
                16:58:43:44  case no=  425 seq. no=  34 idynl= 0
                16:58:43:45  LOADEND ISLAVE                                   0
                16:58:43:45  Start Input for Next Load Case
                16:58:43:46  case no=  426 seq. no=  35 idynl= 0
                16:58:43:46  LOADEND ISLAVE                                   0
                16:58:43:47  Start Input for Next Load Case
                16:58:43:47  case no=  427 seq. no=  36 idynl= 0
                16:58:43:48  LOADEND ISLAVE                                   0
                16:58:43:48  Start Input for Next Load Case
                16:58:43:49  case no=  428 seq. no=  37 idynl= 0
                16:58:43:49  LOADEND ISLAVE                                   0
                16:58:43:50  Start Input for Next Load Case
                16:58:43:50  case no=  711 seq. no=  38 idynl= 0
                16:58:43:51  LOADEND ISLAVE                                   0
                16:58:43:51  Start Input for Next Load Case
                16:58:43:52  case no=  712 seq. no=  39 idynl= 0
                16:58:43:53  LOADEND ISLAVE                                   0
                16:58:43:53  Start Input for Next Load Case
                16:58:43:54  case no=  713 seq. no=  40 idynl= 0
                16:58:43:54  LOADEND ISLAVE                                   0
                16:58:43:55  Start Input for Next Load Case
                16:58:43:56  case no=  714 seq. no=  41 idynl= 0
                16:58:43:56  LOADEND ISLAVE                                   0
                16:58:43:56  Start Input for Next Load Case
                16:58:43:57  case no=  715 seq. no=  42 idynl= 0
                16:58:43:57  LOADEND ISLAVE                                   0
                16:58:43:58  Start Input for Next Load Case
                16:58:43:58  case no=  716 seq. no=  43 idynl= 0
                16:58:43:59  LOADEND ISLAVE                                   0
                16:58:43:60  Start Input for Next Load Case
                16:58:43:60  case no=  717 seq. no=  44 idynl= 0
                16:58:43:61  LOADEND ISLAVE                                   0
                16:58:43:62  Start Input for Next Load Case
                16:58:43:62  case no=  718 seq. no=  45 idynl= 0
                16:58:43:63  LOADEND ISLAVE                                   0
                16:58:43:64  Start Input for Next Load Case
                16:58:43:64  case no= 1101 seq. no=  46 idynl= 0
                16:58:43:65  LOADEND ISLAVE                                   0
                16:58:43:65  Start Input for Next Load Case
                16:58:43:66  case no= 1102 seq. no=  47 idynl= 0
                16:58:43:66  LOADEND ISLAVE                                   0
                16:58:43:67  Start Input for Next Load Case
                16:58:43:67  case no= 1103 seq. no=  48 idynl= 0
                16:58:43:68  LOADEND ISLAVE                                   0
                16:58:43:68  Start Input for Next Load Case
                16:58:43:69  case no= 1104 seq. no=  49 idynl= 0
                16:58:43:69  LOADEND ISLAVE                                   0
                16:58:43:70  Start Input for Next Load Case
                16:58:43:70  case no= 1105 seq. no=  50 idynl= 0
                16:58:43:71  LOADEND ISLAVE                                   0
                16:58:43:72  Start Input for Next Load Case
                16:58:43:72  case no= 1106 seq. no=  51 idynl= 0
                16:58:43:73  LOADEND ISLAVE                                   0
                16:58:43:73  Start Input for Next Load Case
                16:58:43:74  case no= 1107 seq. no=  52 idynl= 0
                16:58:43:74  LOADEND ISLAVE                                   0
                16:58:43:75  Start Input for Next Load Case
                16:58:43:75  case no= 1108 seq. no=  53 idynl= 0
                16:58:43:76  LOADEND ISLAVE                                   0
                16:58:43:76  Start Input for Next Load Case
                16:58:43:77  case no= 1201 seq. no=  54 idynl= 0
                16:58:43:77  LOADEND ISLAVE                                   0
                16:58:43:78  Start Input for Next Load Case
                16:58:43:78  case no= 1202 seq. no=  55 idynl= 0
                16:58:43:79  LOADEND ISLAVE                                   0
                16:58:43:79  Start Input for Next Load Case
                16:58:43:80  case no= 1203 seq. no=  56 idynl= 0
                16:58:43:80  LOADEND ISLAVE                                   0
                16:58:43:81  Start Input for Next Load Case
                16:58:43:81  case no= 1204 seq. no=  57 idynl= 0
                16:58:43:82  LOADEND ISLAVE                                   0
                16:58:43:83  Start Input for Next Load Case
                16:58:43:83  case no= 1205 seq. no=  58 idynl= 0
                16:58:43:84  LOADEND ISLAVE                                   0
                16:58:43:85  Start Input for Next Load Case
                16:58:43:85  case no= 1206 seq. no=  59 idynl= 0
                16:58:43:86  LOADEND ISLAVE                                   0
                16:58:43:87  Start Input for Next Load Case
                16:58:43:87  case no= 1207 seq. no=  60 idynl= 0
                16:58:43:88  LOADEND ISLAVE                                   0
                16:58:43:88  Start Input for Next Load Case
                16:58:43:89  case no= 1208 seq. no=  61 idynl= 0
                16:58:43:89  LOADEND ISLAVE                                   0
                16:58:43:90  Start Input for Next Load Case
                16:58:43:90  case no= 2101 seq. no=  62 idynl= 0
                16:58:43:91  LOADEND ISLAVE                                   0
                16:58:43:91  Start Input for Next Load Case
                16:58:43:92  case no= 2102 seq. no=  63 idynl= 0
                16:58:43:93  LOADEND ISLAVE                                   0
                16:58:43:93  Start Input for Next Load Case
                16:58:43:94  case no= 2103 seq. no=  64 idynl= 0
                16:58:43:94  LOADEND ISLAVE                                   0
                16:58:43:95  Start Input for Next Load Case
                16:58:43:95  case no= 2104 seq. no=  65 idynl= 0
                16:58:43:96  LOADEND ISLAVE                                   0
                16:58:43:96  Start Input for Next Load Case
                16:58:43:97  case no= 2105 seq. no=  66 idynl= 0
                16:58:43:98  LOADEND ISLAVE                                   0
                16:58:43:98  Start Input for Next Load Case
                16:58:43:99  case no= 2106 seq. no=  67 idynl= 0
                16:58:43:99  LOADEND ISLAVE                                   0
                16:58:44: 0  Start Input for Next Load Case
                16:58:44: 0  case no= 2107 seq. no=  68 idynl= 0
                16:58:44: 0  LOADEND ISLAVE                                   0
                16:58:44: 1  Start Input for Next Load Case
                16:58:44: 1  case no= 2108 seq. no=  69 idynl= 0
                16:58:44: 2  LOADEND ISLAVE                                   0
                16:58:44: 2  Start Input for Next Load Case
                16:58:44: 3  case no= 3001 seq. no=  70 idynl= 0
                16:58:44: 3  LOADEND ISLAVE                                   0
                16:58:44: 4  Start Input for Next Load Case
                16:58:44: 4  case no= 3002 seq. no=  71 idynl= 0
                16:58:44: 5  LOADEND ISLAVE                                   0
                16:58:44: 5  Start Input for Next Load Case
                16:58:44: 6  case no= 3003 seq. no=  72 idynl= 0
                16:58:44: 6  LOADEND ISLAVE                                   0
                16:58:44: 7  Start Input for Next Load Case
                16:58:44: 7  case no= 3004 seq. no=  73 idynl= 0
                16:58:44: 8  LOADEND ISLAVE                                   0
                16:58:44: 9  Start Input for Next Load Case
                16:58:44: 9  case no= 3005 seq. no=  74 idynl= 0
                16:58:44:10  LOADEND ISLAVE                                   0
                16:58:44:11  Start Input for Next Load Case
                16:58:44:12  case no= 3006 seq. no=  75 idynl= 0
                16:58:44:13  LOADEND ISLAVE                                   0
                16:58:44:13  Start Input for Next Load Case
                16:58:44:14  case no= 3007 seq. no=  76 idynl= 0
                16:58:44:15  LOADEND ISLAVE                                   0
                16:58:44:15  Start Input for Next Load Case
                16:58:44:16  case no= 3008 seq. no=  77 idynl= 0
                16:58:44:16  LOADEND ISLAVE                                   0
                16:58:44:17  Start Input for Next Load Case
                16:58:44:17  case no= 3011 seq. no=  78 idynl= 0
                16:58:44:18  LOADEND ISLAVE                                   0
                16:58:44:18  Start Input for Next Load Case
                16:58:44:19  case no= 3012 seq. no=  79 idynl= 0
                16:58:44:19  LOADEND ISLAVE                                   0
                16:58:44:20  Start Input for Next Load Case
                16:58:44:21  case no= 3013 seq. no=  80 idynl= 0
                16:58:44:21  LOADEND ISLAVE                                   0
                16:58:44:22  Start Input for Next Load Case
                16:58:44:23  case no= 3014 seq. no=  81 idynl= 0
                16:58:44:23  LOADEND ISLAVE                                   0
                16:58:44:24  Start Input for Next Load Case
                16:58:44:24  case no= 3015 seq. no=  82 idynl= 0
                16:58:44:25  LOADEND ISLAVE                                   0
                16:58:44:25  Start Input for Next Load Case
                16:58:44:26  case no= 3016 seq. no=  83 idynl= 0
                16:58:44:26  LOADEND ISLAVE                                   0
                16:58:44:26  Start Input for Next Load Case
                16:58:44:27  case no= 3017 seq. no=  84 idynl= 0
                16:58:44:27  LOADEND ISLAVE                                   0
                16:58:44:28  Start Input for Next Load Case
                16:58:44:28  case no= 3018 seq. no=  85 idynl= 0
                16:58:44:29  LOADEND ISLAVE                                   0
                16:58:44:30  Start Input for Next Load Case
                16:58:44:30  case no= 3021 seq. no=  86 idynl= 0
                16:58:44:31  LOADEND ISLAVE                                   0
                16:58:44:31  Start Input for Next Load Case
                16:58:44:32  case no= 3022 seq. no=  87 idynl= 0
                16:58:44:33  LOADEND ISLAVE                                   0
                16:58:44:33  Start Input for Next Load Case
                16:58:44:34  case no= 3023 seq. no=  88 idynl= 0
                16:58:44:34  LOADEND ISLAVE                                   0
                16:58:44:35  Start Input for Next Load Case
                16:58:44:36  case no= 3024 seq. no=  89 idynl= 0
                16:58:44:36  LOADEND ISLAVE                                   0
                16:58:44:37  Start Input for Next Load Case
                16:58:44:37  case no= 3025 seq. no=  90 idynl= 0
                16:58:44:37  LOADEND ISLAVE                                   0
                16:58:44:38  Start Input for Next Load Case
                16:58:44:39  case no= 3026 seq. no=  91 idynl= 0
                16:58:44:39  LOADEND ISLAVE                                   0
                16:58:44:40  Start Input for Next Load Case
                16:58:44:40  case no= 3027 seq. no=  92 idynl= 0
                16:58:44:41  LOADEND ISLAVE                                   0
                16:58:44:41  Start Input for Next Load Case
                16:58:44:42  case no= 3028 seq. no=  93 idynl= 0
                16:58:44:42  LOADEND ISLAVE                                   0
                16:58:44:43  Start Input for Next Load Case
                16:58:44:44  case no= 3201 seq. no=  94 idynl= 0
                16:58:44:44  LOADEND ISLAVE                                   0
                16:58:44:45  Start Input for Next Load Case
                16:58:44:45  case no= 3202 seq. no=  95 idynl= 0
                16:58:44:46  LOADEND ISLAVE                                   0
                16:58:44:46  Start Input for Next Load Case
                16:58:44:47  case no= 3203 seq. no=  96 idynl= 0
                16:58:44:47  LOADEND ISLAVE                                   0
                16:58:44:48  Start Input for Next Load Case
                16:58:44:48  case no= 3204 seq. no=  97 idynl= 0
                16:58:44:49  LOADEND ISLAVE                                   0
                16:58:44:49  Start Input for Next Load Case
                16:58:44:50  case no= 3205 seq. no=  98 idynl= 0
                16:58:44:50  LOADEND ISLAVE                                   0
                16:58:44:51  Start Input for Next Load Case
                16:58:44:51  case no= 3206 seq. no=  99 idynl= 0
                16:58:44:52  LOADEND ISLAVE                                   0
                16:58:44:52  Start Input for Next Load Case
                16:58:44:53  case no= 3207 seq. no= 100 idynl= 0
                16:58:44:53  LOADEND ISLAVE                                   0
                16:58:44:54  Start Input for Next Load Case
                16:58:44:54  case no= 3208 seq. no= 101 idynl= 0
                16:58:44:55  LOADEND ISLAVE                                   0
                16:58:44:55  NVPREV                                           0
                16:58:44:56  AMAXNON                               1.637139E-01
                16:58:44:56  IRECSIZL=                                     4000
                16:58:44:57  MTX BLOCKSIZE=                                  18
                16:58:44:57  MI=                                             18
                16:58:44:58  NORECL=                                          1
                16:58:44:58  NORECL1=                                         1
                16:58:44:59  IWORD=                                       32000
                16:58:44:59  JRECSIZE=                                     4000
                16:58:44:60  IWORDJ=                                      32000
                16:58:44:60  IBYTE=                                           4
                16:58:44:61  JOINTS=                                          5
                16:58:44:61  MEMBERS=                                         4
                16:58:44:62  PLATES =                                         0
                16:58:44:63  SOLIDS =                                         0
                16:58:44:63  NO. OF EQUATIONS=                               18
                16:58:44:63  idyn=                                            0
                16:58:44:64  ipd=                                             0
                16:58:44:64  icablanl=                                        0
                16:58:44:65  ++ Processing Element Stiffness Matrix.
                16:58:44:65  NV1                                            101
                16:58:44:77  ++ Calculating Element Forces & Reactions.
                16:58:45:37  COMBINATION CASES=                               0
                16:58:45:37  MAX CM MEMORY (KILOWORDS)                       26
                16:58:45:37  AFTER SOLVER 1
                16:58:45:39  REOPEN AS SEQ                                    0
                16:58:45:39  DEFINE ENVELOPE
                16:58:45:41  LOAD LIST 1101 TO 110
                16:58:45:41  PARAMETER 1
                16:58:45:42  CHECK CODE ALL
                16:58:45:43  ENTERING SECTNM110 IQ=                           4
                16:58:45:43               NSEC=                              11
                16:58:45:44             ISECTN=                               0
                16:58:45:46  SECTNM110 DO 925
                16:58:45:47  ENTERING ENVLP1 ITYP1=                          -3
                16:58:45:47  SECT DISPLACE
                16:58:45:49  Steel/Alum/Timber Design                        52
                16:58:45:53    ++ Finished Design ...
                16:58:45:54  Steel/Timber Design exit
                16:58:45:54  LOAD LIST 2101 TO 210
                16:58:45:55  PARAMETER 1
                16:58:45:56  CHECK CODE ALL
                16:58:45:56  ENTERING ENVLP1 ITYP1=                          -3
                16:58:45:57  SECT DISPLACE
                16:58:45:59  Steel/Alum/Timber Design                        52
                16:58:45:60    ++ Finished Design ...
                16:58:45:60  Steel/Timber Design exit
                16:58:45:61  LOAD LIST ENV 4 TO 7
                16:58:45:61  PARAMETER 1
                16:58:45:62  CHECK CODE ALL
                16:58:45:63  ENTERING ENVLP1 ITYP1=                          -3
                16:58:45:63  SECT DISPLACE
                16:58:45:65  Steel/Alum/Timber Design                        52
                16:58:45:66    ++ Finished Design ...
                16:58:45:67  Steel/Timber Design exit
                16:58:45:67  PRINT JOINT DISPLACEM
                16:58:45:68  DRAW ISOM JOIN MEMB
                16:58:45:69  ENTERING SECTNM110 IQ=                           4
                16:58:45:69               NSEC=                              11
                16:58:45:70             ISECTN=                               0
                16:58:45:73  SECTNM110 DO 925
                16:58:45:74  PRINT SUPPORT REACTIO
                16:58:45:74  DRAW ISOM SUPP PROP
                16:58:45:75  ENTERING SECTNM110 IQ=                           4
                16:58:45:75               NSEC=                              11
                16:58:45:76             ISECTN=                               0
                16:58:45:78  SECTNM110 DO 925
                16:58:45:80  DRAW ISOM SHAP
                16:58:45:80  ENTERING SECTNM110 IQ=                           4
                16:58:45:80               NSEC=                              11
                16:58:45:81             ISECTN=                               0
                16:58:45:83  SECTNM110 DO 925
                16:58:45:85  PRINT CG
                16:58:45:85  FINISH
                16:58:45:86  All Commands FINISHed
                16:58:45:86  DATASAVE for SPRO GUI
                16:58:45:87  ++ Creating Displacement File (DSP)...
                16:58:45:88  ++ Creating Reaction File (REA)...
                16:58:45:89  ++ Creating Section Force File (BMD)...
                16:58:45:90  ++ Creating Section Displace File (SEC)...
                16:58:45:90  ENTERING ENVLP1 ITYP1=                          -5
                16:58:45:91  SECT DISPLACE
                16:58:45:93  ++ Creating Section Displace File (SCN)...
                16:58:45:95  ++ Creating Design information File (DGN)...
                16:58:45:95  ALLOCATED CM MEMORY (KILOWORDS)             300000
                16:58:45:95  MAX CM MEMORY (KILOWORDS)                       48
                16:58:45:96  DBS LONG SEC NAME
* End Of Analysis At Fri Jul 12 16:58:45 2024
* CPU usage = 3.915000
* STAAD Exit Code: 100, Warning Count: 0, Error Count: 0, Duration: 3.915
1 0 0 3.915
****************************************************************************
*                            END OF ANALYSIS                               *
****************************************************************************
