07/12/2024 16:55:55	Reading UID database.
07/12/2024 16:55:55	Start loading STAAD model.
07/12/2024 16:55:55	Reading model file.
07/12/2024 16:55:55	Reading model file is complete.
07/12/2024 16:55:55	Processing support.
07/12/2024 16:55:55	Processing springs.
07/12/2024 16:55:55	Processing properties.
07/12/2024 16:55:55	Processing physical properties.
07/12/2024 16:55:55	Processing constants.
07/12/2024 16:55:55	Processing BETA constants.
07/12/2024 16:55:55	Processing hidden analytical member loads.
07/12/2024 16:55:55	Processing command list for member release.
07/12/2024 16:55:55	Processing command list for member offset.
07/12/2024 16:55:55	Processing command list for member specs (cracked).
07/12/2024 16:55:55	Processing command list for member specs (axial).
07/12/2024 16:55:55	Processing command list for element release.
07/12/2024 16:55:55	Processing command list for element offset.
07/12/2024 16:55:55	Processing command list for element plate stress directive.
07/12/2024 16:55:55	Processing parameter for Chinese wind load case.
07/12/2024 16:55:56	End Processing command list.
07/12/2024 16:55:56	End loading STAAD model.
07/12/2024 16:55:56	Start Post Analysis method
07/12/2024 16:55:56	Removed all hidden plates from surfaces
07/12/2024 16:55:56	Removed all hidden plates
07/12/2024 16:55:56	Removed all hidden nodes
07/12/2024 16:55:56	Loading results from MSH file...
07/12/2024 16:55:56	Building result indices...
07/12/2024 16:55:56	Loading plate stress results...
07/12/2024 16:55:56	Set analysis report setup data
07/12/2024 16:55:56	Starting page setup...
07/12/2024 16:55:56	Page setup completed
07/12/2024 16:55:56	Setting available workflows...
07/12/2024 16:55:56	Post analysis method ends
07/12/2024 16:58:37	Reading UID database.
07/12/2024 16:58:37	Start loading STAAD model.
07/12/2024 16:58:37	Reading model file.
07/12/2024 16:58:37	Reading model file is complete.
07/12/2024 16:58:37	Processing support.
07/12/2024 16:58:37	Processing springs.
07/12/2024 16:58:37	Processing properties.
07/12/2024 16:58:37	Processing physical properties.
07/12/2024 16:58:37	Processing constants.
07/12/2024 16:58:37	Processing BETA constants.
07/12/2024 16:58:37	Processing hidden analytical member loads.
07/12/2024 16:58:37	Processing command list for member release.
07/12/2024 16:58:37	Processing command list for member offset.
07/12/2024 16:58:37	Processing command list for member specs (cracked).
07/12/2024 16:58:37	Processing command list for member specs (axial).
07/12/2024 16:58:37	Processing command list for element release.
07/12/2024 16:58:37	Processing command list for element offset.
07/12/2024 16:58:37	Processing command list for element plate stress directive.
07/12/2024 16:58:37	Processing parameter for Chinese wind load case.
07/12/2024 16:58:37	End Processing command list.
07/12/2024 16:58:37	End loading STAAD model.
07/12/2024 16:58:37	Start Post Analysis method
07/12/2024 16:58:37	Removed all hidden plates from surfaces
07/12/2024 16:58:37	Removed all hidden plates
07/12/2024 16:58:37	Removed all hidden nodes
07/12/2024 16:58:37	Loading results from MSH file...
07/12/2024 16:58:37	Building result indices...
07/12/2024 16:58:37	Loading plate stress results...
07/12/2024 16:58:37	Set analysis report setup data
07/12/2024 16:58:37	Starting page setup...
07/12/2024 16:58:37	Page setup completed
07/12/2024 16:58:37	Setting available workflows...
07/12/2024 16:58:37	Post analysis method ends
07/12/2024 16:58:48	Start Post Analysis method
07/12/2024 16:58:48	Removed all hidden plates from surfaces
07/12/2024 16:58:48	Removed all hidden plates
07/12/2024 16:58:48	Removed all hidden nodes
07/12/2024 16:58:48	Loading results from MSH file...
07/12/2024 16:58:48	Building result indices...
07/12/2024 16:58:48	Loading plate stress results...
07/12/2024 16:58:48	Set analysis report setup data
07/12/2024 16:58:48	Starting page setup...
07/12/2024 16:58:48	Page setup completed
07/12/2024 16:58:48	Setting available workflows...
07/12/2024 16:58:48	Post analysis method ends
