10:39:23	Initializing STAAD Engine
10:39:23	Run stream set up is complete.
10:39:23	Initialize license libraries.
10:39:23	License libraries initialized.
10:39:23	Starting license(s) for A & D engine.
10:39:24	License Status: Ok
10:39:24	License information set up is complete.
****************************************************************************
*                            START OF ANALYSIS                             *
****************************************************************************
* Initiating Analysis At Mon Aug  5 10:39:24 2024
                          PROGRAM: STAAD.Pro
                          VERSION: 23.00.01.25
                10:39:24:36  ENTERING STAAD
                10:39:24:38  USING 64 BIT STAAD ENGINE
                10:39:24:38  ENTERING MAINN
                10:39:24:39  START JOB INFORMATION
                10:39:24:39  INPUT WIDTH 79
                10:39:24:39  UNIT MMS KN
                10:39:24:40  JOINT COORDINATES
                10:39:24:40  ENTERING JOINTC
                10:39:24:40  JOINTC NEWJ                                 400000
                10:39:24:41  MAX NODE NO.                                     7
                10:39:24:41  MEMBER INCIDENCES
                10:39:24:42  UNIT METER KN
                10:39:24:42  DEFINE MATERIAL START
                10:39:24:43  UNIT MMS KN
                10:39:24:43  MEMBER PROPERTY EUROP
                10:39:24:85    ++ Finished Reading Member Properties ...
                10:39:24:85  CONSTANTS
                10:39:24:86  SUPPORTS
                10:39:24:86  ENTERING SUPPORT
                10:39:24:87  MEMBER OFFSET
                10:39:24:87  DEFINE WIND LOAD
                10:39:24:88  LOAD 121 LOADTYPE DEA
                10:39:24:88  DUPLICATE ELEMENT CHECK
                10:39:24:89  CHECKING STRUCTURAL INTEGRITY
                10:39:24:89  CHECK UNCONNECTED JOINTS AND
                10:39:24:90  CALCULATE MAX JOINT CONNECTIVITY
                10:39:24:90  CHECK MULTIPLE STRUCTURES
                10:39:24:91  ENTERING SUPPORT
                10:39:24:91  NRJOLD                                           0
                10:39:24:91  SUPPORT NOLD                                     0
                10:39:24:92  SUPPORT N                                       36
                10:39:24:92  BEFORE LOADPR
                10:39:24:93  REOPEN AS DIR                                    0
                10:39:24:93  ENTER LOADPR
                10:39:25: 4  PERFORM ANALYSIS PRIN
                10:39:25: 4  pdel iter                                        0
                10:39:25: 5  MAXIMUM E =                           2.973273E+04
                10:39:25: 5  MINIMUM E =                           2.973273E+04
                10:39:25: 5  MBW DOF BAND=                                    1
                10:39:25: 6  NUMBER OF PRIMARY CASES                        101
                10:39:25: 6  NUMBER OF CASES                                252
                10:39:25: 7  #OF CASES W/ELEM INMEMORY                      252
                10:39:25: 7  MEMORY FOR MEMBER LOADS                      18144
                10:39:25: 8  MEMORY FOR DISPLACEMENTS                     10584
                10:39:25: 8  MEMORY FOR MEMBER FORCES                     18144
                10:39:25: 9  Using 64-bit analysis engine
                10:39:25: 9  BEFORE SOLVER 1
                10:39:25:10  Start Input for Next Load Case
                10:39:25:10  case no=  121 seq. no=   1 idynl= 0
                10:39:25:10  MASSSET                                          0
                10:39:25:11  LOADEND ISLAVE                                   0
                10:39:25:11  Start Input for Next Load Case
                10:39:25:12  case no=  201 seq. no=   2 idynl= 0
                10:39:25:12  LOADEND ISLAVE                                   0
                10:39:25:12  Start Input for Next Load Case
                10:39:25:13  case no=  202 seq. no=   3 idynl= 0
                10:39:25:13  LOADEND ISLAVE                                   0
                10:39:25:14  Start Input for Next Load Case
                10:39:25:14  case no=  203 seq. no=   4 idynl= 0
                10:39:25:15  LOADEND ISLAVE                                   0
                10:39:25:15  Start Input for Next Load Case
                10:39:25:15  case no=  204 seq. no=   5 idynl= 0
                10:39:25:16  LOADEND ISLAVE                                   0
                10:39:25:16  Start Input for Next Load Case
                10:39:25:17  case no=  205 seq. no=   6 idynl= 0
                10:39:25:17  LOADEND ISLAVE                                   0
                10:39:25:18  Start Input for Next Load Case
                10:39:25:18  case no=  206 seq. no=   7 idynl= 0
                10:39:25:18  LOADEND ISLAVE                                   0
                10:39:25:19  Start Input for Next Load Case
                10:39:25:19  case no=  207 seq. no=   8 idynl= 0
                10:39:25:20  LOADEND ISLAVE                                   0
                10:39:25:20  Start Input for Next Load Case
                10:39:25:21  case no=  208 seq. no=   9 idynl= 0
                10:39:25:21  LOADEND ISLAVE                                   0
                10:39:25:21  Start Input for Next Load Case
                10:39:25:22  case no=  312 seq. no=  10 idynl= 0
                10:39:25:22  LOADEND ISLAVE                                   0
                10:39:25:23  Start Input for Next Load Case
                10:39:25:23  case no=  313 seq. no=  11 idynl= 0
                10:39:25:23  LOADEND ISLAVE                                   0
                10:39:25:24  Start Input for Next Load Case
                10:39:25:24  case no=  314 seq. no=  12 idynl= 0
                10:39:25:25  LOADEND ISLAVE                                   0
                10:39:25:25  Start Input for Next Load Case
                10:39:25:25  case no=  315 seq. no=  13 idynl= 0
                10:39:25:26  LOADEND ISLAVE                                   0
                10:39:25:26  Start Input for Next Load Case
                10:39:25:27  case no=  322 seq. no=  14 idynl= 0
                10:39:25:27  LOADEND ISLAVE                                   0
                10:39:25:27  Start Input for Next Load Case
                10:39:25:28  case no=  323 seq. no=  15 idynl= 0
                10:39:25:28  LOADEND ISLAVE                                   0
                10:39:25:29  Start Input for Next Load Case
                10:39:25:29  case no=  324 seq. no=  16 idynl= 0
                10:39:25:29  LOADEND ISLAVE                                   0
                10:39:25:30  Start Input for Next Load Case
                10:39:25:30  case no=  325 seq. no=  17 idynl= 0
                10:39:25:31  LOADEND ISLAVE                                   0
                10:39:25:31  Start Input for Next Load Case
                10:39:25:32  case no=  332 seq. no=  18 idynl= 0
                10:39:25:32  LOADEND ISLAVE                                   0
                10:39:25:32  Start Input for Next Load Case
                10:39:25:33  case no=  333 seq. no=  19 idynl= 0
                10:39:25:33  LOADEND ISLAVE                                   0
                10:39:25:34  Start Input for Next Load Case
                10:39:25:34  case no=  334 seq. no=  20 idynl= 0
                10:39:25:35  LOADEND ISLAVE                                   0
                10:39:25:35  Start Input for Next Load Case
                10:39:25:35  case no=  335 seq. no=  21 idynl= 0
                10:39:25:36  LOADEND ISLAVE                                   0
                10:39:25:36  Start Input for Next Load Case
                10:39:25:37  case no=  411 seq. no=  22 idynl= 0
                10:39:25:37  LOADEND ISLAVE                                   0
                10:39:25:37  Start Input for Next Load Case
                10:39:25:38  case no=  412 seq. no=  23 idynl= 0
                10:39:25:38  LOADEND ISLAVE                                   0
                10:39:25:39  Start Input for Next Load Case
                10:39:25:39  case no=  413 seq. no=  24 idynl= 0
                10:39:25:39  LOADEND ISLAVE                                   0
                10:39:25:40  Start Input for Next Load Case
                10:39:25:40  case no=  414 seq. no=  25 idynl= 0
                10:39:25:41  LOADEND ISLAVE                                   0
                10:39:25:41  Start Input for Next Load Case
                10:39:25:41  case no=  415 seq. no=  26 idynl= 0
                10:39:25:42  LOADEND ISLAVE                                   0
                10:39:25:42  Start Input for Next Load Case
                10:39:25:43  case no=  416 seq. no=  27 idynl= 0
                10:39:25:43  LOADEND ISLAVE                                   0
                10:39:25:44  Start Input for Next Load Case
                10:39:25:44  case no=  417 seq. no=  28 idynl= 0
                10:39:25:45  LOADEND ISLAVE                                   0
                10:39:25:45  Start Input for Next Load Case
                10:39:25:45  case no=  418 seq. no=  29 idynl= 0
                10:39:25:46  LOADEND ISLAVE                                   0
                10:39:25:46  Start Input for Next Load Case
                10:39:25:47  case no=  421 seq. no=  30 idynl= 0
                10:39:25:47  LOADEND ISLAVE                                   0
                10:39:25:47  Start Input for Next Load Case
                10:39:25:48  case no=  422 seq. no=  31 idynl= 0
                10:39:25:48  LOADEND ISLAVE                                   0
                10:39:25:49  Start Input for Next Load Case
                10:39:25:49  case no=  423 seq. no=  32 idynl= 0
                10:39:25:50  LOADEND ISLAVE                                   0
                10:39:25:50  Start Input for Next Load Case
                10:39:25:50  case no=  424 seq. no=  33 idynl= 0
                10:39:25:51  LOADEND ISLAVE                                   0
                10:39:25:51  Start Input for Next Load Case
                10:39:25:52  case no=  425 seq. no=  34 idynl= 0
                10:39:25:52  LOADEND ISLAVE                                   0
                10:39:25:52  Start Input for Next Load Case
                10:39:25:53  case no=  426 seq. no=  35 idynl= 0
                10:39:25:53  LOADEND ISLAVE                                   0
                10:39:25:54  Start Input for Next Load Case
                10:39:25:54  case no=  427 seq. no=  36 idynl= 0
                10:39:25:55  LOADEND ISLAVE                                   0
                10:39:25:55  Start Input for Next Load Case
                10:39:25:55  case no=  428 seq. no=  37 idynl= 0
                10:39:25:56  LOADEND ISLAVE                                   0
                10:39:25:56  Start Input for Next Load Case
                10:39:25:57  case no=  711 seq. no=  38 idynl= 0
                10:39:25:57  LOADEND ISLAVE                                   0
                10:39:25:57  Start Input for Next Load Case
                10:39:25:58  case no=  712 seq. no=  39 idynl= 0
                10:39:25:58  LOADEND ISLAVE                                   0
                10:39:25:59  Start Input for Next Load Case
                10:39:25:59  case no=  713 seq. no=  40 idynl= 0
                10:39:25:60  LOADEND ISLAVE                                   0
                10:39:25:60  Start Input for Next Load Case
                10:39:25:60  case no=  714 seq. no=  41 idynl= 0
                10:39:25:61  LOADEND ISLAVE                                   0
                10:39:25:61  Start Input for Next Load Case
                10:39:25:62  case no=  715 seq. no=  42 idynl= 0
                10:39:25:62  LOADEND ISLAVE                                   0
                10:39:25:62  Start Input for Next Load Case
                10:39:25:63  case no=  716 seq. no=  43 idynl= 0
                10:39:25:63  LOADEND ISLAVE                                   0
                10:39:25:64  Start Input for Next Load Case
                10:39:25:64  case no=  717 seq. no=  44 idynl= 0
                10:39:25:65  LOADEND ISLAVE                                   0
                10:39:25:65  Start Input for Next Load Case
                10:39:25:65  case no=  718 seq. no=  45 idynl= 0
                10:39:25:66  LOADEND ISLAVE                                   0
                10:39:25:66  Start Input for Next Load Case
                10:39:25:67  case no= 1101 seq. no=  46 idynl= 0
                10:39:25:67  LOADEND ISLAVE                                   0
                10:39:25:67  Start Input for Next Load Case
                10:39:25:68  case no= 1102 seq. no=  47 idynl= 0
                10:39:25:68  LOADEND ISLAVE                                   0
                10:39:25:69  Start Input for Next Load Case
                10:39:25:69  case no= 1103 seq. no=  48 idynl= 0
                10:39:25:69  LOADEND ISLAVE                                   0
                10:39:25:70  Start Input for Next Load Case
                10:39:25:70  case no= 1104 seq. no=  49 idynl= 0
                10:39:25:71  LOADEND ISLAVE                                   0
                10:39:25:71  Start Input for Next Load Case
                10:39:25:72  case no= 1105 seq. no=  50 idynl= 0
                10:39:25:72  LOADEND ISLAVE                                   0
                10:39:25:72  Start Input for Next Load Case
                10:39:25:73  case no= 1106 seq. no=  51 idynl= 0
                10:39:25:73  LOADEND ISLAVE                                   0
                10:39:25:74  Start Input for Next Load Case
                10:39:25:74  case no= 1107 seq. no=  52 idynl= 0
                10:39:25:75  LOADEND ISLAVE                                   0
                10:39:25:75  Start Input for Next Load Case
                10:39:25:75  case no= 1108 seq. no=  53 idynl= 0
                10:39:25:76  LOADEND ISLAVE                                   0
                10:39:25:76  Start Input for Next Load Case
                10:39:25:77  case no= 1201 seq. no=  54 idynl= 0
                10:39:25:77  LOADEND ISLAVE                                   0
                10:39:25:77  Start Input for Next Load Case
                10:39:25:78  case no= 1202 seq. no=  55 idynl= 0
                10:39:25:78  LOADEND ISLAVE                                   0
                10:39:25:79  Start Input for Next Load Case
                10:39:25:79  case no= 1203 seq. no=  56 idynl= 0
                10:39:25:80  LOADEND ISLAVE                                   0
                10:39:25:80  Start Input for Next Load Case
                10:39:25:80  case no= 1204 seq. no=  57 idynl= 0
                10:39:25:81  LOADEND ISLAVE                                   0
                10:39:25:81  Start Input for Next Load Case
                10:39:25:82  case no= 1205 seq. no=  58 idynl= 0
                10:39:25:82  LOADEND ISLAVE                                   0
                10:39:25:83  Start Input for Next Load Case
                10:39:25:83  case no= 1206 seq. no=  59 idynl= 0
                10:39:25:83  LOADEND ISLAVE                                   0
                10:39:25:84  Start Input for Next Load Case
                10:39:25:84  case no= 1207 seq. no=  60 idynl= 0
                10:39:25:85  LOADEND ISLAVE                                   0
                10:39:25:85  Start Input for Next Load Case
                10:39:25:86  case no= 1208 seq. no=  61 idynl= 0
                10:39:25:86  LOADEND ISLAVE                                   0
                10:39:25:86  Start Input for Next Load Case
                10:39:25:87  case no= 2101 seq. no=  62 idynl= 0
                10:39:25:87  LOADEND ISLAVE                                   0
                10:39:25:88  Start Input for Next Load Case
                10:39:25:88  case no= 2102 seq. no=  63 idynl= 0
                10:39:25:88  LOADEND ISLAVE                                   0
                10:39:25:89  Start Input for Next Load Case
                10:39:25:89  case no= 2103 seq. no=  64 idynl= 0
                10:39:25:90  LOADEND ISLAVE                                   0
                10:39:25:90  Start Input for Next Load Case
                10:39:25:90  case no= 2104 seq. no=  65 idynl= 0
                10:39:25:91  LOADEND ISLAVE                                   0
                10:39:25:91  Start Input for Next Load Case
                10:39:25:92  case no= 2105 seq. no=  66 idynl= 0
                10:39:25:92  LOADEND ISLAVE                                   0
                10:39:25:93  Start Input for Next Load Case
                10:39:25:93  case no= 2106 seq. no=  67 idynl= 0
                10:39:25:93  LOADEND ISLAVE                                   0
                10:39:25:94  Start Input for Next Load Case
                10:39:25:94  case no= 2107 seq. no=  68 idynl= 0
                10:39:25:95  LOADEND ISLAVE                                   0
                10:39:25:95  Start Input for Next Load Case
                10:39:25:95  case no= 2108 seq. no=  69 idynl= 0
                10:39:25:96  LOADEND ISLAVE                                   0
                10:39:25:96  Start Input for Next Load Case
                10:39:25:97  case no= 3001 seq. no=  70 idynl= 0
                10:39:25:97  LOADEND ISLAVE                                   0
                10:39:25:97  Start Input for Next Load Case
                10:39:25:98  case no= 3002 seq. no=  71 idynl= 0
                10:39:25:98  LOADEND ISLAVE                                   0
                10:39:25:99  Start Input for Next Load Case
                10:39:25:99  case no= 3003 seq. no=  72 idynl= 0
                10:39:25:99  LOADEND ISLAVE                                   0
                10:39:26: 0  Start Input for Next Load Case
                10:39:26: 0  case no= 3004 seq. no=  73 idynl= 0
                10:39:26: 1  LOADEND ISLAVE                                   0
                10:39:26: 1  Start Input for Next Load Case
                10:39:26: 2  case no= 3005 seq. no=  74 idynl= 0
                10:39:26: 2  LOADEND ISLAVE                                   0
                10:39:26: 3  Start Input for Next Load Case
                10:39:26: 3  case no= 3006 seq. no=  75 idynl= 0
                10:39:26: 3  LOADEND ISLAVE                                   0
                10:39:26: 4  Start Input for Next Load Case
                10:39:26: 4  case no= 3007 seq. no=  76 idynl= 0
                10:39:26: 5  LOADEND ISLAVE                                   0
                10:39:26: 5  Start Input for Next Load Case
                10:39:26: 5  case no= 3008 seq. no=  77 idynl= 0
                10:39:26: 6  LOADEND ISLAVE                                   0
                10:39:26: 6  Start Input for Next Load Case
                10:39:26: 7  case no= 3011 seq. no=  78 idynl= 0
                10:39:26: 7  LOADEND ISLAVE                                   0
                10:39:26: 8  Start Input for Next Load Case
                10:39:26: 8  case no= 3012 seq. no=  79 idynl= 0
                10:39:26: 9  LOADEND ISLAVE                                   0
                10:39:26: 9  Start Input for Next Load Case
                10:39:26:10  case no= 3013 seq. no=  80 idynl= 0
                10:39:26:10  LOADEND ISLAVE                                   0
                10:39:26:10  Start Input for Next Load Case
                10:39:26:11  case no= 3014 seq. no=  81 idynl= 0
                10:39:26:11  LOADEND ISLAVE                                   0
                10:39:26:12  Start Input for Next Load Case
                10:39:26:12  case no= 3015 seq. no=  82 idynl= 0
                10:39:26:13  LOADEND ISLAVE                                   0
                10:39:26:13  Start Input for Next Load Case
                10:39:26:13  case no= 3016 seq. no=  83 idynl= 0
                10:39:26:14  LOADEND ISLAVE                                   0
                10:39:26:14  Start Input for Next Load Case
                10:39:26:15  case no= 3017 seq. no=  84 idynl= 0
                10:39:26:15  LOADEND ISLAVE                                   0
                10:39:26:15  Start Input for Next Load Case
                10:39:26:16  case no= 3018 seq. no=  85 idynl= 0
                10:39:26:16  LOADEND ISLAVE                                   0
                10:39:26:17  Start Input for Next Load Case
                10:39:26:17  case no= 3021 seq. no=  86 idynl= 0
                10:39:26:17  LOADEND ISLAVE                                   0
                10:39:26:18  Start Input for Next Load Case
                10:39:26:18  case no= 3022 seq. no=  87 idynl= 0
                10:39:26:19  LOADEND ISLAVE                                   0
                10:39:26:19  Start Input for Next Load Case
                10:39:26:20  case no= 3023 seq. no=  88 idynl= 0
                10:39:26:20  LOADEND ISLAVE                                   0
                10:39:26:20  Start Input for Next Load Case
                10:39:26:21  case no= 3024 seq. no=  89 idynl= 0
                10:39:26:21  LOADEND ISLAVE                                   0
                10:39:26:22  Start Input for Next Load Case
                10:39:26:22  case no= 3025 seq. no=  90 idynl= 0
                10:39:26:22  LOADEND ISLAVE                                   0
                10:39:26:23  Start Input for Next Load Case
                10:39:26:23  case no= 3026 seq. no=  91 idynl= 0
                10:39:26:24  LOADEND ISLAVE                                   0
                10:39:26:24  Start Input for Next Load Case
                10:39:26:25  case no= 3027 seq. no=  92 idynl= 0
                10:39:26:25  LOADEND ISLAVE                                   0
                10:39:26:26  Start Input for Next Load Case
                10:39:26:26  case no= 3028 seq. no=  93 idynl= 0
                10:39:26:27  LOADEND ISLAVE                                   0
                10:39:26:27  Start Input for Next Load Case
                10:39:26:27  case no= 3201 seq. no=  94 idynl= 0
                10:39:26:28  LOADEND ISLAVE                                   0
                10:39:26:28  Start Input for Next Load Case
                10:39:26:29  case no= 3202 seq. no=  95 idynl= 0
                10:39:26:29  LOADEND ISLAVE                                   0
                10:39:26:29  Start Input for Next Load Case
                10:39:26:30  case no= 3203 seq. no=  96 idynl= 0
                10:39:26:30  LOADEND ISLAVE                                   0
                10:39:26:31  Start Input for Next Load Case
                10:39:26:31  case no= 3204 seq. no=  97 idynl= 0
                10:39:26:32  LOADEND ISLAVE                                   0
                10:39:26:32  Start Input for Next Load Case
                10:39:26:32  case no= 3205 seq. no=  98 idynl= 0
                10:39:26:33  LOADEND ISLAVE                                   0
                10:39:26:33  Start Input for Next Load Case
                10:39:26:34  case no= 3206 seq. no=  99 idynl= 0
                10:39:26:34  LOADEND ISLAVE                                   0
                10:39:26:34  Start Input for Next Load Case
                10:39:26:35  case no= 3207 seq. no= 100 idynl= 0
                10:39:26:35  LOADEND ISLAVE                                   0
                10:39:26:36  Start Input for Next Load Case
                10:39:26:36  case no= 3208 seq. no= 101 idynl= 0
                10:39:26:36  LOADEND ISLAVE                                   0
                10:39:26:37  NVPREV                                           0
                10:39:26:37  AMAXNON                               1.348425E-01
                10:39:26:38  IRECSIZL=                                     4000
                10:39:26:38  MTX BLOCKSIZE=                                  36
                10:39:26:38  MI=                                             36
                10:39:26:39  NORECL=                                          1
                10:39:26:39  NORECL1=                                         1
                10:39:26:40  IWORD=                                       32000
                10:39:26:40  JRECSIZE=                                     4000
                10:39:26:41  IWORDJ=                                      32000
                10:39:26:41  IBYTE=                                           4
                10:39:26:41  JOINTS=                                          7
                10:39:26:42  MEMBERS=                                         6
                10:39:26:42  PLATES =                                         0
                10:39:26:43  SOLIDS =                                         0
                10:39:26:43  NO. OF EQUATIONS=                               36
                10:39:26:44  idyn=                                            0
                10:39:26:44  ipd=                                             0
                10:39:26:44  icablanl=                                        0
                10:39:26:45  ++ Processing Element Stiffness Matrix.
                10:39:26:45  NV1                                            101
                10:39:26:56  ++ Calculating Element Forces & Reactions.
                10:39:27: 5  COMBINATION CASES=                               0
                10:39:27: 5  MAX CM MEMORY (KILOWORDS)                       28
                10:39:27: 5  AFTER SOLVER 1
                10:39:27: 7  REOPEN AS SEQ                                    0
                10:39:27: 7  DEFINE ENVELOPE
                10:39:27: 9  LOAD LIST 1101 TO 110
                10:39:27: 9  PARAMETER 1
                10:39:27:10  CHECK CODE ALL
                10:39:27:10  ENTERING SECTNM110 IQ=                           6
                10:39:27:11               NSEC=                              11
                10:39:27:11             ISECTN=                               0
                10:39:27:13  SECTNM110 DO 925
                10:39:27:15  ENTERING ENVLP1 ITYP1=                          -3
                10:39:27:15  SECT DISPLACE
                10:39:27:16  Steel/Alum/Timber Design                        52
                10:39:27:20    ++ Finished Design ...
                10:39:27:20  Steel/Timber Design exit
                10:39:27:20  LOAD LIST 2101 TO 210
                10:39:27:21  PARAMETER 1
                10:39:27:22  CHECK CODE ALL
                10:39:27:22  ENTERING ENVLP1 ITYP1=                          -3
                10:39:27:23  SECT DISPLACE
                10:39:27:25  Steel/Alum/Timber Design                        52
                10:39:27:25    ++ Finished Design ...
                10:39:27:25  Steel/Timber Design exit
                10:39:27:26  LOAD LIST ENV 4 TO 7
                10:39:27:26  PARAMETER 1
                10:39:27:28  CHECK CODE ALL
                10:39:27:28  ENTERING ENVLP1 ITYP1=                          -3
                10:39:27:28  SECT DISPLACE
                10:39:27:30  Steel/Alum/Timber Design                        52
                10:39:27:31    ++ Finished Design ...
                10:39:27:31  Steel/Timber Design exit
                10:39:27:32  PRINT JOINT DISPLACEM
                10:39:27:32  DRAW ISOM JOIN MEMB
                10:39:27:33  ENTERING SECTNM110 IQ=                           6
                10:39:27:33               NSEC=                              11
                10:39:27:34             ISECTN=                               0
                10:39:27:36  SECTNM110 DO 925
                10:39:27:38  PRINT SUPPORT REACTIO
                10:39:27:38  DRAW ISOM SUPP PROP
                10:39:27:39  ENTERING SECTNM110 IQ=                           6
                10:39:27:39               NSEC=                              11
                10:39:27:39             ISECTN=                               0
                10:39:27:41  SECTNM110 DO 925
                10:39:27:43  DRAW ISOM SHAP
                10:39:27:43  ENTERING SECTNM110 IQ=                           6
                10:39:27:44               NSEC=                              11
                10:39:27:44             ISECTN=                               0
                10:39:27:47  SECTNM110 DO 925
                10:39:27:48  PRINT CG
                10:39:27:48  FINISH
                10:39:27:49  All Commands FINISHed
                10:39:27:50  DATASAVE for SPRO GUI
                10:39:27:51  ++ Creating Displacement File (DSP)...
                10:39:27:52  ++ Creating Reaction File (REA)...
                10:39:27:53  ++ Creating Section Force File (BMD)...
                10:39:27:54  ++ Creating Section Displace File (SEC)...
                10:39:27:54  ENTERING ENVLP1 ITYP1=                          -5
                10:39:27:55  SECT DISPLACE
                10:39:27:57  ++ Creating Section Displace File (SCN)...
                10:39:27:59  ++ Creating Design information File (DGN)...
                10:39:27:59  ALLOCATED CM MEMORY (KILOWORDS)             300000
                10:39:27:59  MAX CM MEMORY (KILOWORDS)                       55
                10:39:27:60  DBS LONG SEC NAME
* End Of Analysis At Mon Aug  5 10:39:27 2024
* CPU usage = 3.309000
* STAAD Exit Code: 100, Warning Count: 0, Error Count: 0, Duration: 3.309
1 0 0 3.309
****************************************************************************
*                            END OF ANALYSIS                               *
****************************************************************************
