08/05/2024 10:11:57	Reading UID database.
08/05/2024 10:11:57	Start loading STAAD model.
08/05/2024 10:11:57	Reading model file.
08/05/2024 10:11:58	Reading model file is complete.
08/05/2024 10:11:58	Processing support.
08/05/2024 10:11:58	Processing springs.
08/05/2024 10:11:58	Processing properties.
08/05/2024 10:11:58	Processing physical properties.
08/05/2024 10:11:58	Processing constants.
08/05/2024 10:11:58	Processing BETA constants.
08/05/2024 10:11:58	Processing hidden analytical member loads.
08/05/2024 10:11:58	Processing command list for member release.
08/05/2024 10:11:58	Processing command list for member offset.
08/05/2024 10:11:58	Processing command list for member specs (cracked).
08/05/2024 10:11:58	Processing command list for member specs (axial).
08/05/2024 10:11:58	Processing command list for element release.
08/05/2024 10:11:58	Processing command list for element offset.
08/05/2024 10:11:58	Processing command list for element plate stress directive.
08/05/2024 10:11:58	Processing parameter for Chinese wind load case.
08/05/2024 10:11:58	End Processing command list.
08/05/2024 10:11:58	End loading STAAD model.
08/05/2024 10:11:58	Start Post Analysis method
08/05/2024 10:11:58	Removed all hidden plates from surfaces
08/05/2024 10:11:58	Removed all hidden plates
08/05/2024 10:11:58	Removed all hidden nodes
08/05/2024 10:11:58	Loading results from MSH file...
08/05/2024 10:11:58	Building result indices...
08/05/2024 10:11:58	Loading plate stress results...
08/05/2024 10:11:58	Set analysis report setup data
08/05/2024 10:11:58	Starting page setup...
08/05/2024 10:11:58	Page setup completed
08/05/2024 10:11:58	Setting available workflows...
08/05/2024 10:11:58	Post analysis method ends
08/05/2024 10:12:58	Start Post Analysis method
08/05/2024 10:12:58	Removed all hidden plates from surfaces
08/05/2024 10:12:58	Removed all hidden plates
08/05/2024 10:12:58	Removed all hidden nodes
08/05/2024 10:12:58	Loading results from MSH file...
08/05/2024 10:12:58	Building result indices...
08/05/2024 10:12:58	Loading plate stress results...
08/05/2024 10:12:58	Set analysis report setup data
08/05/2024 10:12:58	Starting page setup...
08/05/2024 10:12:58	Page setup completed
08/05/2024 10:12:58	Setting available workflows...
08/05/2024 10:12:58	Post analysis method ends
08/05/2024 10:39:18	Reading UID database.
08/05/2024 10:39:18	Start loading STAAD model.
08/05/2024 10:39:18	Reading model file.
08/05/2024 10:39:18	Reading model file is complete.
08/05/2024 10:39:18	Processing support.
08/05/2024 10:39:18	Processing springs.
08/05/2024 10:39:18	Processing properties.
08/05/2024 10:39:18	Processing physical properties.
08/05/2024 10:39:18	Processing constants.
08/05/2024 10:39:18	Processing BETA constants.
08/05/2024 10:39:18	Processing hidden analytical member loads.
08/05/2024 10:39:18	Processing command list for member release.
08/05/2024 10:39:18	Processing command list for member offset.
08/05/2024 10:39:18	Processing command list for member specs (cracked).
08/05/2024 10:39:18	Processing command list for member specs (axial).
08/05/2024 10:39:18	Processing command list for element release.
08/05/2024 10:39:18	Processing command list for element offset.
08/05/2024 10:39:18	Processing command list for element plate stress directive.
08/05/2024 10:39:18	Processing parameter for Chinese wind load case.
08/05/2024 10:39:18	End Processing command list.
08/05/2024 10:39:18	End loading STAAD model.
08/05/2024 10:39:18	Start Post Analysis method
08/05/2024 10:39:18	Removed all hidden plates from surfaces
08/05/2024 10:39:18	Removed all hidden plates
08/05/2024 10:39:18	Removed all hidden nodes
08/05/2024 10:39:18	Loading results from MSH file...
08/05/2024 10:39:18	Building result indices...
08/05/2024 10:39:18	Loading plate stress results...
08/05/2024 10:39:18	Set analysis report setup data
08/05/2024 10:39:18	Starting page setup...
08/05/2024 10:39:18	Page setup completed
08/05/2024 10:39:18	Setting available workflows...
08/05/2024 10:39:18	Post analysis method ends
08/05/2024 10:39:29	Start Post Analysis method
08/05/2024 10:39:29	Removed all hidden plates from surfaces
08/05/2024 10:39:29	Removed all hidden plates
08/05/2024 10:39:29	Removed all hidden nodes
08/05/2024 10:39:29	Loading results from MSH file...
08/05/2024 10:39:29	Building result indices...
08/05/2024 10:39:29	Loading plate stress results...
08/05/2024 10:39:29	Set analysis report setup data
08/05/2024 10:39:29	Starting page setup...
08/05/2024 10:39:29	Page setup completed
08/05/2024 10:39:29	Setting available workflows...
08/05/2024 10:39:29	Post analysis method ends
