07/18/2024 08:50:53	Reading UID database.
07/18/2024 08:50:53	Start loading STAAD model.
07/18/2024 08:50:54	Reading model file.
07/18/2024 08:50:54	Reading model file is complete.
07/18/2024 08:50:54	Processing support.
07/18/2024 08:50:54	Processing springs.
07/18/2024 08:50:54	Processing properties.
07/18/2024 08:50:54	Processing physical properties.
07/18/2024 08:50:54	Processing constants.
07/18/2024 08:50:54	Processing BETA constants.
07/18/2024 08:50:54	Processing hidden analytical member loads.
07/18/2024 08:50:54	Processing command list for member release.
07/18/2024 08:50:54	Processing command list for member offset.
07/18/2024 08:50:54	Processing command list for member specs (cracked).
07/18/2024 08:50:54	Processing command list for member specs (axial).
07/18/2024 08:50:54	Processing command list for element release.
07/18/2024 08:50:54	Processing command list for element offset.
07/18/2024 08:50:54	Processing command list for element plate stress directive.
07/18/2024 08:50:54	Processing parameter for Chinese wind load case.
07/18/2024 08:50:54	End Processing command list.
07/18/2024 08:50:54	End loading STAAD model.
07/18/2024 08:50:54	Start Post Analysis method
07/18/2024 08:50:54	Removed all hidden plates from surfaces
07/18/2024 08:50:54	Removed all hidden plates
07/18/2024 08:50:54	Removed all hidden nodes
07/18/2024 08:50:54	Loading results from MSH file...
07/18/2024 08:50:54	Building result indices...
07/18/2024 08:50:54	Loading plate stress results...
07/18/2024 08:50:54	Set analysis report setup data
07/18/2024 08:50:54	Starting page setup...
07/18/2024 08:50:54	Page setup completed
07/18/2024 08:50:54	Setting available workflows...
07/18/2024 08:50:54	Post analysis method ends
