15:26:58	Initializing STAAD Engine
15:26:58	Run stream set up is complete.
15:26:58	Initialize license libraries.
15:26:58	License libraries initialized.
15:26:58	Starting license(s) for A & D engine.
15:26:59	License Status: Ok
15:26:59	License information set up is complete.
****************************************************************************
*                            START OF ANALYSIS                             *
****************************************************************************
* Initiating Analysis At Wed Aug 14 15:26:59 2024
                          PROGRAM: STAAD.Pro
                          VERSION: 23.00.01.25
                15:26:59:38  ENTERING STAAD
                15:26:59:39  USING 64 BIT STAAD ENGINE
                15:26:59:40  ENTERING MAINN
                15:26:59:40  START JOB INFORMATION
                15:26:59:40  INPUT WIDTH 79
                15:26:59:41  UNIT MMS KN
                15:26:59:41  JOINT COORDINATES
                15:26:59:41  ENTERING JOINTC
                15:26:59:42  JOINTC NEWJ                                 400000
                15:26:59:42  MAX NODE NO.                                     8
                15:26:59:43  MEMBER INCIDENCES
                15:26:59:43  UNIT METER KN
                15:26:59:44  DEFINE MATERIAL START
                15:26:59:44  UNIT MMS KN
                15:26:59:45  MEMBER PROPERTY EUROP
                15:26:59:56    ++ Finished Reading Member Properties ...
                15:26:59:56  CONSTANTS
                15:26:59:57  SUPPORTS
                15:26:59:57  ENTERING SUPPORT
                15:26:59:58  UNIT METER KN
                15:26:59:58  DEFINE WIND LOAD
                15:26:59:59  LOAD 121 LOADTYPE DEA
                15:26:59:59  DUPLICATE ELEMENT CHECK
                15:26:59:60  CHECKING STRUCTURAL INTEGRITY
                15:26:59:60  CHECK UNCONNECTED JOINTS AND
                15:26:59:61  CALCULATE MAX JOINT CONNECTIVITY
                15:26:59:61  CHECK MULTIPLE STRUCTURES
                15:26:59:62  ENTERING SUPPORT
                15:26:59:62  NRJOLD                                           0
                15:26:59:63  SUPPORT NOLD                                     0
                15:26:59:63  SUPPORT N                                       36
                15:26:59:63  BEFORE LOADPR
                15:26:59:64  REOPEN AS DIR                                    0
                15:26:59:64  ENTER LOADPR
                15:26:59:75  PERFORM ANALYSIS PRIN
                15:26:59:75  pdel iter                                        0
                15:26:59:76  MAXIMUM E =                           2.973273E+04
                15:26:59:76  MINIMUM E =                           2.973273E+04
                15:26:59:77  MBW DOF BAND=                                    1
                15:26:59:77  NUMBER OF PRIMARY CASES                        101
                15:26:59:77  NUMBER OF CASES                                252
                15:26:59:78  #OF CASES W/ELEM INMEMORY                      252
                15:26:59:78  MEMORY FOR MEMBER LOADS                      21168
                15:26:59:79  MEMORY FOR DISPLACEMENTS                     12096
                15:26:59:79  MEMORY FOR MEMBER FORCES                     21168
                15:26:59:80  Using 64-bit analysis engine
                15:26:59:80  BEFORE SOLVER 1
                15:26:59:81  Start Input for Next Load Case
                15:26:59:81  case no=  121 seq. no=   1 idynl= 0
                15:26:59:82  MASSSET                                          0
                15:26:59:82  LOADEND ISLAVE                                   0
                15:26:59:82  Start Input for Next Load Case
                15:26:59:83  case no=  201 seq. no=   2 idynl= 0
                15:26:59:83  LOADEND ISLAVE                                   0
                15:26:59:84  Start Input for Next Load Case
                15:26:59:84  case no=  202 seq. no=   3 idynl= 0
                15:26:59:85  LOADEND ISLAVE                                   0
                15:26:59:85  Start Input for Next Load Case
                15:26:59:86  case no=  203 seq. no=   4 idynl= 0
                15:26:59:86  LOADEND ISLAVE                                   0
                15:26:59:87  Start Input for Next Load Case
                15:26:59:88  case no=  204 seq. no=   5 idynl= 0
                15:26:59:88  LOADEND ISLAVE                                   0
                15:26:59:89  Start Input for Next Load Case
                15:26:59:89  case no=  205 seq. no=   6 idynl= 0
                15:26:59:89  LOADEND ISLAVE                                   0
                15:26:59:90  Start Input for Next Load Case
                15:26:59:90  case no=  206 seq. no=   7 idynl= 0
                15:26:59:91  LOADEND ISLAVE                                   0
                15:26:59:91  Start Input for Next Load Case
                15:26:59:92  case no=  207 seq. no=   8 idynl= 0
                15:26:59:92  LOADEND ISLAVE                                   0
                15:26:59:92  Start Input for Next Load Case
                15:26:59:93  case no=  208 seq. no=   9 idynl= 0
                15:26:59:93  LOADEND ISLAVE                                   0
                15:26:59:94  Start Input for Next Load Case
                15:26:59:95  case no=  312 seq. no=  10 idynl= 0
                15:26:59:95  LOADEND ISLAVE                                   0
                15:26:59:95  Start Input for Next Load Case
                15:26:59:96  case no=  313 seq. no=  11 idynl= 0
                15:26:59:96  LOADEND ISLAVE                                   0
                15:26:59:97  Start Input for Next Load Case
                15:26:59:97  case no=  314 seq. no=  12 idynl= 0
                15:26:59:98  LOADEND ISLAVE                                   0
                15:26:59:98  Start Input for Next Load Case
                15:26:59:99  case no=  315 seq. no=  13 idynl= 0
                15:26:59:99  LOADEND ISLAVE                                   0
                15:26:59:99  Start Input for Next Load Case
                15:27: 0: 0  case no=  322 seq. no=  14 idynl= 0
                15:27: 0: 1  LOADEND ISLAVE                                   0
                15:27: 0: 1  Start Input for Next Load Case
                15:27: 0: 2  case no=  323 seq. no=  15 idynl= 0
                15:27: 0: 2  LOADEND ISLAVE                                   0
                15:27: 0: 3  Start Input for Next Load Case
                15:27: 0: 3  case no=  324 seq. no=  16 idynl= 0
                15:27: 0: 4  LOADEND ISLAVE                                   0
                15:27: 0: 4  Start Input for Next Load Case
                15:27: 0: 4  case no=  325 seq. no=  17 idynl= 0
                15:27: 0: 5  LOADEND ISLAVE                                   0
                15:27: 0: 5  Start Input for Next Load Case
                15:27: 0: 6  case no=  332 seq. no=  18 idynl= 0
                15:27: 0: 6  LOADEND ISLAVE                                   0
                15:27: 0: 7  Start Input for Next Load Case
                15:27: 0: 7  case no=  333 seq. no=  19 idynl= 0
                15:27: 0: 7  LOADEND ISLAVE                                   0
                15:27: 0: 8  Start Input for Next Load Case
                15:27: 0: 8  case no=  334 seq. no=  20 idynl= 0
                15:27: 0: 9  LOADEND ISLAVE                                   0
                15:27: 0: 9  Start Input for Next Load Case
                15:27: 0:10  case no=  335 seq. no=  21 idynl= 0
                15:27: 0:11  LOADEND ISLAVE                                   0
                15:27: 0:11  Start Input for Next Load Case
                15:27: 0:12  case no=  411 seq. no=  22 idynl= 0
                15:27: 0:12  LOADEND ISLAVE                                   0
                15:27: 0:12  Start Input for Next Load Case
                15:27: 0:13  case no=  412 seq. no=  23 idynl= 0
                15:27: 0:13  LOADEND ISLAVE                                   0
                15:27: 0:14  Start Input for Next Load Case
                15:27: 0:14  case no=  413 seq. no=  24 idynl= 0
                15:27: 0:15  LOADEND ISLAVE                                   0
                15:27: 0:15  Start Input for Next Load Case
                15:27: 0:16  case no=  414 seq. no=  25 idynl= 0
                15:27: 0:16  LOADEND ISLAVE                                   0
                15:27: 0:16  Start Input for Next Load Case
                15:27: 0:17  case no=  415 seq. no=  26 idynl= 0
                15:27: 0:17  LOADEND ISLAVE                                   0
                15:27: 0:18  Start Input for Next Load Case
                15:27: 0:18  case no=  416 seq. no=  27 idynl= 0
                15:27: 0:19  LOADEND ISLAVE                                   0
                15:27: 0:19  Start Input for Next Load Case
                15:27: 0:19  case no=  417 seq. no=  28 idynl= 0
                15:27: 0:20  LOADEND ISLAVE                                   0
                15:27: 0:20  Start Input for Next Load Case
                15:27: 0:21  case no=  418 seq. no=  29 idynl= 0
                15:27: 0:21  LOADEND ISLAVE                                   0
                15:27: 0:22  Start Input for Next Load Case
                15:27: 0:22  case no=  421 seq. no=  30 idynl= 0
                15:27: 0:23  LOADEND ISLAVE                                   0
                15:27: 0:23  Start Input for Next Load Case
                15:27: 0:23  case no=  422 seq. no=  31 idynl= 0
                15:27: 0:24  LOADEND ISLAVE                                   0
                15:27: 0:24  Start Input for Next Load Case
                15:27: 0:25  case no=  423 seq. no=  32 idynl= 0
                15:27: 0:25  LOADEND ISLAVE                                   0
                15:27: 0:26  Start Input for Next Load Case
                15:27: 0:26  case no=  424 seq. no=  33 idynl= 0
                15:27: 0:26  LOADEND ISLAVE                                   0
                15:27: 0:27  Start Input for Next Load Case
                15:27: 0:27  case no=  425 seq. no=  34 idynl= 0
                15:27: 0:28  LOADEND ISLAVE                                   0
                15:27: 0:28  Start Input for Next Load Case
                15:27: 0:29  case no=  426 seq. no=  35 idynl= 0
                15:27: 0:29  LOADEND ISLAVE                                   0
                15:27: 0:30  Start Input for Next Load Case
                15:27: 0:30  case no=  427 seq. no=  36 idynl= 0
                15:27: 0:30  LOADEND ISLAVE                                   0
                15:27: 0:31  Start Input for Next Load Case
                15:27: 0:31  case no=  428 seq. no=  37 idynl= 0
                15:27: 0:32  LOADEND ISLAVE                                   0
                15:27: 0:32  Start Input for Next Load Case
                15:27: 0:33  case no=  711 seq. no=  38 idynl= 0
                15:27: 0:33  LOADEND ISLAVE                                   0
                15:27: 0:33  Start Input for Next Load Case
                15:27: 0:34  case no=  712 seq. no=  39 idynl= 0
                15:27: 0:34  LOADEND ISLAVE                                   0
                15:27: 0:35  Start Input for Next Load Case
                15:27: 0:35  case no=  713 seq. no=  40 idynl= 0
                15:27: 0:36  LOADEND ISLAVE                                   0
                15:27: 0:36  Start Input for Next Load Case
                15:27: 0:37  case no=  714 seq. no=  41 idynl= 0
                15:27: 0:37  LOADEND ISLAVE                                   0
                15:27: 0:38  Start Input for Next Load Case
                15:27: 0:38  case no=  715 seq. no=  42 idynl= 0
                15:27: 0:39  LOADEND ISLAVE                                   0
                15:27: 0:39  Start Input for Next Load Case
                15:27: 0:40  case no=  716 seq. no=  43 idynl= 0
                15:27: 0:40  LOADEND ISLAVE                                   0
                15:27: 0:41  Start Input for Next Load Case
                15:27: 0:41  case no=  717 seq. no=  44 idynl= 0
                15:27: 0:41  LOADEND ISLAVE                                   0
                15:27: 0:42  Start Input for Next Load Case
                15:27: 0:42  case no=  718 seq. no=  45 idynl= 0
                15:27: 0:43  LOADEND ISLAVE                                   0
                15:27: 0:43  Start Input for Next Load Case
                15:27: 0:44  case no= 1101 seq. no=  46 idynl= 0
                15:27: 0:44  LOADEND ISLAVE                                   0
                15:27: 0:45  Start Input for Next Load Case
                15:27: 0:45  case no= 1102 seq. no=  47 idynl= 0
                15:27: 0:45  LOADEND ISLAVE                                   0
                15:27: 0:46  Start Input for Next Load Case
                15:27: 0:46  case no= 1103 seq. no=  48 idynl= 0
                15:27: 0:47  LOADEND ISLAVE                                   0
                15:27: 0:47  Start Input for Next Load Case
                15:27: 0:48  case no= 1104 seq. no=  49 idynl= 0
                15:27: 0:48  LOADEND ISLAVE                                   0
                15:27: 0:49  Start Input for Next Load Case
                15:27: 0:49  case no= 1105 seq. no=  50 idynl= 0
                15:27: 0:50  LOADEND ISLAVE                                   0
                15:27: 0:50  Start Input for Next Load Case
                15:27: 0:51  case no= 1106 seq. no=  51 idynl= 0
                15:27: 0:51  LOADEND ISLAVE                                   0
                15:27: 0:52  Start Input for Next Load Case
                15:27: 0:52  case no= 1107 seq. no=  52 idynl= 0
                15:27: 0:53  LOADEND ISLAVE                                   0
                15:27: 0:53  Start Input for Next Load Case
                15:27: 0:54  case no= 1108 seq. no=  53 idynl= 0
                15:27: 0:54  LOADEND ISLAVE                                   0
                15:27: 0:55  Start Input for Next Load Case
                15:27: 0:55  case no= 1201 seq. no=  54 idynl= 0
                15:27: 0:56  LOADEND ISLAVE                                   0
                15:27: 0:56  Start Input for Next Load Case
                15:27: 0:57  case no= 1202 seq. no=  55 idynl= 0
                15:27: 0:57  LOADEND ISLAVE                                   0
                15:27: 0:58  Start Input for Next Load Case
                15:27: 0:59  case no= 1203 seq. no=  56 idynl= 0
                15:27: 0:59  LOADEND ISLAVE                                   0
                15:27: 0:60  Start Input for Next Load Case
                15:27: 0:60  case no= 1204 seq. no=  57 idynl= 0
                15:27: 0:61  LOADEND ISLAVE                                   0
                15:27: 0:61  Start Input for Next Load Case
                15:27: 0:62  case no= 1205 seq. no=  58 idynl= 0
                15:27: 0:62  LOADEND ISLAVE                                   0
                15:27: 0:63  Start Input for Next Load Case
                15:27: 0:63  case no= 1206 seq. no=  59 idynl= 0
                15:27: 0:64  LOADEND ISLAVE                                   0
                15:27: 0:64  Start Input for Next Load Case
                15:27: 0:65  case no= 1207 seq. no=  60 idynl= 0
                15:27: 0:65  LOADEND ISLAVE                                   0
                15:27: 0:66  Start Input for Next Load Case
                15:27: 0:66  case no= 1208 seq. no=  61 idynl= 0
                15:27: 0:67  LOADEND ISLAVE                                   0
                15:27: 0:67  Start Input for Next Load Case
                15:27: 0:68  case no= 2101 seq. no=  62 idynl= 0
                15:27: 0:68  LOADEND ISLAVE                                   0
                15:27: 0:68  Start Input for Next Load Case
                15:27: 0:69  case no= 2102 seq. no=  63 idynl= 0
                15:27: 0:69  LOADEND ISLAVE                                   0
                15:27: 0:70  Start Input for Next Load Case
                15:27: 0:70  case no= 2103 seq. no=  64 idynl= 0
                15:27: 0:71  LOADEND ISLAVE                                   0
                15:27: 0:71  Start Input for Next Load Case
                15:27: 0:72  case no= 2104 seq. no=  65 idynl= 0
                15:27: 0:72  LOADEND ISLAVE                                   0
                15:27: 0:72  Start Input for Next Load Case
                15:27: 0:73  case no= 2105 seq. no=  66 idynl= 0
                15:27: 0:73  LOADEND ISLAVE                                   0
                15:27: 0:74  Start Input for Next Load Case
                15:27: 0:74  case no= 2106 seq. no=  67 idynl= 0
                15:27: 0:75  LOADEND ISLAVE                                   0
                15:27: 0:75  Start Input for Next Load Case
                15:27: 0:75  case no= 2107 seq. no=  68 idynl= 0
                15:27: 0:76  LOADEND ISLAVE                                   0
                15:27: 0:77  Start Input for Next Load Case
                15:27: 0:77  case no= 2108 seq. no=  69 idynl= 0
                15:27: 0:78  LOADEND ISLAVE                                   0
                15:27: 0:79  Start Input for Next Load Case
                15:27: 0:79  case no= 3001 seq. no=  70 idynl= 0
                15:27: 0:80  LOADEND ISLAVE                                   0
                15:27: 0:81  Start Input for Next Load Case
                15:27: 0:81  case no= 3002 seq. no=  71 idynl= 0
                15:27: 0:82  LOADEND ISLAVE                                   0
                15:27: 0:82  Start Input for Next Load Case
                15:27: 0:83  case no= 3003 seq. no=  72 idynl= 0
                15:27: 0:83  LOADEND ISLAVE                                   0
                15:27: 0:84  Start Input for Next Load Case
                15:27: 0:84  case no= 3004 seq. no=  73 idynl= 0
                15:27: 0:85  LOADEND ISLAVE                                   0
                15:27: 0:85  Start Input for Next Load Case
                15:27: 0:86  case no= 3005 seq. no=  74 idynl= 0
                15:27: 0:86  LOADEND ISLAVE                                   0
                15:27: 0:87  Start Input for Next Load Case
                15:27: 0:87  case no= 3006 seq. no=  75 idynl= 0
                15:27: 0:87  LOADEND ISLAVE                                   0
                15:27: 0:88  Start Input for Next Load Case
                15:27: 0:88  case no= 3007 seq. no=  76 idynl= 0
                15:27: 0:89  LOADEND ISLAVE                                   0
                15:27: 0:89  Start Input for Next Load Case
                15:27: 0:90  case no= 3008 seq. no=  77 idynl= 0
                15:27: 0:90  LOADEND ISLAVE                                   0
                15:27: 0:91  Start Input for Next Load Case
                15:27: 0:91  case no= 3011 seq. no=  78 idynl= 0
                15:27: 0:91  LOADEND ISLAVE                                   0
                15:27: 0:92  Start Input for Next Load Case
                15:27: 0:92  case no= 3012 seq. no=  79 idynl= 0
                15:27: 0:93  LOADEND ISLAVE                                   0
                15:27: 0:93  Start Input for Next Load Case
                15:27: 0:94  case no= 3013 seq. no=  80 idynl= 0
                15:27: 0:94  LOADEND ISLAVE                                   0
                15:27: 0:94  Start Input for Next Load Case
                15:27: 0:95  case no= 3014 seq. no=  81 idynl= 0
                15:27: 0:95  LOADEND ISLAVE                                   0
                15:27: 0:96  Start Input for Next Load Case
                15:27: 0:96  case no= 3015 seq. no=  82 idynl= 0
                15:27: 0:97  LOADEND ISLAVE                                   0
                15:27: 0:97  Start Input for Next Load Case
                15:27: 0:98  case no= 3016 seq. no=  83 idynl= 0
                15:27: 0:98  LOADEND ISLAVE                                   0
                15:27: 0:98  Start Input for Next Load Case
                15:27: 0:99  case no= 3017 seq. no=  84 idynl= 0
                15:27: 0:99  LOADEND ISLAVE                                   0
                15:27: 1: 0  Start Input for Next Load Case
                15:27: 1: 0  case no= 3018 seq. no=  85 idynl= 0
                15:27: 1: 1  LOADEND ISLAVE                                   0
                15:27: 1: 1  Start Input for Next Load Case
                15:27: 1: 2  case no= 3021 seq. no=  86 idynl= 0
                15:27: 1: 2  LOADEND ISLAVE                                   0
                15:27: 1: 2  Start Input for Next Load Case
                15:27: 1: 3  case no= 3022 seq. no=  87 idynl= 0
                15:27: 1: 3  LOADEND ISLAVE                                   0
                15:27: 1: 4  Start Input for Next Load Case
                15:27: 1: 4  case no= 3023 seq. no=  88 idynl= 0
                15:27: 1: 5  LOADEND ISLAVE                                   0
                15:27: 1: 5  Start Input for Next Load Case
                15:27: 1: 5  case no= 3024 seq. no=  89 idynl= 0
                15:27: 1: 6  LOADEND ISLAVE                                   0
                15:27: 1: 6  Start Input for Next Load Case
                15:27: 1: 7  case no= 3025 seq. no=  90 idynl= 0
                15:27: 1: 7  LOADEND ISLAVE                                   0
                15:27: 1: 8  Start Input for Next Load Case
                15:27: 1: 8  case no= 3026 seq. no=  91 idynl= 0
                15:27: 1: 8  LOADEND ISLAVE                                   0
                15:27: 1: 9  Start Input for Next Load Case
                15:27: 1: 9  case no= 3027 seq. no=  92 idynl= 0
                15:27: 1:10  LOADEND ISLAVE                                   0
                15:27: 1:10  Start Input for Next Load Case
                15:27: 1:11  case no= 3028 seq. no=  93 idynl= 0
                15:27: 1:11  LOADEND ISLAVE                                   0
                15:27: 1:12  Start Input for Next Load Case
                15:27: 1:12  case no= 3201 seq. no=  94 idynl= 0
                15:27: 1:13  LOADEND ISLAVE                                   0
                15:27: 1:13  Start Input for Next Load Case
                15:27: 1:14  case no= 3202 seq. no=  95 idynl= 0
                15:27: 1:14  LOADEND ISLAVE                                   0
                15:27: 1:15  Start Input for Next Load Case
                15:27: 1:15  case no= 3203 seq. no=  96 idynl= 0
                15:27: 1:15  LOADEND ISLAVE                                   0
                15:27: 1:16  Start Input for Next Load Case
                15:27: 1:16  case no= 3204 seq. no=  97 idynl= 0
                15:27: 1:17  LOADEND ISLAVE                                   0
                15:27: 1:17  Start Input for Next Load Case
                15:27: 1:18  case no= 3205 seq. no=  98 idynl= 0
                15:27: 1:18  LOADEND ISLAVE                                   0
                15:27: 1:18  Start Input for Next Load Case
                15:27: 1:19  case no= 3206 seq. no=  99 idynl= 0
                15:27: 1:19  LOADEND ISLAVE                                   0
                15:27: 1:20  Start Input for Next Load Case
                15:27: 1:20  case no= 3207 seq. no= 100 idynl= 0
                15:27: 1:21  LOADEND ISLAVE                                   0
                15:27: 1:21  Start Input for Next Load Case
                15:27: 1:22  case no= 3208 seq. no= 101 idynl= 0
                15:27: 1:22  LOADEND ISLAVE                                   0
                15:27: 1:23  NVPREV                                           0
                15:27: 1:23  AMAXNON                               4.767060E-01
                15:27: 1:23  IRECSIZL=                                     4000
                15:27: 1:24  MTX BLOCKSIZE=                                  36
                15:27: 1:24  MI=                                             36
                15:27: 1:25  NORECL=                                          1
                15:27: 1:25  NORECL1=                                         1
                15:27: 1:26  IWORD=                                       32000
                15:27: 1:26  JRECSIZE=                                     4000
                15:27: 1:26  IWORDJ=                                      32000
                15:27: 1:27  IBYTE=                                           4
                15:27: 1:27  JOINTS=                                          8
                15:27: 1:28  MEMBERS=                                         7
                15:27: 1:28  PLATES =                                         0
                15:27: 1:29  SOLIDS =                                         0
                15:27: 1:29  NO. OF EQUATIONS=                               36
                15:27: 1:29  idyn=                                            0
                15:27: 1:30  ipd=                                             0
                15:27: 1:30  icablanl=                                        0
                15:27: 1:31  ++ Processing Element Stiffness Matrix.
                15:27: 1:31  NV1                                            101
                15:27: 1:42  ++ Calculating Element Forces & Reactions.
                15:27: 1:75  COMBINATION CASES=                               0
                15:27: 1:75  MAX CM MEMORY (KILOWORDS)                       28
                15:27: 1:75  AFTER SOLVER 1
                15:27: 1:77  REOPEN AS SEQ                                    0
                15:27: 1:77  DEFINE ENVELOPE
                15:27: 1:78  LOAD LIST 1101 TO 110
                15:27: 1:78  PARAMETER 1
                15:27: 1:79  CHECK CODE ALL
                15:27: 1:79  ENTERING SECTNM110 IQ=                           7
                15:27: 1:80               NSEC=                              11
                15:27: 1:80             ISECTN=                               0
                15:27: 1:82  SECTNM110 DO 925
                15:27: 1:84  ENTERING ENVLP1 ITYP1=                          -3
                15:27: 1:84  SECT DISPLACE
                15:27: 1:86  Steel/Alum/Timber Design                        52
                15:27: 1:87    ++ Finished Design ...
                15:27: 1:87  Steel/Timber Design exit
                15:27: 1:88  LOAD LIST 2101 TO 210
                15:27: 1:88  PARAMETER 1
                15:27: 1:89  CHECK CODE ALL
                15:27: 1:89  ENTERING ENVLP1 ITYP1=                          -3
                15:27: 1:90  SECT DISPLACE
                15:27: 1:92  Steel/Alum/Timber Design                        52
                15:27: 1:92    ++ Finished Design ...
                15:27: 1:92  Steel/Timber Design exit
                15:27: 1:93  LOAD LIST ENV 4 TO 7
                15:27: 1:94  PARAMETER 1
                15:27: 1:95  CHECK CODE ALL
                15:27: 1:95  ENTERING ENVLP1 ITYP1=                          -3
                15:27: 1:95  SECT DISPLACE
                15:27: 1:97  Steel/Alum/Timber Design                        52
                15:27: 1:99    ++ Finished Design ...
                15:27: 1:99  Steel/Timber Design exit
                15:27: 1:99  PRINT JOINT DISPLACEM
                15:27: 2: 0  DRAW ISOM JOIN MEMB
                15:27: 2: 0  ENTERING SECTNM110 IQ=                           7
                15:27: 2: 1               NSEC=                              11
                15:27: 2: 1             ISECTN=                               0
                15:27: 2: 3  SECTNM110 DO 925
                15:27: 2: 5  PRINT SUPPORT REACTIO
                15:27: 2: 5  DRAW ISOM SUPP PROP
                15:27: 2: 6  ENTERING SECTNM110 IQ=                           7
                15:27: 2: 6               NSEC=                              11
                15:27: 2: 7             ISECTN=                               0
                15:27: 2: 9  SECTNM110 DO 925
                15:27: 2:10  DRAW ISOM SHAP
                15:27: 2:11  ENTERING SECTNM110 IQ=                           7
                15:27: 2:11               NSEC=                              11
                15:27: 2:12             ISECTN=                               0
                15:27: 2:14  SECTNM110 DO 925
                15:27: 2:16  PRINT CG
                15:27: 2:16  FINISH
                15:27: 2:16  All Commands FINISHed
                15:27: 2:17  DATASAVE for SPRO GUI
                15:27: 2:18  ++ Creating Displacement File (DSP)...
                15:27: 2:20  ++ Creating Reaction File (REA)...
                15:27: 2:20  ++ Creating Section Force File (BMD)...
                15:27: 2:22  ++ Creating Section Displace File (SEC)...
                15:27: 2:22  ENTERING ENVLP1 ITYP1=                          -5
                15:27: 2:23  SECT DISPLACE
                15:27: 2:25  ++ Creating Section Displace File (SCN)...
                15:27: 2:27  ++ Creating Design information File (DGN)...
                15:27: 2:27  ALLOCATED CM MEMORY (KILOWORDS)             300000
                15:27: 2:28  MAX CM MEMORY (KILOWORDS)                       59
                15:27: 2:28  DBS LONG SEC NAME
* End Of Analysis At Wed Aug 14 15:27:02 2024
* CPU usage = 2.966000
* STAAD Exit Code: 100, Warning Count: 0, Error Count: 0, Duration: 2.966
1 0 0 2.966
****************************************************************************
*                            END OF ANALYSIS                               *
****************************************************************************
