08/15/2024 10:26:30	Reading UID database.
08/15/2024 10:26:30	Start loading STAAD model.
08/15/2024 10:26:30	Reading model file.
08/15/2024 10:26:30	Reading model file is complete.
08/15/2024 10:26:30	Processing support.
08/15/2024 10:26:30	Processing springs.
08/15/2024 10:26:30	Processing properties.
08/15/2024 10:26:30	Processing physical properties.
08/15/2024 10:26:30	Processing constants.
08/15/2024 10:26:30	Processing BETA constants.
08/15/2024 10:26:30	Processing hidden analytical member loads.
08/15/2024 10:26:30	Processing command list for member release.
08/15/2024 10:26:30	Processing command list for member offset.
08/15/2024 10:26:30	Processing command list for member specs (cracked).
08/15/2024 10:26:30	Processing command list for member specs (axial).
08/15/2024 10:26:30	Processing command list for element release.
08/15/2024 10:26:30	Processing command list for element offset.
08/15/2024 10:26:30	Processing command list for element plate stress directive.
08/15/2024 10:26:30	Processing parameter for Chinese wind load case.
08/15/2024 10:26:30	End Processing command list.
08/15/2024 10:26:30	End loading STAAD model.
08/15/2024 10:26:30	Start Post Analysis method
08/15/2024 10:26:30	Removed all hidden plates from surfaces
08/15/2024 10:26:30	Removed all hidden plates
08/15/2024 10:26:30	Removed all hidden nodes
08/15/2024 10:26:30	Loading results from MSH file...
08/15/2024 10:26:30	Building result indices...
08/15/2024 10:26:31	Loading plate stress results...
08/15/2024 10:26:31	Set analysis report setup data
08/15/2024 10:26:31	Starting page setup...
08/15/2024 10:26:31	Page setup completed
08/15/2024 10:26:31	Setting available workflows...
08/15/2024 10:26:31	Post analysis method ends
