08/05/2024 13:04:07	Reading UID database.
08/05/2024 13:04:07	Start loading STAAD model.
08/05/2024 13:04:07	Reading model file.
08/05/2024 13:04:07	Reading model file is complete.
08/05/2024 13:04:07	Processing support.
08/05/2024 13:04:07	Processing springs.
08/05/2024 13:04:07	Processing properties.
08/05/2024 13:04:07	Processing physical properties.
08/05/2024 13:04:07	Processing constants.
08/05/2024 13:04:07	Processing BETA constants.
08/05/2024 13:04:07	Processing hidden analytical member loads.
08/05/2024 13:04:07	Processing command list for member release.
08/05/2024 13:04:07	Processing command list for member offset.
08/05/2024 13:04:07	Processing command list for member specs (cracked).
08/05/2024 13:04:07	Processing command list for member specs (axial).
08/05/2024 13:04:07	Processing command list for element release.
08/05/2024 13:04:07	Processing command list for element offset.
08/05/2024 13:04:07	Processing command list for element plate stress directive.
08/05/2024 13:04:07	Processing parameter for Chinese wind load case.
08/05/2024 13:04:07	End Processing command list.
08/05/2024 13:04:07	End loading STAAD model.
08/05/2024 13:05:03	Start Post Analysis method
08/05/2024 13:05:03	Removed all hidden plates from surfaces
08/05/2024 13:05:03	Removed all hidden plates
08/05/2024 13:05:03	Removed all hidden nodes
08/05/2024 13:05:03	Loading results from MSH file...
08/05/2024 13:05:03	Building result indices...
08/05/2024 13:05:03	Loading plate stress results...
08/05/2024 13:05:03	Set analysis report setup data
08/05/2024 13:05:03	Starting page setup...
08/05/2024 13:05:03	Page setup completed
08/05/2024 13:05:03	Setting available workflows...
08/05/2024 13:05:03	Post analysis method ends
08/05/2024 13:06:45	Start Post Analysis method
08/05/2024 13:06:45	Removed all hidden plates from surfaces
08/05/2024 13:06:45	Removed all hidden plates
08/05/2024 13:06:45	Removed all hidden nodes
08/05/2024 13:06:45	Loading results from MSH file...
08/05/2024 13:06:45	Building result indices...
08/05/2024 13:06:45	Loading plate stress results...
08/05/2024 13:06:45	Set analysis report setup data
08/05/2024 13:06:45	Starting page setup...
08/05/2024 13:06:45	Page setup completed
08/05/2024 13:06:45	Setting available workflows...
08/05/2024 13:06:45	Post analysis method ends
08/05/2024 13:13:46	Start Post Analysis method
08/05/2024 13:13:46	Removed all hidden plates from surfaces
08/05/2024 13:13:46	Removed all hidden plates
08/05/2024 13:13:46	Removed all hidden nodes
08/05/2024 13:13:46	Loading results from MSH file...
08/05/2024 13:13:46	Building result indices...
08/05/2024 13:13:46	Loading plate stress results...
08/05/2024 13:13:46	Set analysis report setup data
08/05/2024 13:13:46	Starting page setup...
08/05/2024 13:13:46	Page setup completed
08/05/2024 13:13:46	Setting available workflows...
08/05/2024 13:13:46	Post analysis method ends
08/05/2024 13:14:10	Start Post Analysis method
08/05/2024 13:14:10	Removed all hidden plates from surfaces
08/05/2024 13:14:10	Removed all hidden plates
08/05/2024 13:14:10	Removed all hidden nodes
08/05/2024 13:14:10	Loading results from MSH file...
08/05/2024 13:14:10	Building result indices...
08/05/2024 13:14:10	Loading plate stress results...
08/05/2024 13:14:10	Set analysis report setup data
08/05/2024 13:14:10	Starting page setup...
08/05/2024 13:14:10	Page setup completed
08/05/2024 13:14:10	Setting available workflows...
08/05/2024 13:14:10	Post analysis method ends
