10/10/2024 14:14:07	Reading UID database.
10/10/2024 14:14:07	Start loading STAAD model.
10/10/2024 14:14:07	Reading model file.
10/10/2024 14:14:08	Reading model file is complete.
10/10/2024 14:14:08	Processing support.
10/10/2024 14:14:08	Processing springs.
10/10/2024 14:14:08	Processing properties.
10/10/2024 14:14:08	Processing physical properties.
10/10/2024 14:14:08	Processing constants.
10/10/2024 14:14:08	Processing BETA constants.
10/10/2024 14:14:08	Processing hidden analytical member loads.
10/10/2024 14:14:08	Processing command list for member release.
10/10/2024 14:14:08	Processing command list for member offset.
10/10/2024 14:14:08	Processing command list for member specs (cracked).
10/10/2024 14:14:08	Processing command list for member specs (axial).
10/10/2024 14:14:08	Processing command list for element release.
10/10/2024 14:14:08	Processing command list for element offset.
10/10/2024 14:14:08	Processing command list for element plate stress directive.
10/10/2024 14:14:08	Processing parameter for Chinese wind load case.
10/10/2024 14:14:08	End Processing command list.
10/10/2024 14:14:08	End loading STAAD model.
10/10/2024 14:14:08	Start Post Analysis method
10/10/2024 14:14:08	Removed all hidden plates from surfaces
10/10/2024 14:14:08	Removed all hidden plates
10/10/2024 14:14:08	Removed all hidden nodes
10/10/2024 14:14:08	Loading results from MSH file...
10/10/2024 14:14:08	Building result indices...
10/10/2024 14:14:08	Loading plate stress results...
10/10/2024 14:14:08	Set analysis report setup data
10/10/2024 14:14:08	Starting page setup...
10/10/2024 14:14:08	Page setup completed
10/10/2024 14:14:08	Setting available workflows...
10/10/2024 14:14:08	Post analysis method ends
10/10/2024 15:19:15	Reading UID database.
10/10/2024 15:19:15	Start loading STAAD model.
10/10/2024 15:19:15	Reading model file.
10/10/2024 15:19:16	Reading model file is complete.
10/10/2024 15:19:16	Processing support.
10/10/2024 15:19:16	Processing springs.
10/10/2024 15:19:16	Processing properties.
10/10/2024 15:19:16	Processing physical properties.
10/10/2024 15:19:16	Processing constants.
10/10/2024 15:19:16	Processing BETA constants.
10/10/2024 15:19:16	Processing hidden analytical member loads.
10/10/2024 15:19:16	Processing command list for member release.
10/10/2024 15:19:16	Processing command list for member offset.
10/10/2024 15:19:16	Processing command list for member specs (cracked).
10/10/2024 15:19:16	Processing command list for member specs (axial).
10/10/2024 15:19:16	Processing command list for element release.
10/10/2024 15:19:16	Processing command list for element offset.
10/10/2024 15:19:16	Processing command list for element plate stress directive.
10/10/2024 15:19:16	Processing parameter for Chinese wind load case.
10/10/2024 15:19:16	End Processing command list.
10/10/2024 15:19:16	End loading STAAD model.
10/10/2024 15:19:16	Start Post Analysis method
10/10/2024 15:19:16	Removed all hidden plates from surfaces
10/10/2024 15:19:16	Removed all hidden plates
10/10/2024 15:19:16	Removed all hidden nodes
10/10/2024 15:19:16	Loading results from MSH file...
10/10/2024 15:19:16	Building result indices...
10/10/2024 15:19:16	Loading plate stress results...
10/10/2024 15:19:16	Set analysis report setup data
10/10/2024 15:19:16	Starting page setup...
10/10/2024 15:19:16	Page setup completed
10/10/2024 15:19:16	Setting available workflows...
10/10/2024 15:19:16	Post analysis method ends
10/10/2024 15:55:22	Reading UID database.
10/10/2024 15:55:22	Start loading STAAD model.
10/10/2024 15:55:22	Reading model file.
10/10/2024 15:55:22	Reading model file is complete.
10/10/2024 15:55:22	Processing support.
10/10/2024 15:55:22	Processing springs.
10/10/2024 15:55:22	Processing properties.
10/10/2024 15:55:22	Processing physical properties.
10/10/2024 15:55:22	Processing constants.
10/10/2024 15:55:22	Processing BETA constants.
10/10/2024 15:55:22	Processing hidden analytical member loads.
10/10/2024 15:55:22	Processing command list for member release.
10/10/2024 15:55:22	Processing command list for member offset.
10/10/2024 15:55:22	Processing command list for member specs (cracked).
10/10/2024 15:55:22	Processing command list for member specs (axial).
10/10/2024 15:55:22	Processing command list for element release.
10/10/2024 15:55:22	Processing command list for element offset.
10/10/2024 15:55:22	Processing command list for element plate stress directive.
10/10/2024 15:55:22	Processing parameter for Chinese wind load case.
10/10/2024 15:55:22	End Processing command list.
10/10/2024 15:55:22	End loading STAAD model.
10/10/2024 15:55:22	Start Post Analysis method
10/10/2024 15:55:22	Removed all hidden plates from surfaces
10/10/2024 15:55:22	Removed all hidden plates
10/10/2024 15:55:22	Removed all hidden nodes
10/10/2024 15:55:22	Loading results from MSH file...
10/10/2024 15:55:22	Building result indices...
10/10/2024 15:55:22	Loading plate stress results...
10/10/2024 15:55:22	Set analysis report setup data
10/10/2024 15:55:22	Starting page setup...
10/10/2024 15:55:22	Page setup completed
10/10/2024 15:55:22	Setting available workflows...
10/10/2024 15:55:22	Post analysis method ends
10/10/2024 15:55:31	Start Post Analysis method
10/10/2024 15:55:31	Removed all hidden plates from surfaces
10/10/2024 15:55:31	Removed all hidden plates
10/10/2024 15:55:31	Removed all hidden nodes
10/10/2024 15:55:31	Loading results from MSH file...
10/10/2024 15:55:31	Building result indices...
10/10/2024 15:55:31	Loading plate stress results...
10/10/2024 15:55:31	Set analysis report setup data
10/10/2024 15:55:31	Starting page setup...
10/10/2024 15:55:31	Page setup completed
10/10/2024 15:55:31	Setting available workflows...
10/10/2024 15:55:31	Post analysis method ends
10/10/2024 15:55:41	Start Post Analysis method
10/10/2024 15:55:41	Removed all hidden plates from surfaces
10/10/2024 15:55:41	Removed all hidden plates
10/10/2024 15:55:41	Removed all hidden nodes
10/10/2024 15:55:41	Loading results from MSH file...
10/10/2024 15:55:41	Building result indices...
10/10/2024 15:55:41	Loading plate stress results...
10/10/2024 15:55:41	Set analysis report setup data
10/10/2024 15:55:41	Starting page setup...
10/10/2024 15:55:41	Page setup completed
10/10/2024 15:55:41	Setting available workflows...
10/10/2024 15:55:41	Post analysis method ends
