01/13/2025 11:01:42	Reading UID database.
01/13/2025 11:01:42	Start loading STAAD model.
01/13/2025 11:01:42	Reading model file.
01/13/2025 11:01:42	Reading model file is complete.
01/13/2025 11:01:42	Processing support.
01/13/2025 11:01:42	Processing springs.
01/13/2025 11:01:42	Processing properties.
01/13/2025 11:01:42	Processing physical properties.
01/13/2025 11:01:42	Processing constants.
01/13/2025 11:01:42	Processing BETA constants.
01/13/2025 11:01:42	Processing hidden analytical member loads.
01/13/2025 11:01:42	Processing command list for member release.
01/13/2025 11:01:42	Processing command list for member offset.
01/13/2025 11:01:42	Processing command list for member specs (cracked).
01/13/2025 11:01:42	Processing command list for member specs (axial).
01/13/2025 11:01:42	Processing command list for element release.
01/13/2025 11:01:42	Processing command list for element offset.
01/13/2025 11:01:42	Processing command list for element plate stress directive.
01/13/2025 11:01:42	Processing parameter for Chinese wind load case.
01/13/2025 11:01:42	End Processing command list.
01/13/2025 11:01:42	End loading STAAD model.
01/13/2025 11:01:42	Start Post Analysis method
01/13/2025 11:01:42	Removed all hidden plates from surfaces
01/13/2025 11:01:42	Removed all hidden plates
01/13/2025 11:01:42	Removed all hidden nodes
01/13/2025 11:01:42	Loading results from MSH file...
01/13/2025 11:01:42	Building result indices...
01/13/2025 11:01:42	Loading plate stress results...
01/13/2025 11:01:42	Set analysis report setup data
01/13/2025 11:01:42	Starting page setup...
01/13/2025 11:01:42	Page setup completed
01/13/2025 11:01:42	Setting available workflows...
01/13/2025 11:01:42	Post analysis method ends
