14:15:44	Initializing STAAD Engine
14:15:44	Run stream set up is complete.
14:15:44	Initialize license libraries.
14:15:44	License libraries initialized.
14:15:44	Starting license(s) for A & D engine.
14:15:45	License Status: Ok
14:15:45	License information set up is complete.
****************************************************************************
*                            START OF ANALYSIS                             *
****************************************************************************
* Initiating Analysis At Thu Sep 12 14:15:45 2024
                          PROGRAM: STAAD.Pro
                          VERSION: 23.00.01.25
                14:15:45:59  ENTERING STAAD
                14:15:45:62  USING 64 BIT STAAD ENGINE
                14:15:45:62  ENTERING MAINN
                14:15:45:62  START JOB INFORMATION
                14:15:45:63  INPUT WIDTH 79
                14:15:45:63  UNIT MMS KN
                14:15:45:64  JOINT COORDINATES
                14:15:45:64  ENTERING JOINTC
                14:15:45:65  JOINTC NEWJ                                 400000
                14:15:45:65  MAX NODE NO.                                    14
                14:15:45:66  MEMBER INCIDENCES
                14:15:45:66  UNIT METER KN
                14:15:45:67  DEFINE MATERIAL START
                14:15:45:67  UNIT MMS KN
                14:15:45:68  MEMBER PROPERTY EUROP
                14:15:46:12    ++ Finished Reading Member Properties ...
                14:15:46:12  CONSTANTS
                14:15:46:13  SUPPORTS
                14:15:46:14  ENTERING SUPPORT
                14:15:46:14  MEMBER OFFSET
                14:15:46:15  DEFINE WIND LOAD
                14:15:46:16  LOAD 121 LOADTYPE DEA
                14:15:46:16  DUPLICATE ELEMENT CHECK
                14:15:46:17  CHECKING STRUCTURAL INTEGRITY
                14:15:46:17  CHECK UNCONNECTED JOINTS AND
                14:15:46:18  CALCULATE MAX JOINT CONNECTIVITY
                14:15:46:18  CHECK MULTIPLE STRUCTURES
                14:15:46:19  ENTERING SUPPORT
                14:15:46:19  NRJOLD                                           0
                14:15:46:20  SUPPORT NOLD                                     0
                14:15:46:20  SUPPORT N                                       60
                14:15:46:21  BEFORE LOADPR
                14:15:46:21  REOPEN AS DIR                                    0
                14:15:46:21  ENTER LOADPR
                14:15:46:34  PERFORM ANALYSIS PRIN
                14:15:46:34  pdel iter                                        0
                14:15:46:34  MAXIMUM E =                           2.973273E+04
                14:15:46:35  MINIMUM E =                           2.973273E+04
                14:15:46:35  MBW DOF BAND=                                    1
                14:15:46:36  NUMBER OF PRIMARY CASES                        101
                14:15:46:36  NUMBER OF CASES                                252
                14:15:46:37  #OF CASES W/ELEM INMEMORY                      252
                14:15:46:37  MEMORY FOR MEMBER LOADS                      42336
                14:15:46:38  MEMORY FOR DISPLACEMENTS                     21168
                14:15:46:38  MEMORY FOR MEMBER FORCES                     42336
                14:15:46:38  Using 64-bit analysis engine
                14:15:46:39  BEFORE SOLVER 1
                14:15:46:39  Start Input for Next Load Case
                14:15:46:40  case no=  121 seq. no=   1 idynl= 0
                14:15:46:40  MASSSET                                          0
                14:15:46:41  LOADEND ISLAVE                                   0
                14:15:46:41  Start Input for Next Load Case
                14:15:46:42  case no=  201 seq. no=   2 idynl= 0
                14:15:46:42  LOADEND ISLAVE                                   0
                14:15:46:43  Start Input for Next Load Case
                14:15:46:43  case no=  202 seq. no=   3 idynl= 0
                14:15:46:44  LOADEND ISLAVE                                   0
                14:15:46:44  Start Input for Next Load Case
                14:15:46:45  case no=  203 seq. no=   4 idynl= 0
                14:15:46:45  LOADEND ISLAVE                                   0
                14:15:46:45  Start Input for Next Load Case
                14:15:46:46  case no=  204 seq. no=   5 idynl= 0
                14:15:46:46  LOADEND ISLAVE                                   0
                14:15:46:47  Start Input for Next Load Case
                14:15:46:47  case no=  205 seq. no=   6 idynl= 0
                14:15:46:48  LOADEND ISLAVE                                   0
                14:15:46:48  Start Input for Next Load Case
                14:15:46:49  case no=  206 seq. no=   7 idynl= 0
                14:15:46:49  LOADEND ISLAVE                                   0
                14:15:46:49  Start Input for Next Load Case
                14:15:46:50  case no=  207 seq. no=   8 idynl= 0
                14:15:46:50  LOADEND ISLAVE                                   0
                14:15:46:51  Start Input for Next Load Case
                14:15:46:51  case no=  208 seq. no=   9 idynl= 0
                14:15:46:52  LOADEND ISLAVE                                   0
                14:15:46:52  Start Input for Next Load Case
                14:15:46:52  case no=  312 seq. no=  10 idynl= 0
                14:15:46:53  LOADEND ISLAVE                                   0
                14:15:46:53  Start Input for Next Load Case
                14:15:46:54  case no=  313 seq. no=  11 idynl= 0
                14:15:46:54  LOADEND ISLAVE                                   0
                14:15:46:55  Start Input for Next Load Case
                14:15:46:55  case no=  314 seq. no=  12 idynl= 0
                14:15:46:56  LOADEND ISLAVE                                   0
                14:15:46:56  Start Input for Next Load Case
                14:15:46:57  case no=  315 seq. no=  13 idynl= 0
                14:15:46:57  LOADEND ISLAVE                                   0
                14:15:46:58  Start Input for Next Load Case
                14:15:46:58  case no=  322 seq. no=  14 idynl= 0
                14:15:46:59  LOADEND ISLAVE                                   0
                14:15:46:59  Start Input for Next Load Case
                14:15:46:60  case no=  323 seq. no=  15 idynl= 0
                14:15:46:61  LOADEND ISLAVE                                   0
                14:15:46:61  Start Input for Next Load Case
                14:15:46:62  case no=  324 seq. no=  16 idynl= 0
                14:15:46:62  LOADEND ISLAVE                                   0
                14:15:46:63  Start Input for Next Load Case
                14:15:46:63  case no=  325 seq. no=  17 idynl= 0
                14:15:46:64  LOADEND ISLAVE                                   0
                14:15:46:64  Start Input for Next Load Case
                14:15:46:65  case no=  332 seq. no=  18 idynl= 0
                14:15:46:65  LOADEND ISLAVE                                   0
                14:15:46:66  Start Input for Next Load Case
                14:15:46:66  case no=  333 seq. no=  19 idynl= 0
                14:15:46:67  LOADEND ISLAVE                                   0
                14:15:46:67  Start Input for Next Load Case
                14:15:46:67  case no=  334 seq. no=  20 idynl= 0
                14:15:46:68  LOADEND ISLAVE                                   0
                14:15:46:68  Start Input for Next Load Case
                14:15:46:69  case no=  335 seq. no=  21 idynl= 0
                14:15:46:69  LOADEND ISLAVE                                   0
                14:15:46:70  Start Input for Next Load Case
                14:15:46:70  case no=  411 seq. no=  22 idynl= 0
                14:15:46:71  LOADEND ISLAVE                                   0
                14:15:46:71  Start Input for Next Load Case
                14:15:46:72  case no=  412 seq. no=  23 idynl= 0
                14:15:46:72  LOADEND ISLAVE                                   0
                14:15:46:73  Start Input for Next Load Case
                14:15:46:73  case no=  413 seq. no=  24 idynl= 0
                14:15:46:74  LOADEND ISLAVE                                   0
                14:15:46:74  Start Input for Next Load Case
                14:15:46:75  case no=  414 seq. no=  25 idynl= 0
                14:15:46:75  LOADEND ISLAVE                                   0
                14:15:46:76  Start Input for Next Load Case
                14:15:46:76  case no=  415 seq. no=  26 idynl= 0
                14:15:46:76  LOADEND ISLAVE                                   0
                14:15:46:77  Start Input for Next Load Case
                14:15:46:77  case no=  416 seq. no=  27 idynl= 0
                14:15:46:78  LOADEND ISLAVE                                   0
                14:15:46:78  Start Input for Next Load Case
                14:15:46:79  case no=  417 seq. no=  28 idynl= 0
                14:15:46:79  LOADEND ISLAVE                                   0
                14:15:46:80  Start Input for Next Load Case
                14:15:46:80  case no=  418 seq. no=  29 idynl= 0
                14:15:46:80  LOADEND ISLAVE                                   0
                14:15:46:81  Start Input for Next Load Case
                14:15:46:81  case no=  421 seq. no=  30 idynl= 0
                14:15:46:82  LOADEND ISLAVE                                   0
                14:15:46:82  Start Input for Next Load Case
                14:15:46:83  case no=  422 seq. no=  31 idynl= 0
                14:15:46:83  LOADEND ISLAVE                                   0
                14:15:46:84  Start Input for Next Load Case
                14:15:46:84  case no=  423 seq. no=  32 idynl= 0
                14:15:46:84  LOADEND ISLAVE                                   0
                14:15:46:85  Start Input for Next Load Case
                14:15:46:85  case no=  424 seq. no=  33 idynl= 0
                14:15:46:86  LOADEND ISLAVE                                   0
                14:15:46:86  Start Input for Next Load Case
                14:15:46:87  case no=  425 seq. no=  34 idynl= 0
                14:15:46:87  LOADEND ISLAVE                                   0
                14:15:46:88  Start Input for Next Load Case
                14:15:46:88  case no=  426 seq. no=  35 idynl= 0
                14:15:46:88  LOADEND ISLAVE                                   0
                14:15:46:89  Start Input for Next Load Case
                14:15:46:89  case no=  427 seq. no=  36 idynl= 0
                14:15:46:90  LOADEND ISLAVE                                   0
                14:15:46:90  Start Input for Next Load Case
                14:15:46:91  case no=  428 seq. no=  37 idynl= 0
                14:15:46:91  LOADEND ISLAVE                                   0
                14:15:46:92  Start Input for Next Load Case
                14:15:46:92  case no=  711 seq. no=  38 idynl= 0
                14:15:46:93  LOADEND ISLAVE                                   0
                14:15:46:93  Start Input for Next Load Case
                14:15:46:93  case no=  712 seq. no=  39 idynl= 0
                14:15:46:94  LOADEND ISLAVE                                   0
                14:15:46:94  Start Input for Next Load Case
                14:15:46:95  case no=  713 seq. no=  40 idynl= 0
                14:15:46:96  LOADEND ISLAVE                                   0
                14:15:46:96  Start Input for Next Load Case
                14:15:46:97  case no=  714 seq. no=  41 idynl= 0
                14:15:46:98  LOADEND ISLAVE                                   0
                14:15:46:98  Start Input for Next Load Case
                14:15:46:99  case no=  715 seq. no=  42 idynl= 0
                14:15:47: 0  LOADEND ISLAVE                                   0
                14:15:47: 0  Start Input for Next Load Case
                14:15:47: 1  case no=  716 seq. no=  43 idynl= 0
                14:15:47: 1  LOADEND ISLAVE                                   0
                14:15:47: 2  Start Input for Next Load Case
                14:15:47: 2  case no=  717 seq. no=  44 idynl= 0
                14:15:47: 3  LOADEND ISLAVE                                   0
                14:15:47: 3  Start Input for Next Load Case
                14:15:47: 4  case no=  718 seq. no=  45 idynl= 0
                14:15:47: 4  LOADEND ISLAVE                                   0
                14:15:47: 5  Start Input for Next Load Case
                14:15:47: 5  case no= 1101 seq. no=  46 idynl= 0
                14:15:47: 6  LOADEND ISLAVE                                   0
                14:15:47: 6  Start Input for Next Load Case
                14:15:47: 7  case no= 1102 seq. no=  47 idynl= 0
                14:15:47: 7  LOADEND ISLAVE                                   0
                14:15:47: 8  Start Input for Next Load Case
                14:15:47: 8  case no= 1103 seq. no=  48 idynl= 0
                14:15:47: 9  LOADEND ISLAVE                                   0
                14:15:47: 9  Start Input for Next Load Case
                14:15:47: 9  case no= 1104 seq. no=  49 idynl= 0
                14:15:47:10  LOADEND ISLAVE                                   0
                14:15:47:10  Start Input for Next Load Case
                14:15:47:11  case no= 1105 seq. no=  50 idynl= 0
                14:15:47:11  LOADEND ISLAVE                                   0
                14:15:47:12  Start Input for Next Load Case
                14:15:47:12  case no= 1106 seq. no=  51 idynl= 0
                14:15:47:13  LOADEND ISLAVE                                   0
                14:15:47:13  Start Input for Next Load Case
                14:15:47:13  case no= 1107 seq. no=  52 idynl= 0
                14:15:47:14  LOADEND ISLAVE                                   0
                14:15:47:14  Start Input for Next Load Case
                14:15:47:15  case no= 1108 seq. no=  53 idynl= 0
                14:15:47:15  LOADEND ISLAVE                                   0
                14:15:47:16  Start Input for Next Load Case
                14:15:47:16  case no= 1201 seq. no=  54 idynl= 0
                14:15:47:17  LOADEND ISLAVE                                   0
                14:15:47:17  Start Input for Next Load Case
                14:15:47:18  case no= 1202 seq. no=  55 idynl= 0
                14:15:47:18  LOADEND ISLAVE                                   0
                14:15:47:18  Start Input for Next Load Case
                14:15:47:19  case no= 1203 seq. no=  56 idynl= 0
                14:15:47:19  LOADEND ISLAVE                                   0
                14:15:47:20  Start Input for Next Load Case
                14:15:47:20  case no= 1204 seq. no=  57 idynl= 0
                14:15:47:21  LOADEND ISLAVE                                   0
                14:15:47:21  Start Input for Next Load Case
                14:15:47:22  case no= 1205 seq. no=  58 idynl= 0
                14:15:47:22  LOADEND ISLAVE                                   0
                14:15:47:22  Start Input for Next Load Case
                14:15:47:23  case no= 1206 seq. no=  59 idynl= 0
                14:15:47:23  LOADEND ISLAVE                                   0
                14:15:47:24  Start Input for Next Load Case
                14:15:47:24  case no= 1207 seq. no=  60 idynl= 0
                14:15:47:25  LOADEND ISLAVE                                   0
                14:15:47:25  Start Input for Next Load Case
                14:15:47:26  case no= 1208 seq. no=  61 idynl= 0
                14:15:47:26  LOADEND ISLAVE                                   0
                14:15:47:27  Start Input for Next Load Case
                14:15:47:27  case no= 2101 seq. no=  62 idynl= 0
                14:15:47:28  LOADEND ISLAVE                                   0
                14:15:47:28  Start Input for Next Load Case
                14:15:47:29  case no= 2102 seq. no=  63 idynl= 0
                14:15:47:29  LOADEND ISLAVE                                   0
                14:15:47:30  Start Input for Next Load Case
                14:15:47:30  case no= 2103 seq. no=  64 idynl= 0
                14:15:47:30  LOADEND ISLAVE                                   0
                14:15:47:31  Start Input for Next Load Case
                14:15:47:31  case no= 2104 seq. no=  65 idynl= 0
                14:15:47:32  LOADEND ISLAVE                                   0
                14:15:47:32  Start Input for Next Load Case
                14:15:47:33  case no= 2105 seq. no=  66 idynl= 0
                14:15:47:33  LOADEND ISLAVE                                   0
                14:15:47:34  Start Input for Next Load Case
                14:15:47:34  case no= 2106 seq. no=  67 idynl= 0
                14:15:47:34  LOADEND ISLAVE                                   0
                14:15:47:35  Start Input for Next Load Case
                14:15:47:35  case no= 2107 seq. no=  68 idynl= 0
                14:15:47:36  LOADEND ISLAVE                                   0
                14:15:47:36  Start Input for Next Load Case
                14:15:47:37  case no= 2108 seq. no=  69 idynl= 0
                14:15:47:37  LOADEND ISLAVE                                   0
                14:15:47:38  Start Input for Next Load Case
                14:15:47:38  case no= 3001 seq. no=  70 idynl= 0
                14:15:47:39  LOADEND ISLAVE                                   0
                14:15:47:39  Start Input for Next Load Case
                14:15:47:40  case no= 3002 seq. no=  71 idynl= 0
                14:15:47:40  LOADEND ISLAVE                                   0
                14:15:47:41  Start Input for Next Load Case
                14:15:47:41  case no= 3003 seq. no=  72 idynl= 0
                14:15:47:41  LOADEND ISLAVE                                   0
                14:15:47:42  Start Input for Next Load Case
                14:15:47:42  case no= 3004 seq. no=  73 idynl= 0
                14:15:47:43  LOADEND ISLAVE                                   0
                14:15:47:43  Start Input for Next Load Case
                14:15:47:44  case no= 3005 seq. no=  74 idynl= 0
                14:15:47:45  LOADEND ISLAVE                                   0
                14:15:47:45  Start Input for Next Load Case
                14:15:47:46  case no= 3006 seq. no=  75 idynl= 0
                14:15:47:46  LOADEND ISLAVE                                   0
                14:15:47:47  Start Input for Next Load Case
                14:15:47:47  case no= 3007 seq. no=  76 idynl= 0
                14:15:47:48  LOADEND ISLAVE                                   0
                14:15:47:48  Start Input for Next Load Case
                14:15:47:49  case no= 3008 seq. no=  77 idynl= 0
                14:15:47:49  LOADEND ISLAVE                                   0
                14:15:47:50  Start Input for Next Load Case
                14:15:47:50  case no= 3011 seq. no=  78 idynl= 0
                14:15:47:51  LOADEND ISLAVE                                   0
                14:15:47:51  Start Input for Next Load Case
                14:15:47:52  case no= 3012 seq. no=  79 idynl= 0
                14:15:47:52  LOADEND ISLAVE                                   0
                14:15:47:53  Start Input for Next Load Case
                14:15:47:53  case no= 3013 seq. no=  80 idynl= 0
                14:15:47:54  LOADEND ISLAVE                                   0
                14:15:47:54  Start Input for Next Load Case
                14:15:47:55  case no= 3014 seq. no=  81 idynl= 0
                14:15:47:55  LOADEND ISLAVE                                   0
                14:15:47:56  Start Input for Next Load Case
                14:15:47:56  case no= 3015 seq. no=  82 idynl= 0
                14:15:47:57  LOADEND ISLAVE                                   0
                14:15:47:58  Start Input for Next Load Case
                14:15:47:58  case no= 3016 seq. no=  83 idynl= 0
                14:15:47:59  LOADEND ISLAVE                                   0
                14:15:47:59  Start Input for Next Load Case
                14:15:47:60  case no= 3017 seq. no=  84 idynl= 0
                14:15:47:60  LOADEND ISLAVE                                   0
                14:15:47:61  Start Input for Next Load Case
                14:15:47:61  case no= 3018 seq. no=  85 idynl= 0
                14:15:47:62  LOADEND ISLAVE                                   0
                14:15:47:63  Start Input for Next Load Case
                14:15:47:63  case no= 3021 seq. no=  86 idynl= 0
                14:15:47:64  LOADEND ISLAVE                                   0
                14:15:47:64  Start Input for Next Load Case
                14:15:47:65  case no= 3022 seq. no=  87 idynl= 0
                14:15:47:65  LOADEND ISLAVE                                   0
                14:15:47:65  Start Input for Next Load Case
                14:15:47:66  case no= 3023 seq. no=  88 idynl= 0
                14:15:47:66  LOADEND ISLAVE                                   0
                14:15:47:67  Start Input for Next Load Case
                14:15:47:67  case no= 3024 seq. no=  89 idynl= 0
                14:15:47:68  LOADEND ISLAVE                                   0
                14:15:47:68  Start Input for Next Load Case
                14:15:47:68  case no= 3025 seq. no=  90 idynl= 0
                14:15:47:69  LOADEND ISLAVE                                   0
                14:15:47:69  Start Input for Next Load Case
                14:15:47:70  case no= 3026 seq. no=  91 idynl= 0
                14:15:47:70  LOADEND ISLAVE                                   0
                14:15:47:71  Start Input for Next Load Case
                14:15:47:71  case no= 3027 seq. no=  92 idynl= 0
                14:15:47:72  LOADEND ISLAVE                                   0
                14:15:47:72  Start Input for Next Load Case
                14:15:47:73  case no= 3028 seq. no=  93 idynl= 0
                14:15:47:73  LOADEND ISLAVE                                   0
                14:15:47:74  Start Input for Next Load Case
                14:15:47:74  case no= 3201 seq. no=  94 idynl= 0
                14:15:47:75  LOADEND ISLAVE                                   0
                14:15:47:75  Start Input for Next Load Case
                14:15:47:76  case no= 3202 seq. no=  95 idynl= 0
                14:15:47:76  LOADEND ISLAVE                                   0
                14:15:47:77  Start Input for Next Load Case
                14:15:47:77  case no= 3203 seq. no=  96 idynl= 0
                14:15:47:78  LOADEND ISLAVE                                   0
                14:15:47:78  Start Input for Next Load Case
                14:15:47:79  case no= 3204 seq. no=  97 idynl= 0
                14:15:47:79  LOADEND ISLAVE                                   0
                14:15:47:80  Start Input for Next Load Case
                14:15:47:80  case no= 3205 seq. no=  98 idynl= 0
                14:15:47:81  LOADEND ISLAVE                                   0
                14:15:47:81  Start Input for Next Load Case
                14:15:47:82  case no= 3206 seq. no=  99 idynl= 0
                14:15:47:82  LOADEND ISLAVE                                   0
                14:15:47:83  Start Input for Next Load Case
                14:15:47:83  case no= 3207 seq. no= 100 idynl= 0
                14:15:47:84  LOADEND ISLAVE                                   0
                14:15:47:84  Start Input for Next Load Case
                14:15:47:85  case no= 3208 seq. no= 101 idynl= 0
                14:15:47:85  LOADEND ISLAVE                                   0
                14:15:47:86  NVPREV                                           0
                14:15:47:86  AMAXNON                               5.049213E-01
                14:15:47:87  IRECSIZL=                                     4000
                14:15:47:87  MTX BLOCKSIZE=                                  60
                14:15:47:88  MI=                                             60
                14:15:47:88  NORECL=                                          1
                14:15:47:89  NORECL1=                                         1
                14:15:47:89  IWORD=                                       32000
                14:15:47:90  JRECSIZE=                                     4000
                14:15:47:90  IWORDJ=                                      32000
                14:15:47:91  IBYTE=                                           4
                14:15:47:91  JOINTS=                                         14
                14:15:47:92  MEMBERS=                                        14
                14:15:47:92  PLATES =                                         0
                14:15:47:93  SOLIDS =                                         0
                14:15:47:93  NO. OF EQUATIONS=                               60
                14:15:47:94  idyn=                                            0
                14:15:47:94  ipd=                                             0
                14:15:47:95  icablanl=                                        0
                14:15:47:95  ++ Processing Element Stiffness Matrix.
                14:15:47:96  NV1                                            101
                14:15:48: 7  ++ Calculating Element Forces & Reactions.
                14:15:48:57  COMBINATION CASES=                               0
                14:15:48:57  MAX CM MEMORY (KILOWORDS)                       33
                14:15:48:57  AFTER SOLVER 1
                14:15:48:61  REOPEN AS SEQ                                    0
                14:15:48:61  DEFINE ENVELOPE
                14:15:48:63  LOAD LIST 1101 TO 110
                14:15:48:63  PARAMETER 1
                14:15:48:64  CHECK CODE ALL
                14:15:48:65  ENTERING SECTNM110 IQ=                          14
                14:15:48:65               NSEC=                              11
                14:15:48:66             ISECTN=                               0
                14:15:48:68  SECTNM110 DO 925
                14:15:48:70  ENTERING ENVLP1 ITYP1=                          -3
                14:15:48:70  SECT DISPLACE
                14:15:48:73  Steel/Alum/Timber Design                        52
                14:15:48:78    ++ Finished Design ...
                14:15:48:78  Steel/Timber Design exit
                14:15:48:79  LOAD LIST 2101 TO 210
                14:15:48:79  PARAMETER 1
                14:15:48:80  CHECK CODE ALL
                14:15:48:80  ENTERING ENVLP1 ITYP1=                          -3
                14:15:48:81  SECT DISPLACE
                14:15:48:84  Steel/Alum/Timber Design                        52
                14:15:48:85    ++ Finished Design ...
                14:15:48:85  Steel/Timber Design exit
                14:15:48:86  LOAD LIST ENV 4 TO 7
                14:15:48:87  PARAMETER 1
                14:15:48:88  CHECK CODE ALL
                14:15:48:88  ENTERING ENVLP1 ITYP1=                          -3
                14:15:48:89  SECT DISPLACE
                14:15:48:92  Steel/Alum/Timber Design                        52
                14:15:48:95    ++ Finished Design ...
                14:15:48:95  Steel/Timber Design exit
                14:15:48:95  PRINT JOINT DISPLACEM
                14:15:48:96  DRAW ISOM JOIN MEMB
                14:15:48:96  ENTERING SECTNM110 IQ=                          14
                14:15:48:97               NSEC=                              11
                14:15:48:98             ISECTN=                               0
                14:15:49: 0  SECTNM110 DO 925
                14:15:49: 2  PRINT SUPPORT REACTIO
                14:15:49: 3  DRAW ISOM SUPP PROP
                14:15:49: 3  ENTERING SECTNM110 IQ=                          14
                14:15:49: 4               NSEC=                              11
                14:15:49: 4             ISECTN=                               0
                14:15:49: 7  SECTNM110 DO 925
                14:15:49: 9  DRAW ISOM SHAP
                14:15:49:10  ENTERING SECTNM110 IQ=                          14
                14:15:49:10               NSEC=                              11
                14:15:49:11             ISECTN=                               0
                14:15:49:13  SECTNM110 DO 925
                14:15:49:16  PRINT CG
                14:15:49:16  FINISH
                14:15:49:16  All Commands FINISHed
                14:15:49:17  DATASAVE for SPRO GUI
                14:15:49:18  ++ Creating Displacement File (DSP)...
                14:15:49:20  ++ Creating Reaction File (REA)...
                14:15:49:20  ++ Creating Section Force File (BMD)...
                14:15:49:23  ++ Creating Section Displace File (SEC)...
                14:15:49:23  ENTERING ENVLP1 ITYP1=                          -5
                14:15:49:24  SECT DISPLACE
                14:15:49:29  ++ Creating Section Displace File (SCN)...
                14:15:49:31  ++ Creating Design information File (DGN)...
                14:15:49:32  ALLOCATED CM MEMORY (KILOWORDS)             300000
                14:15:49:32  MAX CM MEMORY (KILOWORDS)                       85
                14:15:49:33  DBS LONG SEC NAME
* End Of Analysis At Thu Sep 12 14:15:49 2024
* CPU usage = 3.814000
* STAAD Exit Code: 100, Warning Count: 0, Error Count: 0, Duration: 3.814
1 0 0 3.814
****************************************************************************
*                            END OF ANALYSIS                               *
****************************************************************************
