09/12/2024 14:04:00	Reading UID database.
09/12/2024 14:04:00	Start loading STAAD model.
09/12/2024 14:04:00	Reading model file.
09/12/2024 14:04:00	Reading model file is complete.
09/12/2024 14:04:00	Processing support.
09/12/2024 14:04:00	Processing springs.
09/12/2024 14:04:00	Processing properties.
09/12/2024 14:04:00	Processing physical properties.
09/12/2024 14:04:00	Processing constants.
09/12/2024 14:04:00	Processing BETA constants.
09/12/2024 14:04:00	Processing hidden analytical member loads.
09/12/2024 14:04:00	Processing command list for member release.
09/12/2024 14:04:00	Processing command list for member offset.
09/12/2024 14:04:00	Processing command list for member specs (cracked).
09/12/2024 14:04:00	Processing command list for member specs (axial).
09/12/2024 14:04:00	Processing command list for element release.
09/12/2024 14:04:00	Processing command list for element offset.
09/12/2024 14:04:00	Processing command list for element plate stress directive.
09/12/2024 14:04:00	Processing parameter for Chinese wind load case.
09/12/2024 14:04:00	End Processing command list.
09/12/2024 14:04:00	End loading STAAD model.
09/12/2024 14:04:00	Start Post Analysis method
09/12/2024 14:04:00	Removed all hidden plates from surfaces
09/12/2024 14:04:00	Removed all hidden plates
09/12/2024 14:04:00	Removed all hidden nodes
09/12/2024 14:04:00	Loading results from MSH file...
09/12/2024 14:04:00	Building result indices...
09/12/2024 14:04:00	Loading plate stress results...
09/12/2024 14:04:00	Set analysis report setup data
09/12/2024 14:04:00	Starting page setup...
09/12/2024 14:04:00	Page setup completed
09/12/2024 14:04:00	Setting available workflows...
09/12/2024 14:04:00	Post analysis method ends
09/12/2024 14:04:33	Start Post Analysis method
09/12/2024 14:04:33	Removed all hidden plates from surfaces
09/12/2024 14:04:33	Removed all hidden plates
09/12/2024 14:04:33	Removed all hidden nodes
09/12/2024 14:04:33	Loading results from MSH file...
09/12/2024 14:04:33	Building result indices...
09/12/2024 14:04:33	Loading plate stress results...
09/12/2024 14:04:33	Set analysis report setup data
09/12/2024 14:04:33	Starting page setup...
09/12/2024 14:04:33	Page setup completed
09/12/2024 14:04:33	Setting available workflows...
09/12/2024 14:04:33	Post analysis method ends
09/12/2024 14:15:28	Reading UID database.
09/12/2024 14:15:28	Start loading STAAD model.
09/12/2024 14:15:28	Reading model file.
09/12/2024 14:15:29	Reading model file is complete.
09/12/2024 14:15:29	Processing support.
09/12/2024 14:15:29	Processing springs.
09/12/2024 14:15:29	Processing properties.
09/12/2024 14:15:29	Processing physical properties.
09/12/2024 14:15:29	Processing constants.
09/12/2024 14:15:29	Processing BETA constants.
09/12/2024 14:15:29	Processing hidden analytical member loads.
09/12/2024 14:15:29	Processing command list for member release.
09/12/2024 14:15:29	Processing command list for member offset.
09/12/2024 14:15:29	Processing command list for member specs (cracked).
09/12/2024 14:15:29	Processing command list for member specs (axial).
09/12/2024 14:15:29	Processing command list for element release.
09/12/2024 14:15:29	Processing command list for element offset.
09/12/2024 14:15:29	Processing command list for element plate stress directive.
09/12/2024 14:15:29	Processing parameter for Chinese wind load case.
09/12/2024 14:15:29	End Processing command list.
09/12/2024 14:15:29	End loading STAAD model.
09/12/2024 14:15:29	Start Post Analysis method
09/12/2024 14:15:29	Removed all hidden plates from surfaces
09/12/2024 14:15:29	Removed all hidden plates
09/12/2024 14:15:29	Removed all hidden nodes
09/12/2024 14:15:29	Loading results from MSH file...
09/12/2024 14:15:29	Building result indices...
09/12/2024 14:15:29	Loading plate stress results...
09/12/2024 14:15:29	Set analysis report setup data
09/12/2024 14:15:29	Starting page setup...
09/12/2024 14:15:29	Page setup completed
09/12/2024 14:15:29	Setting available workflows...
09/12/2024 14:15:29	Post analysis method ends
09/12/2024 14:15:51	Start Post Analysis method
09/12/2024 14:15:51	Removed all hidden plates from surfaces
09/12/2024 14:15:51	Removed all hidden plates
09/12/2024 14:15:51	Removed all hidden nodes
09/12/2024 14:15:51	Loading results from MSH file...
09/12/2024 14:15:51	Building result indices...
09/12/2024 14:15:51	Loading plate stress results...
09/12/2024 14:15:51	Set analysis report setup data
09/12/2024 14:15:51	Starting page setup...
09/12/2024 14:15:51	Page setup completed
09/12/2024 14:15:51	Setting available workflows...
09/12/2024 14:15:51	Post analysis method ends
