01/08/2025 11:47:11	Reading UID database.
01/08/2025 11:47:11	Start loading STAAD model.
01/08/2025 11:47:11	Reading model file.
01/08/2025 11:47:11	Reading model file is complete.
01/08/2025 11:47:11	Processing support.
01/08/2025 11:47:11	Processing springs.
01/08/2025 11:47:11	Processing properties.
01/08/2025 11:47:11	Processing physical properties.
01/08/2025 11:47:11	Processing constants.
01/08/2025 11:47:11	Processing BETA constants.
01/08/2025 11:47:11	Processing hidden analytical member loads.
01/08/2025 11:47:11	Processing command list for member release.
01/08/2025 11:47:11	Processing command list for member offset.
01/08/2025 11:47:11	Processing command list for member specs (cracked).
01/08/2025 11:47:11	Processing command list for member specs (axial).
01/08/2025 11:47:11	Processing command list for element release.
01/08/2025 11:47:11	Processing command list for element offset.
01/08/2025 11:47:11	Processing command list for element plate stress directive.
01/08/2025 11:47:11	Processing parameter for Chinese wind load case.
01/08/2025 11:47:11	End Processing command list.
01/08/2025 11:47:11	End loading STAAD model.
01/08/2025 11:47:11	Start Post Analysis method
01/08/2025 11:47:11	Removed all hidden plates from surfaces
01/08/2025 11:47:11	Removed all hidden plates
01/08/2025 11:47:11	Removed all hidden nodes
01/08/2025 11:47:12	Loading results from MSH file...
01/08/2025 11:47:12	Building result indices...
01/08/2025 11:47:12	Loading plate stress results...
01/08/2025 11:47:12	Set analysis report setup data
01/08/2025 11:47:12	Starting page setup...
01/08/2025 11:47:12	Page setup completed
01/08/2025 11:47:12	Setting available workflows...
01/08/2025 11:47:12	Post analysis method ends
01/08/2025 11:47:29	Start Post Analysis method
01/08/2025 11:47:29	Removed all hidden plates from surfaces
01/08/2025 11:47:29	Removed all hidden plates
01/08/2025 11:47:29	Removed all hidden nodes
01/08/2025 11:47:29	Loading results from MSH file...
01/08/2025 11:47:29	Building result indices...
01/08/2025 11:47:29	Loading plate stress results...
01/08/2025 11:47:29	Set analysis report setup data
01/08/2025 11:47:29	Starting page setup...
01/08/2025 11:47:29	Page setup completed
01/08/2025 11:47:29	Setting available workflows...
01/08/2025 11:47:29	Post analysis method ends
01/08/2025 11:48:08	Start Post Analysis method
01/08/2025 11:48:08	Removed all hidden plates from surfaces
01/08/2025 11:48:08	Removed all hidden plates
01/08/2025 11:48:08	Removed all hidden nodes
01/08/2025 11:48:08	Loading results from MSH file...
01/08/2025 11:48:08	Building result indices...
01/08/2025 11:48:08	Loading plate stress results...
01/08/2025 11:48:08	Set analysis report setup data
01/08/2025 11:48:08	Starting page setup...
01/08/2025 11:48:08	Page setup completed
01/08/2025 11:48:08	Setting available workflows...
01/08/2025 11:48:08	Post analysis method ends
