07/11/2024 14:47:16	Reading UID database.
07/11/2024 14:47:16	Start loading STAAD model.
07/11/2024 14:47:16	Reading model file.
07/11/2024 14:47:16	Reading model file is complete.
07/11/2024 14:47:16	Processing support.
07/11/2024 14:47:16	Processing springs.
07/11/2024 14:47:16	Processing properties.
07/11/2024 14:47:16	Processing physical properties.
07/11/2024 14:47:16	Processing constants.
07/11/2024 14:47:16	Processing BETA constants.
07/11/2024 14:47:16	Processing hidden analytical member loads.
07/11/2024 14:47:16	Processing command list for member release.
07/11/2024 14:47:16	Processing command list for member offset.
07/11/2024 14:47:16	Processing command list for member specs (cracked).
07/11/2024 14:47:16	Processing command list for member specs (axial).
07/11/2024 14:47:16	Processing command list for element release.
07/11/2024 14:47:16	Processing command list for element offset.
07/11/2024 14:47:16	Processing command list for element plate stress directive.
07/11/2024 14:47:16	Processing parameter for Chinese wind load case.
07/11/2024 14:47:16	End Processing command list.
07/11/2024 14:47:16	End loading STAAD model.
07/11/2024 14:47:16	Start Post Analysis method
07/11/2024 14:47:16	Removed all hidden plates from surfaces
07/11/2024 14:47:16	Removed all hidden plates
07/11/2024 14:47:16	Removed all hidden nodes
07/11/2024 14:47:16	Loading results from MSH file...
07/11/2024 14:47:16	Building result indices...
07/11/2024 14:47:16	Loading plate stress results...
07/11/2024 14:47:16	Set analysis report setup data
07/11/2024 14:47:16	Starting page setup...
07/11/2024 14:47:16	Page setup completed
07/11/2024 14:47:16	Setting available workflows...
07/11/2024 14:47:16	Post analysis method ends
07/11/2024 14:49:10	Reading UID database.
07/11/2024 14:49:10	Start loading STAAD model.
07/11/2024 14:49:10	Reading model file.
07/11/2024 14:49:10	Reading model file is complete.
07/11/2024 14:49:10	Processing support.
07/11/2024 14:49:10	Processing springs.
07/11/2024 14:49:10	Processing properties.
07/11/2024 14:49:10	Processing physical properties.
07/11/2024 14:49:10	Processing constants.
07/11/2024 14:49:10	Processing BETA constants.
07/11/2024 14:49:10	Processing hidden analytical member loads.
07/11/2024 14:49:10	Processing command list for member release.
07/11/2024 14:49:10	Processing command list for member offset.
07/11/2024 14:49:10	Processing command list for member specs (cracked).
07/11/2024 14:49:10	Processing command list for member specs (axial).
07/11/2024 14:49:10	Processing command list for element release.
07/11/2024 14:49:10	Processing command list for element offset.
07/11/2024 14:49:10	Processing command list for element plate stress directive.
07/11/2024 14:49:10	Processing parameter for Chinese wind load case.
07/11/2024 14:49:10	End Processing command list.
07/11/2024 14:49:10	End loading STAAD model.
07/11/2024 14:49:10	Start Post Analysis method
07/11/2024 14:49:10	Removed all hidden plates from surfaces
07/11/2024 14:49:10	Removed all hidden plates
07/11/2024 14:49:10	Removed all hidden nodes
07/11/2024 14:49:10	Loading results from MSH file...
07/11/2024 14:49:10	Building result indices...
07/11/2024 14:49:10	Loading plate stress results...
07/11/2024 14:49:10	Set analysis report setup data
07/11/2024 14:49:10	Starting page setup...
07/11/2024 14:49:10	Page setup completed
07/11/2024 14:49:10	Setting available workflows...
07/11/2024 14:49:10	Post analysis method ends
07/11/2024 14:49:22	Start Post Analysis method
07/11/2024 14:49:22	Removed all hidden plates from surfaces
07/11/2024 14:49:22	Removed all hidden plates
07/11/2024 14:49:22	Removed all hidden nodes
07/11/2024 14:49:22	Loading results from MSH file...
07/11/2024 14:49:22	Building result indices...
07/11/2024 14:49:22	Loading plate stress results...
07/11/2024 14:49:22	Set analysis report setup data
07/11/2024 14:49:22	Starting page setup...
07/11/2024 14:49:22	Page setup completed
07/11/2024 14:49:22	Setting available workflows...
07/11/2024 14:49:22	Post analysis method ends
