14:49:15	Initializing STAAD Engine
14:49:15	Run stream set up is complete.
14:49:15	Initialize license libraries.
14:49:15	License libraries initialized.
14:49:15	Starting license(s) for A & D engine.
14:49:15	License Status: Ok
14:49:15	License information set up is complete.
****************************************************************************
*                            START OF ANALYSIS                             *
****************************************************************************
* Initiating Analysis At Thu Jul 11 14:49:15 2024
                          PROGRAM: STAAD.Pro
                          VERSION: 23.00.01.25
                14:49:16: 3  ENTERING STAAD
                14:49:16: 5  USING 64 BIT STAAD ENGINE
                14:49:16: 5  ENTERING MAINN
                14:49:16: 6  START JOB INFORMATION
                14:49:16: 6  INPUT WIDTH 79
                14:49:16: 6  UNIT MMS KN
                14:49:16: 7  JOINT COORDINATES
                14:49:16: 7  ENTERING JOINTC
                14:49:16: 7  JOINTC NEWJ                                 400000
                14:49:16: 8  MAX NODE NO.                                     7
                14:49:16: 8  MEMBER INCIDENCES
                14:49:16: 9  UNIT METER KN
                14:49:16: 9  DEFINE MATERIAL START
                14:49:16:10  UNIT MMS KN
                14:49:16:10  MEMBER PROPERTY EUROP
                14:49:16:53    ++ Finished Reading Member Properties ...
                14:49:16:53  CONSTANTS
                14:49:16:54  SUPPORTS
                14:49:16:55  ENTERING SUPPORT
                14:49:16:55  MEMBER OFFSET
                14:49:16:56  DEFINE WIND LOAD
                14:49:16:57  LOAD 121 LOADTYPE DEA
                14:49:16:57  DUPLICATE ELEMENT CHECK
                14:49:16:58  CHECKING STRUCTURAL INTEGRITY
                14:49:16:58  CHECK UNCONNECTED JOINTS AND
                14:49:16:59  CALCULATE MAX JOINT CONNECTIVITY
                14:49:16:59  CHECK MULTIPLE STRUCTURES
                14:49:16:59  ENTERING SUPPORT
                14:49:16:60  NRJOLD                                           0
                14:49:16:60  SUPPORT NOLD                                     0
                14:49:16:61  SUPPORT N                                       30
                14:49:16:61  BEFORE LOADPR
                14:49:16:62  REOPEN AS DIR                                    0
                14:49:16:62  ENTER LOADPR
                14:49:16:73  PERFORM ANALYSIS PRIN
                14:49:16:73  pdel iter                                        0
                14:49:16:74  MAXIMUM E =                           2.973273E+04
                14:49:16:74  MINIMUM E =                           2.973273E+04
                14:49:16:75  MBW DOF BAND=                                    1
                14:49:16:76  NUMBER OF PRIMARY CASES                        101
                14:49:16:76  NUMBER OF CASES                                252
                14:49:16:77  #OF CASES W/ELEM INMEMORY                      252
                14:49:16:77  MEMORY FOR MEMBER LOADS                      18144
                14:49:16:77  MEMORY FOR DISPLACEMENTS                     10584
                14:49:16:78  MEMORY FOR MEMBER FORCES                     18144
                14:49:16:78  Using 64-bit analysis engine
                14:49:16:79  BEFORE SOLVER 1
                14:49:16:79  Start Input for Next Load Case
                14:49:16:80  case no=  121 seq. no=   1 idynl= 0
                14:49:16:80  MASSSET                                          0
                14:49:16:81  LOADEND ISLAVE                                   0
                14:49:16:81  Start Input for Next Load Case
                14:49:16:82  case no=  201 seq. no=   2 idynl= 0
                14:49:16:82  LOADEND ISLAVE                                   0
                14:49:16:83  Start Input for Next Load Case
                14:49:16:83  case no=  202 seq. no=   3 idynl= 0
                14:49:16:83  LOADEND ISLAVE                                   0
                14:49:16:84  Start Input for Next Load Case
                14:49:16:84  case no=  203 seq. no=   4 idynl= 0
                14:49:16:85  LOADEND ISLAVE                                   0
                14:49:16:85  Start Input for Next Load Case
                14:49:16:86  case no=  204 seq. no=   5 idynl= 0
                14:49:16:86  LOADEND ISLAVE                                   0
                14:49:16:87  Start Input for Next Load Case
                14:49:16:87  case no=  205 seq. no=   6 idynl= 0
                14:49:16:87  LOADEND ISLAVE                                   0
                14:49:16:88  Start Input for Next Load Case
                14:49:16:88  case no=  206 seq. no=   7 idynl= 0
                14:49:16:89  LOADEND ISLAVE                                   0
                14:49:16:89  Start Input for Next Load Case
                14:49:16:90  case no=  207 seq. no=   8 idynl= 0
                14:49:16:90  LOADEND ISLAVE                                   0
                14:49:16:90  Start Input for Next Load Case
                14:49:16:91  case no=  208 seq. no=   9 idynl= 0
                14:49:16:91  LOADEND ISLAVE                                   0
                14:49:16:92  Start Input for Next Load Case
                14:49:16:92  case no=  312 seq. no=  10 idynl= 0
                14:49:16:93  LOADEND ISLAVE                                   0
                14:49:16:93  Start Input for Next Load Case
                14:49:16:93  case no=  313 seq. no=  11 idynl= 0
                14:49:16:94  LOADEND ISLAVE                                   0
                14:49:16:94  Start Input for Next Load Case
                14:49:16:95  case no=  314 seq. no=  12 idynl= 0
                14:49:16:95  LOADEND ISLAVE                                   0
                14:49:16:96  Start Input for Next Load Case
                14:49:16:96  case no=  315 seq. no=  13 idynl= 0
                14:49:16:96  LOADEND ISLAVE                                   0
                14:49:16:97  Start Input for Next Load Case
                14:49:16:97  case no=  322 seq. no=  14 idynl= 0
                14:49:16:98  LOADEND ISLAVE                                   0
                14:49:16:98  Start Input for Next Load Case
                14:49:16:99  case no=  323 seq. no=  15 idynl= 0
                14:49:16:99  LOADEND ISLAVE                                   0
                14:49:17: 0  Start Input for Next Load Case
                14:49:17: 0  case no=  324 seq. no=  16 idynl= 0
                14:49:17: 0  LOADEND ISLAVE                                   0
                14:49:17: 1  Start Input for Next Load Case
                14:49:17: 1  case no=  325 seq. no=  17 idynl= 0
                14:49:17: 2  LOADEND ISLAVE                                   0
                14:49:17: 2  Start Input for Next Load Case
                14:49:17: 2  case no=  332 seq. no=  18 idynl= 0
                14:49:17: 3  LOADEND ISLAVE                                   0
                14:49:17: 3  Start Input for Next Load Case
                14:49:17: 4  case no=  333 seq. no=  19 idynl= 0
                14:49:17: 4  LOADEND ISLAVE                                   0
                14:49:17: 5  Start Input for Next Load Case
                14:49:17: 5  case no=  334 seq. no=  20 idynl= 0
                14:49:17: 6  LOADEND ISLAVE                                   0
                14:49:17: 6  Start Input for Next Load Case
                14:49:17: 7  case no=  335 seq. no=  21 idynl= 0
                14:49:17: 7  LOADEND ISLAVE                                   0
                14:49:17: 8  Start Input for Next Load Case
                14:49:17: 8  case no=  411 seq. no=  22 idynl= 0
                14:49:17: 9  LOADEND ISLAVE                                   0
                14:49:17: 9  Start Input for Next Load Case
                14:49:17: 9  case no=  412 seq. no=  23 idynl= 0
                14:49:17:10  LOADEND ISLAVE                                   0
                14:49:17:10  Start Input for Next Load Case
                14:49:17:11  case no=  413 seq. no=  24 idynl= 0
                14:49:17:11  LOADEND ISLAVE                                   0
                14:49:17:12  Start Input for Next Load Case
                14:49:17:12  case no=  414 seq. no=  25 idynl= 0
                14:49:17:12  LOADEND ISLAVE                                   0
                14:49:17:13  Start Input for Next Load Case
                14:49:17:13  case no=  415 seq. no=  26 idynl= 0
                14:49:17:14  LOADEND ISLAVE                                   0
                14:49:17:14  Start Input for Next Load Case
                14:49:17:15  case no=  416 seq. no=  27 idynl= 0
                14:49:17:15  LOADEND ISLAVE                                   0
                14:49:17:16  Start Input for Next Load Case
                14:49:17:16  case no=  417 seq. no=  28 idynl= 0
                14:49:17:16  LOADEND ISLAVE                                   0
                14:49:17:17  Start Input for Next Load Case
                14:49:17:17  case no=  418 seq. no=  29 idynl= 0
                14:49:17:18  LOADEND ISLAVE                                   0
                14:49:17:18  Start Input for Next Load Case
                14:49:17:19  case no=  421 seq. no=  30 idynl= 0
                14:49:17:19  LOADEND ISLAVE                                   0
                14:49:17:19  Start Input for Next Load Case
                14:49:17:20  case no=  422 seq. no=  31 idynl= 0
                14:49:17:20  LOADEND ISLAVE                                   0
                14:49:17:21  Start Input for Next Load Case
                14:49:17:21  case no=  423 seq. no=  32 idynl= 0
                14:49:17:22  LOADEND ISLAVE                                   0
                14:49:17:22  Start Input for Next Load Case
                14:49:17:23  case no=  424 seq. no=  33 idynl= 0
                14:49:17:23  LOADEND ISLAVE                                   0
                14:49:17:24  Start Input for Next Load Case
                14:49:17:24  case no=  425 seq. no=  34 idynl= 0
                14:49:17:25  LOADEND ISLAVE                                   0
                14:49:17:25  Start Input for Next Load Case
                14:49:17:25  case no=  426 seq. no=  35 idynl= 0
                14:49:17:26  LOADEND ISLAVE                                   0
                14:49:17:26  Start Input for Next Load Case
                14:49:17:27  case no=  427 seq. no=  36 idynl= 0
                14:49:17:27  LOADEND ISLAVE                                   0
                14:49:17:28  Start Input for Next Load Case
                14:49:17:28  case no=  428 seq. no=  37 idynl= 0
                14:49:17:29  LOADEND ISLAVE                                   0
                14:49:17:29  Start Input for Next Load Case
                14:49:17:29  case no=  711 seq. no=  38 idynl= 0
                14:49:17:30  LOADEND ISLAVE                                   0
                14:49:17:31  Start Input for Next Load Case
                14:49:17:31  case no=  712 seq. no=  39 idynl= 0
                14:49:17:31  LOADEND ISLAVE                                   0
                14:49:17:32  Start Input for Next Load Case
                14:49:17:32  case no=  713 seq. no=  40 idynl= 0
                14:49:17:33  LOADEND ISLAVE                                   0
                14:49:17:33  Start Input for Next Load Case
                14:49:17:34  case no=  714 seq. no=  41 idynl= 0
                14:49:17:34  LOADEND ISLAVE                                   0
                14:49:17:35  Start Input for Next Load Case
                14:49:17:35  case no=  715 seq. no=  42 idynl= 0
                14:49:17:35  LOADEND ISLAVE                                   0
                14:49:17:36  Start Input for Next Load Case
                14:49:17:36  case no=  716 seq. no=  43 idynl= 0
                14:49:17:37  LOADEND ISLAVE                                   0
                14:49:17:37  Start Input for Next Load Case
                14:49:17:38  case no=  717 seq. no=  44 idynl= 0
                14:49:17:38  LOADEND ISLAVE                                   0
                14:49:17:39  Start Input for Next Load Case
                14:49:17:39  case no=  718 seq. no=  45 idynl= 0
                14:49:17:39  LOADEND ISLAVE                                   0
                14:49:17:40  Start Input for Next Load Case
                14:49:17:40  case no= 1101 seq. no=  46 idynl= 0
                14:49:17:41  LOADEND ISLAVE                                   0
                14:49:17:41  Start Input for Next Load Case
                14:49:17:42  case no= 1102 seq. no=  47 idynl= 0
                14:49:17:42  LOADEND ISLAVE                                   0
                14:49:17:43  Start Input for Next Load Case
                14:49:17:43  case no= 1103 seq. no=  48 idynl= 0
                14:49:17:43  LOADEND ISLAVE                                   0
                14:49:17:44  Start Input for Next Load Case
                14:49:17:44  case no= 1104 seq. no=  49 idynl= 0
                14:49:17:45  LOADEND ISLAVE                                   0
                14:49:17:45  Start Input for Next Load Case
                14:49:17:46  case no= 1105 seq. no=  50 idynl= 0
                14:49:17:46  LOADEND ISLAVE                                   0
                14:49:17:47  Start Input for Next Load Case
                14:49:17:47  case no= 1106 seq. no=  51 idynl= 0
                14:49:17:47  LOADEND ISLAVE                                   0
                14:49:17:48  Start Input for Next Load Case
                14:49:17:48  case no= 1107 seq. no=  52 idynl= 0
                14:49:17:49  LOADEND ISLAVE                                   0
                14:49:17:49  Start Input for Next Load Case
                14:49:17:50  case no= 1108 seq. no=  53 idynl= 0
                14:49:17:50  LOADEND ISLAVE                                   0
                14:49:17:51  Start Input for Next Load Case
                14:49:17:51  case no= 1201 seq. no=  54 idynl= 0
                14:49:17:51  LOADEND ISLAVE                                   0
                14:49:17:52  Start Input for Next Load Case
                14:49:17:52  case no= 1202 seq. no=  55 idynl= 0
                14:49:17:53  LOADEND ISLAVE                                   0
                14:49:17:53  Start Input for Next Load Case
                14:49:17:54  case no= 1203 seq. no=  56 idynl= 0
                14:49:17:54  LOADEND ISLAVE                                   0
                14:49:17:55  Start Input for Next Load Case
                14:49:17:55  case no= 1204 seq. no=  57 idynl= 0
                14:49:17:55  LOADEND ISLAVE                                   0
                14:49:17:56  Start Input for Next Load Case
                14:49:17:56  case no= 1205 seq. no=  58 idynl= 0
                14:49:17:57  LOADEND ISLAVE                                   0
                14:49:17:57  Start Input for Next Load Case
                14:49:17:58  case no= 1206 seq. no=  59 idynl= 0
                14:49:17:58  LOADEND ISLAVE                                   0
                14:49:17:58  Start Input for Next Load Case
                14:49:17:59  case no= 1207 seq. no=  60 idynl= 0
                14:49:17:59  LOADEND ISLAVE                                   0
                14:49:17:60  Start Input for Next Load Case
                14:49:17:60  case no= 1208 seq. no=  61 idynl= 0
                14:49:17:61  LOADEND ISLAVE                                   0
                14:49:17:61  Start Input for Next Load Case
                14:49:17:61  case no= 2101 seq. no=  62 idynl= 0
                14:49:17:62  LOADEND ISLAVE                                   0
                14:49:17:62  Start Input for Next Load Case
                14:49:17:63  case no= 2102 seq. no=  63 idynl= 0
                14:49:17:63  LOADEND ISLAVE                                   0
                14:49:17:64  Start Input for Next Load Case
                14:49:17:64  case no= 2103 seq. no=  64 idynl= 0
                14:49:17:65  LOADEND ISLAVE                                   0
                14:49:17:65  Start Input for Next Load Case
                14:49:17:66  case no= 2104 seq. no=  65 idynl= 0
                14:49:17:66  LOADEND ISLAVE                                   0
                14:49:17:67  Start Input for Next Load Case
                14:49:17:67  case no= 2105 seq. no=  66 idynl= 0
                14:49:17:67  LOADEND ISLAVE                                   0
                14:49:17:68  Start Input for Next Load Case
                14:49:17:68  case no= 2106 seq. no=  67 idynl= 0
                14:49:17:69  LOADEND ISLAVE                                   0
                14:49:17:69  Start Input for Next Load Case
                14:49:17:70  case no= 2107 seq. no=  68 idynl= 0
                14:49:17:70  LOADEND ISLAVE                                   0
                14:49:17:71  Start Input for Next Load Case
                14:49:17:71  case no= 2108 seq. no=  69 idynl= 0
                14:49:17:72  LOADEND ISLAVE                                   0
                14:49:17:72  Start Input for Next Load Case
                14:49:17:73  case no= 3001 seq. no=  70 idynl= 0
                14:49:17:73  LOADEND ISLAVE                                   0
                14:49:17:74  Start Input for Next Load Case
                14:49:17:74  case no= 3002 seq. no=  71 idynl= 0
                14:49:17:74  LOADEND ISLAVE                                   0
                14:49:17:75  Start Input for Next Load Case
                14:49:17:75  case no= 3003 seq. no=  72 idynl= 0
                14:49:17:76  LOADEND ISLAVE                                   0
                14:49:17:76  Start Input for Next Load Case
                14:49:17:77  case no= 3004 seq. no=  73 idynl= 0
                14:49:17:77  LOADEND ISLAVE                                   0
                14:49:17:78  Start Input for Next Load Case
                14:49:17:78  case no= 3005 seq. no=  74 idynl= 0
                14:49:17:79  LOADEND ISLAVE                                   0
                14:49:17:79  Start Input for Next Load Case
                14:49:17:79  case no= 3006 seq. no=  75 idynl= 0
                14:49:17:80  LOADEND ISLAVE                                   0
                14:49:17:80  Start Input for Next Load Case
                14:49:17:81  case no= 3007 seq. no=  76 idynl= 0
                14:49:17:81  LOADEND ISLAVE                                   0
                14:49:17:82  Start Input for Next Load Case
                14:49:17:82  case no= 3008 seq. no=  77 idynl= 0
                14:49:17:83  LOADEND ISLAVE                                   0
                14:49:17:83  Start Input for Next Load Case
                14:49:17:83  case no= 3011 seq. no=  78 idynl= 0
                14:49:17:84  LOADEND ISLAVE                                   0
                14:49:17:84  Start Input for Next Load Case
                14:49:17:85  case no= 3012 seq. no=  79 idynl= 0
                14:49:17:85  LOADEND ISLAVE                                   0
                14:49:17:86  Start Input for Next Load Case
                14:49:17:86  case no= 3013 seq. no=  80 idynl= 0
                14:49:17:87  LOADEND ISLAVE                                   0
                14:49:17:87  Start Input for Next Load Case
                14:49:17:87  case no= 3014 seq. no=  81 idynl= 0
                14:49:17:88  LOADEND ISLAVE                                   0
                14:49:17:88  Start Input for Next Load Case
                14:49:17:89  case no= 3015 seq. no=  82 idynl= 0
                14:49:17:89  LOADEND ISLAVE                                   0
                14:49:17:90  Start Input for Next Load Case
                14:49:17:90  case no= 3016 seq. no=  83 idynl= 0
                14:49:17:90  LOADEND ISLAVE                                   0
                14:49:17:91  Start Input for Next Load Case
                14:49:17:91  case no= 3017 seq. no=  84 idynl= 0
                14:49:17:92  LOADEND ISLAVE                                   0
                14:49:17:92  Start Input for Next Load Case
                14:49:17:93  case no= 3018 seq. no=  85 idynl= 0
                14:49:17:93  LOADEND ISLAVE                                   0
                14:49:17:94  Start Input for Next Load Case
                14:49:17:94  case no= 3021 seq. no=  86 idynl= 0
                14:49:17:94  LOADEND ISLAVE                                   0
                14:49:17:95  Start Input for Next Load Case
                14:49:17:95  case no= 3022 seq. no=  87 idynl= 0
                14:49:17:96  LOADEND ISLAVE                                   0
                14:49:17:96  Start Input for Next Load Case
                14:49:17:97  case no= 3023 seq. no=  88 idynl= 0
                14:49:17:97  LOADEND ISLAVE                                   0
                14:49:17:98  Start Input for Next Load Case
                14:49:17:98  case no= 3024 seq. no=  89 idynl= 0
                14:49:17:98  LOADEND ISLAVE                                   0
                14:49:17:99  Start Input for Next Load Case
                14:49:17:99  case no= 3025 seq. no=  90 idynl= 0
                14:49:18: 0  LOADEND ISLAVE                                   0
                14:49:18: 0  Start Input for Next Load Case
                14:49:18: 1  case no= 3026 seq. no=  91 idynl= 0
                14:49:18: 1  LOADEND ISLAVE                                   0
                14:49:18: 2  Start Input for Next Load Case
                14:49:18: 2  case no= 3027 seq. no=  92 idynl= 0
                14:49:18: 2  LOADEND ISLAVE                                   0
                14:49:18: 3  Start Input for Next Load Case
                14:49:18: 3  case no= 3028 seq. no=  93 idynl= 0
                14:49:18: 4  LOADEND ISLAVE                                   0
                14:49:18: 4  Start Input for Next Load Case
                14:49:18: 5  case no= 3201 seq. no=  94 idynl= 0
                14:49:18: 5  LOADEND ISLAVE                                   0
                14:49:18: 6  Start Input for Next Load Case
                14:49:18: 6  case no= 3202 seq. no=  95 idynl= 0
                14:49:18: 6  LOADEND ISLAVE                                   0
                14:49:18: 7  Start Input for Next Load Case
                14:49:18: 7  case no= 3203 seq. no=  96 idynl= 0
                14:49:18: 8  LOADEND ISLAVE                                   0
                14:49:18: 8  Start Input for Next Load Case
                14:49:18: 9  case no= 3204 seq. no=  97 idynl= 0
                14:49:18: 9  LOADEND ISLAVE                                   0
                14:49:18: 9  Start Input for Next Load Case
                14:49:18:10  case no= 3205 seq. no=  98 idynl= 0
                14:49:18:10  LOADEND ISLAVE                                   0
                14:49:18:11  Start Input for Next Load Case
                14:49:18:11  case no= 3206 seq. no=  99 idynl= 0
                14:49:18:12  LOADEND ISLAVE                                   0
                14:49:18:12  Start Input for Next Load Case
                14:49:18:12  case no= 3207 seq. no= 100 idynl= 0
                14:49:18:13  LOADEND ISLAVE                                   0
                14:49:18:13  Start Input for Next Load Case
                14:49:18:14  case no= 3208 seq. no= 101 idynl= 0
                14:49:18:14  LOADEND ISLAVE                                   0
                14:49:18:15  NVPREV                                           0
                14:49:18:15  AMAXNON                               1.706037E-01
                14:49:18:16  IRECSIZL=                                     4000
                14:49:18:16  MTX BLOCKSIZE=                                  30
                14:49:18:17  MI=                                             30
                14:49:18:17  NORECL=                                          1
                14:49:18:17  NORECL1=                                         1
                14:49:18:18  IWORD=                                       32000
                14:49:18:18  JRECSIZE=                                     4000
                14:49:18:19  IWORDJ=                                      32000
                14:49:18:19  IBYTE=                                           4
                14:49:18:20  JOINTS=                                          7
                14:49:18:20  MEMBERS=                                         6
                14:49:18:20  PLATES =                                         0
                14:49:18:21  SOLIDS =                                         0
                14:49:18:21  NO. OF EQUATIONS=                               30
                14:49:18:22  idyn=                                            0
                14:49:18:23  ipd=                                             0
                14:49:18:23  icablanl=                                        0
                14:49:18:23  ++ Processing Element Stiffness Matrix.
                14:49:18:24  NV1                                            101
                14:49:18:35  ++ Calculating Element Forces & Reactions.
                14:49:18:82  COMBINATION CASES=                               0
                14:49:18:82  MAX CM MEMORY (KILOWORDS)                       28
                14:49:18:82  AFTER SOLVER 1
                14:49:18:83  REOPEN AS SEQ                                    0
                14:49:18:84  DEFINE ENVELOPE
                14:49:18:85  LOAD LIST 1101 TO 110
                14:49:18:85  PARAMETER 1
                14:49:18:86  CHECK CODE ALL
                14:49:18:86  ENTERING SECTNM110 IQ=                           6
                14:49:18:87               NSEC=                              11
                14:49:18:87             ISECTN=                               0
                14:49:18:89  SECTNM110 DO 925
                14:49:18:91  ENTERING ENVLP1 ITYP1=                          -3
                14:49:18:91  SECT DISPLACE
                14:49:18:93  Steel/Alum/Timber Design                        52
                14:49:18:96    ++ Finished Design ...
                14:49:18:96  Steel/Timber Design exit
                14:49:18:97  LOAD LIST 2101 TO 210
                14:49:18:97  PARAMETER 1
                14:49:18:98  CHECK CODE ALL
                14:49:18:98  ENTERING ENVLP1 ITYP1=                          -3
                14:49:18:99  SECT DISPLACE
                14:49:19: 1  Steel/Alum/Timber Design                        52
                14:49:19: 1    ++ Finished Design ...
                14:49:19: 1  Steel/Timber Design exit
                14:49:19: 2  LOAD LIST ENV 4 TO 7
                14:49:19: 2  PARAMETER 1
                14:49:19: 3  CHECK CODE ALL
                14:49:19: 3  ENTERING ENVLP1 ITYP1=                          -3
                14:49:19: 4  SECT DISPLACE
                14:49:19: 6  Steel/Alum/Timber Design                        52
                14:49:19: 7    ++ Finished Design ...
                14:49:19: 7  Steel/Timber Design exit
                14:49:19: 7  PRINT JOINT DISPLACEM
                14:49:19: 8  DRAW ISOM JOIN MEMB
                14:49:19: 9  ENTERING SECTNM110 IQ=                           6
                14:49:19: 9               NSEC=                              11
                14:49:19: 9             ISECTN=                               0
                14:49:19:12  SECTNM110 DO 925
                14:49:19:13  PRINT SUPPORT REACTIO
                14:49:19:13  DRAW ISOM SUPP PROP
                14:49:19:14  ENTERING SECTNM110 IQ=                           6
                14:49:19:14               NSEC=                              11
                14:49:19:15             ISECTN=                               0
                14:49:19:17  SECTNM110 DO 925
                14:49:19:19  DRAW ISOM SHAP
                14:49:19:19  ENTERING SECTNM110 IQ=                           6
                14:49:19:19               NSEC=                              11
                14:49:19:20             ISECTN=                               0
                14:49:19:22  SECTNM110 DO 925
                14:49:19:24  PRINT CG
                14:49:19:24  FINISH
                14:49:19:25  All Commands FINISHed
                14:49:19:25  DATASAVE for SPRO GUI
                14:49:19:26  ++ Creating Displacement File (DSP)...
                14:49:19:28  ++ Creating Reaction File (REA)...
                14:49:19:28  ++ Creating Section Force File (BMD)...
                14:49:19:30  ++ Creating Section Displace File (SEC)...
                14:49:19:30  ENTERING ENVLP1 ITYP1=                          -5
                14:49:19:31  SECT DISPLACE
                14:49:19:33  ++ Creating Section Displace File (SCN)...
                14:49:19:35  ++ Creating Design information File (DGN)...
                14:49:19:35  ALLOCATED CM MEMORY (KILOWORDS)             300000
                14:49:19:35  MAX CM MEMORY (KILOWORDS)                       55
                14:49:19:36  DBS LONG SEC NAME
* End Of Analysis At Thu Jul 11 14:49:19 2024
* CPU usage = 3.395000
* STAAD Exit Code: 100, Warning Count: 0, Error Count: 0, Duration: 3.395
1 0 0 3.395
****************************************************************************
*                            END OF ANALYSIS                               *
****************************************************************************
