08/05/2024 16:28:12	Reading UID database.
08/05/2024 16:28:12	Start loading STAAD model.
08/05/2024 16:28:12	Reading model file.
08/05/2024 16:28:13	Reading model file is complete.
08/05/2024 16:28:13	Processing support.
08/05/2024 16:28:13	Processing springs.
08/05/2024 16:28:13	Processing properties.
08/05/2024 16:28:13	Processing physical properties.
08/05/2024 16:28:13	Processing constants.
08/05/2024 16:28:13	Processing BETA constants.
08/05/2024 16:28:13	Processing hidden analytical member loads.
08/05/2024 16:28:13	Processing command list for member release.
08/05/2024 16:28:13	Processing command list for member offset.
08/05/2024 16:28:13	Processing command list for member specs (cracked).
08/05/2024 16:28:13	Processing command list for member specs (axial).
08/05/2024 16:28:13	Processing command list for element release.
08/05/2024 16:28:13	Processing command list for element offset.
08/05/2024 16:28:13	Processing command list for element plate stress directive.
08/05/2024 16:28:13	Processing parameter for Chinese wind load case.
08/05/2024 16:28:13	End Processing command list.
08/05/2024 16:28:13	End loading STAAD model.
08/05/2024 16:28:13	Start Post Analysis method
08/05/2024 16:28:13	Removed all hidden plates from surfaces
08/05/2024 16:28:13	Removed all hidden plates
08/05/2024 16:28:13	Removed all hidden nodes
08/05/2024 16:28:13	Loading results from MSH file...
08/05/2024 16:28:13	Building result indices...
08/05/2024 16:28:13	Loading plate stress results...
08/05/2024 16:28:13	Set analysis report setup data
08/05/2024 16:28:13	Starting page setup...
08/05/2024 16:28:13	Page setup completed
08/05/2024 16:28:13	Setting available workflows...
08/05/2024 16:28:13	Post analysis method ends
08/05/2024 16:28:27	Start Post Analysis method
08/05/2024 16:28:27	Removed all hidden plates from surfaces
08/05/2024 16:28:27	Removed all hidden plates
08/05/2024 16:28:27	Removed all hidden nodes
08/05/2024 16:28:27	Loading results from MSH file...
08/05/2024 16:28:27	Building result indices...
08/05/2024 16:28:27	Loading plate stress results...
08/05/2024 16:28:27	Set analysis report setup data
08/05/2024 16:28:27	Starting page setup...
08/05/2024 16:28:27	Page setup completed
08/05/2024 16:28:27	Setting available workflows...
08/05/2024 16:28:27	Post analysis method ends
08/05/2024 16:37:34	Reading UID database.
08/05/2024 16:37:34	Start loading STAAD model.
08/05/2024 16:37:34	Reading model file.
08/05/2024 16:37:34	Reading model file is complete.
08/05/2024 16:37:34	Processing support.
08/05/2024 16:37:34	Processing springs.
08/05/2024 16:37:34	Processing properties.
08/05/2024 16:37:34	Processing physical properties.
08/05/2024 16:37:34	Processing constants.
08/05/2024 16:37:34	Processing BETA constants.
08/05/2024 16:37:34	Processing hidden analytical member loads.
08/05/2024 16:37:34	Processing command list for member release.
08/05/2024 16:37:34	Processing command list for member offset.
08/05/2024 16:37:34	Processing command list for member specs (cracked).
08/05/2024 16:37:34	Processing command list for member specs (axial).
08/05/2024 16:37:34	Processing command list for element release.
08/05/2024 16:37:34	Processing command list for element offset.
08/05/2024 16:37:34	Processing command list for element plate stress directive.
08/05/2024 16:37:34	Processing parameter for Chinese wind load case.
08/05/2024 16:37:34	End Processing command list.
08/05/2024 16:37:34	End loading STAAD model.
08/05/2024 16:37:34	Start Post Analysis method
08/05/2024 16:37:34	Removed all hidden plates from surfaces
08/05/2024 16:37:34	Removed all hidden plates
08/05/2024 16:37:34	Removed all hidden nodes
08/05/2024 16:37:34	Loading results from MSH file...
08/05/2024 16:37:34	Building result indices...
08/05/2024 16:37:34	Loading plate stress results...
08/05/2024 16:37:34	Set analysis report setup data
08/05/2024 16:37:34	Starting page setup...
08/05/2024 16:37:34	Page setup completed
08/05/2024 16:37:34	Setting available workflows...
08/05/2024 16:37:34	Post analysis method ends
08/05/2024 16:37:41	Start Post Analysis method
08/05/2024 16:37:41	Removed all hidden plates from surfaces
08/05/2024 16:37:41	Removed all hidden plates
08/05/2024 16:37:41	Removed all hidden nodes
08/05/2024 16:37:41	Loading results from MSH file...
08/05/2024 16:37:41	Building result indices...
08/05/2024 16:37:41	Loading plate stress results...
08/05/2024 16:37:41	Set analysis report setup data
08/05/2024 16:37:41	Starting page setup...
08/05/2024 16:37:41	Page setup completed
08/05/2024 16:37:41	Setting available workflows...
08/05/2024 16:37:41	Post analysis method ends
