10/21/2024 11:30:01	Reading UID database.
10/21/2024 11:30:01	Start loading STAAD model.
10/21/2024 11:30:01	Reading model file.
10/21/2024 11:30:02	Reading model file is complete.
10/21/2024 11:30:02	Processing support.
10/21/2024 11:30:02	Processing springs.
10/21/2024 11:30:02	Processing properties.
10/21/2024 11:30:02	Processing physical properties.
10/21/2024 11:30:02	Processing constants.
10/21/2024 11:30:02	Processing BETA constants.
10/21/2024 11:30:02	Processing hidden analytical member loads.
10/21/2024 11:30:02	Processing command list for member release.
10/21/2024 11:30:02	Processing command list for member offset.
10/21/2024 11:30:02	Processing command list for member specs (cracked).
10/21/2024 11:30:02	Processing command list for member specs (axial).
10/21/2024 11:30:02	Processing command list for element release.
10/21/2024 11:30:02	Processing command list for element offset.
10/21/2024 11:30:02	Processing command list for element plate stress directive.
10/21/2024 11:30:02	Processing parameter for Chinese wind load case.
10/21/2024 11:30:02	End Processing command list.
10/21/2024 11:30:02	End loading STAAD model.
10/21/2024 11:30:02	Start Post Analysis method
10/21/2024 11:30:02	Removed all hidden plates from surfaces
10/21/2024 11:30:02	Removed all hidden plates
10/21/2024 11:30:02	Removed all hidden nodes
10/21/2024 11:30:02	Loading results from MSH file...
10/21/2024 11:30:02	Building result indices...
10/21/2024 11:30:02	Loading plate stress results...
10/21/2024 11:30:02	Set analysis report setup data
10/21/2024 11:30:02	Starting page setup...
10/21/2024 11:30:02	Page setup completed
10/21/2024 11:30:02	Setting available workflows...
10/21/2024 11:30:02	Post analysis method ends
10/21/2024 11:30:13	Start Post Analysis method
10/21/2024 11:30:13	Removed all hidden plates from surfaces
10/21/2024 11:30:13	Removed all hidden plates
10/21/2024 11:30:13	Removed all hidden nodes
10/21/2024 11:30:13	Loading results from MSH file...
10/21/2024 11:30:13	Building result indices...
10/21/2024 11:30:13	Loading plate stress results...
10/21/2024 11:30:13	Set analysis report setup data
10/21/2024 11:30:13	Starting page setup...
10/21/2024 11:30:13	Page setup completed
10/21/2024 11:30:13	Setting available workflows...
10/21/2024 11:30:13	Post analysis method ends
