11:38:28	Initializing STAAD Engine
11:38:28	Run stream set up is complete.
11:38:28	Initialize license libraries.
11:38:28	License libraries initialized.
11:38:28	Starting license(s) for A & D engine.
11:38:29	License Status: Ok
11:38:29	License information set up is complete.
****************************************************************************
*                            START OF ANALYSIS                             *
****************************************************************************
* Initiating Analysis At Thu Oct  3 11:38:29 2024
                          PROGRAM: STAAD.Pro
                          VERSION: 23.00.01.25
                11:38:29:86  ENTERING STAAD
                11:38:29:87  USING 64 BIT STAAD ENGINE
                11:38:29:87  ENTERING MAINN
                11:38:29:88  START JOB INFORMATION
                11:38:29:88  INPUT WIDTH 79
                11:38:29:89  UNIT MMS KN
                11:38:29:89  JOINT COORDINATES
                11:38:29:90  ENTERING JOINTC
                11:38:29:90  JOINTC NEWJ                                 400000
                11:38:29:91  MAX NODE NO.                                    10
                11:38:29:91  MEMBER INCIDENCES
                11:38:29:92  UNIT METER KN
                11:38:29:92  DEFINE MATERIAL START
                11:38:29:93  UNIT MMS KN
                11:38:29:93  MEMBER PROPERTY EUROP
                11:38:30: 5    ++ Finished Reading Member Properties ...
                11:38:30: 5  CONSTANTS
                11:38:30: 6  SUPPORTS
                11:38:30: 7  ENTERING SUPPORT
                11:38:30: 7  UNIT METER KN
                11:38:30: 8  DEFINE WIND LOAD
                11:38:30: 8  LOAD 121 LOADTYPE DEA
                11:38:30: 9  DUPLICATE ELEMENT CHECK
                11:38:30: 9  CHECKING STRUCTURAL INTEGRITY
                11:38:30:10  CHECK UNCONNECTED JOINTS AND
                11:38:30:10  CALCULATE MAX JOINT CONNECTIVITY
                11:38:30:11  CHECK MULTIPLE STRUCTURES
                11:38:30:11  STRUCTURE IS DISJOINTED
                11:38:30:12  STRUCTURE IS DISJOINTED
                11:38:30:12  ENTERING SUPPORT
                11:38:30:13  NRJOLD                                           0
                11:38:30:14  SUPPORT NOLD                                     0
                11:38:30:14  SUPPORT N                                       36
                11:38:30:15  BEFORE LOADPR
                11:38:30:15  REOPEN AS DIR                                    0
                11:38:30:16  ENTER LOADPR
                11:38:30:27  PERFORM ANALYSIS PRIN
                11:38:30:27  pdel iter                                        0
                11:38:30:27  MAXIMUM E =                           2.973273E+04
                11:38:30:28  MINIMUM E =                           2.973273E+04
                11:38:30:29  MBW DOF BAND=                                    1
                11:38:30:29  NUMBER OF PRIMARY CASES                        101
                11:38:30:30  NUMBER OF CASES                                252
                11:38:30:31  #OF CASES W/ELEM INMEMORY                      252
                11:38:30:31  MEMORY FOR MEMBER LOADS                      24192
                11:38:30:32  MEMORY FOR DISPLACEMENTS                     15120
                11:38:30:32  MEMORY FOR MEMBER FORCES                     24192
                11:38:30:33  Using 64-bit analysis engine
                11:38:30:33  BEFORE SOLVER 1
                11:38:30:34  Start Input for Next Load Case
                11:38:30:35  case no=  121 seq. no=   1 idynl= 0
                11:38:30:35  MASSSET                                          0
                11:38:30:36  LOADEND ISLAVE                                   0
                11:38:30:36  Start Input for Next Load Case
                11:38:30:37  case no=  201 seq. no=   2 idynl= 0
                11:38:30:37  LOADEND ISLAVE                                   0
                11:38:30:38  Start Input for Next Load Case
                11:38:30:38  case no=  202 seq. no=   3 idynl= 0
                11:38:30:39  LOADEND ISLAVE                                   0
                11:38:30:39  Start Input for Next Load Case
                11:38:30:40  case no=  203 seq. no=   4 idynl= 0
                11:38:30:40  LOADEND ISLAVE                                   0
                11:38:30:41  Start Input for Next Load Case
                11:38:30:41  case no=  204 seq. no=   5 idynl= 0
                11:38:30:42  LOADEND ISLAVE                                   0
                11:38:30:42  Start Input for Next Load Case
                11:38:30:43  case no=  205 seq. no=   6 idynl= 0
                11:38:30:43  LOADEND ISLAVE                                   0
                11:38:30:44  Start Input for Next Load Case
                11:38:30:44  case no=  206 seq. no=   7 idynl= 0
                11:38:30:45  LOADEND ISLAVE                                   0
                11:38:30:45  Start Input for Next Load Case
                11:38:30:46  case no=  207 seq. no=   8 idynl= 0
                11:38:30:46  LOADEND ISLAVE                                   0
                11:38:30:47  Start Input for Next Load Case
                11:38:30:47  case no=  208 seq. no=   9 idynl= 0
                11:38:30:48  LOADEND ISLAVE                                   0
                11:38:30:48  Start Input for Next Load Case
                11:38:30:49  case no=  312 seq. no=  10 idynl= 0
                11:38:30:49  LOADEND ISLAVE                                   0
                11:38:30:50  Start Input for Next Load Case
                11:38:30:50  case no=  313 seq. no=  11 idynl= 0
                11:38:30:51  LOADEND ISLAVE                                   0
                11:38:30:51  Start Input for Next Load Case
                11:38:30:52  case no=  314 seq. no=  12 idynl= 0
                11:38:30:52  LOADEND ISLAVE                                   0
                11:38:30:52  Start Input for Next Load Case
                11:38:30:53  case no=  315 seq. no=  13 idynl= 0
                11:38:30:53  LOADEND ISLAVE                                   0
                11:38:30:54  Start Input for Next Load Case
                11:38:30:54  case no=  322 seq. no=  14 idynl= 0
                11:38:30:55  LOADEND ISLAVE                                   0
                11:38:30:55  Start Input for Next Load Case
                11:38:30:56  case no=  323 seq. no=  15 idynl= 0
                11:38:30:56  LOADEND ISLAVE                                   0
                11:38:30:57  Start Input for Next Load Case
                11:38:30:57  case no=  324 seq. no=  16 idynl= 0
                11:38:30:58  LOADEND ISLAVE                                   0
                11:38:30:58  Start Input for Next Load Case
                11:38:30:59  case no=  325 seq. no=  17 idynl= 0
                11:38:30:59  LOADEND ISLAVE                                   0
                11:38:30:60  Start Input for Next Load Case
                11:38:30:60  case no=  332 seq. no=  18 idynl= 0
                11:38:30:61  LOADEND ISLAVE                                   0
                11:38:30:61  Start Input for Next Load Case
                11:38:30:62  case no=  333 seq. no=  19 idynl= 0
                11:38:30:62  LOADEND ISLAVE                                   0
                11:38:30:63  Start Input for Next Load Case
                11:38:30:63  case no=  334 seq. no=  20 idynl= 0
                11:38:30:64  LOADEND ISLAVE                                   0
                11:38:30:64  Start Input for Next Load Case
                11:38:30:65  case no=  335 seq. no=  21 idynl= 0
                11:38:30:65  LOADEND ISLAVE                                   0
                11:38:30:66  Start Input for Next Load Case
                11:38:30:66  case no=  411 seq. no=  22 idynl= 0
                11:38:30:67  LOADEND ISLAVE                                   0
                11:38:30:67  Start Input for Next Load Case
                11:38:30:68  case no=  412 seq. no=  23 idynl= 0
                11:38:30:68  LOADEND ISLAVE                                   0
                11:38:30:69  Start Input for Next Load Case
                11:38:30:69  case no=  413 seq. no=  24 idynl= 0
                11:38:30:70  LOADEND ISLAVE                                   0
                11:38:30:71  Start Input for Next Load Case
                11:38:30:71  case no=  414 seq. no=  25 idynl= 0
                11:38:30:72  LOADEND ISLAVE                                   0
                11:38:30:73  Start Input for Next Load Case
                11:38:30:73  case no=  415 seq. no=  26 idynl= 0
                11:38:30:74  LOADEND ISLAVE                                   0
                11:38:30:74  Start Input for Next Load Case
                11:38:30:75  case no=  416 seq. no=  27 idynl= 0
                11:38:30:76  LOADEND ISLAVE                                   0
                11:38:30:76  Start Input for Next Load Case
                11:38:30:77  case no=  417 seq. no=  28 idynl= 0
                11:38:30:77  LOADEND ISLAVE                                   0
                11:38:30:78  Start Input for Next Load Case
                11:38:30:79  case no=  418 seq. no=  29 idynl= 0
                11:38:30:80  LOADEND ISLAVE                                   0
                11:38:30:80  Start Input for Next Load Case
                11:38:30:81  case no=  421 seq. no=  30 idynl= 0
                11:38:30:81  LOADEND ISLAVE                                   0
                11:38:30:82  Start Input for Next Load Case
                11:38:30:83  case no=  422 seq. no=  31 idynl= 0
                11:38:30:83  LOADEND ISLAVE                                   0
                11:38:30:84  Start Input for Next Load Case
                11:38:30:84  case no=  423 seq. no=  32 idynl= 0
                11:38:30:85  LOADEND ISLAVE                                   0
                11:38:30:85  Start Input for Next Load Case
                11:38:30:86  case no=  424 seq. no=  33 idynl= 0
                11:38:30:86  LOADEND ISLAVE                                   0
                11:38:30:86  Start Input for Next Load Case
                11:38:30:87  case no=  425 seq. no=  34 idynl= 0
                11:38:30:87  LOADEND ISLAVE                                   0
                11:38:30:88  Start Input for Next Load Case
                11:38:30:88  case no=  426 seq. no=  35 idynl= 0
                11:38:30:89  LOADEND ISLAVE                                   0
                11:38:30:89  Start Input for Next Load Case
                11:38:30:90  case no=  427 seq. no=  36 idynl= 0
                11:38:30:90  LOADEND ISLAVE                                   0
                11:38:30:91  Start Input for Next Load Case
                11:38:30:91  case no=  428 seq. no=  37 idynl= 0
                11:38:30:92  LOADEND ISLAVE                                   0
                11:38:30:92  Start Input for Next Load Case
                11:38:30:93  case no=  711 seq. no=  38 idynl= 0
                11:38:30:93  LOADEND ISLAVE                                   0
                11:38:30:94  Start Input for Next Load Case
                11:38:30:94  case no=  712 seq. no=  39 idynl= 0
                11:38:30:95  LOADEND ISLAVE                                   0
                11:38:30:95  Start Input for Next Load Case
                11:38:30:96  case no=  713 seq. no=  40 idynl= 0
                11:38:30:96  LOADEND ISLAVE                                   0
                11:38:30:97  Start Input for Next Load Case
                11:38:30:97  case no=  714 seq. no=  41 idynl= 0
                11:38:30:98  LOADEND ISLAVE                                   0
                11:38:30:98  Start Input for Next Load Case
                11:38:30:99  case no=  715 seq. no=  42 idynl= 0
                11:38:31: 0  LOADEND ISLAVE                                   0
                11:38:31: 0  Start Input for Next Load Case
                11:38:31: 1  case no=  716 seq. no=  43 idynl= 0
                11:38:31: 1  LOADEND ISLAVE                                   0
                11:38:31: 2  Start Input for Next Load Case
                11:38:31: 3  case no=  717 seq. no=  44 idynl= 0
                11:38:31: 3  LOADEND ISLAVE                                   0
                11:38:31: 4  Start Input for Next Load Case
                11:38:31: 5  case no=  718 seq. no=  45 idynl= 0
                11:38:31: 5  LOADEND ISLAVE                                   0
                11:38:31: 6  Start Input for Next Load Case
                11:38:31: 6  case no= 1101 seq. no=  46 idynl= 0
                11:38:31: 7  LOADEND ISLAVE                                   0
                11:38:31: 7  Start Input for Next Load Case
                11:38:31: 8  case no= 1102 seq. no=  47 idynl= 0
                11:38:31: 9  LOADEND ISLAVE                                   0
                11:38:31: 9  Start Input for Next Load Case
                11:38:31:10  case no= 1103 seq. no=  48 idynl= 0
                11:38:31:10  LOADEND ISLAVE                                   0
                11:38:31:11  Start Input for Next Load Case
                11:38:31:12  case no= 1104 seq. no=  49 idynl= 0
                11:38:31:12  LOADEND ISLAVE                                   0
                11:38:31:13  Start Input for Next Load Case
                11:38:31:13  case no= 1105 seq. no=  50 idynl= 0
                11:38:31:14  LOADEND ISLAVE                                   0
                11:38:31:14  Start Input for Next Load Case
                11:38:31:15  case no= 1106 seq. no=  51 idynl= 0
                11:38:31:15  LOADEND ISLAVE                                   0
                11:38:31:16  Start Input for Next Load Case
                11:38:31:16  case no= 1107 seq. no=  52 idynl= 0
                11:38:31:17  LOADEND ISLAVE                                   0
                11:38:31:17  Start Input for Next Load Case
                11:38:31:18  case no= 1108 seq. no=  53 idynl= 0
                11:38:31:18  LOADEND ISLAVE                                   0
                11:38:31:19  Start Input for Next Load Case
                11:38:31:19  case no= 1201 seq. no=  54 idynl= 0
                11:38:31:20  LOADEND ISLAVE                                   0
                11:38:31:20  Start Input for Next Load Case
                11:38:31:21  case no= 1202 seq. no=  55 idynl= 0
                11:38:31:21  LOADEND ISLAVE                                   0
                11:38:31:22  Start Input for Next Load Case
                11:38:31:22  case no= 1203 seq. no=  56 idynl= 0
                11:38:31:23  LOADEND ISLAVE                                   0
                11:38:31:23  Start Input for Next Load Case
                11:38:31:24  case no= 1204 seq. no=  57 idynl= 0
                11:38:31:24  LOADEND ISLAVE                                   0
                11:38:31:25  Start Input for Next Load Case
                11:38:31:25  case no= 1205 seq. no=  58 idynl= 0
                11:38:31:26  LOADEND ISLAVE                                   0
                11:38:31:26  Start Input for Next Load Case
                11:38:31:27  case no= 1206 seq. no=  59 idynl= 0
                11:38:31:27  LOADEND ISLAVE                                   0
                11:38:31:28  Start Input for Next Load Case
                11:38:31:28  case no= 1207 seq. no=  60 idynl= 0
                11:38:31:29  LOADEND ISLAVE                                   0
                11:38:31:29  Start Input for Next Load Case
                11:38:31:30  case no= 1208 seq. no=  61 idynl= 0
                11:38:31:30  LOADEND ISLAVE                                   0
                11:38:31:31  Start Input for Next Load Case
                11:38:31:31  case no= 2101 seq. no=  62 idynl= 0
                11:38:31:32  LOADEND ISLAVE                                   0
                11:38:31:32  Start Input for Next Load Case
                11:38:31:33  case no= 2102 seq. no=  63 idynl= 0
                11:38:31:33  LOADEND ISLAVE                                   0
                11:38:31:34  Start Input for Next Load Case
                11:38:31:35  case no= 2103 seq. no=  64 idynl= 0
                11:38:31:35  LOADEND ISLAVE                                   0
                11:38:31:36  Start Input for Next Load Case
                11:38:31:36  case no= 2104 seq. no=  65 idynl= 0
                11:38:31:37  LOADEND ISLAVE                                   0
                11:38:31:37  Start Input for Next Load Case
                11:38:31:38  case no= 2105 seq. no=  66 idynl= 0
                11:38:31:38  LOADEND ISLAVE                                   0
                11:38:31:39  Start Input for Next Load Case
                11:38:31:40  case no= 2106 seq. no=  67 idynl= 0
                11:38:31:40  LOADEND ISLAVE                                   0
                11:38:31:41  Start Input for Next Load Case
                11:38:31:41  case no= 2107 seq. no=  68 idynl= 0
                11:38:31:42  LOADEND ISLAVE                                   0
                11:38:31:42  Start Input for Next Load Case
                11:38:31:43  case no= 2108 seq. no=  69 idynl= 0
                11:38:31:43  LOADEND ISLAVE                                   0
                11:38:31:44  Start Input for Next Load Case
                11:38:31:44  case no= 3001 seq. no=  70 idynl= 0
                11:38:31:45  LOADEND ISLAVE                                   0
                11:38:31:45  Start Input for Next Load Case
                11:38:31:46  case no= 3002 seq. no=  71 idynl= 0
                11:38:31:46  LOADEND ISLAVE                                   0
                11:38:31:47  Start Input for Next Load Case
                11:38:31:47  case no= 3003 seq. no=  72 idynl= 0
                11:38:31:48  LOADEND ISLAVE                                   0
                11:38:31:49  Start Input for Next Load Case
                11:38:31:49  case no= 3004 seq. no=  73 idynl= 0
                11:38:31:50  LOADEND ISLAVE                                   0
                11:38:31:51  Start Input for Next Load Case
                11:38:31:51  case no= 3005 seq. no=  74 idynl= 0
                11:38:31:52  LOADEND ISLAVE                                   0
                11:38:31:52  Start Input for Next Load Case
                11:38:31:53  case no= 3006 seq. no=  75 idynl= 0
                11:38:31:54  LOADEND ISLAVE                                   0
                11:38:31:55  Start Input for Next Load Case
                11:38:31:55  case no= 3007 seq. no=  76 idynl= 0
                11:38:31:56  LOADEND ISLAVE                                   0
                11:38:31:56  Start Input for Next Load Case
                11:38:31:57  case no= 3008 seq. no=  77 idynl= 0
                11:38:31:58  LOADEND ISLAVE                                   0
                11:38:31:58  Start Input for Next Load Case
                11:38:31:59  case no= 3011 seq. no=  78 idynl= 0
                11:38:31:60  LOADEND ISLAVE                                   0
                11:38:31:60  Start Input for Next Load Case
                11:38:31:61  case no= 3012 seq. no=  79 idynl= 0
                11:38:31:62  LOADEND ISLAVE                                   0
                11:38:31:62  Start Input for Next Load Case
                11:38:31:63  case no= 3013 seq. no=  80 idynl= 0
                11:38:31:63  LOADEND ISLAVE                                   0
                11:38:31:64  Start Input for Next Load Case
                11:38:31:64  case no= 3014 seq. no=  81 idynl= 0
                11:38:31:65  LOADEND ISLAVE                                   0
                11:38:31:65  Start Input for Next Load Case
                11:38:31:66  case no= 3015 seq. no=  82 idynl= 0
                11:38:31:67  LOADEND ISLAVE                                   0
                11:38:31:67  Start Input for Next Load Case
                11:38:31:68  case no= 3016 seq. no=  83 idynl= 0
                11:38:31:68  LOADEND ISLAVE                                   0
                11:38:31:69  Start Input for Next Load Case
                11:38:31:69  case no= 3017 seq. no=  84 idynl= 0
                11:38:31:70  LOADEND ISLAVE                                   0
                11:38:31:71  Start Input for Next Load Case
                11:38:31:71  case no= 3018 seq. no=  85 idynl= 0
                11:38:31:72  LOADEND ISLAVE                                   0
                11:38:31:72  Start Input for Next Load Case
                11:38:31:73  case no= 3021 seq. no=  86 idynl= 0
                11:38:31:73  LOADEND ISLAVE                                   0
                11:38:31:74  Start Input for Next Load Case
                11:38:31:74  case no= 3022 seq. no=  87 idynl= 0
                11:38:31:75  LOADEND ISLAVE                                   0
                11:38:31:75  Start Input for Next Load Case
                11:38:31:76  case no= 3023 seq. no=  88 idynl= 0
                11:38:31:77  LOADEND ISLAVE                                   0
                11:38:31:77  Start Input for Next Load Case
                11:38:31:78  case no= 3024 seq. no=  89 idynl= 0
                11:38:31:78  LOADEND ISLAVE                                   0
                11:38:31:79  Start Input for Next Load Case
                11:38:31:79  case no= 3025 seq. no=  90 idynl= 0
                11:38:31:80  LOADEND ISLAVE                                   0
                11:38:31:81  Start Input for Next Load Case
                11:38:31:81  case no= 3026 seq. no=  91 idynl= 0
                11:38:31:82  LOADEND ISLAVE                                   0
                11:38:31:82  Start Input for Next Load Case
                11:38:31:83  case no= 3027 seq. no=  92 idynl= 0
                11:38:31:84  LOADEND ISLAVE                                   0
                11:38:31:84  Start Input for Next Load Case
                11:38:31:85  case no= 3028 seq. no=  93 idynl= 0
                11:38:31:85  LOADEND ISLAVE                                   0
                11:38:31:86  Start Input for Next Load Case
                11:38:31:87  case no= 3201 seq. no=  94 idynl= 0
                11:38:31:87  LOADEND ISLAVE                                   0
                11:38:31:88  Start Input for Next Load Case
                11:38:31:88  case no= 3202 seq. no=  95 idynl= 0
                11:38:31:89  LOADEND ISLAVE                                   0
                11:38:31:89  Start Input for Next Load Case
                11:38:31:90  case no= 3203 seq. no=  96 idynl= 0
                11:38:31:91  LOADEND ISLAVE                                   0
                11:38:31:91  Start Input for Next Load Case
                11:38:31:92  case no= 3204 seq. no=  97 idynl= 0
                11:38:31:92  LOADEND ISLAVE                                   0
                11:38:31:93  Start Input for Next Load Case
                11:38:31:93  case no= 3205 seq. no=  98 idynl= 0
                11:38:31:94  LOADEND ISLAVE                                   0
                11:38:31:94  Start Input for Next Load Case
                11:38:31:95  case no= 3206 seq. no=  99 idynl= 0
                11:38:31:95  LOADEND ISLAVE                                   0
                11:38:31:96  Start Input for Next Load Case
                11:38:31:97  case no= 3207 seq. no= 100 idynl= 0
                11:38:31:97  LOADEND ISLAVE                                   0
                11:38:31:98  Start Input for Next Load Case
                11:38:31:98  case no= 3208 seq. no= 101 idynl= 0
                11:38:31:99  LOADEND ISLAVE                                   0
                11:38:31:99  NVPREV                                           0
                11:38:32: 0  AMAXNON                               5.974409E-01
                11:38:32: 1  IRECSIZL=                                     4000
                11:38:32: 1  MTX BLOCKSIZE=                                  36
                11:38:32: 2  MI=                                             36
                11:38:32: 2  NORECL=                                          1
                11:38:32: 3  NORECL1=                                         1
                11:38:32: 4  IWORD=                                       32000
                11:38:32: 4  JRECSIZE=                                     4000
                11:38:32: 5  IWORDJ=                                      32000
                11:38:32: 5  IBYTE=                                           4
                11:38:32: 6  JOINTS=                                         10
                11:38:32: 7  MEMBERS=                                         8
                11:38:32: 7  PLATES =                                         0
                11:38:32: 8  SOLIDS =                                         0
                11:38:32: 8  NO. OF EQUATIONS=                               36
                11:38:32: 9  idyn=                                            0
                11:38:32: 9  ipd=                                             0
                11:38:32:10  icablanl=                                        0
                11:38:32:10  ++ Processing Element Stiffness Matrix.
                11:38:32:11  NV1                                            101
                11:38:32:22  ++ Calculating Element Forces & Reactions.
                11:38:32:77  COMBINATION CASES=                               0
                11:38:32:77  MAX CM MEMORY (KILOWORDS)                       29
                11:38:32:78  AFTER SOLVER 1
                11:38:32:80  REOPEN AS SEQ                                    0
                11:38:32:80  DEFINE ENVELOPE
                11:38:32:82  LOAD LIST 1101 TO 110
                11:38:32:82  PARAMETER 1
                11:38:32:83  CHECK CODE ALL
                11:38:32:83  ENTERING SECTNM110 IQ=                           8
                11:38:32:83               NSEC=                              11
                11:38:32:84             ISECTN=                               0
                11:38:32:86  SECTNM110 DO 925
                11:38:32:88  ENTERING ENVLP1 ITYP1=                          -3
                11:38:32:88  SECT DISPLACE
                11:38:32:90  Steel/Alum/Timber Design                        52
                11:38:32:91    ++ Finished Design ...
                11:38:32:91  Steel/Timber Design exit
                11:38:32:92  LOAD LIST 2101 TO 210
                11:38:32:92  PARAMETER 1
                11:38:32:93  CHECK CODE ALL
                11:38:32:93  ENTERING ENVLP1 ITYP1=                          -3
                11:38:32:94  SECT DISPLACE
                11:38:32:96  Steel/Alum/Timber Design                        52
                11:38:32:97    ++ Finished Design ...
                11:38:32:97  Steel/Timber Design exit
                11:38:32:97  LOAD LIST ENV 4 TO 7
                11:38:32:98  PARAMETER 1
                11:38:32:99  CHECK CODE ALL
                11:38:32:99  ENTERING ENVLP1 ITYP1=                          -3
                11:38:33: 0  SECT DISPLACE
                11:38:33: 2  Steel/Alum/Timber Design                        52
                11:38:33: 3    ++ Finished Design ...
                11:38:33: 3  Steel/Timber Design exit
                11:38:33: 4  PRINT JOINT DISPLACEM
                11:38:33: 5  DRAW ISOM JOIN MEMB
                11:38:33: 5  ENTERING SECTNM110 IQ=                           8
                11:38:33: 6               NSEC=                              11
                11:38:33: 6             ISECTN=                               0
                11:38:33: 8  SECTNM110 DO 925
                11:38:33:10  PRINT SUPPORT REACTIO
                11:38:33:10  DRAW ISOM SUPP PROP
                11:38:33:11  ENTERING SECTNM110 IQ=                           8
                11:38:33:11               NSEC=                              11
                11:38:33:12             ISECTN=                               0
                11:38:33:14  SECTNM110 DO 925
                11:38:33:16  DRAW ISOM SHAP
                11:38:33:16  ENTERING SECTNM110 IQ=                           8
                11:38:33:17               NSEC=                              11
                11:38:33:17             ISECTN=                               0
                11:38:33:19  SECTNM110 DO 925
                11:38:33:22  PRINT CG
                11:38:33:22  FINISH
                11:38:33:22  All Commands FINISHed
                11:38:33:23  DATASAVE for SPRO GUI
                11:38:33:24  ++ Creating Displacement File (DSP)...
                11:38:33:25  ++ Creating Reaction File (REA)...
                11:38:33:25  ++ Creating Section Force File (BMD)...
                11:38:33:27  ++ Creating Section Displace File (SEC)...
                11:38:33:27  ENTERING ENVLP1 ITYP1=                          -5
                11:38:33:28  SECT DISPLACE
                11:38:33:31  ++ Creating Section Displace File (SCN)...
                11:38:33:33  ++ Creating Design information File (DGN)...
                11:38:33:33  ALLOCATED CM MEMORY (KILOWORDS)             300000
                11:38:33:34  MAX CM MEMORY (KILOWORDS)                       62
                11:38:33:34  DBS LONG SEC NAME
* End Of Analysis At Thu Oct  3 11:38:33 2024
* CPU usage = 3.552000
* STAAD Exit Code: 100, Warning Count: 1, Error Count: 0, Duration: 3.552
1 1 0 3.552
****************************************************************************
*                            END OF ANALYSIS                               *
****************************************************************************
