10/03/2024 11:26:16	Reading UID database.
10/03/2024 11:26:16	Start loading STAAD model.
10/03/2024 11:26:16	Reading model file.
10/03/2024 11:26:16	Reading model file is complete.
10/03/2024 11:26:16	Processing support.
10/03/2024 11:26:16	Processing springs.
10/03/2024 11:26:16	Processing properties.
10/03/2024 11:26:17	Processing physical properties.
10/03/2024 11:26:17	Processing constants.
10/03/2024 11:26:17	Processing BETA constants.
10/03/2024 11:26:17	Processing hidden analytical member loads.
10/03/2024 11:26:17	Processing command list for member release.
10/03/2024 11:26:17	Processing command list for member offset.
10/03/2024 11:26:17	Processing command list for member specs (cracked).
10/03/2024 11:26:17	Processing command list for member specs (axial).
10/03/2024 11:26:17	Processing command list for element release.
10/03/2024 11:26:17	Processing command list for element offset.
10/03/2024 11:26:17	Processing command list for element plate stress directive.
10/03/2024 11:26:17	Processing parameter for Chinese wind load case.
10/03/2024 11:26:17	End Processing command list.
10/03/2024 11:26:17	End loading STAAD model.
10/03/2024 11:26:17	Start Post Analysis method
10/03/2024 11:26:17	Removed all hidden plates from surfaces
10/03/2024 11:26:17	Removed all hidden plates
10/03/2024 11:26:17	Removed all hidden nodes
10/03/2024 11:26:17	Loading results from MSH file...
10/03/2024 11:26:17	Building result indices...
10/03/2024 11:26:17	Loading plate stress results...
10/03/2024 11:26:17	Set analysis report setup data
10/03/2024 11:26:17	Starting page setup...
10/03/2024 11:26:17	Page setup completed
10/03/2024 11:26:17	Setting available workflows...
10/03/2024 11:26:17	Post analysis method ends
10/03/2024 11:26:40	Start Post Analysis method
10/03/2024 11:26:40	Removed all hidden plates from surfaces
10/03/2024 11:26:41	Removed all hidden plates
10/03/2024 11:26:41	Removed all hidden nodes
10/03/2024 11:26:41	Loading results from MSH file...
10/03/2024 11:26:41	Building result indices...
10/03/2024 11:26:41	Loading plate stress results...
10/03/2024 11:26:41	Set analysis report setup data
10/03/2024 11:26:41	Starting page setup...
10/03/2024 11:26:41	Page setup completed
10/03/2024 11:26:41	Setting available workflows...
10/03/2024 11:26:41	Post analysis method ends
10/03/2024 11:37:50	Reading UID database.
10/03/2024 11:37:50	Start loading STAAD model.
10/03/2024 11:37:50	Reading model file.
10/03/2024 11:37:50	Reading model file is complete.
10/03/2024 11:37:50	Processing support.
10/03/2024 11:37:50	Processing springs.
10/03/2024 11:37:50	Processing properties.
10/03/2024 11:37:50	Processing physical properties.
10/03/2024 11:37:50	Processing constants.
10/03/2024 11:37:50	Processing BETA constants.
10/03/2024 11:37:50	Processing hidden analytical member loads.
10/03/2024 11:37:50	Processing command list for member release.
10/03/2024 11:37:50	Processing command list for member offset.
10/03/2024 11:37:50	Processing command list for member specs (cracked).
10/03/2024 11:37:50	Processing command list for member specs (axial).
10/03/2024 11:37:50	Processing command list for element release.
10/03/2024 11:37:50	Processing command list for element offset.
10/03/2024 11:37:50	Processing command list for element plate stress directive.
10/03/2024 11:37:50	Processing parameter for Chinese wind load case.
10/03/2024 11:37:50	End Processing command list.
10/03/2024 11:37:50	End loading STAAD model.
10/03/2024 11:37:50	Start Post Analysis method
10/03/2024 11:37:50	Removed all hidden plates from surfaces
10/03/2024 11:37:50	Removed all hidden plates
10/03/2024 11:37:50	Removed all hidden nodes
10/03/2024 11:37:50	Loading results from MSH file...
10/03/2024 11:37:51	Building result indices...
10/03/2024 11:37:51	Loading plate stress results...
10/03/2024 11:37:51	Set analysis report setup data
10/03/2024 11:37:51	Starting page setup...
10/03/2024 11:37:51	Page setup completed
10/03/2024 11:37:51	Setting available workflows...
10/03/2024 11:37:51	Post analysis method ends
10/03/2024 11:38:35	Start Post Analysis method
10/03/2024 11:38:35	Removed all hidden plates from surfaces
10/03/2024 11:38:35	Removed all hidden plates
10/03/2024 11:38:35	Removed all hidden nodes
10/03/2024 11:38:35	Loading results from MSH file...
10/03/2024 11:38:35	Building result indices...
10/03/2024 11:38:35	Loading plate stress results...
10/03/2024 11:38:35	Set analysis report setup data
10/03/2024 11:38:35	Starting page setup...
10/03/2024 11:38:35	Page setup completed
10/03/2024 11:38:35	Setting available workflows...
10/03/2024 11:38:35	Post analysis method ends
