16:37:39	Initializing STAAD Engine
16:37:39	Run stream set up is complete.
16:37:39	Initialize license libraries.
16:37:39	License libraries initialized.
16:37:39	Starting license(s) for A & D engine.
16:37:40	License Status: Ok
16:37:40	License information set up is complete.
****************************************************************************
*                            START OF ANALYSIS                             *
****************************************************************************
* Initiating Analysis At Thu Aug  1 16:37:40 2024
                          PROGRAM: STAAD.Pro
                          VERSION: 23.00.01.25
                16:37:40:56  ENTERING STAAD
                16:37:40:58  USING 64 BIT STAAD ENGINE
                16:37:40:58  ENTERING MAINN
                16:37:40:59  START JOB INFORMATION
                16:37:40:59  INPUT WIDTH 79
                16:37:40:60  UNIT MMS KN
                16:37:40:60  JOINT COORDINATES
                16:37:40:60  ENTERING JOINTC
                16:37:40:61  JOINTC NEWJ                                 400000
                16:37:40:61  MAX NODE NO.                                    10
                16:37:40:62  MEMBER INCIDENCES
                16:37:40:62  UNIT METER KN
                16:37:40:62  DEFINE MATERIAL START
                16:37:40:63  UNIT MMS KN
                16:37:40:63  MEMBER PROPERTY EUROP
                16:37:41: 6    ++ Finished Reading Member Properties ...
                16:37:41: 6  CONSTANTS
                16:37:41: 7  SUPPORTS
                16:37:41: 7  ENTERING SUPPORT
                16:37:41: 8  MEMBER OFFSET
                16:37:41: 8  DEFINE WIND LOAD
                16:37:41: 9  LOAD 121 LOADTYPE DEA
                16:37:41: 9  DUPLICATE ELEMENT CHECK
                16:37:41:10  CHECKING STRUCTURAL INTEGRITY
                16:37:41:10  CHECK UNCONNECTED JOINTS AND
                16:37:41:11  CALCULATE MAX JOINT CONNECTIVITY
                16:37:41:11  CHECK MULTIPLE STRUCTURES
                16:37:41:12  ENTERING SUPPORT
                16:37:41:12  NRJOLD                                           0
                16:37:41:13  SUPPORT NOLD                                     0
                16:37:41:13  SUPPORT N                                       48
                16:37:41:13  BEFORE LOADPR
                16:37:41:14  REOPEN AS DIR                                    0
                16:37:41:14  ENTER LOADPR
                16:37:41:26  PERFORM ANALYSIS PRIN
                16:37:41:26  pdel iter                                        0
                16:37:41:26  MAXIMUM E =                           2.973273E+04
                16:37:41:27  MINIMUM E =                           2.973273E+04
                16:37:41:27  MBW DOF BAND=                                    1
                16:37:41:28  NUMBER OF PRIMARY CASES                        101
                16:37:41:28  NUMBER OF CASES                                252
                16:37:41:28  #OF CASES W/ELEM INMEMORY                      252
                16:37:41:29  MEMORY FOR MEMBER LOADS                      30240
                16:37:41:29  MEMORY FOR DISPLACEMENTS                     15120
                16:37:41:30  MEMORY FOR MEMBER FORCES                     30240
                16:37:41:30  Using 64-bit analysis engine
                16:37:41:31  BEFORE SOLVER 1
                16:37:41:31  Start Input for Next Load Case
                16:37:41:32  case no=  121 seq. no=   1 idynl= 0
                16:37:41:32  MASSSET                                          0
                16:37:41:32  LOADEND ISLAVE                                   0
                16:37:41:33  Start Input for Next Load Case
                16:37:41:33  case no=  201 seq. no=   2 idynl= 0
                16:37:41:34  LOADEND ISLAVE                                   0
                16:37:41:34  Start Input for Next Load Case
                16:37:41:35  case no=  202 seq. no=   3 idynl= 0
                16:37:41:35  LOADEND ISLAVE                                   0
                16:37:41:35  Start Input for Next Load Case
                16:37:41:36  case no=  203 seq. no=   4 idynl= 0
                16:37:41:36  LOADEND ISLAVE                                   0
                16:37:41:37  Start Input for Next Load Case
                16:37:41:37  case no=  204 seq. no=   5 idynl= 0
                16:37:41:38  LOADEND ISLAVE                                   0
                16:37:41:38  Start Input for Next Load Case
                16:37:41:38  case no=  205 seq. no=   6 idynl= 0
                16:37:41:39  LOADEND ISLAVE                                   0
                16:37:41:39  Start Input for Next Load Case
                16:37:41:40  case no=  206 seq. no=   7 idynl= 0
                16:37:41:40  LOADEND ISLAVE                                   0
                16:37:41:40  Start Input for Next Load Case
                16:37:41:41  case no=  207 seq. no=   8 idynl= 0
                16:37:41:41  LOADEND ISLAVE                                   0
                16:37:41:42  Start Input for Next Load Case
                16:37:41:42  case no=  208 seq. no=   9 idynl= 0
                16:37:41:43  LOADEND ISLAVE                                   0
                16:37:41:43  Start Input for Next Load Case
                16:37:41:43  case no=  312 seq. no=  10 idynl= 0
                16:37:41:44  LOADEND ISLAVE                                   0
                16:37:41:45  Start Input for Next Load Case
                16:37:41:45  case no=  313 seq. no=  11 idynl= 0
                16:37:41:46  LOADEND ISLAVE                                   0
                16:37:41:46  Start Input for Next Load Case
                16:37:41:46  case no=  314 seq. no=  12 idynl= 0
                16:37:41:47  LOADEND ISLAVE                                   0
                16:37:41:47  Start Input for Next Load Case
                16:37:41:48  case no=  315 seq. no=  13 idynl= 0
                16:37:41:48  LOADEND ISLAVE                                   0
                16:37:41:49  Start Input for Next Load Case
                16:37:41:49  case no=  322 seq. no=  14 idynl= 0
                16:37:41:49  LOADEND ISLAVE                                   0
                16:37:41:50  Start Input for Next Load Case
                16:37:41:50  case no=  323 seq. no=  15 idynl= 0
                16:37:41:51  LOADEND ISLAVE                                   0
                16:37:41:51  Start Input for Next Load Case
                16:37:41:52  case no=  324 seq. no=  16 idynl= 0
                16:37:41:52  LOADEND ISLAVE                                   0
                16:37:41:52  Start Input for Next Load Case
                16:37:41:53  case no=  325 seq. no=  17 idynl= 0
                16:37:41:53  LOADEND ISLAVE                                   0
                16:37:41:54  Start Input for Next Load Case
                16:37:41:54  case no=  332 seq. no=  18 idynl= 0
                16:37:41:55  LOADEND ISLAVE                                   0
                16:37:41:55  Start Input for Next Load Case
                16:37:41:56  case no=  333 seq. no=  19 idynl= 0
                16:37:41:56  LOADEND ISLAVE                                   0
                16:37:41:56  Start Input for Next Load Case
                16:37:41:57  case no=  334 seq. no=  20 idynl= 0
                16:37:41:57  LOADEND ISLAVE                                   0
                16:37:41:58  Start Input for Next Load Case
                16:37:41:58  case no=  335 seq. no=  21 idynl= 0
                16:37:41:58  LOADEND ISLAVE                                   0
                16:37:41:59  Start Input for Next Load Case
                16:37:41:59  case no=  411 seq. no=  22 idynl= 0
                16:37:41:60  LOADEND ISLAVE                                   0
                16:37:41:60  Start Input for Next Load Case
                16:37:41:61  case no=  412 seq. no=  23 idynl= 0
                16:37:41:61  LOADEND ISLAVE                                   0
                16:37:41:61  Start Input for Next Load Case
                16:37:41:62  case no=  413 seq. no=  24 idynl= 0
                16:37:41:62  LOADEND ISLAVE                                   0
                16:37:41:63  Start Input for Next Load Case
                16:37:41:63  case no=  414 seq. no=  25 idynl= 0
                16:37:41:64  LOADEND ISLAVE                                   0
                16:37:41:64  Start Input for Next Load Case
                16:37:41:64  case no=  415 seq. no=  26 idynl= 0
                16:37:41:65  LOADEND ISLAVE                                   0
                16:37:41:65  Start Input for Next Load Case
                16:37:41:66  case no=  416 seq. no=  27 idynl= 0
                16:37:41:66  LOADEND ISLAVE                                   0
                16:37:41:66  Start Input for Next Load Case
                16:37:41:67  case no=  417 seq. no=  28 idynl= 0
                16:37:41:67  LOADEND ISLAVE                                   0
                16:37:41:68  Start Input for Next Load Case
                16:37:41:68  case no=  418 seq. no=  29 idynl= 0
                16:37:41:69  LOADEND ISLAVE                                   0
                16:37:41:69  Start Input for Next Load Case
                16:37:41:69  case no=  421 seq. no=  30 idynl= 0
                16:37:41:70  LOADEND ISLAVE                                   0
                16:37:41:70  Start Input for Next Load Case
                16:37:41:71  case no=  422 seq. no=  31 idynl= 0
                16:37:41:71  LOADEND ISLAVE                                   0
                16:37:41:72  Start Input for Next Load Case
                16:37:41:72  case no=  423 seq. no=  32 idynl= 0
                16:37:41:73  LOADEND ISLAVE                                   0
                16:37:41:73  Start Input for Next Load Case
                16:37:41:74  case no=  424 seq. no=  33 idynl= 0
                16:37:41:74  LOADEND ISLAVE                                   0
                16:37:41:75  Start Input for Next Load Case
                16:37:41:75  case no=  425 seq. no=  34 idynl= 0
                16:37:41:76  LOADEND ISLAVE                                   0
                16:37:41:76  Start Input for Next Load Case
                16:37:41:77  case no=  426 seq. no=  35 idynl= 0
                16:37:41:77  LOADEND ISLAVE                                   0
                16:37:41:78  Start Input for Next Load Case
                16:37:41:78  case no=  427 seq. no=  36 idynl= 0
                16:37:41:79  LOADEND ISLAVE                                   0
                16:37:41:79  Start Input for Next Load Case
                16:37:41:80  case no=  428 seq. no=  37 idynl= 0
                16:37:41:80  LOADEND ISLAVE                                   0
                16:37:41:80  Start Input for Next Load Case
                16:37:41:81  case no=  711 seq. no=  38 idynl= 0
                16:37:41:81  LOADEND ISLAVE                                   0
                16:37:41:82  Start Input for Next Load Case
                16:37:41:82  case no=  712 seq. no=  39 idynl= 0
                16:37:41:83  LOADEND ISLAVE                                   0
                16:37:41:83  Start Input for Next Load Case
                16:37:41:84  case no=  713 seq. no=  40 idynl= 0
                16:37:41:84  LOADEND ISLAVE                                   0
                16:37:41:85  Start Input for Next Load Case
                16:37:41:85  case no=  714 seq. no=  41 idynl= 0
                16:37:41:86  LOADEND ISLAVE                                   0
                16:37:41:86  Start Input for Next Load Case
                16:37:41:86  case no=  715 seq. no=  42 idynl= 0
                16:37:41:87  LOADEND ISLAVE                                   0
                16:37:41:87  Start Input for Next Load Case
                16:37:41:88  case no=  716 seq. no=  43 idynl= 0
                16:37:41:88  LOADEND ISLAVE                                   0
                16:37:41:89  Start Input for Next Load Case
                16:37:41:89  case no=  717 seq. no=  44 idynl= 0
                16:37:41:90  LOADEND ISLAVE                                   0
                16:37:41:90  Start Input for Next Load Case
                16:37:41:91  case no=  718 seq. no=  45 idynl= 0
                16:37:41:91  LOADEND ISLAVE                                   0
                16:37:41:92  Start Input for Next Load Case
                16:37:41:92  case no= 1101 seq. no=  46 idynl= 0
                16:37:41:93  LOADEND ISLAVE                                   0
                16:37:41:93  Start Input for Next Load Case
                16:37:41:94  case no= 1102 seq. no=  47 idynl= 0
                16:37:41:94  LOADEND ISLAVE                                   0
                16:37:41:95  Start Input for Next Load Case
                16:37:41:95  case no= 1103 seq. no=  48 idynl= 0
                16:37:41:95  LOADEND ISLAVE                                   0
                16:37:41:96  Start Input for Next Load Case
                16:37:41:97  case no= 1104 seq. no=  49 idynl= 0
                16:37:41:97  LOADEND ISLAVE                                   0
                16:37:41:97  Start Input for Next Load Case
                16:37:41:98  case no= 1105 seq. no=  50 idynl= 0
                16:37:41:98  LOADEND ISLAVE                                   0
                16:37:41:99  Start Input for Next Load Case
                16:37:41:99  case no= 1106 seq. no=  51 idynl= 0
                16:37:42: 0  LOADEND ISLAVE                                   0
                16:37:42: 0  Start Input for Next Load Case
                16:37:42: 1  case no= 1107 seq. no=  52 idynl= 0
                16:37:42: 1  LOADEND ISLAVE                                   0
                16:37:42: 2  Start Input for Next Load Case
                16:37:42: 2  case no= 1108 seq. no=  53 idynl= 0
                16:37:42: 3  LOADEND ISLAVE                                   0
                16:37:42: 3  Start Input for Next Load Case
                16:37:42: 3  case no= 1201 seq. no=  54 idynl= 0
                16:37:42: 4  LOADEND ISLAVE                                   0
                16:37:42: 4  Start Input for Next Load Case
                16:37:42: 5  case no= 1202 seq. no=  55 idynl= 0
                16:37:42: 5  LOADEND ISLAVE                                   0
                16:37:42: 6  Start Input for Next Load Case
                16:37:42: 6  case no= 1203 seq. no=  56 idynl= 0
                16:37:42: 7  LOADEND ISLAVE                                   0
                16:37:42: 7  Start Input for Next Load Case
                16:37:42: 8  case no= 1204 seq. no=  57 idynl= 0
                16:37:42: 8  LOADEND ISLAVE                                   0
                16:37:42: 8  Start Input for Next Load Case
                16:37:42: 9  case no= 1205 seq. no=  58 idynl= 0
                16:37:42: 9  LOADEND ISLAVE                                   0
                16:37:42:10  Start Input for Next Load Case
                16:37:42:10  case no= 1206 seq. no=  59 idynl= 0
                16:37:42:11  LOADEND ISLAVE                                   0
                16:37:42:11  Start Input for Next Load Case
                16:37:42:12  case no= 1207 seq. no=  60 idynl= 0
                16:37:42:12  LOADEND ISLAVE                                   0
                16:37:42:12  Start Input for Next Load Case
                16:37:42:13  case no= 1208 seq. no=  61 idynl= 0
                16:37:42:13  LOADEND ISLAVE                                   0
                16:37:42:14  Start Input for Next Load Case
                16:37:42:14  case no= 2101 seq. no=  62 idynl= 0
                16:37:42:15  LOADEND ISLAVE                                   0
                16:37:42:15  Start Input for Next Load Case
                16:37:42:16  case no= 2102 seq. no=  63 idynl= 0
                16:37:42:16  LOADEND ISLAVE                                   0
                16:37:42:16  Start Input for Next Load Case
                16:37:42:17  case no= 2103 seq. no=  64 idynl= 0
                16:37:42:17  LOADEND ISLAVE                                   0
                16:37:42:18  Start Input for Next Load Case
                16:37:42:18  case no= 2104 seq. no=  65 idynl= 0
                16:37:42:19  LOADEND ISLAVE                                   0
                16:37:42:19  Start Input for Next Load Case
                16:37:42:20  case no= 2105 seq. no=  66 idynl= 0
                16:37:42:20  LOADEND ISLAVE                                   0
                16:37:42:21  Start Input for Next Load Case
                16:37:42:21  case no= 2106 seq. no=  67 idynl= 0
                16:37:42:21  LOADEND ISLAVE                                   0
                16:37:42:22  Start Input for Next Load Case
                16:37:42:22  case no= 2107 seq. no=  68 idynl= 0
                16:37:42:23  LOADEND ISLAVE                                   0
                16:37:42:23  Start Input for Next Load Case
                16:37:42:24  case no= 2108 seq. no=  69 idynl= 0
                16:37:42:24  LOADEND ISLAVE                                   0
                16:37:42:25  Start Input for Next Load Case
                16:37:42:25  case no= 3001 seq. no=  70 idynl= 0
                16:37:42:25  LOADEND ISLAVE                                   0
                16:37:42:26  Start Input for Next Load Case
                16:37:42:26  case no= 3002 seq. no=  71 idynl= 0
                16:37:42:27  LOADEND ISLAVE                                   0
                16:37:42:27  Start Input for Next Load Case
                16:37:42:28  case no= 3003 seq. no=  72 idynl= 0
                16:37:42:28  LOADEND ISLAVE                                   0
                16:37:42:29  Start Input for Next Load Case
                16:37:42:29  case no= 3004 seq. no=  73 idynl= 0
                16:37:42:29  LOADEND ISLAVE                                   0
                16:37:42:30  Start Input for Next Load Case
                16:37:42:30  case no= 3005 seq. no=  74 idynl= 0
                16:37:42:31  LOADEND ISLAVE                                   0
                16:37:42:31  Start Input for Next Load Case
                16:37:42:32  case no= 3006 seq. no=  75 idynl= 0
                16:37:42:32  LOADEND ISLAVE                                   0
                16:37:42:33  Start Input for Next Load Case
                16:37:42:33  case no= 3007 seq. no=  76 idynl= 0
                16:37:42:34  LOADEND ISLAVE                                   0
                16:37:42:34  Start Input for Next Load Case
                16:37:42:34  case no= 3008 seq. no=  77 idynl= 0
                16:37:42:35  LOADEND ISLAVE                                   0
                16:37:42:35  Start Input for Next Load Case
                16:37:42:36  case no= 3011 seq. no=  78 idynl= 0
                16:37:42:36  LOADEND ISLAVE                                   0
                16:37:42:37  Start Input for Next Load Case
                16:37:42:37  case no= 3012 seq. no=  79 idynl= 0
                16:37:42:38  LOADEND ISLAVE                                   0
                16:37:42:38  Start Input for Next Load Case
                16:37:42:38  case no= 3013 seq. no=  80 idynl= 0
                16:37:42:39  LOADEND ISLAVE                                   0
                16:37:42:39  Start Input for Next Load Case
                16:37:42:40  case no= 3014 seq. no=  81 idynl= 0
                16:37:42:40  LOADEND ISLAVE                                   0
                16:37:42:41  Start Input for Next Load Case
                16:37:42:41  case no= 3015 seq. no=  82 idynl= 0
                16:37:42:41  LOADEND ISLAVE                                   0
                16:37:42:42  Start Input for Next Load Case
                16:37:42:42  case no= 3016 seq. no=  83 idynl= 0
                16:37:42:43  LOADEND ISLAVE                                   0
                16:37:42:43  Start Input for Next Load Case
                16:37:42:44  case no= 3017 seq. no=  84 idynl= 0
                16:37:42:44  LOADEND ISLAVE                                   0
                16:37:42:45  Start Input for Next Load Case
                16:37:42:45  case no= 3018 seq. no=  85 idynl= 0
                16:37:42:46  LOADEND ISLAVE                                   0
                16:37:42:46  Start Input for Next Load Case
                16:37:42:47  case no= 3021 seq. no=  86 idynl= 0
                16:37:42:47  LOADEND ISLAVE                                   0
                16:37:42:48  Start Input for Next Load Case
                16:37:42:48  case no= 3022 seq. no=  87 idynl= 0
                16:37:42:49  LOADEND ISLAVE                                   0
                16:37:42:49  Start Input for Next Load Case
                16:37:42:49  case no= 3023 seq. no=  88 idynl= 0
                16:37:42:50  LOADEND ISLAVE                                   0
                16:37:42:50  Start Input for Next Load Case
                16:37:42:51  case no= 3024 seq. no=  89 idynl= 0
                16:37:42:51  LOADEND ISLAVE                                   0
                16:37:42:52  Start Input for Next Load Case
                16:37:42:52  case no= 3025 seq. no=  90 idynl= 0
                16:37:42:52  LOADEND ISLAVE                                   0
                16:37:42:53  Start Input for Next Load Case
                16:37:42:53  case no= 3026 seq. no=  91 idynl= 0
                16:37:42:54  LOADEND ISLAVE                                   0
                16:37:42:54  Start Input for Next Load Case
                16:37:42:55  case no= 3027 seq. no=  92 idynl= 0
                16:37:42:55  LOADEND ISLAVE                                   0
                16:37:42:56  Start Input for Next Load Case
                16:37:42:56  case no= 3028 seq. no=  93 idynl= 0
                16:37:42:57  LOADEND ISLAVE                                   0
                16:37:42:57  Start Input for Next Load Case
                16:37:42:57  case no= 3201 seq. no=  94 idynl= 0
                16:37:42:58  LOADEND ISLAVE                                   0
                16:37:42:58  Start Input for Next Load Case
                16:37:42:59  case no= 3202 seq. no=  95 idynl= 0
                16:37:42:59  LOADEND ISLAVE                                   0
                16:37:42:60  Start Input for Next Load Case
                16:37:42:60  case no= 3203 seq. no=  96 idynl= 0
                16:37:42:61  LOADEND ISLAVE                                   0
                16:37:42:61  Start Input for Next Load Case
                16:37:42:61  case no= 3204 seq. no=  97 idynl= 0
                16:37:42:62  LOADEND ISLAVE                                   0
                16:37:42:62  Start Input for Next Load Case
                16:37:42:63  case no= 3205 seq. no=  98 idynl= 0
                16:37:42:63  LOADEND ISLAVE                                   0
                16:37:42:64  Start Input for Next Load Case
                16:37:42:64  case no= 3206 seq. no=  99 idynl= 0
                16:37:42:65  LOADEND ISLAVE                                   0
                16:37:42:65  Start Input for Next Load Case
                16:37:42:65  case no= 3207 seq. no= 100 idynl= 0
                16:37:42:66  LOADEND ISLAVE                                   0
                16:37:42:66  Start Input for Next Load Case
                16:37:42:67  case no= 3208 seq. no= 101 idynl= 0
                16:37:42:67  LOADEND ISLAVE                                   0
                16:37:42:68  NVPREV                                           0
                16:37:42:68  AMAXNON                               4.524278E-01
                16:37:42:68  IRECSIZL=                                     4000
                16:37:42:69  MTX BLOCKSIZE=                                  48
                16:37:42:69  MI=                                             48
                16:37:42:70  NORECL=                                          1
                16:37:42:70  NORECL1=                                         1
                16:37:42:71  IWORD=                                       32000
                16:37:42:71  JRECSIZE=                                     4000
                16:37:42:72  IWORDJ=                                      32000
                16:37:42:72  IBYTE=                                           4
                16:37:42:72  JOINTS=                                         10
                16:37:42:73  MEMBERS=                                        10
                16:37:42:73  PLATES =                                         0
                16:37:42:74  SOLIDS =                                         0
                16:37:42:74  NO. OF EQUATIONS=                               48
                16:37:42:75  idyn=                                            0
                16:37:42:75  ipd=                                             0
                16:37:42:76  icablanl=                                        0
                16:37:42:76  ++ Processing Element Stiffness Matrix.
                16:37:42:76  NV1                                            101
                16:37:42:88  ++ Calculating Element Forces & Reactions.
                16:37:43:34  COMBINATION CASES=                               0
                16:37:43:34  MAX CM MEMORY (KILOWORDS)                       30
                16:37:43:35  AFTER SOLVER 1
                16:37:43:36  REOPEN AS SEQ                                    0
                16:37:43:36  DEFINE ENVELOPE
                16:37:43:38  LOAD LIST 1101 TO 110
                16:37:43:38  PARAMETER 1
                16:37:43:39  CHECK CODE ALL
                16:37:43:39  ENTERING SECTNM110 IQ=                          10
                16:37:43:40               NSEC=                              11
                16:37:43:40             ISECTN=                               0
                16:37:43:42  SECTNM110 DO 925
                16:37:43:44  ENTERING ENVLP1 ITYP1=                          -3
                16:37:43:44  SECT DISPLACE
                16:37:43:47  Steel/Alum/Timber Design                        52
                16:37:43:50    ++ Finished Design ...
                16:37:43:51  Steel/Timber Design exit
                16:37:43:51  LOAD LIST 2101 TO 210
                16:37:43:52  PARAMETER 1
                16:37:43:53  CHECK CODE ALL
                16:37:43:53  ENTERING ENVLP1 ITYP1=                          -3
                16:37:43:53  SECT DISPLACE
                16:37:43:56  Steel/Alum/Timber Design                        52
                16:37:43:57    ++ Finished Design ...
                16:37:43:57  Steel/Timber Design exit
                16:37:43:57  LOAD LIST ENV 4 TO 7
                16:37:43:58  PARAMETER 1
                16:37:43:59  CHECK CODE ALL
                16:37:43:59  ENTERING ENVLP1 ITYP1=                          -3
                16:37:43:60  SECT DISPLACE
                16:37:43:62  Steel/Alum/Timber Design                        52
                16:37:43:64    ++ Finished Design ...
                16:37:43:64  Steel/Timber Design exit
                16:37:43:64  PRINT JOINT DISPLACEM
                16:37:43:65  DRAW ISOM JOIN MEMB
                16:37:43:66  ENTERING SECTNM110 IQ=                          10
                16:37:43:66               NSEC=                              11
                16:37:43:66             ISECTN=                               0
                16:37:43:69  SECTNM110 DO 925
                16:37:43:71  PRINT SUPPORT REACTIO
                16:37:43:71  DRAW ISOM SUPP PROP
                16:37:43:71  ENTERING SECTNM110 IQ=                          10
                16:37:43:72               NSEC=                              11
                16:37:43:73             ISECTN=                               0
                16:37:43:75  SECTNM110 DO 925
                16:37:43:77  DRAW ISOM SHAP
                16:37:43:77  ENTERING SECTNM110 IQ=                          10
                16:37:43:78               NSEC=                              11
                16:37:43:78             ISECTN=                               0
                16:37:43:81  SECTNM110 DO 925
                16:37:43:83  PRINT CG
                16:37:43:83  FINISH
                16:37:43:83  All Commands FINISHed
                16:37:43:84  DATASAVE for SPRO GUI
                16:37:43:84  ++ Creating Displacement File (DSP)...
                16:37:43:86  ++ Creating Reaction File (REA)...
                16:37:43:86  ++ Creating Section Force File (BMD)...
                16:37:43:89  ++ Creating Section Displace File (SEC)...
                16:37:43:89  ENTERING ENVLP1 ITYP1=                          -5
                16:37:43:90  SECT DISPLACE
                16:37:43:93  ++ Creating Section Displace File (SCN)...
                16:37:43:95  ++ Creating Design information File (DGN)...
                16:37:43:95  ALLOCATED CM MEMORY (KILOWORDS)             300000
                16:37:43:96  MAX CM MEMORY (KILOWORDS)                       70
                16:37:43:96  DBS LONG SEC NAME
* End Of Analysis At Thu Aug  1 16:37:43 2024
* CPU usage = 3.475000
* STAAD Exit Code: 100, Warning Count: 0, Error Count: 0, Duration: 3.475
1 0 0 3.475
****************************************************************************
*                            END OF ANALYSIS                               *
****************************************************************************
