08/12/2024 13:41:19	Reading UID database.
08/12/2024 13:41:19	Start loading STAAD model.
08/12/2024 13:41:20	Reading model file.
08/12/2024 13:41:20	Reading model file is complete.
08/12/2024 13:41:20	Processing support.
08/12/2024 13:41:20	Processing springs.
08/12/2024 13:41:20	Processing properties.
08/12/2024 13:41:20	Processing physical properties.
08/12/2024 13:41:20	Processing constants.
08/12/2024 13:41:20	Processing BETA constants.
08/12/2024 13:41:20	Processing hidden analytical member loads.
08/12/2024 13:41:20	Processing command list for member release.
08/12/2024 13:41:20	Processing command list for member offset.
08/12/2024 13:41:20	Processing command list for member specs (cracked).
08/12/2024 13:41:20	Processing command list for member specs (axial).
08/12/2024 13:41:20	Processing command list for element release.
08/12/2024 13:41:20	Processing command list for element offset.
08/12/2024 13:41:20	Processing command list for element plate stress directive.
08/12/2024 13:41:20	Processing parameter for Chinese wind load case.
08/12/2024 13:41:20	End Processing command list.
08/12/2024 13:41:20	End loading STAAD model.
08/12/2024 13:41:20	Start Post Analysis method
08/12/2024 13:41:20	Removed all hidden plates from surfaces
08/12/2024 13:41:20	Removed all hidden plates
08/12/2024 13:41:20	Removed all hidden nodes
08/12/2024 13:41:20	Loading results from MSH file...
08/12/2024 13:41:20	Building result indices...
08/12/2024 13:41:20	Loading plate stress results...
08/12/2024 13:41:20	Set analysis report setup data
08/12/2024 13:41:20	Starting page setup...
08/12/2024 13:41:20	Page setup completed
08/12/2024 13:41:20	Setting available workflows...
08/12/2024 13:41:20	Post analysis method ends
