10:12:20	Initializing STAAD Engine
10:12:20	Run stream set up is complete.
10:12:20	Initialize license libraries.
10:12:20	License libraries initialized.
10:12:20	Starting license(s) for A & D engine.
10:12:21	License Status: Ok
10:12:21	License information set up is complete.
****************************************************************************
*                            START OF ANALYSIS                             *
****************************************************************************
* Initiating Analysis At Thu Aug  8 10:12:21 2024
                          PROGRAM: STAAD.Pro
                          VERSION: 23.00.01.25
                10:12:21:47  ENTERING STAAD
                10:12:21:50  USING 64 BIT STAAD ENGINE
                10:12:21:50  ENTERING MAINN
                10:12:21:50  START JOB INFORMATION
                10:12:21:51  INPUT WIDTH 79
                10:12:21:51  UNIT MMS KN
                10:12:21:52  JOINT COORDINATES
                10:12:21:52  ENTERING JOINTC
                10:12:21:53  JOINTC NEWJ                                 400000
                10:12:21:53  MAX NODE NO.                                    30
                10:12:21:54  MEMBER INCIDENCES
                10:12:21:55  UNIT METER KN
                10:12:21:55  DEFINE MATERIAL START
                10:12:21:56  UNIT MMS KN
                10:12:21:56  MEMBER PROPERTY EUROP
                10:12:22: 0    ++ Finished Reading Member Properties ...
                10:12:22: 0  CONSTANTS
                10:12:22: 1  SUPPORTS
                10:12:22: 2  ENTERING SUPPORT
                10:12:22: 2  MEMBER OFFSET
                10:12:22: 3  DEFINE WIND LOAD
                10:12:22: 4  LOAD 121 LOADTYPE DEA
                10:12:22: 4  DUPLICATE ELEMENT CHECK
                10:12:22: 5  CHECKING STRUCTURAL INTEGRITY
                10:12:22: 5  CHECK UNCONNECTED JOINTS AND
                10:12:22: 6  CALCULATE MAX JOINT CONNECTIVITY
                10:12:22: 6  CHECK MULTIPLE STRUCTURES
                10:12:22: 7  ENTERING SUPPORT
                10:12:22: 7  NRJOLD                                           0
                10:12:22: 8  SUPPORT NOLD                                     0
                10:12:22: 8  SUPPORT N                                      156
                10:12:22: 8  BEFORE LOADPR
                10:12:22: 9  REOPEN AS DIR                                    0
                10:12:22: 9  ENTER LOADPR
                10:12:22:24  PERFORM ANALYSIS PRIN
                10:12:22:24  pdel iter                                        0
                10:12:22:25  MAXIMUM E =                           2.973273E+04
                10:12:22:25  MINIMUM E =                           2.973273E+04
                10:12:22:26  MBW DOF BAND=                                    1
                10:12:22:26  NUMBER OF PRIMARY CASES                        101
                10:12:22:26  NUMBER OF CASES                                252
                10:12:22:27  #OF CASES W/ELEM INMEMORY                      252
                10:12:22:27  MEMORY FOR MEMBER LOADS                      96768
                10:12:22:28  MEMORY FOR DISPLACEMENTS                     45360
                10:12:22:28  MEMORY FOR MEMBER FORCES                     96768
                10:12:22:28  Using 64-bit analysis engine
                10:12:22:29  BEFORE SOLVER 1
                10:12:22:29  Start Input for Next Load Case
                10:12:22:30  case no=  121 seq. no=   1 idynl= 0
                10:12:22:30  MASSSET                                          0
                10:12:22:31  LOADEND ISLAVE                                   0
                10:12:22:31  Start Input for Next Load Case
                10:12:22:32  case no=  201 seq. no=   2 idynl= 0
                10:12:22:32  LOADEND ISLAVE                                   0
                10:12:22:32  Start Input for Next Load Case
                10:12:22:33  case no=  202 seq. no=   3 idynl= 0
                10:12:22:33  LOADEND ISLAVE                                   0
                10:12:22:34  Start Input for Next Load Case
                10:12:22:34  case no=  203 seq. no=   4 idynl= 0
                10:12:22:35  LOADEND ISLAVE                                   0
                10:12:22:35  Start Input for Next Load Case
                10:12:22:36  case no=  204 seq. no=   5 idynl= 0
                10:12:22:36  LOADEND ISLAVE                                   0
                10:12:22:37  Start Input for Next Load Case
                10:12:22:37  case no=  205 seq. no=   6 idynl= 0
                10:12:22:37  LOADEND ISLAVE                                   0
                10:12:22:38  Start Input for Next Load Case
                10:12:22:38  case no=  206 seq. no=   7 idynl= 0
                10:12:22:39  LOADEND ISLAVE                                   0
                10:12:22:39  Start Input for Next Load Case
                10:12:22:40  case no=  207 seq. no=   8 idynl= 0
                10:12:22:40  LOADEND ISLAVE                                   0
                10:12:22:40  Start Input for Next Load Case
                10:12:22:41  case no=  208 seq. no=   9 idynl= 0
                10:12:22:41  LOADEND ISLAVE                                   0
                10:12:22:42  Start Input for Next Load Case
                10:12:22:42  case no=  312 seq. no=  10 idynl= 0
                10:12:22:43  LOADEND ISLAVE                                   0
                10:12:22:43  Start Input for Next Load Case
                10:12:22:43  case no=  313 seq. no=  11 idynl= 0
                10:12:22:44  LOADEND ISLAVE                                   0
                10:12:22:44  Start Input for Next Load Case
                10:12:22:45  case no=  314 seq. no=  12 idynl= 0
                10:12:22:45  LOADEND ISLAVE                                   0
                10:12:22:45  Start Input for Next Load Case
                10:12:22:46  case no=  315 seq. no=  13 idynl= 0
                10:12:22:46  LOADEND ISLAVE                                   0
                10:12:22:47  Start Input for Next Load Case
                10:12:22:47  case no=  322 seq. no=  14 idynl= 0
                10:12:22:48  LOADEND ISLAVE                                   0
                10:12:22:48  Start Input for Next Load Case
                10:12:22:48  case no=  323 seq. no=  15 idynl= 0
                10:12:22:49  LOADEND ISLAVE                                   0
                10:12:22:49  Start Input for Next Load Case
                10:12:22:50  case no=  324 seq. no=  16 idynl= 0
                10:12:22:50  LOADEND ISLAVE                                   0
                10:12:22:51  Start Input for Next Load Case
                10:12:22:51  case no=  325 seq. no=  17 idynl= 0
                10:12:22:51  LOADEND ISLAVE                                   0
                10:12:22:52  Start Input for Next Load Case
                10:12:22:52  case no=  332 seq. no=  18 idynl= 0
                10:12:22:53  LOADEND ISLAVE                                   0
                10:12:22:53  Start Input for Next Load Case
                10:12:22:54  case no=  333 seq. no=  19 idynl= 0
                10:12:22:54  LOADEND ISLAVE                                   0
                10:12:22:55  Start Input for Next Load Case
                10:12:22:55  case no=  334 seq. no=  20 idynl= 0
                10:12:22:55  LOADEND ISLAVE                                   0
                10:12:22:56  Start Input for Next Load Case
                10:12:22:56  case no=  335 seq. no=  21 idynl= 0
                10:12:22:57  LOADEND ISLAVE                                   0
                10:12:22:57  Start Input for Next Load Case
                10:12:22:58  case no=  411 seq. no=  22 idynl= 0
                10:12:22:58  LOADEND ISLAVE                                   0
                10:12:22:59  Start Input for Next Load Case
                10:12:22:59  case no=  412 seq. no=  23 idynl= 0
                10:12:22:59  LOADEND ISLAVE                                   0
                10:12:22:60  Start Input for Next Load Case
                10:12:22:60  case no=  413 seq. no=  24 idynl= 0
                10:12:22:61  LOADEND ISLAVE                                   0
                10:12:22:61  Start Input for Next Load Case
                10:12:22:62  case no=  414 seq. no=  25 idynl= 0
                10:12:22:62  LOADEND ISLAVE                                   0
                10:12:22:62  Start Input for Next Load Case
                10:12:22:63  case no=  415 seq. no=  26 idynl= 0
                10:12:22:63  LOADEND ISLAVE                                   0
                10:12:22:64  Start Input for Next Load Case
                10:12:22:64  case no=  416 seq. no=  27 idynl= 0
                10:12:22:64  LOADEND ISLAVE                                   0
                10:12:22:65  Start Input for Next Load Case
                10:12:22:65  case no=  417 seq. no=  28 idynl= 0
                10:12:22:66  LOADEND ISLAVE                                   0
                10:12:22:66  Start Input for Next Load Case
                10:12:22:67  case no=  418 seq. no=  29 idynl= 0
                10:12:22:67  LOADEND ISLAVE                                   0
                10:12:22:67  Start Input for Next Load Case
                10:12:22:68  case no=  421 seq. no=  30 idynl= 0
                10:12:22:68  LOADEND ISLAVE                                   0
                10:12:22:69  Start Input for Next Load Case
                10:12:22:69  case no=  422 seq. no=  31 idynl= 0
                10:12:22:69  LOADEND ISLAVE                                   0
                10:12:22:70  Start Input for Next Load Case
                10:12:22:70  case no=  423 seq. no=  32 idynl= 0
                10:12:22:71  LOADEND ISLAVE                                   0
                10:12:22:71  Start Input for Next Load Case
                10:12:22:71  case no=  424 seq. no=  33 idynl= 0
                10:12:22:72  LOADEND ISLAVE                                   0
                10:12:22:72  Start Input for Next Load Case
                10:12:22:73  case no=  425 seq. no=  34 idynl= 0
                10:12:22:73  LOADEND ISLAVE                                   0
                10:12:22:74  Start Input for Next Load Case
                10:12:22:74  case no=  426 seq. no=  35 idynl= 0
                10:12:22:74  LOADEND ISLAVE                                   0
                10:12:22:75  Start Input for Next Load Case
                10:12:22:75  case no=  427 seq. no=  36 idynl= 0
                10:12:22:76  LOADEND ISLAVE                                   0
                10:12:22:76  Start Input for Next Load Case
                10:12:22:77  case no=  428 seq. no=  37 idynl= 0
                10:12:22:77  LOADEND ISLAVE                                   0
                10:12:22:78  Start Input for Next Load Case
                10:12:22:78  case no=  711 seq. no=  38 idynl= 0
                10:12:22:78  LOADEND ISLAVE                                   0
                10:12:22:79  Start Input for Next Load Case
                10:12:22:79  case no=  712 seq. no=  39 idynl= 0
                10:12:22:80  LOADEND ISLAVE                                   0
                10:12:22:80  Start Input for Next Load Case
                10:12:22:80  case no=  713 seq. no=  40 idynl= 0
                10:12:22:81  LOADEND ISLAVE                                   0
                10:12:22:81  Start Input for Next Load Case
                10:12:22:82  case no=  714 seq. no=  41 idynl= 0
                10:12:22:82  LOADEND ISLAVE                                   0
                10:12:22:83  Start Input for Next Load Case
                10:12:22:83  case no=  715 seq. no=  42 idynl= 0
                10:12:22:84  LOADEND ISLAVE                                   0
                10:12:22:84  Start Input for Next Load Case
                10:12:22:84  case no=  716 seq. no=  43 idynl= 0
                10:12:22:85  LOADEND ISLAVE                                   0
                10:12:22:85  Start Input for Next Load Case
                10:12:22:86  case no=  717 seq. no=  44 idynl= 0
                10:12:22:86  LOADEND ISLAVE                                   0
                10:12:22:86  Start Input for Next Load Case
                10:12:22:87  case no=  718 seq. no=  45 idynl= 0
                10:12:22:87  LOADEND ISLAVE                                   0
                10:12:22:88  Start Input for Next Load Case
                10:12:22:88  case no= 1101 seq. no=  46 idynl= 0
                10:12:22:89  LOADEND ISLAVE                                   0
                10:12:22:89  Start Input for Next Load Case
                10:12:22:89  case no= 1102 seq. no=  47 idynl= 0
                10:12:22:90  LOADEND ISLAVE                                   0
                10:12:22:90  Start Input for Next Load Case
                10:12:22:91  case no= 1103 seq. no=  48 idynl= 0
                10:12:22:91  LOADEND ISLAVE                                   0
                10:12:22:92  Start Input for Next Load Case
                10:12:22:92  case no= 1104 seq. no=  49 idynl= 0
                10:12:22:92  LOADEND ISLAVE                                   0
                10:12:22:93  Start Input for Next Load Case
                10:12:22:94  case no= 1105 seq. no=  50 idynl= 0
                10:12:22:94  LOADEND ISLAVE                                   0
                10:12:22:95  Start Input for Next Load Case
                10:12:22:95  case no= 1106 seq. no=  51 idynl= 0
                10:12:22:95  LOADEND ISLAVE                                   0
                10:12:22:96  Start Input for Next Load Case
                10:12:22:96  case no= 1107 seq. no=  52 idynl= 0
                10:12:22:97  LOADEND ISLAVE                                   0
                10:12:22:97  Start Input for Next Load Case
                10:12:22:98  case no= 1108 seq. no=  53 idynl= 0
                10:12:22:98  LOADEND ISLAVE                                   0
                10:12:22:98  Start Input for Next Load Case
                10:12:22:99  case no= 1201 seq. no=  54 idynl= 0
                10:12:22:99  LOADEND ISLAVE                                   0
                10:12:23: 0  Start Input for Next Load Case
                10:12:23: 0  case no= 1202 seq. no=  55 idynl= 0
                10:12:23: 1  LOADEND ISLAVE                                   0
                10:12:23: 1  Start Input for Next Load Case
                10:12:23: 2  case no= 1203 seq. no=  56 idynl= 0
                10:12:23: 2  LOADEND ISLAVE                                   0
                10:12:23: 3  Start Input for Next Load Case
                10:12:23: 3  case no= 1204 seq. no=  57 idynl= 0
                10:12:23: 3  LOADEND ISLAVE                                   0
                10:12:23: 4  Start Input for Next Load Case
                10:12:23: 4  case no= 1205 seq. no=  58 idynl= 0
                10:12:23: 5  LOADEND ISLAVE                                   0
                10:12:23: 5  Start Input for Next Load Case
                10:12:23: 6  case no= 1206 seq. no=  59 idynl= 0
                10:12:23: 6  LOADEND ISLAVE                                   0
                10:12:23: 6  Start Input for Next Load Case
                10:12:23: 7  case no= 1207 seq. no=  60 idynl= 0
                10:12:23: 7  LOADEND ISLAVE                                   0
                10:12:23: 8  Start Input for Next Load Case
                10:12:23: 8  case no= 1208 seq. no=  61 idynl= 0
                10:12:23: 9  LOADEND ISLAVE                                   0
                10:12:23: 9  Start Input for Next Load Case
                10:12:23: 9  case no= 2101 seq. no=  62 idynl= 0
                10:12:23:10  LOADEND ISLAVE                                   0
                10:12:23:10  Start Input for Next Load Case
                10:12:23:11  case no= 2102 seq. no=  63 idynl= 0
                10:12:23:11  LOADEND ISLAVE                                   0
                10:12:23:12  Start Input for Next Load Case
                10:12:23:12  case no= 2103 seq. no=  64 idynl= 0
                10:12:23:12  LOADEND ISLAVE                                   0
                10:12:23:13  Start Input for Next Load Case
                10:12:23:13  case no= 2104 seq. no=  65 idynl= 0
                10:12:23:14  LOADEND ISLAVE                                   0
                10:12:23:14  Start Input for Next Load Case
                10:12:23:15  case no= 2105 seq. no=  66 idynl= 0
                10:12:23:15  LOADEND ISLAVE                                   0
                10:12:23:15  Start Input for Next Load Case
                10:12:23:16  case no= 2106 seq. no=  67 idynl= 0
                10:12:23:16  LOADEND ISLAVE                                   0
                10:12:23:17  Start Input for Next Load Case
                10:12:23:17  case no= 2107 seq. no=  68 idynl= 0
                10:12:23:17  LOADEND ISLAVE                                   0
                10:12:23:18  Start Input for Next Load Case
                10:12:23:18  case no= 2108 seq. no=  69 idynl= 0
                10:12:23:19  LOADEND ISLAVE                                   0
                10:12:23:19  Start Input for Next Load Case
                10:12:23:20  case no= 3001 seq. no=  70 idynl= 0
                10:12:23:20  LOADEND ISLAVE                                   0
                10:12:23:20  Start Input for Next Load Case
                10:12:23:21  case no= 3002 seq. no=  71 idynl= 0
                10:12:23:21  LOADEND ISLAVE                                   0
                10:12:23:22  Start Input for Next Load Case
                10:12:23:22  case no= 3003 seq. no=  72 idynl= 0
                10:12:23:23  LOADEND ISLAVE                                   0
                10:12:23:23  Start Input for Next Load Case
                10:12:23:23  case no= 3004 seq. no=  73 idynl= 0
                10:12:23:24  LOADEND ISLAVE                                   0
                10:12:23:24  Start Input for Next Load Case
                10:12:23:25  case no= 3005 seq. no=  74 idynl= 0
                10:12:23:25  LOADEND ISLAVE                                   0
                10:12:23:26  Start Input for Next Load Case
                10:12:23:26  case no= 3006 seq. no=  75 idynl= 0
                10:12:23:26  LOADEND ISLAVE                                   0
                10:12:23:27  Start Input for Next Load Case
                10:12:23:27  case no= 3007 seq. no=  76 idynl= 0
                10:12:23:28  LOADEND ISLAVE                                   0
                10:12:23:28  Start Input for Next Load Case
                10:12:23:28  case no= 3008 seq. no=  77 idynl= 0
                10:12:23:29  LOADEND ISLAVE                                   0
                10:12:23:29  Start Input for Next Load Case
                10:12:23:30  case no= 3011 seq. no=  78 idynl= 0
                10:12:23:30  LOADEND ISLAVE                                   0
                10:12:23:31  Start Input for Next Load Case
                10:12:23:31  case no= 3012 seq. no=  79 idynl= 0
                10:12:23:31  LOADEND ISLAVE                                   0
                10:12:23:32  Start Input for Next Load Case
                10:12:23:32  case no= 3013 seq. no=  80 idynl= 0
                10:12:23:33  LOADEND ISLAVE                                   0
                10:12:23:33  Start Input for Next Load Case
                10:12:23:34  case no= 3014 seq. no=  81 idynl= 0
                10:12:23:34  LOADEND ISLAVE                                   0
                10:12:23:34  Start Input for Next Load Case
                10:12:23:35  case no= 3015 seq. no=  82 idynl= 0
                10:12:23:36  LOADEND ISLAVE                                   0
                10:12:23:36  Start Input for Next Load Case
                10:12:23:36  case no= 3016 seq. no=  83 idynl= 0
                10:12:23:37  LOADEND ISLAVE                                   0
                10:12:23:37  Start Input for Next Load Case
                10:12:23:38  case no= 3017 seq. no=  84 idynl= 0
                10:12:23:38  LOADEND ISLAVE                                   0
                10:12:23:38  Start Input for Next Load Case
                10:12:23:39  case no= 3018 seq. no=  85 idynl= 0
                10:12:23:39  LOADEND ISLAVE                                   0
                10:12:23:40  Start Input for Next Load Case
                10:12:23:40  case no= 3021 seq. no=  86 idynl= 0
                10:12:23:41  LOADEND ISLAVE                                   0
                10:12:23:41  Start Input for Next Load Case
                10:12:23:41  case no= 3022 seq. no=  87 idynl= 0
                10:12:23:42  LOADEND ISLAVE                                   0
                10:12:23:42  Start Input for Next Load Case
                10:12:23:43  case no= 3023 seq. no=  88 idynl= 0
                10:12:23:43  LOADEND ISLAVE                                   0
                10:12:23:43  Start Input for Next Load Case
                10:12:23:44  case no= 3024 seq. no=  89 idynl= 0
                10:12:23:44  LOADEND ISLAVE                                   0
                10:12:23:45  Start Input for Next Load Case
                10:12:23:45  case no= 3025 seq. no=  90 idynl= 0
                10:12:23:46  LOADEND ISLAVE                                   0
                10:12:23:46  Start Input for Next Load Case
                10:12:23:46  case no= 3026 seq. no=  91 idynl= 0
                10:12:23:47  LOADEND ISLAVE                                   0
                10:12:23:47  Start Input for Next Load Case
                10:12:23:48  case no= 3027 seq. no=  92 idynl= 0
                10:12:23:48  LOADEND ISLAVE                                   0
                10:12:23:48  Start Input for Next Load Case
                10:12:23:49  case no= 3028 seq. no=  93 idynl= 0
                10:12:23:49  LOADEND ISLAVE                                   0
                10:12:23:50  Start Input for Next Load Case
                10:12:23:50  case no= 3201 seq. no=  94 idynl= 0
                10:12:23:50  LOADEND ISLAVE                                   0
                10:12:23:51  Start Input for Next Load Case
                10:12:23:51  case no= 3202 seq. no=  95 idynl= 0
                10:12:23:52  LOADEND ISLAVE                                   0
                10:12:23:52  Start Input for Next Load Case
                10:12:23:53  case no= 3203 seq. no=  96 idynl= 0
                10:12:23:53  LOADEND ISLAVE                                   0
                10:12:23:53  Start Input for Next Load Case
                10:12:23:54  case no= 3204 seq. no=  97 idynl= 0
                10:12:23:54  LOADEND ISLAVE                                   0
                10:12:23:55  Start Input for Next Load Case
                10:12:23:55  case no= 3205 seq. no=  98 idynl= 0
                10:12:23:55  LOADEND ISLAVE                                   0
                10:12:23:56  Start Input for Next Load Case
                10:12:23:56  case no= 3206 seq. no=  99 idynl= 0
                10:12:23:57  LOADEND ISLAVE                                   0
                10:12:23:57  Start Input for Next Load Case
                10:12:23:58  case no= 3207 seq. no= 100 idynl= 0
                10:12:23:58  LOADEND ISLAVE                                   0
                10:12:23:58  Start Input for Next Load Case
                10:12:23:59  case no= 3208 seq. no= 101 idynl= 0
                10:12:23:59  LOADEND ISLAVE                                   0
                10:12:23:60  NVPREV                                           0
                10:12:23:60  AMAXNON                               8.425197E-01
                10:12:23:61  IRECSIZL=                                     4000
                10:12:23:61  MTX BLOCKSIZE=                                 156
                10:12:23:62  MI=                                            156
                10:12:23:62  NORECL=                                          1
                10:12:23:63  NORECL1=                                         1
                10:12:23:63  IWORD=                                       32000
                10:12:23:64  JRECSIZE=                                     4000
                10:12:23:64  IWORDJ=                                      32000
                10:12:23:65  IBYTE=                                           4
                10:12:23:65  JOINTS=                                         30
                10:12:23:66  MEMBERS=                                        32
                10:12:23:66  PLATES =                                         0
                10:12:23:66  SOLIDS =                                         0
                10:12:23:67  NO. OF EQUATIONS=                              156
                10:12:23:67  idyn=                                            0
                10:12:23:68  ipd=                                             0
                10:12:23:68  icablanl=                                        0
                10:12:23:69  ++ Processing Element Stiffness Matrix.
                10:12:23:69  NV1                                            101
                10:12:23:80  ++ Calculating Element Forces & Reactions.
                10:12:24:28  COMBINATION CASES=                               0
                10:12:24:28  MAX CM MEMORY (KILOWORDS)                       44
                10:12:24:28  AFTER SOLVER 1
                10:12:24:29  REOPEN AS SEQ                                    0
                10:12:24:29  DEFINE ENVELOPE
                10:12:24:31  LOAD LIST 1101 TO 110
                10:12:24:31  PARAMETER 1
                10:12:24:33  CHECK CODE ALL
                10:12:24:33  ENTERING SECTNM110 IQ=                          32
                10:12:24:34               NSEC=                              11
                10:12:24:35             ISECTN=                               0
                10:12:24:38  SECTNM110 DO 925
                10:12:24:41  ENTERING ENVLP1 ITYP1=                          -3
                10:12:24:41  SECT DISPLACE
                10:12:24:44  Steel/Alum/Timber Design                        52
                10:12:24:50    ++ Finished Design ...
                10:12:24:50  Steel/Timber Design exit
                10:12:24:51  LOAD LIST 2101 TO 210
                10:12:24:51  PARAMETER 1
                10:12:24:54  CHECK CODE ALL
                10:12:24:54  ENTERING ENVLP1 ITYP1=                          -3
                10:12:24:54  SECT DISPLACE
                10:12:24:58  Steel/Alum/Timber Design                        52
                10:12:24:60    ++ Finished Design ...
                10:12:24:60  Steel/Timber Design exit
                10:12:24:61  LOAD LIST ENV 4 TO 7
                10:12:24:61  PARAMETER 1
                10:12:24:64  CHECK CODE ALL
                10:12:24:64  ENTERING ENVLP1 ITYP1=                          -3
                10:12:24:64  SECT DISPLACE
                10:12:24:68  Steel/Alum/Timber Design                        52
                10:12:24:74    ++ Finished Design ...
                10:12:24:74  Steel/Timber Design exit
                10:12:24:74  PRINT JOINT DISPLACEM
                10:12:24:75  DRAW ISOM JOIN MEMB
                10:12:24:75  ENTERING SECTNM110 IQ=                          32
                10:12:24:76               NSEC=                              11
                10:12:24:76             ISECTN=                               0
                10:12:24:79  SECTNM110 DO 925
                10:12:24:82  PRINT SUPPORT REACTIO
                10:12:24:82  DRAW ISOM SUPP PROP
                10:12:24:83  ENTERING SECTNM110 IQ=                          32
                10:12:24:83               NSEC=                              11
                10:12:24:84             ISECTN=                               0
                10:12:24:87  SECTNM110 DO 925
                10:12:24:90  DRAW ISOM SHAP
                10:12:24:90  ENTERING SECTNM110 IQ=                          32
                10:12:24:91               NSEC=                              11
                10:12:24:91             ISECTN=                               0
                10:12:24:94  SECTNM110 DO 925
                10:12:24:97  PRINT CG
                10:12:24:97  FINISH
                10:12:24:98  All Commands FINISHed
                10:12:24:98  DATASAVE for SPRO GUI
                10:12:24:99  ++ Creating Displacement File (DSP)...
                10:12:25: 1  ++ Creating Reaction File (REA)...
                10:12:25: 2  ++ Creating Section Force File (BMD)...
                10:12:25: 6  ++ Creating Section Displace File (SEC)...
                10:12:25: 6  ENTERING ENVLP1 ITYP1=                          -5
                10:12:25: 7  SECT DISPLACE
                10:12:25:12  ++ Creating Section Displace File (SCN)...
                10:12:25:16  ++ Creating Design information File (DGN)...
                10:12:25:16  ALLOCATED CM MEMORY (KILOWORDS)             300000
                10:12:25:16  MAX CM MEMORY (KILOWORDS)                      151
                10:12:25:17  DBS LONG SEC NAME
* End Of Analysis At Thu Aug  8 10:12:25 2024
* CPU usage = 3.779000
* STAAD Exit Code: 100, Warning Count: 0, Error Count: 0, Duration: 3.779
1 0 0 3.779
****************************************************************************
*                            END OF ANALYSIS                               *
****************************************************************************
