08/12/2024 13:41:37	Reading UID database.
08/12/2024 13:41:37	Start loading STAAD model.
08/12/2024 13:41:38	Reading model file.
08/12/2024 13:41:38	Reading model file is complete.
08/12/2024 13:41:38	Processing support.
08/12/2024 13:41:38	Processing springs.
08/12/2024 13:41:38	Processing properties.
08/12/2024 13:41:38	Processing physical properties.
08/12/2024 13:41:38	Processing constants.
08/12/2024 13:41:38	Processing BETA constants.
08/12/2024 13:41:38	Processing hidden analytical member loads.
08/12/2024 13:41:38	Processing command list for member release.
08/12/2024 13:41:38	Processing command list for member offset.
08/12/2024 13:41:38	Processing command list for member specs (cracked).
08/12/2024 13:41:38	Processing command list for member specs (axial).
08/12/2024 13:41:38	Processing command list for element release.
08/12/2024 13:41:38	Processing command list for element offset.
08/12/2024 13:41:38	Processing command list for element plate stress directive.
08/12/2024 13:41:38	Processing parameter for Chinese wind load case.
08/12/2024 13:41:38	End Processing command list.
08/12/2024 13:41:38	End loading STAAD model.
08/12/2024 13:41:38	Start Post Analysis method
08/12/2024 13:41:38	Removed all hidden plates from surfaces
08/12/2024 13:41:38	Removed all hidden plates
08/12/2024 13:41:38	Removed all hidden nodes
08/12/2024 13:41:38	Loading results from MSH file...
08/12/2024 13:41:38	Building result indices...
08/12/2024 13:41:38	Loading plate stress results...
08/12/2024 13:41:38	Set analysis report setup data
08/12/2024 13:41:38	Starting page setup...
08/12/2024 13:41:38	Page setup completed
08/12/2024 13:41:38	Setting available workflows...
08/12/2024 13:41:38	Post analysis method ends
08/12/2024 13:42:21	Start Post Analysis method
08/12/2024 13:42:21	Removed all hidden plates from surfaces
08/12/2024 13:42:21	Removed all hidden plates
08/12/2024 13:42:21	Removed all hidden nodes
08/12/2024 13:42:21	Loading results from MSH file...
08/12/2024 13:42:21	Building result indices...
08/12/2024 13:42:21	Loading plate stress results...
08/12/2024 13:42:21	Set analysis report setup data
08/12/2024 13:42:21	Starting page setup...
08/12/2024 13:42:21	Page setup completed
08/12/2024 13:42:21	Setting available workflows...
08/12/2024 13:42:21	Post analysis method ends
08/12/2024 13:57:58	Start Post Analysis method
08/12/2024 13:57:58	Removed all hidden plates from surfaces
08/12/2024 13:57:58	Removed all hidden plates
08/12/2024 13:57:58	Removed all hidden nodes
08/12/2024 13:57:58	Loading results from MSH file...
08/12/2024 13:57:58	Building result indices...
08/12/2024 13:57:58	Loading plate stress results...
08/12/2024 13:57:58	Set analysis report setup data
08/12/2024 13:57:58	Starting page setup...
08/12/2024 13:57:58	Page setup completed
08/12/2024 13:57:58	Setting available workflows...
08/12/2024 13:57:58	Post analysis method ends
