08/08/2024 09:27:14	Reading UID database.
08/08/2024 09:27:14	Start loading STAAD model.
08/08/2024 09:27:14	Reading model file.
08/08/2024 09:27:14	Reading model file is complete.
08/08/2024 09:27:14	Processing support.
08/08/2024 09:27:14	Processing springs.
08/08/2024 09:27:14	Processing properties.
08/08/2024 09:27:14	Processing physical properties.
08/08/2024 09:27:14	Processing constants.
08/08/2024 09:27:14	Processing BETA constants.
08/08/2024 09:27:14	Processing hidden analytical member loads.
08/08/2024 09:27:14	Processing command list for member release.
08/08/2024 09:27:14	Processing command list for member offset.
08/08/2024 09:27:14	Processing command list for member specs (cracked).
08/08/2024 09:27:14	Processing command list for member specs (axial).
08/08/2024 09:27:14	Processing command list for element release.
08/08/2024 09:27:14	Processing command list for element offset.
08/08/2024 09:27:14	Processing command list for element plate stress directive.
08/08/2024 09:27:14	Processing parameter for Chinese wind load case.
08/08/2024 09:27:14	End Processing command list.
08/08/2024 09:27:14	End loading STAAD model.
08/08/2024 09:27:14	Start Post Analysis method
08/08/2024 09:27:14	Removed all hidden plates from surfaces
08/08/2024 09:27:14	Removed all hidden plates
08/08/2024 09:27:14	Removed all hidden nodes
08/08/2024 09:27:14	Loading results from MSH file...
08/08/2024 09:27:14	Building result indices...
08/08/2024 09:27:14	Loading plate stress results...
08/08/2024 09:27:14	Set analysis report setup data
08/08/2024 09:27:14	Starting page setup...
08/08/2024 09:27:14	Page setup completed
08/08/2024 09:27:14	Setting available workflows...
08/08/2024 09:27:14	Post analysis method ends
08/08/2024 09:27:24	Start Post Analysis method
08/08/2024 09:27:24	Removed all hidden plates from surfaces
08/08/2024 09:27:24	Removed all hidden plates
08/08/2024 09:27:24	Removed all hidden nodes
08/08/2024 09:27:24	Loading results from MSH file...
08/08/2024 09:27:24	Building result indices...
08/08/2024 09:27:24	Loading plate stress results...
08/08/2024 09:27:24	Set analysis report setup data
08/08/2024 09:27:24	Starting page setup...
08/08/2024 09:27:24	Page setup completed
08/08/2024 09:27:24	Setting available workflows...
08/08/2024 09:27:24	Post analysis method ends
08/08/2024 09:29:18	Start Post Analysis method
08/08/2024 09:29:18	Removed all hidden plates from surfaces
08/08/2024 09:29:18	Removed all hidden plates
08/08/2024 09:29:18	Removed all hidden nodes
08/08/2024 09:29:18	Loading results from MSH file...
08/08/2024 09:29:18	Building result indices...
08/08/2024 09:29:18	Loading plate stress results...
08/08/2024 09:29:18	Set analysis report setup data
08/08/2024 09:29:18	Starting page setup...
08/08/2024 09:29:18	Page setup completed
08/08/2024 09:29:18	Setting available workflows...
08/08/2024 09:29:18	Post analysis method ends
