08/08/2024 10:05:30	Reading UID database.
08/08/2024 10:05:30	Start loading STAAD model.
08/08/2024 10:05:30	Reading model file.
08/08/2024 10:05:30	Reading model file is complete.
08/08/2024 10:05:30	Processing support.
08/08/2024 10:05:30	Processing springs.
08/08/2024 10:05:30	Processing properties.
08/08/2024 10:05:30	Processing physical properties.
08/08/2024 10:05:30	Processing constants.
08/08/2024 10:05:30	Processing BETA constants.
08/08/2024 10:05:30	Processing hidden analytical member loads.
08/08/2024 10:05:30	Processing command list for member release.
08/08/2024 10:05:31	Processing command list for member offset.
08/08/2024 10:05:31	Processing command list for member specs (cracked).
08/08/2024 10:05:31	Processing command list for member specs (axial).
08/08/2024 10:05:31	Processing command list for element release.
08/08/2024 10:05:31	Processing command list for element offset.
08/08/2024 10:05:31	Processing command list for element plate stress directive.
08/08/2024 10:05:31	Processing parameter for Chinese wind load case.
08/08/2024 10:05:31	End Processing command list.
08/08/2024 10:05:31	End loading STAAD model.
08/08/2024 10:05:31	Start Post Analysis method
08/08/2024 10:05:31	Removed all hidden plates from surfaces
08/08/2024 10:05:31	Removed all hidden plates
08/08/2024 10:05:31	Removed all hidden nodes
08/08/2024 10:05:31	Loading results from MSH file...
08/08/2024 10:05:31	Building result indices...
08/08/2024 10:05:31	Loading plate stress results...
08/08/2024 10:05:31	Set analysis report setup data
08/08/2024 10:05:31	Starting page setup...
08/08/2024 10:05:31	Page setup completed
08/08/2024 10:05:31	Setting available workflows...
08/08/2024 10:05:31	Post analysis method ends
08/08/2024 10:06:18	Start Post Analysis method
08/08/2024 10:06:18	Removed all hidden plates from surfaces
08/08/2024 10:06:18	Removed all hidden plates
08/08/2024 10:06:18	Removed all hidden nodes
08/08/2024 10:06:18	Loading results from MSH file...
08/08/2024 10:06:18	Building result indices...
08/08/2024 10:06:18	Loading plate stress results...
08/08/2024 10:06:18	Set analysis report setup data
08/08/2024 10:06:18	Starting page setup...
08/08/2024 10:06:18	Page setup completed
08/08/2024 10:06:18	Setting available workflows...
08/08/2024 10:06:18	Post analysis method ends
