08/13/2024 13:43:41	Reading UID database.
08/13/2024 13:43:41	Start loading STAAD model.
08/13/2024 13:43:41	Reading model file.
08/13/2024 13:43:41	Reading model file is complete.
08/13/2024 13:43:41	Processing support.
08/13/2024 13:43:41	Processing springs.
08/13/2024 13:43:41	Processing properties.
08/13/2024 13:43:41	Processing physical properties.
08/13/2024 13:43:41	Processing constants.
08/13/2024 13:43:41	Processing BETA constants.
08/13/2024 13:43:41	Processing hidden analytical member loads.
08/13/2024 13:43:41	Processing command list for member release.
08/13/2024 13:43:41	Processing command list for member offset.
08/13/2024 13:43:41	Processing command list for member specs (cracked).
08/13/2024 13:43:41	Processing command list for member specs (axial).
08/13/2024 13:43:41	Processing command list for element release.
08/13/2024 13:43:41	Processing command list for element offset.
08/13/2024 13:43:41	Processing command list for element plate stress directive.
08/13/2024 13:43:41	Processing parameter for Chinese wind load case.
08/13/2024 13:43:41	End Processing command list.
08/13/2024 13:43:41	End loading STAAD model.
08/13/2024 13:44:22	Start Post Analysis method
08/13/2024 13:44:23	Removed all hidden plates from surfaces
08/13/2024 13:44:23	Removed all hidden plates
08/13/2024 13:44:23	Removed all hidden nodes
08/13/2024 13:44:23	Loading results from MSH file...
08/13/2024 13:44:23	Building result indices...
08/13/2024 13:44:23	Loading plate stress results...
08/13/2024 13:44:23	Set analysis report setup data
08/13/2024 13:44:23	Starting page setup...
08/13/2024 13:44:23	Page setup completed
08/13/2024 13:44:23	Setting available workflows...
08/13/2024 13:44:23	Post analysis method ends
