07/31/2024 08:02:30	Reading UID database.
07/31/2024 08:02:30	Start loading STAAD model.
07/31/2024 08:02:30	Reading model file.
07/31/2024 08:02:31	Reading model file is complete.
07/31/2024 08:02:31	Processing support.
07/31/2024 08:02:31	Processing springs.
07/31/2024 08:02:31	Processing properties.
07/31/2024 08:02:31	Processing physical properties.
07/31/2024 08:02:31	Processing constants.
07/31/2024 08:02:31	Processing BETA constants.
07/31/2024 08:02:31	Processing hidden analytical member loads.
07/31/2024 08:02:31	Processing command list for member release.
07/31/2024 08:02:31	Processing command list for member offset.
07/31/2024 08:02:31	Processing command list for member specs (cracked).
07/31/2024 08:02:31	Processing command list for member specs (axial).
07/31/2024 08:02:31	Processing command list for element release.
07/31/2024 08:02:31	Processing command list for element offset.
07/31/2024 08:02:31	Processing command list for element plate stress directive.
07/31/2024 08:02:31	Processing parameter for Chinese wind load case.
07/31/2024 08:02:31	End Processing command list.
07/31/2024 08:02:31	End loading STAAD model.
07/31/2024 08:02:31	Start Post Analysis method
07/31/2024 08:02:31	Removed all hidden plates from surfaces
07/31/2024 08:02:31	Removed all hidden plates
07/31/2024 08:02:31	Removed all hidden nodes
07/31/2024 08:02:31	Loading results from MSH file...
07/31/2024 08:02:31	Building result indices...
07/31/2024 08:02:31	Loading plate stress results...
07/31/2024 08:02:31	Set analysis report setup data
07/31/2024 08:02:31	Starting page setup...
07/31/2024 08:02:31	Page setup completed
07/31/2024 08:02:31	Setting available workflows...
07/31/2024 08:02:31	Post analysis method ends
07/31/2024 08:05:49	Start Post Analysis method
07/31/2024 08:05:49	Removed all hidden plates from surfaces
07/31/2024 08:05:49	Removed all hidden plates
07/31/2024 08:05:49	Removed all hidden nodes
07/31/2024 08:05:49	Loading results from MSH file...
07/31/2024 08:05:49	Building result indices...
07/31/2024 08:05:49	Loading plate stress results...
07/31/2024 08:05:49	Set analysis report setup data
07/31/2024 08:05:49	Starting page setup...
07/31/2024 08:05:49	Page setup completed
07/31/2024 08:05:49	Setting available workflows...
07/31/2024 08:05:49	Post analysis method ends
