08:13:52	Initializing STAAD Engine
08:13:52	Run stream set up is complete.
08:13:52	Initialize license libraries.
08:13:52	License libraries initialized.
08:13:52	Starting license(s) for A & D engine.
08:13:53	License Status: Ok
08:13:53	License information set up is complete.
****************************************************************************
*                            START OF ANALYSIS                             *
****************************************************************************
* Initiating Analysis At Wed Jul 31 08:13:53 2024
                          PROGRAM: STAAD.Pro
                          VERSION: 23.00.01.25
                 8:13:53:68  ENTERING STAAD
                 8:13:53:70  USING 64 BIT STAAD ENGINE
                 8:13:53:70  ENTERING MAINN
                 8:13:53:70  START JOB INFORMATION
                 8:13:53:70  INPUT WIDTH 79
                 8:13:53:71  UNIT MMS KN
                 8:13:53:71  JOINT COORDINATES
                 8:13:53:72  ENTERING JOINTC
                 8:13:53:72  JOINTC NEWJ                                 400000
                 8:13:53:73  MAX NODE NO.                                    41
                 8:13:53:73  MEMBER INCIDENCES
                 8:13:53:74  UNIT METER KN
                 8:13:53:74  DEFINE MATERIAL START
                 8:13:53:74  UNIT MMS KN
                 8:13:53:75  MEMBER PROPERTY EUROP
                 8:13:53:89    ++ Finished Reading Member Properties ...
                 8:13:53:90  CONSTANTS
                 8:13:53:90  SUPPORTS
                 8:13:53:91  ENTERING SUPPORT
                 8:13:53:91  MEMBER OFFSET
                 8:13:53:92  DEFINE WIND LOAD
                 8:13:53:92  LOAD 121 LOADTYPE DEA
                 8:13:53:92  DUPLICATE ELEMENT CHECK
                 8:13:53:93  CHECKING STRUCTURAL INTEGRITY
                 8:13:53:93  CHECK UNCONNECTED JOINTS AND
                 8:13:53:94  CALCULATE MAX JOINT CONNECTIVITY
                 8:13:53:94  CHECK MULTIPLE STRUCTURES
                 8:13:53:94  ENTERING SUPPORT
                 8:13:53:95  NRJOLD                                           0
                 8:13:53:95  SUPPORT NOLD                                     0
                 8:13:53:96  SUPPORT N                                      222
                 8:13:53:96  BEFORE LOADPR
                 8:13:53:96  REOPEN AS DIR                                    0
                 8:13:53:97  ENTER LOADPR
                 8:13:54:11  PERFORM ANALYSIS PRIN
                 8:13:54:11  pdel iter                                        0
                 8:13:54:12  MAXIMUM E =                           2.973273E+04
                 8:13:54:13  MINIMUM E =                           2.973273E+04
                 8:13:54:13  MBW DOF BAND=                                    2
                 8:13:54:13  NUMBER OF PRIMARY CASES                        101
                 8:13:54:14  NUMBER OF CASES                                252
                 8:13:54:14  #OF CASES W/ELEM INMEMORY                      252
                 8:13:54:15  MEMORY FOR MEMBER LOADS                     133056
                 8:13:54:15  MEMORY FOR DISPLACEMENTS                     61992
                 8:13:54:16  MEMORY FOR MEMBER FORCES                    133056
                 8:13:54:16  Using 64-bit analysis engine
                 8:13:54:16  BEFORE SOLVER 1
                 8:13:54:17  Start Input for Next Load Case
                 8:13:54:18  case no=  121 seq. no=   1 idynl= 0
                 8:13:54:18  MASSSET                                          0
                 8:13:54:18  LOADEND ISLAVE                                   0
                 8:13:54:19  Start Input for Next Load Case
                 8:13:54:19  case no=  201 seq. no=   2 idynl= 0
                 8:13:54:19  LOADEND ISLAVE                                   0
                 8:13:54:20  Start Input for Next Load Case
                 8:13:54:20  case no=  202 seq. no=   3 idynl= 0
                 8:13:54:21  LOADEND ISLAVE                                   0
                 8:13:54:21  Start Input for Next Load Case
                 8:13:54:22  case no=  203 seq. no=   4 idynl= 0
                 8:13:54:22  LOADEND ISLAVE                                   0
                 8:13:54:22  Start Input for Next Load Case
                 8:13:54:23  case no=  204 seq. no=   5 idynl= 0
                 8:13:54:23  LOADEND ISLAVE                                   0
                 8:13:54:24  Start Input for Next Load Case
                 8:13:54:24  case no=  205 seq. no=   6 idynl= 0
                 8:13:54:25  LOADEND ISLAVE                                   0
                 8:13:54:25  Start Input for Next Load Case
                 8:13:54:25  case no=  206 seq. no=   7 idynl= 0
                 8:13:54:26  LOADEND ISLAVE                                   0
                 8:13:54:26  Start Input for Next Load Case
                 8:13:54:27  case no=  207 seq. no=   8 idynl= 0
                 8:13:54:27  LOADEND ISLAVE                                   0
                 8:13:54:27  Start Input for Next Load Case
                 8:13:54:28  case no=  208 seq. no=   9 idynl= 0
                 8:13:54:28  LOADEND ISLAVE                                   0
                 8:13:54:29  Start Input for Next Load Case
                 8:13:54:29  case no=  312 seq. no=  10 idynl= 0
                 8:13:54:29  LOADEND ISLAVE                                   0
                 8:13:54:30  Start Input for Next Load Case
                 8:13:54:30  case no=  313 seq. no=  11 idynl= 0
                 8:13:54:31  LOADEND ISLAVE                                   0
                 8:13:54:31  Start Input for Next Load Case
                 8:13:54:32  case no=  314 seq. no=  12 idynl= 0
                 8:13:54:32  LOADEND ISLAVE                                   0
                 8:13:54:33  Start Input for Next Load Case
                 8:13:54:33  case no=  315 seq. no=  13 idynl= 0
                 8:13:54:34  LOADEND ISLAVE                                   0
                 8:13:54:34  Start Input for Next Load Case
                 8:13:54:35  case no=  322 seq. no=  14 idynl= 0
                 8:13:54:35  LOADEND ISLAVE                                   0
                 8:13:54:35  Start Input for Next Load Case
                 8:13:54:36  case no=  323 seq. no=  15 idynl= 0
                 8:13:54:36  LOADEND ISLAVE                                   0
                 8:13:54:37  Start Input for Next Load Case
                 8:13:54:37  case no=  324 seq. no=  16 idynl= 0
                 8:13:54:37  LOADEND ISLAVE                                   0
                 8:13:54:38  Start Input for Next Load Case
                 8:13:54:38  case no=  325 seq. no=  17 idynl= 0
                 8:13:54:39  LOADEND ISLAVE                                   0
                 8:13:54:39  Start Input for Next Load Case
                 8:13:54:40  case no=  332 seq. no=  18 idynl= 0
                 8:13:54:41  LOADEND ISLAVE                                   0
                 8:13:54:41  Start Input for Next Load Case
                 8:13:54:42  case no=  333 seq. no=  19 idynl= 0
                 8:13:54:43  LOADEND ISLAVE                                   0
                 8:13:54:43  Start Input for Next Load Case
                 8:13:54:44  case no=  334 seq. no=  20 idynl= 0
                 8:13:54:44  LOADEND ISLAVE                                   0
                 8:13:54:45  Start Input for Next Load Case
                 8:13:54:45  case no=  335 seq. no=  21 idynl= 0
                 8:13:54:46  LOADEND ISLAVE                                   0
                 8:13:54:46  Start Input for Next Load Case
                 8:13:54:47  case no=  411 seq. no=  22 idynl= 0
                 8:13:54:47  LOADEND ISLAVE                                   0
                 8:13:54:48  Start Input for Next Load Case
                 8:13:54:48  case no=  412 seq. no=  23 idynl= 0
                 8:13:54:48  LOADEND ISLAVE                                   0
                 8:13:54:49  Start Input for Next Load Case
                 8:13:54:49  case no=  413 seq. no=  24 idynl= 0
                 8:13:54:50  LOADEND ISLAVE                                   0
                 8:13:54:50  Start Input for Next Load Case
                 8:13:54:51  case no=  414 seq. no=  25 idynl= 0
                 8:13:54:51  LOADEND ISLAVE                                   0
                 8:13:54:51  Start Input for Next Load Case
                 8:13:54:52  case no=  415 seq. no=  26 idynl= 0
                 8:13:54:52  LOADEND ISLAVE                                   0
                 8:13:54:53  Start Input for Next Load Case
                 8:13:54:54  case no=  416 seq. no=  27 idynl= 0
                 8:13:54:54  LOADEND ISLAVE                                   0
                 8:13:54:54  Start Input for Next Load Case
                 8:13:54:55  case no=  417 seq. no=  28 idynl= 0
                 8:13:54:55  LOADEND ISLAVE                                   0
                 8:13:54:56  Start Input for Next Load Case
                 8:13:54:56  case no=  418 seq. no=  29 idynl= 0
                 8:13:54:57  LOADEND ISLAVE                                   0
                 8:13:54:57  Start Input for Next Load Case
                 8:13:54:57  case no=  421 seq. no=  30 idynl= 0
                 8:13:54:58  LOADEND ISLAVE                                   0
                 8:13:54:58  Start Input for Next Load Case
                 8:13:54:59  case no=  422 seq. no=  31 idynl= 0
                 8:13:54:59  LOADEND ISLAVE                                   0
                 8:13:54:60  Start Input for Next Load Case
                 8:13:54:60  case no=  423 seq. no=  32 idynl= 0
                 8:13:54:60  LOADEND ISLAVE                                   0
                 8:13:54:61  Start Input for Next Load Case
                 8:13:54:61  case no=  424 seq. no=  33 idynl= 0
                 8:13:54:62  LOADEND ISLAVE                                   0
                 8:13:54:62  Start Input for Next Load Case
                 8:13:54:62  case no=  425 seq. no=  34 idynl= 0
                 8:13:54:63  LOADEND ISLAVE                                   0
                 8:13:54:63  Start Input for Next Load Case
                 8:13:54:64  case no=  426 seq. no=  35 idynl= 0
                 8:13:54:64  LOADEND ISLAVE                                   0
                 8:13:54:65  Start Input for Next Load Case
                 8:13:54:65  case no=  427 seq. no=  36 idynl= 0
                 8:13:54:66  LOADEND ISLAVE                                   0
                 8:13:54:66  Start Input for Next Load Case
                 8:13:54:67  case no=  428 seq. no=  37 idynl= 0
                 8:13:54:67  LOADEND ISLAVE                                   0
                 8:13:54:68  Start Input for Next Load Case
                 8:13:54:69  case no=  711 seq. no=  38 idynl= 0
                 8:13:54:69  LOADEND ISLAVE                                   0
                 8:13:54:70  Start Input for Next Load Case
                 8:13:54:70  case no=  712 seq. no=  39 idynl= 0
                 8:13:54:71  LOADEND ISLAVE                                   0
                 8:13:54:72  Start Input for Next Load Case
                 8:13:54:72  case no=  713 seq. no=  40 idynl= 0
                 8:13:54:72  LOADEND ISLAVE                                   0
                 8:13:54:73  Start Input for Next Load Case
                 8:13:54:73  case no=  714 seq. no=  41 idynl= 0
                 8:13:54:74  LOADEND ISLAVE                                   0
                 8:13:54:74  Start Input for Next Load Case
                 8:13:54:75  case no=  715 seq. no=  42 idynl= 0
                 8:13:54:75  LOADEND ISLAVE                                   0
                 8:13:54:76  Start Input for Next Load Case
                 8:13:54:76  case no=  716 seq. no=  43 idynl= 0
                 8:13:54:76  LOADEND ISLAVE                                   0
                 8:13:54:77  Start Input for Next Load Case
                 8:13:54:77  case no=  717 seq. no=  44 idynl= 0
                 8:13:54:78  LOADEND ISLAVE                                   0
                 8:13:54:78  Start Input for Next Load Case
                 8:13:54:79  case no=  718 seq. no=  45 idynl= 0
                 8:13:54:79  LOADEND ISLAVE                                   0
                 8:13:54:80  Start Input for Next Load Case
                 8:13:54:80  case no= 1101 seq. no=  46 idynl= 0
                 8:13:54:81  LOADEND ISLAVE                                   0
                 8:13:54:81  Start Input for Next Load Case
                 8:13:54:82  case no= 1102 seq. no=  47 idynl= 0
                 8:13:54:82  LOADEND ISLAVE                                   0
                 8:13:54:83  Start Input for Next Load Case
                 8:13:54:83  case no= 1103 seq. no=  48 idynl= 0
                 8:13:54:84  LOADEND ISLAVE                                   0
                 8:13:54:84  Start Input for Next Load Case
                 8:13:54:85  case no= 1104 seq. no=  49 idynl= 0
                 8:13:54:85  LOADEND ISLAVE                                   0
                 8:13:54:85  Start Input for Next Load Case
                 8:13:54:86  case no= 1105 seq. no=  50 idynl= 0
                 8:13:54:86  LOADEND ISLAVE                                   0
                 8:13:54:87  Start Input for Next Load Case
                 8:13:54:88  case no= 1106 seq. no=  51 idynl= 0
                 8:13:54:88  LOADEND ISLAVE                                   0
                 8:13:54:89  Start Input for Next Load Case
                 8:13:54:89  case no= 1107 seq. no=  52 idynl= 0
                 8:13:54:90  LOADEND ISLAVE                                   0
                 8:13:54:90  Start Input for Next Load Case
                 8:13:54:91  case no= 1108 seq. no=  53 idynl= 0
                 8:13:54:91  LOADEND ISLAVE                                   0
                 8:13:54:91  Start Input for Next Load Case
                 8:13:54:92  case no= 1201 seq. no=  54 idynl= 0
                 8:13:54:92  LOADEND ISLAVE                                   0
                 8:13:54:93  Start Input for Next Load Case
                 8:13:54:93  case no= 1202 seq. no=  55 idynl= 0
                 8:13:54:94  LOADEND ISLAVE                                   0
                 8:13:54:94  Start Input for Next Load Case
                 8:13:54:94  case no= 1203 seq. no=  56 idynl= 0
                 8:13:54:95  LOADEND ISLAVE                                   0
                 8:13:54:95  Start Input for Next Load Case
                 8:13:54:96  case no= 1204 seq. no=  57 idynl= 0
                 8:13:54:96  LOADEND ISLAVE                                   0
                 8:13:54:96  Start Input for Next Load Case
                 8:13:54:97  case no= 1205 seq. no=  58 idynl= 0
                 8:13:54:97  LOADEND ISLAVE                                   0
                 8:13:54:98  Start Input for Next Load Case
                 8:13:54:98  case no= 1206 seq. no=  59 idynl= 0
                 8:13:54:98  LOADEND ISLAVE                                   0
                 8:13:54:99  Start Input for Next Load Case
                 8:13:54:99  case no= 1207 seq. no=  60 idynl= 0
                 8:13:55: 0  LOADEND ISLAVE                                   0
                 8:13:55: 0  Start Input for Next Load Case
                 8:13:55: 0  case no= 1208 seq. no=  61 idynl= 0
                 8:13:55: 1  LOADEND ISLAVE                                   0
                 8:13:55: 1  Start Input for Next Load Case
                 8:13:55: 2  case no= 2101 seq. no=  62 idynl= 0
                 8:13:55: 2  LOADEND ISLAVE                                   0
                 8:13:55: 2  Start Input for Next Load Case
                 8:13:55: 3  case no= 2102 seq. no=  63 idynl= 0
                 8:13:55: 3  LOADEND ISLAVE                                   0
                 8:13:55: 4  Start Input for Next Load Case
                 8:13:55: 4  case no= 2103 seq. no=  64 idynl= 0
                 8:13:55: 4  LOADEND ISLAVE                                   0
                 8:13:55: 5  Start Input for Next Load Case
                 8:13:55: 5  case no= 2104 seq. no=  65 idynl= 0
                 8:13:55: 6  LOADEND ISLAVE                                   0
                 8:13:55: 6  Start Input for Next Load Case
                 8:13:55: 6  case no= 2105 seq. no=  66 idynl= 0
                 8:13:55: 7  LOADEND ISLAVE                                   0
                 8:13:55: 7  Start Input for Next Load Case
                 8:13:55: 8  case no= 2106 seq. no=  67 idynl= 0
                 8:13:55: 8  LOADEND ISLAVE                                   0
                 8:13:55: 9  Start Input for Next Load Case
                 8:13:55: 9  case no= 2107 seq. no=  68 idynl= 0
                 8:13:55: 9  LOADEND ISLAVE                                   0
                 8:13:55:10  Start Input for Next Load Case
                 8:13:55:10  case no= 2108 seq. no=  69 idynl= 0
                 8:13:55:11  LOADEND ISLAVE                                   0
                 8:13:55:11  Start Input for Next Load Case
                 8:13:55:12  case no= 3001 seq. no=  70 idynl= 0
                 8:13:55:12  LOADEND ISLAVE                                   0
                 8:13:55:13  Start Input for Next Load Case
                 8:13:55:13  case no= 3002 seq. no=  71 idynl= 0
                 8:13:55:14  LOADEND ISLAVE                                   0
                 8:13:55:14  Start Input for Next Load Case
                 8:13:55:15  case no= 3003 seq. no=  72 idynl= 0
                 8:13:55:15  LOADEND ISLAVE                                   0
                 8:13:55:16  Start Input for Next Load Case
                 8:13:55:16  case no= 3004 seq. no=  73 idynl= 0
                 8:13:55:17  LOADEND ISLAVE                                   0
                 8:13:55:17  Start Input for Next Load Case
                 8:13:55:18  case no= 3005 seq. no=  74 idynl= 0
                 8:13:55:19  LOADEND ISLAVE                                   0
                 8:13:55:19  Start Input for Next Load Case
                 8:13:55:20  case no= 3006 seq. no=  75 idynl= 0
                 8:13:55:20  LOADEND ISLAVE                                   0
                 8:13:55:21  Start Input for Next Load Case
                 8:13:55:21  case no= 3007 seq. no=  76 idynl= 0
                 8:13:55:22  LOADEND ISLAVE                                   0
                 8:13:55:22  Start Input for Next Load Case
                 8:13:55:22  case no= 3008 seq. no=  77 idynl= 0
                 8:13:55:23  LOADEND ISLAVE                                   0
                 8:13:55:23  Start Input for Next Load Case
                 8:13:55:24  case no= 3011 seq. no=  78 idynl= 0
                 8:13:55:24  LOADEND ISLAVE                                   0
                 8:13:55:25  Start Input for Next Load Case
                 8:13:55:25  case no= 3012 seq. no=  79 idynl= 0
                 8:13:55:25  LOADEND ISLAVE                                   0
                 8:13:55:26  Start Input for Next Load Case
                 8:13:55:26  case no= 3013 seq. no=  80 idynl= 0
                 8:13:55:27  LOADEND ISLAVE                                   0
                 8:13:55:27  Start Input for Next Load Case
                 8:13:55:27  case no= 3014 seq. no=  81 idynl= 0
                 8:13:55:28  LOADEND ISLAVE                                   0
                 8:13:55:28  Start Input for Next Load Case
                 8:13:55:29  case no= 3015 seq. no=  82 idynl= 0
                 8:13:55:29  LOADEND ISLAVE                                   0
                 8:13:55:29  Start Input for Next Load Case
                 8:13:55:30  case no= 3016 seq. no=  83 idynl= 0
                 8:13:55:30  LOADEND ISLAVE                                   0
                 8:13:55:31  Start Input for Next Load Case
                 8:13:55:31  case no= 3017 seq. no=  84 idynl= 0
                 8:13:55:31  LOADEND ISLAVE                                   0
                 8:13:55:32  Start Input for Next Load Case
                 8:13:55:32  case no= 3018 seq. no=  85 idynl= 0
                 8:13:55:33  LOADEND ISLAVE                                   0
                 8:13:55:33  Start Input for Next Load Case
                 8:13:55:34  case no= 3021 seq. no=  86 idynl= 0
                 8:13:55:34  LOADEND ISLAVE                                   0
                 8:13:55:35  Start Input for Next Load Case
                 8:13:55:35  case no= 3022 seq. no=  87 idynl= 0
                 8:13:55:35  LOADEND ISLAVE                                   0
                 8:13:55:36  Start Input for Next Load Case
                 8:13:55:36  case no= 3023 seq. no=  88 idynl= 0
                 8:13:55:37  LOADEND ISLAVE                                   0
                 8:13:55:37  Start Input for Next Load Case
                 8:13:55:37  case no= 3024 seq. no=  89 idynl= 0
                 8:13:55:38  LOADEND ISLAVE                                   0
                 8:13:55:38  Start Input for Next Load Case
                 8:13:55:39  case no= 3025 seq. no=  90 idynl= 0
                 8:13:55:39  LOADEND ISLAVE                                   0
                 8:13:55:39  Start Input for Next Load Case
                 8:13:55:40  case no= 3026 seq. no=  91 idynl= 0
                 8:13:55:40  LOADEND ISLAVE                                   0
                 8:13:55:41  Start Input for Next Load Case
                 8:13:55:41  case no= 3027 seq. no=  92 idynl= 0
                 8:13:55:41  LOADEND ISLAVE                                   0
                 8:13:55:42  Start Input for Next Load Case
                 8:13:55:42  case no= 3028 seq. no=  93 idynl= 0
                 8:13:55:43  LOADEND ISLAVE                                   0
                 8:13:55:43  Start Input for Next Load Case
                 8:13:55:44  case no= 3201 seq. no=  94 idynl= 0
                 8:13:55:44  LOADEND ISLAVE                                   0
                 8:13:55:45  Start Input for Next Load Case
                 8:13:55:45  case no= 3202 seq. no=  95 idynl= 0
                 8:13:55:45  LOADEND ISLAVE                                   0
                 8:13:55:46  Start Input for Next Load Case
                 8:13:55:46  case no= 3203 seq. no=  96 idynl= 0
                 8:13:55:47  LOADEND ISLAVE                                   0
                 8:13:55:47  Start Input for Next Load Case
                 8:13:55:48  case no= 3204 seq. no=  97 idynl= 0
                 8:13:55:48  LOADEND ISLAVE                                   0
                 8:13:55:49  Start Input for Next Load Case
                 8:13:55:49  case no= 3205 seq. no=  98 idynl= 0
                 8:13:55:49  LOADEND ISLAVE                                   0
                 8:13:55:50  Start Input for Next Load Case
                 8:13:55:50  case no= 3206 seq. no=  99 idynl= 0
                 8:13:55:51  LOADEND ISLAVE                                   0
                 8:13:55:51  Start Input for Next Load Case
                 8:13:55:51  case no= 3207 seq. no= 100 idynl= 0
                 8:13:55:52  LOADEND ISLAVE                                   0
                 8:13:55:52  Start Input for Next Load Case
                 8:13:55:53  case no= 3208 seq. no= 101 idynl= 0
                 8:13:55:53  LOADEND ISLAVE                                   0
                 8:13:55:53  NVPREV                                           0
                 8:13:55:54  AMAXNON                               8.458005E-01
                 8:13:55:54  IRECSIZL=                                     4000
                 8:13:55:55  MTX BLOCKSIZE=                                 444
                 8:13:55:55  MI=                                            222
                 8:13:55:55  NORECL=                                          1
                 8:13:55:56  NORECL1=                                         1
                 8:13:55:56  IWORD=                                       32000
                 8:13:55:57  JRECSIZE=                                     4000
                 8:13:55:57  IWORDJ=                                      32000
                 8:13:55:57  IBYTE=                                           4
                 8:13:55:58  JOINTS=                                         41
                 8:13:55:58  MEMBERS=                                        44
                 8:13:55:59  PLATES =                                         0
                 8:13:55:59  SOLIDS =                                         0
                 8:13:55:60  NO. OF EQUATIONS=                              222
                 8:13:55:60  idyn=                                            0
                 8:13:55:60  ipd=                                             0
                 8:13:55:61  icablanl=                                        0
                 8:13:55:61  ++ Processing Element Stiffness Matrix.
                 8:13:55:62  NV1                                            101
                 8:13:55:73  ++ Calculating Element Forces & Reactions.
                 8:13:56:25  COMBINATION CASES=                               0
                 8:13:56:25  MAX CM MEMORY (KILOWORDS)                       51
                 8:13:56:26  AFTER SOLVER 1
                 8:13:56:27  REOPEN AS SEQ                                    0
                 8:13:56:27  DEFINE ENVELOPE
                 8:13:56:28  LOAD LIST 1101 TO 110
                 8:13:56:29  PARAMETER 1
                 8:13:56:32  CHECK CODE ALL
                 8:13:56:32  ENTERING SECTNM110 IQ=                          44
                 8:13:56:33               NSEC=                              11
                 8:13:56:33             ISECTN=                               0
                 8:13:56:36  SECTNM110 DO 925
                 8:13:56:40  ENTERING ENVLP1 ITYP1=                          -3
                 8:13:56:40  SECT DISPLACE
                 8:13:56:44  Steel/Alum/Timber Design                        52
                 8:13:56:49    ++ Finished Design ...
                 8:13:56:49  Steel/Timber Design exit
                 8:13:56:49  LOAD LIST 2101 TO 210
                 8:13:56:50  PARAMETER 1
                 8:13:56:53  CHECK CODE ALL
                 8:13:56:53  ENTERING ENVLP1 ITYP1=                          -3
                 8:13:56:54  SECT DISPLACE
                 8:13:56:58  Steel/Alum/Timber Design                        52
                 8:13:56:60    ++ Finished Design ...
                 8:13:56:61  Steel/Timber Design exit
                 8:13:56:61  LOAD LIST ENV 4 TO 7
                 8:13:56:62  PARAMETER 1
                 8:13:56:65  CHECK CODE ALL
                 8:13:56:65  ENTERING ENVLP1 ITYP1=                          -3
                 8:13:56:65  SECT DISPLACE
                 8:13:56:69  Steel/Alum/Timber Design                        52
                 8:13:56:76    ++ Finished Design ...
                 8:13:56:76  Steel/Timber Design exit
                 8:13:56:77  PRINT JOINT DISPLACEM
                 8:13:56:78  DRAW ISOM JOIN MEMB
                 8:13:56:78  ENTERING SECTNM110 IQ=                          44
                 8:13:56:79               NSEC=                              11
                 8:13:56:79             ISECTN=                               0
                 8:13:56:82  SECTNM110 DO 925
                 8:13:56:86  PRINT SUPPORT REACTIO
                 8:13:56:86  DRAW ISOM SUPP PROP
                 8:13:56:87  ENTERING SECTNM110 IQ=                          44
                 8:13:56:87               NSEC=                              11
                 8:13:56:88             ISECTN=                               0
                 8:13:56:91  SECTNM110 DO 925
                 8:13:56:95  DRAW ISOM SHAP
                 8:13:56:95  ENTERING SECTNM110 IQ=                          44
                 8:13:56:95               NSEC=                              11
                 8:13:56:96             ISECTN=                               0
                 8:13:56:99  SECTNM110 DO 925
                 8:13:57: 3  PRINT CG
                 8:13:57: 3  FINISH
                 8:13:57: 3  All Commands FINISHed
                 8:13:57: 4  DATASAVE for SPRO GUI
                 8:13:57: 4  ++ Creating Displacement File (DSP)...
                 8:13:57: 6  ++ Creating Reaction File (REA)...
                 8:13:57: 6  ++ Creating Section Force File (BMD)...
                 8:13:57:11  ++ Creating Section Displace File (SEC)...
                 8:13:57:11  ENTERING ENVLP1 ITYP1=                          -5
                 8:13:57:12  SECT DISPLACE
                 8:13:57:18  ++ Creating Section Displace File (SCN)...
                 8:13:57:24  ++ Creating Design information File (DGN)...
                 8:13:57:24  ALLOCATED CM MEMORY (KILOWORDS)             300000
                 8:13:57:25  MAX CM MEMORY (KILOWORDS)                      195
                 8:13:57:25  DBS LONG SEC NAME
* End Of Analysis At Wed Jul 31 08:13:57 2024
* CPU usage = 3.645000
* STAAD Exit Code: 100, Warning Count: 0, Error Count: 0, Duration: 3.645
1 0 0 3.645
****************************************************************************
*                            END OF ANALYSIS                               *
****************************************************************************
