11/04/2024 08:46:30	Reading UID database.
11/04/2024 08:46:30	Start loading STAAD model.
11/04/2024 08:46:30	Reading model file.
11/04/2024 08:46:30	Reading model file is complete.
11/04/2024 08:46:30	Processing support.
11/04/2024 08:46:30	Processing springs.
11/04/2024 08:46:30	Processing properties.
11/04/2024 08:46:30	Processing physical properties.
11/04/2024 08:46:30	Processing constants.
11/04/2024 08:46:30	Processing BETA constants.
11/04/2024 08:46:30	Processing hidden analytical member loads.
11/04/2024 08:46:30	Processing command list for member release.
11/04/2024 08:46:30	Processing command list for member offset.
11/04/2024 08:46:30	Processing command list for member specs (cracked).
11/04/2024 08:46:30	Processing command list for member specs (axial).
11/04/2024 08:46:30	Processing command list for element release.
11/04/2024 08:46:30	Processing command list for element offset.
11/04/2024 08:46:30	Processing command list for element plate stress directive.
11/04/2024 08:46:30	Processing parameter for Chinese wind load case.
11/04/2024 08:46:30	End Processing command list.
11/04/2024 08:46:31	End loading STAAD model.
11/04/2024 08:46:31	Start Post Analysis method
11/04/2024 08:46:31	Removed all hidden plates from surfaces
11/04/2024 08:46:31	Removed all hidden plates
11/04/2024 08:46:31	Removed all hidden nodes
11/04/2024 08:46:31	Loading results from MSH file...
11/04/2024 08:46:31	Building result indices...
11/04/2024 08:46:31	Loading plate stress results...
11/04/2024 08:46:31	Set analysis report setup data
11/04/2024 08:46:31	Starting page setup...
11/04/2024 08:46:31	Page setup completed
11/04/2024 08:46:31	Setting available workflows...
11/04/2024 08:46:31	Post analysis method ends
11/04/2024 08:46:59	Start Post Analysis method
11/04/2024 08:46:59	Removed all hidden plates from surfaces
11/04/2024 08:46:59	Removed all hidden plates
11/04/2024 08:46:59	Removed all hidden nodes
11/04/2024 08:46:59	Loading results from MSH file...
11/04/2024 08:46:59	Building result indices...
11/04/2024 08:46:59	Loading plate stress results...
11/04/2024 08:46:59	Set analysis report setup data
11/04/2024 08:46:59	Starting page setup...
11/04/2024 08:46:59	Page setup completed
11/04/2024 08:46:59	Setting available workflows...
11/04/2024 08:46:59	Post analysis method ends
