07/11/2024 12:41:27	Reading UID database.
07/11/2024 12:41:27	Start loading STAAD model.
07/11/2024 12:41:27	Reading model file.
07/11/2024 12:41:27	Reading model file is complete.
07/11/2024 12:41:27	Processing support.
07/11/2024 12:41:27	Processing springs.
07/11/2024 12:41:27	Processing properties.
07/11/2024 12:41:27	Processing physical properties.
07/11/2024 12:41:27	Processing constants.
07/11/2024 12:41:27	Processing BETA constants.
07/11/2024 12:41:27	Processing hidden analytical member loads.
07/11/2024 12:41:27	Processing command list for member release.
07/11/2024 12:41:27	Processing command list for member offset.
07/11/2024 12:41:27	Processing command list for member specs (cracked).
07/11/2024 12:41:27	Processing command list for member specs (axial).
07/11/2024 12:41:27	Processing command list for element release.
07/11/2024 12:41:27	Processing command list for element offset.
07/11/2024 12:41:27	Processing command list for element plate stress directive.
07/11/2024 12:41:27	Processing parameter for Chinese wind load case.
07/11/2024 12:41:27	End Processing command list.
07/11/2024 12:41:27	End loading STAAD model.
07/11/2024 12:41:27	Start Post Analysis method
07/11/2024 12:41:27	Removed all hidden plates from surfaces
07/11/2024 12:41:27	Removed all hidden plates
07/11/2024 12:41:27	Removed all hidden nodes
07/11/2024 12:41:27	Loading results from MSH file...
07/11/2024 12:41:27	Building result indices...
07/11/2024 12:41:27	Loading plate stress results...
07/11/2024 12:41:27	Set analysis report setup data
07/11/2024 12:41:27	Starting page setup...
07/11/2024 12:41:27	Page setup completed
07/11/2024 12:41:27	Setting available workflows...
07/11/2024 12:41:27	Post analysis method ends
07/11/2024 12:41:38	Start Post Analysis method
07/11/2024 12:41:38	Removed all hidden plates from surfaces
07/11/2024 12:41:38	Removed all hidden plates
07/11/2024 12:41:38	Removed all hidden nodes
07/11/2024 12:41:38	Loading results from MSH file...
07/11/2024 12:41:38	Building result indices...
07/11/2024 12:41:38	Loading plate stress results...
07/11/2024 12:41:38	Set analysis report setup data
07/11/2024 12:41:38	Starting page setup...
07/11/2024 12:41:38	Page setup completed
07/11/2024 12:41:38	Setting available workflows...
07/11/2024 12:41:38	Post analysis method ends
