10:28:07	Initializing STAAD Engine
10:28:07	Run stream set up is complete.
10:28:07	Initialize license libraries.
10:28:08	License libraries initialized.
10:28:08	Starting license(s) for A & D engine.
10:28:09	License Status: Ok
10:28:09	License information set up is complete.
****************************************************************************
*                            START OF ANALYSIS                             *
****************************************************************************
* Initiating Analysis At Thu Sep 19 10:28:09 2024
                          PROGRAM: STAAD.Pro
                          VERSION: 23.00.01.25
                10:28: 9:17  ENTERING STAAD
                10:28: 9:20  USING 64 BIT STAAD ENGINE
                10:28: 9:20  ENTERING MAINN
                10:28: 9:20  START JOB INFORMATION
                10:28: 9:21  INPUT WIDTH 79
                10:28: 9:21  UNIT MMS KN
                10:28: 9:22  JOINT COORDINATES
                10:28: 9:22  ENTERING JOINTC
                10:28: 9:23  JOINTC NEWJ                                 400000
                10:28: 9:23  MAX NODE NO.                                    40
                10:28: 9:24  MEMBER INCIDENCES
                10:28: 9:24  UNIT METER KN
                10:28: 9:25  DEFINE MATERIAL START
                10:28: 9:25  UNIT MMS KN
                10:28: 9:26  MEMBER PROPERTY EUROP
                10:28: 9:75    ++ Finished Reading Member Properties ...
                10:28: 9:75  CONSTANTS
                10:28: 9:75  SUPPORTS
                10:28: 9:76  ENTERING SUPPORT
                10:28: 9:77  MEMBER OFFSET
                10:28: 9:77  DEFINE WIND LOAD
                10:28: 9:78  LOAD 121 LOADTYPE DEA
                10:28: 9:78  DUPLICATE ELEMENT CHECK
                10:28: 9:79  CHECKING STRUCTURAL INTEGRITY
                10:28: 9:80  CHECK UNCONNECTED JOINTS AND
                10:28: 9:80  CALCULATE MAX JOINT CONNECTIVITY
                10:28: 9:81  CHECK MULTIPLE STRUCTURES
                10:28: 9:81  ENTERING SUPPORT
                10:28: 9:81  NRJOLD                                           0
                10:28: 9:82  SUPPORT NOLD                                     0
                10:28: 9:82  SUPPORT N                                      198
                10:28: 9:83  BEFORE LOADPR
                10:28: 9:83  REOPEN AS DIR                                    0
                10:28: 9:84  ENTER LOADPR
                10:28:10: 2  PERFORM ANALYSIS PRIN
                10:28:10: 2  pdel iter                                        0
                10:28:10: 3  MAXIMUM E =                           2.973273E+04
                10:28:10: 3  MINIMUM E =                           2.973273E+04
                10:28:10: 4  MBW DOF BAND=                                    1
                10:28:10: 4  NUMBER OF PRIMARY CASES                        101
                10:28:10: 5  NUMBER OF CASES                                252
                10:28:10: 5  #OF CASES W/ELEM INMEMORY                      252
                10:28:10: 6  MEMORY FOR MEMBER LOADS                     133056
                10:28:10: 6  MEMORY FOR DISPLACEMENTS                     60480
                10:28:10: 7  MEMORY FOR REACTIONS                         10584
                10:28:10: 8  MEMORY FOR MEMBER FORCES                    133056
                10:28:10: 8  Using 64-bit analysis engine
                10:28:10: 9  BEFORE SOLVER 1
                10:28:10: 9  Start Input for Next Load Case
                10:28:10:10  case no=  121 seq. no=   1 idynl= 0
                10:28:10:10  MASSSET                                          0
                10:28:10:11  LOADEND ISLAVE                                   0
                10:28:10:11  Start Input for Next Load Case
                10:28:10:12  case no=  201 seq. no=   2 idynl= 0
                10:28:10:12  LOADEND ISLAVE                                   0
                10:28:10:13  Start Input for Next Load Case
                10:28:10:13  case no=  202 seq. no=   3 idynl= 0
                10:28:10:14  LOADEND ISLAVE                                   0
                10:28:10:14  Start Input for Next Load Case
                10:28:10:15  case no=  203 seq. no=   4 idynl= 0
                10:28:10:15  LOADEND ISLAVE                                   0
                10:28:10:16  Start Input for Next Load Case
                10:28:10:16  case no=  204 seq. no=   5 idynl= 0
                10:28:10:16  LOADEND ISLAVE                                   0
                10:28:10:17  Start Input for Next Load Case
                10:28:10:17  case no=  205 seq. no=   6 idynl= 0
                10:28:10:18  LOADEND ISLAVE                                   0
                10:28:10:18  Start Input for Next Load Case
                10:28:10:19  case no=  206 seq. no=   7 idynl= 0
                10:28:10:19  LOADEND ISLAVE                                   0
                10:28:10:20  Start Input for Next Load Case
                10:28:10:20  case no=  207 seq. no=   8 idynl= 0
                10:28:10:20  LOADEND ISLAVE                                   0
                10:28:10:21  Start Input for Next Load Case
                10:28:10:22  case no=  208 seq. no=   9 idynl= 0
                10:28:10:22  LOADEND ISLAVE                                   0
                10:28:10:23  Start Input for Next Load Case
                10:28:10:23  case no=  312 seq. no=  10 idynl= 0
                10:28:10:23  LOADEND ISLAVE                                   0
                10:28:10:24  Start Input for Next Load Case
                10:28:10:25  case no=  313 seq. no=  11 idynl= 0
                10:28:10:25  LOADEND ISLAVE                                   0
                10:28:10:25  Start Input for Next Load Case
                10:28:10:26  case no=  314 seq. no=  12 idynl= 0
                10:28:10:26  LOADEND ISLAVE                                   0
                10:28:10:27  Start Input for Next Load Case
                10:28:10:27  case no=  315 seq. no=  13 idynl= 0
                10:28:10:28  LOADEND ISLAVE                                   0
                10:28:10:28  Start Input for Next Load Case
                10:28:10:29  case no=  322 seq. no=  14 idynl= 0
                10:28:10:30  LOADEND ISLAVE                                   0
                10:28:10:30  Start Input for Next Load Case
                10:28:10:31  case no=  323 seq. no=  15 idynl= 0
                10:28:10:31  LOADEND ISLAVE                                   0
                10:28:10:31  Start Input for Next Load Case
                10:28:10:32  case no=  324 seq. no=  16 idynl= 0
                10:28:10:32  LOADEND ISLAVE                                   0
                10:28:10:33  Start Input for Next Load Case
                10:28:10:33  case no=  325 seq. no=  17 idynl= 0
                10:28:10:34  LOADEND ISLAVE                                   0
                10:28:10:34  Start Input for Next Load Case
                10:28:10:35  case no=  332 seq. no=  18 idynl= 0
                10:28:10:35  LOADEND ISLAVE                                   0
                10:28:10:35  Start Input for Next Load Case
                10:28:10:36  case no=  333 seq. no=  19 idynl= 0
                10:28:10:36  LOADEND ISLAVE                                   0
                10:28:10:37  Start Input for Next Load Case
                10:28:10:37  case no=  334 seq. no=  20 idynl= 0
                10:28:10:38  LOADEND ISLAVE                                   0
                10:28:10:38  Start Input for Next Load Case
                10:28:10:39  case no=  335 seq. no=  21 idynl= 0
                10:28:10:39  LOADEND ISLAVE                                   0
                10:28:10:39  Start Input for Next Load Case
                10:28:10:40  case no=  411 seq. no=  22 idynl= 0
                10:28:10:40  LOADEND ISLAVE                                   0
                10:28:10:41  Start Input for Next Load Case
                10:28:10:42  case no=  412 seq. no=  23 idynl= 0
                10:28:10:42  LOADEND ISLAVE                                   0
                10:28:10:43  Start Input for Next Load Case
                10:28:10:43  case no=  413 seq. no=  24 idynl= 0
                10:28:10:43  LOADEND ISLAVE                                   0
                10:28:10:44  Start Input for Next Load Case
                10:28:10:44  case no=  414 seq. no=  25 idynl= 0
                10:28:10:45  LOADEND ISLAVE                                   0
                10:28:10:45  Start Input for Next Load Case
                10:28:10:46  case no=  415 seq. no=  26 idynl= 0
                10:28:10:46  LOADEND ISLAVE                                   0
                10:28:10:46  Start Input for Next Load Case
                10:28:10:47  case no=  416 seq. no=  27 idynl= 0
                10:28:10:47  LOADEND ISLAVE                                   0
                10:28:10:48  Start Input for Next Load Case
                10:28:10:48  case no=  417 seq. no=  28 idynl= 0
                10:28:10:49  LOADEND ISLAVE                                   0
                10:28:10:49  Start Input for Next Load Case
                10:28:10:50  case no=  418 seq. no=  29 idynl= 0
                10:28:10:50  LOADEND ISLAVE                                   0
                10:28:10:51  Start Input for Next Load Case
                10:28:10:51  case no=  421 seq. no=  30 idynl= 0
                10:28:10:52  LOADEND ISLAVE                                   0
                10:28:10:52  Start Input for Next Load Case
                10:28:10:53  case no=  422 seq. no=  31 idynl= 0
                10:28:10:53  LOADEND ISLAVE                                   0
                10:28:10:54  Start Input for Next Load Case
                10:28:10:54  case no=  423 seq. no=  32 idynl= 0
                10:28:10:55  LOADEND ISLAVE                                   0
                10:28:10:55  Start Input for Next Load Case
                10:28:10:56  case no=  424 seq. no=  33 idynl= 0
                10:28:10:56  LOADEND ISLAVE                                   0
                10:28:10:57  Start Input for Next Load Case
                10:28:10:57  case no=  425 seq. no=  34 idynl= 0
                10:28:10:58  LOADEND ISLAVE                                   0
                10:28:10:58  Start Input for Next Load Case
                10:28:10:59  case no=  426 seq. no=  35 idynl= 0
                10:28:10:59  LOADEND ISLAVE                                   0
                10:28:10:59  Start Input for Next Load Case
                10:28:10:60  case no=  427 seq. no=  36 idynl= 0
                10:28:10:60  LOADEND ISLAVE                                   0
                10:28:10:61  Start Input for Next Load Case
                10:28:10:61  case no=  428 seq. no=  37 idynl= 0
                10:28:10:62  LOADEND ISLAVE                                   0
                10:28:10:62  Start Input for Next Load Case
                10:28:10:63  case no=  711 seq. no=  38 idynl= 0
                10:28:10:63  LOADEND ISLAVE                                   0
                10:28:10:64  Start Input for Next Load Case
                10:28:10:64  case no=  712 seq. no=  39 idynl= 0
                10:28:10:65  LOADEND ISLAVE                                   0
                10:28:10:65  Start Input for Next Load Case
                10:28:10:66  case no=  713 seq. no=  40 idynl= 0
                10:28:10:66  LOADEND ISLAVE                                   0
                10:28:10:67  Start Input for Next Load Case
                10:28:10:67  case no=  714 seq. no=  41 idynl= 0
                10:28:10:68  LOADEND ISLAVE                                   0
                10:28:10:68  Start Input for Next Load Case
                10:28:10:68  case no=  715 seq. no=  42 idynl= 0
                10:28:10:69  LOADEND ISLAVE                                   0
                10:28:10:69  Start Input for Next Load Case
                10:28:10:70  case no=  716 seq. no=  43 idynl= 0
                10:28:10:70  LOADEND ISLAVE                                   0
                10:28:10:71  Start Input for Next Load Case
                10:28:10:71  case no=  717 seq. no=  44 idynl= 0
                10:28:10:72  LOADEND ISLAVE                                   0
                10:28:10:72  Start Input for Next Load Case
                10:28:10:72  case no=  718 seq. no=  45 idynl= 0
                10:28:10:73  LOADEND ISLAVE                                   0
                10:28:10:73  Start Input for Next Load Case
                10:28:10:74  case no= 1101 seq. no=  46 idynl= 0
                10:28:10:74  LOADEND ISLAVE                                   0
                10:28:10:75  Start Input for Next Load Case
                10:28:10:75  case no= 1102 seq. no=  47 idynl= 0
                10:28:10:76  LOADEND ISLAVE                                   0
                10:28:10:76  Start Input for Next Load Case
                10:28:10:77  case no= 1103 seq. no=  48 idynl= 0
                10:28:10:77  LOADEND ISLAVE                                   0
                10:28:10:78  Start Input for Next Load Case
                10:28:10:79  case no= 1104 seq. no=  49 idynl= 0
                10:28:10:79  LOADEND ISLAVE                                   0
                10:28:10:80  Start Input for Next Load Case
                10:28:10:80  case no= 1105 seq. no=  50 idynl= 0
                10:28:10:81  LOADEND ISLAVE                                   0
                10:28:10:81  Start Input for Next Load Case
                10:28:10:82  case no= 1106 seq. no=  51 idynl= 0
                10:28:10:82  LOADEND ISLAVE                                   0
                10:28:10:82  Start Input for Next Load Case
                10:28:10:83  case no= 1107 seq. no=  52 idynl= 0
                10:28:10:83  LOADEND ISLAVE                                   0
                10:28:10:84  Start Input for Next Load Case
                10:28:10:84  case no= 1108 seq. no=  53 idynl= 0
                10:28:10:85  LOADEND ISLAVE                                   0
                10:28:10:85  Start Input for Next Load Case
                10:28:10:86  case no= 1201 seq. no=  54 idynl= 0
                10:28:10:86  LOADEND ISLAVE                                   0
                10:28:10:87  Start Input for Next Load Case
                10:28:10:87  case no= 1202 seq. no=  55 idynl= 0
                10:28:10:87  LOADEND ISLAVE                                   0
                10:28:10:88  Start Input for Next Load Case
                10:28:10:88  case no= 1203 seq. no=  56 idynl= 0
                10:28:10:89  LOADEND ISLAVE                                   0
                10:28:10:89  Start Input for Next Load Case
                10:28:10:90  case no= 1204 seq. no=  57 idynl= 0
                10:28:10:90  LOADEND ISLAVE                                   0
                10:28:10:91  Start Input for Next Load Case
                10:28:10:91  case no= 1205 seq. no=  58 idynl= 0
                10:28:10:92  LOADEND ISLAVE                                   0
                10:28:10:92  Start Input for Next Load Case
                10:28:10:92  case no= 1206 seq. no=  59 idynl= 0
                10:28:10:93  LOADEND ISLAVE                                   0
                10:28:10:93  Start Input for Next Load Case
                10:28:10:94  case no= 1207 seq. no=  60 idynl= 0
                10:28:10:94  LOADEND ISLAVE                                   0
                10:28:10:95  Start Input for Next Load Case
                10:28:10:95  case no= 1208 seq. no=  61 idynl= 0
                10:28:10:96  LOADEND ISLAVE                                   0
                10:28:10:96  Start Input for Next Load Case
                10:28:10:97  case no= 2101 seq. no=  62 idynl= 0
                10:28:10:97  LOADEND ISLAVE                                   0
                10:28:10:97  Start Input for Next Load Case
                10:28:10:98  case no= 2102 seq. no=  63 idynl= 0
                10:28:10:98  LOADEND ISLAVE                                   0
                10:28:10:99  Start Input for Next Load Case
                10:28:10:99  case no= 2103 seq. no=  64 idynl= 0
                10:28:11: 0  LOADEND ISLAVE                                   0
                10:28:11: 0  Start Input for Next Load Case
                10:28:11: 1  case no= 2104 seq. no=  65 idynl= 0
                10:28:11: 1  LOADEND ISLAVE                                   0
                10:28:11: 1  Start Input for Next Load Case
                10:28:11: 2  case no= 2105 seq. no=  66 idynl= 0
                10:28:11: 2  LOADEND ISLAVE                                   0
                10:28:11: 3  Start Input for Next Load Case
                10:28:11: 4  case no= 2106 seq. no=  67 idynl= 0
                10:28:11: 4  LOADEND ISLAVE                                   0
                10:28:11: 5  Start Input for Next Load Case
                10:28:11: 5  case no= 2107 seq. no=  68 idynl= 0
                10:28:11: 6  LOADEND ISLAVE                                   0
                10:28:11: 6  Start Input for Next Load Case
                10:28:11: 7  case no= 2108 seq. no=  69 idynl= 0
                10:28:11: 7  LOADEND ISLAVE                                   0
                10:28:11: 8  Start Input for Next Load Case
                10:28:11: 8  case no= 3001 seq. no=  70 idynl= 0
                10:28:11: 8  LOADEND ISLAVE                                   0
                10:28:11: 9  Start Input for Next Load Case
                10:28:11: 9  case no= 3002 seq. no=  71 idynl= 0
                10:28:11:10  LOADEND ISLAVE                                   0
                10:28:11:10  Start Input for Next Load Case
                10:28:11:11  case no= 3003 seq. no=  72 idynl= 0
                10:28:11:11  LOADEND ISLAVE                                   0
                10:28:11:12  Start Input for Next Load Case
                10:28:11:13  case no= 3004 seq. no=  73 idynl= 0
                10:28:11:13  LOADEND ISLAVE                                   0
                10:28:11:14  Start Input for Next Load Case
                10:28:11:14  case no= 3005 seq. no=  74 idynl= 0
                10:28:11:15  LOADEND ISLAVE                                   0
                10:28:11:15  Start Input for Next Load Case
                10:28:11:16  case no= 3006 seq. no=  75 idynl= 0
                10:28:11:16  LOADEND ISLAVE                                   0
                10:28:11:16  Start Input for Next Load Case
                10:28:11:17  case no= 3007 seq. no=  76 idynl= 0
                10:28:11:17  LOADEND ISLAVE                                   0
                10:28:11:18  Start Input for Next Load Case
                10:28:11:19  case no= 3008 seq. no=  77 idynl= 0
                10:28:11:19  LOADEND ISLAVE                                   0
                10:28:11:19  Start Input for Next Load Case
                10:28:11:20  case no= 3011 seq. no=  78 idynl= 0
                10:28:11:20  LOADEND ISLAVE                                   0
                10:28:11:21  Start Input for Next Load Case
                10:28:11:21  case no= 3012 seq. no=  79 idynl= 0
                10:28:11:22  LOADEND ISLAVE                                   0
                10:28:11:22  Start Input for Next Load Case
                10:28:11:23  case no= 3013 seq. no=  80 idynl= 0
                10:28:11:23  LOADEND ISLAVE                                   0
                10:28:11:24  Start Input for Next Load Case
                10:28:11:24  case no= 3014 seq. no=  81 idynl= 0
                10:28:11:25  LOADEND ISLAVE                                   0
                10:28:11:25  Start Input for Next Load Case
                10:28:11:26  case no= 3015 seq. no=  82 idynl= 0
                10:28:11:26  LOADEND ISLAVE                                   0
                10:28:11:27  Start Input for Next Load Case
                10:28:11:27  case no= 3016 seq. no=  83 idynl= 0
                10:28:11:28  LOADEND ISLAVE                                   0
                10:28:11:28  Start Input for Next Load Case
                10:28:11:29  case no= 3017 seq. no=  84 idynl= 0
                10:28:11:30  LOADEND ISLAVE                                   0
                10:28:11:30  Start Input for Next Load Case
                10:28:11:30  case no= 3018 seq. no=  85 idynl= 0
                10:28:11:31  LOADEND ISLAVE                                   0
                10:28:11:31  Start Input for Next Load Case
                10:28:11:32  case no= 3021 seq. no=  86 idynl= 0
                10:28:11:32  LOADEND ISLAVE                                   0
                10:28:11:33  Start Input for Next Load Case
                10:28:11:33  case no= 3022 seq. no=  87 idynl= 0
                10:28:11:34  LOADEND ISLAVE                                   0
                10:28:11:34  Start Input for Next Load Case
                10:28:11:34  case no= 3023 seq. no=  88 idynl= 0
                10:28:11:35  LOADEND ISLAVE                                   0
                10:28:11:35  Start Input for Next Load Case
                10:28:11:36  case no= 3024 seq. no=  89 idynl= 0
                10:28:11:36  LOADEND ISLAVE                                   0
                10:28:11:37  Start Input for Next Load Case
                10:28:11:37  case no= 3025 seq. no=  90 idynl= 0
                10:28:11:38  LOADEND ISLAVE                                   0
                10:28:11:38  Start Input for Next Load Case
                10:28:11:38  case no= 3026 seq. no=  91 idynl= 0
                10:28:11:39  LOADEND ISLAVE                                   0
                10:28:11:39  Start Input for Next Load Case
                10:28:11:40  case no= 3027 seq. no=  92 idynl= 0
                10:28:11:40  LOADEND ISLAVE                                   0
                10:28:11:41  Start Input for Next Load Case
                10:28:11:41  case no= 3028 seq. no=  93 idynl= 0
                10:28:11:42  LOADEND ISLAVE                                   0
                10:28:11:42  Start Input for Next Load Case
                10:28:11:43  case no= 3201 seq. no=  94 idynl= 0
                10:28:11:43  LOADEND ISLAVE                                   0
                10:28:11:43  Start Input for Next Load Case
                10:28:11:44  case no= 3202 seq. no=  95 idynl= 0
                10:28:11:44  LOADEND ISLAVE                                   0
                10:28:11:45  Start Input for Next Load Case
                10:28:11:45  case no= 3203 seq. no=  96 idynl= 0
                10:28:11:46  LOADEND ISLAVE                                   0
                10:28:11:46  Start Input for Next Load Case
                10:28:11:47  case no= 3204 seq. no=  97 idynl= 0
                10:28:11:47  LOADEND ISLAVE                                   0
                10:28:11:47  Start Input for Next Load Case
                10:28:11:48  case no= 3205 seq. no=  98 idynl= 0
                10:28:11:48  LOADEND ISLAVE                                   0
                10:28:11:49  Start Input for Next Load Case
                10:28:11:50  case no= 3206 seq. no=  99 idynl= 0
                10:28:11:50  LOADEND ISLAVE                                   0
                10:28:11:51  Start Input for Next Load Case
                10:28:11:51  case no= 3207 seq. no= 100 idynl= 0
                10:28:11:51  LOADEND ISLAVE                                   0
                10:28:11:52  Start Input for Next Load Case
                10:28:11:52  case no= 3208 seq. no= 101 idynl= 0
                10:28:11:53  LOADEND ISLAVE                                   0
                10:28:11:54  NVPREV                                           0
                10:28:11:54  AMAXNON                               1.216535E+00
                10:28:11:55  IRECSIZL=                                     4000
                10:28:11:55  MTX BLOCKSIZE=                                 198
                10:28:11:55  MI=                                            198
                10:28:11:56  NORECL=                                          1
                10:28:11:56  NORECL1=                                         1
                10:28:11:57  IWORD=                                       32000
                10:28:11:57  JRECSIZE=                                     4000
                10:28:11:58  IWORDJ=                                      32000
                10:28:11:58  IBYTE=                                           4
                10:28:11:59  JOINTS=                                         40
                10:28:11:59  MEMBERS=                                        44
                10:28:11:59  PLATES =                                         0
                10:28:11:60  SOLIDS =                                         0
                10:28:11:60  NO. OF EQUATIONS=                              198
                10:28:11:61  idyn=                                            0
                10:28:11:61  ipd=                                             0
                10:28:11:62  icablanl=                                        0
                10:28:11:62  ++ Processing Element Stiffness Matrix.
                10:28:11:63  NV1                                            101
                10:28:11:74  ++ Calculating Element Forces & Reactions.
                10:28:12:30  COMBINATION CASES=                               0
                10:28:12:30  MAX CM MEMORY (KILOWORDS)                       51
                10:28:12:31  AFTER SOLVER 1
                10:28:12:32  REOPEN AS SEQ                                    0
                10:28:12:32  DEFINE ENVELOPE
                10:28:12:34  LOAD LIST 1101 TO 110
                10:28:12:34  PARAMETER 1
                10:28:12:35  CHECK CODE MEMB 201 T
                10:28:12:35  ENTERING SECTNM110 IQ=                          44
                10:28:12:35               NSEC=                              11
                10:28:12:36             ISECTN=                               0
                10:28:12:39  SECTNM110 DO 925
                10:28:12:43  ENTERING ENVLP1 ITYP1=                          -3
                10:28:12:43  SECT DISPLACE
                10:28:12:47  Steel/Alum/Timber Design                        52
                10:28:12:54    ++ Finished Design ...
                10:28:12:54  Steel/Timber Design exit
                10:28:12:54  LOAD LIST 2101 TO 210
                10:28:12:55  PARAMETER 1
                10:28:12:56  CHECK CODE MEMB 201 T
                10:28:12:56  ENTERING ENVLP1 ITYP1=                          -3
                10:28:12:56  SECT DISPLACE
                10:28:12:61  Steel/Alum/Timber Design                        52
                10:28:12:62    ++ Finished Design ...
                10:28:12:62  Steel/Timber Design exit
                10:28:12:63  LOAD LIST ENV 4 TO 7
                10:28:12:64  PARAMETER 1
                10:28:12:64  CHECK CODE MEMB 201 T
                10:28:12:65  ENTERING ENVLP1 ITYP1=                          -3
                10:28:12:65  SECT DISPLACE
                10:28:12:69  Steel/Alum/Timber Design                        52
                10:28:12:73    ++ Finished Design ...
                10:28:12:73  Steel/Timber Design exit
                10:28:12:74  PRINT JOINT DISPLACEM
                10:28:12:75  DRAW ISOM JOIN MEMB
                10:28:12:75  ENTERING SECTNM110 IQ=                          44
                10:28:12:75               NSEC=                              11
                10:28:12:76             ISECTN=                               0
                10:28:12:80  SECTNM110 DO 925
                10:28:12:83  PRINT SUPPORT REACTIO
                10:28:12:83  DRAW ISOM SUPP PROP
                10:28:12:84  ENTERING SECTNM110 IQ=                          44
                10:28:12:85               NSEC=                              11
                10:28:12:85             ISECTN=                               0
                10:28:12:89  SECTNM110 DO 925
                10:28:12:92  DRAW ISOM SHAP
                10:28:12:93  ENTERING SECTNM110 IQ=                          44
                10:28:12:93               NSEC=                              11
                10:28:12:94             ISECTN=                               0
                10:28:12:97  SECTNM110 DO 925
                10:28:13: 1  PRINT CG
                10:28:13: 1  FINISH
                10:28:13: 2  All Commands FINISHed
                10:28:13: 2  DATASAVE for SPRO GUI
                10:28:13: 3  ++ Creating Displacement File (DSP)...
                10:28:13: 5  ++ Creating Reaction File (REA)...
                10:28:13: 5  ++ Creating Section Force File (BMD)...
                10:28:13:10  ++ Creating Section Displace File (SEC)...
                10:28:13:10  ENTERING ENVLP1 ITYP1=                          -5
                10:28:13:11  SECT DISPLACE
                10:28:13:18  ++ Creating Section Displace File (SCN)...
                10:28:13:22  ++ Creating Design information File (DGN)...
                10:28:13:23  ALLOCATED CM MEMORY (KILOWORDS)             300000
                10:28:13:23  MAX CM MEMORY (KILOWORDS)                      195
                10:28:13:24  DBS LONG SEC NAME
* End Of Analysis At Thu Sep 19 10:28:13 2024
* CPU usage = 4.138000
* STAAD Exit Code: 100, Warning Count: 57, Error Count: 0, Duration: 4.138
1 57 0 4.138
****************************************************************************
*                            END OF ANALYSIS                               *
****************************************************************************
