08/08/2024 15:25:41	Reading UID database.
08/08/2024 15:25:41	Start loading STAAD model.
08/08/2024 15:25:42	Reading model file.
08/08/2024 15:25:42	Reading model file is complete.
08/08/2024 15:25:42	Processing support.
08/08/2024 15:25:42	Processing springs.
08/08/2024 15:25:42	Processing properties.
08/08/2024 15:25:42	Processing physical properties.
08/08/2024 15:25:42	Processing constants.
08/08/2024 15:25:42	Processing BETA constants.
08/08/2024 15:25:42	Processing hidden analytical member loads.
08/08/2024 15:25:42	Processing command list for member release.
08/08/2024 15:25:42	Processing command list for member offset.
08/08/2024 15:25:42	Processing command list for member specs (cracked).
08/08/2024 15:25:42	Processing command list for member specs (axial).
08/08/2024 15:25:42	Processing command list for element release.
08/08/2024 15:25:42	Processing command list for element offset.
08/08/2024 15:25:42	Processing command list for element plate stress directive.
08/08/2024 15:25:42	Processing parameter for Chinese wind load case.
08/08/2024 15:25:42	End Processing command list.
08/08/2024 15:25:42	End loading STAAD model.
08/08/2024 15:25:42	Start Post Analysis method
08/08/2024 15:25:42	Removed all hidden plates from surfaces
08/08/2024 15:25:42	Removed all hidden plates
08/08/2024 15:25:42	Removed all hidden nodes
08/08/2024 15:25:42	Loading results from MSH file...
08/08/2024 15:25:42	Building result indices...
08/08/2024 15:25:42	Loading plate stress results...
08/08/2024 15:25:42	Set analysis report setup data
08/08/2024 15:25:42	Starting page setup...
08/08/2024 15:25:42	Page setup completed
08/08/2024 15:25:42	Setting available workflows...
08/08/2024 15:25:42	Post analysis method ends
08/08/2024 15:27:30	Start Post Analysis method
08/08/2024 15:27:30	Removed all hidden plates from surfaces
08/08/2024 15:27:30	Removed all hidden plates
08/08/2024 15:27:30	Removed all hidden nodes
08/08/2024 15:27:30	Loading results from MSH file...
08/08/2024 15:27:30	Building result indices...
08/08/2024 15:27:30	Loading plate stress results...
08/08/2024 15:27:30	Set analysis report setup data
08/08/2024 15:27:30	Starting page setup...
08/08/2024 15:27:30	Page setup completed
08/08/2024 15:27:30	Setting available workflows...
08/08/2024 15:27:30	Post analysis method ends
08/08/2024 15:29:55	Reading UID database.
08/08/2024 15:29:55	Start loading STAAD model.
08/08/2024 15:29:55	Reading model file.
08/08/2024 15:29:56	Reading model file is complete.
08/08/2024 15:29:56	Processing support.
08/08/2024 15:29:56	Processing springs.
08/08/2024 15:29:56	Processing properties.
08/08/2024 15:29:56	Processing physical properties.
08/08/2024 15:29:56	Processing constants.
08/08/2024 15:29:56	Processing BETA constants.
08/08/2024 15:29:56	Processing hidden analytical member loads.
08/08/2024 15:29:56	Processing command list for member release.
08/08/2024 15:29:56	Processing command list for member offset.
08/08/2024 15:29:56	Processing command list for member specs (cracked).
08/08/2024 15:29:56	Processing command list for member specs (axial).
08/08/2024 15:29:56	Processing command list for element release.
08/08/2024 15:29:56	Processing command list for element offset.
08/08/2024 15:29:56	Processing command list for element plate stress directive.
08/08/2024 15:29:56	Processing parameter for Chinese wind load case.
08/08/2024 15:29:56	End Processing command list.
08/08/2024 15:29:56	End loading STAAD model.
08/08/2024 15:29:56	Start Post Analysis method
08/08/2024 15:29:56	Removed all hidden plates from surfaces
08/08/2024 15:29:56	Removed all hidden plates
08/08/2024 15:29:56	Removed all hidden nodes
08/08/2024 15:29:56	Loading results from MSH file...
08/08/2024 15:29:56	Building result indices...
08/08/2024 15:29:56	Loading plate stress results...
08/08/2024 15:29:56	Set analysis report setup data
08/08/2024 15:29:56	Starting page setup...
08/08/2024 15:29:56	Page setup completed
08/08/2024 15:29:56	Setting available workflows...
08/08/2024 15:29:56	Post analysis method ends
08/08/2024 15:31:26	Start Post Analysis method
08/08/2024 15:31:26	Removed all hidden plates from surfaces
08/08/2024 15:31:26	Removed all hidden plates
08/08/2024 15:31:26	Removed all hidden nodes
08/08/2024 15:31:26	Loading results from MSH file...
08/08/2024 15:31:26	Building result indices...
08/08/2024 15:31:26	Loading plate stress results...
08/08/2024 15:31:26	Set analysis report setup data
08/08/2024 15:31:26	Starting page setup...
08/08/2024 15:31:26	Page setup completed
08/08/2024 15:31:26	Setting available workflows...
08/08/2024 15:31:26	Post analysis method ends
08/08/2024 16:01:15	Reading UID database.
08/08/2024 16:01:15	Start loading STAAD model.
08/08/2024 16:01:15	Reading model file.
08/08/2024 16:01:16	Reading model file is complete.
08/08/2024 16:01:16	Processing support.
08/08/2024 16:01:16	Processing springs.
08/08/2024 16:01:16	Processing properties.
08/08/2024 16:01:16	Processing physical properties.
08/08/2024 16:01:16	Processing constants.
08/08/2024 16:01:16	Processing BETA constants.
08/08/2024 16:01:16	Processing hidden analytical member loads.
08/08/2024 16:01:16	Processing command list for member release.
08/08/2024 16:01:16	Processing command list for member offset.
08/08/2024 16:01:16	Processing command list for member specs (cracked).
08/08/2024 16:01:16	Processing command list for member specs (axial).
08/08/2024 16:01:16	Processing command list for element release.
08/08/2024 16:01:16	Processing command list for element offset.
08/08/2024 16:01:16	Processing command list for element plate stress directive.
08/08/2024 16:01:16	Processing parameter for Chinese wind load case.
08/08/2024 16:01:16	End Processing command list.
08/08/2024 16:01:16	End loading STAAD model.
08/08/2024 16:01:16	Start Post Analysis method
08/08/2024 16:01:16	Removed all hidden plates from surfaces
08/08/2024 16:01:16	Removed all hidden plates
08/08/2024 16:01:16	Removed all hidden nodes
08/08/2024 16:01:16	Loading results from MSH file...
08/08/2024 16:01:16	Building result indices...
08/08/2024 16:01:16	Loading plate stress results...
08/08/2024 16:01:16	Set analysis report setup data
08/08/2024 16:01:16	Starting page setup...
08/08/2024 16:01:16	Page setup completed
08/08/2024 16:01:16	Setting available workflows...
08/08/2024 16:01:16	Post analysis method ends
08/08/2024 16:02:06	Start Post Analysis method
08/08/2024 16:02:06	Removed all hidden plates from surfaces
08/08/2024 16:02:06	Removed all hidden plates
08/08/2024 16:02:06	Removed all hidden nodes
08/08/2024 16:02:06	Loading results from MSH file...
08/08/2024 16:02:06	Building result indices...
08/08/2024 16:02:06	Loading plate stress results...
08/08/2024 16:02:06	Set analysis report setup data
08/08/2024 16:02:06	Starting page setup...
08/08/2024 16:02:06	Page setup completed
08/08/2024 16:02:06	Setting available workflows...
08/08/2024 16:02:06	Post analysis method ends
08/08/2024 16:02:44	Start Post Analysis method
08/08/2024 16:02:44	Removed all hidden plates from surfaces
08/08/2024 16:02:44	Removed all hidden plates
08/08/2024 16:02:44	Removed all hidden nodes
08/08/2024 16:02:44	Loading results from MSH file...
08/08/2024 16:02:44	Building result indices...
08/08/2024 16:02:44	Loading plate stress results...
08/08/2024 16:02:44	Set analysis report setup data
08/08/2024 16:02:44	Starting page setup...
08/08/2024 16:02:44	Page setup completed
08/08/2024 16:02:44	Setting available workflows...
08/08/2024 16:02:44	Post analysis method ends
