09/19/2024 09:36:29	Reading UID database.
09/19/2024 09:36:29	Start loading STAAD model.
09/19/2024 09:36:29	Reading model file.
09/19/2024 09:36:30	Reading model file is complete.
09/19/2024 09:36:30	Processing support.
09/19/2024 09:36:30	Processing springs.
09/19/2024 09:36:30	Processing properties.
09/19/2024 09:36:30	Processing physical properties.
09/19/2024 09:36:30	Processing constants.
09/19/2024 09:36:30	Processing BETA constants.
09/19/2024 09:36:30	Processing hidden analytical member loads.
09/19/2024 09:36:30	Processing command list for member release.
09/19/2024 09:36:30	Processing command list for member offset.
09/19/2024 09:36:30	Processing command list for member specs (cracked).
09/19/2024 09:36:30	Processing command list for member specs (axial).
09/19/2024 09:36:30	Processing command list for element release.
09/19/2024 09:36:30	Processing command list for element offset.
09/19/2024 09:36:30	Processing command list for element plate stress directive.
09/19/2024 09:36:30	Processing parameter for Chinese wind load case.
09/19/2024 09:36:30	End Processing command list.
09/19/2024 09:36:30	End loading STAAD model.
09/19/2024 09:36:30	Start Post Analysis method
09/19/2024 09:36:30	Removed all hidden plates from surfaces
09/19/2024 09:36:30	Removed all hidden plates
09/19/2024 09:36:30	Removed all hidden nodes
09/19/2024 09:36:30	Loading results from MSH file...
09/19/2024 09:36:30	Building result indices...
09/19/2024 09:36:30	Loading plate stress results...
09/19/2024 09:36:30	Set analysis report setup data
09/19/2024 09:36:30	Starting page setup...
09/19/2024 09:36:30	Page setup completed
09/19/2024 09:36:30	Setting available workflows...
09/19/2024 09:36:30	Post analysis method ends
09/19/2024 09:37:38	Start Post Analysis method
09/19/2024 09:37:38	Removed all hidden plates from surfaces
09/19/2024 09:37:38	Removed all hidden plates
09/19/2024 09:37:38	Removed all hidden nodes
09/19/2024 09:37:38	Loading results from MSH file...
09/19/2024 09:37:38	Building result indices...
09/19/2024 09:37:38	Loading plate stress results...
09/19/2024 09:37:38	Set analysis report setup data
09/19/2024 09:37:38	Starting page setup...
09/19/2024 09:37:38	Page setup completed
09/19/2024 09:37:38	Setting available workflows...
09/19/2024 09:37:38	Post analysis method ends
09/19/2024 09:41:32	Reading UID database.
09/19/2024 09:41:32	Start loading STAAD model.
09/19/2024 09:41:32	Reading model file.
09/19/2024 09:41:33	Reading model file is complete.
09/19/2024 09:41:33	Processing support.
09/19/2024 09:41:33	Processing springs.
09/19/2024 09:41:33	Processing properties.
09/19/2024 09:41:33	Processing physical properties.
09/19/2024 09:41:33	Processing constants.
09/19/2024 09:41:33	Processing BETA constants.
09/19/2024 09:41:33	Processing hidden analytical member loads.
09/19/2024 09:41:33	Processing command list for member release.
09/19/2024 09:41:33	Processing command list for member offset.
09/19/2024 09:41:33	Processing command list for member specs (cracked).
09/19/2024 09:41:33	Processing command list for member specs (axial).
09/19/2024 09:41:33	Processing command list for element release.
09/19/2024 09:41:33	Processing command list for element offset.
09/19/2024 09:41:33	Processing command list for element plate stress directive.
09/19/2024 09:41:33	Processing parameter for Chinese wind load case.
09/19/2024 09:41:33	End Processing command list.
09/19/2024 09:41:33	End loading STAAD model.
09/19/2024 09:41:33	Start Post Analysis method
09/19/2024 09:41:33	Removed all hidden plates from surfaces
09/19/2024 09:41:33	Removed all hidden plates
09/19/2024 09:41:33	Removed all hidden nodes
09/19/2024 09:41:33	Loading results from MSH file...
09/19/2024 09:41:33	Building result indices...
09/19/2024 09:41:33	Loading plate stress results...
09/19/2024 09:41:33	Set analysis report setup data
09/19/2024 09:41:33	Starting page setup...
09/19/2024 09:41:33	Page setup completed
09/19/2024 09:41:33	Setting available workflows...
09/19/2024 09:41:33	Post analysis method ends
09/19/2024 09:42:13	Start Post Analysis method
09/19/2024 09:42:13	Removed all hidden plates from surfaces
09/19/2024 09:42:13	Removed all hidden plates
09/19/2024 09:42:13	Removed all hidden nodes
09/19/2024 09:42:13	Loading results from MSH file...
09/19/2024 09:42:13	Building result indices...
09/19/2024 09:42:13	Loading plate stress results...
09/19/2024 09:42:13	Set analysis report setup data
09/19/2024 09:42:13	Starting page setup...
09/19/2024 09:42:13	Page setup completed
09/19/2024 09:42:13	Setting available workflows...
09/19/2024 09:42:13	Post analysis method ends
09/19/2024 09:47:04	Reading UID database.
09/19/2024 09:47:04	Start loading STAAD model.
09/19/2024 09:47:04	Reading model file.
09/19/2024 09:47:05	Reading model file is complete.
09/19/2024 09:47:05	Processing support.
09/19/2024 09:47:05	Processing springs.
09/19/2024 09:47:05	Processing properties.
09/19/2024 09:47:05	Processing physical properties.
09/19/2024 09:47:05	Processing constants.
09/19/2024 09:47:05	Processing BETA constants.
09/19/2024 09:47:05	Processing hidden analytical member loads.
09/19/2024 09:47:05	Processing command list for member release.
09/19/2024 09:47:05	Processing command list for member offset.
09/19/2024 09:47:05	Processing command list for member specs (cracked).
09/19/2024 09:47:05	Processing command list for member specs (axial).
09/19/2024 09:47:05	Processing command list for element release.
09/19/2024 09:47:05	Processing command list for element offset.
09/19/2024 09:47:05	Processing command list for element plate stress directive.
09/19/2024 09:47:05	Processing parameter for Chinese wind load case.
09/19/2024 09:47:05	End Processing command list.
09/19/2024 09:47:05	End loading STAAD model.
09/19/2024 09:47:05	Start Post Analysis method
09/19/2024 09:47:05	Removed all hidden plates from surfaces
09/19/2024 09:47:05	Removed all hidden plates
09/19/2024 09:47:05	Removed all hidden nodes
09/19/2024 09:47:05	Loading results from MSH file...
09/19/2024 09:47:05	Building result indices...
09/19/2024 09:47:05	Loading plate stress results...
09/19/2024 09:47:05	Set analysis report setup data
09/19/2024 09:47:05	Starting page setup...
09/19/2024 09:47:05	Page setup completed
09/19/2024 09:47:05	Setting available workflows...
09/19/2024 09:47:05	Post analysis method ends
09/19/2024 09:47:48	Start Post Analysis method
09/19/2024 09:47:48	Removed all hidden plates from surfaces
09/19/2024 09:47:48	Removed all hidden plates
09/19/2024 09:47:48	Removed all hidden nodes
09/19/2024 09:47:48	Loading results from MSH file...
09/19/2024 09:47:48	Building result indices...
09/19/2024 09:47:48	Loading plate stress results...
09/19/2024 09:47:48	Set analysis report setup data
09/19/2024 09:47:48	Starting page setup...
09/19/2024 09:47:48	Page setup completed
09/19/2024 09:47:48	Setting available workflows...
09/19/2024 09:47:48	Post analysis method ends
09/19/2024 09:48:38	Start Post Analysis method
09/19/2024 09:48:38	Removed all hidden plates from surfaces
09/19/2024 09:48:38	Removed all hidden plates
09/19/2024 09:48:38	Removed all hidden nodes
09/19/2024 09:48:38	Loading results from MSH file...
09/19/2024 09:48:38	Building result indices...
09/19/2024 09:48:38	Loading plate stress results...
09/19/2024 09:48:38	Set analysis report setup data
09/19/2024 09:48:38	Starting page setup...
09/19/2024 09:48:38	Page setup completed
09/19/2024 09:48:38	Setting available workflows...
09/19/2024 09:48:38	Post analysis method ends
09/19/2024 09:56:51	Reading UID database.
09/19/2024 09:56:51	Start loading STAAD model.
09/19/2024 09:56:51	Reading model file.
09/19/2024 09:56:52	Reading model file is complete.
09/19/2024 09:56:52	Processing support.
09/19/2024 09:56:52	Processing springs.
09/19/2024 09:56:52	Processing properties.
09/19/2024 09:56:52	Processing physical properties.
09/19/2024 09:56:52	Processing constants.
09/19/2024 09:56:52	Processing BETA constants.
09/19/2024 09:56:52	Processing hidden analytical member loads.
09/19/2024 09:56:52	Processing command list for member release.
09/19/2024 09:56:52	Processing command list for member offset.
09/19/2024 09:56:52	Processing command list for member specs (cracked).
09/19/2024 09:56:52	Processing command list for member specs (axial).
09/19/2024 09:56:52	Processing command list for element release.
09/19/2024 09:56:52	Processing command list for element offset.
09/19/2024 09:56:52	Processing command list for element plate stress directive.
09/19/2024 09:56:52	Processing parameter for Chinese wind load case.
09/19/2024 09:56:52	End Processing command list.
09/19/2024 09:56:52	End loading STAAD model.
09/19/2024 09:56:52	Start Post Analysis method
09/19/2024 09:56:52	Removed all hidden plates from surfaces
09/19/2024 09:56:52	Removed all hidden plates
09/19/2024 09:56:52	Removed all hidden nodes
09/19/2024 09:56:52	Loading results from MSH file...
09/19/2024 09:56:52	Building result indices...
09/19/2024 09:56:52	Loading plate stress results...
09/19/2024 09:56:52	Set analysis report setup data
09/19/2024 09:56:52	Starting page setup...
09/19/2024 09:56:52	Page setup completed
09/19/2024 09:56:52	Setting available workflows...
09/19/2024 09:56:52	Post analysis method ends
09/19/2024 09:57:37	Start Post Analysis method
09/19/2024 09:57:37	Removed all hidden plates from surfaces
09/19/2024 09:57:37	Removed all hidden plates
09/19/2024 09:57:37	Removed all hidden nodes
09/19/2024 09:57:37	Loading results from MSH file...
09/19/2024 09:57:37	Building result indices...
09/19/2024 09:57:37	Loading plate stress results...
09/19/2024 09:57:37	Set analysis report setup data
09/19/2024 09:57:37	Starting page setup...
09/19/2024 09:57:37	Page setup completed
09/19/2024 09:57:37	Setting available workflows...
09/19/2024 09:57:37	Post analysis method ends
09/19/2024 10:26:25	Start Post Analysis method
09/19/2024 10:26:25	Removed all hidden plates from surfaces
09/19/2024 10:26:25	Removed all hidden plates
09/19/2024 10:26:25	Removed all hidden nodes
09/19/2024 10:26:25	Loading results from MSH file...
09/19/2024 10:26:25	Building result indices...
09/19/2024 10:26:25	Loading plate stress results...
09/19/2024 10:26:25	Set analysis report setup data
09/19/2024 10:26:25	Starting page setup...
09/19/2024 10:26:25	Page setup completed
09/19/2024 10:26:25	Setting available workflows...
09/19/2024 10:26:25	Post analysis method ends
09/19/2024 10:28:15	Start Post Analysis method
09/19/2024 10:28:15	Removed all hidden plates from surfaces
09/19/2024 10:28:15	Removed all hidden plates
09/19/2024 10:28:15	Removed all hidden nodes
09/19/2024 10:28:15	Loading results from MSH file...
09/19/2024 10:28:15	Building result indices...
09/19/2024 10:28:15	Loading plate stress results...
09/19/2024 10:28:15	Set analysis report setup data
09/19/2024 10:28:15	Starting page setup...
09/19/2024 10:28:15	Page setup completed
09/19/2024 10:28:15	Setting available workflows...
09/19/2024 10:28:15	Post analysis method ends
