16:01:58	Initializing STAAD Engine
16:01:58	Run stream set up is complete.
16:01:58	Initialize license libraries.
16:01:59	License libraries initialized.
16:01:59	Starting license(s) for A & D engine.
16:01:59	License Status: Ok
16:01:59	License information set up is complete.
****************************************************************************
*                            START OF ANALYSIS                             *
****************************************************************************
* Initiating Analysis At Thu Aug  8 16:01:59 2024
                          PROGRAM: STAAD.Pro
                          VERSION: 23.00.01.25
                16: 1:59:99  ENTERING STAAD
                16: 2: 0: 2  USING 64 BIT STAAD ENGINE
                16: 2: 0: 2  ENTERING MAINN
                16: 2: 0: 3  START JOB INFORMATION
                16: 2: 0: 3  INPUT WIDTH 79
                16: 2: 0: 4  UNIT MMS KN
                16: 2: 0: 4  JOINT COORDINATES
                16: 2: 0: 5  ENTERING JOINTC
                16: 2: 0: 5  JOINTC NEWJ                                 400000
                16: 2: 0: 6  MAX NODE NO.                                    39
                16: 2: 0: 6  MEMBER INCIDENCES
                16: 2: 0: 6  UNIT METER KN
                16: 2: 0: 7  DEFINE MATERIAL START
                16: 2: 0: 7  UNIT MMS KN
                16: 2: 0: 8  MEMBER PROPERTY EUROP
                16: 2: 0:54    ++ Finished Reading Member Properties ...
                16: 2: 0:54  CONSTANTS
                16: 2: 0:55  SUPPORTS
                16: 2: 0:55  ENTERING SUPPORT
                16: 2: 0:56  MEMBER OFFSET
                16: 2: 0:56  DEFINE WIND LOAD
                16: 2: 0:58  LOAD 121 LOADTYPE DEA
                16: 2: 0:58  DUPLICATE ELEMENT CHECK
                16: 2: 0:58  CHECKING STRUCTURAL INTEGRITY
                16: 2: 0:59  CHECK UNCONNECTED JOINTS AND
                16: 2: 0:59  CALCULATE MAX JOINT CONNECTIVITY
                16: 2: 0:60  CHECK MULTIPLE STRUCTURES
                16: 2: 0:60  ENTERING SUPPORT
                16: 2: 0:61  NRJOLD                                           0
                16: 2: 0:61  SUPPORT NOLD                                     0
                16: 2: 0:62  SUPPORT N                                      192
                16: 2: 0:62  BEFORE LOADPR
                16: 2: 0:63  REOPEN AS DIR                                    0
                16: 2: 0:63  ENTER LOADPR
                16: 2: 0:81  PERFORM ANALYSIS PRIN
                16: 2: 0:81  pdel iter                                        0
                16: 2: 0:82  MAXIMUM E =                           2.973273E+04
                16: 2: 0:83  MINIMUM E =                           2.973273E+04
                16: 2: 0:83  MBW DOF BAND=                                    1
                16: 2: 0:83  NUMBER OF PRIMARY CASES                        101
                16: 2: 0:84  NUMBER OF CASES                                252
                16: 2: 0:84  #OF CASES W/ELEM INMEMORY                      252
                16: 2: 0:85  MEMORY FOR MEMBER LOADS                     127008
                16: 2: 0:85  MEMORY FOR DISPLACEMENTS                     58968
                16: 2: 0:85  MEMORY FOR REACTIONS                         10584
                16: 2: 0:86  MEMORY FOR MEMBER FORCES                    127008
                16: 2: 0:86  Using 64-bit analysis engine
                16: 2: 0:87  BEFORE SOLVER 1
                16: 2: 0:87  Start Input for Next Load Case
                16: 2: 0:88  case no=  121 seq. no=   1 idynl= 0
                16: 2: 0:88  MASSSET                                          0
                16: 2: 0:89  LOADEND ISLAVE                                   0
                16: 2: 0:89  Start Input for Next Load Case
                16: 2: 0:89  case no=  201 seq. no=   2 idynl= 0
                16: 2: 0:90  LOADEND ISLAVE                                   0
                16: 2: 0:90  Start Input for Next Load Case
                16: 2: 0:91  case no=  202 seq. no=   3 idynl= 0
                16: 2: 0:91  LOADEND ISLAVE                                   0
                16: 2: 0:92  Start Input for Next Load Case
                16: 2: 0:92  case no=  203 seq. no=   4 idynl= 0
                16: 2: 0:92  LOADEND ISLAVE                                   0
                16: 2: 0:93  Start Input for Next Load Case
                16: 2: 0:93  case no=  204 seq. no=   5 idynl= 0
                16: 2: 0:94  LOADEND ISLAVE                                   0
                16: 2: 0:94  Start Input for Next Load Case
                16: 2: 0:95  case no=  205 seq. no=   6 idynl= 0
                16: 2: 0:95  LOADEND ISLAVE                                   0
                16: 2: 0:95  Start Input for Next Load Case
                16: 2: 0:96  case no=  206 seq. no=   7 idynl= 0
                16: 2: 0:96  LOADEND ISLAVE                                   0
                16: 2: 0:97  Start Input for Next Load Case
                16: 2: 0:97  case no=  207 seq. no=   8 idynl= 0
                16: 2: 0:98  LOADEND ISLAVE                                   0
                16: 2: 0:98  Start Input for Next Load Case
                16: 2: 0:99  case no=  208 seq. no=   9 idynl= 0
                16: 2: 0:99  LOADEND ISLAVE                                   0
                16: 2: 1: 0  Start Input for Next Load Case
                16: 2: 1: 0  case no=  312 seq. no=  10 idynl= 0
                16: 2: 1: 0  LOADEND ISLAVE                                   0
                16: 2: 1: 1  Start Input for Next Load Case
                16: 2: 1: 1  case no=  313 seq. no=  11 idynl= 0
                16: 2: 1: 2  LOADEND ISLAVE                                   0
                16: 2: 1: 2  Start Input for Next Load Case
                16: 2: 1: 2  case no=  314 seq. no=  12 idynl= 0
                16: 2: 1: 3  LOADEND ISLAVE                                   0
                16: 2: 1: 3  Start Input for Next Load Case
                16: 2: 1: 4  case no=  315 seq. no=  13 idynl= 0
                16: 2: 1: 4  LOADEND ISLAVE                                   0
                16: 2: 1: 4  Start Input for Next Load Case
                16: 2: 1: 5  case no=  322 seq. no=  14 idynl= 0
                16: 2: 1: 5  LOADEND ISLAVE                                   0
                16: 2: 1: 6  Start Input for Next Load Case
                16: 2: 1: 6  case no=  323 seq. no=  15 idynl= 0
                16: 2: 1: 7  LOADEND ISLAVE                                   0
                16: 2: 1: 7  Start Input for Next Load Case
                16: 2: 1: 8  case no=  324 seq. no=  16 idynl= 0
                16: 2: 1: 8  LOADEND ISLAVE                                   0
                16: 2: 1: 8  Start Input for Next Load Case
                16: 2: 1: 9  case no=  325 seq. no=  17 idynl= 0
                16: 2: 1: 9  LOADEND ISLAVE                                   0
                16: 2: 1:10  Start Input for Next Load Case
                16: 2: 1:10  case no=  332 seq. no=  18 idynl= 0
                16: 2: 1:11  LOADEND ISLAVE                                   0
                16: 2: 1:11  Start Input for Next Load Case
                16: 2: 1:12  case no=  333 seq. no=  19 idynl= 0
                16: 2: 1:12  LOADEND ISLAVE                                   0
                16: 2: 1:12  Start Input for Next Load Case
                16: 2: 1:13  case no=  334 seq. no=  20 idynl= 0
                16: 2: 1:13  LOADEND ISLAVE                                   0
                16: 2: 1:14  Start Input for Next Load Case
                16: 2: 1:14  case no=  335 seq. no=  21 idynl= 0
                16: 2: 1:14  LOADEND ISLAVE                                   0
                16: 2: 1:15  Start Input for Next Load Case
                16: 2: 1:15  case no=  411 seq. no=  22 idynl= 0
                16: 2: 1:16  LOADEND ISLAVE                                   0
                16: 2: 1:16  Start Input for Next Load Case
                16: 2: 1:17  case no=  412 seq. no=  23 idynl= 0
                16: 2: 1:17  LOADEND ISLAVE                                   0
                16: 2: 1:17  Start Input for Next Load Case
                16: 2: 1:18  case no=  413 seq. no=  24 idynl= 0
                16: 2: 1:18  LOADEND ISLAVE                                   0
                16: 2: 1:19  Start Input for Next Load Case
                16: 2: 1:19  case no=  414 seq. no=  25 idynl= 0
                16: 2: 1:19  LOADEND ISLAVE                                   0
                16: 2: 1:20  Start Input for Next Load Case
                16: 2: 1:20  case no=  415 seq. no=  26 idynl= 0
                16: 2: 1:21  LOADEND ISLAVE                                   0
                16: 2: 1:21  Start Input for Next Load Case
                16: 2: 1:21  case no=  416 seq. no=  27 idynl= 0
                16: 2: 1:22  LOADEND ISLAVE                                   0
                16: 2: 1:22  Start Input for Next Load Case
                16: 2: 1:23  case no=  417 seq. no=  28 idynl= 0
                16: 2: 1:23  LOADEND ISLAVE                                   0
                16: 2: 1:23  Start Input for Next Load Case
                16: 2: 1:24  case no=  418 seq. no=  29 idynl= 0
                16: 2: 1:24  LOADEND ISLAVE                                   0
                16: 2: 1:25  Start Input for Next Load Case
                16: 2: 1:25  case no=  421 seq. no=  30 idynl= 0
                16: 2: 1:26  LOADEND ISLAVE                                   0
                16: 2: 1:26  Start Input for Next Load Case
                16: 2: 1:26  case no=  422 seq. no=  31 idynl= 0
                16: 2: 1:27  LOADEND ISLAVE                                   0
                16: 2: 1:27  Start Input for Next Load Case
                16: 2: 1:28  case no=  423 seq. no=  32 idynl= 0
                16: 2: 1:28  LOADEND ISLAVE                                   0
                16: 2: 1:28  Start Input for Next Load Case
                16: 2: 1:29  case no=  424 seq. no=  33 idynl= 0
                16: 2: 1:29  LOADEND ISLAVE                                   0
                16: 2: 1:30  Start Input for Next Load Case
                16: 2: 1:30  case no=  425 seq. no=  34 idynl= 0
                16: 2: 1:31  LOADEND ISLAVE                                   0
                16: 2: 1:31  Start Input for Next Load Case
                16: 2: 1:32  case no=  426 seq. no=  35 idynl= 0
                16: 2: 1:32  LOADEND ISLAVE                                   0
                16: 2: 1:32  Start Input for Next Load Case
                16: 2: 1:33  case no=  427 seq. no=  36 idynl= 0
                16: 2: 1:33  LOADEND ISLAVE                                   0
                16: 2: 1:34  Start Input for Next Load Case
                16: 2: 1:34  case no=  428 seq. no=  37 idynl= 0
                16: 2: 1:35  LOADEND ISLAVE                                   0
                16: 2: 1:35  Start Input for Next Load Case
                16: 2: 1:36  case no=  711 seq. no=  38 idynl= 0
                16: 2: 1:36  LOADEND ISLAVE                                   0
                16: 2: 1:36  Start Input for Next Load Case
                16: 2: 1:37  case no=  712 seq. no=  39 idynl= 0
                16: 2: 1:37  LOADEND ISLAVE                                   0
                16: 2: 1:38  Start Input for Next Load Case
                16: 2: 1:38  case no=  713 seq. no=  40 idynl= 0
                16: 2: 1:38  LOADEND ISLAVE                                   0
                16: 2: 1:39  Start Input for Next Load Case
                16: 2: 1:39  case no=  714 seq. no=  41 idynl= 0
                16: 2: 1:40  LOADEND ISLAVE                                   0
                16: 2: 1:40  Start Input for Next Load Case
                16: 2: 1:41  case no=  715 seq. no=  42 idynl= 0
                16: 2: 1:41  LOADEND ISLAVE                                   0
                16: 2: 1:42  Start Input for Next Load Case
                16: 2: 1:42  case no=  716 seq. no=  43 idynl= 0
                16: 2: 1:42  LOADEND ISLAVE                                   0
                16: 2: 1:43  Start Input for Next Load Case
                16: 2: 1:43  case no=  717 seq. no=  44 idynl= 0
                16: 2: 1:44  LOADEND ISLAVE                                   0
                16: 2: 1:44  Start Input for Next Load Case
                16: 2: 1:45  case no=  718 seq. no=  45 idynl= 0
                16: 2: 1:45  LOADEND ISLAVE                                   0
                16: 2: 1:45  Start Input for Next Load Case
                16: 2: 1:46  case no= 1101 seq. no=  46 idynl= 0
                16: 2: 1:46  LOADEND ISLAVE                                   0
                16: 2: 1:47  Start Input for Next Load Case
                16: 2: 1:47  case no= 1102 seq. no=  47 idynl= 0
                16: 2: 1:48  LOADEND ISLAVE                                   0
                16: 2: 1:48  Start Input for Next Load Case
                16: 2: 1:48  case no= 1103 seq. no=  48 idynl= 0
                16: 2: 1:49  LOADEND ISLAVE                                   0
                16: 2: 1:49  Start Input for Next Load Case
                16: 2: 1:50  case no= 1104 seq. no=  49 idynl= 0
                16: 2: 1:50  LOADEND ISLAVE                                   0
                16: 2: 1:51  Start Input for Next Load Case
                16: 2: 1:51  case no= 1105 seq. no=  50 idynl= 0
                16: 2: 1:51  LOADEND ISLAVE                                   0
                16: 2: 1:52  Start Input for Next Load Case
                16: 2: 1:52  case no= 1106 seq. no=  51 idynl= 0
                16: 2: 1:53  LOADEND ISLAVE                                   0
                16: 2: 1:53  Start Input for Next Load Case
                16: 2: 1:54  case no= 1107 seq. no=  52 idynl= 0
                16: 2: 1:54  LOADEND ISLAVE                                   0
                16: 2: 1:54  Start Input for Next Load Case
                16: 2: 1:55  case no= 1108 seq. no=  53 idynl= 0
                16: 2: 1:55  LOADEND ISLAVE                                   0
                16: 2: 1:56  Start Input for Next Load Case
                16: 2: 1:56  case no= 1201 seq. no=  54 idynl= 0
                16: 2: 1:57  LOADEND ISLAVE                                   0
                16: 2: 1:57  Start Input for Next Load Case
                16: 2: 1:57  case no= 1202 seq. no=  55 idynl= 0
                16: 2: 1:58  LOADEND ISLAVE                                   0
                16: 2: 1:58  Start Input for Next Load Case
                16: 2: 1:59  case no= 1203 seq. no=  56 idynl= 0
                16: 2: 1:60  LOADEND ISLAVE                                   0
                16: 2: 1:60  Start Input for Next Load Case
                16: 2: 1:60  case no= 1204 seq. no=  57 idynl= 0
                16: 2: 1:61  LOADEND ISLAVE                                   0
                16: 2: 1:61  Start Input for Next Load Case
                16: 2: 1:62  case no= 1205 seq. no=  58 idynl= 0
                16: 2: 1:62  LOADEND ISLAVE                                   0
                16: 2: 1:62  Start Input for Next Load Case
                16: 2: 1:63  case no= 1206 seq. no=  59 idynl= 0
                16: 2: 1:63  LOADEND ISLAVE                                   0
                16: 2: 1:64  Start Input for Next Load Case
                16: 2: 1:64  case no= 1207 seq. no=  60 idynl= 0
                16: 2: 1:65  LOADEND ISLAVE                                   0
                16: 2: 1:65  Start Input for Next Load Case
                16: 2: 1:66  case no= 1208 seq. no=  61 idynl= 0
                16: 2: 1:66  LOADEND ISLAVE                                   0
                16: 2: 1:66  Start Input for Next Load Case
                16: 2: 1:67  case no= 2101 seq. no=  62 idynl= 0
                16: 2: 1:67  LOADEND ISLAVE                                   0
                16: 2: 1:68  Start Input for Next Load Case
                16: 2: 1:68  case no= 2102 seq. no=  63 idynl= 0
                16: 2: 1:69  LOADEND ISLAVE                                   0
                16: 2: 1:69  Start Input for Next Load Case
                16: 2: 1:69  case no= 2103 seq. no=  64 idynl= 0
                16: 2: 1:70  LOADEND ISLAVE                                   0
                16: 2: 1:70  Start Input for Next Load Case
                16: 2: 1:71  case no= 2104 seq. no=  65 idynl= 0
                16: 2: 1:71  LOADEND ISLAVE                                   0
                16: 2: 1:71  Start Input for Next Load Case
                16: 2: 1:72  case no= 2105 seq. no=  66 idynl= 0
                16: 2: 1:72  LOADEND ISLAVE                                   0
                16: 2: 1:73  Start Input for Next Load Case
                16: 2: 1:73  case no= 2106 seq. no=  67 idynl= 0
                16: 2: 1:73  LOADEND ISLAVE                                   0
                16: 2: 1:74  Start Input for Next Load Case
                16: 2: 1:74  case no= 2107 seq. no=  68 idynl= 0
                16: 2: 1:75  LOADEND ISLAVE                                   0
                16: 2: 1:75  Start Input for Next Load Case
                16: 2: 1:76  case no= 2108 seq. no=  69 idynl= 0
                16: 2: 1:76  LOADEND ISLAVE                                   0
                16: 2: 1:76  Start Input for Next Load Case
                16: 2: 1:77  case no= 3001 seq. no=  70 idynl= 0
                16: 2: 1:77  LOADEND ISLAVE                                   0
                16: 2: 1:78  Start Input for Next Load Case
                16: 2: 1:78  case no= 3002 seq. no=  71 idynl= 0
                16: 2: 1:78  LOADEND ISLAVE                                   0
                16: 2: 1:79  Start Input for Next Load Case
                16: 2: 1:79  case no= 3003 seq. no=  72 idynl= 0
                16: 2: 1:80  LOADEND ISLAVE                                   0
                16: 2: 1:80  Start Input for Next Load Case
                16: 2: 1:81  case no= 3004 seq. no=  73 idynl= 0
                16: 2: 1:81  LOADEND ISLAVE                                   0
                16: 2: 1:81  Start Input for Next Load Case
                16: 2: 1:82  case no= 3005 seq. no=  74 idynl= 0
                16: 2: 1:82  LOADEND ISLAVE                                   0
                16: 2: 1:83  Start Input for Next Load Case
                16: 2: 1:83  case no= 3006 seq. no=  75 idynl= 0
                16: 2: 1:84  LOADEND ISLAVE                                   0
                16: 2: 1:84  Start Input for Next Load Case
                16: 2: 1:85  case no= 3007 seq. no=  76 idynl= 0
                16: 2: 1:85  LOADEND ISLAVE                                   0
                16: 2: 1:85  Start Input for Next Load Case
                16: 2: 1:86  case no= 3008 seq. no=  77 idynl= 0
                16: 2: 1:86  LOADEND ISLAVE                                   0
                16: 2: 1:87  Start Input for Next Load Case
                16: 2: 1:87  case no= 3011 seq. no=  78 idynl= 0
                16: 2: 1:87  LOADEND ISLAVE                                   0
                16: 2: 1:88  Start Input for Next Load Case
                16: 2: 1:88  case no= 3012 seq. no=  79 idynl= 0
                16: 2: 1:89  LOADEND ISLAVE                                   0
                16: 2: 1:89  Start Input for Next Load Case
                16: 2: 1:89  case no= 3013 seq. no=  80 idynl= 0
                16: 2: 1:90  LOADEND ISLAVE                                   0
                16: 2: 1:90  Start Input for Next Load Case
                16: 2: 1:91  case no= 3014 seq. no=  81 idynl= 0
                16: 2: 1:91  LOADEND ISLAVE                                   0
                16: 2: 1:92  Start Input for Next Load Case
                16: 2: 1:92  case no= 3015 seq. no=  82 idynl= 0
                16: 2: 1:92  LOADEND ISLAVE                                   0
                16: 2: 1:93  Start Input for Next Load Case
                16: 2: 1:93  case no= 3016 seq. no=  83 idynl= 0
                16: 2: 1:94  LOADEND ISLAVE                                   0
                16: 2: 1:94  Start Input for Next Load Case
                16: 2: 1:94  case no= 3017 seq. no=  84 idynl= 0
                16: 2: 1:95  LOADEND ISLAVE                                   0
                16: 2: 1:95  Start Input for Next Load Case
                16: 2: 1:96  case no= 3018 seq. no=  85 idynl= 0
                16: 2: 1:96  LOADEND ISLAVE                                   0
                16: 2: 1:97  Start Input for Next Load Case
                16: 2: 1:97  case no= 3021 seq. no=  86 idynl= 0
                16: 2: 1:97  LOADEND ISLAVE                                   0
                16: 2: 1:98  Start Input for Next Load Case
                16: 2: 1:98  case no= 3022 seq. no=  87 idynl= 0
                16: 2: 1:99  LOADEND ISLAVE                                   0
                16: 2: 1:99  Start Input for Next Load Case
                16: 2: 1:99  case no= 3023 seq. no=  88 idynl= 0
                16: 2: 2: 0  LOADEND ISLAVE                                   0
                16: 2: 2: 0  Start Input for Next Load Case
                16: 2: 2: 1  case no= 3024 seq. no=  89 idynl= 0
                16: 2: 2: 1  LOADEND ISLAVE                                   0
                16: 2: 2: 1  Start Input for Next Load Case
                16: 2: 2: 2  case no= 3025 seq. no=  90 idynl= 0
                16: 2: 2: 2  LOADEND ISLAVE                                   0
                16: 2: 2: 3  Start Input for Next Load Case
                16: 2: 2: 3  case no= 3026 seq. no=  91 idynl= 0
                16: 2: 2: 4  LOADEND ISLAVE                                   0
                16: 2: 2: 4  Start Input for Next Load Case
                16: 2: 2: 5  case no= 3027 seq. no=  92 idynl= 0
                16: 2: 2: 5  LOADEND ISLAVE                                   0
                16: 2: 2: 5  Start Input for Next Load Case
                16: 2: 2: 6  case no= 3028 seq. no=  93 idynl= 0
                16: 2: 2: 6  LOADEND ISLAVE                                   0
                16: 2: 2: 7  Start Input for Next Load Case
                16: 2: 2: 7  case no= 3201 seq. no=  94 idynl= 0
                16: 2: 2: 7  LOADEND ISLAVE                                   0
                16: 2: 2: 8  Start Input for Next Load Case
                16: 2: 2: 8  case no= 3202 seq. no=  95 idynl= 0
                16: 2: 2: 9  LOADEND ISLAVE                                   0
                16: 2: 2: 9  Start Input for Next Load Case
                16: 2: 2:10  case no= 3203 seq. no=  96 idynl= 0
                16: 2: 2:10  LOADEND ISLAVE                                   0
                16: 2: 2:10  Start Input for Next Load Case
                16: 2: 2:11  case no= 3204 seq. no=  97 idynl= 0
                16: 2: 2:11  LOADEND ISLAVE                                   0
                16: 2: 2:12  Start Input for Next Load Case
                16: 2: 2:12  case no= 3205 seq. no=  98 idynl= 0
                16: 2: 2:12  LOADEND ISLAVE                                   0
                16: 2: 2:13  Start Input for Next Load Case
                16: 2: 2:13  case no= 3206 seq. no=  99 idynl= 0
                16: 2: 2:14  LOADEND ISLAVE                                   0
                16: 2: 2:14  Start Input for Next Load Case
                16: 2: 2:15  case no= 3207 seq. no= 100 idynl= 0
                16: 2: 2:15  LOADEND ISLAVE                                   0
                16: 2: 2:15  Start Input for Next Load Case
                16: 2: 2:16  case no= 3208 seq. no= 101 idynl= 0
                16: 2: 2:16  LOADEND ISLAVE                                   0
                16: 2: 2:17  NVPREV                                           0
                16: 2: 2:17  AMAXNON                               1.216535E+00
                16: 2: 2:17  IRECSIZL=                                     4000
                16: 2: 2:18  MTX BLOCKSIZE=                                 192
                16: 2: 2:18  MI=                                            192
                16: 2: 2:19  NORECL=                                          1
                16: 2: 2:19  NORECL1=                                         1
                16: 2: 2:19  IWORD=                                       32000
                16: 2: 2:20  JRECSIZE=                                     4000
                16: 2: 2:20  IWORDJ=                                      32000
                16: 2: 2:21  IBYTE=                                           4
                16: 2: 2:22  JOINTS=                                         39
                16: 2: 2:22  MEMBERS=                                        42
                16: 2: 2:23  PLATES =                                         0
                16: 2: 2:24  SOLIDS =                                         0
                16: 2: 2:24  NO. OF EQUATIONS=                              192
                16: 2: 2:24  idyn=                                            0
                16: 2: 2:25  ipd=                                             0
                16: 2: 2:25  icablanl=                                        0
                16: 2: 2:26  ++ Processing Element Stiffness Matrix.
                16: 2: 2:26  NV1                                            101
                16: 2: 2:38  ++ Calculating Element Forces & Reactions.
                16: 2: 2:91  COMBINATION CASES=                               0
                16: 2: 2:92  MAX CM MEMORY (KILOWORDS)                       50
                16: 2: 2:92  AFTER SOLVER 1
                16: 2: 2:93  REOPEN AS SEQ                                    0
                16: 2: 2:93  DEFINE ENVELOPE
                16: 2: 2:95  LOAD LIST 1101 TO 110
                16: 2: 2:95  PARAMETER 1
                16: 2: 2:97  CHECK CODE ALL
                16: 2: 2:97  ENTERING SECTNM110 IQ=                          42
                16: 2: 2:98               NSEC=                              11
                16: 2: 2:98             ISECTN=                               0
                16: 2: 3: 2  SECTNM110 DO 925
                16: 2: 3: 6  ENTERING ENVLP1 ITYP1=                          -3
                16: 2: 3: 6  SECT DISPLACE
                16: 2: 3:10  Steel/Alum/Timber Design                        52
                16: 2: 3:17    ++ Finished Design ...
                16: 2: 3:17  Steel/Timber Design exit
                16: 2: 3:18  LOAD LIST 2101 TO 210
                16: 2: 3:18  PARAMETER 1
                16: 2: 3:20  CHECK CODE ALL
                16: 2: 3:20  ENTERING ENVLP1 ITYP1=                          -3
                16: 2: 3:21  SECT DISPLACE
                16: 2: 3:25  Steel/Alum/Timber Design                        52
                16: 2: 3:28    ++ Finished Design ...
                16: 2: 3:28  Steel/Timber Design exit
                16: 2: 3:28  LOAD LIST ENV 4 TO 7
                16: 2: 3:29  PARAMETER 1
                16: 2: 3:31  CHECK CODE ALL
                16: 2: 3:31  ENTERING ENVLP1 ITYP1=                          -3
                16: 2: 3:31  SECT DISPLACE
                16: 2: 3:36  Steel/Alum/Timber Design                        52
                16: 2: 3:43    ++ Finished Design ...
                16: 2: 3:43  Steel/Timber Design exit
                16: 2: 3:43  PRINT JOINT DISPLACEM
                16: 2: 3:44  DRAW ISOM JOIN MEMB
                16: 2: 3:44  ENTERING SECTNM110 IQ=                          42
                16: 2: 3:45               NSEC=                              11
                16: 2: 3:45             ISECTN=                               0
                16: 2: 3:49  SECTNM110 DO 925
                16: 2: 3:53  PRINT SUPPORT REACTIO
                16: 2: 3:53  DRAW ISOM SUPP PROP
                16: 2: 3:54  ENTERING SECTNM110 IQ=                          42
                16: 2: 3:54               NSEC=                              11
                16: 2: 3:55             ISECTN=                               0
                16: 2: 3:58  SECTNM110 DO 925
                16: 2: 3:62  DRAW ISOM SHAP
                16: 2: 3:62  ENTERING SECTNM110 IQ=                          42
                16: 2: 3:63               NSEC=                              11
                16: 2: 3:63             ISECTN=                               0
                16: 2: 3:67  SECTNM110 DO 925
                16: 2: 3:71  PRINT CG
                16: 2: 3:71  FINISH
                16: 2: 3:71  All Commands FINISHed
                16: 2: 3:72  DATASAVE for SPRO GUI
                16: 2: 3:72  ++ Creating Displacement File (DSP)...
                16: 2: 3:75  ++ Creating Reaction File (REA)...
                16: 2: 3:75  ++ Creating Section Force File (BMD)...
                16: 2: 3:80  ++ Creating Section Displace File (SEC)...
                16: 2: 3:80  ENTERING ENVLP1 ITYP1=                          -5
                16: 2: 3:81  SECT DISPLACE
                16: 2: 3:87  ++ Creating Section Displace File (SCN)...
                16: 2: 3:91  ++ Creating Design information File (DGN)...
                16: 2: 3:92  ALLOCATED CM MEMORY (KILOWORDS)             300000
                16: 2: 3:92  MAX CM MEMORY (KILOWORDS)                      188
                16: 2: 3:93  DBS LONG SEC NAME
* End Of Analysis At Thu Aug  8 16:02:03 2024
* CPU usage = 4.002000
* STAAD Exit Code: 100, Warning Count: 9, Error Count: 0, Duration: 4.002
1 9 0 4.002
****************************************************************************
*                            END OF ANALYSIS                               *
****************************************************************************
