14:57:46	Initializing STAAD Engine
14:57:46	Run stream set up is complete.
14:57:46	Initialize license libraries.
14:57:46	License libraries initialized.
14:57:46	Starting license(s) for A & D engine.
14:57:46	License Status: Ok
14:57:46	License information set up is complete.
****************************************************************************
*                            START OF ANALYSIS                             *
****************************************************************************
* Initiating Analysis At Thu Jan  9 14:57:46 2025
                          PROGRAM: STAAD.Pro
                          VERSION: 23.00.03.25
                14:57:47: 4  ENTERING STAAD
                14:57:47: 5  USING 64 BIT STAAD ENGINE
                14:57:47: 5  ENTERING MAINN
                14:57:47: 5  START JOB INFORMATION
                14:57:47: 6  INPUT WIDTH 79
                14:57:47: 6  UNIT MMS KN
                14:57:47: 6  JOINT COORDINATES
                14:57:47: 7  ENTERING JOINTC
                14:57:47: 7  JOINTC NEWJ                                 400000
                14:57:47: 8  MAX NODE NO.                                    62
                14:57:47: 8  MEMBER INCIDENCES
                14:57:47: 9  UNIT METER KN
                14:57:47: 9  DEFINE MATERIAL START
                14:57:47:10  UNIT MMS KN
                14:57:47:10  MEMBER PROPERTY EUROP
                14:57:47:25    ++ Finished Reading Member Properties ...
                14:57:47:25  CONSTANTS
                14:57:47:26  SUPPORTS
                14:57:47:26  ENTERING SUPPORT
                14:57:47:27  MEMBER OFFSET
                14:57:47:28  DEFINE WIND LOAD
                14:57:47:28  LOAD 121 LOADTYPE DEA
                14:57:47:29  DUPLICATE ELEMENT CHECK
                14:57:47:29  CHECKING STRUCTURAL INTEGRITY
                14:57:47:30  CHECK UNCONNECTED JOINTS AND
                14:57:47:30  CALCULATE MAX JOINT CONNECTIVITY
                14:57:47:31  CHECK MULTIPLE STRUCTURES
                14:57:47:31  ENTERING SUPPORT
                14:57:47:32  NRJOLD                                           0
                14:57:47:32  SUPPORT NOLD                                     0
                14:57:47:32  SUPPORT N                                      306
                14:57:47:33  BEFORE LOADPR
                14:57:47:33  REOPEN AS DIR                                    0
                14:57:47:34  ENTER LOADPR
                14:57:47:51  PERFORM ANALYSIS PRIN
                14:57:47:51  pdel iter                                        0
                14:57:47:52  MAXIMUM E =                           2.973273E+04
                14:57:47:53  MINIMUM E =                           2.973273E+04
                14:57:47:53  MBW DOF BAND=                                    3
                14:57:47:54  NUMBER OF PRIMARY CASES                        101
                14:57:47:54  NUMBER OF CASES                                252
                14:57:47:55  #OF CASES W/ELEM INMEMORY                      252
                14:57:47:55  MEMORY FOR MEMBER LOADS                     187488
                14:57:47:56  MEMORY FOR DISPLACEMENTS                     87696
                14:57:47:56  MEMORY FOR REACTIONS                         10584
                14:57:47:57  MEMORY FOR MEMBER FORCES                    187488
                14:57:47:57  Using 64-bit analysis engine
                14:57:47:58  BEFORE SOLVER 1
                14:57:47:59  Start Input for Next Load Case
                14:57:47:59  case no=  121 seq. no=   1 idynl= 0
                14:57:47:60  MASSSET                                          0
                14:57:47:60  LOADEND ISLAVE                                   0
                14:57:47:61  Start Input for Next Load Case
                14:57:47:61  case no=  201 seq. no=   2 idynl= 0
                14:57:47:62  LOADEND ISLAVE                                   0
                14:57:47:62  Start Input for Next Load Case
                14:57:47:63  case no=  202 seq. no=   3 idynl= 0
                14:57:47:63  LOADEND ISLAVE                                   0
                14:57:47:64  Start Input for Next Load Case
                14:57:47:64  case no=  203 seq. no=   4 idynl= 0
                14:57:47:64  LOADEND ISLAVE                                   0
                14:57:47:65  Start Input for Next Load Case
                14:57:47:65  case no=  204 seq. no=   5 idynl= 0
                14:57:47:66  LOADEND ISLAVE                                   0
                14:57:47:66  Start Input for Next Load Case
                14:57:47:67  case no=  205 seq. no=   6 idynl= 0
                14:57:47:67  LOADEND ISLAVE                                   0
                14:57:47:68  Start Input for Next Load Case
                14:57:47:68  case no=  206 seq. no=   7 idynl= 0
                14:57:47:69  LOADEND ISLAVE                                   0
                14:57:47:69  Start Input for Next Load Case
                14:57:47:70  case no=  207 seq. no=   8 idynl= 0
                14:57:47:70  LOADEND ISLAVE                                   0
                14:57:47:71  Start Input for Next Load Case
                14:57:47:71  case no=  208 seq. no=   9 idynl= 0
                14:57:47:72  LOADEND ISLAVE                                   0
                14:57:47:72  Start Input for Next Load Case
                14:57:47:73  case no=  312 seq. no=  10 idynl= 0
                14:57:47:73  LOADEND ISLAVE                                   0
                14:57:47:74  Start Input for Next Load Case
                14:57:47:74  case no=  313 seq. no=  11 idynl= 0
                14:57:47:74  LOADEND ISLAVE                                   0
                14:57:47:75  Start Input for Next Load Case
                14:57:47:76  case no=  314 seq. no=  12 idynl= 0
                14:57:47:76  LOADEND ISLAVE                                   0
                14:57:47:77  Start Input for Next Load Case
                14:57:47:77  case no=  315 seq. no=  13 idynl= 0
                14:57:47:78  LOADEND ISLAVE                                   0
                14:57:47:78  Start Input for Next Load Case
                14:57:47:79  case no=  322 seq. no=  14 idynl= 0
                14:57:47:79  LOADEND ISLAVE                                   0
                14:57:47:80  Start Input for Next Load Case
                14:57:47:80  case no=  323 seq. no=  15 idynl= 0
                14:57:47:80  LOADEND ISLAVE                                   0
                14:57:47:81  Start Input for Next Load Case
                14:57:47:81  case no=  324 seq. no=  16 idynl= 0
                14:57:47:82  LOADEND ISLAVE                                   0
                14:57:47:82  Start Input for Next Load Case
                14:57:47:83  case no=  325 seq. no=  17 idynl= 0
                14:57:47:83  LOADEND ISLAVE                                   0
                14:57:47:84  Start Input for Next Load Case
                14:57:47:84  case no=  332 seq. no=  18 idynl= 0
                14:57:47:85  LOADEND ISLAVE                                   0
                14:57:47:85  Start Input for Next Load Case
                14:57:47:86  case no=  333 seq. no=  19 idynl= 0
                14:57:47:87  LOADEND ISLAVE                                   0
                14:57:47:87  Start Input for Next Load Case
                14:57:47:88  case no=  334 seq. no=  20 idynl= 0
                14:57:47:88  LOADEND ISLAVE                                   0
                14:57:47:89  Start Input for Next Load Case
                14:57:47:90  case no=  335 seq. no=  21 idynl= 0
                14:57:47:90  LOADEND ISLAVE                                   0
                14:57:47:91  Start Input for Next Load Case
                14:57:47:91  case no=  411 seq. no=  22 idynl= 0
                14:57:47:92  LOADEND ISLAVE                                   0
                14:57:47:92  Start Input for Next Load Case
                14:57:47:92  case no=  412 seq. no=  23 idynl= 0
                14:57:47:93  LOADEND ISLAVE                                   0
                14:57:47:93  Start Input for Next Load Case
                14:57:47:94  case no=  413 seq. no=  24 idynl= 0
                14:57:47:94  LOADEND ISLAVE                                   0
                14:57:47:95  Start Input for Next Load Case
                14:57:47:95  case no=  414 seq. no=  25 idynl= 0
                14:57:47:96  LOADEND ISLAVE                                   0
                14:57:47:96  Start Input for Next Load Case
                14:57:47:97  case no=  415 seq. no=  26 idynl= 0
                14:57:47:97  LOADEND ISLAVE                                   0
                14:57:47:98  Start Input for Next Load Case
                14:57:47:98  case no=  416 seq. no=  27 idynl= 0
                14:57:47:99  LOADEND ISLAVE                                   0
                14:57:47:99  Start Input for Next Load Case
                14:57:48: 0  case no=  417 seq. no=  28 idynl= 0
                14:57:48: 0  LOADEND ISLAVE                                   0
                14:57:48: 1  Start Input for Next Load Case
                14:57:48: 1  case no=  418 seq. no=  29 idynl= 0
                14:57:48: 2  LOADEND ISLAVE                                   0
                14:57:48: 3  Start Input for Next Load Case
                14:57:48: 3  case no=  421 seq. no=  30 idynl= 0
                14:57:48: 4  LOADEND ISLAVE                                   0
                14:57:48: 4  Start Input for Next Load Case
                14:57:48: 5  case no=  422 seq. no=  31 idynl= 0
                14:57:48: 5  LOADEND ISLAVE                                   0
                14:57:48: 6  Start Input for Next Load Case
                14:57:48: 6  case no=  423 seq. no=  32 idynl= 0
                14:57:48: 7  LOADEND ISLAVE                                   0
                14:57:48: 7  Start Input for Next Load Case
                14:57:48: 8  case no=  424 seq. no=  33 idynl= 0
                14:57:48: 8  LOADEND ISLAVE                                   0
                14:57:48: 9  Start Input for Next Load Case
                14:57:48: 9  case no=  425 seq. no=  34 idynl= 0
                14:57:48:10  LOADEND ISLAVE                                   0
                14:57:48:10  Start Input for Next Load Case
                14:57:48:11  case no=  426 seq. no=  35 idynl= 0
                14:57:48:11  LOADEND ISLAVE                                   0
                14:57:48:12  Start Input for Next Load Case
                14:57:48:12  case no=  427 seq. no=  36 idynl= 0
                14:57:48:13  LOADEND ISLAVE                                   0
                14:57:48:13  Start Input for Next Load Case
                14:57:48:14  case no=  428 seq. no=  37 idynl= 0
                14:57:48:14  LOADEND ISLAVE                                   0
                14:57:48:15  Start Input for Next Load Case
                14:57:48:15  case no=  711 seq. no=  38 idynl= 0
                14:57:48:16  LOADEND ISLAVE                                   0
                14:57:48:16  Start Input for Next Load Case
                14:57:48:17  case no=  712 seq. no=  39 idynl= 0
                14:57:48:17  LOADEND ISLAVE                                   0
                14:57:48:18  Start Input for Next Load Case
                14:57:48:18  case no=  713 seq. no=  40 idynl= 0
                14:57:48:19  LOADEND ISLAVE                                   0
                14:57:48:20  Start Input for Next Load Case
                14:57:48:20  case no=  714 seq. no=  41 idynl= 0
                14:57:48:21  LOADEND ISLAVE                                   0
                14:57:48:21  Start Input for Next Load Case
                14:57:48:22  case no=  715 seq. no=  42 idynl= 0
                14:57:48:22  LOADEND ISLAVE                                   0
                14:57:48:23  Start Input for Next Load Case
                14:57:48:23  case no=  716 seq. no=  43 idynl= 0
                14:57:48:24  LOADEND ISLAVE                                   0
                14:57:48:24  Start Input for Next Load Case
                14:57:48:25  case no=  717 seq. no=  44 idynl= 0
                14:57:48:25  LOADEND ISLAVE                                   0
                14:57:48:26  Start Input for Next Load Case
                14:57:48:26  case no=  718 seq. no=  45 idynl= 0
                14:57:48:27  LOADEND ISLAVE                                   0
                14:57:48:27  Start Input for Next Load Case
                14:57:48:28  case no= 1101 seq. no=  46 idynl= 0
                14:57:48:28  LOADEND ISLAVE                                   0
                14:57:48:28  Start Input for Next Load Case
                14:57:48:29  case no= 1102 seq. no=  47 idynl= 0
                14:57:48:29  LOADEND ISLAVE                                   0
                14:57:48:30  Start Input for Next Load Case
                14:57:48:30  case no= 1103 seq. no=  48 idynl= 0
                14:57:48:31  LOADEND ISLAVE                                   0
                14:57:48:31  Start Input for Next Load Case
                14:57:48:32  case no= 1104 seq. no=  49 idynl= 0
                14:57:48:32  LOADEND ISLAVE                                   0
                14:57:48:33  Start Input for Next Load Case
                14:57:48:33  case no= 1105 seq. no=  50 idynl= 0
                14:57:48:34  LOADEND ISLAVE                                   0
                14:57:48:34  Start Input for Next Load Case
                14:57:48:35  case no= 1106 seq. no=  51 idynl= 0
                14:57:48:35  LOADEND ISLAVE                                   0
                14:57:48:36  Start Input for Next Load Case
                14:57:48:36  case no= 1107 seq. no=  52 idynl= 0
                14:57:48:37  LOADEND ISLAVE                                   0
                14:57:48:37  Start Input for Next Load Case
                14:57:48:38  case no= 1108 seq. no=  53 idynl= 0
                14:57:48:38  LOADEND ISLAVE                                   0
                14:57:48:38  Start Input for Next Load Case
                14:57:48:39  case no= 1201 seq. no=  54 idynl= 0
                14:57:48:39  LOADEND ISLAVE                                   0
                14:57:48:40  Start Input for Next Load Case
                14:57:48:40  case no= 1202 seq. no=  55 idynl= 0
                14:57:48:41  LOADEND ISLAVE                                   0
                14:57:48:41  Start Input for Next Load Case
                14:57:48:42  case no= 1203 seq. no=  56 idynl= 0
                14:57:48:42  LOADEND ISLAVE                                   0
                14:57:48:43  Start Input for Next Load Case
                14:57:48:43  case no= 1204 seq. no=  57 idynl= 0
                14:57:48:44  LOADEND ISLAVE                                   0
                14:57:48:44  Start Input for Next Load Case
                14:57:48:45  case no= 1205 seq. no=  58 idynl= 0
                14:57:48:45  LOADEND ISLAVE                                   0
                14:57:48:46  Start Input for Next Load Case
                14:57:48:46  case no= 1206 seq. no=  59 idynl= 0
                14:57:48:47  LOADEND ISLAVE                                   0
                14:57:48:47  Start Input for Next Load Case
                14:57:48:48  case no= 1207 seq. no=  60 idynl= 0
                14:57:48:48  LOADEND ISLAVE                                   0
                14:57:48:49  Start Input for Next Load Case
                14:57:48:49  case no= 1208 seq. no=  61 idynl= 0
                14:57:48:49  LOADEND ISLAVE                                   0
                14:57:48:50  Start Input for Next Load Case
                14:57:48:50  case no= 2101 seq. no=  62 idynl= 0
                14:57:48:51  LOADEND ISLAVE                                   0
                14:57:48:51  Start Input for Next Load Case
                14:57:48:52  case no= 2102 seq. no=  63 idynl= 0
                14:57:48:52  LOADEND ISLAVE                                   0
                14:57:48:53  Start Input for Next Load Case
                14:57:48:53  case no= 2103 seq. no=  64 idynl= 0
                14:57:48:54  LOADEND ISLAVE                                   0
                14:57:48:54  Start Input for Next Load Case
                14:57:48:55  case no= 2104 seq. no=  65 idynl= 0
                14:57:48:55  LOADEND ISLAVE                                   0
                14:57:48:56  Start Input for Next Load Case
                14:57:48:57  case no= 2105 seq. no=  66 idynl= 0
                14:57:48:57  LOADEND ISLAVE                                   0
                14:57:48:58  Start Input for Next Load Case
                14:57:48:58  case no= 2106 seq. no=  67 idynl= 0
                14:57:48:59  LOADEND ISLAVE                                   0
                14:57:48:59  Start Input for Next Load Case
                14:57:48:60  case no= 2107 seq. no=  68 idynl= 0
                14:57:48:60  LOADEND ISLAVE                                   0
                14:57:48:61  Start Input for Next Load Case
                14:57:48:61  case no= 2108 seq. no=  69 idynl= 0
                14:57:48:62  LOADEND ISLAVE                                   0
                14:57:48:62  Start Input for Next Load Case
                14:57:48:63  case no= 3001 seq. no=  70 idynl= 0
                14:57:48:63  LOADEND ISLAVE                                   0
                14:57:48:64  Start Input for Next Load Case
                14:57:48:64  case no= 3002 seq. no=  71 idynl= 0
                14:57:48:65  LOADEND ISLAVE                                   0
                14:57:48:65  Start Input for Next Load Case
                14:57:48:66  case no= 3003 seq. no=  72 idynl= 0
                14:57:48:66  LOADEND ISLAVE                                   0
                14:57:48:67  Start Input for Next Load Case
                14:57:48:67  case no= 3004 seq. no=  73 idynl= 0
                14:57:48:68  LOADEND ISLAVE                                   0
                14:57:48:68  Start Input for Next Load Case
                14:57:48:69  case no= 3005 seq. no=  74 idynl= 0
                14:57:48:69  LOADEND ISLAVE                                   0
                14:57:48:70  Start Input for Next Load Case
                14:57:48:70  case no= 3006 seq. no=  75 idynl= 0
                14:57:48:70  LOADEND ISLAVE                                   0
                14:57:48:71  Start Input for Next Load Case
                14:57:48:71  case no= 3007 seq. no=  76 idynl= 0
                14:57:48:72  LOADEND ISLAVE                                   0
                14:57:48:72  Start Input for Next Load Case
                14:57:48:73  case no= 3008 seq. no=  77 idynl= 0
                14:57:48:73  LOADEND ISLAVE                                   0
                14:57:48:74  Start Input for Next Load Case
                14:57:48:74  case no= 3011 seq. no=  78 idynl= 0
                14:57:48:75  LOADEND ISLAVE                                   0
                14:57:48:75  Start Input for Next Load Case
                14:57:48:76  case no= 3012 seq. no=  79 idynl= 0
                14:57:48:76  LOADEND ISLAVE                                   0
                14:57:48:76  Start Input for Next Load Case
                14:57:48:77  case no= 3013 seq. no=  80 idynl= 0
                14:57:48:77  LOADEND ISLAVE                                   0
                14:57:48:78  Start Input for Next Load Case
                14:57:48:79  case no= 3014 seq. no=  81 idynl= 0
                14:57:48:79  LOADEND ISLAVE                                   0
                14:57:48:80  Start Input for Next Load Case
                14:57:48:80  case no= 3015 seq. no=  82 idynl= 0
                14:57:48:81  LOADEND ISLAVE                                   0
                14:57:48:82  Start Input for Next Load Case
                14:57:48:82  case no= 3016 seq. no=  83 idynl= 0
                14:57:48:83  LOADEND ISLAVE                                   0
                14:57:48:83  Start Input for Next Load Case
                14:57:48:84  case no= 3017 seq. no=  84 idynl= 0
                14:57:48:84  LOADEND ISLAVE                                   0
                14:57:48:85  Start Input for Next Load Case
                14:57:48:85  case no= 3018 seq. no=  85 idynl= 0
                14:57:48:85  LOADEND ISLAVE                                   0
                14:57:48:86  Start Input for Next Load Case
                14:57:48:86  case no= 3021 seq. no=  86 idynl= 0
                14:57:48:87  LOADEND ISLAVE                                   0
                14:57:48:87  Start Input for Next Load Case
                14:57:48:88  case no= 3022 seq. no=  87 idynl= 0
                14:57:48:88  LOADEND ISLAVE                                   0
                14:57:48:89  Start Input for Next Load Case
                14:57:48:89  case no= 3023 seq. no=  88 idynl= 0
                14:57:48:90  LOADEND ISLAVE                                   0
                14:57:48:90  Start Input for Next Load Case
                14:57:48:91  case no= 3024 seq. no=  89 idynl= 0
                14:57:48:91  LOADEND ISLAVE                                   0
                14:57:48:92  Start Input for Next Load Case
                14:57:48:92  case no= 3025 seq. no=  90 idynl= 0
                14:57:48:93  LOADEND ISLAVE                                   0
                14:57:48:93  Start Input for Next Load Case
                14:57:48:94  case no= 3026 seq. no=  91 idynl= 0
                14:57:48:94  LOADEND ISLAVE                                   0
                14:57:48:95  Start Input for Next Load Case
                14:57:48:95  case no= 3027 seq. no=  92 idynl= 0
                14:57:48:95  LOADEND ISLAVE                                   0
                14:57:48:96  Start Input for Next Load Case
                14:57:48:96  case no= 3028 seq. no=  93 idynl= 0
                14:57:48:97  LOADEND ISLAVE                                   0
                14:57:48:97  Start Input for Next Load Case
                14:57:48:98  case no= 3201 seq. no=  94 idynl= 0
                14:57:48:98  LOADEND ISLAVE                                   0
                14:57:48:99  Start Input for Next Load Case
                14:57:49: 0  case no= 3202 seq. no=  95 idynl= 0
                14:57:49: 0  LOADEND ISLAVE                                   0
                14:57:49: 1  Start Input for Next Load Case
                14:57:49: 2  case no= 3203 seq. no=  96 idynl= 0
                14:57:49: 2  LOADEND ISLAVE                                   0
                14:57:49: 3  Start Input for Next Load Case
                14:57:49: 4  case no= 3204 seq. no=  97 idynl= 0
                14:57:49: 5  LOADEND ISLAVE                                   0
                14:57:49: 5  Start Input for Next Load Case
                14:57:49: 6  case no= 3205 seq. no=  98 idynl= 0
                14:57:49: 7  LOADEND ISLAVE                                   0
                14:57:49: 7  Start Input for Next Load Case
                14:57:49: 8  case no= 3206 seq. no=  99 idynl= 0
                14:57:49: 8  LOADEND ISLAVE                                   0
                14:57:49: 9  Start Input for Next Load Case
                14:57:49:10  case no= 3207 seq. no= 100 idynl= 0
                14:57:49:10  LOADEND ISLAVE                                   0
                14:57:49:11  Start Input for Next Load Case
                14:57:49:11  case no= 3208 seq. no= 101 idynl= 0
                14:57:49:12  LOADEND ISLAVE                                   0
                14:57:49:12  NVPREV                                           0
                14:57:49:13  AMAXNON                               7.391732E-01
                14:57:49:13  IRECSIZL=                                     4000
                14:57:49:14  MTX BLOCKSIZE=                                 918
                14:57:49:14  MI=                                            306
                14:57:49:15  NORECL=                                          1
                14:57:49:15  NORECL1=                                         1
                14:57:49:16  IWORD=                                       32000
                14:57:49:17  JRECSIZE=                                     4000
                14:57:49:17  IWORDJ=                                      32000
                14:57:49:17  IBYTE=                                           4
                14:57:49:18  JOINTS=                                         58
                14:57:49:18  MEMBERS=                                        62
                14:57:49:19  PLATES =                                         0
                14:57:49:19  SOLIDS =                                         0
                14:57:49:20  NO. OF EQUATIONS=                              306
                14:57:49:20  idyn=                                            0
                14:57:49:21  ipd=                                             0
                14:57:49:21  icablanl=                                        0
                14:57:49:22  ++ Processing Element Stiffness Matrix.
                14:57:49:22  NV1                                            101
                14:57:49:35  ++ Calculating Element Forces & Reactions.
                14:57:49:94  COMBINATION CASES=                               0
                14:57:49:94  MAX CM MEMORY (KILOWORDS)                       63
                14:57:49:95  AFTER SOLVER 1
                14:57:49:96  REOPEN AS SEQ                                    0
                14:57:49:96  DEFINE ENVELOPE
                14:57:49:97  LOAD LIST 1101 TO 110
                14:57:49:98  PARAMETER 1
                14:57:50: 1  CHECK CODE ALL
                14:57:50: 1  ENTERING SECTNM110 IQ=                          62
                14:57:50: 1               NSEC=                              11
                14:57:50: 2             ISECTN=                               0
                14:57:50: 6  SECTNM110 DO 925
                14:57:50:11  ENTERING ENVLP1 ITYP1=                          -3
                14:57:50:11  SECT DISPLACE
                14:57:50:16  Steel/Alum/Timber Design                        52
                14:57:50:26    ++ Finished Design ...
                14:57:50:26  Steel/Timber Design exit
                14:57:50:27  LOAD LIST 2101 TO 210
                14:57:50:28  PARAMETER 1
                14:57:50:31  CHECK CODE ALL
                14:57:50:31  ENTERING ENVLP1 ITYP1=                          -3
                14:57:50:32  SECT DISPLACE
                14:57:50:37  Steel/Alum/Timber Design                        52
                14:57:50:41    ++ Finished Design ...
                14:57:50:41  Steel/Timber Design exit
                14:57:50:41  LOAD LIST ENV 4 TO 7
                14:57:50:42  PARAMETER 1
                14:57:50:45  CHECK CODE ALL
                14:57:50:45  ENTERING ENVLP1 ITYP1=                          -3
                14:57:50:46  SECT DISPLACE
                14:57:50:51  Steel/Alum/Timber Design                        52
                14:57:50:61    ++ Finished Design ...
                14:57:50:61  Steel/Timber Design exit
                14:57:50:61  PRINT JOINT DISPLACEM
                14:57:50:63  PRINT SUPPORT REACTIO
                14:57:50:63  FINISH
                14:57:50:64  All Commands FINISHed
                14:57:50:64  DATASAVE for SPRO GUI
                14:57:50:65  ++ Creating Displacement File (DSP)...
                14:57:50:68  ++ Creating Reaction File (REA)...
                14:57:50:68  ++ Creating Section Force File (BMD)...
                14:57:50:74  ++ Creating Section Displace File (SEC)...
                14:57:50:74  ENTERING ENVLP1 ITYP1=                          -5
                14:57:50:75  SECT DISPLACE
                14:57:50:82  ++ Creating Section Displace File (SCN)...
                14:57:50:88  ++ Creating Design information File (DGN)...
                14:57:50:88  ALLOCATED CM MEMORY (KILOWORDS)             300000
                14:57:50:89  MAX CM MEMORY (KILOWORDS)                      261
                14:57:50:90  DBS LONG SEC NAME
* End Of Analysis At Thu Jan  9 14:57:50 2025
* CPU usage = 3.931000
* STAAD Exit Code: 100, Warning Count: 0, Error Count: 0, Duration: 3.931
1 0 0 3.931
****************************************************************************
*                            END OF ANALYSIS                               *
****************************************************************************
