09/06/2024 15:10:49	Reading UID database.
09/06/2024 15:10:49	Start loading STAAD model.
09/06/2024 15:10:49	Reading model file.
09/06/2024 15:10:50	Reading model file is complete.
09/06/2024 15:10:50	Processing support.
09/06/2024 15:10:50	Processing springs.
09/06/2024 15:10:50	Processing properties.
09/06/2024 15:10:50	Processing physical properties.
09/06/2024 15:10:50	Processing constants.
09/06/2024 15:10:50	Processing BETA constants.
09/06/2024 15:10:50	Processing hidden analytical member loads.
09/06/2024 15:10:50	Processing command list for member release.
09/06/2024 15:10:50	Processing command list for member offset.
09/06/2024 15:10:50	Processing command list for member specs (cracked).
09/06/2024 15:10:50	Processing command list for member specs (axial).
09/06/2024 15:10:50	Processing command list for element release.
09/06/2024 15:10:50	Processing command list for element offset.
09/06/2024 15:10:50	Processing command list for element plate stress directive.
09/06/2024 15:10:50	Processing parameter for Chinese wind load case.
09/06/2024 15:10:50	End Processing command list.
09/06/2024 15:10:50	End loading STAAD model.
09/06/2024 15:10:50	Start Post Analysis method
09/06/2024 15:10:50	Removed all hidden plates from surfaces
09/06/2024 15:10:50	Removed all hidden plates
09/06/2024 15:10:50	Removed all hidden nodes
09/06/2024 15:10:50	Loading results from MSH file...
09/06/2024 15:10:50	Building result indices...
09/06/2024 15:10:50	Loading plate stress results...
09/06/2024 15:10:50	Set analysis report setup data
09/06/2024 15:10:50	Starting page setup...
09/06/2024 15:10:50	Page setup completed
09/06/2024 15:10:50	Setting available workflows...
09/06/2024 15:10:50	Post analysis method ends
09/06/2024 17:55:42	Reading UID database.
09/06/2024 17:55:42	Start loading STAAD model.
09/06/2024 17:55:42	Reading model file.
09/06/2024 17:55:42	Reading model file is complete.
09/06/2024 17:55:42	Processing support.
09/06/2024 17:55:42	Processing springs.
09/06/2024 17:55:42	Processing properties.
09/06/2024 17:55:42	Processing physical properties.
09/06/2024 17:55:42	Processing constants.
09/06/2024 17:55:42	Processing BETA constants.
09/06/2024 17:55:42	Processing hidden analytical member loads.
09/06/2024 17:55:42	Processing command list for member release.
09/06/2024 17:55:42	Processing command list for member offset.
09/06/2024 17:55:42	Processing command list for member specs (cracked).
09/06/2024 17:55:42	Processing command list for member specs (axial).
09/06/2024 17:55:42	Processing command list for element release.
09/06/2024 17:55:42	Processing command list for element offset.
09/06/2024 17:55:42	Processing command list for element plate stress directive.
09/06/2024 17:55:42	Processing parameter for Chinese wind load case.
09/06/2024 17:55:42	End Processing command list.
09/06/2024 17:55:42	End loading STAAD model.
09/06/2024 17:55:42	Start Post Analysis method
09/06/2024 17:55:42	Removed all hidden plates from surfaces
09/06/2024 17:55:42	Removed all hidden plates
09/06/2024 17:55:42	Removed all hidden nodes
09/06/2024 17:55:42	Loading results from MSH file...
09/06/2024 17:55:42	Building result indices...
09/06/2024 17:55:42	Loading plate stress results...
09/06/2024 17:55:42	Set analysis report setup data
09/06/2024 17:55:42	Starting page setup...
09/06/2024 17:55:42	Page setup completed
09/06/2024 17:55:42	Setting available workflows...
09/06/2024 17:55:42	Post analysis method ends
09/06/2024 17:56:03	Start Post Analysis method
09/06/2024 17:56:03	Removed all hidden plates from surfaces
09/06/2024 17:56:03	Removed all hidden plates
09/06/2024 17:56:03	Removed all hidden nodes
09/06/2024 17:56:03	Loading results from MSH file...
09/06/2024 17:56:03	Building result indices...
09/06/2024 17:56:03	Loading plate stress results...
09/06/2024 17:56:03	Set analysis report setup data
09/06/2024 17:56:03	Starting page setup...
09/06/2024 17:56:03	Page setup completed
09/06/2024 17:56:03	Setting available workflows...
09/06/2024 17:56:03	Post analysis method ends
09/06/2024 17:57:07	Start Post Analysis method
09/06/2024 17:57:07	Removed all hidden plates from surfaces
09/06/2024 17:57:07	Removed all hidden plates
09/06/2024 17:57:07	Removed all hidden nodes
09/06/2024 17:57:07	Loading results from MSH file...
09/06/2024 17:57:07	Building result indices...
09/06/2024 17:57:07	Loading plate stress results...
09/06/2024 17:57:07	Set analysis report setup data
09/06/2024 17:57:07	Starting page setup...
09/06/2024 17:57:07	Page setup completed
09/06/2024 17:57:07	Setting available workflows...
09/06/2024 17:57:07	Post analysis method ends
09/06/2024 17:58:08	Start Post Analysis method
09/06/2024 17:58:08	Removed all hidden plates from surfaces
09/06/2024 17:58:08	Removed all hidden plates
09/06/2024 17:58:08	Removed all hidden nodes
09/06/2024 17:58:08	Loading results from MSH file...
09/06/2024 17:58:08	Building result indices...
09/06/2024 17:58:08	Loading plate stress results...
09/06/2024 17:58:08	Set analysis report setup data
09/06/2024 17:58:08	Starting page setup...
09/06/2024 17:58:08	Page setup completed
09/06/2024 17:58:08	Setting available workflows...
09/06/2024 17:58:08	Post analysis method ends
09/06/2024 18:11:32	Reading UID database.
09/06/2024 18:11:32	Start loading STAAD model.
09/06/2024 18:11:32	Reading model file.
09/06/2024 18:11:32	Reading model file is complete.
09/06/2024 18:11:32	Processing support.
09/06/2024 18:11:32	Processing springs.
09/06/2024 18:11:32	Processing properties.
09/06/2024 18:11:32	Processing physical properties.
09/06/2024 18:11:32	Processing constants.
09/06/2024 18:11:32	Processing BETA constants.
09/06/2024 18:11:32	Processing hidden analytical member loads.
09/06/2024 18:11:32	Processing command list for member release.
09/06/2024 18:11:32	Processing command list for member offset.
09/06/2024 18:11:32	Processing command list for member specs (cracked).
09/06/2024 18:11:32	Processing command list for member specs (axial).
09/06/2024 18:11:32	Processing command list for element release.
09/06/2024 18:11:32	Processing command list for element offset.
09/06/2024 18:11:32	Processing command list for element plate stress directive.
09/06/2024 18:11:32	Processing parameter for Chinese wind load case.
09/06/2024 18:11:32	End Processing command list.
09/06/2024 18:11:32	End loading STAAD model.
09/06/2024 18:11:32	Start Post Analysis method
09/06/2024 18:11:32	Removed all hidden plates from surfaces
09/06/2024 18:11:32	Removed all hidden plates
09/06/2024 18:11:32	Removed all hidden nodes
09/06/2024 18:11:33	Loading results from MSH file...
09/06/2024 18:11:33	Building result indices...
09/06/2024 18:11:33	Loading plate stress results...
09/06/2024 18:11:33	Set analysis report setup data
09/06/2024 18:11:33	Starting page setup...
09/06/2024 18:11:33	Page setup completed
09/06/2024 18:11:33	Setting available workflows...
09/06/2024 18:11:33	Post analysis method ends
09/06/2024 18:26:09	Reading UID database.
09/06/2024 18:26:09	Start loading STAAD model.
09/06/2024 18:26:09	Reading model file.
09/06/2024 18:26:09	Reading model file is complete.
09/06/2024 18:26:09	Processing support.
09/06/2024 18:26:09	Processing springs.
09/06/2024 18:26:09	Processing properties.
09/06/2024 18:26:09	Processing physical properties.
09/06/2024 18:26:09	Processing constants.
09/06/2024 18:26:09	Processing BETA constants.
09/06/2024 18:26:09	Processing hidden analytical member loads.
09/06/2024 18:26:09	Processing command list for member release.
09/06/2024 18:26:09	Processing command list for member offset.
09/06/2024 18:26:09	Processing command list for member specs (cracked).
09/06/2024 18:26:09	Processing command list for member specs (axial).
09/06/2024 18:26:09	Processing command list for element release.
09/06/2024 18:26:09	Processing command list for element offset.
09/06/2024 18:26:09	Processing command list for element plate stress directive.
09/06/2024 18:26:09	Processing parameter for Chinese wind load case.
09/06/2024 18:26:09	End Processing command list.
09/06/2024 18:26:09	End loading STAAD model.
09/06/2024 18:26:09	Start Post Analysis method
09/06/2024 18:26:09	Removed all hidden plates from surfaces
09/06/2024 18:26:09	Removed all hidden plates
09/06/2024 18:26:09	Removed all hidden nodes
09/06/2024 18:26:09	Loading results from MSH file...
09/06/2024 18:26:09	Building result indices...
09/06/2024 18:26:09	Loading plate stress results...
09/06/2024 18:26:09	Set analysis report setup data
09/06/2024 18:26:09	Starting page setup...
09/06/2024 18:26:09	Page setup completed
09/06/2024 18:26:09	Setting available workflows...
09/06/2024 18:26:09	Post analysis method ends
09/06/2024 18:26:30	Start Post Analysis method
09/06/2024 18:26:30	Removed all hidden plates from surfaces
09/06/2024 18:26:30	Removed all hidden plates
09/06/2024 18:26:30	Removed all hidden nodes
09/06/2024 18:26:30	Loading results from MSH file...
09/06/2024 18:26:30	Building result indices...
09/06/2024 18:26:30	Loading plate stress results...
09/06/2024 18:26:30	Set analysis report setup data
09/06/2024 18:26:30	Starting page setup...
09/06/2024 18:26:30	Page setup completed
09/06/2024 18:26:30	Setting available workflows...
09/06/2024 18:26:30	Post analysis method ends
09/06/2024 18:26:55	Start Post Analysis method
09/06/2024 18:26:55	Removed all hidden plates from surfaces
09/06/2024 18:26:55	Removed all hidden plates
09/06/2024 18:26:55	Removed all hidden nodes
09/06/2024 18:26:55	Loading results from MSH file...
09/06/2024 18:26:55	Building result indices...
09/06/2024 18:26:55	Loading plate stress results...
09/06/2024 18:26:55	Set analysis report setup data
09/06/2024 18:26:55	Starting page setup...
09/06/2024 18:26:55	Page setup completed
09/06/2024 18:26:55	Setting available workflows...
09/06/2024 18:26:55	Post analysis method ends
09/06/2024 18:29:31	Start Post Analysis method
09/06/2024 18:29:31	Removed all hidden plates from surfaces
09/06/2024 18:29:31	Removed all hidden plates
09/06/2024 18:29:31	Removed all hidden nodes
09/06/2024 18:29:31	Loading results from MSH file...
09/06/2024 18:29:31	Building result indices...
09/06/2024 18:29:31	Loading plate stress results...
09/06/2024 18:29:31	Set analysis report setup data
09/06/2024 18:29:31	Starting page setup...
09/06/2024 18:29:31	Page setup completed
09/06/2024 18:29:31	Setting available workflows...
09/06/2024 18:29:31	Post analysis method ends
09/06/2024 18:31:23	Start Post Analysis method
09/06/2024 18:31:23	Removed all hidden plates from surfaces
09/06/2024 18:31:23	Removed all hidden plates
09/06/2024 18:31:23	Removed all hidden nodes
09/06/2024 18:31:23	Loading results from MSH file...
09/06/2024 18:31:23	Building result indices...
09/06/2024 18:31:23	Loading plate stress results...
09/06/2024 18:31:23	Set analysis report setup data
09/06/2024 18:31:23	Starting page setup...
09/06/2024 18:31:23	Page setup completed
09/06/2024 18:31:24	Setting available workflows...
09/06/2024 18:31:24	Post analysis method ends
