09/03/2024 15:49:36	Reading UID database.
09/03/2024 15:49:36	Start loading STAAD model.
09/03/2024 15:49:36	Reading model file.
09/03/2024 15:49:36	Reading model file is complete.
09/03/2024 15:49:36	Processing support.
09/03/2024 15:49:36	Processing springs.
09/03/2024 15:49:36	Processing properties.
09/03/2024 15:49:36	Processing physical properties.
09/03/2024 15:49:36	Processing constants.
09/03/2024 15:49:36	Processing BETA constants.
09/03/2024 15:49:36	Processing hidden analytical member loads.
09/03/2024 15:49:36	Processing command list for member release.
09/03/2024 15:49:36	Processing command list for member offset.
09/03/2024 15:49:36	Processing command list for member specs (cracked).
09/03/2024 15:49:36	Processing command list for member specs (axial).
09/03/2024 15:49:36	Processing command list for element release.
09/03/2024 15:49:36	Processing command list for element offset.
09/03/2024 15:49:36	Processing command list for element plate stress directive.
09/03/2024 15:49:36	Processing parameter for Chinese wind load case.
09/03/2024 15:49:36	End Processing command list.
09/03/2024 15:49:36	End loading STAAD model.
09/03/2024 15:49:36	Start Post Analysis method
09/03/2024 15:49:36	Removed all hidden plates from surfaces
09/03/2024 15:49:36	Removed all hidden plates
09/03/2024 15:49:36	Removed all hidden nodes
09/03/2024 15:49:36	Loading results from MSH file...
09/03/2024 15:49:36	Building result indices...
09/03/2024 15:49:36	Loading plate stress results...
09/03/2024 15:49:36	Set analysis report setup data
09/03/2024 15:49:36	Starting page setup...
09/03/2024 15:49:36	Page setup completed
09/03/2024 15:49:36	Setting available workflows...
09/03/2024 15:49:36	Post analysis method ends
09/03/2024 15:52:41	Start Post Analysis method
09/03/2024 15:52:41	Removed all hidden plates from surfaces
09/03/2024 15:52:41	Removed all hidden plates
09/03/2024 15:52:41	Removed all hidden nodes
09/03/2024 15:52:41	Loading results from MSH file...
09/03/2024 15:52:41	Building result indices...
09/03/2024 15:52:41	Loading plate stress results...
09/03/2024 15:52:41	Set analysis report setup data
09/03/2024 15:52:41	Starting page setup...
09/03/2024 15:52:41	Page setup completed
09/03/2024 15:52:41	Setting available workflows...
09/03/2024 15:52:41	Post analysis method ends
09/03/2024 16:37:01	Reading UID database.
09/03/2024 16:37:01	Start loading STAAD model.
09/03/2024 16:37:01	Reading model file.
09/03/2024 16:37:01	Reading model file is complete.
09/03/2024 16:37:01	Processing support.
09/03/2024 16:37:02	Processing springs.
09/03/2024 16:37:02	Processing properties.
09/03/2024 16:37:02	Processing physical properties.
09/03/2024 16:37:02	Processing constants.
09/03/2024 16:37:02	Processing BETA constants.
09/03/2024 16:37:02	Processing hidden analytical member loads.
09/03/2024 16:37:02	Processing command list for member release.
09/03/2024 16:37:02	Processing command list for member offset.
09/03/2024 16:37:02	Processing command list for member specs (cracked).
09/03/2024 16:37:02	Processing command list for member specs (axial).
09/03/2024 16:37:02	Processing command list for element release.
09/03/2024 16:37:02	Processing command list for element offset.
09/03/2024 16:37:02	Processing command list for element plate stress directive.
09/03/2024 16:37:02	Processing parameter for Chinese wind load case.
09/03/2024 16:37:02	End Processing command list.
09/03/2024 16:37:02	End loading STAAD model.
09/03/2024 16:37:02	Start Post Analysis method
09/03/2024 16:37:02	Removed all hidden plates from surfaces
09/03/2024 16:37:02	Removed all hidden plates
09/03/2024 16:37:02	Removed all hidden nodes
09/03/2024 16:37:02	Loading results from MSH file...
09/03/2024 16:37:02	Building result indices...
09/03/2024 16:37:02	Loading plate stress results...
09/03/2024 16:37:02	Set analysis report setup data
09/03/2024 16:37:02	Starting page setup...
09/03/2024 16:37:02	Page setup completed
09/03/2024 16:37:02	Setting available workflows...
09/03/2024 16:37:02	Post analysis method ends
09/03/2024 16:37:22	Start Post Analysis method
09/03/2024 16:37:22	Removed all hidden plates from surfaces
09/03/2024 16:37:22	Removed all hidden plates
09/03/2024 16:37:22	Removed all hidden nodes
09/03/2024 16:37:22	Loading results from MSH file...
09/03/2024 16:37:22	Building result indices...
09/03/2024 16:37:22	Loading plate stress results...
09/03/2024 16:37:22	Set analysis report setup data
09/03/2024 16:37:22	Starting page setup...
09/03/2024 16:37:22	Page setup completed
09/03/2024 16:37:22	Setting available workflows...
09/03/2024 16:37:22	Post analysis method ends
