08/07/2024 10:42:53	Reading UID database.
08/07/2024 10:42:53	Start loading STAAD model.
08/07/2024 10:42:53	Reading model file.
08/07/2024 10:42:54	Reading model file is complete.
08/07/2024 10:42:54	Processing support.
08/07/2024 10:42:54	Processing springs.
08/07/2024 10:42:54	Processing properties.
08/07/2024 10:42:54	Processing physical properties.
08/07/2024 10:42:54	Processing constants.
08/07/2024 10:42:54	Processing BETA constants.
08/07/2024 10:42:54	Processing hidden analytical member loads.
08/07/2024 10:42:54	Processing command list for member release.
08/07/2024 10:42:54	Processing command list for member offset.
08/07/2024 10:42:54	Processing command list for member specs (cracked).
08/07/2024 10:42:54	Processing command list for member specs (axial).
08/07/2024 10:42:54	Processing command list for element release.
08/07/2024 10:42:54	Processing command list for element offset.
08/07/2024 10:42:54	Processing command list for element plate stress directive.
08/07/2024 10:42:54	Processing parameter for Chinese wind load case.
08/07/2024 10:42:54	End Processing command list.
08/07/2024 10:42:54	End loading STAAD model.
08/07/2024 10:42:54	Start Post Analysis method
08/07/2024 10:42:54	Removed all hidden plates from surfaces
08/07/2024 10:42:54	Removed all hidden plates
08/07/2024 10:42:54	Removed all hidden nodes
08/07/2024 10:42:54	Loading results from MSH file...
08/07/2024 10:42:54	Building result indices...
08/07/2024 10:42:54	Loading plate stress results...
08/07/2024 10:42:54	Set analysis report setup data
08/07/2024 10:42:54	Starting page setup...
08/07/2024 10:42:54	Page setup completed
08/07/2024 10:42:54	Setting available workflows...
08/07/2024 10:42:54	Post analysis method ends
08/07/2024 10:44:24	Start Post Analysis method
08/07/2024 10:44:24	Removed all hidden plates from surfaces
08/07/2024 10:44:24	Removed all hidden plates
08/07/2024 10:44:24	Removed all hidden nodes
08/07/2024 10:44:24	Loading results from MSH file...
08/07/2024 10:44:24	Building result indices...
08/07/2024 10:44:24	Loading plate stress results...
08/07/2024 10:44:24	Set analysis report setup data
08/07/2024 10:44:24	Starting page setup...
08/07/2024 10:44:24	Page setup completed
08/07/2024 10:44:24	Setting available workflows...
08/07/2024 10:44:24	Post analysis method ends
08/07/2024 10:49:46	Reading UID database.
08/07/2024 10:49:46	Start loading STAAD model.
08/07/2024 10:49:46	Reading model file.
08/07/2024 10:49:47	Reading model file is complete.
08/07/2024 10:49:47	Processing support.
08/07/2024 10:49:47	Processing springs.
08/07/2024 10:49:47	Processing properties.
08/07/2024 10:49:47	Processing physical properties.
08/07/2024 10:49:47	Processing constants.
08/07/2024 10:49:47	Processing BETA constants.
08/07/2024 10:49:47	Processing hidden analytical member loads.
08/07/2024 10:49:47	Processing command list for member release.
08/07/2024 10:49:47	Processing command list for member offset.
08/07/2024 10:49:47	Processing command list for member specs (cracked).
08/07/2024 10:49:47	Processing command list for member specs (axial).
08/07/2024 10:49:47	Processing command list for element release.
08/07/2024 10:49:47	Processing command list for element offset.
08/07/2024 10:49:47	Processing command list for element plate stress directive.
08/07/2024 10:49:47	Processing parameter for Chinese wind load case.
08/07/2024 10:49:47	End Processing command list.
08/07/2024 10:49:47	End loading STAAD model.
08/07/2024 10:49:47	Start Post Analysis method
08/07/2024 10:49:47	Removed all hidden plates from surfaces
08/07/2024 10:49:47	Removed all hidden plates
08/07/2024 10:49:47	Removed all hidden nodes
08/07/2024 10:49:47	Loading results from MSH file...
08/07/2024 10:49:47	Building result indices...
08/07/2024 10:49:47	Loading plate stress results...
08/07/2024 10:49:47	Set analysis report setup data
08/07/2024 10:49:47	Starting page setup...
08/07/2024 10:49:47	Page setup completed
08/07/2024 10:49:47	Setting available workflows...
08/07/2024 10:49:47	Post analysis method ends
08/07/2024 10:50:02	Start Post Analysis method
08/07/2024 10:50:02	Removed all hidden plates from surfaces
08/07/2024 10:50:02	Removed all hidden plates
08/07/2024 10:50:02	Removed all hidden nodes
08/07/2024 10:50:02	Loading results from MSH file...
08/07/2024 10:50:02	Building result indices...
08/07/2024 10:50:02	Loading plate stress results...
08/07/2024 10:50:02	Set analysis report setup data
08/07/2024 10:50:02	Starting page setup...
08/07/2024 10:50:02	Page setup completed
08/07/2024 10:50:02	Setting available workflows...
08/07/2024 10:50:02	Post analysis method ends
