01/13/2025 11:00:40	Reading UID database.
01/13/2025 11:00:40	Start loading STAAD model.
01/13/2025 11:00:40	Reading model file.
01/13/2025 11:00:41	Reading model file is complete.
01/13/2025 11:00:41	Processing support.
01/13/2025 11:00:41	Processing springs.
01/13/2025 11:00:41	Processing properties.
01/13/2025 11:00:41	Processing physical properties.
01/13/2025 11:00:41	Processing constants.
01/13/2025 11:00:41	Processing BETA constants.
01/13/2025 11:00:41	Processing hidden analytical member loads.
01/13/2025 11:00:41	Processing command list for member release.
01/13/2025 11:00:41	Processing command list for member offset.
01/13/2025 11:00:41	Processing command list for member specs (cracked).
01/13/2025 11:00:41	Processing command list for member specs (axial).
01/13/2025 11:00:41	Processing command list for element release.
01/13/2025 11:00:41	Processing command list for element offset.
01/13/2025 11:00:41	Processing command list for element plate stress directive.
01/13/2025 11:00:41	Processing parameter for Chinese wind load case.
01/13/2025 11:00:41	End Processing command list.
01/13/2025 11:00:41	End loading STAAD model.
01/13/2025 11:00:41	Start Post Analysis method
01/13/2025 11:00:41	Removed all hidden plates from surfaces
01/13/2025 11:00:41	Removed all hidden plates
01/13/2025 11:00:41	Removed all hidden nodes
01/13/2025 11:00:41	Loading results from MSH file...
01/13/2025 11:00:41	Building result indices...
01/13/2025 11:00:41	Loading plate stress results...
01/13/2025 11:00:41	Set analysis report setup data
01/13/2025 11:00:41	Starting page setup...
01/13/2025 11:00:41	Page setup completed
01/13/2025 11:00:41	Setting available workflows...
01/13/2025 11:00:41	Post analysis method ends
