10:25:59	Initializing STAAD Engine
10:25:59	Run stream set up is complete.
10:25:59	Initialize license libraries.
10:25:59	License libraries initialized.
10:25:59	Starting license(s) for A & D engine.
10:26:00	License Status: Ok
10:26:00	License information set up is complete.
****************************************************************************
*                            START OF ANALYSIS                             *
****************************************************************************
* Initiating Analysis At Mon Jan  6 10:26:00 2025
                          PROGRAM: STAAD.Pro
                          VERSION: 23.00.03.25
                10:26: 0:69  ENTERING STAAD
                10:26: 0:72  USING 64 BIT STAAD ENGINE
                10:26: 0:72  ENTERING MAINN
                10:26: 0:72  START JOB INFORMATION
                10:26: 0:74  INPUT WIDTH 79
                10:26: 0:74  UNIT MMS KN
                10:26: 0:74  JOINT COORDINATES
                10:26: 0:75  ENTERING JOINTC
                10:26: 0:75  JOINTC NEWJ                                 400000
                10:26: 0:77  MAX NODE NO.                                     5
                10:26: 0:77  MEMBER INCIDENCES
                10:26: 0:77  UNIT METER KN
                10:26: 0:79  DEFINE MATERIAL START
                10:26: 0:79  UNIT MMS KN
                10:26: 0:79  MEMBER PROPERTY EUROP
                10:26: 1:49    ++ Finished Reading Member Properties ...
                10:26: 1:49  CONSTANTS
                10:26: 1:50  SUPPORTS
                10:26: 1:51  ENTERING SUPPORT
                10:26: 1:51  UNIT METER KN
                10:26: 1:52  DEFINE WIND LOAD
                10:26: 1:53  LOAD 121 LOADTYPE DEA
                10:26: 1:53  DUPLICATE ELEMENT CHECK
                10:26: 1:54  CHECKING STRUCTURAL INTEGRITY
                10:26: 1:55  CHECK UNCONNECTED JOINTS AND
                10:26: 1:55  CALCULATE MAX JOINT CONNECTIVITY
                10:26: 1:56  CHECK MULTIPLE STRUCTURES
                10:26: 1:57  ENTERING SUPPORT
                10:26: 1:57  NRJOLD                                           0
                10:26: 1:58  SUPPORT NOLD                                     0
                10:26: 1:59  SUPPORT N                                       24
                10:26: 1:59  BEFORE LOADPR
                10:26: 1:60  REOPEN AS DIR                                    0
                10:26: 1:61  ENTER LOADPR
                10:26: 1:73  PERFORM ANALYSIS PRIN
                10:26: 1:73  pdel iter                                        0
                10:26: 1:75  MAXIMUM E =                           2.973273E+04
                10:26: 1:76  MINIMUM E =                           2.973273E+04
                10:26: 1:77  MBW DOF BAND=                                    1
                10:26: 1:78  NUMBER OF PRIMARY CASES                        101
                10:26: 1:79  NUMBER OF CASES                                252
                10:26: 1:79  #OF CASES W/ELEM INMEMORY                      252
                10:26: 1:80  MEMORY FOR MEMBER LOADS                      12096
                10:26: 1:81  MEMORY FOR MEMBER FORCES                     12096
                10:26: 1:81  Using 64-bit analysis engine
                10:26: 1:82  BEFORE SOLVER 1
                10:26: 1:83  Start Input for Next Load Case
                10:26: 1:84  case no=  121 seq. no=   1 idynl= 0
                10:26: 1:85  MASSSET                                          0
                10:26: 1:85  LOADEND ISLAVE                                   0
                10:26: 1:86  Start Input for Next Load Case
                10:26: 1:87  case no=  201 seq. no=   2 idynl= 0
                10:26: 1:88  LOADEND ISLAVE                                   0
                10:26: 1:89  Start Input for Next Load Case
                10:26: 1:90  case no=  202 seq. no=   3 idynl= 0
                10:26: 1:90  LOADEND ISLAVE                                   0
                10:26: 1:91  Start Input for Next Load Case
                10:26: 1:93  case no=  203 seq. no=   4 idynl= 0
                10:26: 1:93  LOADEND ISLAVE                                   0
                10:26: 1:94  Start Input for Next Load Case
                10:26: 1:95  case no=  204 seq. no=   5 idynl= 0
                10:26: 1:96  LOADEND ISLAVE                                   0
                10:26: 1:98  Start Input for Next Load Case
                10:26: 1:98  case no=  205 seq. no=   6 idynl= 0
                10:26: 1:99  LOADEND ISLAVE                                   0
                10:26: 2: 0  Start Input for Next Load Case
                10:26: 2: 1  case no=  206 seq. no=   7 idynl= 0
                10:26: 2: 1  LOADEND ISLAVE                                   0
                10:26: 2: 2  Start Input for Next Load Case
                10:26: 2: 3  case no=  207 seq. no=   8 idynl= 0
                10:26: 2: 4  LOADEND ISLAVE                                   0
                10:26: 2: 4  Start Input for Next Load Case
                10:26: 2: 5  case no=  208 seq. no=   9 idynl= 0
                10:26: 2: 6  LOADEND ISLAVE                                   0
                10:26: 2: 6  Start Input for Next Load Case
                10:26: 2: 7  case no=  312 seq. no=  10 idynl= 0
                10:26: 2: 8  LOADEND ISLAVE                                   0
                10:26: 2: 9  Start Input for Next Load Case
                10:26: 2: 9  case no=  313 seq. no=  11 idynl= 0
                10:26: 2:10  LOADEND ISLAVE                                   0
                10:26: 2:10  Start Input for Next Load Case
                10:26: 2:11  case no=  314 seq. no=  12 idynl= 0
                10:26: 2:12  LOADEND ISLAVE                                   0
                10:26: 2:12  Start Input for Next Load Case
                10:26: 2:13  case no=  315 seq. no=  13 idynl= 0
                10:26: 2:14  LOADEND ISLAVE                                   0
                10:26: 2:14  Start Input for Next Load Case
                10:26: 2:15  case no=  322 seq. no=  14 idynl= 0
                10:26: 2:16  LOADEND ISLAVE                                   0
                10:26: 2:16  Start Input for Next Load Case
                10:26: 2:17  case no=  323 seq. no=  15 idynl= 0
                10:26: 2:18  LOADEND ISLAVE                                   0
                10:26: 2:18  Start Input for Next Load Case
                10:26: 2:19  case no=  324 seq. no=  16 idynl= 0
                10:26: 2:20  LOADEND ISLAVE                                   0
                10:26: 2:20  Start Input for Next Load Case
                10:26: 2:21  case no=  325 seq. no=  17 idynl= 0
                10:26: 2:22  LOADEND ISLAVE                                   0
                10:26: 2:22  Start Input for Next Load Case
                10:26: 2:23  case no=  332 seq. no=  18 idynl= 0
                10:26: 2:23  LOADEND ISLAVE                                   0
                10:26: 2:24  Start Input for Next Load Case
                10:26: 2:25  case no=  333 seq. no=  19 idynl= 0
                10:26: 2:25  LOADEND ISLAVE                                   0
                10:26: 2:26  Start Input for Next Load Case
                10:26: 2:26  case no=  334 seq. no=  20 idynl= 0
                10:26: 2:27  LOADEND ISLAVE                                   0
                10:26: 2:27  Start Input for Next Load Case
                10:26: 2:28  case no=  335 seq. no=  21 idynl= 0
                10:26: 2:29  LOADEND ISLAVE                                   0
                10:26: 2:29  Start Input for Next Load Case
                10:26: 2:30  case no=  411 seq. no=  22 idynl= 0
                10:26: 2:30  LOADEND ISLAVE                                   0
                10:26: 2:31  Start Input for Next Load Case
                10:26: 2:32  case no=  412 seq. no=  23 idynl= 0
                10:26: 2:32  LOADEND ISLAVE                                   0
                10:26: 2:33  Start Input for Next Load Case
                10:26: 2:33  case no=  413 seq. no=  24 idynl= 0
                10:26: 2:34  LOADEND ISLAVE                                   0
                10:26: 2:35  Start Input for Next Load Case
                10:26: 2:35  case no=  414 seq. no=  25 idynl= 0
                10:26: 2:36  LOADEND ISLAVE                                   0
                10:26: 2:37  Start Input for Next Load Case
                10:26: 2:37  case no=  415 seq. no=  26 idynl= 0
                10:26: 2:38  LOADEND ISLAVE                                   0
                10:26: 2:39  Start Input for Next Load Case
                10:26: 2:40  case no=  416 seq. no=  27 idynl= 0
                10:26: 2:40  LOADEND ISLAVE                                   0
                10:26: 2:41  Start Input for Next Load Case
                10:26: 2:42  case no=  417 seq. no=  28 idynl= 0
                10:26: 2:43  LOADEND ISLAVE                                   0
                10:26: 2:43  Start Input for Next Load Case
                10:26: 2:44  case no=  418 seq. no=  29 idynl= 0
                10:26: 2:45  LOADEND ISLAVE                                   0
                10:26: 2:45  Start Input for Next Load Case
                10:26: 2:46  case no=  421 seq. no=  30 idynl= 0
                10:26: 2:47  LOADEND ISLAVE                                   0
                10:26: 2:47  Start Input for Next Load Case
                10:26: 2:48  case no=  422 seq. no=  31 idynl= 0
                10:26: 2:48  LOADEND ISLAVE                                   0
                10:26: 2:49  Start Input for Next Load Case
                10:26: 2:50  case no=  423 seq. no=  32 idynl= 0
                10:26: 2:50  LOADEND ISLAVE                                   0
                10:26: 2:51  Start Input for Next Load Case
                10:26: 2:52  case no=  424 seq. no=  33 idynl= 0
                10:26: 2:53  LOADEND ISLAVE                                   0
                10:26: 2:53  Start Input for Next Load Case
                10:26: 2:54  case no=  425 seq. no=  34 idynl= 0
                10:26: 2:55  LOADEND ISLAVE                                   0
                10:26: 2:56  Start Input for Next Load Case
                10:26: 2:57  case no=  426 seq. no=  35 idynl= 0
                10:26: 2:58  LOADEND ISLAVE                                   0
                10:26: 2:58  Start Input for Next Load Case
                10:26: 2:59  case no=  427 seq. no=  36 idynl= 0
                10:26: 2:60  LOADEND ISLAVE                                   0
                10:26: 2:60  Start Input for Next Load Case
                10:26: 2:62  case no=  428 seq. no=  37 idynl= 0
                10:26: 2:63  LOADEND ISLAVE                                   0
                10:26: 2:64  Start Input for Next Load Case
                10:26: 2:65  case no=  711 seq. no=  38 idynl= 0
                10:26: 2:66  LOADEND ISLAVE                                   0
                10:26: 2:67  Start Input for Next Load Case
                10:26: 2:68  case no=  712 seq. no=  39 idynl= 0
                10:26: 2:69  LOADEND ISLAVE                                   0
                10:26: 2:71  Start Input for Next Load Case
                10:26: 2:71  case no=  713 seq. no=  40 idynl= 0
                10:26: 2:72  LOADEND ISLAVE                                   0
                10:26: 2:73  Start Input for Next Load Case
                10:26: 2:74  case no=  714 seq. no=  41 idynl= 0
                10:26: 2:75  LOADEND ISLAVE                                   0
                10:26: 2:76  Start Input for Next Load Case
                10:26: 2:76  case no=  715 seq. no=  42 idynl= 0
                10:26: 2:77  LOADEND ISLAVE                                   0
                10:26: 2:78  Start Input for Next Load Case
                10:26: 2:79  case no=  716 seq. no=  43 idynl= 0
                10:26: 2:79  LOADEND ISLAVE                                   0
                10:26: 2:80  Start Input for Next Load Case
                10:26: 2:81  case no=  717 seq. no=  44 idynl= 0
                10:26: 2:81  LOADEND ISLAVE                                   0
                10:26: 2:82  Start Input for Next Load Case
                10:26: 2:82  case no=  718 seq. no=  45 idynl= 0
                10:26: 2:83  LOADEND ISLAVE                                   0
                10:26: 2:84  Start Input for Next Load Case
                10:26: 2:84  case no= 1101 seq. no=  46 idynl= 0
                10:26: 2:85  LOADEND ISLAVE                                   0
                10:26: 2:85  Start Input for Next Load Case
                10:26: 2:86  case no= 1102 seq. no=  47 idynl= 0
                10:26: 2:87  LOADEND ISLAVE                                   0
                10:26: 2:87  Start Input for Next Load Case
                10:26: 2:88  case no= 1103 seq. no=  48 idynl= 0
                10:26: 2:89  LOADEND ISLAVE                                   0
                10:26: 2:89  Start Input for Next Load Case
                10:26: 2:90  case no= 1104 seq. no=  49 idynl= 0
                10:26: 2:90  LOADEND ISLAVE                                   0
                10:26: 2:91  Start Input for Next Load Case
                10:26: 2:91  case no= 1105 seq. no=  50 idynl= 0
                10:26: 2:92  LOADEND ISLAVE                                   0
                10:26: 2:92  Start Input for Next Load Case
                10:26: 2:93  case no= 1106 seq. no=  51 idynl= 0
                10:26: 2:94  LOADEND ISLAVE                                   0
                10:26: 2:94  Start Input for Next Load Case
                10:26: 2:95  case no= 1107 seq. no=  52 idynl= 0
                10:26: 2:95  LOADEND ISLAVE                                   0
                10:26: 2:96  Start Input for Next Load Case
                10:26: 2:97  case no= 1108 seq. no=  53 idynl= 0
                10:26: 2:97  LOADEND ISLAVE                                   0
                10:26: 2:98  Start Input for Next Load Case
                10:26: 2:99  case no= 1201 seq. no=  54 idynl= 0
                10:26: 3: 0  LOADEND ISLAVE                                   0
                10:26: 3: 1  Start Input for Next Load Case
                10:26: 3: 2  case no= 1202 seq. no=  55 idynl= 0
                10:26: 3: 2  LOADEND ISLAVE                                   0
                10:26: 3: 3  Start Input for Next Load Case
                10:26: 3: 4  case no= 1203 seq. no=  56 idynl= 0
                10:26: 3: 4  LOADEND ISLAVE                                   0
                10:26: 3: 5  Start Input for Next Load Case
                10:26: 3: 6  case no= 1204 seq. no=  57 idynl= 0
                10:26: 3: 6  LOADEND ISLAVE                                   0
                10:26: 3: 7  Start Input for Next Load Case
                10:26: 3: 7  case no= 1205 seq. no=  58 idynl= 0
                10:26: 3: 8  LOADEND ISLAVE                                   0
                10:26: 3: 9  Start Input for Next Load Case
                10:26: 3: 9  case no= 1206 seq. no=  59 idynl= 0
                10:26: 3:10  LOADEND ISLAVE                                   0
                10:26: 3:11  Start Input for Next Load Case
                10:26: 3:11  case no= 1207 seq. no=  60 idynl= 0
                10:26: 3:12  LOADEND ISLAVE                                   0
                10:26: 3:13  Start Input for Next Load Case
                10:26: 3:14  case no= 1208 seq. no=  61 idynl= 0
                10:26: 3:15  LOADEND ISLAVE                                   0
                10:26: 3:16  Start Input for Next Load Case
                10:26: 3:16  case no= 2101 seq. no=  62 idynl= 0
                10:26: 3:17  LOADEND ISLAVE                                   0
                10:26: 3:18  Start Input for Next Load Case
                10:26: 3:18  case no= 2102 seq. no=  63 idynl= 0
                10:26: 3:19  LOADEND ISLAVE                                   0
                10:26: 3:20  Start Input for Next Load Case
                10:26: 3:20  case no= 2103 seq. no=  64 idynl= 0
                10:26: 3:21  LOADEND ISLAVE                                   0
                10:26: 3:22  Start Input for Next Load Case
                10:26: 3:22  case no= 2104 seq. no=  65 idynl= 0
                10:26: 3:23  LOADEND ISLAVE                                   0
                10:26: 3:24  Start Input for Next Load Case
                10:26: 3:24  case no= 2105 seq. no=  66 idynl= 0
                10:26: 3:25  LOADEND ISLAVE                                   0
                10:26: 3:26  Start Input for Next Load Case
                10:26: 3:26  case no= 2106 seq. no=  67 idynl= 0
                10:26: 3:27  LOADEND ISLAVE                                   0
                10:26: 3:28  Start Input for Next Load Case
                10:26: 3:29  case no= 2107 seq. no=  68 idynl= 0
                10:26: 3:29  LOADEND ISLAVE                                   0
                10:26: 3:30  Start Input for Next Load Case
                10:26: 3:31  case no= 2108 seq. no=  69 idynl= 0
                10:26: 3:31  LOADEND ISLAVE                                   0
                10:26: 3:33  Start Input for Next Load Case
                10:26: 3:34  case no= 3001 seq. no=  70 idynl= 0
                10:26: 3:35  LOADEND ISLAVE                                   0
                10:26: 3:36  Start Input for Next Load Case
                10:26: 3:37  case no= 3002 seq. no=  71 idynl= 0
                10:26: 3:38  LOADEND ISLAVE                                   0
                10:26: 3:39  Start Input for Next Load Case
                10:26: 3:40  case no= 3003 seq. no=  72 idynl= 0
                10:26: 3:41  LOADEND ISLAVE                                   0
                10:26: 3:42  Start Input for Next Load Case
                10:26: 3:43  case no= 3004 seq. no=  73 idynl= 0
                10:26: 3:44  LOADEND ISLAVE                                   0
                10:26: 3:44  Start Input for Next Load Case
                10:26: 3:46  case no= 3005 seq. no=  74 idynl= 0
                10:26: 3:47  LOADEND ISLAVE                                   0
                10:26: 3:48  Start Input for Next Load Case
                10:26: 3:48  case no= 3006 seq. no=  75 idynl= 0
                10:26: 3:49  LOADEND ISLAVE                                   0
                10:26: 3:50  Start Input for Next Load Case
                10:26: 3:50  case no= 3007 seq. no=  76 idynl= 0
                10:26: 3:51  LOADEND ISLAVE                                   0
                10:26: 3:52  Start Input for Next Load Case
                10:26: 3:52  case no= 3008 seq. no=  77 idynl= 0
                10:26: 3:52  LOADEND ISLAVE                                   0
                10:26: 3:54  Start Input for Next Load Case
                10:26: 3:54  case no= 3011 seq. no=  78 idynl= 0
                10:26: 3:55  LOADEND ISLAVE                                   0
                10:26: 3:56  Start Input for Next Load Case
                10:26: 3:56  case no= 3012 seq. no=  79 idynl= 0
                10:26: 3:57  LOADEND ISLAVE                                   0
                10:26: 3:58  Start Input for Next Load Case
                10:26: 3:58  case no= 3013 seq. no=  80 idynl= 0
                10:26: 3:59  LOADEND ISLAVE                                   0
                10:26: 3:59  Start Input for Next Load Case
                10:26: 3:60  case no= 3014 seq. no=  81 idynl= 0
                10:26: 3:61  LOADEND ISLAVE                                   0
                10:26: 3:61  Start Input for Next Load Case
                10:26: 3:62  case no= 3015 seq. no=  82 idynl= 0
                10:26: 3:63  LOADEND ISLAVE                                   0
                10:26: 3:63  Start Input for Next Load Case
                10:26: 3:64  case no= 3016 seq. no=  83 idynl= 0
                10:26: 3:65  LOADEND ISLAVE                                   0
                10:26: 3:65  Start Input for Next Load Case
                10:26: 3:66  case no= 3017 seq. no=  84 idynl= 0
                10:26: 3:66  LOADEND ISLAVE                                   0
                10:26: 3:66  Start Input for Next Load Case
                10:26: 3:68  case no= 3018 seq. no=  85 idynl= 0
                10:26: 3:68  LOADEND ISLAVE                                   0
                10:26: 3:69  Start Input for Next Load Case
                10:26: 3:70  case no= 3021 seq. no=  86 idynl= 0
                10:26: 3:70  LOADEND ISLAVE                                   0
                10:26: 3:71  Start Input for Next Load Case
                10:26: 3:72  case no= 3022 seq. no=  87 idynl= 0
                10:26: 3:72  LOADEND ISLAVE                                   0
                10:26: 3:73  Start Input for Next Load Case
                10:26: 3:73  case no= 3023 seq. no=  88 idynl= 0
                10:26: 3:74  LOADEND ISLAVE                                   0
                10:26: 3:75  Start Input for Next Load Case
                10:26: 3:75  case no= 3024 seq. no=  89 idynl= 0
                10:26: 3:76  LOADEND ISLAVE                                   0
                10:26: 3:76  Start Input for Next Load Case
                10:26: 3:77  case no= 3025 seq. no=  90 idynl= 0
                10:26: 3:78  LOADEND ISLAVE                                   0
                10:26: 3:78  Start Input for Next Load Case
                10:26: 3:79  case no= 3026 seq. no=  91 idynl= 0
                10:26: 3:80  LOADEND ISLAVE                                   0
                10:26: 3:80  Start Input for Next Load Case
                10:26: 3:81  case no= 3027 seq. no=  92 idynl= 0
                10:26: 3:82  LOADEND ISLAVE                                   0
                10:26: 3:82  Start Input for Next Load Case
                10:26: 3:83  case no= 3028 seq. no=  93 idynl= 0
                10:26: 3:83  LOADEND ISLAVE                                   0
                10:26: 3:84  Start Input for Next Load Case
                10:26: 3:85  case no= 3201 seq. no=  94 idynl= 0
                10:26: 3:86  LOADEND ISLAVE                                   0
                10:26: 3:86  Start Input for Next Load Case
                10:26: 3:87  case no= 3202 seq. no=  95 idynl= 0
                10:26: 3:88  LOADEND ISLAVE                                   0
                10:26: 3:88  Start Input for Next Load Case
                10:26: 3:89  case no= 3203 seq. no=  96 idynl= 0
                10:26: 3:90  LOADEND ISLAVE                                   0
                10:26: 3:90  Start Input for Next Load Case
                10:26: 3:91  case no= 3204 seq. no=  97 idynl= 0
                10:26: 3:92  LOADEND ISLAVE                                   0
                10:26: 3:92  Start Input for Next Load Case
                10:26: 3:93  case no= 3205 seq. no=  98 idynl= 0
                10:26: 3:94  LOADEND ISLAVE                                   0
                10:26: 3:94  Start Input for Next Load Case
                10:26: 3:95  case no= 3206 seq. no=  99 idynl= 0
                10:26: 3:96  LOADEND ISLAVE                                   0
                10:26: 3:96  Start Input for Next Load Case
                10:26: 3:97  case no= 3207 seq. no= 100 idynl= 0
                10:26: 3:98  LOADEND ISLAVE                                   0
                10:26: 3:98  Start Input for Next Load Case
                10:26: 3:99  case no= 3208 seq. no= 101 idynl= 0
                10:26: 4: 0  LOADEND ISLAVE                                   0
                10:26: 4: 1  NVPREV                                           0
                10:26: 4: 1  AMAXNON                               9.875328E-02
                10:26: 4: 2  IRECSIZL=                                     4000
                10:26: 4: 3  MTX BLOCKSIZE=                                  24
                10:26: 4: 4  MI=                                             24
                10:26: 4: 4  NORECL=                                          1
                10:26: 4: 5  NORECL1=                                         1
                10:26: 4: 6  IWORD=                                       32000
                10:26: 4: 7  JRECSIZE=                                     4000
                10:26: 4: 8  IWORDJ=                                      32000
                10:26: 4: 9  IBYTE=                                           4
                10:26: 4:10  JOINTS=                                          5
                10:26: 4:12  MEMBERS=                                         4
                10:26: 4:12  PLATES =                                         0
                10:26: 4:13  SOLIDS =                                         0
                10:26: 4:15  NO. OF EQUATIONS=                               24
                10:26: 4:16  idyn=                                            0
                10:26: 4:17  ipd=                                             0
                10:26: 4:18  icablanl=                                        0
                10:26: 4:18  ++ Processing Element Stiffness Matrix.
                10:26: 4:19  NV1                                            101
                10:26: 4:32  ++ Calculating Element Forces & Reactions.
                10:26: 5: 7  COMBINATION CASES=                               0
                10:26: 5: 8  MAX CM MEMORY (KILOWORDS)                       26
                10:26: 5: 8  AFTER SOLVER 1
                10:26: 5:10  REOPEN AS SEQ                                    0
                10:26: 5:10  DEFINE ENVELOPE
                10:26: 5:12  LOAD LIST 1101 TO 110
                10:26: 5:12  PARAMETER 1
                10:26: 5:13  CHECK CODE ALL
                10:26: 5:13  ENTERING SECTNM110 IQ=                           4
                10:26: 5:14               NSEC=                              11
                10:26: 5:14             ISECTN=                               0
                10:26: 5:16  SECTNM110 DO 925
                10:26: 5:18  ENTERING ENVLP1 ITYP1=                          -3
                10:26: 5:18  SECT DISPLACE
                10:26: 5:19  Steel/Alum/Timber Design                        52
                10:26: 5:23    ++ Finished Design ...
                10:26: 5:23  Steel/Timber Design exit
                10:26: 5:24  LOAD LIST 2101 TO 210
                10:26: 5:24  PARAMETER 1
                10:26: 5:26  CHECK CODE ALL
                10:26: 5:26  ENTERING ENVLP1 ITYP1=                          -3
                10:26: 5:27  SECT DISPLACE
                10:26: 5:29  Steel/Alum/Timber Design                        52
                10:26: 5:30    ++ Finished Design ...
                10:26: 5:30  Steel/Timber Design exit
                10:26: 5:32  LOAD LIST ENV 4 TO 7
                10:26: 5:32  PARAMETER 1
                10:26: 5:33  CHECK CODE ALL
                10:26: 5:34  ENTERING ENVLP1 ITYP1=                          -3
                10:26: 5:34  SECT DISPLACE
                10:26: 5:36  Steel/Alum/Timber Design                        52
                10:26: 5:37    ++ Finished Design ...
                10:26: 5:37  Steel/Timber Design exit
                10:26: 5:37  PRINT JOINT DISPLACEM
                10:26: 5:39  DRAW ISOM JOIN MEMB
                10:26: 5:40  ENTERING SECTNM110 IQ=                           4
                10:26: 5:40               NSEC=                              11
                10:26: 5:42             ISECTN=                               0
                10:26: 5:43  SECTNM110 DO 925
                10:26: 5:44  PRINT SUPPORT REACTIO
                10:26: 5:44  DRAW ISOM SUPP PROP
                10:26: 5:46  ENTERING SECTNM110 IQ=                           4
                10:26: 5:46               NSEC=                              11
                10:26: 5:47             ISECTN=                               0
                10:26: 5:50  SECTNM110 DO 925
                10:26: 5:52  DRAW ISOM SHAP
                10:26: 5:52  ENTERING SECTNM110 IQ=                           4
                10:26: 5:52               NSEC=                              11
                10:26: 5:53             ISECTN=                               0
                10:26: 5:57  SECTNM110 DO 925
                10:26: 5:60  PRINT CG
                10:26: 5:60  FINISH
                10:26: 5:62  All Commands FINISHed
                10:26: 5:62  DATASAVE for SPRO GUI
                10:26: 5:67  ++ Creating Displacement File (DSP)...
                10:26: 5:70  ++ Creating Reaction File (REA)...
                10:26: 5:70  ++ Creating Section Force File (BMD)...
                10:26: 5:72  ++ Creating Section Displace File (SEC)...
                10:26: 5:72  ENTERING ENVLP1 ITYP1=                          -5
                10:26: 5:73  SECT DISPLACE
                10:26: 5:76  ++ Creating Section Displace File (SCN)...
                10:26: 5:76  ++ Creating Design information File (DGN)...
                10:26: 5:77  ALLOCATED CM MEMORY (KILOWORDS)             300000
                10:26: 5:77  MAX CM MEMORY (KILOWORDS)                       48
                10:26: 5:77  DBS LONG SEC NAME
* End Of Analysis At Mon Jan  6 10:26:05 2025
* CPU usage = 5.188000
* STAAD Exit Code: 100, Warning Count: 0, Error Count: 0, Duration: 5.188
1 0 0 5.188
****************************************************************************
*                            END OF ANALYSIS                               *
****************************************************************************
