07/03/2024 08:41:53	Reading UID database.
07/03/2024 08:41:53	Start loading STAAD model.
07/03/2024 08:41:53	Reading model file.
07/03/2024 08:41:53	Reading model file is complete.
07/03/2024 08:41:53	Processing support.
07/03/2024 08:41:53	Processing springs.
07/03/2024 08:41:53	Processing properties.
07/03/2024 08:41:53	Processing physical properties.
07/03/2024 08:41:53	Processing constants.
07/03/2024 08:41:53	Processing BETA constants.
07/03/2024 08:41:53	Processing hidden analytical member loads.
07/03/2024 08:41:53	Processing command list for member release.
07/03/2024 08:41:53	Processing command list for member offset.
07/03/2024 08:41:53	Processing command list for member specs (cracked).
07/03/2024 08:41:53	Processing command list for member specs (axial).
07/03/2024 08:41:53	Processing command list for element release.
07/03/2024 08:41:53	Processing command list for element offset.
07/03/2024 08:41:53	Processing command list for element plate stress directive.
07/03/2024 08:41:53	Processing parameter for Chinese wind load case.
07/03/2024 08:41:53	End Processing command list.
07/03/2024 08:41:53	End loading STAAD model.
07/03/2024 08:41:53	Start Post Analysis method
07/03/2024 08:41:53	Removed all hidden plates from surfaces
07/03/2024 08:41:53	Removed all hidden plates
07/03/2024 08:41:53	Removed all hidden nodes
07/03/2024 08:41:53	Loading results from MSH file...
07/03/2024 08:41:53	Building result indices...
07/03/2024 08:41:53	Loading plate stress results...
07/03/2024 08:41:53	Set analysis report setup data
07/03/2024 08:41:53	Starting page setup...
07/03/2024 08:41:53	Page setup completed
07/03/2024 08:41:53	Setting available workflows...
07/03/2024 08:41:53	Post analysis method ends
07/03/2024 09:09:56	Reading UID database.
07/03/2024 09:09:56	Start loading STAAD model.
07/03/2024 09:09:56	Reading model file.
07/03/2024 09:09:57	Reading model file is complete.
07/03/2024 09:09:57	Processing support.
07/03/2024 09:09:57	Processing springs.
07/03/2024 09:09:57	Processing properties.
07/03/2024 09:09:57	Processing physical properties.
07/03/2024 09:09:57	Processing constants.
07/03/2024 09:09:57	Processing BETA constants.
07/03/2024 09:09:57	Processing hidden analytical member loads.
07/03/2024 09:09:57	Processing command list for member release.
07/03/2024 09:09:57	Processing command list for member offset.
07/03/2024 09:09:57	Processing command list for member specs (cracked).
07/03/2024 09:09:57	Processing command list for member specs (axial).
07/03/2024 09:09:57	Processing command list for element release.
07/03/2024 09:09:57	Processing command list for element offset.
07/03/2024 09:09:57	Processing command list for element plate stress directive.
07/03/2024 09:09:57	Processing parameter for Chinese wind load case.
07/03/2024 09:09:57	End Processing command list.
07/03/2024 09:09:57	End loading STAAD model.
07/03/2024 09:09:57	Start Post Analysis method
07/03/2024 09:09:57	Removed all hidden plates from surfaces
07/03/2024 09:09:57	Removed all hidden plates
07/03/2024 09:09:57	Removed all hidden nodes
07/03/2024 09:09:57	Loading results from MSH file...
07/03/2024 09:09:57	Building result indices...
07/03/2024 09:09:57	Loading plate stress results...
07/03/2024 09:09:57	Set analysis report setup data
07/03/2024 09:09:57	Starting page setup...
07/03/2024 09:09:57	Page setup completed
07/03/2024 09:09:57	Setting available workflows...
07/03/2024 09:09:57	Post analysis method ends
07/03/2024 09:11:49	Start Post Analysis method
07/03/2024 09:11:49	Removed all hidden plates from surfaces
07/03/2024 09:11:49	Removed all hidden plates
07/03/2024 09:11:49	Removed all hidden nodes
07/03/2024 09:11:49	Loading results from MSH file...
07/03/2024 09:11:49	Building result indices...
07/03/2024 09:11:49	Loading plate stress results...
07/03/2024 09:11:49	Set analysis report setup data
07/03/2024 09:11:49	Starting page setup...
07/03/2024 09:11:49	Page setup completed
07/03/2024 09:11:49	Setting available workflows...
07/03/2024 09:11:49	Post analysis method ends
