09:11:41	Initializing STAAD Engine
09:11:41	Run stream set up is complete.
09:11:41	Initialize license libraries.
09:11:41	License libraries initialized.
09:11:41	Starting license(s) for A & D engine.
09:11:42	License Status: Ok
09:11:42	License information set up is complete.
****************************************************************************
*                            START OF ANALYSIS                             *
****************************************************************************
* Initiating Analysis At Wed Jul  3 09:11:42 2024
                          PROGRAM: STAAD.Pro
                          VERSION: 23.00.01.25
                 9:11:42:83  ENTERING STAAD
                 9:11:42:86  USING 64 BIT STAAD ENGINE
                 9:11:42:87  ENTERING MAINN
                 9:11:42:87  START JOB INFORMATION
                 9:11:42:87  INPUT WIDTH 79
                 9:11:42:88  UNIT MMS KN
                 9:11:42:89  JOINT COORDINATES
                 9:11:42:89  ENTERING JOINTC
                 9:11:42:89  JOINTC NEWJ                                 400000
                 9:11:42:90  MAX NODE NO.                                     8
                 9:11:42:90  MEMBER INCIDENCES
                 9:11:42:91  UNIT METER KN
                 9:11:42:91  DEFINE MATERIAL START
                 9:11:42:92  UNIT MMS KN
                 9:11:42:92  MEMBER PROPERTY EUROP
                 9:11:43:38    ++ Finished Reading Member Properties ...
                 9:11:43:38  CONSTANTS
                 9:11:43:39  SUPPORTS
                 9:11:43:39  ENTERING SUPPORT
                 9:11:43:40  MEMBER OFFSET
                 9:11:43:40  DEFINE WIND LOAD
                 9:11:43:41  LOAD 121 LOADTYPE DEA
                 9:11:43:41  DUPLICATE ELEMENT CHECK
                 9:11:43:41  CHECKING STRUCTURAL INTEGRITY
                 9:11:43:42  CHECK UNCONNECTED JOINTS AND
                 9:11:43:42  CALCULATE MAX JOINT CONNECTIVITY
                 9:11:43:43  CHECK MULTIPLE STRUCTURES
                 9:11:43:43  ENTERING SUPPORT
                 9:11:43:44  NRJOLD                                           0
                 9:11:43:44  SUPPORT NOLD                                     0
                 9:11:43:45  SUPPORT N                                       36
                 9:11:43:45  BEFORE LOADPR
                 9:11:43:46  REOPEN AS DIR                                    0
                 9:11:43:46  ENTER LOADPR
                 9:11:43:58  PERFORM ANALYSIS PRIN
                 9:11:43:58  pdel iter                                        0
                 9:11:43:59  MAXIMUM E =                           2.973273E+04
                 9:11:43:60  MINIMUM E =                           2.973273E+04
                 9:11:43:60  MBW DOF BAND=                                    1
                 9:11:43:61  NUMBER OF PRIMARY CASES                        101
                 9:11:43:61  NUMBER OF CASES                                252
                 9:11:43:62  #OF CASES W/ELEM INMEMORY                      252
                 9:11:43:62  MEMORY FOR MEMBER LOADS                      21168
                 9:11:43:62  MEMORY FOR DISPLACEMENTS                     12096
                 9:11:43:63  MEMORY FOR MEMBER FORCES                     21168
                 9:11:43:63  Using 64-bit analysis engine
                 9:11:43:64  BEFORE SOLVER 1
                 9:11:43:65  Start Input for Next Load Case
                 9:11:43:65  case no=  121 seq. no=   1 idynl= 0
                 9:11:43:65  MASSSET                                          0
                 9:11:43:66  LOADEND ISLAVE                                   0
                 9:11:43:66  Start Input for Next Load Case
                 9:11:43:67  case no=  201 seq. no=   2 idynl= 0
                 9:11:43:67  LOADEND ISLAVE                                   0
                 9:11:43:68  Start Input for Next Load Case
                 9:11:43:68  case no=  202 seq. no=   3 idynl= 0
                 9:11:43:69  LOADEND ISLAVE                                   0
                 9:11:43:69  Start Input for Next Load Case
                 9:11:43:70  case no=  203 seq. no=   4 idynl= 0
                 9:11:43:70  LOADEND ISLAVE                                   0
                 9:11:43:71  Start Input for Next Load Case
                 9:11:43:71  case no=  204 seq. no=   5 idynl= 0
                 9:11:43:72  LOADEND ISLAVE                                   0
                 9:11:43:72  Start Input for Next Load Case
                 9:11:43:73  case no=  205 seq. no=   6 idynl= 0
                 9:11:43:73  LOADEND ISLAVE                                   0
                 9:11:43:73  Start Input for Next Load Case
                 9:11:43:74  case no=  206 seq. no=   7 idynl= 0
                 9:11:43:74  LOADEND ISLAVE                                   0
                 9:11:43:75  Start Input for Next Load Case
                 9:11:43:75  case no=  207 seq. no=   8 idynl= 0
                 9:11:43:76  LOADEND ISLAVE                                   0
                 9:11:43:76  Start Input for Next Load Case
                 9:11:43:77  case no=  208 seq. no=   9 idynl= 0
                 9:11:43:77  LOADEND ISLAVE                                   0
                 9:11:43:78  Start Input for Next Load Case
                 9:11:43:78  case no=  312 seq. no=  10 idynl= 0
                 9:11:43:78  LOADEND ISLAVE                                   0
                 9:11:43:79  Start Input for Next Load Case
                 9:11:43:79  case no=  313 seq. no=  11 idynl= 0
                 9:11:43:80  LOADEND ISLAVE                                   0
                 9:11:43:80  Start Input for Next Load Case
                 9:11:43:81  case no=  314 seq. no=  12 idynl= 0
                 9:11:43:81  LOADEND ISLAVE                                   0
                 9:11:43:82  Start Input for Next Load Case
                 9:11:43:82  case no=  315 seq. no=  13 idynl= 0
                 9:11:43:83  LOADEND ISLAVE                                   0
                 9:11:43:83  Start Input for Next Load Case
                 9:11:43:84  case no=  322 seq. no=  14 idynl= 0
                 9:11:43:84  LOADEND ISLAVE                                   0
                 9:11:43:84  Start Input for Next Load Case
                 9:11:43:85  case no=  323 seq. no=  15 idynl= 0
                 9:11:43:85  LOADEND ISLAVE                                   0
                 9:11:43:86  Start Input for Next Load Case
                 9:11:43:86  case no=  324 seq. no=  16 idynl= 0
                 9:11:43:87  LOADEND ISLAVE                                   0
                 9:11:43:87  Start Input for Next Load Case
                 9:11:43:88  case no=  325 seq. no=  17 idynl= 0
                 9:11:43:88  LOADEND ISLAVE                                   0
                 9:11:43:89  Start Input for Next Load Case
                 9:11:43:89  case no=  332 seq. no=  18 idynl= 0
                 9:11:43:90  LOADEND ISLAVE                                   0
                 9:11:43:90  Start Input for Next Load Case
                 9:11:43:91  case no=  333 seq. no=  19 idynl= 0
                 9:11:43:91  LOADEND ISLAVE                                   0
                 9:11:43:92  Start Input for Next Load Case
                 9:11:43:92  case no=  334 seq. no=  20 idynl= 0
                 9:11:43:93  LOADEND ISLAVE                                   0
                 9:11:43:93  Start Input for Next Load Case
                 9:11:43:94  case no=  335 seq. no=  21 idynl= 0
                 9:11:43:94  LOADEND ISLAVE                                   0
                 9:11:43:94  Start Input for Next Load Case
                 9:11:43:95  case no=  411 seq. no=  22 idynl= 0
                 9:11:43:95  LOADEND ISLAVE                                   0
                 9:11:43:96  Start Input for Next Load Case
                 9:11:43:96  case no=  412 seq. no=  23 idynl= 0
                 9:11:43:97  LOADEND ISLAVE                                   0
                 9:11:43:97  Start Input for Next Load Case
                 9:11:43:98  case no=  413 seq. no=  24 idynl= 0
                 9:11:43:98  LOADEND ISLAVE                                   0
                 9:11:43:99  Start Input for Next Load Case
                 9:11:43:99  case no=  414 seq. no=  25 idynl= 0
                 9:11:44: 0  LOADEND ISLAVE                                   0
                 9:11:44: 0  Start Input for Next Load Case
                 9:11:44: 0  case no=  415 seq. no=  26 idynl= 0
                 9:11:44: 1  LOADEND ISLAVE                                   0
                 9:11:44: 1  Start Input for Next Load Case
                 9:11:44: 2  case no=  416 seq. no=  27 idynl= 0
                 9:11:44: 2  LOADEND ISLAVE                                   0
                 9:11:44: 3  Start Input for Next Load Case
                 9:11:44: 3  case no=  417 seq. no=  28 idynl= 0
                 9:11:44: 3  LOADEND ISLAVE                                   0
                 9:11:44: 4  Start Input for Next Load Case
                 9:11:44: 4  case no=  418 seq. no=  29 idynl= 0
                 9:11:44: 5  LOADEND ISLAVE                                   0
                 9:11:44: 5  Start Input for Next Load Case
                 9:11:44: 6  case no=  421 seq. no=  30 idynl= 0
                 9:11:44: 6  LOADEND ISLAVE                                   0
                 9:11:44: 7  Start Input for Next Load Case
                 9:11:44: 7  case no=  422 seq. no=  31 idynl= 0
                 9:11:44: 8  LOADEND ISLAVE                                   0
                 9:11:44: 8  Start Input for Next Load Case
                 9:11:44: 9  case no=  423 seq. no=  32 idynl= 0
                 9:11:44: 9  LOADEND ISLAVE                                   0
                 9:11:44:10  Start Input for Next Load Case
                 9:11:44:10  case no=  424 seq. no=  33 idynl= 0
                 9:11:44:10  LOADEND ISLAVE                                   0
                 9:11:44:11  Start Input for Next Load Case
                 9:11:44:11  case no=  425 seq. no=  34 idynl= 0
                 9:11:44:12  LOADEND ISLAVE                                   0
                 9:11:44:12  Start Input for Next Load Case
                 9:11:44:13  case no=  426 seq. no=  35 idynl= 0
                 9:11:44:13  LOADEND ISLAVE                                   0
                 9:11:44:14  Start Input for Next Load Case
                 9:11:44:14  case no=  427 seq. no=  36 idynl= 0
                 9:11:44:15  LOADEND ISLAVE                                   0
                 9:11:44:15  Start Input for Next Load Case
                 9:11:44:15  case no=  428 seq. no=  37 idynl= 0
                 9:11:44:16  LOADEND ISLAVE                                   0
                 9:11:44:16  Start Input for Next Load Case
                 9:11:44:17  case no=  711 seq. no=  38 idynl= 0
                 9:11:44:17  LOADEND ISLAVE                                   0
                 9:11:44:18  Start Input for Next Load Case
                 9:11:44:18  case no=  712 seq. no=  39 idynl= 0
                 9:11:44:19  LOADEND ISLAVE                                   0
                 9:11:44:19  Start Input for Next Load Case
                 9:11:44:20  case no=  713 seq. no=  40 idynl= 0
                 9:11:44:20  LOADEND ISLAVE                                   0
                 9:11:44:21  Start Input for Next Load Case
                 9:11:44:21  case no=  714 seq. no=  41 idynl= 0
                 9:11:44:22  LOADEND ISLAVE                                   0
                 9:11:44:22  Start Input for Next Load Case
                 9:11:44:22  case no=  715 seq. no=  42 idynl= 0
                 9:11:44:23  LOADEND ISLAVE                                   0
                 9:11:44:23  Start Input for Next Load Case
                 9:11:44:24  case no=  716 seq. no=  43 idynl= 0
                 9:11:44:24  LOADEND ISLAVE                                   0
                 9:11:44:25  Start Input for Next Load Case
                 9:11:44:25  case no=  717 seq. no=  44 idynl= 0
                 9:11:44:26  LOADEND ISLAVE                                   0
                 9:11:44:26  Start Input for Next Load Case
                 9:11:44:27  case no=  718 seq. no=  45 idynl= 0
                 9:11:44:27  LOADEND ISLAVE                                   0
                 9:11:44:27  Start Input for Next Load Case
                 9:11:44:28  case no= 1101 seq. no=  46 idynl= 0
                 9:11:44:28  LOADEND ISLAVE                                   0
                 9:11:44:29  Start Input for Next Load Case
                 9:11:44:29  case no= 1102 seq. no=  47 idynl= 0
                 9:11:44:30  LOADEND ISLAVE                                   0
                 9:11:44:30  Start Input for Next Load Case
                 9:11:44:31  case no= 1103 seq. no=  48 idynl= 0
                 9:11:44:31  LOADEND ISLAVE                                   0
                 9:11:44:32  Start Input for Next Load Case
                 9:11:44:32  case no= 1104 seq. no=  49 idynl= 0
                 9:11:44:33  LOADEND ISLAVE                                   0
                 9:11:44:33  Start Input for Next Load Case
                 9:11:44:34  case no= 1105 seq. no=  50 idynl= 0
                 9:11:44:34  LOADEND ISLAVE                                   0
                 9:11:44:35  Start Input for Next Load Case
                 9:11:44:35  case no= 1106 seq. no=  51 idynl= 0
                 9:11:44:36  LOADEND ISLAVE                                   0
                 9:11:44:36  Start Input for Next Load Case
                 9:11:44:36  case no= 1107 seq. no=  52 idynl= 0
                 9:11:44:37  LOADEND ISLAVE                                   0
                 9:11:44:37  Start Input for Next Load Case
                 9:11:44:38  case no= 1108 seq. no=  53 idynl= 0
                 9:11:44:38  LOADEND ISLAVE                                   0
                 9:11:44:39  Start Input for Next Load Case
                 9:11:44:39  case no= 1201 seq. no=  54 idynl= 0
                 9:11:44:40  LOADEND ISLAVE                                   0
                 9:11:44:40  Start Input for Next Load Case
                 9:11:44:41  case no= 1202 seq. no=  55 idynl= 0
                 9:11:44:41  LOADEND ISLAVE                                   0
                 9:11:44:42  Start Input for Next Load Case
                 9:11:44:42  case no= 1203 seq. no=  56 idynl= 0
                 9:11:44:42  LOADEND ISLAVE                                   0
                 9:11:44:43  Start Input for Next Load Case
                 9:11:44:43  case no= 1204 seq. no=  57 idynl= 0
                 9:11:44:44  LOADEND ISLAVE                                   0
                 9:11:44:44  Start Input for Next Load Case
                 9:11:44:45  case no= 1205 seq. no=  58 idynl= 0
                 9:11:44:45  LOADEND ISLAVE                                   0
                 9:11:44:46  Start Input for Next Load Case
                 9:11:44:46  case no= 1206 seq. no=  59 idynl= 0
                 9:11:44:47  LOADEND ISLAVE                                   0
                 9:11:44:47  Start Input for Next Load Case
                 9:11:44:48  case no= 1207 seq. no=  60 idynl= 0
                 9:11:44:48  LOADEND ISLAVE                                   0
                 9:11:44:48  Start Input for Next Load Case
                 9:11:44:49  case no= 1208 seq. no=  61 idynl= 0
                 9:11:44:49  LOADEND ISLAVE                                   0
                 9:11:44:50  Start Input for Next Load Case
                 9:11:44:50  case no= 2101 seq. no=  62 idynl= 0
                 9:11:44:51  LOADEND ISLAVE                                   0
                 9:11:44:51  Start Input for Next Load Case
                 9:11:44:52  case no= 2102 seq. no=  63 idynl= 0
                 9:11:44:52  LOADEND ISLAVE                                   0
                 9:11:44:53  Start Input for Next Load Case
                 9:11:44:53  case no= 2103 seq. no=  64 idynl= 0
                 9:11:44:53  LOADEND ISLAVE                                   0
                 9:11:44:54  Start Input for Next Load Case
                 9:11:44:54  case no= 2104 seq. no=  65 idynl= 0
                 9:11:44:55  LOADEND ISLAVE                                   0
                 9:11:44:55  Start Input for Next Load Case
                 9:11:44:56  case no= 2105 seq. no=  66 idynl= 0
                 9:11:44:56  LOADEND ISLAVE                                   0
                 9:11:44:57  Start Input for Next Load Case
                 9:11:44:57  case no= 2106 seq. no=  67 idynl= 0
                 9:11:44:58  LOADEND ISLAVE                                   0
                 9:11:44:58  Start Input for Next Load Case
                 9:11:44:59  case no= 2107 seq. no=  68 idynl= 0
                 9:11:44:59  LOADEND ISLAVE                                   0
                 9:11:44:60  Start Input for Next Load Case
                 9:11:44:60  case no= 2108 seq. no=  69 idynl= 0
                 9:11:44:61  LOADEND ISLAVE                                   0
                 9:11:44:61  Start Input for Next Load Case
                 9:11:44:62  case no= 3001 seq. no=  70 idynl= 0
                 9:11:44:62  LOADEND ISLAVE                                   0
                 9:11:44:62  Start Input for Next Load Case
                 9:11:44:63  case no= 3002 seq. no=  71 idynl= 0
                 9:11:44:63  LOADEND ISLAVE                                   0
                 9:11:44:64  Start Input for Next Load Case
                 9:11:44:64  case no= 3003 seq. no=  72 idynl= 0
                 9:11:44:65  LOADEND ISLAVE                                   0
                 9:11:44:65  Start Input for Next Load Case
                 9:11:44:66  case no= 3004 seq. no=  73 idynl= 0
                 9:11:44:66  LOADEND ISLAVE                                   0
                 9:11:44:67  Start Input for Next Load Case
                 9:11:44:67  case no= 3005 seq. no=  74 idynl= 0
                 9:11:44:68  LOADEND ISLAVE                                   0
                 9:11:44:68  Start Input for Next Load Case
                 9:11:44:69  case no= 3006 seq. no=  75 idynl= 0
                 9:11:44:69  LOADEND ISLAVE                                   0
                 9:11:44:70  Start Input for Next Load Case
                 9:11:44:70  case no= 3007 seq. no=  76 idynl= 0
                 9:11:44:71  LOADEND ISLAVE                                   0
                 9:11:44:71  Start Input for Next Load Case
                 9:11:44:72  case no= 3008 seq. no=  77 idynl= 0
                 9:11:44:72  LOADEND ISLAVE                                   0
                 9:11:44:72  Start Input for Next Load Case
                 9:11:44:73  case no= 3011 seq. no=  78 idynl= 0
                 9:11:44:73  LOADEND ISLAVE                                   0
                 9:11:44:74  Start Input for Next Load Case
                 9:11:44:74  case no= 3012 seq. no=  79 idynl= 0
                 9:11:44:75  LOADEND ISLAVE                                   0
                 9:11:44:75  Start Input for Next Load Case
                 9:11:44:76  case no= 3013 seq. no=  80 idynl= 0
                 9:11:44:76  LOADEND ISLAVE                                   0
                 9:11:44:77  Start Input for Next Load Case
                 9:11:44:77  case no= 3014 seq. no=  81 idynl= 0
                 9:11:44:77  LOADEND ISLAVE                                   0
                 9:11:44:78  Start Input for Next Load Case
                 9:11:44:78  case no= 3015 seq. no=  82 idynl= 0
                 9:11:44:79  LOADEND ISLAVE                                   0
                 9:11:44:79  Start Input for Next Load Case
                 9:11:44:80  case no= 3016 seq. no=  83 idynl= 0
                 9:11:44:80  LOADEND ISLAVE                                   0
                 9:11:44:81  Start Input for Next Load Case
                 9:11:44:81  case no= 3017 seq. no=  84 idynl= 0
                 9:11:44:82  LOADEND ISLAVE                                   0
                 9:11:44:82  Start Input for Next Load Case
                 9:11:44:83  case no= 3018 seq. no=  85 idynl= 0
                 9:11:44:83  LOADEND ISLAVE                                   0
                 9:11:44:83  Start Input for Next Load Case
                 9:11:44:84  case no= 3021 seq. no=  86 idynl= 0
                 9:11:44:84  LOADEND ISLAVE                                   0
                 9:11:44:85  Start Input for Next Load Case
                 9:11:44:85  case no= 3022 seq. no=  87 idynl= 0
                 9:11:44:86  LOADEND ISLAVE                                   0
                 9:11:44:86  Start Input for Next Load Case
                 9:11:44:87  case no= 3023 seq. no=  88 idynl= 0
                 9:11:44:87  LOADEND ISLAVE                                   0
                 9:11:44:88  Start Input for Next Load Case
                 9:11:44:88  case no= 3024 seq. no=  89 idynl= 0
                 9:11:44:89  LOADEND ISLAVE                                   0
                 9:11:44:90  Start Input for Next Load Case
                 9:11:44:90  case no= 3025 seq. no=  90 idynl= 0
                 9:11:44:90  LOADEND ISLAVE                                   0
                 9:11:44:91  Start Input for Next Load Case
                 9:11:44:91  case no= 3026 seq. no=  91 idynl= 0
                 9:11:44:92  LOADEND ISLAVE                                   0
                 9:11:44:92  Start Input for Next Load Case
                 9:11:44:93  case no= 3027 seq. no=  92 idynl= 0
                 9:11:44:93  LOADEND ISLAVE                                   0
                 9:11:44:94  Start Input for Next Load Case
                 9:11:44:94  case no= 3028 seq. no=  93 idynl= 0
                 9:11:44:95  LOADEND ISLAVE                                   0
                 9:11:44:95  Start Input for Next Load Case
                 9:11:44:95  case no= 3201 seq. no=  94 idynl= 0
                 9:11:44:96  LOADEND ISLAVE                                   0
                 9:11:44:96  Start Input for Next Load Case
                 9:11:44:97  case no= 3202 seq. no=  95 idynl= 0
                 9:11:44:97  LOADEND ISLAVE                                   0
                 9:11:44:98  Start Input for Next Load Case
                 9:11:44:98  case no= 3203 seq. no=  96 idynl= 0
                 9:11:44:99  LOADEND ISLAVE                                   0
                 9:11:44:99  Start Input for Next Load Case
                 9:11:44:99  case no= 3204 seq. no=  97 idynl= 0
                 9:11:45: 0  LOADEND ISLAVE                                   0
                 9:11:45: 0  Start Input for Next Load Case
                 9:11:45: 1  case no= 3205 seq. no=  98 idynl= 0
                 9:11:45: 1  LOADEND ISLAVE                                   0
                 9:11:45: 2  Start Input for Next Load Case
                 9:11:45: 2  case no= 3206 seq. no=  99 idynl= 0
                 9:11:45: 3  LOADEND ISLAVE                                   0
                 9:11:45: 3  Start Input for Next Load Case
                 9:11:45: 4  case no= 3207 seq. no= 100 idynl= 0
                 9:11:45: 4  LOADEND ISLAVE                                   0
                 9:11:45: 4  Start Input for Next Load Case
                 9:11:45: 5  case no= 3208 seq. no= 101 idynl= 0
                 9:11:45: 5  LOADEND ISLAVE                                   0
                 9:11:45: 6  NVPREV                                           0
                 9:11:45: 6  AMAXNON                               2.854331E-01
                 9:11:45: 7  IRECSIZL=                                     4000
                 9:11:45: 7  MTX BLOCKSIZE=                                  36
                 9:11:45: 8  MI=                                             36
                 9:11:45: 8  NORECL=                                          1
                 9:11:45: 9  NORECL1=                                         1
                 9:11:45: 9  IWORD=                                       32000
                 9:11:45:10  JRECSIZE=                                     4000
                 9:11:45:10  IWORDJ=                                      32000
                 9:11:45:10  IBYTE=                                           4
                 9:11:45:11  JOINTS=                                          8
                 9:11:45:11  MEMBERS=                                         7
                 9:11:45:12  PLATES =                                         0
                 9:11:45:12  SOLIDS =                                         0
                 9:11:45:13  NO. OF EQUATIONS=                               36
                 9:11:45:13  idyn=                                            0
                 9:11:45:14  ipd=                                             0
                 9:11:45:14  icablanl=                                        0
                 9:11:45:15  ++ Processing Element Stiffness Matrix.
                 9:11:45:15  NV1                                            101
                 9:11:45:28  ++ Calculating Element Forces & Reactions.
                 9:11:45:79  COMBINATION CASES=                               0
                 9:11:45:79  MAX CM MEMORY (KILOWORDS)                       28
                 9:11:45:80  AFTER SOLVER 1
                 9:11:45:81  REOPEN AS SEQ                                    0
                 9:11:45:81  DEFINE ENVELOPE
                 9:11:45:83  LOAD LIST 1101 TO 110
                 9:11:45:83  PARAMETER 1
                 9:11:45:84  CHECK CODE ALL
                 9:11:45:84  ENTERING SECTNM110 IQ=                           7
                 9:11:45:85               NSEC=                              11
                 9:11:45:85             ISECTN=                               0
                 9:11:45:87  SECTNM110 DO 925
                 9:11:45:89  ENTERING ENVLP1 ITYP1=                          -3
                 9:11:45:89  SECT DISPLACE
                 9:11:45:92  Steel/Alum/Timber Design                        52
                 9:11:45:96    ++ Finished Design ...
                 9:11:45:96  Steel/Timber Design exit
                 9:11:45:96  LOAD LIST 2101 TO 210
                 9:11:45:97  PARAMETER 1
                 9:11:45:98  CHECK CODE ALL
                 9:11:45:98  ENTERING ENVLP1 ITYP1=                          -3
                 9:11:45:98  SECT DISPLACE
                 9:11:46: 0  Steel/Alum/Timber Design                        52
                 9:11:46: 1    ++ Finished Design ...
                 9:11:46: 1  Steel/Timber Design exit
                 9:11:46: 2  LOAD LIST ENV 4 TO 7
                 9:11:46: 2  PARAMETER 1
                 9:11:46: 3  CHECK CODE ALL
                 9:11:46: 3  ENTERING ENVLP1 ITYP1=                          -3
                 9:11:46: 4  SECT DISPLACE
                 9:11:46: 6  Steel/Alum/Timber Design                        52
                 9:11:46: 7    ++ Finished Design ...
                 9:11:46: 7  Steel/Timber Design exit
                 9:11:46: 8  PRINT JOINT DISPLACEM
                 9:11:46: 8  DRAW ISOM JOIN MEMB
                 9:11:46: 9  ENTERING SECTNM110 IQ=                           7
                 9:11:46: 9               NSEC=                              11
                 9:11:46:10             ISECTN=                               0
                 9:11:46:12  SECTNM110 DO 925
                 9:11:46:14  PRINT SUPPORT REACTIO
                 9:11:46:14  DRAW ISOM SUPP PROP
                 9:11:46:15  ENTERING SECTNM110 IQ=                           7
                 9:11:46:16               NSEC=                              11
                 9:11:46:16             ISECTN=                               0
                 9:11:46:18  SECTNM110 DO 925
                 9:11:46:20  DRAW ISOM SHAP
                 9:11:46:20  ENTERING SECTNM110 IQ=                           7
                 9:11:46:21               NSEC=                              11
                 9:11:46:22             ISECTN=                               0
                 9:11:46:24  SECTNM110 DO 925
                 9:11:46:26  PRINT CG
                 9:11:46:26  FINISH
                 9:11:46:27  All Commands FINISHed
                 9:11:46:27  DATASAVE for SPRO GUI
                 9:11:46:28  ++ Creating Displacement File (DSP)...
                 9:11:46:29  ++ Creating Reaction File (REA)...
                 9:11:46:29  ++ Creating Section Force File (BMD)...
                 9:11:46:31  ++ Creating Section Displace File (SEC)...
                 9:11:46:31  ENTERING ENVLP1 ITYP1=                          -5
                 9:11:46:32  SECT DISPLACE
                 9:11:46:35  ++ Creating Section Displace File (SCN)...
                 9:11:46:37  ++ Creating Design information File (DGN)...
                 9:11:46:37  ALLOCATED CM MEMORY (KILOWORDS)             300000
                 9:11:46:37  MAX CM MEMORY (KILOWORDS)                       59
                 9:11:46:38  DBS LONG SEC NAME
* End Of Analysis At Wed Jul  3 09:11:46 2024
* CPU usage = 3.615000
* STAAD Exit Code: 100, Warning Count: 0, Error Count: 0, Duration: 3.615
1 0 0 3.615
****************************************************************************
*                            END OF ANALYSIS                               *
****************************************************************************
