10/17/2024 13:11:10	Reading UID database.
10/17/2024 13:11:10	Start loading STAAD model.
10/17/2024 13:11:11	Reading model file.
10/17/2024 13:11:11	Reading model file is complete.
10/17/2024 13:11:11	Processing support.
10/17/2024 13:11:11	Processing springs.
10/17/2024 13:11:11	Processing properties.
10/17/2024 13:11:11	Processing physical properties.
10/17/2024 13:11:11	Processing constants.
10/17/2024 13:11:11	Processing BETA constants.
10/17/2024 13:11:11	Processing hidden analytical member loads.
10/17/2024 13:11:11	Processing command list for member release.
10/17/2024 13:11:11	Processing command list for member offset.
10/17/2024 13:11:11	Processing command list for member specs (cracked).
10/17/2024 13:11:11	Processing command list for member specs (axial).
10/17/2024 13:11:11	Processing command list for element release.
10/17/2024 13:11:11	Processing command list for element offset.
10/17/2024 13:11:11	Processing command list for element plate stress directive.
10/17/2024 13:11:11	Processing parameter for Chinese wind load case.
10/17/2024 13:11:11	End Processing command list.
10/17/2024 13:11:11	End loading STAAD model.
10/17/2024 13:11:11	Start Post Analysis method
10/17/2024 13:11:11	Removed all hidden plates from surfaces
10/17/2024 13:11:11	Removed all hidden plates
10/17/2024 13:11:11	Removed all hidden nodes
10/17/2024 13:11:11	Loading results from MSH file...
10/17/2024 13:11:11	Building result indices...
10/17/2024 13:11:11	Loading plate stress results...
10/17/2024 13:11:11	Set analysis report setup data
10/17/2024 13:11:11	Starting page setup...
10/17/2024 13:11:11	Page setup completed
10/17/2024 13:11:11	Setting available workflows...
10/17/2024 13:11:11	Post analysis method ends
10/17/2024 13:11:25	Start Post Analysis method
10/17/2024 13:11:25	Removed all hidden plates from surfaces
10/17/2024 13:11:25	Removed all hidden plates
10/17/2024 13:11:25	Removed all hidden nodes
10/17/2024 13:11:25	Loading results from MSH file...
10/17/2024 13:11:25	Building result indices...
10/17/2024 13:11:25	Loading plate stress results...
10/17/2024 13:11:25	Set analysis report setup data
10/17/2024 13:11:25	Starting page setup...
10/17/2024 13:11:25	Page setup completed
10/17/2024 13:11:25	Setting available workflows...
10/17/2024 13:11:25	Post analysis method ends
