11:16:04	Initializing STAAD Engine
11:16:04	Run stream set up is complete.
11:16:04	Initialize license libraries.
11:16:04	License libraries initialized.
11:16:04	Starting license(s) for A & D engine.
11:16:04	License Status: Ok
11:16:04	License information set up is complete.
****************************************************************************
*                            START OF ANALYSIS                             *
****************************************************************************
* Initiating Analysis At Thu Oct  3 11:16:04 2024
                          PROGRAM: STAAD.Pro
                          VERSION: 23.00.01.25
                11:16: 4:88  ENTERING STAAD
                11:16: 4:89  USING 64 BIT STAAD ENGINE
                11:16: 4:89  ENTERING MAINN
                11:16: 4:90  START JOB INFORMATION
                11:16: 4:90  INPUT WIDTH 79
                11:16: 4:90  UNIT MMS KN
                11:16: 4:91  JOINT COORDINATES
                11:16: 4:91  ENTERING JOINTC
                11:16: 4:92  JOINTC NEWJ                                 400000
                11:16: 4:92  MAX NODE NO.                                     4
                11:16: 4:93  MEMBER INCIDENCES
                11:16: 4:93  UNIT METER KN
                11:16: 4:94  DEFINE MATERIAL START
                11:16: 4:94  UNIT MMS KN
                11:16: 4:95  MEMBER PROPERTY EUROP
                11:16: 5: 7    ++ Finished Reading Member Properties ...
                11:16: 5: 7  CONSTANTS
                11:16: 5: 8  SUPPORTS
                11:16: 5: 8  ENTERING SUPPORT
                11:16: 5: 9  UNIT METER KN
                11:16: 5: 9  DEFINE WIND LOAD
                11:16: 5:10  LOAD 121 LOADTYPE DEA
                11:16: 5:10  DUPLICATE ELEMENT CHECK
                11:16: 5:11  CHECKING STRUCTURAL INTEGRITY
                11:16: 5:11  CHECK UNCONNECTED JOINTS AND
                11:16: 5:12  CALCULATE MAX JOINT CONNECTIVITY
                11:16: 5:12  CHECK MULTIPLE STRUCTURES
                11:16: 5:13  ENTERING SUPPORT
                11:16: 5:13  NRJOLD                                           0
                11:16: 5:14  SUPPORT NOLD                                     0
                11:16: 5:14  SUPPORT N                                       12
                11:16: 5:15  BEFORE LOADPR
                11:16: 5:15  REOPEN AS DIR                                    0
                11:16: 5:16  ENTER LOADPR
                11:16: 5:26  PERFORM ANALYSIS PRIN
                11:16: 5:26  pdel iter                                        0
                11:16: 5:26  MAXIMUM E =                           2.973273E+04
                11:16: 5:27  MINIMUM E =                           2.973273E+04
                11:16: 5:27  MBW DOF BAND=                                    1
                11:16: 5:28  NUMBER OF PRIMARY CASES                        101
                11:16: 5:28  NUMBER OF CASES                                252
                11:16: 5:29  #OF CASES W/ELEM INMEMORY                      252
                11:16: 5:29  Using 64-bit analysis engine
                11:16: 5:30  BEFORE SOLVER 1
                11:16: 5:30  Start Input for Next Load Case
                11:16: 5:31  case no=  121 seq. no=   1 idynl= 0
                11:16: 5:31  MASSSET                                          0
                11:16: 5:32  LOADEND ISLAVE                                   0
                11:16: 5:32  Start Input for Next Load Case
                11:16: 5:33  case no=  201 seq. no=   2 idynl= 0
                11:16: 5:33  LOADEND ISLAVE                                   0
                11:16: 5:34  Start Input for Next Load Case
                11:16: 5:34  case no=  202 seq. no=   3 idynl= 0
                11:16: 5:34  LOADEND ISLAVE                                   0
                11:16: 5:35  Start Input for Next Load Case
                11:16: 5:35  case no=  203 seq. no=   4 idynl= 0
                11:16: 5:36  LOADEND ISLAVE                                   0
                11:16: 5:36  Start Input for Next Load Case
                11:16: 5:37  case no=  204 seq. no=   5 idynl= 0
                11:16: 5:37  LOADEND ISLAVE                                   0
                11:16: 5:38  Start Input for Next Load Case
                11:16: 5:38  case no=  205 seq. no=   6 idynl= 0
                11:16: 5:39  LOADEND ISLAVE                                   0
                11:16: 5:39  Start Input for Next Load Case
                11:16: 5:40  case no=  206 seq. no=   7 idynl= 0
                11:16: 5:40  LOADEND ISLAVE                                   0
                11:16: 5:41  Start Input for Next Load Case
                11:16: 5:41  case no=  207 seq. no=   8 idynl= 0
                11:16: 5:42  LOADEND ISLAVE                                   0
                11:16: 5:42  Start Input for Next Load Case
                11:16: 5:43  case no=  208 seq. no=   9 idynl= 0
                11:16: 5:43  LOADEND ISLAVE                                   0
                11:16: 5:43  Start Input for Next Load Case
                11:16: 5:44  case no=  312 seq. no=  10 idynl= 0
                11:16: 5:44  LOADEND ISLAVE                                   0
                11:16: 5:45  Start Input for Next Load Case
                11:16: 5:45  case no=  313 seq. no=  11 idynl= 0
                11:16: 5:46  LOADEND ISLAVE                                   0
                11:16: 5:46  Start Input for Next Load Case
                11:16: 5:47  case no=  314 seq. no=  12 idynl= 0
                11:16: 5:47  LOADEND ISLAVE                                   0
                11:16: 5:48  Start Input for Next Load Case
                11:16: 5:48  case no=  315 seq. no=  13 idynl= 0
                11:16: 5:49  LOADEND ISLAVE                                   0
                11:16: 5:49  Start Input for Next Load Case
                11:16: 5:50  case no=  322 seq. no=  14 idynl= 0
                11:16: 5:50  LOADEND ISLAVE                                   0
                11:16: 5:51  Start Input for Next Load Case
                11:16: 5:51  case no=  323 seq. no=  15 idynl= 0
                11:16: 5:52  LOADEND ISLAVE                                   0
                11:16: 5:52  Start Input for Next Load Case
                11:16: 5:53  case no=  324 seq. no=  16 idynl= 0
                11:16: 5:53  LOADEND ISLAVE                                   0
                11:16: 5:54  Start Input for Next Load Case
                11:16: 5:54  case no=  325 seq. no=  17 idynl= 0
                11:16: 5:55  LOADEND ISLAVE                                   0
                11:16: 5:55  Start Input for Next Load Case
                11:16: 5:56  case no=  332 seq. no=  18 idynl= 0
                11:16: 5:56  LOADEND ISLAVE                                   0
                11:16: 5:57  Start Input for Next Load Case
                11:16: 5:57  case no=  333 seq. no=  19 idynl= 0
                11:16: 5:58  LOADEND ISLAVE                                   0
                11:16: 5:58  Start Input for Next Load Case
                11:16: 5:59  case no=  334 seq. no=  20 idynl= 0
                11:16: 5:59  LOADEND ISLAVE                                   0
                11:16: 5:60  Start Input for Next Load Case
                11:16: 5:60  case no=  335 seq. no=  21 idynl= 0
                11:16: 5:61  LOADEND ISLAVE                                   0
                11:16: 5:61  Start Input for Next Load Case
                11:16: 5:62  case no=  411 seq. no=  22 idynl= 0
                11:16: 5:62  LOADEND ISLAVE                                   0
                11:16: 5:63  Start Input for Next Load Case
                11:16: 5:63  case no=  412 seq. no=  23 idynl= 0
                11:16: 5:63  LOADEND ISLAVE                                   0
                11:16: 5:64  Start Input for Next Load Case
                11:16: 5:64  case no=  413 seq. no=  24 idynl= 0
                11:16: 5:65  LOADEND ISLAVE                                   0
                11:16: 5:65  Start Input for Next Load Case
                11:16: 5:66  case no=  414 seq. no=  25 idynl= 0
                11:16: 5:67  LOADEND ISLAVE                                   0
                11:16: 5:67  Start Input for Next Load Case
                11:16: 5:68  case no=  415 seq. no=  26 idynl= 0
                11:16: 5:68  LOADEND ISLAVE                                   0
                11:16: 5:69  Start Input for Next Load Case
                11:16: 5:69  case no=  416 seq. no=  27 idynl= 0
                11:16: 5:70  LOADEND ISLAVE                                   0
                11:16: 5:70  Start Input for Next Load Case
                11:16: 5:71  case no=  417 seq. no=  28 idynl= 0
                11:16: 5:71  LOADEND ISLAVE                                   0
                11:16: 5:72  Start Input for Next Load Case
                11:16: 5:72  case no=  418 seq. no=  29 idynl= 0
                11:16: 5:73  LOADEND ISLAVE                                   0
                11:16: 5:73  Start Input for Next Load Case
                11:16: 5:74  case no=  421 seq. no=  30 idynl= 0
                11:16: 5:74  LOADEND ISLAVE                                   0
                11:16: 5:75  Start Input for Next Load Case
                11:16: 5:75  case no=  422 seq. no=  31 idynl= 0
                11:16: 5:76  LOADEND ISLAVE                                   0
                11:16: 5:76  Start Input for Next Load Case
                11:16: 5:77  case no=  423 seq. no=  32 idynl= 0
                11:16: 5:77  LOADEND ISLAVE                                   0
                11:16: 5:78  Start Input for Next Load Case
                11:16: 5:78  case no=  424 seq. no=  33 idynl= 0
                11:16: 5:79  LOADEND ISLAVE                                   0
                11:16: 5:79  Start Input for Next Load Case
                11:16: 5:80  case no=  425 seq. no=  34 idynl= 0
                11:16: 5:80  LOADEND ISLAVE                                   0
                11:16: 5:81  Start Input for Next Load Case
                11:16: 5:81  case no=  426 seq. no=  35 idynl= 0
                11:16: 5:82  LOADEND ISLAVE                                   0
                11:16: 5:82  Start Input for Next Load Case
                11:16: 5:83  case no=  427 seq. no=  36 idynl= 0
                11:16: 5:83  LOADEND ISLAVE                                   0
                11:16: 5:84  Start Input for Next Load Case
                11:16: 5:84  case no=  428 seq. no=  37 idynl= 0
                11:16: 5:84  LOADEND ISLAVE                                   0
                11:16: 5:85  Start Input for Next Load Case
                11:16: 5:86  case no=  711 seq. no=  38 idynl= 0
                11:16: 5:86  LOADEND ISLAVE                                   0
                11:16: 5:86  Start Input for Next Load Case
                11:16: 5:87  case no=  712 seq. no=  39 idynl= 0
                11:16: 5:87  LOADEND ISLAVE                                   0
                11:16: 5:88  Start Input for Next Load Case
                11:16: 5:88  case no=  713 seq. no=  40 idynl= 0
                11:16: 5:89  LOADEND ISLAVE                                   0
                11:16: 5:89  Start Input for Next Load Case
                11:16: 5:90  case no=  714 seq. no=  41 idynl= 0
                11:16: 5:90  LOADEND ISLAVE                                   0
                11:16: 5:91  Start Input for Next Load Case
                11:16: 5:91  case no=  715 seq. no=  42 idynl= 0
                11:16: 5:92  LOADEND ISLAVE                                   0
                11:16: 5:92  Start Input for Next Load Case
                11:16: 5:93  case no=  716 seq. no=  43 idynl= 0
                11:16: 5:93  LOADEND ISLAVE                                   0
                11:16: 5:94  Start Input for Next Load Case
                11:16: 5:94  case no=  717 seq. no=  44 idynl= 0
                11:16: 5:95  LOADEND ISLAVE                                   0
                11:16: 5:95  Start Input for Next Load Case
                11:16: 5:96  case no=  718 seq. no=  45 idynl= 0
                11:16: 5:96  LOADEND ISLAVE                                   0
                11:16: 5:96  Start Input for Next Load Case
                11:16: 5:97  case no= 1101 seq. no=  46 idynl= 0
                11:16: 5:97  LOADEND ISLAVE                                   0
                11:16: 5:98  Start Input for Next Load Case
                11:16: 5:98  case no= 1102 seq. no=  47 idynl= 0
                11:16: 5:99  LOADEND ISLAVE                                   0
                11:16: 5:99  Start Input for Next Load Case
                11:16: 6: 0  case no= 1103 seq. no=  48 idynl= 0
                11:16: 6: 1  LOADEND ISLAVE                                   0
                11:16: 6: 1  Start Input for Next Load Case
                11:16: 6: 2  case no= 1104 seq. no=  49 idynl= 0
                11:16: 6: 2  LOADEND ISLAVE                                   0
                11:16: 6: 3  Start Input for Next Load Case
                11:16: 6: 3  case no= 1105 seq. no=  50 idynl= 0
                11:16: 6: 4  LOADEND ISLAVE                                   0
                11:16: 6: 4  Start Input for Next Load Case
                11:16: 6: 5  case no= 1106 seq. no=  51 idynl= 0
                11:16: 6: 5  LOADEND ISLAVE                                   0
                11:16: 6: 6  Start Input for Next Load Case
                11:16: 6: 6  case no= 1107 seq. no=  52 idynl= 0
                11:16: 6: 7  LOADEND ISLAVE                                   0
                11:16: 6: 7  Start Input for Next Load Case
                11:16: 6: 8  case no= 1108 seq. no=  53 idynl= 0
                11:16: 6: 8  LOADEND ISLAVE                                   0
                11:16: 6: 9  Start Input for Next Load Case
                11:16: 6: 9  case no= 1201 seq. no=  54 idynl= 0
                11:16: 6:10  LOADEND ISLAVE                                   0
                11:16: 6:10  Start Input for Next Load Case
                11:16: 6:11  case no= 1202 seq. no=  55 idynl= 0
                11:16: 6:11  LOADEND ISLAVE                                   0
                11:16: 6:12  Start Input for Next Load Case
                11:16: 6:12  case no= 1203 seq. no=  56 idynl= 0
                11:16: 6:13  LOADEND ISLAVE                                   0
                11:16: 6:13  Start Input for Next Load Case
                11:16: 6:14  case no= 1204 seq. no=  57 idynl= 0
                11:16: 6:14  LOADEND ISLAVE                                   0
                11:16: 6:15  Start Input for Next Load Case
                11:16: 6:15  case no= 1205 seq. no=  58 idynl= 0
                11:16: 6:15  LOADEND ISLAVE                                   0
                11:16: 6:16  Start Input for Next Load Case
                11:16: 6:16  case no= 1206 seq. no=  59 idynl= 0
                11:16: 6:17  LOADEND ISLAVE                                   0
                11:16: 6:17  Start Input for Next Load Case
                11:16: 6:18  case no= 1207 seq. no=  60 idynl= 0
                11:16: 6:18  LOADEND ISLAVE                                   0
                11:16: 6:19  Start Input for Next Load Case
                11:16: 6:19  case no= 1208 seq. no=  61 idynl= 0
                11:16: 6:20  LOADEND ISLAVE                                   0
                11:16: 6:20  Start Input for Next Load Case
                11:16: 6:21  case no= 2101 seq. no=  62 idynl= 0
                11:16: 6:21  LOADEND ISLAVE                                   0
                11:16: 6:22  Start Input for Next Load Case
                11:16: 6:22  case no= 2102 seq. no=  63 idynl= 0
                11:16: 6:23  LOADEND ISLAVE                                   0
                11:16: 6:23  Start Input for Next Load Case
                11:16: 6:24  case no= 2103 seq. no=  64 idynl= 0
                11:16: 6:24  LOADEND ISLAVE                                   0
                11:16: 6:25  Start Input for Next Load Case
                11:16: 6:25  case no= 2104 seq. no=  65 idynl= 0
                11:16: 6:26  LOADEND ISLAVE                                   0
                11:16: 6:26  Start Input for Next Load Case
                11:16: 6:27  case no= 2105 seq. no=  66 idynl= 0
                11:16: 6:27  LOADEND ISLAVE                                   0
                11:16: 6:28  Start Input for Next Load Case
                11:16: 6:28  case no= 2106 seq. no=  67 idynl= 0
                11:16: 6:29  LOADEND ISLAVE                                   0
                11:16: 6:29  Start Input for Next Load Case
                11:16: 6:30  case no= 2107 seq. no=  68 idynl= 0
                11:16: 6:30  LOADEND ISLAVE                                   0
                11:16: 6:31  Start Input for Next Load Case
                11:16: 6:32  case no= 2108 seq. no=  69 idynl= 0
                11:16: 6:32  LOADEND ISLAVE                                   0
                11:16: 6:33  Start Input for Next Load Case
                11:16: 6:34  case no= 3001 seq. no=  70 idynl= 0
                11:16: 6:35  LOADEND ISLAVE                                   0
                11:16: 6:35  Start Input for Next Load Case
                11:16: 6:36  case no= 3002 seq. no=  71 idynl= 0
                11:16: 6:36  LOADEND ISLAVE                                   0
                11:16: 6:37  Start Input for Next Load Case
                11:16: 6:37  case no= 3003 seq. no=  72 idynl= 0
                11:16: 6:38  LOADEND ISLAVE                                   0
                11:16: 6:39  Start Input for Next Load Case
                11:16: 6:39  case no= 3004 seq. no=  73 idynl= 0
                11:16: 6:40  LOADEND ISLAVE                                   0
                11:16: 6:40  Start Input for Next Load Case
                11:16: 6:40  case no= 3005 seq. no=  74 idynl= 0
                11:16: 6:41  LOADEND ISLAVE                                   0
                11:16: 6:41  Start Input for Next Load Case
                11:16: 6:42  case no= 3006 seq. no=  75 idynl= 0
                11:16: 6:42  LOADEND ISLAVE                                   0
                11:16: 6:43  Start Input for Next Load Case
                11:16: 6:43  case no= 3007 seq. no=  76 idynl= 0
                11:16: 6:44  LOADEND ISLAVE                                   0
                11:16: 6:44  Start Input for Next Load Case
                11:16: 6:45  case no= 3008 seq. no=  77 idynl= 0
                11:16: 6:45  LOADEND ISLAVE                                   0
                11:16: 6:46  Start Input for Next Load Case
                11:16: 6:46  case no= 3011 seq. no=  78 idynl= 0
                11:16: 6:47  LOADEND ISLAVE                                   0
                11:16: 6:47  Start Input for Next Load Case
                11:16: 6:47  case no= 3012 seq. no=  79 idynl= 0
                11:16: 6:48  LOADEND ISLAVE                                   0
                11:16: 6:49  Start Input for Next Load Case
                11:16: 6:49  case no= 3013 seq. no=  80 idynl= 0
                11:16: 6:50  LOADEND ISLAVE                                   0
                11:16: 6:50  Start Input for Next Load Case
                11:16: 6:51  case no= 3014 seq. no=  81 idynl= 0
                11:16: 6:51  LOADEND ISLAVE                                   0
                11:16: 6:52  Start Input for Next Load Case
                11:16: 6:52  case no= 3015 seq. no=  82 idynl= 0
                11:16: 6:53  LOADEND ISLAVE                                   0
                11:16: 6:53  Start Input for Next Load Case
                11:16: 6:54  case no= 3016 seq. no=  83 idynl= 0
                11:16: 6:54  LOADEND ISLAVE                                   0
                11:16: 6:55  Start Input for Next Load Case
                11:16: 6:56  case no= 3017 seq. no=  84 idynl= 0
                11:16: 6:56  LOADEND ISLAVE                                   0
                11:16: 6:57  Start Input for Next Load Case
                11:16: 6:57  case no= 3018 seq. no=  85 idynl= 0
                11:16: 6:58  LOADEND ISLAVE                                   0
                11:16: 6:58  Start Input for Next Load Case
                11:16: 6:59  case no= 3021 seq. no=  86 idynl= 0
                11:16: 6:59  LOADEND ISLAVE                                   0
                11:16: 6:60  Start Input for Next Load Case
                11:16: 6:60  case no= 3022 seq. no=  87 idynl= 0
                11:16: 6:61  LOADEND ISLAVE                                   0
                11:16: 6:61  Start Input for Next Load Case
                11:16: 6:62  case no= 3023 seq. no=  88 idynl= 0
                11:16: 6:62  LOADEND ISLAVE                                   0
                11:16: 6:63  Start Input for Next Load Case
                11:16: 6:63  case no= 3024 seq. no=  89 idynl= 0
                11:16: 6:63  LOADEND ISLAVE                                   0
                11:16: 6:64  Start Input for Next Load Case
                11:16: 6:64  case no= 3025 seq. no=  90 idynl= 0
                11:16: 6:65  LOADEND ISLAVE                                   0
                11:16: 6:65  Start Input for Next Load Case
                11:16: 6:66  case no= 3026 seq. no=  91 idynl= 0
                11:16: 6:66  LOADEND ISLAVE                                   0
                11:16: 6:67  Start Input for Next Load Case
                11:16: 6:67  case no= 3027 seq. no=  92 idynl= 0
                11:16: 6:68  LOADEND ISLAVE                                   0
                11:16: 6:68  Start Input for Next Load Case
                11:16: 6:69  case no= 3028 seq. no=  93 idynl= 0
                11:16: 6:69  LOADEND ISLAVE                                   0
                11:16: 6:70  Start Input for Next Load Case
                11:16: 6:70  case no= 3201 seq. no=  94 idynl= 0
                11:16: 6:71  LOADEND ISLAVE                                   0
                11:16: 6:71  Start Input for Next Load Case
                11:16: 6:71  case no= 3202 seq. no=  95 idynl= 0
                11:16: 6:72  LOADEND ISLAVE                                   0
                11:16: 6:72  Start Input for Next Load Case
                11:16: 6:73  case no= 3203 seq. no=  96 idynl= 0
                11:16: 6:73  LOADEND ISLAVE                                   0
                11:16: 6:74  Start Input for Next Load Case
                11:16: 6:74  case no= 3204 seq. no=  97 idynl= 0
                11:16: 6:75  LOADEND ISLAVE                                   0
                11:16: 6:75  Start Input for Next Load Case
                11:16: 6:76  case no= 3205 seq. no=  98 idynl= 0
                11:16: 6:76  LOADEND ISLAVE                                   0
                11:16: 6:77  Start Input for Next Load Case
                11:16: 6:78  case no= 3206 seq. no=  99 idynl= 0
                11:16: 6:78  LOADEND ISLAVE                                   0
                11:16: 6:79  Start Input for Next Load Case
                11:16: 6:79  case no= 3207 seq. no= 100 idynl= 0
                11:16: 6:80  LOADEND ISLAVE                                   0
                11:16: 6:80  Start Input for Next Load Case
                11:16: 6:81  case no= 3208 seq. no= 101 idynl= 0
                11:16: 6:81  LOADEND ISLAVE                                   0
                11:16: 6:82  NVPREV                                           0
                11:16: 6:82  AMAXNON                               2.788714E-01
                11:16: 6:83  IRECSIZL=                                     4000
                11:16: 6:83  MTX BLOCKSIZE=                                  12
                11:16: 6:84  MI=                                             12
                11:16: 6:84  NORECL=                                          1
                11:16: 6:85  NORECL1=                                         1
                11:16: 6:85  IWORD=                                       32000
                11:16: 6:86  JRECSIZE=                                     4000
                11:16: 6:86  IWORDJ=                                      32000
                11:16: 6:87  IBYTE=                                           4
                11:16: 6:87  JOINTS=                                          4
                11:16: 6:88  MEMBERS=                                         3
                11:16: 6:88  PLATES =                                         0
                11:16: 6:89  SOLIDS =                                         0
                11:16: 6:89  NO. OF EQUATIONS=                               12
                11:16: 6:90  idyn=                                            0
                11:16: 6:90  ipd=                                             0
                11:16: 6:90  icablanl=                                        0
                11:16: 6:91  ++ Processing Element Stiffness Matrix.
                11:16: 6:91  NV1                                            101
                11:16: 7: 3  ++ Calculating Element Forces & Reactions.
                11:16: 7:55  COMBINATION CASES=                               0
                11:16: 7:55  MAX CM MEMORY (KILOWORDS)                       26
                11:16: 7:56  AFTER SOLVER 1
                11:16: 7:58  REOPEN AS SEQ                                    0
                11:16: 7:58  DEFINE ENVELOPE
                11:16: 7:60  LOAD LIST 1101 TO 110
                11:16: 7:60  PARAMETER 1
                11:16: 7:61  CHECK CODE MEMB 201 2
                11:16: 7:61  ENTERING SECTNM110 IQ=                           3
                11:16: 7:61               NSEC=                              11
                11:16: 7:62             ISECTN=                               0
                11:16: 7:64  SECTNM110 DO 925
                11:16: 7:65  ENTERING ENVLP1 ITYP1=                          -3
                11:16: 7:65  SECT DISPLACE
                11:16: 7:66  Steel/Alum/Timber Design                        52
                11:16: 7:67    ++ Finished Design ...
                11:16: 7:67  Steel/Timber Design exit
                11:16: 7:67  LOAD LIST 2101 TO 210
                11:16: 7:68  PARAMETER 1
                11:16: 7:69  CHECK CODE MEMB 201 2
                11:16: 7:69  ENTERING ENVLP1 ITYP1=                          -3
                11:16: 7:70  SECT DISPLACE
                11:16: 7:71  Steel/Alum/Timber Design                        52
                11:16: 7:71    ++ Finished Design ...
                11:16: 7:72  Steel/Timber Design exit
                11:16: 7:72  LOAD LIST ENV 4 TO 7
                11:16: 7:73  PARAMETER 1
                11:16: 7:74  CHECK CODE MEMB 201 2
                11:16: 7:74  ENTERING ENVLP1 ITYP1=                          -3
                11:16: 7:75  SECT DISPLACE
                11:16: 7:76  Steel/Alum/Timber Design                        52
                11:16: 7:76    ++ Finished Design ...
                11:16: 7:77  Steel/Timber Design exit
                11:16: 7:77  PRINT JOINT DISPLACEM
                11:16: 7:78  DRAW ISOM JOIN MEMB
                11:16: 7:79  ENTERING SECTNM110 IQ=                           3
                11:16: 7:79               NSEC=                              11
                11:16: 7:80             ISECTN=                               0
                11:16: 7:82  SECTNM110 DO 925
                11:16: 7:83  PRINT SUPPORT REACTIO
                11:16: 7:83  DRAW ISOM SUPP PROP
                11:16: 7:84  ENTERING SECTNM110 IQ=                           3
                11:16: 7:84               NSEC=                              11
                11:16: 7:85             ISECTN=                               0
                11:16: 7:87  SECTNM110 DO 925
                11:16: 7:88  DRAW ISOM SHAP
                11:16: 7:88  ENTERING SECTNM110 IQ=                           3
                11:16: 7:88               NSEC=                              11
                11:16: 7:89             ISECTN=                               0
                11:16: 7:91  SECTNM110 DO 925
                11:16: 7:92  PRINT CG
                11:16: 7:92  FINISH
                11:16: 7:93  All Commands FINISHed
                11:16: 7:94  DATASAVE for SPRO GUI
                11:16: 7:94  ++ Creating Displacement File (DSP)...
                11:16: 7:95  ++ Creating Reaction File (REA)...
                11:16: 7:96  ++ Creating Section Force File (BMD)...
                11:16: 7:97  ++ Creating Section Displace File (SEC)...
                11:16: 7:97  ENTERING ENVLP1 ITYP1=                          -5
                11:16: 7:98  SECT DISPLACE
                11:16: 8: 0  ++ Creating Section Displace File (SCN)...
                11:16: 8: 0  ++ Creating Design information File (DGN)...
                11:16: 8: 1  ALLOCATED CM MEMORY (KILOWORDS)             300000
                11:16: 8: 1  MAX CM MEMORY (KILOWORDS)                       44
                11:16: 8: 2  DBS LONG SEC NAME
* End Of Analysis At Thu Oct  3 11:16:08 2024
* CPU usage = 3.206000
* STAAD Exit Code: 100, Warning Count: 0, Error Count: 0, Duration: 3.206
1 0 0 3.206
****************************************************************************
*                            END OF ANALYSIS                               *
****************************************************************************
