10/03/2024 11:13:47	Reading UID database.
10/03/2024 11:13:47	Start loading STAAD model.
10/03/2024 11:13:47	Reading model file.
10/03/2024 11:13:47	Reading model file is complete.
10/03/2024 11:13:47	Processing support.
10/03/2024 11:13:47	Processing springs.
10/03/2024 11:13:47	Processing properties.
10/03/2024 11:13:47	Processing physical properties.
10/03/2024 11:13:47	Processing constants.
10/03/2024 11:13:47	Processing BETA constants.
10/03/2024 11:13:47	Processing hidden analytical member loads.
10/03/2024 11:13:47	Processing command list for member release.
10/03/2024 11:13:47	Processing command list for member offset.
10/03/2024 11:13:47	Processing command list for member specs (cracked).
10/03/2024 11:13:47	Processing command list for member specs (axial).
10/03/2024 11:13:47	Processing command list for element release.
10/03/2024 11:13:47	Processing command list for element offset.
10/03/2024 11:13:47	Processing command list for element plate stress directive.
10/03/2024 11:13:47	Processing parameter for Chinese wind load case.
10/03/2024 11:13:47	End Processing command list.
10/03/2024 11:13:47	End loading STAAD model.
10/03/2024 11:13:48	Start Post Analysis method
10/03/2024 11:13:48	Removed all hidden plates from surfaces
10/03/2024 11:13:48	Removed all hidden plates
10/03/2024 11:13:48	Removed all hidden nodes
10/03/2024 11:13:48	Loading results from MSH file...
10/03/2024 11:13:48	Building result indices...
10/03/2024 11:13:48	Loading plate stress results...
10/03/2024 11:13:48	Set analysis report setup data
10/03/2024 11:13:48	Starting page setup...
10/03/2024 11:13:48	Page setup completed
10/03/2024 11:13:48	Setting available workflows...
10/03/2024 11:13:48	Post analysis method ends
10/03/2024 11:15:31	Reading UID database.
10/03/2024 11:15:31	Start loading STAAD model.
10/03/2024 11:15:31	Reading model file.
10/03/2024 11:15:32	Reading model file is complete.
10/03/2024 11:15:32	Processing support.
10/03/2024 11:15:32	Processing springs.
10/03/2024 11:15:32	Processing properties.
10/03/2024 11:15:32	Processing physical properties.
10/03/2024 11:15:32	Processing constants.
10/03/2024 11:15:32	Processing BETA constants.
10/03/2024 11:15:32	Processing hidden analytical member loads.
10/03/2024 11:15:32	Processing command list for member release.
10/03/2024 11:15:32	Processing command list for member offset.
10/03/2024 11:15:32	Processing command list for member specs (cracked).
10/03/2024 11:15:32	Processing command list for member specs (axial).
10/03/2024 11:15:32	Processing command list for element release.
10/03/2024 11:15:32	Processing command list for element offset.
10/03/2024 11:15:32	Processing command list for element plate stress directive.
10/03/2024 11:15:32	Processing parameter for Chinese wind load case.
10/03/2024 11:15:32	End Processing command list.
10/03/2024 11:15:32	End loading STAAD model.
10/03/2024 11:15:32	Start Post Analysis method
10/03/2024 11:15:32	Removed all hidden plates from surfaces
10/03/2024 11:15:32	Removed all hidden plates
10/03/2024 11:15:32	Removed all hidden nodes
10/03/2024 11:15:32	Loading results from MSH file...
10/03/2024 11:15:32	Building result indices...
10/03/2024 11:15:32	Loading plate stress results...
10/03/2024 11:15:32	Set analysis report setup data
10/03/2024 11:15:32	Starting page setup...
10/03/2024 11:15:32	Page setup completed
10/03/2024 11:15:32	Setting available workflows...
10/03/2024 11:15:32	Post analysis method ends
10/03/2024 11:16:09	Start Post Analysis method
10/03/2024 11:16:09	Removed all hidden plates from surfaces
10/03/2024 11:16:09	Removed all hidden plates
10/03/2024 11:16:09	Removed all hidden nodes
10/03/2024 11:16:09	Loading results from MSH file...
10/03/2024 11:16:09	Building result indices...
10/03/2024 11:16:10	Loading plate stress results...
10/03/2024 11:16:10	Set analysis report setup data
10/03/2024 11:16:10	Starting page setup...
10/03/2024 11:16:10	Page setup completed
10/03/2024 11:16:10	Setting available workflows...
10/03/2024 11:16:10	Post analysis method ends
