07/18/2024 14:40:11	Reading UID database.
07/18/2024 14:40:11	Start loading STAAD model.
07/18/2024 14:40:11	Reading model file.
07/18/2024 14:40:12	Reading model file is complete.
07/18/2024 14:40:12	Processing support.
07/18/2024 14:40:12	Processing springs.
07/18/2024 14:40:12	Processing properties.
07/18/2024 14:40:12	Processing physical properties.
07/18/2024 14:40:12	Processing constants.
07/18/2024 14:40:12	Processing BETA constants.
07/18/2024 14:40:12	Processing hidden analytical member loads.
07/18/2024 14:40:12	Processing command list for member release.
07/18/2024 14:40:12	Processing command list for member offset.
07/18/2024 14:40:12	Processing command list for member specs (cracked).
07/18/2024 14:40:12	Processing command list for member specs (axial).
07/18/2024 14:40:12	Processing command list for element release.
07/18/2024 14:40:12	Processing command list for element offset.
07/18/2024 14:40:12	Processing command list for element plate stress directive.
07/18/2024 14:40:12	Processing parameter for Chinese wind load case.
07/18/2024 14:40:12	End Processing command list.
07/18/2024 14:40:12	End loading STAAD model.
07/18/2024 14:40:12	Start Post Analysis method
07/18/2024 14:40:12	Removed all hidden plates from surfaces
07/18/2024 14:40:12	Removed all hidden plates
07/18/2024 14:40:12	Removed all hidden nodes
07/18/2024 14:40:12	Loading results from MSH file...
07/18/2024 14:40:12	Building result indices...
07/18/2024 14:40:12	Loading plate stress results...
07/18/2024 14:40:12	Set analysis report setup data
07/18/2024 14:40:12	Starting page setup...
07/18/2024 14:40:12	Page setup completed
07/18/2024 14:40:12	Setting available workflows...
07/18/2024 14:40:12	Post analysis method ends
07/18/2024 15:23:25	Reading UID database.
07/18/2024 15:23:25	Start loading STAAD model.
07/18/2024 15:23:25	Reading model file.
07/18/2024 15:23:25	Reading model file is complete.
07/18/2024 15:23:25	Processing support.
07/18/2024 15:23:25	Processing springs.
07/18/2024 15:23:25	Processing properties.
07/18/2024 15:23:25	Processing physical properties.
07/18/2024 15:23:25	Processing constants.
07/18/2024 15:23:25	Processing BETA constants.
07/18/2024 15:23:25	Processing hidden analytical member loads.
07/18/2024 15:23:25	Processing command list for member release.
07/18/2024 15:23:25	Processing command list for member offset.
07/18/2024 15:23:25	Processing command list for member specs (cracked).
07/18/2024 15:23:25	Processing command list for member specs (axial).
07/18/2024 15:23:25	Processing command list for element release.
07/18/2024 15:23:25	Processing command list for element offset.
07/18/2024 15:23:25	Processing command list for element plate stress directive.
07/18/2024 15:23:25	Processing parameter for Chinese wind load case.
07/18/2024 15:23:25	End Processing command list.
07/18/2024 15:23:25	End loading STAAD model.
07/18/2024 15:23:25	Start Post Analysis method
07/18/2024 15:23:25	Removed all hidden plates from surfaces
07/18/2024 15:23:25	Removed all hidden plates
07/18/2024 15:23:25	Removed all hidden nodes
07/18/2024 15:23:25	Loading results from MSH file...
07/18/2024 15:23:25	Building result indices...
07/18/2024 15:23:25	Loading plate stress results...
07/18/2024 15:23:25	Set analysis report setup data
07/18/2024 15:23:25	Starting page setup...
07/18/2024 15:23:25	Page setup completed
07/18/2024 15:23:25	Setting available workflows...
07/18/2024 15:23:25	Post analysis method ends
07/18/2024 15:23:42	Start Post Analysis method
07/18/2024 15:23:42	Removed all hidden plates from surfaces
07/18/2024 15:23:42	Removed all hidden plates
07/18/2024 15:23:42	Removed all hidden nodes
07/18/2024 15:23:42	Loading results from MSH file...
07/18/2024 15:23:42	Building result indices...
07/18/2024 15:23:42	Loading plate stress results...
07/18/2024 15:23:42	Set analysis report setup data
07/18/2024 15:23:42	Starting page setup...
07/18/2024 15:23:42	Page setup completed
07/18/2024 15:23:42	Setting available workflows...
07/18/2024 15:23:42	Post analysis method ends
