07/17/2024 19:10:03	Reading UID database.
07/17/2024 19:10:03	Start loading STAAD model.
07/17/2024 19:10:03	Reading model file.
07/17/2024 19:10:03	Reading model file is complete.
07/17/2024 19:10:03	Processing support.
07/17/2024 19:10:03	Processing springs.
07/17/2024 19:10:03	Processing properties.
07/17/2024 19:10:03	Processing physical properties.
07/17/2024 19:10:03	Processing constants.
07/17/2024 19:10:03	Processing BETA constants.
07/17/2024 19:10:03	Processing hidden analytical member loads.
07/17/2024 19:10:03	Processing command list for member release.
07/17/2024 19:10:03	Processing command list for member offset.
07/17/2024 19:10:03	Processing command list for member specs (cracked).
07/17/2024 19:10:03	Processing command list for member specs (axial).
07/17/2024 19:10:03	Processing command list for element release.
07/17/2024 19:10:03	Processing command list for element offset.
07/17/2024 19:10:03	Processing command list for element plate stress directive.
07/17/2024 19:10:03	Processing parameter for Chinese wind load case.
07/17/2024 19:10:03	End Processing command list.
07/17/2024 19:10:03	End loading STAAD model.
07/17/2024 19:10:03	Start Post Analysis method
07/17/2024 19:10:03	Removed all hidden plates from surfaces
07/17/2024 19:10:03	Removed all hidden plates
07/17/2024 19:10:03	Removed all hidden nodes
07/17/2024 19:10:03	Loading results from MSH file...
07/17/2024 19:10:03	Building result indices...
07/17/2024 19:10:03	Loading plate stress results...
07/17/2024 19:10:03	Set analysis report setup data
07/17/2024 19:10:03	Starting page setup...
07/17/2024 19:10:03	Page setup completed
07/17/2024 19:10:03	Setting available workflows...
07/17/2024 19:10:03	Post analysis method ends
07/17/2024 19:12:31	Reading UID database.
07/17/2024 19:12:31	Start loading STAAD model.
07/17/2024 19:12:31	Reading model file.
07/17/2024 19:12:31	Reading model file is complete.
07/17/2024 19:12:31	Processing support.
07/17/2024 19:12:31	Processing springs.
07/17/2024 19:12:31	Processing properties.
07/17/2024 19:12:31	Processing physical properties.
07/17/2024 19:12:31	Processing constants.
07/17/2024 19:12:31	Processing BETA constants.
07/17/2024 19:12:31	Processing hidden analytical member loads.
07/17/2024 19:12:31	Processing command list for member release.
07/17/2024 19:12:31	Processing command list for member offset.
07/17/2024 19:12:31	Processing command list for member specs (cracked).
07/17/2024 19:12:31	Processing command list for member specs (axial).
07/17/2024 19:12:31	Processing command list for element release.
07/17/2024 19:12:31	Processing command list for element offset.
07/17/2024 19:12:31	Processing command list for element plate stress directive.
07/17/2024 19:12:31	Processing parameter for Chinese wind load case.
07/17/2024 19:12:31	End Processing command list.
07/17/2024 19:12:31	End loading STAAD model.
07/17/2024 19:12:31	Start Post Analysis method
07/17/2024 19:12:31	Removed all hidden plates from surfaces
07/17/2024 19:12:32	Removed all hidden plates
07/17/2024 19:12:32	Removed all hidden nodes
07/17/2024 19:12:32	Loading results from MSH file...
07/17/2024 19:12:32	Building result indices...
07/17/2024 19:12:32	Loading plate stress results...
07/17/2024 19:12:32	Set analysis report setup data
07/17/2024 19:12:32	Starting page setup...
07/17/2024 19:12:32	Page setup completed
07/17/2024 19:12:32	Setting available workflows...
07/17/2024 19:12:32	Post analysis method ends
07/17/2024 19:12:41	Start Post Analysis method
07/17/2024 19:12:41	Removed all hidden plates from surfaces
07/17/2024 19:12:41	Removed all hidden plates
07/17/2024 19:12:41	Removed all hidden nodes
07/17/2024 19:12:41	Loading results from MSH file...
07/17/2024 19:12:41	Building result indices...
07/17/2024 19:12:41	Loading plate stress results...
07/17/2024 19:12:41	Set analysis report setup data
07/17/2024 19:12:41	Starting page setup...
07/17/2024 19:12:42	Page setup completed
07/17/2024 19:12:42	Setting available workflows...
07/17/2024 19:12:42	Post analysis method ends
07/17/2024 19:16:57	Start Post Analysis method
07/17/2024 19:16:57	Removed all hidden plates from surfaces
07/17/2024 19:16:57	Removed all hidden plates
07/17/2024 19:16:57	Removed all hidden nodes
07/17/2024 19:16:57	Loading results from MSH file...
07/17/2024 19:16:57	Building result indices...
07/17/2024 19:16:57	Loading plate stress results...
07/17/2024 19:16:57	Set analysis report setup data
07/17/2024 19:16:57	Starting page setup...
07/17/2024 19:16:57	Page setup completed
07/17/2024 19:16:57	Setting available workflows...
07/17/2024 19:16:57	Post analysis method ends
