07/18/2024 15:30:17	Reading UID database.
07/18/2024 15:30:17	Start loading STAAD model.
07/18/2024 15:30:17	Reading model file.
07/18/2024 15:30:18	Reading model file is complete.
07/18/2024 15:30:18	Processing support.
07/18/2024 15:30:18	Processing springs.
07/18/2024 15:30:18	Processing properties.
07/18/2024 15:30:18	Processing physical properties.
07/18/2024 15:30:18	Processing constants.
07/18/2024 15:30:18	Processing BETA constants.
07/18/2024 15:30:18	Processing hidden analytical member loads.
07/18/2024 15:30:18	Processing command list for member release.
07/18/2024 15:30:18	Processing command list for member offset.
07/18/2024 15:30:18	Processing command list for member specs (cracked).
07/18/2024 15:30:18	Processing command list for member specs (axial).
07/18/2024 15:30:18	Processing command list for element release.
07/18/2024 15:30:18	Processing command list for element offset.
07/18/2024 15:30:18	Processing command list for element plate stress directive.
07/18/2024 15:30:18	Processing parameter for Chinese wind load case.
07/18/2024 15:30:18	End Processing command list.
07/18/2024 15:30:18	End loading STAAD model.
07/18/2024 15:30:18	Start Post Analysis method
07/18/2024 15:30:18	Removed all hidden plates from surfaces
07/18/2024 15:30:18	Removed all hidden plates
07/18/2024 15:30:18	Removed all hidden nodes
07/18/2024 15:30:18	Loading results from MSH file...
07/18/2024 15:30:18	Building result indices...
07/18/2024 15:30:18	Loading plate stress results...
07/18/2024 15:30:18	Set analysis report setup data
07/18/2024 15:30:18	Starting page setup...
07/18/2024 15:30:18	Page setup completed
07/18/2024 15:30:18	Setting available workflows...
07/18/2024 15:30:18	Post analysis method ends
07/18/2024 15:53:51	Reading UID database.
07/18/2024 15:53:51	Start loading STAAD model.
07/18/2024 15:53:51	Reading model file.
07/18/2024 15:53:51	Reading model file is complete.
07/18/2024 15:53:51	Processing support.
07/18/2024 15:53:51	Processing springs.
07/18/2024 15:53:51	Processing properties.
07/18/2024 15:53:51	Processing physical properties.
07/18/2024 15:53:51	Processing constants.
07/18/2024 15:53:51	Processing BETA constants.
07/18/2024 15:53:51	Processing hidden analytical member loads.
07/18/2024 15:53:51	Processing command list for member release.
07/18/2024 15:53:51	Processing command list for member offset.
07/18/2024 15:53:51	Processing command list for member specs (cracked).
07/18/2024 15:53:51	Processing command list for member specs (axial).
07/18/2024 15:53:51	Processing command list for element release.
07/18/2024 15:53:51	Processing command list for element offset.
07/18/2024 15:53:51	Processing command list for element plate stress directive.
07/18/2024 15:53:51	Processing parameter for Chinese wind load case.
07/18/2024 15:53:51	End Processing command list.
07/18/2024 15:53:51	End loading STAAD model.
07/18/2024 15:53:51	Start Post Analysis method
07/18/2024 15:53:51	Removed all hidden plates from surfaces
07/18/2024 15:53:51	Removed all hidden plates
07/18/2024 15:53:51	Removed all hidden nodes
07/18/2024 15:53:51	Loading results from MSH file...
07/18/2024 15:53:51	Building result indices...
07/18/2024 15:53:51	Loading plate stress results...
07/18/2024 15:53:51	Set analysis report setup data
07/18/2024 15:53:51	Starting page setup...
07/18/2024 15:53:51	Page setup completed
07/18/2024 15:53:51	Setting available workflows...
07/18/2024 15:53:51	Post analysis method ends
07/18/2024 15:54:01	Start Post Analysis method
07/18/2024 15:54:01	Removed all hidden plates from surfaces
07/18/2024 15:54:01	Removed all hidden plates
07/18/2024 15:54:01	Removed all hidden nodes
07/18/2024 15:54:01	Loading results from MSH file...
07/18/2024 15:54:01	Building result indices...
07/18/2024 15:54:01	Loading plate stress results...
07/18/2024 15:54:01	Set analysis report setup data
07/18/2024 15:54:01	Starting page setup...
07/18/2024 15:54:01	Page setup completed
07/18/2024 15:54:01	Setting available workflows...
07/18/2024 15:54:01	Post analysis method ends
