08/09/2024 10:51:03	Reading UID database.
08/09/2024 10:51:03	Start loading STAAD model.
08/09/2024 10:51:03	Reading model file.
08/09/2024 10:51:04	Reading model file is complete.
08/09/2024 10:51:04	Processing support.
08/09/2024 10:51:04	Processing springs.
08/09/2024 10:51:04	Processing properties.
08/09/2024 10:51:04	Processing physical properties.
08/09/2024 10:51:04	Processing constants.
08/09/2024 10:51:04	Processing BETA constants.
08/09/2024 10:51:04	Processing hidden analytical member loads.
08/09/2024 10:51:04	Processing command list for member release.
08/09/2024 10:51:04	Processing command list for member offset.
08/09/2024 10:51:04	Processing command list for member specs (cracked).
08/09/2024 10:51:04	Processing command list for member specs (axial).
08/09/2024 10:51:04	Processing command list for element release.
08/09/2024 10:51:04	Processing command list for element offset.
08/09/2024 10:51:04	Processing command list for element plate stress directive.
08/09/2024 10:51:04	Processing parameter for Chinese wind load case.
08/09/2024 10:51:04	End Processing command list.
08/09/2024 10:51:04	End loading STAAD model.
08/09/2024 10:51:04	Start Post Analysis method
08/09/2024 10:51:04	Removed all hidden plates from surfaces
08/09/2024 10:51:04	Removed all hidden plates
08/09/2024 10:51:04	Removed all hidden nodes
08/09/2024 10:51:04	Loading results from MSH file...
08/09/2024 10:51:04	Building result indices...
08/09/2024 10:51:04	Loading plate stress results...
08/09/2024 10:51:04	Set analysis report setup data
08/09/2024 10:51:04	Starting page setup...
08/09/2024 10:51:04	Page setup completed
08/09/2024 10:51:04	Setting available workflows...
08/09/2024 10:51:04	Post analysis method ends
08/09/2024 10:53:58	Reading UID database.
08/09/2024 10:53:58	Start loading STAAD model.
08/09/2024 10:53:58	Reading model file.
08/09/2024 10:53:58	Reading model file is complete.
08/09/2024 10:53:58	Processing support.
08/09/2024 10:53:58	Processing springs.
08/09/2024 10:53:58	Processing properties.
08/09/2024 10:53:58	Processing physical properties.
08/09/2024 10:53:58	Processing constants.
08/09/2024 10:53:58	Processing BETA constants.
08/09/2024 10:53:58	Processing hidden analytical member loads.
08/09/2024 10:53:58	Processing command list for member release.
08/09/2024 10:53:58	Processing command list for member offset.
08/09/2024 10:53:58	Processing command list for member specs (cracked).
08/09/2024 10:53:58	Processing command list for member specs (axial).
08/09/2024 10:53:58	Processing command list for element release.
08/09/2024 10:53:58	Processing command list for element offset.
08/09/2024 10:53:58	Processing command list for element plate stress directive.
08/09/2024 10:53:58	Processing parameter for Chinese wind load case.
08/09/2024 10:53:58	End Processing command list.
08/09/2024 10:53:58	End loading STAAD model.
08/09/2024 10:53:58	Start Post Analysis method
08/09/2024 10:53:58	Removed all hidden plates from surfaces
08/09/2024 10:53:58	Removed all hidden plates
08/09/2024 10:53:58	Removed all hidden nodes
08/09/2024 10:53:58	Loading results from MSH file...
08/09/2024 10:53:58	Building result indices...
08/09/2024 10:53:58	Loading plate stress results...
08/09/2024 10:53:58	Set analysis report setup data
08/09/2024 10:53:58	Starting page setup...
08/09/2024 10:53:58	Page setup completed
08/09/2024 10:53:58	Setting available workflows...
08/09/2024 10:53:58	Post analysis method ends
08/09/2024 10:54:08	Start Post Analysis method
08/09/2024 10:54:08	Removed all hidden plates from surfaces
08/09/2024 10:54:08	Removed all hidden plates
08/09/2024 10:54:08	Removed all hidden nodes
08/09/2024 10:54:08	Loading results from MSH file...
08/09/2024 10:54:08	Building result indices...
08/09/2024 10:54:08	Loading plate stress results...
08/09/2024 10:54:08	Set analysis report setup data
08/09/2024 10:54:08	Starting page setup...
08/09/2024 10:54:08	Page setup completed
08/09/2024 10:54:08	Setting available workflows...
08/09/2024 10:54:08	Post analysis method ends
