07/23/2024 11:47:51	Reading UID database.
07/23/2024 11:47:51	Start loading STAAD model.
07/23/2024 11:47:51	Reading model file.
07/23/2024 11:47:52	Reading model file is complete.
07/23/2024 11:47:52	Processing support.
07/23/2024 11:47:52	Processing springs.
07/23/2024 11:47:52	Processing properties.
07/23/2024 11:47:52	Processing physical properties.
07/23/2024 11:47:52	Processing constants.
07/23/2024 11:47:52	Processing BETA constants.
07/23/2024 11:47:52	Processing hidden analytical member loads.
07/23/2024 11:47:52	Processing command list for member release.
07/23/2024 11:47:52	Processing command list for member offset.
07/23/2024 11:47:52	Processing command list for member specs (cracked).
07/23/2024 11:47:52	Processing command list for member specs (axial).
07/23/2024 11:47:52	Processing command list for element release.
07/23/2024 11:47:52	Processing command list for element offset.
07/23/2024 11:47:52	Processing command list for element plate stress directive.
07/23/2024 11:47:52	Processing parameter for Chinese wind load case.
07/23/2024 11:47:52	End Processing command list.
07/23/2024 11:47:52	End loading STAAD model.
07/23/2024 11:47:52	Start Post Analysis method
07/23/2024 11:47:52	Removed all hidden plates from surfaces
07/23/2024 11:47:52	Removed all hidden plates
07/23/2024 11:47:52	Removed all hidden nodes
07/23/2024 11:47:52	Loading results from MSH file...
07/23/2024 11:47:52	Building result indices...
07/23/2024 11:47:52	Loading plate stress results...
07/23/2024 11:47:52	Set analysis report setup data
07/23/2024 11:47:52	Starting page setup...
07/23/2024 11:47:52	Page setup completed
07/23/2024 11:47:52	Setting available workflows...
07/23/2024 11:47:52	Post analysis method ends
07/23/2024 12:48:59	Reading UID database.
07/23/2024 12:48:59	Start loading STAAD model.
07/23/2024 12:48:59	Reading model file.
07/23/2024 12:48:59	Reading model file is complete.
07/23/2024 12:48:59	Processing support.
07/23/2024 12:48:59	Processing springs.
07/23/2024 12:48:59	Processing properties.
07/23/2024 12:48:59	Processing physical properties.
07/23/2024 12:48:59	Processing constants.
07/23/2024 12:48:59	Processing BETA constants.
07/23/2024 12:48:59	Processing hidden analytical member loads.
07/23/2024 12:48:59	Processing command list for member release.
07/23/2024 12:48:59	Processing command list for member offset.
07/23/2024 12:48:59	Processing command list for member specs (cracked).
07/23/2024 12:48:59	Processing command list for member specs (axial).
07/23/2024 12:48:59	Processing command list for element release.
07/23/2024 12:48:59	Processing command list for element offset.
07/23/2024 12:48:59	Processing command list for element plate stress directive.
07/23/2024 12:48:59	Processing parameter for Chinese wind load case.
07/23/2024 12:48:59	End Processing command list.
07/23/2024 12:48:59	End loading STAAD model.
07/23/2024 12:48:59	Start Post Analysis method
07/23/2024 12:48:59	Removed all hidden plates from surfaces
07/23/2024 12:48:59	Removed all hidden plates
07/23/2024 12:48:59	Removed all hidden nodes
07/23/2024 12:48:59	Loading results from MSH file...
07/23/2024 12:48:59	Building result indices...
07/23/2024 12:48:59	Loading plate stress results...
07/23/2024 12:48:59	Set analysis report setup data
07/23/2024 12:48:59	Starting page setup...
07/23/2024 12:48:59	Page setup completed
07/23/2024 12:48:59	Setting available workflows...
07/23/2024 12:48:59	Post analysis method ends
07/23/2024 12:49:10	Start Post Analysis method
07/23/2024 12:49:10	Removed all hidden plates from surfaces
07/23/2024 12:49:10	Removed all hidden plates
07/23/2024 12:49:10	Removed all hidden nodes
07/23/2024 12:49:10	Loading results from MSH file...
07/23/2024 12:49:10	Building result indices...
07/23/2024 12:49:10	Loading plate stress results...
07/23/2024 12:49:10	Set analysis report setup data
07/23/2024 12:49:10	Starting page setup...
07/23/2024 12:49:10	Page setup completed
07/23/2024 12:49:10	Setting available workflows...
07/23/2024 12:49:10	Post analysis method ends
07/23/2024 12:50:09	Reading UID database.
07/23/2024 12:50:09	Start loading STAAD model.
07/23/2024 12:50:09	Reading model file.
07/23/2024 12:50:09	Reading model file is complete.
07/23/2024 12:50:09	Processing support.
07/23/2024 12:50:09	Processing springs.
07/23/2024 12:50:09	Processing properties.
07/23/2024 12:50:09	Processing physical properties.
07/23/2024 12:50:09	Processing constants.
07/23/2024 12:50:09	Processing BETA constants.
07/23/2024 12:50:09	Processing hidden analytical member loads.
07/23/2024 12:50:09	Processing command list for member release.
07/23/2024 12:50:09	Processing command list for member offset.
07/23/2024 12:50:09	Processing command list for member specs (cracked).
07/23/2024 12:50:09	Processing command list for member specs (axial).
07/23/2024 12:50:09	Processing command list for element release.
07/23/2024 12:50:09	Processing command list for element offset.
07/23/2024 12:50:09	Processing command list for element plate stress directive.
07/23/2024 12:50:09	Processing parameter for Chinese wind load case.
07/23/2024 12:50:09	End Processing command list.
07/23/2024 12:50:09	End loading STAAD model.
07/23/2024 12:50:09	Start Post Analysis method
07/23/2024 12:50:09	Removed all hidden plates from surfaces
07/23/2024 12:50:09	Removed all hidden plates
07/23/2024 12:50:09	Removed all hidden nodes
07/23/2024 12:50:09	Loading results from MSH file...
07/23/2024 12:50:10	Building result indices...
07/23/2024 12:50:10	Loading plate stress results...
07/23/2024 12:50:10	Set analysis report setup data
07/23/2024 12:50:10	Starting page setup...
07/23/2024 12:50:10	Page setup completed
07/23/2024 12:50:10	Setting available workflows...
07/23/2024 12:50:10	Post analysis method ends
07/23/2024 12:50:20	Start Post Analysis method
07/23/2024 12:50:20	Removed all hidden plates from surfaces
07/23/2024 12:50:20	Removed all hidden plates
07/23/2024 12:50:20	Removed all hidden nodes
07/23/2024 12:50:20	Loading results from MSH file...
07/23/2024 12:50:20	Building result indices...
07/23/2024 12:50:20	Loading plate stress results...
07/23/2024 12:50:20	Set analysis report setup data
07/23/2024 12:50:20	Starting page setup...
07/23/2024 12:50:20	Page setup completed
07/23/2024 12:50:20	Setting available workflows...
07/23/2024 12:50:20	Post analysis method ends
