08/01/2024 16:43:27	Reading UID database.
08/01/2024 16:43:27	Start loading STAAD model.
08/01/2024 16:43:27	Reading model file.
08/01/2024 16:43:27	Reading model file is complete.
08/01/2024 16:43:27	Processing support.
08/01/2024 16:43:27	Processing springs.
08/01/2024 16:43:27	Processing properties.
08/01/2024 16:43:27	Processing physical properties.
08/01/2024 16:43:27	Processing constants.
08/01/2024 16:43:27	Processing BETA constants.
08/01/2024 16:43:27	Processing hidden analytical member loads.
08/01/2024 16:43:27	Processing command list for member release.
08/01/2024 16:43:27	Processing command list for member offset.
08/01/2024 16:43:27	Processing command list for member specs (cracked).
08/01/2024 16:43:27	Processing command list for member specs (axial).
08/01/2024 16:43:27	Processing command list for element release.
08/01/2024 16:43:27	Processing command list for element offset.
08/01/2024 16:43:27	Processing command list for element plate stress directive.
08/01/2024 16:43:27	Processing parameter for Chinese wind load case.
08/01/2024 16:43:27	End Processing command list.
08/01/2024 16:43:27	End loading STAAD model.
08/01/2024 16:43:27	Start Post Analysis method
08/01/2024 16:43:27	Removed all hidden plates from surfaces
08/01/2024 16:43:27	Removed all hidden plates
08/01/2024 16:43:27	Removed all hidden nodes
08/01/2024 16:43:27	Loading results from MSH file...
08/01/2024 16:43:27	Building result indices...
08/01/2024 16:43:27	Loading plate stress results...
08/01/2024 16:43:27	Set analysis report setup data
08/01/2024 16:43:27	Starting page setup...
08/01/2024 16:43:27	Page setup completed
08/01/2024 16:43:27	Setting available workflows...
08/01/2024 16:43:27	Post analysis method ends
08/01/2024 16:57:57	Reading UID database.
08/01/2024 16:57:57	Start loading STAAD model.
08/01/2024 16:57:57	Reading model file.
08/01/2024 16:57:58	Reading model file is complete.
08/01/2024 16:57:58	Processing support.
08/01/2024 16:57:58	Processing springs.
08/01/2024 16:57:58	Processing properties.
08/01/2024 16:57:58	Processing physical properties.
08/01/2024 16:57:58	Processing constants.
08/01/2024 16:57:58	Processing BETA constants.
08/01/2024 16:57:58	Processing hidden analytical member loads.
08/01/2024 16:57:58	Processing command list for member release.
08/01/2024 16:57:58	Processing command list for member offset.
08/01/2024 16:57:58	Processing command list for member specs (cracked).
08/01/2024 16:57:58	Processing command list for member specs (axial).
08/01/2024 16:57:58	Processing command list for element release.
08/01/2024 16:57:58	Processing command list for element offset.
08/01/2024 16:57:58	Processing command list for element plate stress directive.
08/01/2024 16:57:58	Processing parameter for Chinese wind load case.
08/01/2024 16:57:58	End Processing command list.
08/01/2024 16:57:58	End loading STAAD model.
08/01/2024 16:57:58	Start Post Analysis method
08/01/2024 16:57:58	Removed all hidden plates from surfaces
08/01/2024 16:57:58	Removed all hidden plates
08/01/2024 16:57:58	Removed all hidden nodes
08/01/2024 16:57:58	Loading results from MSH file...
08/01/2024 16:57:58	Building result indices...
08/01/2024 16:57:58	Loading plate stress results...
08/01/2024 16:57:58	Set analysis report setup data
08/01/2024 16:57:58	Starting page setup...
08/01/2024 16:57:58	Page setup completed
08/01/2024 16:57:58	Setting available workflows...
08/01/2024 16:57:58	Post analysis method ends
08/01/2024 16:58:28	Start Post Analysis method
08/01/2024 16:58:28	Removed all hidden plates from surfaces
08/01/2024 16:58:28	Removed all hidden plates
08/01/2024 16:58:28	Removed all hidden nodes
08/01/2024 16:58:28	Loading results from MSH file...
08/01/2024 16:58:28	Building result indices...
08/01/2024 16:58:28	Loading plate stress results...
08/01/2024 16:58:28	Set analysis report setup data
08/01/2024 16:58:28	Starting page setup...
08/01/2024 16:58:28	Page setup completed
08/01/2024 16:58:28	Setting available workflows...
08/01/2024 16:58:28	Post analysis method ends
