10/10/2024 08:35:13	Reading UID database.
10/10/2024 08:35:13	Start loading STAAD model.
10/10/2024 08:35:13	Reading model file.
10/10/2024 08:35:14	Reading model file is complete.
10/10/2024 08:35:14	Processing support.
10/10/2024 08:35:14	Processing springs.
10/10/2024 08:35:14	Processing properties.
10/10/2024 08:35:14	Processing physical properties.
10/10/2024 08:35:14	Processing constants.
10/10/2024 08:35:14	Processing BETA constants.
10/10/2024 08:35:14	Processing hidden analytical member loads.
10/10/2024 08:35:14	Processing command list for member release.
10/10/2024 08:35:14	Processing command list for member offset.
10/10/2024 08:35:14	Processing command list for member specs (cracked).
10/10/2024 08:35:14	Processing command list for member specs (axial).
10/10/2024 08:35:14	Processing command list for element release.
10/10/2024 08:35:14	Processing command list for element offset.
10/10/2024 08:35:14	Processing command list for element plate stress directive.
10/10/2024 08:35:14	Processing parameter for Chinese wind load case.
10/10/2024 08:35:14	End Processing command list.
10/10/2024 08:35:14	End loading STAAD model.
10/10/2024 08:35:14	Start Post Analysis method
10/10/2024 08:35:14	Removed all hidden plates from surfaces
10/10/2024 08:35:14	Removed all hidden plates
10/10/2024 08:35:14	Removed all hidden nodes
10/10/2024 08:35:14	Loading results from MSH file...
10/10/2024 08:35:14	Building result indices...
10/10/2024 08:35:14	Loading plate stress results...
10/10/2024 08:35:14	Set analysis report setup data
10/10/2024 08:35:14	Starting page setup...
10/10/2024 08:35:14	Page setup completed
10/10/2024 08:35:14	Setting available workflows...
10/10/2024 08:35:14	Post analysis method ends
10/10/2024 08:35:24	Start Post Analysis method
10/10/2024 08:35:24	Removed all hidden plates from surfaces
10/10/2024 08:35:24	Removed all hidden plates
10/10/2024 08:35:24	Removed all hidden nodes
10/10/2024 08:35:24	Loading results from MSH file...
10/10/2024 08:35:24	Building result indices...
10/10/2024 08:35:24	Loading plate stress results...
10/10/2024 08:35:24	Set analysis report setup data
10/10/2024 08:35:24	Starting page setup...
10/10/2024 08:35:24	Page setup completed
10/10/2024 08:35:24	Setting available workflows...
10/10/2024 08:35:24	Post analysis method ends
10/10/2024 08:52:39	Start Post Analysis method
10/10/2024 08:52:39	Removed all hidden plates from surfaces
10/10/2024 08:52:39	Removed all hidden plates
10/10/2024 08:52:39	Removed all hidden nodes
10/10/2024 08:52:39	Loading results from MSH file...
10/10/2024 08:52:39	Building result indices...
10/10/2024 08:52:39	Loading plate stress results...
10/10/2024 08:52:39	Set analysis report setup data
10/10/2024 08:52:39	Starting page setup...
10/10/2024 08:52:39	Page setup completed
10/10/2024 08:52:39	Setting available workflows...
10/10/2024 08:52:39	Post analysis method ends
10/10/2024 09:07:41	Reading UID database.
10/10/2024 09:07:41	Start loading STAAD model.
10/10/2024 09:07:41	Reading model file.
10/10/2024 09:07:41	Reading model file is complete.
10/10/2024 09:07:41	Processing support.
10/10/2024 09:07:41	Processing springs.
10/10/2024 09:07:41	Processing properties.
10/10/2024 09:07:41	Processing physical properties.
10/10/2024 09:07:41	Processing constants.
10/10/2024 09:07:41	Processing BETA constants.
10/10/2024 09:07:41	Processing hidden analytical member loads.
10/10/2024 09:07:41	Processing command list for member release.
10/10/2024 09:07:41	Processing command list for member offset.
10/10/2024 09:07:41	Processing command list for member specs (cracked).
10/10/2024 09:07:41	Processing command list for member specs (axial).
10/10/2024 09:07:41	Processing command list for element release.
10/10/2024 09:07:41	Processing command list for element offset.
10/10/2024 09:07:41	Processing command list for element plate stress directive.
10/10/2024 09:07:41	Processing parameter for Chinese wind load case.
10/10/2024 09:07:41	End Processing command list.
10/10/2024 09:07:41	End loading STAAD model.
10/10/2024 09:07:41	Start Post Analysis method
10/10/2024 09:07:41	Removed all hidden plates from surfaces
10/10/2024 09:07:41	Removed all hidden plates
10/10/2024 09:07:41	Removed all hidden nodes
10/10/2024 09:07:41	Loading results from MSH file...
10/10/2024 09:07:41	Building result indices...
10/10/2024 09:07:41	Loading plate stress results...
10/10/2024 09:07:41	Set analysis report setup data
10/10/2024 09:07:41	Starting page setup...
10/10/2024 09:07:41	Page setup completed
10/10/2024 09:07:41	Setting available workflows...
10/10/2024 09:07:41	Post analysis method ends
10/10/2024 09:07:59	Start Post Analysis method
10/10/2024 09:07:59	Removed all hidden plates from surfaces
10/10/2024 09:07:59	Removed all hidden plates
10/10/2024 09:07:59	Removed all hidden nodes
10/10/2024 09:07:59	Loading results from MSH file...
10/10/2024 09:07:59	Building result indices...
10/10/2024 09:07:59	Loading plate stress results...
10/10/2024 09:07:59	Set analysis report setup data
10/10/2024 09:07:59	Starting page setup...
10/10/2024 09:07:59	Page setup completed
10/10/2024 09:07:59	Setting available workflows...
10/10/2024 09:07:59	Post analysis method ends
10/10/2024 09:09:17	Start Post Analysis method
10/10/2024 09:09:17	Removed all hidden plates from surfaces
10/10/2024 09:09:17	Removed all hidden plates
10/10/2024 09:09:17	Removed all hidden nodes
10/10/2024 09:09:17	Loading results from MSH file...
10/10/2024 09:09:17	Building result indices...
10/10/2024 09:09:17	Loading plate stress results...
10/10/2024 09:09:17	Set analysis report setup data
10/10/2024 09:09:17	Starting page setup...
10/10/2024 09:09:17	Page setup completed
10/10/2024 09:09:17	Setting available workflows...
10/10/2024 09:09:17	Post analysis method ends
