07/12/2024 16:00:57	Reading UID database.
07/12/2024 16:00:57	Start loading STAAD model.
07/12/2024 16:00:57	Reading model file.
07/12/2024 16:00:57	Reading model file is complete.
07/12/2024 16:00:57	Processing support.
07/12/2024 16:00:57	Processing springs.
07/12/2024 16:00:57	Processing properties.
07/12/2024 16:00:57	Processing physical properties.
07/12/2024 16:00:57	Processing constants.
07/12/2024 16:00:57	Processing BETA constants.
07/12/2024 16:00:57	Processing hidden analytical member loads.
07/12/2024 16:00:57	Processing command list for member release.
07/12/2024 16:00:57	Processing command list for member offset.
07/12/2024 16:00:57	Processing command list for member specs (cracked).
07/12/2024 16:00:57	Processing command list for member specs (axial).
07/12/2024 16:00:57	Processing command list for element release.
07/12/2024 16:00:57	Processing command list for element offset.
07/12/2024 16:00:57	Processing command list for element plate stress directive.
07/12/2024 16:00:57	Processing parameter for Chinese wind load case.
07/12/2024 16:00:57	End Processing command list.
07/12/2024 16:00:57	End loading STAAD model.
07/12/2024 16:00:57	Start Post Analysis method
07/12/2024 16:00:57	Removed all hidden plates from surfaces
07/12/2024 16:00:57	Removed all hidden plates
07/12/2024 16:00:57	Removed all hidden nodes
07/12/2024 16:00:57	Loading results from MSH file...
07/12/2024 16:00:57	Building result indices...
07/12/2024 16:00:57	Loading plate stress results...
07/12/2024 16:00:57	Set analysis report setup data
07/12/2024 16:00:57	Starting page setup...
07/12/2024 16:00:57	Page setup completed
07/12/2024 16:00:57	Setting available workflows...
07/12/2024 16:00:57	Post analysis method ends
07/12/2024 16:06:24	Reading UID database.
07/12/2024 16:06:24	Start loading STAAD model.
07/12/2024 16:06:24	Reading model file.
07/12/2024 16:06:24	Reading model file is complete.
07/12/2024 16:06:24	Processing support.
07/12/2024 16:06:24	Processing springs.
07/12/2024 16:06:24	Processing properties.
07/12/2024 16:06:24	Processing physical properties.
07/12/2024 16:06:24	Processing constants.
07/12/2024 16:06:24	Processing BETA constants.
07/12/2024 16:06:24	Processing hidden analytical member loads.
07/12/2024 16:06:24	Processing command list for member release.
07/12/2024 16:06:24	Processing command list for member offset.
07/12/2024 16:06:24	Processing command list for member specs (cracked).
07/12/2024 16:06:24	Processing command list for member specs (axial).
07/12/2024 16:06:24	Processing command list for element release.
07/12/2024 16:06:24	Processing command list for element offset.
07/12/2024 16:06:24	Processing command list for element plate stress directive.
07/12/2024 16:06:24	Processing parameter for Chinese wind load case.
07/12/2024 16:06:24	End Processing command list.
07/12/2024 16:06:24	End loading STAAD model.
07/12/2024 16:06:24	Start Post Analysis method
07/12/2024 16:06:24	Removed all hidden plates from surfaces
07/12/2024 16:06:24	Removed all hidden plates
07/12/2024 16:06:24	Removed all hidden nodes
07/12/2024 16:06:24	Loading results from MSH file...
07/12/2024 16:06:24	Building result indices...
07/12/2024 16:06:24	Loading plate stress results...
07/12/2024 16:06:24	Set analysis report setup data
07/12/2024 16:06:24	Starting page setup...
07/12/2024 16:06:24	Page setup completed
07/12/2024 16:06:24	Setting available workflows...
07/12/2024 16:06:24	Post analysis method ends
07/12/2024 16:06:38	Start Post Analysis method
07/12/2024 16:06:38	Removed all hidden plates from surfaces
07/12/2024 16:06:38	Removed all hidden plates
07/12/2024 16:06:38	Removed all hidden nodes
07/12/2024 16:06:38	Loading results from MSH file...
07/12/2024 16:06:38	Building result indices...
07/12/2024 16:06:38	Loading plate stress results...
07/12/2024 16:06:38	Set analysis report setup data
07/12/2024 16:06:38	Starting page setup...
07/12/2024 16:06:38	Page setup completed
07/12/2024 16:06:38	Setting available workflows...
07/12/2024 16:06:38	Post analysis method ends
