16:06:31	Initializing STAAD Engine
16:06:31	Run stream set up is complete.
16:06:31	Initialize license libraries.
16:06:31	License libraries initialized.
16:06:31	Starting license(s) for A & D engine.
16:06:32	License Status: Ok
16:06:32	License information set up is complete.
****************************************************************************
*                            START OF ANALYSIS                             *
****************************************************************************
* Initiating Analysis At Fri Jul 12 16:06:32 2024
                          PROGRAM: STAAD.Pro
                          VERSION: 23.00.01.25
                16: 6:32:55  ENTERING STAAD
                16: 6:32:60  USING 64 BIT STAAD ENGINE
                16: 6:32:61  ENTERING MAINN
                16: 6:32:62  START JOB INFORMATION
                16: 6:32:62  INPUT WIDTH 79
                16: 6:32:63  UNIT MMS KN
                16: 6:32:63  JOINT COORDINATES
                16: 6:32:64  ENTERING JOINTC
                16: 6:32:64  JOINTC NEWJ                                 400000
                16: 6:32:64  MAX NODE NO.                                     8
                16: 6:32:65  MEMBER INCIDENCES
                16: 6:32:65  UNIT METER KN
                16: 6:32:66  DEFINE MATERIAL START
                16: 6:32:66  UNIT MMS KN
                16: 6:32:66  MEMBER PROPERTY EUROP
                16: 6:33: 9    ++ Finished Reading Member Properties ...
                16: 6:33: 9  CONSTANTS
                16: 6:33: 9  SUPPORTS
                16: 6:33:10  ENTERING SUPPORT
                16: 6:33:10  UNIT METER KN
                16: 6:33:11  DEFINE WIND LOAD
                16: 6:33:11  LOAD 121 LOADTYPE DEA
                16: 6:33:12  DUPLICATE ELEMENT CHECK
                16: 6:33:12  CHECKING STRUCTURAL INTEGRITY
                16: 6:33:13  CHECK UNCONNECTED JOINTS AND
                16: 6:33:13  CALCULATE MAX JOINT CONNECTIVITY
                16: 6:33:14  CHECK MULTIPLE STRUCTURES
                16: 6:33:14  ENTERING SUPPORT
                16: 6:33:15  NRJOLD                                           0
                16: 6:33:15  SUPPORT NOLD                                     0
                16: 6:33:15  SUPPORT N                                       30
                16: 6:33:16  BEFORE LOADPR
                16: 6:33:16  REOPEN AS DIR                                    0
                16: 6:33:17  ENTER LOADPR
                16: 6:33:29  PERFORM ANALYSIS PRIN
                16: 6:33:29  pdel iter                                        0
                16: 6:33:30  MAXIMUM E =                           2.973273E+04
                16: 6:33:31  MINIMUM E =                           2.973273E+04
                16: 6:33:33  MBW DOF BAND=                                    1
                16: 6:33:34  NUMBER OF PRIMARY CASES                        101
                16: 6:33:35  NUMBER OF CASES                                252
                16: 6:33:35  #OF CASES W/ELEM INMEMORY                      252
                16: 6:33:36  MEMORY FOR MEMBER LOADS                      18144
                16: 6:33:37  MEMORY FOR DISPLACEMENTS                     10584
                16: 6:33:37  MEMORY FOR MEMBER FORCES                     18144
                16: 6:33:38  Using 64-bit analysis engine
                16: 6:33:38  BEFORE SOLVER 1
                16: 6:33:39  Start Input for Next Load Case
                16: 6:33:39  case no=  121 seq. no=   1 idynl= 0
                16: 6:33:39  MASSSET                                          0
                16: 6:33:40  LOADEND ISLAVE                                   0
                16: 6:33:40  Start Input for Next Load Case
                16: 6:33:41  case no=  201 seq. no=   2 idynl= 0
                16: 6:33:41  LOADEND ISLAVE                                   0
                16: 6:33:42  Start Input for Next Load Case
                16: 6:33:42  case no=  202 seq. no=   3 idynl= 0
                16: 6:33:43  LOADEND ISLAVE                                   0
                16: 6:33:43  Start Input for Next Load Case
                16: 6:33:44  case no=  203 seq. no=   4 idynl= 0
                16: 6:33:44  LOADEND ISLAVE                                   0
                16: 6:33:45  Start Input for Next Load Case
                16: 6:33:45  case no=  204 seq. no=   5 idynl= 0
                16: 6:33:46  LOADEND ISLAVE                                   0
                16: 6:33:46  Start Input for Next Load Case
                16: 6:33:46  case no=  205 seq. no=   6 idynl= 0
                16: 6:33:47  LOADEND ISLAVE                                   0
                16: 6:33:47  Start Input for Next Load Case
                16: 6:33:48  case no=  206 seq. no=   7 idynl= 0
                16: 6:33:48  LOADEND ISLAVE                                   0
                16: 6:33:49  Start Input for Next Load Case
                16: 6:33:49  case no=  207 seq. no=   8 idynl= 0
                16: 6:33:50  LOADEND ISLAVE                                   0
                16: 6:33:50  Start Input for Next Load Case
                16: 6:33:51  case no=  208 seq. no=   9 idynl= 0
                16: 6:33:52  LOADEND ISLAVE                                   0
                16: 6:33:52  Start Input for Next Load Case
                16: 6:33:53  case no=  312 seq. no=  10 idynl= 0
                16: 6:33:53  LOADEND ISLAVE                                   0
                16: 6:33:54  Start Input for Next Load Case
                16: 6:33:54  case no=  313 seq. no=  11 idynl= 0
                16: 6:33:54  LOADEND ISLAVE                                   0
                16: 6:33:55  Start Input for Next Load Case
                16: 6:33:55  case no=  314 seq. no=  12 idynl= 0
                16: 6:33:56  LOADEND ISLAVE                                   0
                16: 6:33:56  Start Input for Next Load Case
                16: 6:33:57  case no=  315 seq. no=  13 idynl= 0
                16: 6:33:57  LOADEND ISLAVE                                   0
                16: 6:33:57  Start Input for Next Load Case
                16: 6:33:58  case no=  322 seq. no=  14 idynl= 0
                16: 6:33:58  LOADEND ISLAVE                                   0
                16: 6:33:59  Start Input for Next Load Case
                16: 6:33:59  case no=  323 seq. no=  15 idynl= 0
                16: 6:33:60  LOADEND ISLAVE                                   0
                16: 6:33:60  Start Input for Next Load Case
                16: 6:33:60  case no=  324 seq. no=  16 idynl= 0
                16: 6:33:61  LOADEND ISLAVE                                   0
                16: 6:33:61  Start Input for Next Load Case
                16: 6:33:62  case no=  325 seq. no=  17 idynl= 0
                16: 6:33:62  LOADEND ISLAVE                                   0
                16: 6:33:63  Start Input for Next Load Case
                16: 6:33:63  case no=  332 seq. no=  18 idynl= 0
                16: 6:33:64  LOADEND ISLAVE                                   0
                16: 6:33:64  Start Input for Next Load Case
                16: 6:33:64  case no=  333 seq. no=  19 idynl= 0
                16: 6:33:65  LOADEND ISLAVE                                   0
                16: 6:33:65  Start Input for Next Load Case
                16: 6:33:66  case no=  334 seq. no=  20 idynl= 0
                16: 6:33:66  LOADEND ISLAVE                                   0
                16: 6:33:66  Start Input for Next Load Case
                16: 6:33:67  case no=  335 seq. no=  21 idynl= 0
                16: 6:33:67  LOADEND ISLAVE                                   0
                16: 6:33:68  Start Input for Next Load Case
                16: 6:33:68  case no=  411 seq. no=  22 idynl= 0
                16: 6:33:68  LOADEND ISLAVE                                   0
                16: 6:33:69  Start Input for Next Load Case
                16: 6:33:69  case no=  412 seq. no=  23 idynl= 0
                16: 6:33:70  LOADEND ISLAVE                                   0
                16: 6:33:70  Start Input for Next Load Case
                16: 6:33:70  case no=  413 seq. no=  24 idynl= 0
                16: 6:33:71  LOADEND ISLAVE                                   0
                16: 6:33:71  Start Input for Next Load Case
                16: 6:33:72  case no=  414 seq. no=  25 idynl= 0
                16: 6:33:72  LOADEND ISLAVE                                   0
                16: 6:33:73  Start Input for Next Load Case
                16: 6:33:73  case no=  415 seq. no=  26 idynl= 0
                16: 6:33:73  LOADEND ISLAVE                                   0
                16: 6:33:74  Start Input for Next Load Case
                16: 6:33:74  case no=  416 seq. no=  27 idynl= 0
                16: 6:33:75  LOADEND ISLAVE                                   0
                16: 6:33:75  Start Input for Next Load Case
                16: 6:33:76  case no=  417 seq. no=  28 idynl= 0
                16: 6:33:76  LOADEND ISLAVE                                   0
                16: 6:33:76  Start Input for Next Load Case
                16: 6:33:77  case no=  418 seq. no=  29 idynl= 0
                16: 6:33:77  LOADEND ISLAVE                                   0
                16: 6:33:78  Start Input for Next Load Case
                16: 6:33:78  case no=  421 seq. no=  30 idynl= 0
                16: 6:33:79  LOADEND ISLAVE                                   0
                16: 6:33:79  Start Input for Next Load Case
                16: 6:33:80  case no=  422 seq. no=  31 idynl= 0
                16: 6:33:80  LOADEND ISLAVE                                   0
                16: 6:33:80  Start Input for Next Load Case
                16: 6:33:81  case no=  423 seq. no=  32 idynl= 0
                16: 6:33:81  LOADEND ISLAVE                                   0
                16: 6:33:82  Start Input for Next Load Case
                16: 6:33:82  case no=  424 seq. no=  33 idynl= 0
                16: 6:33:83  LOADEND ISLAVE                                   0
                16: 6:33:83  Start Input for Next Load Case
                16: 6:33:83  case no=  425 seq. no=  34 idynl= 0
                16: 6:33:84  LOADEND ISLAVE                                   0
                16: 6:33:84  Start Input for Next Load Case
                16: 6:33:85  case no=  426 seq. no=  35 idynl= 0
                16: 6:33:85  LOADEND ISLAVE                                   0
                16: 6:33:86  Start Input for Next Load Case
                16: 6:33:86  case no=  427 seq. no=  36 idynl= 0
                16: 6:33:87  LOADEND ISLAVE                                   0
                16: 6:33:87  Start Input for Next Load Case
                16: 6:33:87  case no=  428 seq. no=  37 idynl= 0
                16: 6:33:88  LOADEND ISLAVE                                   0
                16: 6:33:88  Start Input for Next Load Case
                16: 6:33:89  case no=  711 seq. no=  38 idynl= 0
                16: 6:33:89  LOADEND ISLAVE                                   0
                16: 6:33:89  Start Input for Next Load Case
                16: 6:33:90  case no=  712 seq. no=  39 idynl= 0
                16: 6:33:90  LOADEND ISLAVE                                   0
                16: 6:33:91  Start Input for Next Load Case
                16: 6:33:91  case no=  713 seq. no=  40 idynl= 0
                16: 6:33:91  LOADEND ISLAVE                                   0
                16: 6:33:92  Start Input for Next Load Case
                16: 6:33:92  case no=  714 seq. no=  41 idynl= 0
                16: 6:33:93  LOADEND ISLAVE                                   0
                16: 6:33:93  Start Input for Next Load Case
                16: 6:33:94  case no=  715 seq. no=  42 idynl= 0
                16: 6:33:94  LOADEND ISLAVE                                   0
                16: 6:33:94  Start Input for Next Load Case
                16: 6:33:95  case no=  716 seq. no=  43 idynl= 0
                16: 6:33:95  LOADEND ISLAVE                                   0
                16: 6:33:96  Start Input for Next Load Case
                16: 6:33:96  case no=  717 seq. no=  44 idynl= 0
                16: 6:33:97  LOADEND ISLAVE                                   0
                16: 6:33:98  Start Input for Next Load Case
                16: 6:34: 0  case no=  718 seq. no=  45 idynl= 0
                16: 6:34: 1  LOADEND ISLAVE                                   0
                16: 6:34: 2  Start Input for Next Load Case
                16: 6:34: 3  case no= 1101 seq. no=  46 idynl= 0
                16: 6:34: 4  LOADEND ISLAVE                                   0
                16: 6:34: 6  Start Input for Next Load Case
                16: 6:34: 7  case no= 1102 seq. no=  47 idynl= 0
                16: 6:34: 7  LOADEND ISLAVE                                   0
                16: 6:34: 8  Start Input for Next Load Case
                16: 6:34: 9  case no= 1103 seq. no=  48 idynl= 0
                16: 6:34: 9  LOADEND ISLAVE                                   0
                16: 6:34:10  Start Input for Next Load Case
                16: 6:34:10  case no= 1104 seq. no=  49 idynl= 0
                16: 6:34:11  LOADEND ISLAVE                                   0
                16: 6:34:11  Start Input for Next Load Case
                16: 6:34:11  case no= 1105 seq. no=  50 idynl= 0
                16: 6:34:12  LOADEND ISLAVE                                   0
                16: 6:34:12  Start Input for Next Load Case
                16: 6:34:13  case no= 1106 seq. no=  51 idynl= 0
                16: 6:34:13  LOADEND ISLAVE                                   0
                16: 6:34:14  Start Input for Next Load Case
                16: 6:34:14  case no= 1107 seq. no=  52 idynl= 0
                16: 6:34:14  LOADEND ISLAVE                                   0
                16: 6:34:15  Start Input for Next Load Case
                16: 6:34:15  case no= 1108 seq. no=  53 idynl= 0
                16: 6:34:16  LOADEND ISLAVE                                   0
                16: 6:34:16  Start Input for Next Load Case
                16: 6:34:16  case no= 1201 seq. no=  54 idynl= 0
                16: 6:34:17  LOADEND ISLAVE                                   0
                16: 6:34:17  Start Input for Next Load Case
                16: 6:34:18  case no= 1202 seq. no=  55 idynl= 0
                16: 6:34:18  LOADEND ISLAVE                                   0
                16: 6:34:19  Start Input for Next Load Case
                16: 6:34:19  case no= 1203 seq. no=  56 idynl= 0
                16: 6:34:20  LOADEND ISLAVE                                   0
                16: 6:34:20  Start Input for Next Load Case
                16: 6:34:21  case no= 1204 seq. no=  57 idynl= 0
                16: 6:34:21  LOADEND ISLAVE                                   0
                16: 6:34:22  Start Input for Next Load Case
                16: 6:34:22  case no= 1205 seq. no=  58 idynl= 0
                16: 6:34:23  LOADEND ISLAVE                                   0
                16: 6:34:23  Start Input for Next Load Case
                16: 6:34:23  case no= 1206 seq. no=  59 idynl= 0
                16: 6:34:24  LOADEND ISLAVE                                   0
                16: 6:34:24  Start Input for Next Load Case
                16: 6:34:25  case no= 1207 seq. no=  60 idynl= 0
                16: 6:34:25  LOADEND ISLAVE                                   0
                16: 6:34:25  Start Input for Next Load Case
                16: 6:34:26  case no= 1208 seq. no=  61 idynl= 0
                16: 6:34:26  LOADEND ISLAVE                                   0
                16: 6:34:27  Start Input for Next Load Case
                16: 6:34:27  case no= 2101 seq. no=  62 idynl= 0
                16: 6:34:27  LOADEND ISLAVE                                   0
                16: 6:34:28  Start Input for Next Load Case
                16: 6:34:28  case no= 2102 seq. no=  63 idynl= 0
                16: 6:34:29  LOADEND ISLAVE                                   0
                16: 6:34:29  Start Input for Next Load Case
                16: 6:34:30  case no= 2103 seq. no=  64 idynl= 0
                16: 6:34:30  LOADEND ISLAVE                                   0
                16: 6:34:30  Start Input for Next Load Case
                16: 6:34:31  case no= 2104 seq. no=  65 idynl= 0
                16: 6:34:31  LOADEND ISLAVE                                   0
                16: 6:34:32  Start Input for Next Load Case
                16: 6:34:32  case no= 2105 seq. no=  66 idynl= 0
                16: 6:34:32  LOADEND ISLAVE                                   0
                16: 6:34:33  Start Input for Next Load Case
                16: 6:34:33  case no= 2106 seq. no=  67 idynl= 0
                16: 6:34:34  LOADEND ISLAVE                                   0
                16: 6:34:34  Start Input for Next Load Case
                16: 6:34:34  case no= 2107 seq. no=  68 idynl= 0
                16: 6:34:35  LOADEND ISLAVE                                   0
                16: 6:34:35  Start Input for Next Load Case
                16: 6:34:36  case no= 2108 seq. no=  69 idynl= 0
                16: 6:34:36  LOADEND ISLAVE                                   0
                16: 6:34:37  Start Input for Next Load Case
                16: 6:34:37  case no= 3001 seq. no=  70 idynl= 0
                16: 6:34:37  LOADEND ISLAVE                                   0
                16: 6:34:38  Start Input for Next Load Case
                16: 6:34:38  case no= 3002 seq. no=  71 idynl= 0
                16: 6:34:39  LOADEND ISLAVE                                   0
                16: 6:34:39  Start Input for Next Load Case
                16: 6:34:39  case no= 3003 seq. no=  72 idynl= 0
                16: 6:34:40  LOADEND ISLAVE                                   0
                16: 6:34:40  Start Input for Next Load Case
                16: 6:34:41  case no= 3004 seq. no=  73 idynl= 0
                16: 6:34:41  LOADEND ISLAVE                                   0
                16: 6:34:42  Start Input for Next Load Case
                16: 6:34:42  case no= 3005 seq. no=  74 idynl= 0
                16: 6:34:42  LOADEND ISLAVE                                   0
                16: 6:34:43  Start Input for Next Load Case
                16: 6:34:43  case no= 3006 seq. no=  75 idynl= 0
                16: 6:34:44  LOADEND ISLAVE                                   0
                16: 6:34:44  Start Input for Next Load Case
                16: 6:34:44  case no= 3007 seq. no=  76 idynl= 0
                16: 6:34:45  LOADEND ISLAVE                                   0
                16: 6:34:46  Start Input for Next Load Case
                16: 6:34:47  case no= 3008 seq. no=  77 idynl= 0
                16: 6:34:47  LOADEND ISLAVE                                   0
                16: 6:34:48  Start Input for Next Load Case
                16: 6:34:48  case no= 3011 seq. no=  78 idynl= 0
                16: 6:34:48  LOADEND ISLAVE                                   0
                16: 6:34:49  Start Input for Next Load Case
                16: 6:34:49  case no= 3012 seq. no=  79 idynl= 0
                16: 6:34:50  LOADEND ISLAVE                                   0
                16: 6:34:50  Start Input for Next Load Case
                16: 6:34:51  case no= 3013 seq. no=  80 idynl= 0
                16: 6:34:51  LOADEND ISLAVE                                   0
                16: 6:34:51  Start Input for Next Load Case
                16: 6:34:52  case no= 3014 seq. no=  81 idynl= 0
                16: 6:34:52  LOADEND ISLAVE                                   0
                16: 6:34:53  Start Input for Next Load Case
                16: 6:34:53  case no= 3015 seq. no=  82 idynl= 0
                16: 6:34:53  LOADEND ISLAVE                                   0
                16: 6:34:54  Start Input for Next Load Case
                16: 6:34:55  case no= 3016 seq. no=  83 idynl= 0
                16: 6:34:55  LOADEND ISLAVE                                   0
                16: 6:34:55  Start Input for Next Load Case
                16: 6:34:56  case no= 3017 seq. no=  84 idynl= 0
                16: 6:34:56  LOADEND ISLAVE                                   0
                16: 6:34:57  Start Input for Next Load Case
                16: 6:34:57  case no= 3018 seq. no=  85 idynl= 0
                16: 6:34:57  LOADEND ISLAVE                                   0
                16: 6:34:58  Start Input for Next Load Case
                16: 6:34:58  case no= 3021 seq. no=  86 idynl= 0
                16: 6:34:59  LOADEND ISLAVE                                   0
                16: 6:34:59  Start Input for Next Load Case
                16: 6:34:60  case no= 3022 seq. no=  87 idynl= 0
                16: 6:34:60  LOADEND ISLAVE                                   0
                16: 6:34:60  Start Input for Next Load Case
                16: 6:34:61  case no= 3023 seq. no=  88 idynl= 0
                16: 6:34:61  LOADEND ISLAVE                                   0
                16: 6:34:62  Start Input for Next Load Case
                16: 6:34:62  case no= 3024 seq. no=  89 idynl= 0
                16: 6:34:62  LOADEND ISLAVE                                   0
                16: 6:34:63  Start Input for Next Load Case
                16: 6:34:63  case no= 3025 seq. no=  90 idynl= 0
                16: 6:34:64  LOADEND ISLAVE                                   0
                16: 6:34:64  Start Input for Next Load Case
                16: 6:34:65  case no= 3026 seq. no=  91 idynl= 0
                16: 6:34:65  LOADEND ISLAVE                                   0
                16: 6:34:65  Start Input for Next Load Case
                16: 6:34:66  case no= 3027 seq. no=  92 idynl= 0
                16: 6:34:66  LOADEND ISLAVE                                   0
                16: 6:34:67  Start Input for Next Load Case
                16: 6:34:67  case no= 3028 seq. no=  93 idynl= 0
                16: 6:34:67  LOADEND ISLAVE                                   0
                16: 6:34:68  Start Input for Next Load Case
                16: 6:34:69  case no= 3201 seq. no=  94 idynl= 0
                16: 6:34:69  LOADEND ISLAVE                                   0
                16: 6:34:70  Start Input for Next Load Case
                16: 6:34:72  case no= 3202 seq. no=  95 idynl= 0
                16: 6:34:73  LOADEND ISLAVE                                   0
                16: 6:34:74  Start Input for Next Load Case
                16: 6:34:75  case no= 3203 seq. no=  96 idynl= 0
                16: 6:34:76  LOADEND ISLAVE                                   0
                16: 6:34:77  Start Input for Next Load Case
                16: 6:34:78  case no= 3204 seq. no=  97 idynl= 0
                16: 6:34:79  LOADEND ISLAVE                                   0
                16: 6:34:80  Start Input for Next Load Case
                16: 6:34:81  case no= 3205 seq. no=  98 idynl= 0
                16: 6:34:81  LOADEND ISLAVE                                   0
                16: 6:34:82  Start Input for Next Load Case
                16: 6:34:83  case no= 3206 seq. no=  99 idynl= 0
                16: 6:34:83  LOADEND ISLAVE                                   0
                16: 6:34:83  Start Input for Next Load Case
                16: 6:34:84  case no= 3207 seq. no= 100 idynl= 0
                16: 6:34:84  LOADEND ISLAVE                                   0
                16: 6:34:85  Start Input for Next Load Case
                16: 6:34:85  case no= 3208 seq. no= 101 idynl= 0
                16: 6:34:86  LOADEND ISLAVE                                   0
                16: 6:34:86  NVPREV                                           0
                16: 6:34:86  AMAXNON                               1.774934E-01
                16: 6:34:87  IRECSIZL=                                     4000
                16: 6:34:87  MTX BLOCKSIZE=                                  30
                16: 6:34:88  MI=                                             30
                16: 6:34:88  NORECL=                                          1
                16: 6:34:88  NORECL1=                                         1
                16: 6:34:89  IWORD=                                       32000
                16: 6:34:89  JRECSIZE=                                     4000
                16: 6:34:90  IWORDJ=                                      32000
                16: 6:34:90  IBYTE=                                           4
                16: 6:34:90  JOINTS=                                          7
                16: 6:34:91  MEMBERS=                                         6
                16: 6:34:91  PLATES =                                         0
                16: 6:34:92  SOLIDS =                                         0
                16: 6:34:92  NO. OF EQUATIONS=                               30
                16: 6:34:92  idyn=                                            0
                16: 6:34:93  ipd=                                             0
                16: 6:34:93  icablanl=                                        0
                16: 6:34:94  ++ Processing Element Stiffness Matrix.
                16: 6:34:94  NV1                                            101
                16: 6:35: 5  ++ Calculating Element Forces & Reactions.
                16: 6:35:57  COMBINATION CASES=                               0
                16: 6:35:57  MAX CM MEMORY (KILOWORDS)                       28
                16: 6:35:58  AFTER SOLVER 1
                16: 6:35:59  REOPEN AS SEQ                                    0
                16: 6:35:59  DEFINE ENVELOPE
                16: 6:35:60  LOAD LIST 1101 TO 110
                16: 6:35:60  PARAMETER 1
                16: 6:35:61  CHECK CODE ALL
                16: 6:35:61  ENTERING SECTNM110 IQ=                           6
                16: 6:35:62               NSEC=                              11
                16: 6:35:62             ISECTN=                               0
                16: 6:35:64  SECTNM110 DO 925
                16: 6:35:66  ENTERING ENVLP1 ITYP1=                          -3
                16: 6:35:66  SECT DISPLACE
                16: 6:35:68  Steel/Alum/Timber Design                        52
                16: 6:35:72    ++ Finished Design ...
                16: 6:35:72  Steel/Timber Design exit
                16: 6:35:72  LOAD LIST 2101 TO 210
                16: 6:35:73  PARAMETER 1
                16: 6:35:74  CHECK CODE ALL
                16: 6:35:74  ENTERING ENVLP1 ITYP1=                          -3
                16: 6:35:74  SECT DISPLACE
                16: 6:35:76  Steel/Alum/Timber Design                        52
                16: 6:35:77    ++ Finished Design ...
                16: 6:35:77  Steel/Timber Design exit
                16: 6:35:78  LOAD LIST ENV 4 TO 7
                16: 6:35:78  PARAMETER 1
                16: 6:35:79  CHECK CODE ALL
                16: 6:35:79  ENTERING ENVLP1 ITYP1=                          -3
                16: 6:35:80  SECT DISPLACE
                16: 6:35:82  Steel/Alum/Timber Design                        52
                16: 6:35:83    ++ Finished Design ...
                16: 6:35:83  Steel/Timber Design exit
                16: 6:35:84  PRINT JOINT DISPLACEM
                16: 6:35:84  DRAW ISOM JOIN MEMB
                16: 6:35:85  ENTERING SECTNM110 IQ=                           6
                16: 6:35:85               NSEC=                              11
                16: 6:35:86             ISECTN=                               0
                16: 6:35:88  SECTNM110 DO 925
                16: 6:35:90  PRINT SUPPORT REACTIO
                16: 6:35:90  DRAW ISOM SUPP PROP
                16: 6:35:91  ENTERING SECTNM110 IQ=                           6
                16: 6:35:91               NSEC=                              11
                16: 6:35:92             ISECTN=                               0
                16: 6:35:94  SECTNM110 DO 925
                16: 6:35:96  DRAW ISOM SHAP
                16: 6:35:96  ENTERING SECTNM110 IQ=                           6
                16: 6:35:96               NSEC=                              11
                16: 6:35:97             ISECTN=                               0
                16: 6:35:99  SECTNM110 DO 925
                16: 6:36: 1  PRINT CG
                16: 6:36: 1  FINISH
                16: 6:36: 2  All Commands FINISHed
                16: 6:36: 2  DATASAVE for SPRO GUI
                16: 6:36: 3  ++ Creating Displacement File (DSP)...
                16: 6:36: 5  ++ Creating Reaction File (REA)...
                16: 6:36: 5  ++ Creating Section Force File (BMD)...
                16: 6:36: 7  ++ Creating Section Displace File (SEC)...
                16: 6:36: 7  ENTERING ENVLP1 ITYP1=                          -5
                16: 6:36: 7  SECT DISPLACE
                16: 6:36:10  ++ Creating Section Displace File (SCN)...
                16: 6:36:12  ++ Creating Design information File (DGN)...
                16: 6:36:12  ALLOCATED CM MEMORY (KILOWORDS)             300000
                16: 6:36:12  MAX CM MEMORY (KILOWORDS)                       55
                16: 6:36:13  DBS LONG SEC NAME
* End Of Analysis At Fri Jul 12 16:06:36 2024
* CPU usage = 3.666000
* STAAD Exit Code: 100, Warning Count: 0, Error Count: 0, Duration: 3.666
1 0 0 3.666
****************************************************************************
*                            END OF ANALYSIS                               *
****************************************************************************
