16:25:02	Initializing STAAD Engine
16:25:02	Run stream set up is complete.
16:25:02	Initialize license libraries.
16:25:02	License libraries initialized.
16:25:02	Starting license(s) for A & D engine.
16:25:03	License Status: Ok
16:25:03	License information set up is complete.
****************************************************************************
*                            START OF ANALYSIS                             *
****************************************************************************
* Initiating Analysis At Thu Sep 12 16:25:03 2024
                          PROGRAM: STAAD.Pro
                          VERSION: 23.00.01.25
                16:25: 3:62  ENTERING STAAD
                16:25: 3:63  USING 64 BIT STAAD ENGINE
                16:25: 3:63  ENTERING MAINN
                16:25: 3:63  START JOB INFORMATION
                16:25: 3:64  INPUT WIDTH 79
                16:25: 3:64  UNIT MMS KN
                16:25: 3:65  JOINT COORDINATES
                16:25: 3:65  ENTERING JOINTC
                16:25: 3:66  JOINTC NEWJ                                 400000
                16:25: 3:67  MAX NODE NO.                                    22
                16:25: 3:67  MEMBER INCIDENCES
                16:25: 3:68  UNIT METER KN
                16:25: 3:68  DEFINE MATERIAL START
                16:25: 3:69  UNIT MMS KN
                16:25: 3:69  MEMBER PROPERTY EUROP
                16:25: 3:83    ++ Finished Reading Member Properties ...
                16:25: 3:83  CONSTANTS
                16:25: 3:84  SUPPORTS
                16:25: 3:84  ENTERING SUPPORT
                16:25: 3:85  UNIT METER KN
                16:25: 3:85  DEFINE WIND LOAD
                16:25: 3:86  LOAD 121 LOADTYPE DEA
                16:25: 3:86  DUPLICATE ELEMENT CHECK
                16:25: 3:87  CHECKING STRUCTURAL INTEGRITY
                16:25: 3:87  CHECK UNCONNECTED JOINTS AND
                16:25: 3:88  CALCULATE MAX JOINT CONNECTIVITY
                16:25: 3:88  CHECK MULTIPLE STRUCTURES
                16:25: 3:89  ENTERING SUPPORT
                16:25: 3:89  NRJOLD                                           0
                16:25: 3:90  SUPPORT NOLD                                     0
                16:25: 3:90  SUPPORT N                                       96
                16:25: 3:91  BEFORE LOADPR
                16:25: 3:91  REOPEN AS DIR                                    0
                16:25: 3:92  ENTER LOADPR
                16:25: 4: 4  PERFORM ANALYSIS PRIN
                16:25: 4: 4  pdel iter                                        0
                16:25: 4: 5  MAXIMUM E =                           2.973273E+04
                16:25: 4: 5  MINIMUM E =                           2.973273E+04
                16:25: 4: 6  MBW DOF BAND=                                    1
                16:25: 4: 6  NUMBER OF PRIMARY CASES                        113
                16:25: 4: 7  NUMBER OF CASES                                276
                16:25: 4: 7  #OF CASES W/ELEM INMEMORY                      276
                16:25: 4: 8  MEMORY FOR MEMBER LOADS                      76176
                16:25: 4: 8  MEMORY FOR DISPLACEMENTS                     34776
                16:25: 4: 9  MEMORY FOR MEMBER FORCES                     76176
                16:25: 4: 9  Using 64-bit analysis engine
                16:25: 4:10  BEFORE SOLVER 1
                16:25: 4:11  Start Input for Next Load Case
                16:25: 4:11  case no=  121 seq. no=   1 idynl= 0
                16:25: 4:12  MASSSET                                          0
                16:25: 4:12  LOADEND ISLAVE                                   0
                16:25: 4:13  Start Input for Next Load Case
                16:25: 4:13  case no=  201 seq. no=   2 idynl= 0
                16:25: 4:14  LOADEND ISLAVE                                   0
                16:25: 4:14  Start Input for Next Load Case
                16:25: 4:15  case no=  202 seq. no=   3 idynl= 0
                16:25: 4:15  LOADEND ISLAVE                                   0
                16:25: 4:16  Start Input for Next Load Case
                16:25: 4:17  case no=  203 seq. no=   4 idynl= 0
                16:25: 4:17  LOADEND ISLAVE                                   0
                16:25: 4:17  Start Input for Next Load Case
                16:25: 4:18  case no=  204 seq. no=   5 idynl= 0
                16:25: 4:18  LOADEND ISLAVE                                   0
                16:25: 4:19  Start Input for Next Load Case
                16:25: 4:19  case no=  205 seq. no=   6 idynl= 0
                16:25: 4:20  LOADEND ISLAVE                                   0
                16:25: 4:20  Start Input for Next Load Case
                16:25: 4:21  case no=  206 seq. no=   7 idynl= 0
                16:25: 4:21  LOADEND ISLAVE                                   0
                16:25: 4:22  Start Input for Next Load Case
                16:25: 4:22  case no=  207 seq. no=   8 idynl= 0
                16:25: 4:23  LOADEND ISLAVE                                   0
                16:25: 4:23  Start Input for Next Load Case
                16:25: 4:24  case no=  208 seq. no=   9 idynl= 0
                16:25: 4:24  LOADEND ISLAVE                                   0
                16:25: 4:25  Start Input for Next Load Case
                16:25: 4:25  case no=  312 seq. no=  10 idynl= 0
                16:25: 4:26  LOADEND ISLAVE                                   0
                16:25: 4:26  Start Input for Next Load Case
                16:25: 4:27  case no=  313 seq. no=  11 idynl= 0
                16:25: 4:28  LOADEND ISLAVE                                   0
                16:25: 4:28  Start Input for Next Load Case
                16:25: 4:29  case no=  314 seq. no=  12 idynl= 0
                16:25: 4:30  LOADEND ISLAVE                                   0
                16:25: 4:30  Start Input for Next Load Case
                16:25: 4:31  case no=  315 seq. no=  13 idynl= 0
                16:25: 4:32  LOADEND ISLAVE                                   0
                16:25: 4:32  Start Input for Next Load Case
                16:25: 4:33  case no=  322 seq. no=  14 idynl= 0
                16:25: 4:34  LOADEND ISLAVE                                   0
                16:25: 4:34  Start Input for Next Load Case
                16:25: 4:35  case no=  323 seq. no=  15 idynl= 0
                16:25: 4:35  LOADEND ISLAVE                                   0
                16:25: 4:36  Start Input for Next Load Case
                16:25: 4:36  case no=  324 seq. no=  16 idynl= 0
                16:25: 4:37  LOADEND ISLAVE                                   0
                16:25: 4:37  Start Input for Next Load Case
                16:25: 4:38  case no=  325 seq. no=  17 idynl= 0
                16:25: 4:38  LOADEND ISLAVE                                   0
                16:25: 4:39  Start Input for Next Load Case
                16:25: 4:39  case no=  332 seq. no=  18 idynl= 0
                16:25: 4:40  LOADEND ISLAVE                                   0
                16:25: 4:40  Start Input for Next Load Case
                16:25: 4:41  case no=  333 seq. no=  19 idynl= 0
                16:25: 4:41  LOADEND ISLAVE                                   0
                16:25: 4:42  Start Input for Next Load Case
                16:25: 4:42  case no=  334 seq. no=  20 idynl= 0
                16:25: 4:42  LOADEND ISLAVE                                   0
                16:25: 4:43  Start Input for Next Load Case
                16:25: 4:43  case no=  335 seq. no=  21 idynl= 0
                16:25: 4:44  LOADEND ISLAVE                                   0
                16:25: 4:44  Start Input for Next Load Case
                16:25: 4:45  case no=  411 seq. no=  22 idynl= 0
                16:25: 4:45  LOADEND ISLAVE                                   0
                16:25: 4:46  Start Input for Next Load Case
                16:25: 4:46  case no=  412 seq. no=  23 idynl= 0
                16:25: 4:47  LOADEND ISLAVE                                   0
                16:25: 4:47  Start Input for Next Load Case
                16:25: 4:48  case no=  413 seq. no=  24 idynl= 0
                16:25: 4:48  LOADEND ISLAVE                                   0
                16:25: 4:49  Start Input for Next Load Case
                16:25: 4:49  case no=  414 seq. no=  25 idynl= 0
                16:25: 4:49  LOADEND ISLAVE                                   0
                16:25: 4:50  Start Input for Next Load Case
                16:25: 4:50  case no=  415 seq. no=  26 idynl= 0
                16:25: 4:51  LOADEND ISLAVE                                   0
                16:25: 4:51  Start Input for Next Load Case
                16:25: 4:52  case no=  416 seq. no=  27 idynl= 0
                16:25: 4:52  LOADEND ISLAVE                                   0
                16:25: 4:53  Start Input for Next Load Case
                16:25: 4:53  case no=  417 seq. no=  28 idynl= 0
                16:25: 4:54  LOADEND ISLAVE                                   0
                16:25: 4:54  Start Input for Next Load Case
                16:25: 4:55  case no=  418 seq. no=  29 idynl= 0
                16:25: 4:55  LOADEND ISLAVE                                   0
                16:25: 4:55  Start Input for Next Load Case
                16:25: 4:56  case no=  421 seq. no=  30 idynl= 0
                16:25: 4:56  LOADEND ISLAVE                                   0
                16:25: 4:57  Start Input for Next Load Case
                16:25: 4:57  case no=  422 seq. no=  31 idynl= 0
                16:25: 4:58  LOADEND ISLAVE                                   0
                16:25: 4:58  Start Input for Next Load Case
                16:25: 4:59  case no=  423 seq. no=  32 idynl= 0
                16:25: 4:59  LOADEND ISLAVE                                   0
                16:25: 4:60  Start Input for Next Load Case
                16:25: 4:60  case no=  424 seq. no=  33 idynl= 0
                16:25: 4:60  LOADEND ISLAVE                                   0
                16:25: 4:61  Start Input for Next Load Case
                16:25: 4:61  case no=  425 seq. no=  34 idynl= 0
                16:25: 4:62  LOADEND ISLAVE                                   0
                16:25: 4:62  Start Input for Next Load Case
                16:25: 4:63  case no=  426 seq. no=  35 idynl= 0
                16:25: 4:63  LOADEND ISLAVE                                   0
                16:25: 4:64  Start Input for Next Load Case
                16:25: 4:64  case no=  427 seq. no=  36 idynl= 0
                16:25: 4:65  LOADEND ISLAVE                                   0
                16:25: 4:65  Start Input for Next Load Case
                16:25: 4:66  case no=  428 seq. no=  37 idynl= 0
                16:25: 4:66  LOADEND ISLAVE                                   0
                16:25: 4:67  Start Input for Next Load Case
                16:25: 4:67  case no=  711 seq. no=  38 idynl= 0
                16:25: 4:68  LOADEND ISLAVE                                   0
                16:25: 4:68  Start Input for Next Load Case
                16:25: 4:69  case no=  712 seq. no=  39 idynl= 0
                16:25: 4:69  LOADEND ISLAVE                                   0
                16:25: 4:70  Start Input for Next Load Case
                16:25: 4:70  case no=  713 seq. no=  40 idynl= 0
                16:25: 4:71  LOADEND ISLAVE                                   0
                16:25: 4:71  Start Input for Next Load Case
                16:25: 4:72  case no=  714 seq. no=  41 idynl= 0
                16:25: 4:72  LOADEND ISLAVE                                   0
                16:25: 4:73  Start Input for Next Load Case
                16:25: 4:73  case no=  715 seq. no=  42 idynl= 0
                16:25: 4:74  LOADEND ISLAVE                                   0
                16:25: 4:74  Start Input for Next Load Case
                16:25: 4:75  case no=  716 seq. no=  43 idynl= 0
                16:25: 4:75  LOADEND ISLAVE                                   0
                16:25: 4:76  Start Input for Next Load Case
                16:25: 4:76  case no=  717 seq. no=  44 idynl= 0
                16:25: 4:77  LOADEND ISLAVE                                   0
                16:25: 4:77  Start Input for Next Load Case
                16:25: 4:78  case no=  718 seq. no=  45 idynl= 0
                16:25: 4:78  LOADEND ISLAVE                                   0
                16:25: 4:79  Start Input for Next Load Case
                16:25: 4:79  case no=  901 seq. no=  46 idynl= 0
                16:25: 4:79  LOADEND ISLAVE                                   0
                16:25: 4:80  Start Input for Next Load Case
                16:25: 4:80  case no=  902 seq. no=  47 idynl= 0
                16:25: 4:81  LOADEND ISLAVE                                   0
                16:25: 4:81  Start Input for Next Load Case
                16:25: 4:82  case no=  903 seq. no=  48 idynl= 0
                16:25: 4:82  LOADEND ISLAVE                                   0
                16:25: 4:83  Start Input for Next Load Case
                16:25: 4:83  case no=  904 seq. no=  49 idynl= 0
                16:25: 4:84  LOADEND ISLAVE                                   0
                16:25: 4:84  Start Input for Next Load Case
                16:25: 4:85  case no=  905 seq. no=  50 idynl= 0
                16:25: 4:85  LOADEND ISLAVE                                   0
                16:25: 4:86  Start Input for Next Load Case
                16:25: 4:86  case no=  906 seq. no=  51 idynl= 0
                16:25: 4:86  LOADEND ISLAVE                                   0
                16:25: 4:87  Start Input for Next Load Case
                16:25: 4:87  case no= 1101 seq. no=  52 idynl= 0
                16:25: 4:88  LOADEND ISLAVE                                   0
                16:25: 4:88  Start Input for Next Load Case
                16:25: 4:89  case no= 1102 seq. no=  53 idynl= 0
                16:25: 4:89  LOADEND ISLAVE                                   0
                16:25: 4:90  Start Input for Next Load Case
                16:25: 4:90  case no= 1103 seq. no=  54 idynl= 0
                16:25: 4:91  LOADEND ISLAVE                                   0
                16:25: 4:91  Start Input for Next Load Case
                16:25: 4:92  case no= 1104 seq. no=  55 idynl= 0
                16:25: 4:92  LOADEND ISLAVE                                   0
                16:25: 4:93  Start Input for Next Load Case
                16:25: 4:93  case no= 1105 seq. no=  56 idynl= 0
                16:25: 4:94  LOADEND ISLAVE                                   0
                16:25: 4:94  Start Input for Next Load Case
                16:25: 4:95  case no= 1106 seq. no=  57 idynl= 0
                16:25: 4:95  LOADEND ISLAVE                                   0
                16:25: 4:96  Start Input for Next Load Case
                16:25: 4:96  case no= 1107 seq. no=  58 idynl= 0
                16:25: 4:97  LOADEND ISLAVE                                   0
                16:25: 4:97  Start Input for Next Load Case
                16:25: 4:98  case no= 1108 seq. no=  59 idynl= 0
                16:25: 4:98  LOADEND ISLAVE                                   0
                16:25: 4:99  Start Input for Next Load Case
                16:25: 4:99  case no= 1201 seq. no=  60 idynl= 0
                16:25: 5: 0  LOADEND ISLAVE                                   0
                16:25: 5: 0  Start Input for Next Load Case
                16:25: 5: 1  case no= 1202 seq. no=  61 idynl= 0
                16:25: 5: 1  LOADEND ISLAVE                                   0
                16:25: 5: 2  Start Input for Next Load Case
                16:25: 5: 2  case no= 1203 seq. no=  62 idynl= 0
                16:25: 5: 2  LOADEND ISLAVE                                   0
                16:25: 5: 3  Start Input for Next Load Case
                16:25: 5: 3  case no= 1204 seq. no=  63 idynl= 0
                16:25: 5: 4  LOADEND ISLAVE                                   0
                16:25: 5: 4  Start Input for Next Load Case
                16:25: 5: 5  case no= 1205 seq. no=  64 idynl= 0
                16:25: 5: 5  LOADEND ISLAVE                                   0
                16:25: 5: 6  Start Input for Next Load Case
                16:25: 5: 6  case no= 1206 seq. no=  65 idynl= 0
                16:25: 5: 7  LOADEND ISLAVE                                   0
                16:25: 5: 7  Start Input for Next Load Case
                16:25: 5: 8  case no= 1207 seq. no=  66 idynl= 0
                16:25: 5: 8  LOADEND ISLAVE                                   0
                16:25: 5: 8  Start Input for Next Load Case
                16:25: 5: 9  case no= 1208 seq. no=  67 idynl= 0
                16:25: 5: 9  LOADEND ISLAVE                                   0
                16:25: 5:10  Start Input for Next Load Case
                16:25: 5:11  case no= 2101 seq. no=  68 idynl= 0
                16:25: 5:11  LOADEND ISLAVE                                   0
                16:25: 5:12  Start Input for Next Load Case
                16:25: 5:12  case no= 2102 seq. no=  69 idynl= 0
                16:25: 5:13  LOADEND ISLAVE                                   0
                16:25: 5:13  Start Input for Next Load Case
                16:25: 5:14  case no= 2103 seq. no=  70 idynl= 0
                16:25: 5:14  LOADEND ISLAVE                                   0
                16:25: 5:15  Start Input for Next Load Case
                16:25: 5:16  case no= 2104 seq. no=  71 idynl= 0
                16:25: 5:16  LOADEND ISLAVE                                   0
                16:25: 5:17  Start Input for Next Load Case
                16:25: 5:17  case no= 2105 seq. no=  72 idynl= 0
                16:25: 5:17  LOADEND ISLAVE                                   0
                16:25: 5:18  Start Input for Next Load Case
                16:25: 5:18  case no= 2106 seq. no=  73 idynl= 0
                16:25: 5:19  LOADEND ISLAVE                                   0
                16:25: 5:19  Start Input for Next Load Case
                16:25: 5:20  case no= 2107 seq. no=  74 idynl= 0
                16:25: 5:20  LOADEND ISLAVE                                   0
                16:25: 5:21  Start Input for Next Load Case
                16:25: 5:21  case no= 2108 seq. no=  75 idynl= 0
                16:25: 5:22  LOADEND ISLAVE                                   0
                16:25: 5:22  Start Input for Next Load Case
                16:25: 5:23  case no= 3001 seq. no=  76 idynl= 0
                16:25: 5:23  LOADEND ISLAVE                                   0
                16:25: 5:24  Start Input for Next Load Case
                16:25: 5:24  case no= 3002 seq. no=  77 idynl= 0
                16:25: 5:25  LOADEND ISLAVE                                   0
                16:25: 5:25  Start Input for Next Load Case
                16:25: 5:26  case no= 3003 seq. no=  78 idynl= 0
                16:25: 5:26  LOADEND ISLAVE                                   0
                16:25: 5:27  Start Input for Next Load Case
                16:25: 5:27  case no= 3004 seq. no=  79 idynl= 0
                16:25: 5:28  LOADEND ISLAVE                                   0
                16:25: 5:28  Start Input for Next Load Case
                16:25: 5:28  case no= 3005 seq. no=  80 idynl= 0
                16:25: 5:29  LOADEND ISLAVE                                   0
                16:25: 5:29  Start Input for Next Load Case
                16:25: 5:30  case no= 3006 seq. no=  81 idynl= 0
                16:25: 5:30  LOADEND ISLAVE                                   0
                16:25: 5:31  Start Input for Next Load Case
                16:25: 5:31  case no= 3007 seq. no=  82 idynl= 0
                16:25: 5:32  LOADEND ISLAVE                                   0
                16:25: 5:32  Start Input for Next Load Case
                16:25: 5:33  case no= 3008 seq. no=  83 idynl= 0
                16:25: 5:33  LOADEND ISLAVE                                   0
                16:25: 5:34  Start Input for Next Load Case
                16:25: 5:34  case no= 3011 seq. no=  84 idynl= 0
                16:25: 5:35  LOADEND ISLAVE                                   0
                16:25: 5:35  Start Input for Next Load Case
                16:25: 5:36  case no= 3012 seq. no=  85 idynl= 0
                16:25: 5:36  LOADEND ISLAVE                                   0
                16:25: 5:36  Start Input for Next Load Case
                16:25: 5:37  case no= 3013 seq. no=  86 idynl= 0
                16:25: 5:37  LOADEND ISLAVE                                   0
                16:25: 5:38  Start Input for Next Load Case
                16:25: 5:38  case no= 3014 seq. no=  87 idynl= 0
                16:25: 5:39  LOADEND ISLAVE                                   0
                16:25: 5:39  Start Input for Next Load Case
                16:25: 5:40  case no= 3015 seq. no=  88 idynl= 0
                16:25: 5:40  LOADEND ISLAVE                                   0
                16:25: 5:41  Start Input for Next Load Case
                16:25: 5:41  case no= 3016 seq. no=  89 idynl= 0
                16:25: 5:42  LOADEND ISLAVE                                   0
                16:25: 5:42  Start Input for Next Load Case
                16:25: 5:43  case no= 3017 seq. no=  90 idynl= 0
                16:25: 5:43  LOADEND ISLAVE                                   0
                16:25: 5:44  Start Input for Next Load Case
                16:25: 5:44  case no= 3018 seq. no=  91 idynl= 0
                16:25: 5:45  LOADEND ISLAVE                                   0
                16:25: 5:45  Start Input for Next Load Case
                16:25: 5:45  case no= 3021 seq. no=  92 idynl= 0
                16:25: 5:46  LOADEND ISLAVE                                   0
                16:25: 5:46  Start Input for Next Load Case
                16:25: 5:47  case no= 3022 seq. no=  93 idynl= 0
                16:25: 5:47  LOADEND ISLAVE                                   0
                16:25: 5:48  Start Input for Next Load Case
                16:25: 5:48  case no= 3023 seq. no=  94 idynl= 0
                16:25: 5:49  LOADEND ISLAVE                                   0
                16:25: 5:49  Start Input for Next Load Case
                16:25: 5:50  case no= 3024 seq. no=  95 idynl= 0
                16:25: 5:50  LOADEND ISLAVE                                   0
                16:25: 5:50  Start Input for Next Load Case
                16:25: 5:51  case no= 3025 seq. no=  96 idynl= 0
                16:25: 5:51  LOADEND ISLAVE                                   0
                16:25: 5:52  Start Input for Next Load Case
                16:25: 5:52  case no= 3026 seq. no=  97 idynl= 0
                16:25: 5:53  LOADEND ISLAVE                                   0
                16:25: 5:53  Start Input for Next Load Case
                16:25: 5:54  case no= 3027 seq. no=  98 idynl= 0
                16:25: 5:54  LOADEND ISLAVE                                   0
                16:25: 5:55  Start Input for Next Load Case
                16:25: 5:55  case no= 3028 seq. no=  99 idynl= 0
                16:25: 5:56  LOADEND ISLAVE                                   0
                16:25: 5:56  Start Input for Next Load Case
                16:25: 5:56  case no= 3201 seq. no= 100 idynl= 0
                16:25: 5:57  LOADEND ISLAVE                                   0
                16:25: 5:57  Start Input for Next Load Case
                16:25: 5:58  case no= 3202 seq. no= 101 idynl= 0
                16:25: 5:58  LOADEND ISLAVE                                   0
                16:25: 5:59  Start Input for Next Load Case
                16:25: 5:59  case no= 3203 seq. no= 102 idynl= 0
                16:25: 5:60  LOADEND ISLAVE                                   0
                16:25: 5:60  Start Input for Next Load Case
                16:25: 5:61  case no= 3204 seq. no= 103 idynl= 0
                16:25: 5:61  LOADEND ISLAVE                                   0
                16:25: 5:62  Start Input for Next Load Case
                16:25: 5:62  case no= 3205 seq. no= 104 idynl= 0
                16:25: 5:63  LOADEND ISLAVE                                   0
                16:25: 5:63  Start Input for Next Load Case
                16:25: 5:64  case no= 3206 seq. no= 105 idynl= 0
                16:25: 5:64  LOADEND ISLAVE                                   0
                16:25: 5:64  Start Input for Next Load Case
                16:25: 5:65  case no= 3207 seq. no= 106 idynl= 0
                16:25: 5:65  LOADEND ISLAVE                                   0
                16:25: 5:66  Start Input for Next Load Case
                16:25: 5:66  case no= 3208 seq. no= 107 idynl= 0
                16:25: 5:67  LOADEND ISLAVE                                   0
                16:25: 5:67  Start Input for Next Load Case
                16:25: 5:68  case no= 4001 seq. no= 108 idynl= 0
                16:25: 5:68  LOADEND ISLAVE                                   0
                16:25: 5:69  Start Input for Next Load Case
                16:25: 5:69  case no= 4002 seq. no= 109 idynl= 0
                16:25: 5:70  LOADEND ISLAVE                                   0
                16:25: 5:70  Start Input for Next Load Case
                16:25: 5:71  case no= 4003 seq. no= 110 idynl= 0
                16:25: 5:71  LOADEND ISLAVE                                   0
                16:25: 5:72  Start Input for Next Load Case
                16:25: 5:72  case no= 4004 seq. no= 111 idynl= 0
                16:25: 5:73  LOADEND ISLAVE                                   0
                16:25: 5:73  Start Input for Next Load Case
                16:25: 5:74  case no= 4005 seq. no= 112 idynl= 0
                16:25: 5:74  LOADEND ISLAVE                                   0
                16:25: 5:75  Start Input for Next Load Case
                16:25: 5:75  case no= 4006 seq. no= 113 idynl= 0
                16:25: 5:76  LOADEND ISLAVE                                   0
                16:25: 5:76  NVPREV                                           0
                16:25: 5:77  AMAXNON                               1.366142E+00
                16:25: 5:77  IRECSIZL=                                     4000
                16:25: 5:77  MTX BLOCKSIZE=                                  96
                16:25: 5:78  MI=                                             96
                16:25: 5:78  NORECL=                                          1
                16:25: 5:79  NORECL1=                                         1
                16:25: 5:79  IWORD=                                       32000
                16:25: 5:80  JRECSIZE=                                     4000
                16:25: 5:80  IWORDJ=                                      32000
                16:25: 5:81  IBYTE=                                           4
                16:25: 5:81  JOINTS=                                         21
                16:25: 5:82  MEMBERS=                                        23
                16:25: 5:82  PLATES =                                         0
                16:25: 5:83  SOLIDS =                                         0
                16:25: 5:83  NO. OF EQUATIONS=                               96
                16:25: 5:83  idyn=                                            0
                16:25: 5:84  ipd=                                             0
                16:25: 5:84  icablanl=                                        0
                16:25: 5:85  ++ Processing Element Stiffness Matrix.
                16:25: 5:85  NV1                                            113
                16:25: 5:97  ++ Calculating Element Forces & Reactions.
                16:25:12:84  COMBINATION CASES=                               0
                16:25:12:84  MAX CM MEMORY (KILOWORDS)                       39
                16:25:12:84  AFTER SOLVER 1
                16:25:12:86  REOPEN AS SEQ                                    0
                16:25:12:86  DEFINE ENVELOPE
                16:25:12:88  LOAD LIST 1101 TO 110
                16:25:12:88  PARAMETER 1
                16:25:12:89  CHECK CODE ALL
                16:25:12:89  ENTERING SECTNM110 IQ=                          23
                16:25:12:90               NSEC=                              11
                16:25:12:91             ISECTN=                               0
                16:25:12:93  SECTNM110 DO 925
                16:25:12:96  ENTERING ENVLP1 ITYP1=                          -3
                16:25:12:96  SECT DISPLACE
                16:25:13: 0  Steel/Alum/Timber Design                        52
                16:25:13: 2    ++ Finished Design ...
                16:25:13: 2  Steel/Timber Design exit
                16:25:13: 3  LOAD LIST 2101 TO 210
                16:25:13: 4  PARAMETER 1
                16:25:13: 4  CHECK CODE ALL
                16:25:13: 5  ENTERING ENVLP1 ITYP1=                          -3
                16:25:13: 5  SECT DISPLACE
                16:25:13: 9  Steel/Alum/Timber Design                        52
                16:25:13:10    ++ Finished Design ...
                16:25:13:10  Steel/Timber Design exit
                16:25:13:11  LOAD LIST ENV 4 TO 7
                16:25:13:11  PARAMETER 1
                16:25:13:12  CHECK CODE ALL
                16:25:13:12  ENTERING ENVLP1 ITYP1=                          -3
                16:25:13:13  SECT DISPLACE
                16:25:13:16  Steel/Alum/Timber Design                        52
                16:25:13:19    ++ Finished Design ...
                16:25:13:19  Steel/Timber Design exit
                16:25:13:19  PRINT JOINT DISPLACEM
                16:25:13:20  PRINT SUPPORT REACTIO
                16:25:13:21  FINISH
                16:25:13:21  All Commands FINISHed
                16:25:13:22  DATASAVE for SPRO GUI
                16:25:13:23  ++ Creating Displacement File (DSP)...
                16:25:13:24  ++ Creating Reaction File (REA)...
                16:25:13:24  ++ Creating Section Force File (BMD)...
                16:25:13:29  ++ Creating Section Displace File (SEC)...
                16:25:13:29  ENTERING ENVLP1 ITYP1=                          -5
                16:25:13:29  SECT DISPLACE
                16:25:13:34  ++ Creating Section Displace File (SCN)...
                16:25:13:38  ++ Creating Design information File (DGN)...
                16:25:13:38  ALLOCATED CM MEMORY (KILOWORDS)             300000
                16:25:13:39  MAX CM MEMORY (KILOWORDS)                      126
                16:25:13:40  DBS LONG SEC NAME
* End Of Analysis At Thu Sep 12 16:25:13 2024
* CPU usage = 9.845000
* STAAD Exit Code: 100, Warning Count: 0, Error Count: 0, Duration: 9.845
1 0 0 9.845
****************************************************************************
*                            END OF ANALYSIS                               *
****************************************************************************
