09/12/2024 16:00:01	Reading UID database.
09/12/2024 16:00:01	Start loading STAAD model.
09/12/2024 16:00:01	Reading model file.
09/12/2024 16:00:01	Reading model file is complete.
09/12/2024 16:00:01	Processing support.
09/12/2024 16:00:01	Processing springs.
09/12/2024 16:00:01	Processing properties.
09/12/2024 16:00:01	Processing physical properties.
09/12/2024 16:00:01	Processing constants.
09/12/2024 16:00:01	Processing BETA constants.
09/12/2024 16:00:01	Processing hidden analytical member loads.
09/12/2024 16:00:01	Processing command list for member release.
09/12/2024 16:00:01	Processing command list for member offset.
09/12/2024 16:00:01	Processing command list for member specs (cracked).
09/12/2024 16:00:01	Processing command list for member specs (axial).
09/12/2024 16:00:01	Processing command list for element release.
09/12/2024 16:00:01	Processing command list for element offset.
09/12/2024 16:00:01	Processing command list for element plate stress directive.
09/12/2024 16:00:01	Processing parameter for Chinese wind load case.
09/12/2024 16:00:01	End Processing command list.
09/12/2024 16:00:01	End loading STAAD model.
09/12/2024 16:00:01	Start Post Analysis method
09/12/2024 16:00:01	Removed all hidden plates from surfaces
09/12/2024 16:00:01	Removed all hidden plates
09/12/2024 16:00:01	Removed all hidden nodes
09/12/2024 16:00:01	Loading results from MSH file...
09/12/2024 16:00:01	Building result indices...
09/12/2024 16:00:01	Loading plate stress results...
09/12/2024 16:00:01	Set analysis report setup data
09/12/2024 16:00:01	Starting page setup...
09/12/2024 16:00:01	Page setup completed
09/12/2024 16:00:01	Setting available workflows...
09/12/2024 16:00:01	Post analysis method ends
09/12/2024 16:00:26	Start Post Analysis method
09/12/2024 16:00:26	Removed all hidden plates from surfaces
09/12/2024 16:00:26	Removed all hidden plates
09/12/2024 16:00:26	Removed all hidden nodes
09/12/2024 16:00:26	Loading results from MSH file...
09/12/2024 16:00:26	Building result indices...
09/12/2024 16:00:26	Loading plate stress results...
09/12/2024 16:00:26	Set analysis report setup data
09/12/2024 16:00:26	Starting page setup...
09/12/2024 16:00:26	Page setup completed
09/12/2024 16:00:26	Setting available workflows...
09/12/2024 16:00:26	Post analysis method ends
