09/06/2024 12:34:52	Reading UID database.
09/06/2024 12:34:52	Start loading STAAD model.
09/06/2024 12:34:52	Reading model file.
09/06/2024 12:34:52	Reading model file is complete.
09/06/2024 12:34:52	Processing support.
09/06/2024 12:34:52	Processing springs.
09/06/2024 12:34:52	Processing properties.
09/06/2024 12:34:52	Processing physical properties.
09/06/2024 12:34:52	Processing constants.
09/06/2024 12:34:52	Processing BETA constants.
09/06/2024 12:34:52	Processing hidden analytical member loads.
09/06/2024 12:34:52	Processing command list for member release.
09/06/2024 12:34:52	Processing command list for member offset.
09/06/2024 12:34:52	Processing command list for member specs (cracked).
09/06/2024 12:34:52	Processing command list for member specs (axial).
09/06/2024 12:34:52	Processing command list for element release.
09/06/2024 12:34:52	Processing command list for element offset.
09/06/2024 12:34:52	Processing command list for element plate stress directive.
09/06/2024 12:34:53	Processing parameter for Chinese wind load case.
09/06/2024 12:34:53	End Processing command list.
09/06/2024 12:34:53	End loading STAAD model.
09/06/2024 12:34:53	Start Post Analysis method
09/06/2024 12:34:53	Removed all hidden plates from surfaces
09/06/2024 12:34:53	Removed all hidden plates
09/06/2024 12:34:53	Removed all hidden nodes
09/06/2024 12:34:53	Loading results from MSH file...
09/06/2024 12:34:53	Building result indices...
09/06/2024 12:34:53	Loading plate stress results...
09/06/2024 12:34:53	Set analysis report setup data
09/06/2024 12:34:53	Starting page setup...
09/06/2024 12:34:53	Page setup completed
09/06/2024 12:34:53	Setting available workflows...
09/06/2024 12:34:53	Post analysis method ends
