10/04/2024 13:34:30	Reading UID database.
10/04/2024 13:34:30	Start loading STAAD model.
10/04/2024 13:34:30	Reading model file.
10/04/2024 13:34:30	Reading model file is complete.
10/04/2024 13:34:30	Processing support.
10/04/2024 13:34:30	Processing springs.
10/04/2024 13:34:30	Processing properties.
10/04/2024 13:34:30	Processing physical properties.
10/04/2024 13:34:30	Processing constants.
10/04/2024 13:34:30	Processing BETA constants.
10/04/2024 13:34:30	Processing hidden analytical member loads.
10/04/2024 13:34:30	Processing command list for member release.
10/04/2024 13:34:30	Processing command list for member offset.
10/04/2024 13:34:30	Processing command list for member specs (cracked).
10/04/2024 13:34:30	Processing command list for member specs (axial).
10/04/2024 13:34:30	Processing command list for element release.
10/04/2024 13:34:30	Processing command list for element offset.
10/04/2024 13:34:30	Processing command list for element plate stress directive.
10/04/2024 13:34:30	Processing parameter for Chinese wind load case.
10/04/2024 13:34:30	End Processing command list.
10/04/2024 13:34:30	End loading STAAD model.
10/04/2024 13:34:30	Start Post Analysis method
10/04/2024 13:34:30	Removed all hidden plates from surfaces
10/04/2024 13:34:30	Removed all hidden plates
10/04/2024 13:34:30	Removed all hidden nodes
10/04/2024 13:34:30	Loading results from MSH file...
10/04/2024 13:34:30	Building result indices...
10/04/2024 13:34:31	Loading plate stress results...
10/04/2024 13:34:31	Set analysis report setup data
10/04/2024 13:34:31	Starting page setup...
10/04/2024 13:34:31	Page setup completed
10/04/2024 13:34:31	Setting available workflows...
10/04/2024 13:34:31	Post analysis method ends
