08/09/2024 17:11:58	Reading UID database.
08/09/2024 17:11:58	Start loading STAAD model.
08/09/2024 17:11:58	Reading model file.
08/09/2024 17:11:59	Reading model file is complete.
08/09/2024 17:11:59	Processing support.
08/09/2024 17:11:59	Processing springs.
08/09/2024 17:11:59	Processing properties.
08/09/2024 17:11:59	Processing physical properties.
08/09/2024 17:11:59	Processing constants.
08/09/2024 17:11:59	Processing BETA constants.
08/09/2024 17:11:59	Processing hidden analytical member loads.
08/09/2024 17:11:59	Processing command list for member release.
08/09/2024 17:11:59	Processing command list for member offset.
08/09/2024 17:11:59	Processing command list for member specs (cracked).
08/09/2024 17:11:59	Processing command list for member specs (axial).
08/09/2024 17:11:59	Processing command list for element release.
08/09/2024 17:11:59	Processing command list for element offset.
08/09/2024 17:11:59	Processing command list for element plate stress directive.
08/09/2024 17:11:59	Processing parameter for Chinese wind load case.
08/09/2024 17:11:59	End Processing command list.
08/09/2024 17:12:00	End loading STAAD model.
08/09/2024 17:12:16	Start Post Analysis method
08/09/2024 17:12:16	Removed all hidden plates from surfaces
08/09/2024 17:12:16	Removed all hidden plates
08/09/2024 17:12:16	Removed all hidden nodes
08/09/2024 17:12:16	Loading results from MSH file...
08/09/2024 17:12:16	Building result indices...
08/09/2024 17:12:16	Loading plate stress results...
08/09/2024 17:12:16	Set analysis report setup data
08/09/2024 17:12:16	Starting page setup...
08/09/2024 17:12:16	Page setup completed
08/09/2024 17:12:16	Setting available workflows...
08/09/2024 17:12:16	Post analysis method ends
08/09/2024 17:14:25	Start Post Analysis method
08/09/2024 17:14:25	Removed all hidden plates from surfaces
08/09/2024 17:14:25	Removed all hidden plates
08/09/2024 17:14:25	Removed all hidden nodes
08/09/2024 17:14:25	Loading results from MSH file...
08/09/2024 17:14:25	Building result indices...
08/09/2024 17:14:25	Loading plate stress results...
08/09/2024 17:14:25	Set analysis report setup data
08/09/2024 17:14:25	Starting page setup...
08/09/2024 17:14:25	Page setup completed
08/09/2024 17:14:25	Setting available workflows...
08/09/2024 17:14:25	Post analysis method ends
