08/01/2024 11:36:40	Reading UID database.
08/01/2024 11:36:40	Start loading STAAD model.
08/01/2024 11:36:40	Reading model file.
08/01/2024 11:36:40	Reading model file is complete.
08/01/2024 11:36:40	Processing support.
08/01/2024 11:36:40	Processing springs.
08/01/2024 11:36:40	Processing properties.
08/01/2024 11:36:40	Processing physical properties.
08/01/2024 11:36:40	Processing constants.
08/01/2024 11:36:40	Processing BETA constants.
08/01/2024 11:36:40	Processing hidden analytical member loads.
08/01/2024 11:36:40	Processing command list for member release.
08/01/2024 11:36:40	Processing command list for member offset.
08/01/2024 11:36:40	Processing command list for member specs (cracked).
08/01/2024 11:36:40	Processing command list for member specs (axial).
08/01/2024 11:36:40	Processing command list for element release.
08/01/2024 11:36:40	Processing command list for element offset.
08/01/2024 11:36:40	Processing command list for element plate stress directive.
08/01/2024 11:36:40	Processing parameter for Chinese wind load case.
08/01/2024 11:36:40	End Processing command list.
08/01/2024 11:36:40	End loading STAAD model.
08/01/2024 11:36:40	Start Post Analysis method
08/01/2024 11:36:40	Removed all hidden plates from surfaces
08/01/2024 11:36:40	Removed all hidden plates
08/01/2024 11:36:40	Removed all hidden nodes
08/01/2024 11:36:40	Loading results from MSH file...
08/01/2024 11:36:40	Building result indices...
08/01/2024 11:36:40	Loading plate stress results...
08/01/2024 11:36:40	Set analysis report setup data
08/01/2024 11:36:40	Starting page setup...
08/01/2024 11:36:40	Page setup completed
08/01/2024 11:36:40	Setting available workflows...
08/01/2024 11:36:40	Post analysis method ends
08/01/2024 11:44:20	Reading UID database.
08/01/2024 11:44:20	Start loading STAAD model.
08/01/2024 11:44:20	Reading model file.
08/01/2024 11:44:21	Reading model file is complete.
08/01/2024 11:44:21	Processing support.
08/01/2024 11:44:21	Processing springs.
08/01/2024 11:44:21	Processing properties.
08/01/2024 11:44:21	Processing physical properties.
08/01/2024 11:44:21	Processing constants.
08/01/2024 11:44:21	Processing BETA constants.
08/01/2024 11:44:21	Processing hidden analytical member loads.
08/01/2024 11:44:21	Processing command list for member release.
08/01/2024 11:44:21	Processing command list for member offset.
08/01/2024 11:44:21	Processing command list for member specs (cracked).
08/01/2024 11:44:21	Processing command list for member specs (axial).
08/01/2024 11:44:21	Processing command list for element release.
08/01/2024 11:44:21	Processing command list for element offset.
08/01/2024 11:44:21	Processing command list for element plate stress directive.
08/01/2024 11:44:21	Processing parameter for Chinese wind load case.
08/01/2024 11:44:21	End Processing command list.
08/01/2024 11:44:21	End loading STAAD model.
08/01/2024 11:44:21	Start Post Analysis method
08/01/2024 11:44:21	Removed all hidden plates from surfaces
08/01/2024 11:44:21	Removed all hidden plates
08/01/2024 11:44:21	Removed all hidden nodes
08/01/2024 11:44:21	Loading results from MSH file...
08/01/2024 11:44:21	Building result indices...
08/01/2024 11:44:21	Loading plate stress results...
08/01/2024 11:44:21	Set analysis report setup data
08/01/2024 11:44:21	Starting page setup...
08/01/2024 11:44:21	Page setup completed
08/01/2024 11:44:21	Setting available workflows...
08/01/2024 11:44:21	Post analysis method ends
08/01/2024 11:44:31	Start Post Analysis method
08/01/2024 11:44:31	Removed all hidden plates from surfaces
08/01/2024 11:44:31	Removed all hidden plates
08/01/2024 11:44:31	Removed all hidden nodes
08/01/2024 11:44:31	Loading results from MSH file...
08/01/2024 11:44:31	Building result indices...
08/01/2024 11:44:31	Loading plate stress results...
08/01/2024 11:44:31	Set analysis report setup data
08/01/2024 11:44:31	Starting page setup...
08/01/2024 11:44:31	Page setup completed
08/01/2024 11:44:31	Setting available workflows...
08/01/2024 11:44:31	Post analysis method ends
