11:44:25	Initializing STAAD Engine
11:44:25	Run stream set up is complete.
11:44:25	Initialize license libraries.
11:44:25	License libraries initialized.
11:44:25	Starting license(s) for A & D engine.
11:44:26	License Status: Ok
11:44:26	License information set up is complete.
****************************************************************************
*                            START OF ANALYSIS                             *
****************************************************************************
* Initiating Analysis At Thu Aug  1 11:44:26 2024
                          PROGRAM: STAAD.Pro
                          VERSION: 23.00.01.25
                11:44:26:35  ENTERING STAAD
                11:44:26:38  USING 64 BIT STAAD ENGINE
                11:44:26:38  ENTERING MAINN
                11:44:26:39  START JOB INFORMATION
                11:44:26:39  INPUT WIDTH 79
                11:44:26:40  UNIT MMS KN
                11:44:26:40  JOINT COORDINATES
                11:44:26:40  ENTERING JOINTC
                11:44:26:41  JOINTC NEWJ                                 400000
                11:44:26:42  MAX NODE NO.                                    13
                11:44:26:42  MEMBER INCIDENCES
                11:44:26:42  UNIT METER KN
                11:44:26:43  DEFINE MATERIAL START
                11:44:26:43  UNIT MMS KN
                11:44:26:44  MEMBER PROPERTY EUROP
                11:44:26:89    ++ Finished Reading Member Properties ...
                11:44:26:89  CONSTANTS
                11:44:26:90  SUPPORTS
                11:44:26:91  ENTERING SUPPORT
                11:44:26:91  UNIT METER KN
                11:44:26:92  DEFINE WIND LOAD
                11:44:26:93  LOAD 121 LOADTYPE DEA
                11:44:26:93  DUPLICATE ELEMENT CHECK
                11:44:26:93  CHECKING STRUCTURAL INTEGRITY
                11:44:26:94  CHECK UNCONNECTED JOINTS AND
                11:44:26:95  CALCULATE MAX JOINT CONNECTIVITY
                11:44:26:95  CHECK MULTIPLE STRUCTURES
                11:44:26:96  ENTERING SUPPORT
                11:44:26:96  NRJOLD                                           0
                11:44:26:97  SUPPORT NOLD                                     0
                11:44:26:97  SUPPORT N                                       54
                11:44:26:98  BEFORE LOADPR
                11:44:26:98  REOPEN AS DIR                                    0
                11:44:26:99  ENTER LOADPR
                11:44:27:12  PERFORM ANALYSIS PRIN
                11:44:27:12  pdel iter                                        0
                11:44:27:12  MAXIMUM E =                           2.973273E+04
                11:44:27:13  MINIMUM E =                           2.973273E+04
                11:44:27:13  MBW DOF BAND=                                    1
                11:44:27:14  NUMBER OF PRIMARY CASES                        101
                11:44:27:14  NUMBER OF CASES                                252
                11:44:27:15  #OF CASES W/ELEM INMEMORY                      252
                11:44:27:15  MEMORY FOR MEMBER LOADS                      39312
                11:44:27:16  MEMORY FOR DISPLACEMENTS                     19656
                11:44:27:16  MEMORY FOR MEMBER FORCES                     39312
                11:44:27:17  Using 64-bit analysis engine
                11:44:27:17  BEFORE SOLVER 1
                11:44:27:18  Start Input for Next Load Case
                11:44:27:19  case no=  121 seq. no=   1 idynl= 0
                11:44:27:19  MASSSET                                          0
                11:44:27:20  LOADEND ISLAVE                                   0
                11:44:27:20  Start Input for Next Load Case
                11:44:27:21  case no=  201 seq. no=   2 idynl= 0
                11:44:27:21  LOADEND ISLAVE                                   0
                11:44:27:22  Start Input for Next Load Case
                11:44:27:22  case no=  202 seq. no=   3 idynl= 0
                11:44:27:23  LOADEND ISLAVE                                   0
                11:44:27:23  Start Input for Next Load Case
                11:44:27:24  case no=  203 seq. no=   4 idynl= 0
                11:44:27:24  LOADEND ISLAVE                                   0
                11:44:27:25  Start Input for Next Load Case
                11:44:27:25  case no=  204 seq. no=   5 idynl= 0
                11:44:27:26  LOADEND ISLAVE                                   0
                11:44:27:26  Start Input for Next Load Case
                11:44:27:27  case no=  205 seq. no=   6 idynl= 0
                11:44:27:27  LOADEND ISLAVE                                   0
                11:44:27:28  Start Input for Next Load Case
                11:44:27:28  case no=  206 seq. no=   7 idynl= 0
                11:44:27:29  LOADEND ISLAVE                                   0
                11:44:27:29  Start Input for Next Load Case
                11:44:27:30  case no=  207 seq. no=   8 idynl= 0
                11:44:27:31  LOADEND ISLAVE                                   0
                11:44:27:31  Start Input for Next Load Case
                11:44:27:32  case no=  208 seq. no=   9 idynl= 0
                11:44:27:32  LOADEND ISLAVE                                   0
                11:44:27:33  Start Input for Next Load Case
                11:44:27:33  case no=  312 seq. no=  10 idynl= 0
                11:44:27:34  LOADEND ISLAVE                                   0
                11:44:27:34  Start Input for Next Load Case
                11:44:27:35  case no=  313 seq. no=  11 idynl= 0
                11:44:27:35  LOADEND ISLAVE                                   0
                11:44:27:36  Start Input for Next Load Case
                11:44:27:36  case no=  314 seq. no=  12 idynl= 0
                11:44:27:37  LOADEND ISLAVE                                   0
                11:44:27:37  Start Input for Next Load Case
                11:44:27:38  case no=  315 seq. no=  13 idynl= 0
                11:44:27:38  LOADEND ISLAVE                                   0
                11:44:27:39  Start Input for Next Load Case
                11:44:27:39  case no=  322 seq. no=  14 idynl= 0
                11:44:27:40  LOADEND ISLAVE                                   0
                11:44:27:40  Start Input for Next Load Case
                11:44:27:41  case no=  323 seq. no=  15 idynl= 0
                11:44:27:41  LOADEND ISLAVE                                   0
                11:44:27:42  Start Input for Next Load Case
                11:44:27:42  case no=  324 seq. no=  16 idynl= 0
                11:44:27:43  LOADEND ISLAVE                                   0
                11:44:27:43  Start Input for Next Load Case
                11:44:27:44  case no=  325 seq. no=  17 idynl= 0
                11:44:27:44  LOADEND ISLAVE                                   0
                11:44:27:45  Start Input for Next Load Case
                11:44:27:45  case no=  332 seq. no=  18 idynl= 0
                11:44:27:46  LOADEND ISLAVE                                   0
                11:44:27:46  Start Input for Next Load Case
                11:44:27:47  case no=  333 seq. no=  19 idynl= 0
                11:44:27:47  LOADEND ISLAVE                                   0
                11:44:27:48  Start Input for Next Load Case
                11:44:27:48  case no=  334 seq. no=  20 idynl= 0
                11:44:27:49  LOADEND ISLAVE                                   0
                11:44:27:49  Start Input for Next Load Case
                11:44:27:50  case no=  335 seq. no=  21 idynl= 0
                11:44:27:50  LOADEND ISLAVE                                   0
                11:44:27:51  Start Input for Next Load Case
                11:44:27:51  case no=  411 seq. no=  22 idynl= 0
                11:44:27:52  LOADEND ISLAVE                                   0
                11:44:27:52  Start Input for Next Load Case
                11:44:27:53  case no=  412 seq. no=  23 idynl= 0
                11:44:27:53  LOADEND ISLAVE                                   0
                11:44:27:54  Start Input for Next Load Case
                11:44:27:54  case no=  413 seq. no=  24 idynl= 0
                11:44:27:55  LOADEND ISLAVE                                   0
                11:44:27:55  Start Input for Next Load Case
                11:44:27:56  case no=  414 seq. no=  25 idynl= 0
                11:44:27:56  LOADEND ISLAVE                                   0
                11:44:27:57  Start Input for Next Load Case
                11:44:27:57  case no=  415 seq. no=  26 idynl= 0
                11:44:27:58  LOADEND ISLAVE                                   0
                11:44:27:58  Start Input for Next Load Case
                11:44:27:59  case no=  416 seq. no=  27 idynl= 0
                11:44:27:59  LOADEND ISLAVE                                   0
                11:44:27:60  Start Input for Next Load Case
                11:44:27:60  case no=  417 seq. no=  28 idynl= 0
                11:44:27:61  LOADEND ISLAVE                                   0
                11:44:27:61  Start Input for Next Load Case
                11:44:27:62  case no=  418 seq. no=  29 idynl= 0
                11:44:27:62  LOADEND ISLAVE                                   0
                11:44:27:63  Start Input for Next Load Case
                11:44:27:63  case no=  421 seq. no=  30 idynl= 0
                11:44:27:63  LOADEND ISLAVE                                   0
                11:44:27:64  Start Input for Next Load Case
                11:44:27:64  case no=  422 seq. no=  31 idynl= 0
                11:44:27:65  LOADEND ISLAVE                                   0
                11:44:27:65  Start Input for Next Load Case
                11:44:27:66  case no=  423 seq. no=  32 idynl= 0
                11:44:27:66  LOADEND ISLAVE                                   0
                11:44:27:67  Start Input for Next Load Case
                11:44:27:67  case no=  424 seq. no=  33 idynl= 0
                11:44:27:68  LOADEND ISLAVE                                   0
                11:44:27:68  Start Input for Next Load Case
                11:44:27:69  case no=  425 seq. no=  34 idynl= 0
                11:44:27:69  LOADEND ISLAVE                                   0
                11:44:27:70  Start Input for Next Load Case
                11:44:27:70  case no=  426 seq. no=  35 idynl= 0
                11:44:27:71  LOADEND ISLAVE                                   0
                11:44:27:71  Start Input for Next Load Case
                11:44:27:72  case no=  427 seq. no=  36 idynl= 0
                11:44:27:72  LOADEND ISLAVE                                   0
                11:44:27:73  Start Input for Next Load Case
                11:44:27:73  case no=  428 seq. no=  37 idynl= 0
                11:44:27:74  LOADEND ISLAVE                                   0
                11:44:27:74  Start Input for Next Load Case
                11:44:27:75  case no=  711 seq. no=  38 idynl= 0
                11:44:27:75  LOADEND ISLAVE                                   0
                11:44:27:76  Start Input for Next Load Case
                11:44:27:76  case no=  712 seq. no=  39 idynl= 0
                11:44:27:76  LOADEND ISLAVE                                   0
                11:44:27:77  Start Input for Next Load Case
                11:44:27:77  case no=  713 seq. no=  40 idynl= 0
                11:44:27:78  LOADEND ISLAVE                                   0
                11:44:27:78  Start Input for Next Load Case
                11:44:27:79  case no=  714 seq. no=  41 idynl= 0
                11:44:27:79  LOADEND ISLAVE                                   0
                11:44:27:80  Start Input for Next Load Case
                11:44:27:80  case no=  715 seq. no=  42 idynl= 0
                11:44:27:81  LOADEND ISLAVE                                   0
                11:44:27:81  Start Input for Next Load Case
                11:44:27:82  case no=  716 seq. no=  43 idynl= 0
                11:44:27:82  LOADEND ISLAVE                                   0
                11:44:27:82  Start Input for Next Load Case
                11:44:27:83  case no=  717 seq. no=  44 idynl= 0
                11:44:27:83  LOADEND ISLAVE                                   0
                11:44:27:84  Start Input for Next Load Case
                11:44:27:84  case no=  718 seq. no=  45 idynl= 0
                11:44:27:85  LOADEND ISLAVE                                   0
                11:44:27:85  Start Input for Next Load Case
                11:44:27:86  case no= 1101 seq. no=  46 idynl= 0
                11:44:27:86  LOADEND ISLAVE                                   0
                11:44:27:87  Start Input for Next Load Case
                11:44:27:88  case no= 1102 seq. no=  47 idynl= 0
                11:44:27:88  LOADEND ISLAVE                                   0
                11:44:27:88  Start Input for Next Load Case
                11:44:27:89  case no= 1103 seq. no=  48 idynl= 0
                11:44:27:89  LOADEND ISLAVE                                   0
                11:44:27:90  Start Input for Next Load Case
                11:44:27:90  case no= 1104 seq. no=  49 idynl= 0
                11:44:27:91  LOADEND ISLAVE                                   0
                11:44:27:91  Start Input for Next Load Case
                11:44:27:92  case no= 1105 seq. no=  50 idynl= 0
                11:44:27:92  LOADEND ISLAVE                                   0
                11:44:27:93  Start Input for Next Load Case
                11:44:27:93  case no= 1106 seq. no=  51 idynl= 0
                11:44:27:93  LOADEND ISLAVE                                   0
                11:44:27:94  Start Input for Next Load Case
                11:44:27:94  case no= 1107 seq. no=  52 idynl= 0
                11:44:27:95  LOADEND ISLAVE                                   0
                11:44:27:95  Start Input for Next Load Case
                11:44:27:96  case no= 1108 seq. no=  53 idynl= 0
                11:44:27:96  LOADEND ISLAVE                                   0
                11:44:27:97  Start Input for Next Load Case
                11:44:27:97  case no= 1201 seq. no=  54 idynl= 0
                11:44:27:97  LOADEND ISLAVE                                   0
                11:44:27:98  Start Input for Next Load Case
                11:44:27:98  case no= 1202 seq. no=  55 idynl= 0
                11:44:27:99  LOADEND ISLAVE                                   0
                11:44:28: 0  Start Input for Next Load Case
                11:44:28: 0  case no= 1203 seq. no=  56 idynl= 0
                11:44:28: 0  LOADEND ISLAVE                                   0
                11:44:28: 1  Start Input for Next Load Case
                11:44:28: 1  case no= 1204 seq. no=  57 idynl= 0
                11:44:28: 2  LOADEND ISLAVE                                   0
                11:44:28: 2  Start Input for Next Load Case
                11:44:28: 3  case no= 1205 seq. no=  58 idynl= 0
                11:44:28: 3  LOADEND ISLAVE                                   0
                11:44:28: 4  Start Input for Next Load Case
                11:44:28: 4  case no= 1206 seq. no=  59 idynl= 0
                11:44:28: 5  LOADEND ISLAVE                                   0
                11:44:28: 5  Start Input for Next Load Case
                11:44:28: 6  case no= 1207 seq. no=  60 idynl= 0
                11:44:28: 6  LOADEND ISLAVE                                   0
                11:44:28: 7  Start Input for Next Load Case
                11:44:28: 7  case no= 1208 seq. no=  61 idynl= 0
                11:44:28: 8  LOADEND ISLAVE                                   0
                11:44:28: 8  Start Input for Next Load Case
                11:44:28: 9  case no= 2101 seq. no=  62 idynl= 0
                11:44:28: 9  LOADEND ISLAVE                                   0
                11:44:28:10  Start Input for Next Load Case
                11:44:28:10  case no= 2102 seq. no=  63 idynl= 0
                11:44:28:11  LOADEND ISLAVE                                   0
                11:44:28:12  Start Input for Next Load Case
                11:44:28:12  case no= 2103 seq. no=  64 idynl= 0
                11:44:28:12  LOADEND ISLAVE                                   0
                11:44:28:13  Start Input for Next Load Case
                11:44:28:13  case no= 2104 seq. no=  65 idynl= 0
                11:44:28:14  LOADEND ISLAVE                                   0
                11:44:28:14  Start Input for Next Load Case
                11:44:28:15  case no= 2105 seq. no=  66 idynl= 0
                11:44:28:15  LOADEND ISLAVE                                   0
                11:44:28:16  Start Input for Next Load Case
                11:44:28:17  case no= 2106 seq. no=  67 idynl= 0
                11:44:28:17  LOADEND ISLAVE                                   0
                11:44:28:18  Start Input for Next Load Case
                11:44:28:18  case no= 2107 seq. no=  68 idynl= 0
                11:44:28:19  LOADEND ISLAVE                                   0
                11:44:28:19  Start Input for Next Load Case
                11:44:28:20  case no= 2108 seq. no=  69 idynl= 0
                11:44:28:20  LOADEND ISLAVE                                   0
                11:44:28:21  Start Input for Next Load Case
                11:44:28:21  case no= 3001 seq. no=  70 idynl= 0
                11:44:28:21  LOADEND ISLAVE                                   0
                11:44:28:22  Start Input for Next Load Case
                11:44:28:22  case no= 3002 seq. no=  71 idynl= 0
                11:44:28:23  LOADEND ISLAVE                                   0
                11:44:28:23  Start Input for Next Load Case
                11:44:28:24  case no= 3003 seq. no=  72 idynl= 0
                11:44:28:24  LOADEND ISLAVE                                   0
                11:44:28:25  Start Input for Next Load Case
                11:44:28:25  case no= 3004 seq. no=  73 idynl= 0
                11:44:28:26  LOADEND ISLAVE                                   0
                11:44:28:26  Start Input for Next Load Case
                11:44:28:27  case no= 3005 seq. no=  74 idynl= 0
                11:44:28:27  LOADEND ISLAVE                                   0
                11:44:28:28  Start Input for Next Load Case
                11:44:28:28  case no= 3006 seq. no=  75 idynl= 0
                11:44:28:28  LOADEND ISLAVE                                   0
                11:44:28:29  Start Input for Next Load Case
                11:44:28:29  case no= 3007 seq. no=  76 idynl= 0
                11:44:28:30  LOADEND ISLAVE                                   0
                11:44:28:30  Start Input for Next Load Case
                11:44:28:31  case no= 3008 seq. no=  77 idynl= 0
                11:44:28:31  LOADEND ISLAVE                                   0
                11:44:28:32  Start Input for Next Load Case
                11:44:28:32  case no= 3011 seq. no=  78 idynl= 0
                11:44:28:33  LOADEND ISLAVE                                   0
                11:44:28:33  Start Input for Next Load Case
                11:44:28:33  case no= 3012 seq. no=  79 idynl= 0
                11:44:28:34  LOADEND ISLAVE                                   0
                11:44:28:34  Start Input for Next Load Case
                11:44:28:35  case no= 3013 seq. no=  80 idynl= 0
                11:44:28:35  LOADEND ISLAVE                                   0
                11:44:28:36  Start Input for Next Load Case
                11:44:28:36  case no= 3014 seq. no=  81 idynl= 0
                11:44:28:37  LOADEND ISLAVE                                   0
                11:44:28:37  Start Input for Next Load Case
                11:44:28:38  case no= 3015 seq. no=  82 idynl= 0
                11:44:28:38  LOADEND ISLAVE                                   0
                11:44:28:38  Start Input for Next Load Case
                11:44:28:39  case no= 3016 seq. no=  83 idynl= 0
                11:44:28:39  LOADEND ISLAVE                                   0
                11:44:28:40  Start Input for Next Load Case
                11:44:28:40  case no= 3017 seq. no=  84 idynl= 0
                11:44:28:41  LOADEND ISLAVE                                   0
                11:44:28:41  Start Input for Next Load Case
                11:44:28:42  case no= 3018 seq. no=  85 idynl= 0
                11:44:28:42  LOADEND ISLAVE                                   0
                11:44:28:42  Start Input for Next Load Case
                11:44:28:43  case no= 3021 seq. no=  86 idynl= 0
                11:44:28:43  LOADEND ISLAVE                                   0
                11:44:28:44  Start Input for Next Load Case
                11:44:28:44  case no= 3022 seq. no=  87 idynl= 0
                11:44:28:45  LOADEND ISLAVE                                   0
                11:44:28:45  Start Input for Next Load Case
                11:44:28:46  case no= 3023 seq. no=  88 idynl= 0
                11:44:28:46  LOADEND ISLAVE                                   0
                11:44:28:47  Start Input for Next Load Case
                11:44:28:47  case no= 3024 seq. no=  89 idynl= 0
                11:44:28:47  LOADEND ISLAVE                                   0
                11:44:28:48  Start Input for Next Load Case
                11:44:28:48  case no= 3025 seq. no=  90 idynl= 0
                11:44:28:49  LOADEND ISLAVE                                   0
                11:44:28:49  Start Input for Next Load Case
                11:44:28:50  case no= 3026 seq. no=  91 idynl= 0
                11:44:28:50  LOADEND ISLAVE                                   0
                11:44:28:50  Start Input for Next Load Case
                11:44:28:51  case no= 3027 seq. no=  92 idynl= 0
                11:44:28:51  LOADEND ISLAVE                                   0
                11:44:28:52  Start Input for Next Load Case
                11:44:28:52  case no= 3028 seq. no=  93 idynl= 0
                11:44:28:53  LOADEND ISLAVE                                   0
                11:44:28:53  Start Input for Next Load Case
                11:44:28:54  case no= 3201 seq. no=  94 idynl= 0
                11:44:28:54  LOADEND ISLAVE                                   0
                11:44:28:55  Start Input for Next Load Case
                11:44:28:55  case no= 3202 seq. no=  95 idynl= 0
                11:44:28:55  LOADEND ISLAVE                                   0
                11:44:28:56  Start Input for Next Load Case
                11:44:28:56  case no= 3203 seq. no=  96 idynl= 0
                11:44:28:57  LOADEND ISLAVE                                   0
                11:44:28:57  Start Input for Next Load Case
                11:44:28:58  case no= 3204 seq. no=  97 idynl= 0
                11:44:28:58  LOADEND ISLAVE                                   0
                11:44:28:59  Start Input for Next Load Case
                11:44:28:59  case no= 3205 seq. no=  98 idynl= 0
                11:44:28:59  LOADEND ISLAVE                                   0
                11:44:28:60  Start Input for Next Load Case
                11:44:28:60  case no= 3206 seq. no=  99 idynl= 0
                11:44:28:61  LOADEND ISLAVE                                   0
                11:44:28:61  Start Input for Next Load Case
                11:44:28:62  case no= 3207 seq. no= 100 idynl= 0
                11:44:28:62  LOADEND ISLAVE                                   0
                11:44:28:63  Start Input for Next Load Case
                11:44:28:63  case no= 3208 seq. no= 101 idynl= 0
                11:44:28:63  LOADEND ISLAVE                                   0
                11:44:28:64  NVPREV                                           0
                11:44:28:64  AMAXNON                               9.767060E-01
                11:44:28:65  IRECSIZL=                                     4000
                11:44:28:65  MTX BLOCKSIZE=                                  54
                11:44:28:66  MI=                                             54
                11:44:28:66  NORECL=                                          1
                11:44:28:67  NORECL1=                                         1
                11:44:28:67  IWORD=                                       32000
                11:44:28:68  JRECSIZE=                                     4000
                11:44:28:68  IWORDJ=                                      32000
                11:44:28:68  IBYTE=                                           4
                11:44:28:69  JOINTS=                                         13
                11:44:28:69  MEMBERS=                                        13
                11:44:28:70  PLATES =                                         0
                11:44:28:70  SOLIDS =                                         0
                11:44:28:71  NO. OF EQUATIONS=                               54
                11:44:28:71  idyn=                                            0
                11:44:28:72  ipd=                                             0
                11:44:28:72  icablanl=                                        0
                11:44:28:73  ++ Processing Element Stiffness Matrix.
                11:44:28:74  NV1                                            101
                11:44:28:86  ++ Calculating Element Forces & Reactions.
                11:44:29:38  COMBINATION CASES=                               0
                11:44:29:38  MAX CM MEMORY (KILOWORDS)                       32
                11:44:29:39  AFTER SOLVER 1
                11:44:29:40  REOPEN AS SEQ                                    0
                11:44:29:40  DEFINE ENVELOPE
                11:44:29:42  LOAD LIST 1101 TO 110
                11:44:29:42  PARAMETER 1
                11:44:29:43  CHECK CODE ALL
                11:44:29:43  ENTERING SECTNM110 IQ=                          13
                11:44:29:43               NSEC=                              11
                11:44:29:44             ISECTN=                               0
                11:44:29:46  SECTNM110 DO 925
                11:44:29:48  ENTERING ENVLP1 ITYP1=                          -3
                11:44:29:48  SECT DISPLACE
                11:44:29:51  Steel/Alum/Timber Design                        52
                11:44:29:55    ++ Finished Design ...
                11:44:29:55  Steel/Timber Design exit
                11:44:29:56  LOAD LIST 2101 TO 210
                11:44:29:56  PARAMETER 1
                11:44:29:58  CHECK CODE ALL
                11:44:29:58  ENTERING ENVLP1 ITYP1=                          -3
                11:44:29:58  SECT DISPLACE
                11:44:29:61  Steel/Alum/Timber Design                        52
                11:44:29:62    ++ Finished Design ...
                11:44:29:62  Steel/Timber Design exit
                11:44:29:63  LOAD LIST ENV 4 TO 7
                11:44:29:63  PARAMETER 1
                11:44:29:64  CHECK CODE ALL
                11:44:29:64  ENTERING ENVLP1 ITYP1=                          -3
                11:44:29:65  SECT DISPLACE
                11:44:29:67  Steel/Alum/Timber Design                        52
                11:44:29:70    ++ Finished Design ...
                11:44:29:70  Steel/Timber Design exit
                11:44:29:70  PRINT JOINT DISPLACEM
                11:44:29:71  DRAW ISOM JOIN MEMB
                11:44:29:72  ENTERING SECTNM110 IQ=                          13
                11:44:29:72               NSEC=                              11
                11:44:29:73             ISECTN=                               0
                11:44:29:75  SECTNM110 DO 925
                11:44:29:77  PRINT SUPPORT REACTIO
                11:44:29:77  DRAW ISOM SUPP PROP
                11:44:29:78  ENTERING SECTNM110 IQ=                          13
                11:44:29:78               NSEC=                              11
                11:44:29:79             ISECTN=                               0
                11:44:29:81  SECTNM110 DO 925
                11:44:29:84  DRAW ISOM SHAP
                11:44:29:84  ENTERING SECTNM110 IQ=                          13
                11:44:29:84               NSEC=                              11
                11:44:29:85             ISECTN=                               0
                11:44:29:87  SECTNM110 DO 925
                11:44:29:89  PRINT CG
                11:44:29:90  FINISH
                11:44:29:90  All Commands FINISHed
                11:44:29:91  DATASAVE for SPRO GUI
                11:44:29:91  ++ Creating Displacement File (DSP)...
                11:44:29:93  ++ Creating Reaction File (REA)...
                11:44:29:93  ++ Creating Section Force File (BMD)...
                11:44:29:96  ++ Creating Section Displace File (SEC)...
                11:44:29:96  ENTERING ENVLP1 ITYP1=                          -5
                11:44:29:96  SECT DISPLACE
                11:44:30: 0  ++ Creating Section Displace File (SCN)...
                11:44:30: 3  ++ Creating Design information File (DGN)...
                11:44:30: 3  ALLOCATED CM MEMORY (KILOWORDS)             300000
                11:44:30: 3  MAX CM MEMORY (KILOWORDS)                       81
                11:44:30: 4  DBS LONG SEC NAME
* End Of Analysis At Thu Aug  1 11:44:30 2024
* CPU usage = 3.762000
* STAAD Exit Code: 100, Warning Count: 0, Error Count: 0, Duration: 3.762
1 0 0 3.762
****************************************************************************
*                            END OF ANALYSIS                               *
****************************************************************************
