08/09/2024 13:30:22	Reading UID database.
08/09/2024 13:30:22	Start loading STAAD model.
08/09/2024 13:30:22	Reading model file.
08/09/2024 13:30:22	Reading model file is complete.
08/09/2024 13:30:22	Processing support.
08/09/2024 13:30:22	Processing springs.
08/09/2024 13:30:22	Processing properties.
08/09/2024 13:30:22	Processing physical properties.
08/09/2024 13:30:22	Processing constants.
08/09/2024 13:30:22	Processing BETA constants.
08/09/2024 13:30:22	Processing hidden analytical member loads.
08/09/2024 13:30:22	Processing command list for member release.
08/09/2024 13:30:22	Processing command list for member offset.
08/09/2024 13:30:22	Processing command list for member specs (cracked).
08/09/2024 13:30:22	Processing command list for member specs (axial).
08/09/2024 13:30:22	Processing command list for element release.
08/09/2024 13:30:22	Processing command list for element offset.
08/09/2024 13:30:22	Processing command list for element plate stress directive.
08/09/2024 13:30:22	Processing parameter for Chinese wind load case.
08/09/2024 13:30:22	End Processing command list.
08/09/2024 13:30:22	End loading STAAD model.
08/09/2024 13:30:22	Start Post Analysis method
08/09/2024 13:30:22	Removed all hidden plates from surfaces
08/09/2024 13:30:22	Removed all hidden plates
08/09/2024 13:30:22	Removed all hidden nodes
08/09/2024 13:30:22	Loading results from MSH file...
08/09/2024 13:30:22	Building result indices...
08/09/2024 13:30:22	Loading plate stress results...
08/09/2024 13:30:22	Set analysis report setup data
08/09/2024 13:30:22	Starting page setup...
08/09/2024 13:30:22	Page setup completed
08/09/2024 13:30:22	Setting available workflows...
08/09/2024 13:30:22	Post analysis method ends
08/09/2024 13:30:49	Start Post Analysis method
08/09/2024 13:30:49	Removed all hidden plates from surfaces
08/09/2024 13:30:49	Removed all hidden plates
08/09/2024 13:30:49	Removed all hidden nodes
08/09/2024 13:30:49	Loading results from MSH file...
08/09/2024 13:30:49	Building result indices...
08/09/2024 13:30:49	Loading plate stress results...
08/09/2024 13:30:49	Set analysis report setup data
08/09/2024 13:30:49	Starting page setup...
08/09/2024 13:30:49	Page setup completed
08/09/2024 13:30:49	Setting available workflows...
08/09/2024 13:30:49	Post analysis method ends
08/09/2024 13:32:22	Start Post Analysis method
08/09/2024 13:32:22	Removed all hidden plates from surfaces
08/09/2024 13:32:22	Removed all hidden plates
08/09/2024 13:32:22	Removed all hidden nodes
08/09/2024 13:32:22	Loading results from MSH file...
08/09/2024 13:32:22	Building result indices...
08/09/2024 13:32:22	Loading plate stress results...
08/09/2024 13:32:22	Set analysis report setup data
08/09/2024 13:32:22	Starting page setup...
08/09/2024 13:32:22	Page setup completed
08/09/2024 13:32:22	Setting available workflows...
08/09/2024 13:32:22	Post analysis method ends
08/09/2024 14:34:10	Reading UID database.
08/09/2024 14:34:10	Start loading STAAD model.
08/09/2024 14:34:10	Reading model file.
08/09/2024 14:34:10	Reading model file is complete.
08/09/2024 14:34:10	Processing support.
08/09/2024 14:34:10	Processing springs.
08/09/2024 14:34:10	Processing properties.
08/09/2024 14:34:10	Processing physical properties.
08/09/2024 14:34:10	Processing constants.
08/09/2024 14:34:10	Processing BETA constants.
08/09/2024 14:34:10	Processing hidden analytical member loads.
08/09/2024 14:34:10	Processing command list for member release.
08/09/2024 14:34:10	Processing command list for member offset.
08/09/2024 14:34:10	Processing command list for member specs (cracked).
08/09/2024 14:34:10	Processing command list for member specs (axial).
08/09/2024 14:34:10	Processing command list for element release.
08/09/2024 14:34:10	Processing command list for element offset.
08/09/2024 14:34:10	Processing command list for element plate stress directive.
08/09/2024 14:34:10	Processing parameter for Chinese wind load case.
08/09/2024 14:34:10	End Processing command list.
08/09/2024 14:34:10	End loading STAAD model.
08/09/2024 14:34:10	Start Post Analysis method
08/09/2024 14:34:10	Removed all hidden plates from surfaces
08/09/2024 14:34:10	Removed all hidden plates
08/09/2024 14:34:10	Removed all hidden nodes
08/09/2024 14:34:10	Loading results from MSH file...
08/09/2024 14:34:10	Building result indices...
08/09/2024 14:34:10	Loading plate stress results...
08/09/2024 14:34:10	Set analysis report setup data
08/09/2024 14:34:10	Starting page setup...
08/09/2024 14:34:10	Page setup completed
08/09/2024 14:34:10	Setting available workflows...
08/09/2024 14:34:10	Post analysis method ends
08/09/2024 14:34:24	Start Post Analysis method
08/09/2024 14:34:24	Removed all hidden plates from surfaces
08/09/2024 14:34:24	Removed all hidden plates
08/09/2024 14:34:24	Removed all hidden nodes
08/09/2024 14:34:24	Loading results from MSH file...
08/09/2024 14:34:24	Building result indices...
08/09/2024 14:34:24	Loading plate stress results...
08/09/2024 14:34:24	Set analysis report setup data
08/09/2024 14:34:24	Starting page setup...
08/09/2024 14:34:24	Page setup completed
08/09/2024 14:34:24	Setting available workflows...
08/09/2024 14:34:24	Post analysis method ends
