09/17/2024 13:47:02	Reading UID database.
09/17/2024 13:47:02	Start loading STAAD model.
09/17/2024 13:47:02	Reading model file.
09/17/2024 13:47:03	Reading model file is complete.
09/17/2024 13:47:03	Processing support.
09/17/2024 13:47:03	Processing springs.
09/17/2024 13:47:03	Processing properties.
09/17/2024 13:47:03	Processing physical properties.
09/17/2024 13:47:03	Processing constants.
09/17/2024 13:47:03	Processing BETA constants.
09/17/2024 13:47:03	Processing hidden analytical member loads.
09/17/2024 13:47:03	Processing command list for member release.
09/17/2024 13:47:03	Processing command list for member offset.
09/17/2024 13:47:03	Processing command list for member specs (cracked).
09/17/2024 13:47:03	Processing command list for member specs (axial).
09/17/2024 13:47:03	Processing command list for element release.
09/17/2024 13:47:03	Processing command list for element offset.
09/17/2024 13:47:03	Processing command list for element plate stress directive.
09/17/2024 13:47:03	Processing parameter for Chinese wind load case.
09/17/2024 13:47:03	End Processing command list.
09/17/2024 13:47:03	End loading STAAD model.
09/17/2024 13:47:03	Start Post Analysis method
09/17/2024 13:47:03	Removed all hidden plates from surfaces
09/17/2024 13:47:03	Removed all hidden plates
09/17/2024 13:47:03	Removed all hidden nodes
09/17/2024 13:47:03	Loading results from MSH file...
09/17/2024 13:47:03	Building result indices...
09/17/2024 13:47:03	Loading plate stress results...
09/17/2024 13:47:03	Set analysis report setup data
09/17/2024 13:47:03	Starting page setup...
09/17/2024 13:47:03	Page setup completed
09/17/2024 13:47:03	Setting available workflows...
09/17/2024 13:47:03	Post analysis method ends
09/17/2024 13:54:52	Start Post Analysis method
09/17/2024 13:54:52	Removed all hidden plates from surfaces
09/17/2024 13:54:52	Removed all hidden plates
09/17/2024 13:54:52	Removed all hidden nodes
09/17/2024 13:54:52	Loading results from MSH file...
09/17/2024 13:54:52	Building result indices...
09/17/2024 13:54:52	Loading plate stress results...
09/17/2024 13:54:52	Set analysis report setup data
09/17/2024 13:54:52	Starting page setup...
09/17/2024 13:54:52	Page setup completed
09/17/2024 13:54:52	Setting available workflows...
09/17/2024 13:54:52	Post analysis method ends
09/17/2024 14:07:41	Reading UID database.
09/17/2024 14:07:41	Start loading STAAD model.
09/17/2024 14:07:41	Reading model file.
09/17/2024 14:07:42	Reading model file is complete.
09/17/2024 14:07:42	Processing support.
09/17/2024 14:07:42	Processing springs.
09/17/2024 14:07:42	Processing properties.
09/17/2024 14:07:42	Processing physical properties.
09/17/2024 14:07:42	Processing constants.
09/17/2024 14:07:42	Processing BETA constants.
09/17/2024 14:07:42	Processing hidden analytical member loads.
09/17/2024 14:07:42	Processing command list for member release.
09/17/2024 14:07:42	Processing command list for member offset.
09/17/2024 14:07:42	Processing command list for member specs (cracked).
09/17/2024 14:07:42	Processing command list for member specs (axial).
09/17/2024 14:07:42	Processing command list for element release.
09/17/2024 14:07:42	Processing command list for element offset.
09/17/2024 14:07:42	Processing command list for element plate stress directive.
09/17/2024 14:07:42	Processing parameter for Chinese wind load case.
09/17/2024 14:07:42	End Processing command list.
09/17/2024 14:07:42	End loading STAAD model.
09/17/2024 14:07:42	Start Post Analysis method
09/17/2024 14:07:42	Removed all hidden plates from surfaces
09/17/2024 14:07:42	Removed all hidden plates
09/17/2024 14:07:42	Removed all hidden nodes
09/17/2024 14:07:42	Loading results from MSH file...
09/17/2024 14:07:42	Building result indices...
09/17/2024 14:07:42	Loading plate stress results...
09/17/2024 14:07:42	Set analysis report setup data
09/17/2024 14:07:42	Starting page setup...
09/17/2024 14:07:42	Page setup completed
09/17/2024 14:07:42	Setting available workflows...
09/17/2024 14:07:42	Post analysis method ends
09/17/2024 14:08:05	Start Post Analysis method
09/17/2024 14:08:05	Removed all hidden plates from surfaces
09/17/2024 14:08:05	Removed all hidden plates
09/17/2024 14:08:05	Removed all hidden nodes
09/17/2024 14:08:05	Loading results from MSH file...
09/17/2024 14:08:05	Building result indices...
09/17/2024 14:08:05	Loading plate stress results...
09/17/2024 14:08:05	Set analysis report setup data
09/17/2024 14:08:05	Starting page setup...
09/17/2024 14:08:05	Page setup completed
09/17/2024 14:08:05	Setting available workflows...
09/17/2024 14:08:05	Post analysis method ends
