14:07:56	Initializing STAAD Engine
14:07:56	Run stream set up is complete.
14:07:56	Initialize license libraries.
14:07:56	License libraries initialized.
14:07:56	Starting license(s) for A & D engine.
14:07:56	License Status: Ok
14:07:56	License information set up is complete.
****************************************************************************
*                            START OF ANALYSIS                             *
****************************************************************************
* Initiating Analysis At Tue Sep 17 14:07:56 2024
                          PROGRAM: STAAD.Pro
                          VERSION: 23.00.01.25
                14: 7:57: 4  ENTERING STAAD
                14: 7:57: 5  USING 64 BIT STAAD ENGINE
                14: 7:57: 5  ENTERING MAINN
                14: 7:57: 5  START JOB INFORMATION
                14: 7:57: 6  INPUT WIDTH 79
                14: 7:57: 6  UNIT MMS KN
                14: 7:57: 7  JOINT COORDINATES
                14: 7:57: 7  ENTERING JOINTC
                14: 7:57: 7  JOINTC NEWJ                                 400000
                14: 7:57: 8  MAX NODE NO.                                    37
                14: 7:57: 8  MEMBER INCIDENCES
                14: 7:57: 9  UNIT METER KN
                14: 7:57: 9  DEFINE MATERIAL START
                14: 7:57:10  UNIT MMS KN
                14: 7:57:10  MEMBER PROPERTY EUROP
                14: 7:57:22    ++ Finished Reading Member Properties ...
                14: 7:57:22  CONSTANTS
                14: 7:57:23  SUPPORTS
                14: 7:57:24  ENTERING SUPPORT
                14: 7:57:24  UNIT METER KN
                14: 7:57:25  DEFINE WIND LOAD
                14: 7:57:25  LOAD 121 LOADTYPE DEA
                14: 7:57:26  DUPLICATE ELEMENT CHECK
                14: 7:57:26  CHECKING STRUCTURAL INTEGRITY
                14: 7:57:27  CHECK UNCONNECTED JOINTS AND
                14: 7:57:27  CALCULATE MAX JOINT CONNECTIVITY
                14: 7:57:28  CHECK MULTIPLE STRUCTURES
                14: 7:57:28  ENTERING SUPPORT
                14: 7:57:29  NRJOLD                                           0
                14: 7:57:29  SUPPORT NOLD                                     0
                14: 7:57:29  SUPPORT N                                      180
                14: 7:57:30  BEFORE LOADPR
                14: 7:57:30  REOPEN AS DIR                                    0
                14: 7:57:31  ENTER LOADPR
                14: 7:57:47  PERFORM ANALYSIS PRIN
                14: 7:57:47  pdel iter                                        0
                14: 7:57:48  MAXIMUM E =                           2.973273E+04
                14: 7:57:48  MINIMUM E =                           2.973273E+04
                14: 7:57:49  MBW DOF BAND=                                    1
                14: 7:57:49  NUMBER OF PRIMARY CASES                        101
                14: 7:57:50  NUMBER OF CASES                                252
                14: 7:57:50  #OF CASES W/ELEM INMEMORY                      252
                14: 7:57:50  MEMORY FOR MEMBER LOADS                     127008
                14: 7:57:51  MEMORY FOR DISPLACEMENTS                     54432
                14: 7:57:51  MEMORY FOR MEMBER FORCES                    127008
                14: 7:57:52  Using 64-bit analysis engine
                14: 7:57:52  BEFORE SOLVER 1
                14: 7:57:53  Start Input for Next Load Case
                14: 7:57:53  case no=  121 seq. no=   1 idynl= 0
                14: 7:57:54  MASSSET                                          0
                14: 7:57:54  LOADEND ISLAVE                                   0
                14: 7:57:55  Start Input for Next Load Case
                14: 7:57:55  case no=  201 seq. no=   2 idynl= 0
                14: 7:57:55  LOADEND ISLAVE                                   0
                14: 7:57:56  Start Input for Next Load Case
                14: 7:57:56  case no=  202 seq. no=   3 idynl= 0
                14: 7:57:57  LOADEND ISLAVE                                   0
                14: 7:57:57  Start Input for Next Load Case
                14: 7:57:58  case no=  203 seq. no=   4 idynl= 0
                14: 7:57:58  LOADEND ISLAVE                                   0
                14: 7:57:58  Start Input for Next Load Case
                14: 7:57:59  case no=  204 seq. no=   5 idynl= 0
                14: 7:57:59  LOADEND ISLAVE                                   0
                14: 7:57:60  Start Input for Next Load Case
                14: 7:57:60  case no=  205 seq. no=   6 idynl= 0
                14: 7:57:61  LOADEND ISLAVE                                   0
                14: 7:57:61  Start Input for Next Load Case
                14: 7:57:61  case no=  206 seq. no=   7 idynl= 0
                14: 7:57:62  LOADEND ISLAVE                                   0
                14: 7:57:62  Start Input for Next Load Case
                14: 7:57:63  case no=  207 seq. no=   8 idynl= 0
                14: 7:57:63  LOADEND ISLAVE                                   0
                14: 7:57:64  Start Input for Next Load Case
                14: 7:57:64  case no=  208 seq. no=   9 idynl= 0
                14: 7:57:64  LOADEND ISLAVE                                   0
                14: 7:57:65  Start Input for Next Load Case
                14: 7:57:65  case no=  312 seq. no=  10 idynl= 0
                14: 7:57:66  LOADEND ISLAVE                                   0
                14: 7:57:66  Start Input for Next Load Case
                14: 7:57:67  case no=  313 seq. no=  11 idynl= 0
                14: 7:57:67  LOADEND ISLAVE                                   0
                14: 7:57:68  Start Input for Next Load Case
                14: 7:57:68  case no=  314 seq. no=  12 idynl= 0
                14: 7:57:68  LOADEND ISLAVE                                   0
                14: 7:57:69  Start Input for Next Load Case
                14: 7:57:69  case no=  315 seq. no=  13 idynl= 0
                14: 7:57:70  LOADEND ISLAVE                                   0
                14: 7:57:70  Start Input for Next Load Case
                14: 7:57:71  case no=  322 seq. no=  14 idynl= 0
                14: 7:57:71  LOADEND ISLAVE                                   0
                14: 7:57:71  Start Input for Next Load Case
                14: 7:57:72  case no=  323 seq. no=  15 idynl= 0
                14: 7:57:72  LOADEND ISLAVE                                   0
                14: 7:57:73  Start Input for Next Load Case
                14: 7:57:73  case no=  324 seq. no=  16 idynl= 0
                14: 7:57:74  LOADEND ISLAVE                                   0
                14: 7:57:74  Start Input for Next Load Case
                14: 7:57:75  case no=  325 seq. no=  17 idynl= 0
                14: 7:57:75  LOADEND ISLAVE                                   0
                14: 7:57:75  Start Input for Next Load Case
                14: 7:57:76  case no=  332 seq. no=  18 idynl= 0
                14: 7:57:76  LOADEND ISLAVE                                   0
                14: 7:57:77  Start Input for Next Load Case
                14: 7:57:77  case no=  333 seq. no=  19 idynl= 0
                14: 7:57:78  LOADEND ISLAVE                                   0
                14: 7:57:78  Start Input for Next Load Case
                14: 7:57:79  case no=  334 seq. no=  20 idynl= 0
                14: 7:57:79  LOADEND ISLAVE                                   0
                14: 7:57:79  Start Input for Next Load Case
                14: 7:57:80  case no=  335 seq. no=  21 idynl= 0
                14: 7:57:80  LOADEND ISLAVE                                   0
                14: 7:57:81  Start Input for Next Load Case
                14: 7:57:81  case no=  411 seq. no=  22 idynl= 0
                14: 7:57:82  LOADEND ISLAVE                                   0
                14: 7:57:82  Start Input for Next Load Case
                14: 7:57:82  case no=  412 seq. no=  23 idynl= 0
                14: 7:57:83  LOADEND ISLAVE                                   0
                14: 7:57:83  Start Input for Next Load Case
                14: 7:57:84  case no=  413 seq. no=  24 idynl= 0
                14: 7:57:84  LOADEND ISLAVE                                   0
                14: 7:57:85  Start Input for Next Load Case
                14: 7:57:85  case no=  414 seq. no=  25 idynl= 0
                14: 7:57:85  LOADEND ISLAVE                                   0
                14: 7:57:86  Start Input for Next Load Case
                14: 7:57:86  case no=  415 seq. no=  26 idynl= 0
                14: 7:57:87  LOADEND ISLAVE                                   0
                14: 7:57:87  Start Input for Next Load Case
                14: 7:57:88  case no=  416 seq. no=  27 idynl= 0
                14: 7:57:88  LOADEND ISLAVE                                   0
                14: 7:57:88  Start Input for Next Load Case
                14: 7:57:89  case no=  417 seq. no=  28 idynl= 0
                14: 7:57:89  LOADEND ISLAVE                                   0
                14: 7:57:90  Start Input for Next Load Case
                14: 7:57:90  case no=  418 seq. no=  29 idynl= 0
                14: 7:57:91  LOADEND ISLAVE                                   0
                14: 7:57:91  Start Input for Next Load Case
                14: 7:57:92  case no=  421 seq. no=  30 idynl= 0
                14: 7:57:92  LOADEND ISLAVE                                   0
                14: 7:57:93  Start Input for Next Load Case
                14: 7:57:93  case no=  422 seq. no=  31 idynl= 0
                14: 7:57:93  LOADEND ISLAVE                                   0
                14: 7:57:94  Start Input for Next Load Case
                14: 7:57:94  case no=  423 seq. no=  32 idynl= 0
                14: 7:57:95  LOADEND ISLAVE                                   0
                14: 7:57:95  Start Input for Next Load Case
                14: 7:57:96  case no=  424 seq. no=  33 idynl= 0
                14: 7:57:96  LOADEND ISLAVE                                   0
                14: 7:57:97  Start Input for Next Load Case
                14: 7:57:97  case no=  425 seq. no=  34 idynl= 0
                14: 7:57:97  LOADEND ISLAVE                                   0
                14: 7:57:98  Start Input for Next Load Case
                14: 7:57:98  case no=  426 seq. no=  35 idynl= 0
                14: 7:57:99  LOADEND ISLAVE                                   0
                14: 7:57:99  Start Input for Next Load Case
                14: 7:58: 0  case no=  427 seq. no=  36 idynl= 0
                14: 7:58: 0  LOADEND ISLAVE                                   0
                14: 7:58: 1  Start Input for Next Load Case
                14: 7:58: 1  case no=  428 seq. no=  37 idynl= 0
                14: 7:58: 2  LOADEND ISLAVE                                   0
                14: 7:58: 2  Start Input for Next Load Case
                14: 7:58: 3  case no=  711 seq. no=  38 idynl= 0
                14: 7:58: 3  LOADEND ISLAVE                                   0
                14: 7:58: 3  Start Input for Next Load Case
                14: 7:58: 4  case no=  712 seq. no=  39 idynl= 0
                14: 7:58: 4  LOADEND ISLAVE                                   0
                14: 7:58: 5  Start Input for Next Load Case
                14: 7:58: 5  case no=  713 seq. no=  40 idynl= 0
                14: 7:58: 6  LOADEND ISLAVE                                   0
                14: 7:58: 6  Start Input for Next Load Case
                14: 7:58: 7  case no=  714 seq. no=  41 idynl= 0
                14: 7:58: 7  LOADEND ISLAVE                                   0
                14: 7:58: 8  Start Input for Next Load Case
                14: 7:58: 8  case no=  715 seq. no=  42 idynl= 0
                14: 7:58: 8  LOADEND ISLAVE                                   0
                14: 7:58: 9  Start Input for Next Load Case
                14: 7:58: 9  case no=  716 seq. no=  43 idynl= 0
                14: 7:58:10  LOADEND ISLAVE                                   0
                14: 7:58:10  Start Input for Next Load Case
                14: 7:58:11  case no=  717 seq. no=  44 idynl= 0
                14: 7:58:11  LOADEND ISLAVE                                   0
                14: 7:58:12  Start Input for Next Load Case
                14: 7:58:12  case no=  718 seq. no=  45 idynl= 0
                14: 7:58:12  LOADEND ISLAVE                                   0
                14: 7:58:13  Start Input for Next Load Case
                14: 7:58:13  case no= 1101 seq. no=  46 idynl= 0
                14: 7:58:14  LOADEND ISLAVE                                   0
                14: 7:58:14  Start Input for Next Load Case
                14: 7:58:15  case no= 1102 seq. no=  47 idynl= 0
                14: 7:58:15  LOADEND ISLAVE                                   0
                14: 7:58:16  Start Input for Next Load Case
                14: 7:58:16  case no= 1103 seq. no=  48 idynl= 0
                14: 7:58:17  LOADEND ISLAVE                                   0
                14: 7:58:17  Start Input for Next Load Case
                14: 7:58:17  case no= 1104 seq. no=  49 idynl= 0
                14: 7:58:18  LOADEND ISLAVE                                   0
                14: 7:58:18  Start Input for Next Load Case
                14: 7:58:19  case no= 1105 seq. no=  50 idynl= 0
                14: 7:58:19  LOADEND ISLAVE                                   0
                14: 7:58:20  Start Input for Next Load Case
                14: 7:58:20  case no= 1106 seq. no=  51 idynl= 0
                14: 7:58:21  LOADEND ISLAVE                                   0
                14: 7:58:21  Start Input for Next Load Case
                14: 7:58:22  case no= 1107 seq. no=  52 idynl= 0
                14: 7:58:22  LOADEND ISLAVE                                   0
                14: 7:58:22  Start Input for Next Load Case
                14: 7:58:23  case no= 1108 seq. no=  53 idynl= 0
                14: 7:58:23  LOADEND ISLAVE                                   0
                14: 7:58:24  Start Input for Next Load Case
                14: 7:58:24  case no= 1201 seq. no=  54 idynl= 0
                14: 7:58:25  LOADEND ISLAVE                                   0
                14: 7:58:25  Start Input for Next Load Case
                14: 7:58:26  case no= 1202 seq. no=  55 idynl= 0
                14: 7:58:26  LOADEND ISLAVE                                   0
                14: 7:58:26  Start Input for Next Load Case
                14: 7:58:27  case no= 1203 seq. no=  56 idynl= 0
                14: 7:58:28  LOADEND ISLAVE                                   0
                14: 7:58:28  Start Input for Next Load Case
                14: 7:58:29  case no= 1204 seq. no=  57 idynl= 0
                14: 7:58:29  LOADEND ISLAVE                                   0
                14: 7:58:30  Start Input for Next Load Case
                14: 7:58:30  case no= 1205 seq. no=  58 idynl= 0
                14: 7:58:30  LOADEND ISLAVE                                   0
                14: 7:58:31  Start Input for Next Load Case
                14: 7:58:31  case no= 1206 seq. no=  59 idynl= 0
                14: 7:58:32  LOADEND ISLAVE                                   0
                14: 7:58:32  Start Input for Next Load Case
                14: 7:58:33  case no= 1207 seq. no=  60 idynl= 0
                14: 7:58:33  LOADEND ISLAVE                                   0
                14: 7:58:34  Start Input for Next Load Case
                14: 7:58:34  case no= 1208 seq. no=  61 idynl= 0
                14: 7:58:35  LOADEND ISLAVE                                   0
                14: 7:58:35  Start Input for Next Load Case
                14: 7:58:36  case no= 2101 seq. no=  62 idynl= 0
                14: 7:58:36  LOADEND ISLAVE                                   0
                14: 7:58:36  Start Input for Next Load Case
                14: 7:58:37  case no= 2102 seq. no=  63 idynl= 0
                14: 7:58:37  LOADEND ISLAVE                                   0
                14: 7:58:38  Start Input for Next Load Case
                14: 7:58:38  case no= 2103 seq. no=  64 idynl= 0
                14: 7:58:39  LOADEND ISLAVE                                   0
                14: 7:58:40  Start Input for Next Load Case
                14: 7:58:40  case no= 2104 seq. no=  65 idynl= 0
                14: 7:58:41  LOADEND ISLAVE                                   0
                14: 7:58:41  Start Input for Next Load Case
                14: 7:58:42  case no= 2105 seq. no=  66 idynl= 0
                14: 7:58:42  LOADEND ISLAVE                                   0
                14: 7:58:42  Start Input for Next Load Case
                14: 7:58:43  case no= 2106 seq. no=  67 idynl= 0
                14: 7:58:44  LOADEND ISLAVE                                   0
                14: 7:58:44  Start Input for Next Load Case
                14: 7:58:45  case no= 2107 seq. no=  68 idynl= 0
                14: 7:58:45  LOADEND ISLAVE                                   0
                14: 7:58:45  Start Input for Next Load Case
                14: 7:58:46  case no= 2108 seq. no=  69 idynl= 0
                14: 7:58:46  LOADEND ISLAVE                                   0
                14: 7:58:47  Start Input for Next Load Case
                14: 7:58:47  case no= 3001 seq. no=  70 idynl= 0
                14: 7:58:48  LOADEND ISLAVE                                   0
                14: 7:58:48  Start Input for Next Load Case
                14: 7:58:48  case no= 3002 seq. no=  71 idynl= 0
                14: 7:58:49  LOADEND ISLAVE                                   0
                14: 7:58:49  Start Input for Next Load Case
                14: 7:58:50  case no= 3003 seq. no=  72 idynl= 0
                14: 7:58:51  LOADEND ISLAVE                                   0
                14: 7:58:51  Start Input for Next Load Case
                14: 7:58:52  case no= 3004 seq. no=  73 idynl= 0
                14: 7:58:52  LOADEND ISLAVE                                   0
                14: 7:58:53  Start Input for Next Load Case
                14: 7:58:53  case no= 3005 seq. no=  74 idynl= 0
                14: 7:58:54  LOADEND ISLAVE                                   0
                14: 7:58:54  Start Input for Next Load Case
                14: 7:58:55  case no= 3006 seq. no=  75 idynl= 0
                14: 7:58:55  LOADEND ISLAVE                                   0
                14: 7:58:55  Start Input for Next Load Case
                14: 7:58:56  case no= 3007 seq. no=  76 idynl= 0
                14: 7:58:56  LOADEND ISLAVE                                   0
                14: 7:58:57  Start Input for Next Load Case
                14: 7:58:57  case no= 3008 seq. no=  77 idynl= 0
                14: 7:58:58  LOADEND ISLAVE                                   0
                14: 7:58:58  Start Input for Next Load Case
                14: 7:58:59  case no= 3011 seq. no=  78 idynl= 0
                14: 7:58:59  LOADEND ISLAVE                                   0
                14: 7:58:60  Start Input for Next Load Case
                14: 7:58:60  case no= 3012 seq. no=  79 idynl= 0
                14: 7:58:60  LOADEND ISLAVE                                   0
                14: 7:58:61  Start Input for Next Load Case
                14: 7:58:61  case no= 3013 seq. no=  80 idynl= 0
                14: 7:58:62  LOADEND ISLAVE                                   0
                14: 7:58:62  Start Input for Next Load Case
                14: 7:58:63  case no= 3014 seq. no=  81 idynl= 0
                14: 7:58:63  LOADEND ISLAVE                                   0
                14: 7:58:64  Start Input for Next Load Case
                14: 7:58:64  case no= 3015 seq. no=  82 idynl= 0
                14: 7:58:64  LOADEND ISLAVE                                   0
                14: 7:58:65  Start Input for Next Load Case
                14: 7:58:65  case no= 3016 seq. no=  83 idynl= 0
                14: 7:58:66  LOADEND ISLAVE                                   0
                14: 7:58:66  Start Input for Next Load Case
                14: 7:58:67  case no= 3017 seq. no=  84 idynl= 0
                14: 7:58:67  LOADEND ISLAVE                                   0
                14: 7:58:67  Start Input for Next Load Case
                14: 7:58:68  case no= 3018 seq. no=  85 idynl= 0
                14: 7:58:68  LOADEND ISLAVE                                   0
                14: 7:58:69  Start Input for Next Load Case
                14: 7:58:69  case no= 3021 seq. no=  86 idynl= 0
                14: 7:58:70  LOADEND ISLAVE                                   0
                14: 7:58:70  Start Input for Next Load Case
                14: 7:58:71  case no= 3022 seq. no=  87 idynl= 0
                14: 7:58:71  LOADEND ISLAVE                                   0
                14: 7:58:71  Start Input for Next Load Case
                14: 7:58:72  case no= 3023 seq. no=  88 idynl= 0
                14: 7:58:72  LOADEND ISLAVE                                   0
                14: 7:58:73  Start Input for Next Load Case
                14: 7:58:73  case no= 3024 seq. no=  89 idynl= 0
                14: 7:58:74  LOADEND ISLAVE                                   0
                14: 7:58:74  Start Input for Next Load Case
                14: 7:58:74  case no= 3025 seq. no=  90 idynl= 0
                14: 7:58:75  LOADEND ISLAVE                                   0
                14: 7:58:75  Start Input for Next Load Case
                14: 7:58:76  case no= 3026 seq. no=  91 idynl= 0
                14: 7:58:76  LOADEND ISLAVE                                   0
                14: 7:58:77  Start Input for Next Load Case
                14: 7:58:77  case no= 3027 seq. no=  92 idynl= 0
                14: 7:58:77  LOADEND ISLAVE                                   0
                14: 7:58:78  Start Input for Next Load Case
                14: 7:58:78  case no= 3028 seq. no=  93 idynl= 0
                14: 7:58:79  LOADEND ISLAVE                                   0
                14: 7:58:79  Start Input for Next Load Case
                14: 7:58:79  case no= 3201 seq. no=  94 idynl= 0
                14: 7:58:80  LOADEND ISLAVE                                   0
                14: 7:58:80  Start Input for Next Load Case
                14: 7:58:81  case no= 3202 seq. no=  95 idynl= 0
                14: 7:58:81  LOADEND ISLAVE                                   0
                14: 7:58:82  Start Input for Next Load Case
                14: 7:58:82  case no= 3203 seq. no=  96 idynl= 0
                14: 7:58:82  LOADEND ISLAVE                                   0
                14: 7:58:83  Start Input for Next Load Case
                14: 7:58:83  case no= 3204 seq. no=  97 idynl= 0
                14: 7:58:84  LOADEND ISLAVE                                   0
                14: 7:58:84  Start Input for Next Load Case
                14: 7:58:85  case no= 3205 seq. no=  98 idynl= 0
                14: 7:58:85  LOADEND ISLAVE                                   0
                14: 7:58:86  Start Input for Next Load Case
                14: 7:58:86  case no= 3206 seq. no=  99 idynl= 0
                14: 7:58:86  LOADEND ISLAVE                                   0
                14: 7:58:87  Start Input for Next Load Case
                14: 7:58:87  case no= 3207 seq. no= 100 idynl= 0
                14: 7:58:88  LOADEND ISLAVE                                   0
                14: 7:58:88  Start Input for Next Load Case
                14: 7:58:89  case no= 3208 seq. no= 101 idynl= 0
                14: 7:58:89  LOADEND ISLAVE                                   0
                14: 7:58:89  NVPREV                                           0
                14: 7:58:90  AMAXNON                               8.320210E-01
                14: 7:58:90  IRECSIZL=                                     4000
                14: 7:58:91  MTX BLOCKSIZE=                                 180
                14: 7:58:91  MI=                                            180
                14: 7:58:92  NORECL=                                          1
                14: 7:58:92  NORECL1=                                         1
                14: 7:58:93  IWORD=                                       32000
                14: 7:58:93  JRECSIZE=                                     4000
                14: 7:58:93  IWORDJ=                                      32000
                14: 7:58:94  IBYTE=                                           4
                14: 7:58:94  JOINTS=                                         36
                14: 7:58:95  MEMBERS=                                        42
                14: 7:58:95  PLATES =                                         0
                14: 7:58:96  SOLIDS =                                         0
                14: 7:58:96  NO. OF EQUATIONS=                              180
                14: 7:58:96  idyn=                                            0
                14: 7:58:97  ipd=                                             0
                14: 7:58:97  icablanl=                                        0
                14: 7:58:98  ++ Processing Element Stiffness Matrix.
                14: 7:58:98  NV1                                            101
                14: 7:59:10  ++ Calculating Element Forces & Reactions.
                14: 7:59:54  COMBINATION CASES=                               0
                14: 7:59:54  MAX CM MEMORY (KILOWORDS)                       50
                14: 7:59:54  AFTER SOLVER 1
                14: 7:59:55  REOPEN AS SEQ                                    0
                14: 7:59:55  DEFINE ENVELOPE
                14: 7:59:57  LOAD LIST 1101 TO 110
                14: 7:59:57  PARAMETER 1
                14: 7:59:58  CHECK CODE ALL
                14: 7:59:58  ENTERING SECTNM110 IQ=                          42
                14: 7:59:59               NSEC=                              11
                14: 7:59:59             ISECTN=                               0
                14: 7:59:62  SECTNM110 DO 925
                14: 7:59:66  ENTERING ENVLP1 ITYP1=                          -3
                14: 7:59:66  SECT DISPLACE
                14: 7:59:69  Steel/Alum/Timber Design                        52
                14: 7:59:74    ++ Finished Design ...
                14: 7:59:74  Steel/Timber Design exit
                14: 7:59:74  LOAD LIST 2101 TO 210
                14: 7:59:75  PARAMETER 1
                14: 7:59:76  CHECK CODE ALL
                14: 7:59:76  ENTERING ENVLP1 ITYP1=                          -3
                14: 7:59:77  SECT DISPLACE
                14: 7:59:80  Steel/Alum/Timber Design                        52
                14: 7:59:83    ++ Finished Design ...
                14: 7:59:83  Steel/Timber Design exit
                14: 7:59:84  LOAD LIST ENV 4 TO 7
                14: 7:59:84  PARAMETER 1
                14: 7:59:86  CHECK CODE ALL
                14: 7:59:86  ENTERING ENVLP1 ITYP1=                          -3
                14: 7:59:86  SECT DISPLACE
                14: 7:59:90  Steel/Alum/Timber Design                        52
                14: 7:59:97    ++ Finished Design ...
                14: 7:59:97  Steel/Timber Design exit
                14: 7:59:97  PRINT JOINT DISPLACEM
                14: 7:59:98  PRINT SUPPORT REACTIO
                14: 7:59:99  FINISH
                14: 7:59:99  All Commands FINISHed
                14: 7:59:99  DATASAVE for SPRO GUI
                14: 8: 0: 0  ++ Creating Displacement File (DSP)...
                14: 8: 0: 3  ++ Creating Reaction File (REA)...
                14: 8: 0: 3  ++ Creating Section Force File (BMD)...
                14: 8: 0: 8  ++ Creating Section Displace File (SEC)...
                14: 8: 0: 8  ENTERING ENVLP1 ITYP1=                          -5
                14: 8: 0: 9  SECT DISPLACE
                14: 8: 0:14  ++ Creating Section Displace File (SCN)...
                14: 8: 0:19  ++ Creating Design information File (DGN)...
                14: 8: 0:19  ALLOCATED CM MEMORY (KILOWORDS)             300000
                14: 8: 0:20  MAX CM MEMORY (KILOWORDS)                      187
                14: 8: 0:20  DBS LONG SEC NAME
* End Of Analysis At Tue Sep 17 14:08:00 2024
* CPU usage = 3.225000
* STAAD Exit Code: 100, Warning Count: 0, Error Count: 0, Duration: 3.225
1 0 0 3.225
****************************************************************************
*                            END OF ANALYSIS                               *
****************************************************************************
