08/09/2024 13:15:51	Reading UID database.
08/09/2024 13:15:51	Start loading STAAD model.
08/09/2024 13:15:51	Reading model file.
08/09/2024 13:15:52	Reading model file is complete.
08/09/2024 13:15:52	Processing support.
08/09/2024 13:15:52	Processing springs.
08/09/2024 13:15:52	Processing properties.
08/09/2024 13:15:52	Processing physical properties.
08/09/2024 13:15:52	Processing constants.
08/09/2024 13:15:52	Processing BETA constants.
08/09/2024 13:15:52	Processing hidden analytical member loads.
08/09/2024 13:15:52	Processing command list for member release.
08/09/2024 13:15:52	Processing command list for member offset.
08/09/2024 13:15:52	Processing command list for member specs (cracked).
08/09/2024 13:15:52	Processing command list for member specs (axial).
08/09/2024 13:15:52	Processing command list for element release.
08/09/2024 13:15:52	Processing command list for element offset.
08/09/2024 13:15:52	Processing command list for element plate stress directive.
08/09/2024 13:15:52	Processing parameter for Chinese wind load case.
08/09/2024 13:15:52	End Processing command list.
08/09/2024 13:15:52	End loading STAAD model.
08/09/2024 13:15:52	Start Post Analysis method
08/09/2024 13:15:52	Removed all hidden plates from surfaces
08/09/2024 13:15:52	Removed all hidden plates
08/09/2024 13:15:52	Removed all hidden nodes
08/09/2024 13:15:52	Loading results from MSH file...
08/09/2024 13:15:52	Building result indices...
08/09/2024 13:15:52	Loading plate stress results...
08/09/2024 13:15:52	Set analysis report setup data
08/09/2024 13:15:52	Starting page setup...
08/09/2024 13:15:52	Page setup completed
08/09/2024 13:15:52	Setting available workflows...
08/09/2024 13:15:52	Post analysis method ends
08/09/2024 13:16:41	Start Post Analysis method
08/09/2024 13:16:41	Removed all hidden plates from surfaces
08/09/2024 13:16:41	Removed all hidden plates
08/09/2024 13:16:41	Removed all hidden nodes
08/09/2024 13:16:41	Loading results from MSH file...
08/09/2024 13:16:41	Building result indices...
08/09/2024 13:16:41	Loading plate stress results...
08/09/2024 13:16:41	Set analysis report setup data
08/09/2024 13:16:41	Starting page setup...
08/09/2024 13:16:41	Page setup completed
08/09/2024 13:16:41	Setting available workflows...
08/09/2024 13:16:41	Post analysis method ends
08/09/2024 13:18:08	Reading UID database.
08/09/2024 13:18:08	Start loading STAAD model.
08/09/2024 13:18:08	Reading model file.
08/09/2024 13:18:08	Reading model file is complete.
08/09/2024 13:18:08	Processing support.
08/09/2024 13:18:08	Processing springs.
08/09/2024 13:18:08	Processing properties.
08/09/2024 13:18:08	Processing physical properties.
08/09/2024 13:18:08	Processing constants.
08/09/2024 13:18:08	Processing BETA constants.
08/09/2024 13:18:08	Processing hidden analytical member loads.
08/09/2024 13:18:08	Processing command list for member release.
08/09/2024 13:18:08	Processing command list for member offset.
08/09/2024 13:18:08	Processing command list for member specs (cracked).
08/09/2024 13:18:08	Processing command list for member specs (axial).
08/09/2024 13:18:08	Processing command list for element release.
08/09/2024 13:18:08	Processing command list for element offset.
08/09/2024 13:18:08	Processing command list for element plate stress directive.
08/09/2024 13:18:08	Processing parameter for Chinese wind load case.
08/09/2024 13:18:08	End Processing command list.
08/09/2024 13:18:08	End loading STAAD model.
08/09/2024 13:18:08	Start Post Analysis method
08/09/2024 13:18:08	Removed all hidden plates from surfaces
08/09/2024 13:18:08	Removed all hidden plates
08/09/2024 13:18:08	Removed all hidden nodes
08/09/2024 13:18:08	Loading results from MSH file...
08/09/2024 13:18:08	Building result indices...
08/09/2024 13:18:08	Loading plate stress results...
08/09/2024 13:18:08	Set analysis report setup data
08/09/2024 13:18:08	Starting page setup...
08/09/2024 13:18:08	Page setup completed
08/09/2024 13:18:08	Setting available workflows...
08/09/2024 13:18:08	Post analysis method ends
08/09/2024 13:18:51	Start Post Analysis method
08/09/2024 13:18:51	Removed all hidden plates from surfaces
08/09/2024 13:18:51	Removed all hidden plates
08/09/2024 13:18:51	Removed all hidden nodes
08/09/2024 13:18:51	Loading results from MSH file...
08/09/2024 13:18:51	Building result indices...
08/09/2024 13:18:51	Loading plate stress results...
08/09/2024 13:18:51	Set analysis report setup data
08/09/2024 13:18:51	Starting page setup...
08/09/2024 13:18:51	Page setup completed
08/09/2024 13:18:51	Setting available workflows...
08/09/2024 13:18:51	Post analysis method ends
08/09/2024 13:21:03	Start Post Analysis method
08/09/2024 13:21:03	Removed all hidden plates from surfaces
08/09/2024 13:21:03	Removed all hidden plates
08/09/2024 13:21:03	Removed all hidden nodes
08/09/2024 13:21:03	Loading results from MSH file...
08/09/2024 13:21:03	Building result indices...
08/09/2024 13:21:03	Loading plate stress results...
08/09/2024 13:21:03	Set analysis report setup data
08/09/2024 13:21:03	Starting page setup...
08/09/2024 13:21:03	Page setup completed
08/09/2024 13:21:03	Setting available workflows...
08/09/2024 13:21:03	Post analysis method ends
08/09/2024 13:24:35	Start Post Analysis method
08/09/2024 13:24:35	Removed all hidden plates from surfaces
08/09/2024 13:24:35	Removed all hidden plates
08/09/2024 13:24:35	Removed all hidden nodes
08/09/2024 13:24:35	Loading results from MSH file...
08/09/2024 13:24:35	Building result indices...
08/09/2024 13:24:35	Loading plate stress results...
08/09/2024 13:24:35	Set analysis report setup data
08/09/2024 13:24:35	Starting page setup...
08/09/2024 13:24:35	Page setup completed
08/09/2024 13:24:35	Setting available workflows...
08/09/2024 13:24:35	Post analysis method ends
08/09/2024 13:26:15	Start Post Analysis method
08/09/2024 13:26:15	Removed all hidden plates from surfaces
08/09/2024 13:26:15	Removed all hidden plates
08/09/2024 13:26:15	Removed all hidden nodes
08/09/2024 13:26:15	Loading results from MSH file...
08/09/2024 13:26:15	Building result indices...
08/09/2024 13:26:15	Loading plate stress results...
08/09/2024 13:26:15	Set analysis report setup data
08/09/2024 13:26:15	Starting page setup...
08/09/2024 13:26:15	Page setup completed
08/09/2024 13:26:15	Setting available workflows...
08/09/2024 13:26:15	Post analysis method ends
08/09/2024 13:29:17	Start Post Analysis method
08/09/2024 13:29:17	Removed all hidden plates from surfaces
08/09/2024 13:29:17	Removed all hidden plates
08/09/2024 13:29:17	Removed all hidden nodes
08/09/2024 13:29:17	Loading results from MSH file...
08/09/2024 13:29:17	Building result indices...
08/09/2024 13:29:17	Loading plate stress results...
08/09/2024 13:29:17	Set analysis report setup data
08/09/2024 13:29:17	Starting page setup...
08/09/2024 13:29:17	Page setup completed
08/09/2024 13:29:17	Setting available workflows...
08/09/2024 13:29:17	Post analysis method ends
