07/16/2024 15:46:23	Reading UID database.
07/16/2024 15:46:23	Start loading STAAD model.
07/16/2024 15:46:23	Reading model file.
07/16/2024 15:46:23	Reading model file is complete.
07/16/2024 15:46:23	Processing support.
07/16/2024 15:46:23	Processing springs.
07/16/2024 15:46:23	Processing properties.
07/16/2024 15:46:23	Processing physical properties.
07/16/2024 15:46:23	Processing constants.
07/16/2024 15:46:23	Processing BETA constants.
07/16/2024 15:46:23	Processing hidden analytical member loads.
07/16/2024 15:46:23	Processing command list for member release.
07/16/2024 15:46:23	Processing command list for member offset.
07/16/2024 15:46:23	Processing command list for member specs (cracked).
07/16/2024 15:46:23	Processing command list for member specs (axial).
07/16/2024 15:46:23	Processing command list for element release.
07/16/2024 15:46:23	Processing command list for element offset.
07/16/2024 15:46:23	Processing command list for element plate stress directive.
07/16/2024 15:46:23	Processing parameter for Chinese wind load case.
07/16/2024 15:46:23	End Processing command list.
07/16/2024 15:46:23	End loading STAAD model.
07/16/2024 15:46:23	Start Post Analysis method
07/16/2024 15:46:23	Removed all hidden plates from surfaces
07/16/2024 15:46:23	Removed all hidden plates
07/16/2024 15:46:24	Removed all hidden nodes
07/16/2024 15:46:24	Loading results from MSH file...
07/16/2024 15:46:24	Building result indices...
07/16/2024 15:46:24	Loading plate stress results...
07/16/2024 15:46:24	Set analysis report setup data
07/16/2024 15:46:24	Starting page setup...
07/16/2024 15:46:24	Page setup completed
07/16/2024 15:46:24	Setting available workflows...
07/16/2024 15:46:24	Post analysis method ends
07/16/2024 15:54:30	Reading UID database.
07/16/2024 15:54:30	Start loading STAAD model.
07/16/2024 15:54:30	Reading model file.
07/16/2024 15:54:30	Reading model file is complete.
07/16/2024 15:54:30	Processing support.
07/16/2024 15:54:30	Processing springs.
07/16/2024 15:54:30	Processing properties.
07/16/2024 15:54:30	Processing physical properties.
07/16/2024 15:54:30	Processing constants.
07/16/2024 15:54:30	Processing BETA constants.
07/16/2024 15:54:30	Processing hidden analytical member loads.
07/16/2024 15:54:30	Processing command list for member release.
07/16/2024 15:54:30	Processing command list for member offset.
07/16/2024 15:54:30	Processing command list for member specs (cracked).
07/16/2024 15:54:30	Processing command list for member specs (axial).
07/16/2024 15:54:30	Processing command list for element release.
07/16/2024 15:54:30	Processing command list for element offset.
07/16/2024 15:54:30	Processing command list for element plate stress directive.
07/16/2024 15:54:30	Processing parameter for Chinese wind load case.
07/16/2024 15:54:30	End Processing command list.
07/16/2024 15:54:30	End loading STAAD model.
07/16/2024 15:54:30	Start Post Analysis method
07/16/2024 15:54:30	Removed all hidden plates from surfaces
07/16/2024 15:54:30	Removed all hidden plates
07/16/2024 15:54:30	Removed all hidden nodes
07/16/2024 15:54:30	Loading results from MSH file...
07/16/2024 15:54:30	Building result indices...
07/16/2024 15:54:30	Loading plate stress results...
07/16/2024 15:54:30	Set analysis report setup data
07/16/2024 15:54:30	Starting page setup...
07/16/2024 15:54:30	Page setup completed
07/16/2024 15:54:30	Setting available workflows...
07/16/2024 15:54:30	Post analysis method ends
07/16/2024 15:54:41	Start Post Analysis method
07/16/2024 15:54:41	Removed all hidden plates from surfaces
07/16/2024 15:54:41	Removed all hidden plates
07/16/2024 15:54:41	Removed all hidden nodes
07/16/2024 15:54:41	Loading results from MSH file...
07/16/2024 15:54:41	Building result indices...
07/16/2024 15:54:41	Loading plate stress results...
07/16/2024 15:54:41	Set analysis report setup data
07/16/2024 15:54:41	Starting page setup...
07/16/2024 15:54:41	Page setup completed
07/16/2024 15:54:41	Setting available workflows...
07/16/2024 15:54:41	Post analysis method ends
