11:06:33	Initializing STAAD Engine
11:06:33	Run stream set up is complete.
11:06:33	Initialize license libraries.
11:06:34	License libraries initialized.
11:06:34	Starting license(s) for A & D engine.
11:06:35	License Status: Ok
11:06:35	License information set up is complete.
****************************************************************************
*                            START OF ANALYSIS                             *
****************************************************************************
* Initiating Analysis At Mon Jan 13 11:06:35 2025
                          PROGRAM: STAAD.Pro
                          VERSION: 23.00.03.25
                11: 6:35: 7  ENTERING STAAD
                11: 6:35: 9  USING 64 BIT STAAD ENGINE
                11: 6:35: 9  ENTERING MAINN
                11: 6:35:10  START JOB INFORMATION
                11: 6:35:10  INPUT WIDTH 79
                11: 6:35:10  UNIT MMS KN
                11: 6:35:10  JOINT COORDINATES
                11: 6:35:12  ENTERING JOINTC
                11: 6:35:12  JOINTC NEWJ                                 400000
                11: 6:35:13  MAX NODE NO.                                    13
                11: 6:35:13  MEMBER INCIDENCES
                11: 6:35:13  UNIT METER KN
                11: 6:35:14  DEFINE MATERIAL START
                11: 6:35:14  UNIT MMS KN
                11: 6:35:14  MEMBER PROPERTY EUROP
                11: 6:35:28    ++ Finished Reading Member Properties ...
                11: 6:35:28  CONSTANTS
                11: 6:35:28  SUPPORTS
                11: 6:35:29  ENTERING SUPPORT
                11: 6:35:30  MEMBER OFFSET
                11: 6:35:30  DEFINE WIND LOAD
                11: 6:35:30  LOAD 121 LOADTYPE DEA
                11: 6:35:32  DUPLICATE ELEMENT CHECK
                11: 6:35:32  CHECKING STRUCTURAL INTEGRITY
                11: 6:35:32  CHECK UNCONNECTED JOINTS AND
                11: 6:35:33  CALCULATE MAX JOINT CONNECTIVITY
                11: 6:35:34  CHECK MULTIPLE STRUCTURES
                11: 6:35:34  ENTERING SUPPORT
                11: 6:35:35  NRJOLD                                           0
                11: 6:35:35  SUPPORT NOLD                                     0
                11: 6:35:36  SUPPORT N                                       72
                11: 6:35:36  BEFORE LOADPR
                11: 6:35:36  REOPEN AS DIR                                    0
                11: 6:35:36  ENTER LOADPR
                11: 6:35:47  PERFORM ANALYSIS PRIN
                11: 6:35:48  pdel iter                                        0
                11: 6:35:48  MAXIMUM E =                           2.973273E+04
                11: 6:35:49  MINIMUM E =                           2.973273E+04
                11: 6:35:49  MBW DOF BAND=                                    1
                11: 6:35:50  NUMBER OF PRIMARY CASES                        101
                11: 6:35:50  NUMBER OF CASES                                252
                11: 6:35:51  #OF CASES W/ELEM INMEMORY                      252
                11: 6:35:51  MEMORY FOR MEMBER LOADS                      36288
                11: 6:35:51  MEMORY FOR DISPLACEMENTS                     19656
                11: 6:35:53  MEMORY FOR MEMBER FORCES                     36288
                11: 6:35:53  Using 64-bit analysis engine
                11: 6:35:54  BEFORE SOLVER 1
                11: 6:35:54  Start Input for Next Load Case
                11: 6:35:54  case no=  121 seq. no=   1 idynl= 0
                11: 6:35:56  MASSSET                                          0
                11: 6:35:56  LOADEND ISLAVE                                   0
                11: 6:35:57  Start Input for Next Load Case
                11: 6:35:57  case no=  201 seq. no=   2 idynl= 0
                11: 6:35:57  LOADEND ISLAVE                                   0
                11: 6:35:58  Start Input for Next Load Case
                11: 6:35:58  case no=  202 seq. no=   3 idynl= 0
                11: 6:35:58  LOADEND ISLAVE                                   0
                11: 6:35:60  Start Input for Next Load Case
                11: 6:35:60  case no=  203 seq. no=   4 idynl= 0
                11: 6:35:61  LOADEND ISLAVE                                   0
                11: 6:35:61  Start Input for Next Load Case
                11: 6:35:61  case no=  204 seq. no=   5 idynl= 0
                11: 6:35:63  LOADEND ISLAVE                                   0
                11: 6:35:63  Start Input for Next Load Case
                11: 6:35:64  case no=  205 seq. no=   6 idynl= 0
                11: 6:35:64  LOADEND ISLAVE                                   0
                11: 6:35:65  Start Input for Next Load Case
                11: 6:35:65  case no=  206 seq. no=   7 idynl= 0
                11: 6:35:66  LOADEND ISLAVE                                   0
                11: 6:35:66  Start Input for Next Load Case
                11: 6:35:67  case no=  207 seq. no=   8 idynl= 0
                11: 6:35:67  LOADEND ISLAVE                                   0
                11: 6:35:67  Start Input for Next Load Case
                11: 6:35:68  case no=  208 seq. no=   9 idynl= 0
                11: 6:35:69  LOADEND ISLAVE                                   0
                11: 6:35:70  Start Input for Next Load Case
                11: 6:35:70  case no=  312 seq. no=  10 idynl= 0
                11: 6:35:71  LOADEND ISLAVE                                   0
                11: 6:35:71  Start Input for Next Load Case
                11: 6:35:71  case no=  313 seq. no=  11 idynl= 0
                11: 6:35:71  LOADEND ISLAVE                                   0
                11: 6:35:73  Start Input for Next Load Case
                11: 6:35:73  case no=  314 seq. no=  12 idynl= 0
                11: 6:35:73  LOADEND ISLAVE                                   0
                11: 6:35:74  Start Input for Next Load Case
                11: 6:35:74  case no=  315 seq. no=  13 idynl= 0
                11: 6:35:74  LOADEND ISLAVE                                   0
                11: 6:35:76  Start Input for Next Load Case
                11: 6:35:76  case no=  322 seq. no=  14 idynl= 0
                11: 6:35:77  LOADEND ISLAVE                                   0
                11: 6:35:77  Start Input for Next Load Case
                11: 6:35:77  case no=  323 seq. no=  15 idynl= 0
                11: 6:35:78  LOADEND ISLAVE                                   0
                11: 6:35:78  Start Input for Next Load Case
                11: 6:35:80  case no=  324 seq. no=  16 idynl= 0
                11: 6:35:81  LOADEND ISLAVE                                   0
                11: 6:35:81  Start Input for Next Load Case
                11: 6:35:81  case no=  325 seq. no=  17 idynl= 0
                11: 6:35:82  LOADEND ISLAVE                                   0
                11: 6:35:82  Start Input for Next Load Case
                11: 6:35:84  case no=  332 seq. no=  18 idynl= 0
                11: 6:35:85  LOADEND ISLAVE                                   0
                11: 6:35:85  Start Input for Next Load Case
                11: 6:35:87  case no=  333 seq. no=  19 idynl= 0
                11: 6:35:87  LOADEND ISLAVE                                   0
                11: 6:35:87  Start Input for Next Load Case
                11: 6:35:89  case no=  334 seq. no=  20 idynl= 0
                11: 6:35:89  LOADEND ISLAVE                                   0
                11: 6:35:89  Start Input for Next Load Case
                11: 6:35:90  case no=  335 seq. no=  21 idynl= 0
                11: 6:35:91  LOADEND ISLAVE                                   0
                11: 6:35:91  Start Input for Next Load Case
                11: 6:35:92  case no=  411 seq. no=  22 idynl= 0
                11: 6:35:92  LOADEND ISLAVE                                   0
                11: 6:35:93  Start Input for Next Load Case
                11: 6:35:93  case no=  412 seq. no=  23 idynl= 0
                11: 6:35:94  LOADEND ISLAVE                                   0
                11: 6:35:95  Start Input for Next Load Case
                11: 6:35:95  case no=  413 seq. no=  24 idynl= 0
                11: 6:35:96  LOADEND ISLAVE                                   0
                11: 6:35:97  Start Input for Next Load Case
                11: 6:35:97  case no=  414 seq. no=  25 idynl= 0
                11: 6:35:98  LOADEND ISLAVE                                   0
                11: 6:35:98  Start Input for Next Load Case
                11: 6:35:99  case no=  415 seq. no=  26 idynl= 0
                11: 6:35:99  LOADEND ISLAVE                                   0
                11: 6:36: 0  Start Input for Next Load Case
                11: 6:36: 0  case no=  416 seq. no=  27 idynl= 0
                11: 6:36: 1  LOADEND ISLAVE                                   0
                11: 6:36: 1  Start Input for Next Load Case
                11: 6:36: 1  case no=  417 seq. no=  28 idynl= 0
                11: 6:36: 2  LOADEND ISLAVE                                   0
                11: 6:36: 2  Start Input for Next Load Case
                11: 6:36: 4  case no=  418 seq. no=  29 idynl= 0
                11: 6:36: 4  LOADEND ISLAVE                                   0
                11: 6:36: 5  Start Input for Next Load Case
                11: 6:36: 5  case no=  421 seq. no=  30 idynl= 0
                11: 6:36: 5  LOADEND ISLAVE                                   0
                11: 6:36: 6  Start Input for Next Load Case
                11: 6:36: 6  case no=  422 seq. no=  31 idynl= 0
                11: 6:36: 8  LOADEND ISLAVE                                   0
                11: 6:36: 8  Start Input for Next Load Case
                11: 6:36: 8  case no=  423 seq. no=  32 idynl= 0
                11: 6:36:10  LOADEND ISLAVE                                   0
                11: 6:36:10  Start Input for Next Load Case
                11: 6:36:11  case no=  424 seq. no=  33 idynl= 0
                11: 6:36:11  LOADEND ISLAVE                                   0
                11: 6:36:12  Start Input for Next Load Case
                11: 6:36:12  case no=  425 seq. no=  34 idynl= 0
                11: 6:36:13  LOADEND ISLAVE                                   0
                11: 6:36:13  Start Input for Next Load Case
                11: 6:36:14  case no=  426 seq. no=  35 idynl= 0
                11: 6:36:14  LOADEND ISLAVE                                   0
                11: 6:36:14  Start Input for Next Load Case
                11: 6:36:15  case no=  427 seq. no=  36 idynl= 0
                11: 6:36:15  LOADEND ISLAVE                                   0
                11: 6:36:15  Start Input for Next Load Case
                11: 6:36:17  case no=  428 seq. no=  37 idynl= 0
                11: 6:36:17  LOADEND ISLAVE                                   0
                11: 6:36:17  Start Input for Next Load Case
                11: 6:36:18  case no=  711 seq. no=  38 idynl= 0
                11: 6:36:18  LOADEND ISLAVE                                   0
                11: 6:36:18  Start Input for Next Load Case
                11: 6:36:20  case no=  712 seq. no=  39 idynl= 0
                11: 6:36:20  LOADEND ISLAVE                                   0
                11: 6:36:21  Start Input for Next Load Case
                11: 6:36:21  case no=  713 seq. no=  40 idynl= 0
                11: 6:36:23  LOADEND ISLAVE                                   0
                11: 6:36:23  Start Input for Next Load Case
                11: 6:36:23  case no=  714 seq. no=  41 idynl= 0
                11: 6:36:24  LOADEND ISLAVE                                   0
                11: 6:36:25  Start Input for Next Load Case
                11: 6:36:25  case no=  715 seq. no=  42 idynl= 0
                11: 6:36:26  LOADEND ISLAVE                                   0
                11: 6:36:26  Start Input for Next Load Case
                11: 6:36:26  case no=  716 seq. no=  43 idynl= 0
                11: 6:36:27  LOADEND ISLAVE                                   0
                11: 6:36:27  Start Input for Next Load Case
                11: 6:36:27  case no=  717 seq. no=  44 idynl= 0
                11: 6:36:29  LOADEND ISLAVE                                   0
                11: 6:36:29  Start Input for Next Load Case
                11: 6:36:30  case no=  718 seq. no=  45 idynl= 0
                11: 6:36:30  LOADEND ISLAVE                                   0
                11: 6:36:30  Start Input for Next Load Case
                11: 6:36:32  case no= 1101 seq. no=  46 idynl= 0
                11: 6:36:33  LOADEND ISLAVE                                   0
                11: 6:36:33  Start Input for Next Load Case
                11: 6:36:34  case no= 1102 seq. no=  47 idynl= 0
                11: 6:36:34  LOADEND ISLAVE                                   0
                11: 6:36:34  Start Input for Next Load Case
                11: 6:36:34  case no= 1103 seq. no=  48 idynl= 0
                11: 6:36:34  LOADEND ISLAVE                                   0
                11: 6:36:36  Start Input for Next Load Case
                11: 6:36:36  case no= 1104 seq. no=  49 idynl= 0
                11: 6:36:37  LOADEND ISLAVE                                   0
                11: 6:36:37  Start Input for Next Load Case
                11: 6:36:37  case no= 1105 seq. no=  50 idynl= 0
                11: 6:36:38  LOADEND ISLAVE                                   0
                11: 6:36:38  Start Input for Next Load Case
                11: 6:36:40  case no= 1106 seq. no=  51 idynl= 0
                11: 6:36:40  LOADEND ISLAVE                                   0
                11: 6:36:41  Start Input for Next Load Case
                11: 6:36:41  case no= 1107 seq. no=  52 idynl= 0
                11: 6:36:41  LOADEND ISLAVE                                   0
                11: 6:36:43  Start Input for Next Load Case
                11: 6:36:44  case no= 1108 seq. no=  53 idynl= 0
                11: 6:36:44  LOADEND ISLAVE                                   0
                11: 6:36:45  Start Input for Next Load Case
                11: 6:36:45  case no= 1201 seq. no=  54 idynl= 0
                11: 6:36:46  LOADEND ISLAVE                                   0
                11: 6:36:46  Start Input for Next Load Case
                11: 6:36:46  case no= 1202 seq. no=  55 idynl= 0
                11: 6:36:46  LOADEND ISLAVE                                   0
                11: 6:36:48  Start Input for Next Load Case
                11: 6:36:48  case no= 1203 seq. no=  56 idynl= 0
                11: 6:36:48  LOADEND ISLAVE                                   0
                11: 6:36:49  Start Input for Next Load Case
                11: 6:36:49  case no= 1204 seq. no=  57 idynl= 0
                11: 6:36:50  LOADEND ISLAVE                                   0
                11: 6:36:50  Start Input for Next Load Case
                11: 6:36:50  case no= 1205 seq. no=  58 idynl= 0
                11: 6:36:50  LOADEND ISLAVE                                   0
                11: 6:36:52  Start Input for Next Load Case
                11: 6:36:52  case no= 1206 seq. no=  59 idynl= 0
                11: 6:36:54  LOADEND ISLAVE                                   0
                11: 6:36:54  Start Input for Next Load Case
                11: 6:36:54  case no= 1207 seq. no=  60 idynl= 0
                11: 6:36:54  LOADEND ISLAVE                                   0
                11: 6:36:54  Start Input for Next Load Case
                11: 6:36:56  case no= 1208 seq. no=  61 idynl= 0
                11: 6:36:57  LOADEND ISLAVE                                   0
                11: 6:36:57  Start Input for Next Load Case
                11: 6:36:57  case no= 2101 seq. no=  62 idynl= 0
                11: 6:36:57  LOADEND ISLAVE                                   0
                11: 6:36:57  Start Input for Next Load Case
                11: 6:36:59  case no= 2102 seq. no=  63 idynl= 0
                11: 6:36:59  LOADEND ISLAVE                                   0
                11: 6:36:60  Start Input for Next Load Case
                11: 6:36:60  case no= 2103 seq. no=  64 idynl= 0
                11: 6:36:60  LOADEND ISLAVE                                   0
                11: 6:36:61  Start Input for Next Load Case
                11: 6:36:61  case no= 2104 seq. no=  65 idynl= 0
                11: 6:36:61  LOADEND ISLAVE                                   0
                11: 6:36:63  Start Input for Next Load Case
                11: 6:36:64  case no= 2105 seq. no=  66 idynl= 0
                11: 6:36:64  LOADEND ISLAVE                                   0
                11: 6:36:65  Start Input for Next Load Case
                11: 6:36:65  case no= 2106 seq. no=  67 idynl= 0
                11: 6:36:66  LOADEND ISLAVE                                   0
                11: 6:36:66  Start Input for Next Load Case
                11: 6:36:67  case no= 2107 seq. no=  68 idynl= 0
                11: 6:36:67  LOADEND ISLAVE                                   0
                11: 6:36:67  Start Input for Next Load Case
                11: 6:36:67  case no= 2108 seq. no=  69 idynl= 0
                11: 6:36:67  LOADEND ISLAVE                                   0
                11: 6:36:69  Start Input for Next Load Case
                11: 6:36:69  case no= 3001 seq. no=  70 idynl= 0
                11: 6:36:70  LOADEND ISLAVE                                   0
                11: 6:36:70  Start Input for Next Load Case
                11: 6:36:70  case no= 3002 seq. no=  71 idynl= 0
                11: 6:36:71  LOADEND ISLAVE                                   0
                11: 6:36:71  Start Input for Next Load Case
                11: 6:36:71  case no= 3003 seq. no=  72 idynl= 0
                11: 6:36:73  LOADEND ISLAVE                                   0
                11: 6:36:73  Start Input for Next Load Case
                11: 6:36:73  case no= 3004 seq. no=  73 idynl= 0
                11: 6:36:74  LOADEND ISLAVE                                   0
                11: 6:36:74  Start Input for Next Load Case
                11: 6:36:74  case no= 3005 seq. no=  74 idynl= 0
                11: 6:36:76  LOADEND ISLAVE                                   0
                11: 6:36:77  Start Input for Next Load Case
                11: 6:36:77  case no= 3006 seq. no=  75 idynl= 0
                11: 6:36:78  LOADEND ISLAVE                                   0
                11: 6:36:78  Start Input for Next Load Case
                11: 6:36:78  case no= 3007 seq. no=  76 idynl= 0
                11: 6:36:78  LOADEND ISLAVE                                   0
                11: 6:36:79  Start Input for Next Load Case
                11: 6:36:79  case no= 3008 seq. no=  77 idynl= 0
                11: 6:36:80  LOADEND ISLAVE                                   0
                11: 6:36:80  Start Input for Next Load Case
                11: 6:36:80  case no= 3011 seq. no=  78 idynl= 0
                11: 6:36:82  LOADEND ISLAVE                                   0
                11: 6:36:82  Start Input for Next Load Case
                11: 6:36:82  case no= 3012 seq. no=  79 idynl= 0
                11: 6:36:83  LOADEND ISLAVE                                   0
                11: 6:36:83  Start Input for Next Load Case
                11: 6:36:84  case no= 3013 seq. no=  80 idynl= 0
                11: 6:36:84  LOADEND ISLAVE                                   0
                11: 6:36:84  Start Input for Next Load Case
                11: 6:36:86  case no= 3014 seq. no=  81 idynl= 0
                11: 6:36:86  LOADEND ISLAVE                                   0
                11: 6:36:87  Start Input for Next Load Case
                11: 6:36:87  case no= 3015 seq. no=  82 idynl= 0
                11: 6:36:88  LOADEND ISLAVE                                   0
                11: 6:36:89  Start Input for Next Load Case
                11: 6:36:89  case no= 3016 seq. no=  83 idynl= 0
                11: 6:36:90  LOADEND ISLAVE                                   0
                11: 6:36:90  Start Input for Next Load Case
                11: 6:36:90  case no= 3017 seq. no=  84 idynl= 0
                11: 6:36:90  LOADEND ISLAVE                                   0
                11: 6:36:92  Start Input for Next Load Case
                11: 6:36:92  case no= 3018 seq. no=  85 idynl= 0
                11: 6:36:92  LOADEND ISLAVE                                   0
                11: 6:36:93  Start Input for Next Load Case
                11: 6:36:93  case no= 3021 seq. no=  86 idynl= 0
                11: 6:36:94  LOADEND ISLAVE                                   0
                11: 6:36:94  Start Input for Next Load Case
                11: 6:36:94  case no= 3022 seq. no=  87 idynl= 0
                11: 6:36:96  LOADEND ISLAVE                                   0
                11: 6:36:96  Start Input for Next Load Case
                11: 6:36:97  case no= 3023 seq. no=  88 idynl= 0
                11: 6:36:97  LOADEND ISLAVE                                   0
                11: 6:36:97  Start Input for Next Load Case
                11: 6:36:99  case no= 3024 seq. no=  89 idynl= 0
                11: 6:36:99  LOADEND ISLAVE                                   0
                11: 6:37: 0  Start Input for Next Load Case
                11: 6:37: 1  case no= 3025 seq. no=  90 idynl= 0
                11: 6:37: 1  LOADEND ISLAVE                                   0
                11: 6:37: 1  Start Input for Next Load Case
                11: 6:37: 1  case no= 3026 seq. no=  91 idynl= 0
                11: 6:37: 1  LOADEND ISLAVE                                   0
                11: 6:37: 3  Start Input for Next Load Case
                11: 6:37: 3  case no= 3027 seq. no=  92 idynl= 0
                11: 6:37: 4  LOADEND ISLAVE                                   0
                11: 6:37: 4  Start Input for Next Load Case
                11: 6:37: 5  case no= 3028 seq. no=  93 idynl= 0
                11: 6:37: 5  LOADEND ISLAVE                                   0
                11: 6:37: 5  Start Input for Next Load Case
                11: 6:37: 7  case no= 3201 seq. no=  94 idynl= 0
                11: 6:37: 7  LOADEND ISLAVE                                   0
                11: 6:37: 7  Start Input for Next Load Case
                11: 6:37: 9  case no= 3202 seq. no=  95 idynl= 0
                11: 6:37: 9  LOADEND ISLAVE                                   0
                11: 6:37:10  Start Input for Next Load Case
                11: 6:37:10  case no= 3203 seq. no=  96 idynl= 0
                11: 6:37:11  LOADEND ISLAVE                                   0
                11: 6:37:12  Start Input for Next Load Case
                11: 6:37:12  case no= 3204 seq. no=  97 idynl= 0
                11: 6:37:13  LOADEND ISLAVE                                   0
                11: 6:37:14  Start Input for Next Load Case
                11: 6:37:14  case no= 3205 seq. no=  98 idynl= 0
                11: 6:37:14  LOADEND ISLAVE                                   0
                11: 6:37:16  Start Input for Next Load Case
                11: 6:37:16  case no= 3206 seq. no=  99 idynl= 0
                11: 6:37:17  LOADEND ISLAVE                                   0
                11: 6:37:17  Start Input for Next Load Case
                11: 6:37:17  case no= 3207 seq. no= 100 idynl= 0
                11: 6:37:19  LOADEND ISLAVE                                   0
                11: 6:37:19  Start Input for Next Load Case
                11: 6:37:19  case no= 3208 seq. no= 101 idynl= 0
                11: 6:37:20  LOADEND ISLAVE                                   0
                11: 6:37:21  NVPREV                                           0
                11: 6:37:21  AMAXNON                               1.853675E-01
                11: 6:37:21  IRECSIZL=                                     4000
                11: 6:37:21  MTX BLOCKSIZE=                                  72
                11: 6:37:21  MI=                                             72
                11: 6:37:23  NORECL=                                          1
                11: 6:37:23  NORECL1=                                         1
                11: 6:37:23  IWORD=                                       32000
                11: 6:37:24  JRECSIZE=                                     4000
                11: 6:37:24  IWORDJ=                                      32000
                11: 6:37:24  IBYTE=                                           4
                11: 6:37:24  JOINTS=                                         13
                11: 6:37:26  MEMBERS=                                        12
                11: 6:37:27  PLATES =                                         0
                11: 6:37:27  SOLIDS =                                         0
                11: 6:37:27  NO. OF EQUATIONS=                               72
                11: 6:37:29  idyn=                                            0
                11: 6:37:29  ipd=                                             0
                11: 6:37:29  icablanl=                                        0
                11: 6:37:30  ++ Processing Element Stiffness Matrix.
                11: 6:37:30  NV1                                            101
                11: 6:37:43  ++ Calculating Element Forces & Reactions.
                11: 6:37:99  COMBINATION CASES=                               0
                11: 6:37:99  MAX CM MEMORY (KILOWORDS)                       31
                11: 6:37:99  AFTER SOLVER 1
                11: 6:38: 1  REOPEN AS SEQ                                    0
                11: 6:38: 1  DEFINE ENVELOPE
                11: 6:38: 3  LOAD LIST 1101 TO 110
                11: 6:38: 3  PARAMETER 1
                11: 6:38: 3  CHECK CODE ALL
                11: 6:38: 3  ENTERING SECTNM110 IQ=                          12
                11: 6:38: 4               NSEC=                              11
                11: 6:38: 5             ISECTN=                               0
                11: 6:38: 8  SECTNM110 DO 925
                11: 6:38:10  ENTERING ENVLP1 ITYP1=                          -3
                11: 6:38:10  SECT DISPLACE
                11: 6:38:12  Steel/Alum/Timber Design                        52
                11: 6:38:15    ++ Finished Design ...
                11: 6:38:15  Steel/Timber Design exit
                11: 6:38:15  LOAD LIST 2101 TO 210
                11: 6:38:16  PARAMETER 1
                11: 6:38:17  CHECK CODE ALL
                11: 6:38:17  ENTERING ENVLP1 ITYP1=                          -3
                11: 6:38:17  SECT DISPLACE
                11: 6:38:21  Steel/Alum/Timber Design                        52
                11: 6:38:21    ++ Finished Design ...
                11: 6:38:21  Steel/Timber Design exit
                11: 6:38:21  LOAD LIST ENV 4 TO 7
                11: 6:38:21  PARAMETER 1
                11: 6:38:23  CHECK CODE ALL
                11: 6:38:23  ENTERING ENVLP1 ITYP1=                          -3
                11: 6:38:25  SECT DISPLACE
                11: 6:38:27  Steel/Alum/Timber Design                        52
                11: 6:38:28    ++ Finished Design ...
                11: 6:38:28  Steel/Timber Design exit
                11: 6:38:29  PRINT JOINT DISPLACEM
                11: 6:38:30  PRINT SUPPORT REACTIO
                11: 6:38:30  FINISH
                11: 6:38:30  All Commands FINISHed
                11: 6:38:32  DATASAVE for SPRO GUI
                11: 6:38:32  ++ Creating Displacement File (DSP)...
                11: 6:38:33  ++ Creating Reaction File (REA)...
                11: 6:38:33  ++ Creating Section Force File (BMD)...
                11: 6:38:36  ++ Creating Section Displace File (SEC)...
                11: 6:38:36  ENTERING ENVLP1 ITYP1=                          -5
                11: 6:38:37  SECT DISPLACE
                11: 6:38:41  ++ Creating Section Displace File (SCN)...
                11: 6:38:43  ++ Creating Design information File (DGN)...
                11: 6:38:43  ALLOCATED CM MEMORY (KILOWORDS)             300000
                11: 6:38:45  MAX CM MEMORY (KILOWORDS)                       77
                11: 6:38:45  DBS LONG SEC NAME
* End Of Analysis At Mon Jan 13 11:06:38 2025
* CPU usage = 3.453000
* STAAD Exit Code: 100, Warning Count: 0, Error Count: 0, Duration: 3.453
1 0 0 3.453
****************************************************************************
*                            END OF ANALYSIS                               *
****************************************************************************
