07/18/2024 14:35:17	Reading UID database.
07/18/2024 14:35:17	Start loading STAAD model.
07/18/2024 14:35:17	Reading model file.
07/18/2024 14:35:17	Reading model file is complete.
07/18/2024 14:35:17	Processing support.
07/18/2024 14:35:17	Processing springs.
07/18/2024 14:35:17	Processing properties.
07/18/2024 14:35:17	Processing physical properties.
07/18/2024 14:35:17	Processing constants.
07/18/2024 14:35:17	Processing BETA constants.
07/18/2024 14:35:17	Processing hidden analytical member loads.
07/18/2024 14:35:17	Processing command list for member release.
07/18/2024 14:35:18	Processing command list for member offset.
07/18/2024 14:35:18	Processing command list for member specs (cracked).
07/18/2024 14:35:18	Processing command list for member specs (axial).
07/18/2024 14:35:18	Processing command list for element release.
07/18/2024 14:35:18	Processing command list for element offset.
07/18/2024 14:35:18	Processing command list for element plate stress directive.
07/18/2024 14:35:18	Processing parameter for Chinese wind load case.
07/18/2024 14:35:18	End Processing command list.
07/18/2024 14:35:18	End loading STAAD model.
07/18/2024 14:35:18	Start Post Analysis method
07/18/2024 14:35:18	Removed all hidden plates from surfaces
07/18/2024 14:35:18	Removed all hidden plates
07/18/2024 14:35:18	Removed all hidden nodes
07/18/2024 14:35:18	Loading results from MSH file...
07/18/2024 14:35:18	Building result indices...
07/18/2024 14:35:18	Loading plate stress results...
07/18/2024 14:35:18	Set analysis report setup data
07/18/2024 14:35:18	Starting page setup...
07/18/2024 14:35:18	Page setup completed
07/18/2024 14:35:18	Setting available workflows...
07/18/2024 14:35:18	Post analysis method ends
07/18/2024 14:36:56	Reading UID database.
07/18/2024 14:36:56	Start loading STAAD model.
07/18/2024 14:36:56	Reading model file.
07/18/2024 14:36:56	Reading model file is complete.
07/18/2024 14:36:56	Processing support.
07/18/2024 14:36:56	Processing springs.
07/18/2024 14:36:56	Processing properties.
07/18/2024 14:36:56	Processing physical properties.
07/18/2024 14:36:56	Processing constants.
07/18/2024 14:36:56	Processing BETA constants.
07/18/2024 14:36:56	Processing hidden analytical member loads.
07/18/2024 14:36:56	Processing command list for member release.
07/18/2024 14:36:56	Processing command list for member offset.
07/18/2024 14:36:56	Processing command list for member specs (cracked).
07/18/2024 14:36:56	Processing command list for member specs (axial).
07/18/2024 14:36:56	Processing command list for element release.
07/18/2024 14:36:56	Processing command list for element offset.
07/18/2024 14:36:56	Processing command list for element plate stress directive.
07/18/2024 14:36:56	Processing parameter for Chinese wind load case.
07/18/2024 14:36:56	End Processing command list.
07/18/2024 14:36:56	End loading STAAD model.
07/18/2024 14:36:56	Start Post Analysis method
07/18/2024 14:36:56	Removed all hidden plates from surfaces
07/18/2024 14:36:56	Removed all hidden plates
07/18/2024 14:36:56	Removed all hidden nodes
07/18/2024 14:36:56	Loading results from MSH file...
07/18/2024 14:36:56	Building result indices...
07/18/2024 14:36:56	Loading plate stress results...
07/18/2024 14:36:56	Set analysis report setup data
07/18/2024 14:36:57	Starting page setup...
07/18/2024 14:36:57	Page setup completed
07/18/2024 14:36:57	Setting available workflows...
07/18/2024 14:36:57	Post analysis method ends
07/18/2024 14:37:15	Start Post Analysis method
07/18/2024 14:37:15	Removed all hidden plates from surfaces
07/18/2024 14:37:15	Removed all hidden plates
07/18/2024 14:37:15	Removed all hidden nodes
07/18/2024 14:37:15	Loading results from MSH file...
07/18/2024 14:37:15	Building result indices...
07/18/2024 14:37:15	Loading plate stress results...
07/18/2024 14:37:15	Set analysis report setup data
07/18/2024 14:37:15	Starting page setup...
07/18/2024 14:37:15	Page setup completed
07/18/2024 14:37:15	Setting available workflows...
07/18/2024 14:37:15	Post analysis method ends
