09/10/2024 15:40:12	Reading UID database.
09/10/2024 15:40:12	Start loading STAAD model.
09/10/2024 15:40:12	Reading model file.
09/10/2024 15:40:12	Reading model file is complete.
09/10/2024 15:40:12	Processing support.
09/10/2024 15:40:12	Processing springs.
09/10/2024 15:40:12	Processing properties.
09/10/2024 15:40:12	Processing physical properties.
09/10/2024 15:40:12	Processing constants.
09/10/2024 15:40:12	Processing BETA constants.
09/10/2024 15:40:12	Processing hidden analytical member loads.
09/10/2024 15:40:12	Processing command list for member release.
09/10/2024 15:40:12	Processing command list for member offset.
09/10/2024 15:40:12	Processing command list for member specs (cracked).
09/10/2024 15:40:12	Processing command list for member specs (axial).
09/10/2024 15:40:12	Processing command list for element release.
09/10/2024 15:40:12	Processing command list for element offset.
09/10/2024 15:40:12	Processing command list for element plate stress directive.
09/10/2024 15:40:12	Processing parameter for Chinese wind load case.
09/10/2024 15:40:12	End Processing command list.
09/10/2024 15:40:12	End loading STAAD model.
09/10/2024 15:40:12	Start Post Analysis method
09/10/2024 15:40:12	Removed all hidden plates from surfaces
09/10/2024 15:40:12	Removed all hidden plates
09/10/2024 15:40:12	Removed all hidden nodes
09/10/2024 15:40:12	Loading results from MSH file...
09/10/2024 15:40:12	Building result indices...
09/10/2024 15:40:12	Loading plate stress results...
09/10/2024 15:40:12	Set analysis report setup data
09/10/2024 15:40:12	Starting page setup...
09/10/2024 15:40:12	Page setup completed
09/10/2024 15:40:12	Setting available workflows...
09/10/2024 15:40:12	Post analysis method ends
09/10/2024 15:48:13	Start Post Analysis method
09/10/2024 15:48:13	Removed all hidden plates from surfaces
09/10/2024 15:48:13	Removed all hidden plates
09/10/2024 15:48:13	Removed all hidden nodes
09/10/2024 15:48:13	Loading results from MSH file...
09/10/2024 15:48:13	Building result indices...
09/10/2024 15:48:13	Loading plate stress results...
09/10/2024 15:48:13	Set analysis report setup data
09/10/2024 15:48:13	Starting page setup...
09/10/2024 15:48:13	Page setup completed
09/10/2024 15:48:13	Setting available workflows...
09/10/2024 15:48:13	Post analysis method ends
09/10/2024 15:49:25	Start Post Analysis method
09/10/2024 15:49:25	Removed all hidden plates from surfaces
09/10/2024 15:49:25	Removed all hidden plates
09/10/2024 15:49:25	Removed all hidden nodes
09/10/2024 15:49:25	Loading results from MSH file...
09/10/2024 15:49:25	Building result indices...
09/10/2024 15:49:25	Loading plate stress results...
09/10/2024 15:49:25	Set analysis report setup data
09/10/2024 15:49:25	Starting page setup...
09/10/2024 15:49:25	Page setup completed
09/10/2024 15:49:25	Setting available workflows...
09/10/2024 15:49:25	Post analysis method ends
09/10/2024 15:52:58	Start Post Analysis method
09/10/2024 15:52:58	Removed all hidden plates from surfaces
09/10/2024 15:52:58	Removed all hidden plates
09/10/2024 15:52:58	Removed all hidden nodes
09/10/2024 15:52:58	Loading results from MSH file...
09/10/2024 15:52:58	Building result indices...
09/10/2024 15:52:58	Loading plate stress results...
09/10/2024 15:52:58	Set analysis report setup data
09/10/2024 15:52:58	Starting page setup...
09/10/2024 15:52:58	Page setup completed
09/10/2024 15:52:58	Setting available workflows...
09/10/2024 15:52:58	Post analysis method ends
09/10/2024 15:55:19	Start Post Analysis method
09/10/2024 15:55:19	Removed all hidden plates from surfaces
09/10/2024 15:55:19	Removed all hidden plates
09/10/2024 15:55:19	Removed all hidden nodes
09/10/2024 15:55:19	Loading results from MSH file...
09/10/2024 15:55:19	Building result indices...
09/10/2024 15:55:19	Loading plate stress results...
09/10/2024 15:55:19	Set analysis report setup data
09/10/2024 15:55:19	Starting page setup...
09/10/2024 15:55:19	Page setup completed
09/10/2024 15:55:19	Setting available workflows...
09/10/2024 15:55:19	Post analysis method ends
