14:29:51	Initializing STAAD Engine
14:29:51	Run stream set up is complete.
14:29:52	Initialize license libraries.
14:29:52	License libraries initialized.
14:29:52	Starting license(s) for A & D engine.
14:29:53	License Status: Ok
14:29:53	License information set up is complete.
****************************************************************************
*                            START OF ANALYSIS                             *
****************************************************************************
* Initiating Analysis At Tue Aug 20 14:29:53 2024
                          PROGRAM: STAAD.Pro
                          VERSION: 23.00.01.25
                14:29:53:12  ENTERING STAAD
                14:29:53:13  USING 64 BIT STAAD ENGINE
                14:29:53:13  ENTERING MAINN
                14:29:53:14  START JOB INFORMATION
                14:29:53:14  INPUT WIDTH 79
                14:29:53:15  UNIT MMS KN
                14:29:53:15  JOINT COORDINATES
                14:29:53:16  ENTERING JOINTC
                14:29:53:16  JOINTC NEWJ                                 400000
                14:29:53:17  MAX NODE NO.                                    22
                14:29:53:18  MEMBER INCIDENCES
                14:29:53:19  UNIT METER KN
                14:29:53:19  DEFINE MATERIAL START
                14:29:53:20  UNIT MMS KN
                14:29:53:20  MEMBER PROPERTY EUROP
                14:29:53:37    ++ Finished Reading Member Properties ...
                14:29:53:37  CONSTANTS
                14:29:53:38  SUPPORTS
                14:29:53:38  ENTERING SUPPORT
                14:29:53:39  UNIT METER KN
                14:29:53:40  DEFINE WIND LOAD
                14:29:53:41  LOAD 121 LOADTYPE DEA
                14:29:53:41  DUPLICATE ELEMENT CHECK
                14:29:53:42  CHECKING STRUCTURAL INTEGRITY
                14:29:53:43  CHECK UNCONNECTED JOINTS AND
                14:29:53:43  CALCULATE MAX JOINT CONNECTIVITY
                14:29:53:44  CHECK MULTIPLE STRUCTURES
                14:29:53:45  ENTERING SUPPORT
                14:29:53:45  NRJOLD                                           0
                14:29:53:46  SUPPORT NOLD                                     0
                14:29:53:46  SUPPORT N                                      120
                14:29:53:47  BEFORE LOADPR
                14:29:53:47  REOPEN AS DIR                                    0
                14:29:53:48  ENTER LOADPR
                14:29:53:65  PERFORM ANALYSIS PRIN
                14:29:53:65  pdel iter                                        0
                14:29:53:66  MAXIMUM E =                           2.973273E+04
                14:29:53:66  MINIMUM E =                           2.973273E+04
                14:29:53:67  MBW DOF BAND=                                    1
                14:29:53:67  NUMBER OF PRIMARY CASES                        101
                14:29:53:68  NUMBER OF CASES                                252
                14:29:53:69  #OF CASES W/ELEM INMEMORY                      252
                14:29:53:69  MEMORY FOR MEMBER LOADS                      69552
                14:29:53:70  MEMORY FOR DISPLACEMENTS                     33264
                14:29:53:71  MEMORY FOR MEMBER FORCES                     69552
                14:29:53:72  Using 64-bit analysis engine
                14:29:53:72  BEFORE SOLVER 1
                14:29:53:73  Start Input for Next Load Case
                14:29:53:74  case no=  121 seq. no=   1 idynl= 0
                14:29:53:74  MASSSET                                          0
                14:29:53:75  LOADEND ISLAVE                                   0
                14:29:53:76  Start Input for Next Load Case
                14:29:53:76  case no=  201 seq. no=   2 idynl= 0
                14:29:53:77  LOADEND ISLAVE                                   0
                14:29:53:77  Start Input for Next Load Case
                14:29:53:78  case no=  202 seq. no=   3 idynl= 0
                14:29:53:78  LOADEND ISLAVE                                   0
                14:29:53:79  Start Input for Next Load Case
                14:29:53:79  case no=  203 seq. no=   4 idynl= 0
                14:29:53:80  LOADEND ISLAVE                                   0
                14:29:53:80  Start Input for Next Load Case
                14:29:53:81  case no=  204 seq. no=   5 idynl= 0
                14:29:53:81  LOADEND ISLAVE                                   0
                14:29:53:82  Start Input for Next Load Case
                14:29:53:82  case no=  205 seq. no=   6 idynl= 0
                14:29:53:83  LOADEND ISLAVE                                   0
                14:29:53:83  Start Input for Next Load Case
                14:29:53:84  case no=  206 seq. no=   7 idynl= 0
                14:29:53:84  LOADEND ISLAVE                                   0
                14:29:53:85  Start Input for Next Load Case
                14:29:53:85  case no=  207 seq. no=   8 idynl= 0
                14:29:53:86  LOADEND ISLAVE                                   0
                14:29:53:86  Start Input for Next Load Case
                14:29:53:87  case no=  208 seq. no=   9 idynl= 0
                14:29:53:87  LOADEND ISLAVE                                   0
                14:29:53:88  Start Input for Next Load Case
                14:29:53:88  case no=  312 seq. no=  10 idynl= 0
                14:29:53:89  LOADEND ISLAVE                                   0
                14:29:53:89  Start Input for Next Load Case
                14:29:53:90  case no=  313 seq. no=  11 idynl= 0
                14:29:53:90  LOADEND ISLAVE                                   0
                14:29:53:91  Start Input for Next Load Case
                14:29:53:91  case no=  314 seq. no=  12 idynl= 0
                14:29:53:92  LOADEND ISLAVE                                   0
                14:29:53:93  Start Input for Next Load Case
                14:29:53:93  case no=  315 seq. no=  13 idynl= 0
                14:29:53:94  LOADEND ISLAVE                                   0
                14:29:53:95  Start Input for Next Load Case
                14:29:53:96  case no=  322 seq. no=  14 idynl= 0
                14:29:53:97  LOADEND ISLAVE                                   0
                14:29:53:97  Start Input for Next Load Case
                14:29:53:98  case no=  323 seq. no=  15 idynl= 0
                14:29:53:99  LOADEND ISLAVE                                   0
                14:29:53:99  Start Input for Next Load Case
                14:29:54: 0  case no=  324 seq. no=  16 idynl= 0
                14:29:54: 1  LOADEND ISLAVE                                   0
                14:29:54: 2  Start Input for Next Load Case
                14:29:54: 2  case no=  325 seq. no=  17 idynl= 0
                14:29:54: 3  LOADEND ISLAVE                                   0
                14:29:54: 4  Start Input for Next Load Case
                14:29:54: 4  case no=  332 seq. no=  18 idynl= 0
                14:29:54: 5  LOADEND ISLAVE                                   0
                14:29:54: 6  Start Input for Next Load Case
                14:29:54: 6  case no=  333 seq. no=  19 idynl= 0
                14:29:54: 7  LOADEND ISLAVE                                   0
                14:29:54: 8  Start Input for Next Load Case
                14:29:54: 8  case no=  334 seq. no=  20 idynl= 0
                14:29:54: 9  LOADEND ISLAVE                                   0
                14:29:54:10  Start Input for Next Load Case
                14:29:54:11  case no=  335 seq. no=  21 idynl= 0
                14:29:54:11  LOADEND ISLAVE                                   0
                14:29:54:12  Start Input for Next Load Case
                14:29:54:13  case no=  411 seq. no=  22 idynl= 0
                14:29:54:14  LOADEND ISLAVE                                   0
                14:29:54:14  Start Input for Next Load Case
                14:29:54:15  case no=  412 seq. no=  23 idynl= 0
                14:29:54:16  LOADEND ISLAVE                                   0
                14:29:54:16  Start Input for Next Load Case
                14:29:54:17  case no=  413 seq. no=  24 idynl= 0
                14:29:54:17  LOADEND ISLAVE                                   0
                14:29:54:18  Start Input for Next Load Case
                14:29:54:19  case no=  414 seq. no=  25 idynl= 0
                14:29:54:19  LOADEND ISLAVE                                   0
                14:29:54:20  Start Input for Next Load Case
                14:29:54:20  case no=  415 seq. no=  26 idynl= 0
                14:29:54:21  LOADEND ISLAVE                                   0
                14:29:54:21  Start Input for Next Load Case
                14:29:54:22  case no=  416 seq. no=  27 idynl= 0
                14:29:54:22  LOADEND ISLAVE                                   0
                14:29:54:23  Start Input for Next Load Case
                14:29:54:23  case no=  417 seq. no=  28 idynl= 0
                14:29:54:24  LOADEND ISLAVE                                   0
                14:29:54:24  Start Input for Next Load Case
                14:29:54:25  case no=  418 seq. no=  29 idynl= 0
                14:29:54:25  LOADEND ISLAVE                                   0
                14:29:54:26  Start Input for Next Load Case
                14:29:54:26  case no=  421 seq. no=  30 idynl= 0
                14:29:54:27  LOADEND ISLAVE                                   0
                14:29:54:27  Start Input for Next Load Case
                14:29:54:28  case no=  422 seq. no=  31 idynl= 0
                14:29:54:28  LOADEND ISLAVE                                   0
                14:29:54:29  Start Input for Next Load Case
                14:29:54:29  case no=  423 seq. no=  32 idynl= 0
                14:29:54:30  LOADEND ISLAVE                                   0
                14:29:54:30  Start Input for Next Load Case
                14:29:54:31  case no=  424 seq. no=  33 idynl= 0
                14:29:54:31  LOADEND ISLAVE                                   0
                14:29:54:32  Start Input for Next Load Case
                14:29:54:32  case no=  425 seq. no=  34 idynl= 0
                14:29:54:33  LOADEND ISLAVE                                   0
                14:29:54:33  Start Input for Next Load Case
                14:29:54:34  case no=  426 seq. no=  35 idynl= 0
                14:29:54:34  LOADEND ISLAVE                                   0
                14:29:54:35  Start Input for Next Load Case
                14:29:54:35  case no=  427 seq. no=  36 idynl= 0
                14:29:54:36  LOADEND ISLAVE                                   0
                14:29:54:36  Start Input for Next Load Case
                14:29:54:37  case no=  428 seq. no=  37 idynl= 0
                14:29:54:37  LOADEND ISLAVE                                   0
                14:29:54:38  Start Input for Next Load Case
                14:29:54:38  case no=  711 seq. no=  38 idynl= 0
                14:29:54:39  LOADEND ISLAVE                                   0
                14:29:54:39  Start Input for Next Load Case
                14:29:54:40  case no=  712 seq. no=  39 idynl= 0
                14:29:54:40  LOADEND ISLAVE                                   0
                14:29:54:41  Start Input for Next Load Case
                14:29:54:41  case no=  713 seq. no=  40 idynl= 0
                14:29:54:42  LOADEND ISLAVE                                   0
                14:29:54:42  Start Input for Next Load Case
                14:29:54:43  case no=  714 seq. no=  41 idynl= 0
                14:29:54:43  LOADEND ISLAVE                                   0
                14:29:54:44  Start Input for Next Load Case
                14:29:54:44  case no=  715 seq. no=  42 idynl= 0
                14:29:54:45  LOADEND ISLAVE                                   0
                14:29:54:45  Start Input for Next Load Case
                14:29:54:46  case no=  716 seq. no=  43 idynl= 0
                14:29:54:46  LOADEND ISLAVE                                   0
                14:29:54:47  Start Input for Next Load Case
                14:29:54:47  case no=  717 seq. no=  44 idynl= 0
                14:29:54:48  LOADEND ISLAVE                                   0
                14:29:54:48  Start Input for Next Load Case
                14:29:54:49  case no=  718 seq. no=  45 idynl= 0
                14:29:54:49  LOADEND ISLAVE                                   0
                14:29:54:50  Start Input for Next Load Case
                14:29:54:50  case no= 1101 seq. no=  46 idynl= 0
                14:29:54:51  LOADEND ISLAVE                                   0
                14:29:54:51  Start Input for Next Load Case
                14:29:54:52  case no= 1102 seq. no=  47 idynl= 0
                14:29:54:52  LOADEND ISLAVE                                   0
                14:29:54:53  Start Input for Next Load Case
                14:29:54:53  case no= 1103 seq. no=  48 idynl= 0
                14:29:54:54  LOADEND ISLAVE                                   0
                14:29:54:54  Start Input for Next Load Case
                14:29:54:55  case no= 1104 seq. no=  49 idynl= 0
                14:29:54:55  LOADEND ISLAVE                                   0
                14:29:54:55  Start Input for Next Load Case
                14:29:54:56  case no= 1105 seq. no=  50 idynl= 0
                14:29:54:56  LOADEND ISLAVE                                   0
                14:29:54:57  Start Input for Next Load Case
                14:29:54:58  case no= 1106 seq. no=  51 idynl= 0
                14:29:54:58  LOADEND ISLAVE                                   0
                14:29:54:59  Start Input for Next Load Case
                14:29:54:59  case no= 1107 seq. no=  52 idynl= 0
                14:29:54:60  LOADEND ISLAVE                                   0
                14:29:54:60  Start Input for Next Load Case
                14:29:54:61  case no= 1108 seq. no=  53 idynl= 0
                14:29:54:62  LOADEND ISLAVE                                   0
                14:29:54:62  Start Input for Next Load Case
                14:29:54:63  case no= 1201 seq. no=  54 idynl= 0
                14:29:54:63  LOADEND ISLAVE                                   0
                14:29:54:64  Start Input for Next Load Case
                14:29:54:64  case no= 1202 seq. no=  55 idynl= 0
                14:29:54:65  LOADEND ISLAVE                                   0
                14:29:54:65  Start Input for Next Load Case
                14:29:54:66  case no= 1203 seq. no=  56 idynl= 0
                14:29:54:66  LOADEND ISLAVE                                   0
                14:29:54:67  Start Input for Next Load Case
                14:29:54:67  case no= 1204 seq. no=  57 idynl= 0
                14:29:54:68  LOADEND ISLAVE                                   0
                14:29:54:68  Start Input for Next Load Case
                14:29:54:69  case no= 1205 seq. no=  58 idynl= 0
                14:29:54:69  LOADEND ISLAVE                                   0
                14:29:54:70  Start Input for Next Load Case
                14:29:54:70  case no= 1206 seq. no=  59 idynl= 0
                14:29:54:71  LOADEND ISLAVE                                   0
                14:29:54:71  Start Input for Next Load Case
                14:29:54:72  case no= 1207 seq. no=  60 idynl= 0
                14:29:54:72  LOADEND ISLAVE                                   0
                14:29:54:73  Start Input for Next Load Case
                14:29:54:73  case no= 1208 seq. no=  61 idynl= 0
                14:29:54:74  LOADEND ISLAVE                                   0
                14:29:54:74  Start Input for Next Load Case
                14:29:54:75  case no= 2101 seq. no=  62 idynl= 0
                14:29:54:75  LOADEND ISLAVE                                   0
                14:29:54:76  Start Input for Next Load Case
                14:29:54:76  case no= 2102 seq. no=  63 idynl= 0
                14:29:54:77  LOADEND ISLAVE                                   0
                14:29:54:77  Start Input for Next Load Case
                14:29:54:78  case no= 2103 seq. no=  64 idynl= 0
                14:29:54:78  LOADEND ISLAVE                                   0
                14:29:54:79  Start Input for Next Load Case
                14:29:54:79  case no= 2104 seq. no=  65 idynl= 0
                14:29:54:80  LOADEND ISLAVE                                   0
                14:29:54:80  Start Input for Next Load Case
                14:29:54:81  case no= 2105 seq. no=  66 idynl= 0
                14:29:54:81  LOADEND ISLAVE                                   0
                14:29:54:81  Start Input for Next Load Case
                14:29:54:82  case no= 2106 seq. no=  67 idynl= 0
                14:29:54:83  LOADEND ISLAVE                                   0
                14:29:54:83  Start Input for Next Load Case
                14:29:54:84  case no= 2107 seq. no=  68 idynl= 0
                14:29:54:84  LOADEND ISLAVE                                   0
                14:29:54:85  Start Input for Next Load Case
                14:29:54:85  case no= 2108 seq. no=  69 idynl= 0
                14:29:54:86  LOADEND ISLAVE                                   0
                14:29:54:86  Start Input for Next Load Case
                14:29:54:87  case no= 3001 seq. no=  70 idynl= 0
                14:29:54:87  LOADEND ISLAVE                                   0
                14:29:54:88  Start Input for Next Load Case
                14:29:54:88  case no= 3002 seq. no=  71 idynl= 0
                14:29:54:89  LOADEND ISLAVE                                   0
                14:29:54:89  Start Input for Next Load Case
                14:29:54:90  case no= 3003 seq. no=  72 idynl= 0
                14:29:54:90  LOADEND ISLAVE                                   0
                14:29:54:91  Start Input for Next Load Case
                14:29:54:91  case no= 3004 seq. no=  73 idynl= 0
                14:29:54:92  LOADEND ISLAVE                                   0
                14:29:54:92  Start Input for Next Load Case
                14:29:54:93  case no= 3005 seq. no=  74 idynl= 0
                14:29:54:93  LOADEND ISLAVE                                   0
                14:29:54:94  Start Input for Next Load Case
                14:29:54:94  case no= 3006 seq. no=  75 idynl= 0
                14:29:54:95  LOADEND ISLAVE                                   0
                14:29:54:95  Start Input for Next Load Case
                14:29:54:96  case no= 3007 seq. no=  76 idynl= 0
                14:29:54:96  LOADEND ISLAVE                                   0
                14:29:54:97  Start Input for Next Load Case
                14:29:54:97  case no= 3008 seq. no=  77 idynl= 0
                14:29:54:98  LOADEND ISLAVE                                   0
                14:29:54:98  Start Input for Next Load Case
                14:29:54:99  case no= 3011 seq. no=  78 idynl= 0
                14:29:54:99  LOADEND ISLAVE                                   0
                14:29:55: 0  Start Input for Next Load Case
                14:29:55: 0  case no= 3012 seq. no=  79 idynl= 0
                14:29:55: 1  LOADEND ISLAVE                                   0
                14:29:55: 1  Start Input for Next Load Case
                14:29:55: 2  case no= 3013 seq. no=  80 idynl= 0
                14:29:55: 2  LOADEND ISLAVE                                   0
                14:29:55: 3  Start Input for Next Load Case
                14:29:55: 3  case no= 3014 seq. no=  81 idynl= 0
                14:29:55: 4  LOADEND ISLAVE                                   0
                14:29:55: 4  Start Input for Next Load Case
                14:29:55: 5  case no= 3015 seq. no=  82 idynl= 0
                14:29:55: 5  LOADEND ISLAVE                                   0
                14:29:55: 5  Start Input for Next Load Case
                14:29:55: 6  case no= 3016 seq. no=  83 idynl= 0
                14:29:55: 6  LOADEND ISLAVE                                   0
                14:29:55: 7  Start Input for Next Load Case
                14:29:55: 7  case no= 3017 seq. no=  84 idynl= 0
                14:29:55: 8  LOADEND ISLAVE                                   0
                14:29:55: 8  Start Input for Next Load Case
                14:29:55: 9  case no= 3018 seq. no=  85 idynl= 0
                14:29:55: 9  LOADEND ISLAVE                                   0
                14:29:55:10  Start Input for Next Load Case
                14:29:55:11  case no= 3021 seq. no=  86 idynl= 0
                14:29:55:11  LOADEND ISLAVE                                   0
                14:29:55:12  Start Input for Next Load Case
                14:29:55:13  case no= 3022 seq. no=  87 idynl= 0
                14:29:55:13  LOADEND ISLAVE                                   0
                14:29:55:14  Start Input for Next Load Case
                14:29:55:14  case no= 3023 seq. no=  88 idynl= 0
                14:29:55:15  LOADEND ISLAVE                                   0
                14:29:55:15  Start Input for Next Load Case
                14:29:55:16  case no= 3024 seq. no=  89 idynl= 0
                14:29:55:16  LOADEND ISLAVE                                   0
                14:29:55:17  Start Input for Next Load Case
                14:29:55:17  case no= 3025 seq. no=  90 idynl= 0
                14:29:55:18  LOADEND ISLAVE                                   0
                14:29:55:18  Start Input for Next Load Case
                14:29:55:18  case no= 3026 seq. no=  91 idynl= 0
                14:29:55:19  LOADEND ISLAVE                                   0
                14:29:55:19  Start Input for Next Load Case
                14:29:55:20  case no= 3027 seq. no=  92 idynl= 0
                14:29:55:21  LOADEND ISLAVE                                   0
                14:29:55:21  Start Input for Next Load Case
                14:29:55:22  case no= 3028 seq. no=  93 idynl= 0
                14:29:55:22  LOADEND ISLAVE                                   0
                14:29:55:23  Start Input for Next Load Case
                14:29:55:23  case no= 3201 seq. no=  94 idynl= 0
                14:29:55:24  LOADEND ISLAVE                                   0
                14:29:55:24  Start Input for Next Load Case
                14:29:55:25  case no= 3202 seq. no=  95 idynl= 0
                14:29:55:25  LOADEND ISLAVE                                   0
                14:29:55:26  Start Input for Next Load Case
                14:29:55:26  case no= 3203 seq. no=  96 idynl= 0
                14:29:55:27  LOADEND ISLAVE                                   0
                14:29:55:27  Start Input for Next Load Case
                14:29:55:28  case no= 3204 seq. no=  97 idynl= 0
                14:29:55:28  LOADEND ISLAVE                                   0
                14:29:55:29  Start Input for Next Load Case
                14:29:55:29  case no= 3205 seq. no=  98 idynl= 0
                14:29:55:30  LOADEND ISLAVE                                   0
                14:29:55:30  Start Input for Next Load Case
                14:29:55:31  case no= 3206 seq. no=  99 idynl= 0
                14:29:55:31  LOADEND ISLAVE                                   0
                14:29:55:32  Start Input for Next Load Case
                14:29:55:32  case no= 3207 seq. no= 100 idynl= 0
                14:29:55:33  LOADEND ISLAVE                                   0
                14:29:55:33  Start Input for Next Load Case
                14:29:55:34  case no= 3208 seq. no= 101 idynl= 0
                14:29:55:34  LOADEND ISLAVE                                   0
                14:29:55:35  NVPREV                                           0
                14:29:55:35  AMAXNON                               4.475066E-01
                14:29:55:36  IRECSIZL=                                     4000
                14:29:55:36  MTX BLOCKSIZE=                                 120
                14:29:55:37  MI=                                            120
                14:29:55:37  NORECL=                                          1
                14:29:55:38  NORECL1=                                         1
                14:29:55:38  IWORD=                                       32000
                14:29:55:39  JRECSIZE=                                     4000
                14:29:55:39  IWORDJ=                                      32000
                14:29:55:40  IBYTE=                                           4
                14:29:55:40  JOINTS=                                         22
                14:29:55:41  MEMBERS=                                        23
                14:29:55:41  PLATES =                                         0
                14:29:55:41  SOLIDS =                                         0
                14:29:55:42  NO. OF EQUATIONS=                              120
                14:29:55:42  idyn=                                            0
                14:29:55:43  ipd=                                             0
                14:29:55:43  icablanl=                                        0
                14:29:55:44  ++ Processing Element Stiffness Matrix.
                14:29:55:44  NV1                                            101
                14:29:55:56  ++ Calculating Element Forces & Reactions.
                14:29:56:11  COMBINATION CASES=                               0
                14:29:56:11  MAX CM MEMORY (KILOWORDS)                       38
                14:29:56:12  AFTER SOLVER 1
                14:29:56:14  REOPEN AS SEQ                                    0
                14:29:56:14  DEFINE ENVELOPE
                14:29:56:16  LOAD LIST 1101 TO 110
                14:29:56:16  PARAMETER 1
                14:29:56:17  CHECK CODE ALL
                14:29:56:17  ENTERING SECTNM110 IQ=                          23
                14:29:56:18               NSEC=                              11
                14:29:56:18             ISECTN=                               0
                14:29:56:21  SECTNM110 DO 925
                14:29:56:24  ENTERING ENVLP1 ITYP1=                          -3
                14:29:56:24  SECT DISPLACE
                14:29:56:28  Steel/Alum/Timber Design                        52
                14:29:56:32    ++ Finished Design ...
                14:29:56:32  Steel/Timber Design exit
                14:29:56:33  LOAD LIST 2101 TO 210
                14:29:56:33  PARAMETER 1
                14:29:56:35  CHECK CODE ALL
                14:29:56:35  ENTERING ENVLP1 ITYP1=                          -3
                14:29:56:36  SECT DISPLACE
                14:29:56:40  Steel/Alum/Timber Design                        52
                14:29:56:41    ++ Finished Design ...
                14:29:56:41  Steel/Timber Design exit
                14:29:56:42  LOAD LIST ENV 4 TO 7
                14:29:56:43  PARAMETER 1
                14:29:56:44  CHECK CODE ALL
                14:29:56:44  ENTERING ENVLP1 ITYP1=                          -3
                14:29:56:45  SECT DISPLACE
                14:29:56:49  Steel/Alum/Timber Design                        52
                14:29:56:53    ++ Finished Design ...
                14:29:56:53  Steel/Timber Design exit
                14:29:56:54  PRINT JOINT DISPLACEM
                14:29:56:55  DRAW ISOM JOIN MEMB
                14:29:56:55  ENTERING SECTNM110 IQ=                          23
                14:29:56:56               NSEC=                              11
                14:29:56:56             ISECTN=                               0
                14:29:56:59  SECTNM110 DO 925
                14:29:56:63  PRINT SUPPORT REACTIO
                14:29:56:63  DRAW ISOM SUPP PROP
                14:29:56:64  ENTERING SECTNM110 IQ=                          23
                14:29:56:64               NSEC=                              11
                14:29:56:65             ISECTN=                               0
                14:29:56:68  SECTNM110 DO 925
                14:29:56:71  DRAW ISOM SHAP
                14:29:56:71  ENTERING SECTNM110 IQ=                          23
                14:29:56:72               NSEC=                              11
                14:29:56:73             ISECTN=                               0
                14:29:56:76  SECTNM110 DO 925
                14:29:56:79  PRINT CG
                14:29:56:79  FINISH
                14:29:56:80  All Commands FINISHed
                14:29:56:80  DATASAVE for SPRO GUI
                14:29:56:81  ++ Creating Displacement File (DSP)...
                14:29:56:83  ++ Creating Reaction File (REA)...
                14:29:56:83  ++ Creating Section Force File (BMD)...
                14:29:56:87  ++ Creating Section Displace File (SEC)...
                14:29:56:87  ENTERING ENVLP1 ITYP1=                          -5
                14:29:56:88  SECT DISPLACE
                14:29:56:93  ++ Creating Section Displace File (SCN)...
                14:29:56:97  ++ Creating Design information File (DGN)...
                14:29:56:98  ALLOCATED CM MEMORY (KILOWORDS)             300000
                14:29:56:98  MAX CM MEMORY (KILOWORDS)                      118
                14:29:56:99  DBS LONG SEC NAME
* End Of Analysis At Tue Aug 20 14:29:57 2024
* CPU usage = 3.944000
* STAAD Exit Code: 100, Warning Count: 0, Error Count: 0, Duration: 3.944
1 0 0 3.944
****************************************************************************
*                            END OF ANALYSIS                               *
****************************************************************************
