08/20/2024 14:18:55	Reading UID database.
08/20/2024 14:18:55	Start loading STAAD model.
08/20/2024 14:18:55	Reading model file.
08/20/2024 14:18:55	Reading model file is complete.
08/20/2024 14:18:55	Processing support.
08/20/2024 14:18:55	Processing springs.
08/20/2024 14:18:55	Processing properties.
08/20/2024 14:18:55	Processing physical properties.
08/20/2024 14:18:55	Processing constants.
08/20/2024 14:18:55	Processing BETA constants.
08/20/2024 14:18:55	Processing hidden analytical member loads.
08/20/2024 14:18:55	Processing command list for member release.
08/20/2024 14:18:55	Processing command list for member offset.
08/20/2024 14:18:55	Processing command list for member specs (cracked).
08/20/2024 14:18:55	Processing command list for member specs (axial).
08/20/2024 14:18:55	Processing command list for element release.
08/20/2024 14:18:55	Processing command list for element offset.
08/20/2024 14:18:55	Processing command list for element plate stress directive.
08/20/2024 14:18:55	Processing parameter for Chinese wind load case.
08/20/2024 14:18:55	End Processing command list.
08/20/2024 14:18:55	End loading STAAD model.
08/20/2024 14:18:55	Start Post Analysis method
08/20/2024 14:18:55	Removed all hidden plates from surfaces
08/20/2024 14:18:55	Removed all hidden plates
08/20/2024 14:18:55	Removed all hidden nodes
08/20/2024 14:18:55	Loading results from MSH file...
08/20/2024 14:18:55	Building result indices...
08/20/2024 14:18:55	Loading plate stress results...
08/20/2024 14:18:55	Set analysis report setup data
08/20/2024 14:18:55	Starting page setup...
08/20/2024 14:18:55	Page setup completed
08/20/2024 14:18:55	Setting available workflows...
08/20/2024 14:18:55	Post analysis method ends
08/20/2024 14:19:10	Start Post Analysis method
08/20/2024 14:19:10	Removed all hidden plates from surfaces
08/20/2024 14:19:10	Removed all hidden plates
08/20/2024 14:19:10	Removed all hidden nodes
08/20/2024 14:19:10	Loading results from MSH file...
08/20/2024 14:19:10	Building result indices...
08/20/2024 14:19:10	Loading plate stress results...
08/20/2024 14:19:10	Set analysis report setup data
08/20/2024 14:19:10	Starting page setup...
08/20/2024 14:19:10	Page setup completed
08/20/2024 14:19:10	Setting available workflows...
08/20/2024 14:19:10	Post analysis method ends
08/20/2024 14:28:22	Reading UID database.
08/20/2024 14:28:22	Start loading STAAD model.
08/20/2024 14:28:22	Reading model file.
08/20/2024 14:28:22	Reading model file is complete.
08/20/2024 14:28:22	Processing support.
08/20/2024 14:28:22	Processing springs.
08/20/2024 14:28:22	Processing properties.
08/20/2024 14:28:22	Processing physical properties.
08/20/2024 14:28:22	Processing constants.
08/20/2024 14:28:22	Processing BETA constants.
08/20/2024 14:28:22	Processing hidden analytical member loads.
08/20/2024 14:28:22	Processing command list for member release.
08/20/2024 14:28:22	Processing command list for member offset.
08/20/2024 14:28:22	Processing command list for member specs (cracked).
08/20/2024 14:28:22	Processing command list for member specs (axial).
08/20/2024 14:28:22	Processing command list for element release.
08/20/2024 14:28:22	Processing command list for element offset.
08/20/2024 14:28:22	Processing command list for element plate stress directive.
08/20/2024 14:28:22	Processing parameter for Chinese wind load case.
08/20/2024 14:28:22	End Processing command list.
08/20/2024 14:28:26	End loading STAAD model.
08/20/2024 14:29:24	Reading UID database.
08/20/2024 14:29:24	Start loading STAAD model.
08/20/2024 14:29:24	Reading model file.
08/20/2024 14:29:25	Reading model file is complete.
08/20/2024 14:29:25	Processing support.
08/20/2024 14:29:25	Processing springs.
08/20/2024 14:29:25	Processing properties.
08/20/2024 14:29:25	Processing physical properties.
08/20/2024 14:29:25	Processing constants.
08/20/2024 14:29:25	Processing BETA constants.
08/20/2024 14:29:25	Processing hidden analytical member loads.
08/20/2024 14:29:25	Processing command list for member release.
08/20/2024 14:29:25	Processing command list for member offset.
08/20/2024 14:29:25	Processing command list for member specs (cracked).
08/20/2024 14:29:25	Processing command list for member specs (axial).
08/20/2024 14:29:25	Processing command list for element release.
08/20/2024 14:29:25	Processing command list for element offset.
08/20/2024 14:29:25	Processing command list for element plate stress directive.
08/20/2024 14:29:25	Processing parameter for Chinese wind load case.
08/20/2024 14:29:25	End Processing command list.
08/20/2024 14:29:25	End loading STAAD model.
08/20/2024 14:29:25	Start Post Analysis method
08/20/2024 14:29:25	Removed all hidden plates from surfaces
08/20/2024 14:29:25	Removed all hidden plates
08/20/2024 14:29:25	Removed all hidden nodes
08/20/2024 14:29:25	Loading results from MSH file...
08/20/2024 14:29:25	Building result indices...
08/20/2024 14:29:25	Loading plate stress results...
08/20/2024 14:29:25	Set analysis report setup data
08/20/2024 14:29:25	Starting page setup...
08/20/2024 14:29:25	Page setup completed
08/20/2024 14:29:25	Setting available workflows...
08/20/2024 14:29:25	Post analysis method ends
08/20/2024 14:29:59	Start Post Analysis method
08/20/2024 14:29:59	Removed all hidden plates from surfaces
08/20/2024 14:29:59	Removed all hidden plates
08/20/2024 14:29:59	Removed all hidden nodes
08/20/2024 14:29:59	Loading results from MSH file...
08/20/2024 14:29:59	Building result indices...
08/20/2024 14:29:59	Loading plate stress results...
08/20/2024 14:29:59	Set analysis report setup data
08/20/2024 14:29:59	Starting page setup...
08/20/2024 14:29:59	Page setup completed
08/20/2024 14:29:59	Setting available workflows...
08/20/2024 14:29:59	Post analysis method ends
