07/17/2024 19:24:16	Reading UID database.
07/17/2024 19:24:16	Start loading STAAD model.
07/17/2024 19:24:16	Reading model file.
07/17/2024 19:24:16	Reading model file is complete.
07/17/2024 19:24:16	Processing support.
07/17/2024 19:24:16	Processing springs.
07/17/2024 19:24:16	Processing properties.
07/17/2024 19:24:16	Processing physical properties.
07/17/2024 19:24:16	Processing constants.
07/17/2024 19:24:16	Processing BETA constants.
07/17/2024 19:24:16	Processing hidden analytical member loads.
07/17/2024 19:24:16	Processing command list for member release.
07/17/2024 19:24:16	Processing command list for member offset.
07/17/2024 19:24:16	Processing command list for member specs (cracked).
07/17/2024 19:24:16	Processing command list for member specs (axial).
07/17/2024 19:24:16	Processing command list for element release.
07/17/2024 19:24:16	Processing command list for element offset.
07/17/2024 19:24:16	Processing command list for element plate stress directive.
07/17/2024 19:24:16	Processing parameter for Chinese wind load case.
07/17/2024 19:24:16	End Processing command list.
07/17/2024 19:24:16	End loading STAAD model.
07/17/2024 19:24:16	Start Post Analysis method
07/17/2024 19:24:16	Removed all hidden plates from surfaces
07/17/2024 19:24:16	Removed all hidden plates
07/17/2024 19:24:16	Removed all hidden nodes
07/17/2024 19:24:16	Loading results from MSH file...
07/17/2024 19:24:16	Building result indices...
07/17/2024 19:24:16	Loading plate stress results...
07/17/2024 19:24:16	Set analysis report setup data
07/17/2024 19:24:16	Starting page setup...
07/17/2024 19:24:16	Page setup completed
07/17/2024 19:24:16	Setting available workflows...
07/17/2024 19:24:16	Post analysis method ends
07/17/2024 19:27:51	Reading UID database.
07/17/2024 19:27:51	Start loading STAAD model.
07/17/2024 19:27:51	Reading model file.
07/17/2024 19:27:52	Reading model file is complete.
07/17/2024 19:27:52	Processing support.
07/17/2024 19:27:52	Processing springs.
07/17/2024 19:27:52	Processing properties.
07/17/2024 19:27:52	Processing physical properties.
07/17/2024 19:27:52	Processing constants.
07/17/2024 19:27:52	Processing BETA constants.
07/17/2024 19:27:52	Processing hidden analytical member loads.
07/17/2024 19:27:52	Processing command list for member release.
07/17/2024 19:27:52	Processing command list for member offset.
07/17/2024 19:27:52	Processing command list for member specs (cracked).
07/17/2024 19:27:52	Processing command list for member specs (axial).
07/17/2024 19:27:52	Processing command list for element release.
07/17/2024 19:27:52	Processing command list for element offset.
07/17/2024 19:27:52	Processing command list for element plate stress directive.
07/17/2024 19:27:52	Processing parameter for Chinese wind load case.
07/17/2024 19:27:52	End Processing command list.
07/17/2024 19:27:52	End loading STAAD model.
07/17/2024 19:27:52	Start Post Analysis method
07/17/2024 19:27:52	Removed all hidden plates from surfaces
07/17/2024 19:27:52	Removed all hidden plates
07/17/2024 19:27:52	Removed all hidden nodes
07/17/2024 19:27:52	Loading results from MSH file...
07/17/2024 19:27:52	Building result indices...
07/17/2024 19:27:52	Loading plate stress results...
07/17/2024 19:27:52	Set analysis report setup data
07/17/2024 19:27:52	Starting page setup...
07/17/2024 19:27:52	Page setup completed
07/17/2024 19:27:52	Setting available workflows...
07/17/2024 19:27:52	Post analysis method ends
07/17/2024 19:28:09	Start Post Analysis method
07/17/2024 19:28:09	Removed all hidden plates from surfaces
07/17/2024 19:28:09	Removed all hidden plates
07/17/2024 19:28:09	Removed all hidden nodes
07/17/2024 19:28:09	Loading results from MSH file...
07/17/2024 19:28:09	Building result indices...
07/17/2024 19:28:09	Loading plate stress results...
07/17/2024 19:28:09	Set analysis report setup data
07/17/2024 19:28:09	Starting page setup...
07/17/2024 19:28:09	Page setup completed
07/17/2024 19:28:09	Setting available workflows...
07/17/2024 19:28:09	Post analysis method ends
