07/15/2024 10:22:32	Reading UID database.
07/15/2024 10:22:32	Start loading STAAD model.
07/15/2024 10:22:32	Reading model file.
07/15/2024 10:22:33	Reading model file is complete.
07/15/2024 10:22:33	Processing support.
07/15/2024 10:22:33	Processing springs.
07/15/2024 10:22:33	Processing properties.
07/15/2024 10:22:33	Processing physical properties.
07/15/2024 10:22:33	Processing constants.
07/15/2024 10:22:33	Processing BETA constants.
07/15/2024 10:22:33	Processing hidden analytical member loads.
07/15/2024 10:22:33	Processing command list for member release.
07/15/2024 10:22:33	Processing command list for member offset.
07/15/2024 10:22:33	Processing command list for member specs (cracked).
07/15/2024 10:22:33	Processing command list for member specs (axial).
07/15/2024 10:22:33	Processing command list for element release.
07/15/2024 10:22:33	Processing command list for element offset.
07/15/2024 10:22:33	Processing command list for element plate stress directive.
07/15/2024 10:22:33	Processing parameter for Chinese wind load case.
07/15/2024 10:22:33	End Processing command list.
07/15/2024 10:22:33	End loading STAAD model.
07/15/2024 10:22:33	Start Post Analysis method
07/15/2024 10:22:33	Removed all hidden plates from surfaces
07/15/2024 10:22:33	Removed all hidden plates
07/15/2024 10:22:33	Removed all hidden nodes
07/15/2024 10:22:33	Loading results from MSH file...
07/15/2024 10:22:33	Building result indices...
07/15/2024 10:22:33	Loading plate stress results...
07/15/2024 10:22:33	Set analysis report setup data
07/15/2024 10:22:33	Starting page setup...
07/15/2024 10:22:33	Page setup completed
07/15/2024 10:22:33	Setting available workflows...
07/15/2024 10:22:33	Post analysis method ends
07/15/2024 10:30:48	Reading UID database.
07/15/2024 10:30:48	Start loading STAAD model.
07/15/2024 10:30:48	Reading model file.
07/15/2024 10:30:48	Reading model file is complete.
07/15/2024 10:30:48	Processing support.
07/15/2024 10:30:48	Processing springs.
07/15/2024 10:30:48	Processing properties.
07/15/2024 10:30:48	Processing physical properties.
07/15/2024 10:30:48	Processing constants.
07/15/2024 10:30:48	Processing BETA constants.
07/15/2024 10:30:48	Processing hidden analytical member loads.
07/15/2024 10:30:48	Processing command list for member release.
07/15/2024 10:30:48	Processing command list for member offset.
07/15/2024 10:30:48	Processing command list for member specs (cracked).
07/15/2024 10:30:48	Processing command list for member specs (axial).
07/15/2024 10:30:48	Processing command list for element release.
07/15/2024 10:30:48	Processing command list for element offset.
07/15/2024 10:30:48	Processing command list for element plate stress directive.
07/15/2024 10:30:48	Processing parameter for Chinese wind load case.
07/15/2024 10:30:48	End Processing command list.
07/15/2024 10:30:48	End loading STAAD model.
07/15/2024 10:30:48	Start Post Analysis method
07/15/2024 10:30:48	Removed all hidden plates from surfaces
07/15/2024 10:30:48	Removed all hidden plates
07/15/2024 10:30:48	Removed all hidden nodes
07/15/2024 10:30:48	Loading results from MSH file...
07/15/2024 10:30:48	Building result indices...
07/15/2024 10:30:48	Loading plate stress results...
07/15/2024 10:30:48	Set analysis report setup data
07/15/2024 10:30:48	Starting page setup...
07/15/2024 10:30:48	Page setup completed
07/15/2024 10:30:48	Setting available workflows...
07/15/2024 10:30:48	Post analysis method ends
07/15/2024 10:32:03	Start Post Analysis method
07/15/2024 10:32:03	Removed all hidden plates from surfaces
07/15/2024 10:32:03	Removed all hidden plates
07/15/2024 10:32:03	Removed all hidden nodes
07/15/2024 10:32:03	Loading results from MSH file...
07/15/2024 10:32:03	Building result indices...
07/15/2024 10:32:03	Loading plate stress results...
07/15/2024 10:32:03	Set analysis report setup data
07/15/2024 10:32:03	Starting page setup...
07/15/2024 10:32:03	Page setup completed
07/15/2024 10:32:03	Setting available workflows...
07/15/2024 10:32:03	Post analysis method ends
07/15/2024 10:32:22	Start Post Analysis method
07/15/2024 10:32:22	Removed all hidden plates from surfaces
07/15/2024 10:32:22	Removed all hidden plates
07/15/2024 10:32:22	Removed all hidden nodes
07/15/2024 10:32:22	Loading results from MSH file...
07/15/2024 10:32:22	Building result indices...
07/15/2024 10:32:22	Loading plate stress results...
07/15/2024 10:32:22	Set analysis report setup data
07/15/2024 10:32:22	Starting page setup...
07/15/2024 10:32:22	Page setup completed
07/15/2024 10:32:22	Setting available workflows...
07/15/2024 10:32:22	Post analysis method ends
