08/05/2024 16:14:29	Reading UID database.
08/05/2024 16:14:29	Start loading STAAD model.
08/05/2024 16:14:29	Reading model file.
08/05/2024 16:14:29	Reading model file is complete.
08/05/2024 16:14:29	Processing support.
08/05/2024 16:14:29	Processing springs.
08/05/2024 16:14:29	Processing properties.
08/05/2024 16:14:29	Processing physical properties.
08/05/2024 16:14:29	Processing constants.
08/05/2024 16:14:29	Processing BETA constants.
08/05/2024 16:14:29	Processing hidden analytical member loads.
08/05/2024 16:14:29	Processing command list for member release.
08/05/2024 16:14:29	Processing command list for member offset.
08/05/2024 16:14:29	Processing command list for member specs (cracked).
08/05/2024 16:14:29	Processing command list for member specs (axial).
08/05/2024 16:14:29	Processing command list for element release.
08/05/2024 16:14:29	Processing command list for element offset.
08/05/2024 16:14:29	Processing command list for element plate stress directive.
08/05/2024 16:14:29	Processing parameter for Chinese wind load case.
08/05/2024 16:14:29	End Processing command list.
08/05/2024 16:14:29	End loading STAAD model.
08/05/2024 16:14:29	Start Post Analysis method
08/05/2024 16:14:29	Removed all hidden plates from surfaces
08/05/2024 16:14:29	Removed all hidden plates
08/05/2024 16:14:29	Removed all hidden nodes
08/05/2024 16:14:29	Loading results from MSH file...
08/05/2024 16:14:29	Building result indices...
08/05/2024 16:14:29	Loading plate stress results...
08/05/2024 16:14:29	Set analysis report setup data
08/05/2024 16:14:29	Starting page setup...
08/05/2024 16:14:29	Page setup completed
08/05/2024 16:14:29	Setting available workflows...
08/05/2024 16:14:29	Post analysis method ends
08/05/2024 16:22:30	Start Post Analysis method
08/05/2024 16:22:30	Removed all hidden plates from surfaces
08/05/2024 16:22:30	Removed all hidden plates
08/05/2024 16:22:30	Removed all hidden nodes
08/05/2024 16:22:30	Loading results from MSH file...
08/05/2024 16:22:30	Building result indices...
08/05/2024 16:22:30	Loading plate stress results...
08/05/2024 16:22:30	Set analysis report setup data
08/05/2024 16:22:30	Starting page setup...
08/05/2024 16:22:30	Page setup completed
08/05/2024 16:22:30	Setting available workflows...
08/05/2024 16:22:30	Post analysis method ends
08/05/2024 16:24:31	Reading UID database.
08/05/2024 16:24:31	Start loading STAAD model.
08/05/2024 16:24:31	Reading model file.
08/05/2024 16:24:31	Reading model file is complete.
08/05/2024 16:24:31	Processing support.
08/05/2024 16:24:31	Processing springs.
08/05/2024 16:24:31	Processing properties.
08/05/2024 16:24:31	Processing physical properties.
08/05/2024 16:24:31	Processing constants.
08/05/2024 16:24:31	Processing BETA constants.
08/05/2024 16:24:31	Processing hidden analytical member loads.
08/05/2024 16:24:31	Processing command list for member release.
08/05/2024 16:24:31	Processing command list for member offset.
08/05/2024 16:24:31	Processing command list for member specs (cracked).
08/05/2024 16:24:31	Processing command list for member specs (axial).
08/05/2024 16:24:31	Processing command list for element release.
08/05/2024 16:24:31	Processing command list for element offset.
08/05/2024 16:24:31	Processing command list for element plate stress directive.
08/05/2024 16:24:31	Processing parameter for Chinese wind load case.
08/05/2024 16:24:31	End Processing command list.
08/05/2024 16:24:31	End loading STAAD model.
08/05/2024 16:24:31	Start Post Analysis method
08/05/2024 16:24:31	Removed all hidden plates from surfaces
08/05/2024 16:24:31	Removed all hidden plates
08/05/2024 16:24:31	Removed all hidden nodes
08/05/2024 16:24:31	Loading results from MSH file...
08/05/2024 16:24:31	Building result indices...
08/05/2024 16:24:31	Loading plate stress results...
08/05/2024 16:24:31	Set analysis report setup data
08/05/2024 16:24:31	Starting page setup...
08/05/2024 16:24:31	Page setup completed
08/05/2024 16:24:31	Setting available workflows...
08/05/2024 16:24:31	Post analysis method ends
08/05/2024 16:24:46	Start Post Analysis method
08/05/2024 16:24:46	Removed all hidden plates from surfaces
08/05/2024 16:24:46	Removed all hidden plates
08/05/2024 16:24:46	Removed all hidden nodes
08/05/2024 16:24:46	Loading results from MSH file...
08/05/2024 16:24:46	Building result indices...
08/05/2024 16:24:46	Loading plate stress results...
08/05/2024 16:24:46	Set analysis report setup data
08/05/2024 16:24:46	Starting page setup...
08/05/2024 16:24:46	Page setup completed
08/05/2024 16:24:46	Setting available workflows...
08/05/2024 16:24:46	Post analysis method ends
