16:24:40	Initializing STAAD Engine
16:24:40	Run stream set up is complete.
16:24:40	Initialize license libraries.
16:24:40	License libraries initialized.
16:24:40	Starting license(s) for A & D engine.
16:24:41	License Status: Ok
16:24:41	License information set up is complete.
****************************************************************************
*                            START OF ANALYSIS                             *
****************************************************************************
* Initiating Analysis At Mon Aug  5 16:24:41 2024
                          PROGRAM: STAAD.Pro
                          VERSION: 23.00.01.25
                16:24:41:52  ENTERING STAAD
                16:24:41:55  USING 64 BIT STAAD ENGINE
                16:24:41:55  ENTERING MAINN
                16:24:41:56  START JOB INFORMATION
                16:24:41:56  INPUT WIDTH 79
                16:24:41:57  UNIT MMS KN
                16:24:41:57  JOINT COORDINATES
                16:24:41:57  ENTERING JOINTC
                16:24:41:58  JOINTC NEWJ                                 400000
                16:24:41:59  MAX NODE NO.                                     5
                16:24:41:59  MEMBER INCIDENCES
                16:24:41:59  UNIT METER KN
                16:24:41:60  DEFINE MATERIAL START
                16:24:41:60  UNIT MMS KN
                16:24:41:61  MEMBER PROPERTY EUROP
                16:24:42: 3    ++ Finished Reading Member Properties ...
                16:24:42: 3  CONSTANTS
                16:24:42: 3  SUPPORTS
                16:24:42: 4  ENTERING SUPPORT
                16:24:42: 4  MEMBER OFFSET
                16:24:42: 5  DEFINE WIND LOAD
                16:24:42: 6  LOAD 121 LOADTYPE DEA
                16:24:42: 6  DUPLICATE ELEMENT CHECK
                16:24:42: 7  CHECKING STRUCTURAL INTEGRITY
                16:24:42: 7  CHECK UNCONNECTED JOINTS AND
                16:24:42: 8  CALCULATE MAX JOINT CONNECTIVITY
                16:24:42: 8  CHECK MULTIPLE STRUCTURES
                16:24:42: 9  ENTERING SUPPORT
                16:24:42: 9  NRJOLD                                           0
                16:24:42:10  SUPPORT NOLD                                     0
                16:24:42:10  SUPPORT N                                       24
                16:24:42:10  BEFORE LOADPR
                16:24:42:11  REOPEN AS DIR                                    0
                16:24:42:11  ENTER LOADPR
                16:24:42:22  PERFORM ANALYSIS PRIN
                16:24:42:22  pdel iter                                        0
                16:24:42:22  MAXIMUM E =                           2.973273E+04
                16:24:42:23  MINIMUM E =                           2.973273E+04
                16:24:42:23  MBW DOF BAND=                                    1
                16:24:42:24  NUMBER OF PRIMARY CASES                        101
                16:24:42:24  NUMBER OF CASES                                252
                16:24:42:25  #OF CASES W/ELEM INMEMORY                      252
                16:24:42:25  MEMORY FOR MEMBER LOADS                      12096
                16:24:42:25  MEMORY FOR MEMBER FORCES                     12096
                16:24:42:26  Using 64-bit analysis engine
                16:24:42:26  BEFORE SOLVER 1
                16:24:42:27  Start Input for Next Load Case
                16:24:42:27  case no=  121 seq. no=   1 idynl= 0
                16:24:42:28  MASSSET                                          0
                16:24:42:28  LOADEND ISLAVE                                   0
                16:24:42:29  Start Input for Next Load Case
                16:24:42:29  case no=  201 seq. no=   2 idynl= 0
                16:24:42:29  LOADEND ISLAVE                                   0
                16:24:42:30  Start Input for Next Load Case
                16:24:42:30  case no=  202 seq. no=   3 idynl= 0
                16:24:42:31  LOADEND ISLAVE                                   0
                16:24:42:31  Start Input for Next Load Case
                16:24:42:32  case no=  203 seq. no=   4 idynl= 0
                16:24:42:32  LOADEND ISLAVE                                   0
                16:24:42:33  Start Input for Next Load Case
                16:24:42:33  case no=  204 seq. no=   5 idynl= 0
                16:24:42:34  LOADEND ISLAVE                                   0
                16:24:42:34  Start Input for Next Load Case
                16:24:42:35  case no=  205 seq. no=   6 idynl= 0
                16:24:42:35  LOADEND ISLAVE                                   0
                16:24:42:36  Start Input for Next Load Case
                16:24:42:37  case no=  206 seq. no=   7 idynl= 0
                16:24:42:37  LOADEND ISLAVE                                   0
                16:24:42:38  Start Input for Next Load Case
                16:24:42:39  case no=  207 seq. no=   8 idynl= 0
                16:24:42:39  LOADEND ISLAVE                                   0
                16:24:42:40  Start Input for Next Load Case
                16:24:42:40  case no=  208 seq. no=   9 idynl= 0
                16:24:42:41  LOADEND ISLAVE                                   0
                16:24:42:41  Start Input for Next Load Case
                16:24:42:42  case no=  312 seq. no=  10 idynl= 0
                16:24:42:42  LOADEND ISLAVE                                   0
                16:24:42:42  Start Input for Next Load Case
                16:24:42:43  case no=  313 seq. no=  11 idynl= 0
                16:24:42:43  LOADEND ISLAVE                                   0
                16:24:42:44  Start Input for Next Load Case
                16:24:42:44  case no=  314 seq. no=  12 idynl= 0
                16:24:42:45  LOADEND ISLAVE                                   0
                16:24:42:45  Start Input for Next Load Case
                16:24:42:45  case no=  315 seq. no=  13 idynl= 0
                16:24:42:46  LOADEND ISLAVE                                   0
                16:24:42:46  Start Input for Next Load Case
                16:24:42:47  case no=  322 seq. no=  14 idynl= 0
                16:24:42:47  LOADEND ISLAVE                                   0
                16:24:42:47  Start Input for Next Load Case
                16:24:42:48  case no=  323 seq. no=  15 idynl= 0
                16:24:42:48  LOADEND ISLAVE                                   0
                16:24:42:49  Start Input for Next Load Case
                16:24:42:49  case no=  324 seq. no=  16 idynl= 0
                16:24:42:50  LOADEND ISLAVE                                   0
                16:24:42:50  Start Input for Next Load Case
                16:24:42:50  case no=  325 seq. no=  17 idynl= 0
                16:24:42:51  LOADEND ISLAVE                                   0
                16:24:42:51  Start Input for Next Load Case
                16:24:42:52  case no=  332 seq. no=  18 idynl= 0
                16:24:42:52  LOADEND ISLAVE                                   0
                16:24:42:52  Start Input for Next Load Case
                16:24:42:53  case no=  333 seq. no=  19 idynl= 0
                16:24:42:53  LOADEND ISLAVE                                   0
                16:24:42:54  Start Input for Next Load Case
                16:24:42:54  case no=  334 seq. no=  20 idynl= 0
                16:24:42:54  LOADEND ISLAVE                                   0
                16:24:42:55  Start Input for Next Load Case
                16:24:42:55  case no=  335 seq. no=  21 idynl= 0
                16:24:42:56  LOADEND ISLAVE                                   0
                16:24:42:56  Start Input for Next Load Case
                16:24:42:57  case no=  411 seq. no=  22 idynl= 0
                16:24:42:57  LOADEND ISLAVE                                   0
                16:24:42:57  Start Input for Next Load Case
                16:24:42:58  case no=  412 seq. no=  23 idynl= 0
                16:24:42:58  LOADEND ISLAVE                                   0
                16:24:42:59  Start Input for Next Load Case
                16:24:42:59  case no=  413 seq. no=  24 idynl= 0
                16:24:42:60  LOADEND ISLAVE                                   0
                16:24:42:60  Start Input for Next Load Case
                16:24:42:60  case no=  414 seq. no=  25 idynl= 0
                16:24:42:61  LOADEND ISLAVE                                   0
                16:24:42:61  Start Input for Next Load Case
                16:24:42:62  case no=  415 seq. no=  26 idynl= 0
                16:24:42:62  LOADEND ISLAVE                                   0
                16:24:42:62  Start Input for Next Load Case
                16:24:42:63  case no=  416 seq. no=  27 idynl= 0
                16:24:42:63  LOADEND ISLAVE                                   0
                16:24:42:64  Start Input for Next Load Case
                16:24:42:64  case no=  417 seq. no=  28 idynl= 0
                16:24:42:64  LOADEND ISLAVE                                   0
                16:24:42:65  Start Input for Next Load Case
                16:24:42:65  case no=  418 seq. no=  29 idynl= 0
                16:24:42:66  LOADEND ISLAVE                                   0
                16:24:42:66  Start Input for Next Load Case
                16:24:42:67  case no=  421 seq. no=  30 idynl= 0
                16:24:42:67  LOADEND ISLAVE                                   0
                16:24:42:67  Start Input for Next Load Case
                16:24:42:68  case no=  422 seq. no=  31 idynl= 0
                16:24:42:68  LOADEND ISLAVE                                   0
                16:24:42:69  Start Input for Next Load Case
                16:24:42:69  case no=  423 seq. no=  32 idynl= 0
                16:24:42:70  LOADEND ISLAVE                                   0
                16:24:42:70  Start Input for Next Load Case
                16:24:42:71  case no=  424 seq. no=  33 idynl= 0
                16:24:42:71  LOADEND ISLAVE                                   0
                16:24:42:71  Start Input for Next Load Case
                16:24:42:72  case no=  425 seq. no=  34 idynl= 0
                16:24:42:72  LOADEND ISLAVE                                   0
                16:24:42:73  Start Input for Next Load Case
                16:24:42:73  case no=  426 seq. no=  35 idynl= 0
                16:24:42:74  LOADEND ISLAVE                                   0
                16:24:42:74  Start Input for Next Load Case
                16:24:42:74  case no=  427 seq. no=  36 idynl= 0
                16:24:42:75  LOADEND ISLAVE                                   0
                16:24:42:75  Start Input for Next Load Case
                16:24:42:76  case no=  428 seq. no=  37 idynl= 0
                16:24:42:76  LOADEND ISLAVE                                   0
                16:24:42:77  Start Input for Next Load Case
                16:24:42:77  case no=  711 seq. no=  38 idynl= 0
                16:24:42:77  LOADEND ISLAVE                                   0
                16:24:42:78  Start Input for Next Load Case
                16:24:42:78  case no=  712 seq. no=  39 idynl= 0
                16:24:42:79  LOADEND ISLAVE                                   0
                16:24:42:79  Start Input for Next Load Case
                16:24:42:79  case no=  713 seq. no=  40 idynl= 0
                16:24:42:80  LOADEND ISLAVE                                   0
                16:24:42:80  Start Input for Next Load Case
                16:24:42:81  case no=  714 seq. no=  41 idynl= 0
                16:24:42:81  LOADEND ISLAVE                                   0
                16:24:42:82  Start Input for Next Load Case
                16:24:42:82  case no=  715 seq. no=  42 idynl= 0
                16:24:42:83  LOADEND ISLAVE                                   0
                16:24:42:83  Start Input for Next Load Case
                16:24:42:83  case no=  716 seq. no=  43 idynl= 0
                16:24:42:84  LOADEND ISLAVE                                   0
                16:24:42:84  Start Input for Next Load Case
                16:24:42:85  case no=  717 seq. no=  44 idynl= 0
                16:24:42:85  LOADEND ISLAVE                                   0
                16:24:42:86  Start Input for Next Load Case
                16:24:42:86  case no=  718 seq. no=  45 idynl= 0
                16:24:42:87  LOADEND ISLAVE                                   0
                16:24:42:87  Start Input for Next Load Case
                16:24:42:87  case no= 1101 seq. no=  46 idynl= 0
                16:24:42:88  LOADEND ISLAVE                                   0
                16:24:42:88  Start Input for Next Load Case
                16:24:42:89  case no= 1102 seq. no=  47 idynl= 0
                16:24:42:89  LOADEND ISLAVE                                   0
                16:24:42:90  Start Input for Next Load Case
                16:24:42:90  case no= 1103 seq. no=  48 idynl= 0
                16:24:42:91  LOADEND ISLAVE                                   0
                16:24:42:91  Start Input for Next Load Case
                16:24:42:92  case no= 1104 seq. no=  49 idynl= 0
                16:24:42:92  LOADEND ISLAVE                                   0
                16:24:42:92  Start Input for Next Load Case
                16:24:42:93  case no= 1105 seq. no=  50 idynl= 0
                16:24:42:93  LOADEND ISLAVE                                   0
                16:24:42:94  Start Input for Next Load Case
                16:24:42:94  case no= 1106 seq. no=  51 idynl= 0
                16:24:42:95  LOADEND ISLAVE                                   0
                16:24:42:95  Start Input for Next Load Case
                16:24:42:96  case no= 1107 seq. no=  52 idynl= 0
                16:24:42:96  LOADEND ISLAVE                                   0
                16:24:42:96  Start Input for Next Load Case
                16:24:42:97  case no= 1108 seq. no=  53 idynl= 0
                16:24:42:97  LOADEND ISLAVE                                   0
                16:24:42:98  Start Input for Next Load Case
                16:24:42:98  case no= 1201 seq. no=  54 idynl= 0
                16:24:42:99  LOADEND ISLAVE                                   0
                16:24:42:99  Start Input for Next Load Case
                16:24:43: 0  case no= 1202 seq. no=  55 idynl= 0
                16:24:43: 0  LOADEND ISLAVE                                   0
                16:24:43: 0  Start Input for Next Load Case
                16:24:43: 1  case no= 1203 seq. no=  56 idynl= 0
                16:24:43: 1  LOADEND ISLAVE                                   0
                16:24:43: 2  Start Input for Next Load Case
                16:24:43: 2  case no= 1204 seq. no=  57 idynl= 0
                16:24:43: 3  LOADEND ISLAVE                                   0
                16:24:43: 3  Start Input for Next Load Case
                16:24:43: 3  case no= 1205 seq. no=  58 idynl= 0
                16:24:43: 4  LOADEND ISLAVE                                   0
                16:24:43: 4  Start Input for Next Load Case
                16:24:43: 5  case no= 1206 seq. no=  59 idynl= 0
                16:24:43: 5  LOADEND ISLAVE                                   0
                16:24:43: 6  Start Input for Next Load Case
                16:24:43: 6  case no= 1207 seq. no=  60 idynl= 0
                16:24:43: 6  LOADEND ISLAVE                                   0
                16:24:43: 7  Start Input for Next Load Case
                16:24:43: 7  case no= 1208 seq. no=  61 idynl= 0
                16:24:43: 8  LOADEND ISLAVE                                   0
                16:24:43: 8  Start Input for Next Load Case
                16:24:43: 8  case no= 2101 seq. no=  62 idynl= 0
                16:24:43: 9  LOADEND ISLAVE                                   0
                16:24:43: 9  Start Input for Next Load Case
                16:24:43:10  case no= 2102 seq. no=  63 idynl= 0
                16:24:43:10  LOADEND ISLAVE                                   0
                16:24:43:11  Start Input for Next Load Case
                16:24:43:11  case no= 2103 seq. no=  64 idynl= 0
                16:24:43:11  LOADEND ISLAVE                                   0
                16:24:43:12  Start Input for Next Load Case
                16:24:43:12  case no= 2104 seq. no=  65 idynl= 0
                16:24:43:13  LOADEND ISLAVE                                   0
                16:24:43:13  Start Input for Next Load Case
                16:24:43:14  case no= 2105 seq. no=  66 idynl= 0
                16:24:43:14  LOADEND ISLAVE                                   0
                16:24:43:14  Start Input for Next Load Case
                16:24:43:15  case no= 2106 seq. no=  67 idynl= 0
                16:24:43:15  LOADEND ISLAVE                                   0
                16:24:43:16  Start Input for Next Load Case
                16:24:43:16  case no= 2107 seq. no=  68 idynl= 0
                16:24:43:17  LOADEND ISLAVE                                   0
                16:24:43:17  Start Input for Next Load Case
                16:24:43:17  case no= 2108 seq. no=  69 idynl= 0
                16:24:43:18  LOADEND ISLAVE                                   0
                16:24:43:18  Start Input for Next Load Case
                16:24:43:19  case no= 3001 seq. no=  70 idynl= 0
                16:24:43:19  LOADEND ISLAVE                                   0
                16:24:43:20  Start Input for Next Load Case
                16:24:43:20  case no= 3002 seq. no=  71 idynl= 0
                16:24:43:20  LOADEND ISLAVE                                   0
                16:24:43:21  Start Input for Next Load Case
                16:24:43:21  case no= 3003 seq. no=  72 idynl= 0
                16:24:43:22  LOADEND ISLAVE                                   0
                16:24:43:23  Start Input for Next Load Case
                16:24:43:24  case no= 3004 seq. no=  73 idynl= 0
                16:24:43:24  LOADEND ISLAVE                                   0
                16:24:43:25  Start Input for Next Load Case
                16:24:43:25  case no= 3005 seq. no=  74 idynl= 0
                16:24:43:26  LOADEND ISLAVE                                   0
                16:24:43:26  Start Input for Next Load Case
                16:24:43:26  case no= 3006 seq. no=  75 idynl= 0
                16:24:43:27  LOADEND ISLAVE                                   0
                16:24:43:27  Start Input for Next Load Case
                16:24:43:28  case no= 3007 seq. no=  76 idynl= 0
                16:24:43:28  LOADEND ISLAVE                                   0
                16:24:43:29  Start Input for Next Load Case
                16:24:43:29  case no= 3008 seq. no=  77 idynl= 0
                16:24:43:29  LOADEND ISLAVE                                   0
                16:24:43:30  Start Input for Next Load Case
                16:24:43:30  case no= 3011 seq. no=  78 idynl= 0
                16:24:43:31  LOADEND ISLAVE                                   0
                16:24:43:31  Start Input for Next Load Case
                16:24:43:32  case no= 3012 seq. no=  79 idynl= 0
                16:24:43:32  LOADEND ISLAVE                                   0
                16:24:43:32  Start Input for Next Load Case
                16:24:43:33  case no= 3013 seq. no=  80 idynl= 0
                16:24:43:33  LOADEND ISLAVE                                   0
                16:24:43:34  Start Input for Next Load Case
                16:24:43:35  case no= 3014 seq. no=  81 idynl= 0
                16:24:43:35  LOADEND ISLAVE                                   0
                16:24:43:36  Start Input for Next Load Case
                16:24:43:36  case no= 3015 seq. no=  82 idynl= 0
                16:24:43:36  LOADEND ISLAVE                                   0
                16:24:43:37  Start Input for Next Load Case
                16:24:43:37  case no= 3016 seq. no=  83 idynl= 0
                16:24:43:38  LOADEND ISLAVE                                   0
                16:24:43:38  Start Input for Next Load Case
                16:24:43:39  case no= 3017 seq. no=  84 idynl= 0
                16:24:43:39  LOADEND ISLAVE                                   0
                16:24:43:39  Start Input for Next Load Case
                16:24:43:40  case no= 3018 seq. no=  85 idynl= 0
                16:24:43:40  LOADEND ISLAVE                                   0
                16:24:43:41  Start Input for Next Load Case
                16:24:43:41  case no= 3021 seq. no=  86 idynl= 0
                16:24:43:41  LOADEND ISLAVE                                   0
                16:24:43:42  Start Input for Next Load Case
                16:24:43:42  case no= 3022 seq. no=  87 idynl= 0
                16:24:43:43  LOADEND ISLAVE                                   0
                16:24:43:43  Start Input for Next Load Case
                16:24:43:44  case no= 3023 seq. no=  88 idynl= 0
                16:24:43:44  LOADEND ISLAVE                                   0
                16:24:43:44  Start Input for Next Load Case
                16:24:43:45  case no= 3024 seq. no=  89 idynl= 0
                16:24:43:45  LOADEND ISLAVE                                   0
                16:24:43:46  Start Input for Next Load Case
                16:24:43:46  case no= 3025 seq. no=  90 idynl= 0
                16:24:43:46  LOADEND ISLAVE                                   0
                16:24:43:47  Start Input for Next Load Case
                16:24:43:47  case no= 3026 seq. no=  91 idynl= 0
                16:24:43:48  LOADEND ISLAVE                                   0
                16:24:43:48  Start Input for Next Load Case
                16:24:43:48  case no= 3027 seq. no=  92 idynl= 0
                16:24:43:49  LOADEND ISLAVE                                   0
                16:24:43:49  Start Input for Next Load Case
                16:24:43:50  case no= 3028 seq. no=  93 idynl= 0
                16:24:43:50  LOADEND ISLAVE                                   0
                16:24:43:50  Start Input for Next Load Case
                16:24:43:51  case no= 3201 seq. no=  94 idynl= 0
                16:24:43:51  LOADEND ISLAVE                                   0
                16:24:43:52  Start Input for Next Load Case
                16:24:43:52  case no= 3202 seq. no=  95 idynl= 0
                16:24:43:53  LOADEND ISLAVE                                   0
                16:24:43:53  Start Input for Next Load Case
                16:24:43:53  case no= 3203 seq. no=  96 idynl= 0
                16:24:43:54  LOADEND ISLAVE                                   0
                16:24:43:54  Start Input for Next Load Case
                16:24:43:55  case no= 3204 seq. no=  97 idynl= 0
                16:24:43:55  LOADEND ISLAVE                                   0
                16:24:43:55  Start Input for Next Load Case
                16:24:43:56  case no= 3205 seq. no=  98 idynl= 0
                16:24:43:56  LOADEND ISLAVE                                   0
                16:24:43:57  Start Input for Next Load Case
                16:24:43:57  case no= 3206 seq. no=  99 idynl= 0
                16:24:43:57  LOADEND ISLAVE                                   0
                16:24:43:58  Start Input for Next Load Case
                16:24:43:58  case no= 3207 seq. no= 100 idynl= 0
                16:24:43:59  LOADEND ISLAVE                                   0
                16:24:43:59  Start Input for Next Load Case
                16:24:43:60  case no= 3208 seq. no= 101 idynl= 0
                16:24:43:60  LOADEND ISLAVE                                   0
                16:24:43:61  NVPREV                                           0
                16:24:43:61  AMAXNON                               1.371391E-01
                16:24:43:61  IRECSIZL=                                     4000
                16:24:43:62  MTX BLOCKSIZE=                                  24
                16:24:43:62  MI=                                             24
                16:24:43:63  NORECL=                                          1
                16:24:43:63  NORECL1=                                         1
                16:24:43:64  IWORD=                                       32000
                16:24:43:64  JRECSIZE=                                     4000
                16:24:43:64  IWORDJ=                                      32000
                16:24:43:65  IBYTE=                                           4
                16:24:43:65  JOINTS=                                          5
                16:24:43:66  MEMBERS=                                         4
                16:24:43:66  PLATES =                                         0
                16:24:43:66  SOLIDS =                                         0
                16:24:43:67  NO. OF EQUATIONS=                               24
                16:24:43:67  idyn=                                            0
                16:24:43:68  ipd=                                             0
                16:24:43:68  icablanl=                                        0
                16:24:43:69  ++ Processing Element Stiffness Matrix.
                16:24:43:69  NV1                                            101
                16:24:43:80  ++ Calculating Element Forces & Reactions.
                16:24:44:28  COMBINATION CASES=                               0
                16:24:44:28  MAX CM MEMORY (KILOWORDS)                       26
                16:24:44:28  AFTER SOLVER 1
                16:24:44:29  REOPEN AS SEQ                                    0
                16:24:44:30  DEFINE ENVELOPE
                16:24:44:31  LOAD LIST 1101 TO 110
                16:24:44:31  PARAMETER 1
                16:24:44:32  CHECK CODE ALL
                16:24:44:32  ENTERING SECTNM110 IQ=                           4
                16:24:44:33               NSEC=                              11
                16:24:44:33             ISECTN=                               0
                16:24:44:35  SECTNM110 DO 925
                16:24:44:36  ENTERING ENVLP1 ITYP1=                          -3
                16:24:44:37  SECT DISPLACE
                16:24:44:38  Steel/Alum/Timber Design                        52
                16:24:44:43    ++ Finished Design ...
                16:24:44:43  Steel/Timber Design exit
                16:24:44:43  LOAD LIST 2101 TO 210
                16:24:44:44  PARAMETER 1
                16:24:44:44  CHECK CODE ALL
                16:24:44:45  ENTERING ENVLP1 ITYP1=                          -3
                16:24:44:45  SECT DISPLACE
                16:24:44:47  Steel/Alum/Timber Design                        52
                16:24:44:48    ++ Finished Design ...
                16:24:44:48  Steel/Timber Design exit
                16:24:44:49  LOAD LIST ENV 4 TO 7
                16:24:44:49  PARAMETER 1
                16:24:44:50  CHECK CODE ALL
                16:24:44:50  ENTERING ENVLP1 ITYP1=                          -3
                16:24:44:51  SECT DISPLACE
                16:24:44:52  Steel/Alum/Timber Design                        52
                16:24:44:56    ++ Finished Design ...
                16:24:44:56  Steel/Timber Design exit
                16:24:44:56  PRINT JOINT DISPLACEM
                16:24:44:57  DRAW ISOM JOIN MEMB
                16:24:44:58  ENTERING SECTNM110 IQ=                           4
                16:24:44:58               NSEC=                              11
                16:24:44:59             ISECTN=                               0
                16:24:44:61  SECTNM110 DO 925
                16:24:44:62  PRINT SUPPORT REACTIO
                16:24:44:62  DRAW ISOM SUPP PROP
                16:24:44:63  ENTERING SECTNM110 IQ=                           4
                16:24:44:64               NSEC=                              11
                16:24:44:64             ISECTN=                               0
                16:24:44:66  SECTNM110 DO 925
                16:24:44:68  DRAW ISOM SHAP
                16:24:44:68  ENTERING SECTNM110 IQ=                           4
                16:24:44:68               NSEC=                              11
                16:24:44:69             ISECTN=                               0
                16:24:44:71  SECTNM110 DO 925
                16:24:44:72  PRINT CG
                16:24:44:72  FINISH
                16:24:44:73  All Commands FINISHed
                16:24:44:74  DATASAVE for SPRO GUI
                16:24:44:74  ++ Creating Displacement File (DSP)...
                16:24:44:75  ++ Creating Reaction File (REA)...
                16:24:44:76  ++ Creating Section Force File (BMD)...
                16:24:44:77  ++ Creating Section Displace File (SEC)...
                16:24:44:77  ENTERING ENVLP1 ITYP1=                          -5
                16:24:44:77  SECT DISPLACE
                16:24:44:80  ++ Creating Section Displace File (SCN)...
                16:24:44:81  ++ Creating Design information File (DGN)...
                16:24:44:81  ALLOCATED CM MEMORY (KILOWORDS)             300000
                16:24:44:81  MAX CM MEMORY (KILOWORDS)                       48
                16:24:44:82  DBS LONG SEC NAME
* End Of Analysis At Mon Aug  5 16:24:44 2024
* CPU usage = 3.369000
* STAAD Exit Code: 100, Warning Count: 0, Error Count: 0, Duration: 3.369
1 0 0 3.369
****************************************************************************
*                            END OF ANALYSIS                               *
****************************************************************************
