07/24/2024 14:40:13	Reading UID database.
07/24/2024 14:40:13	Start loading STAAD model.
07/24/2024 14:40:13	Reading model file.
07/24/2024 14:40:13	Reading model file is complete.
07/24/2024 14:40:13	Processing support.
07/24/2024 14:40:13	Processing springs.
07/24/2024 14:40:13	Processing properties.
07/24/2024 14:40:13	Processing physical properties.
07/24/2024 14:40:13	Processing constants.
07/24/2024 14:40:13	Processing BETA constants.
07/24/2024 14:40:13	Processing hidden analytical member loads.
07/24/2024 14:40:13	Processing command list for member release.
07/24/2024 14:40:13	Processing command list for member offset.
07/24/2024 14:40:13	Processing command list for member specs (cracked).
07/24/2024 14:40:13	Processing command list for member specs (axial).
07/24/2024 14:40:13	Processing command list for element release.
07/24/2024 14:40:13	Processing command list for element offset.
07/24/2024 14:40:13	Processing command list for element plate stress directive.
07/24/2024 14:40:13	Processing parameter for Chinese wind load case.
07/24/2024 14:40:13	End Processing command list.
07/24/2024 14:40:13	End loading STAAD model.
07/24/2024 14:40:13	Start Post Analysis method
07/24/2024 14:40:13	Removed all hidden plates from surfaces
07/24/2024 14:40:13	Removed all hidden plates
07/24/2024 14:40:13	Removed all hidden nodes
07/24/2024 14:40:13	Loading results from MSH file...
07/24/2024 14:40:13	Building result indices...
07/24/2024 14:40:13	Loading plate stress results...
07/24/2024 14:40:13	Set analysis report setup data
07/24/2024 14:40:13	Starting page setup...
07/24/2024 14:40:13	Page setup completed
07/24/2024 14:40:13	Setting available workflows...
07/24/2024 14:40:13	Post analysis method ends
07/24/2024 14:47:18	Reading UID database.
07/24/2024 14:47:18	Start loading STAAD model.
07/24/2024 14:47:18	Reading model file.
07/24/2024 14:47:18	Reading model file is complete.
07/24/2024 14:47:18	Processing support.
07/24/2024 14:47:18	Processing springs.
07/24/2024 14:47:18	Processing properties.
07/24/2024 14:47:18	Processing physical properties.
07/24/2024 14:47:18	Processing constants.
07/24/2024 14:47:18	Processing BETA constants.
07/24/2024 14:47:18	Processing hidden analytical member loads.
07/24/2024 14:47:18	Processing command list for member release.
07/24/2024 14:47:18	Processing command list for member offset.
07/24/2024 14:47:18	Processing command list for member specs (cracked).
07/24/2024 14:47:18	Processing command list for member specs (axial).
07/24/2024 14:47:18	Processing command list for element release.
07/24/2024 14:47:18	Processing command list for element offset.
07/24/2024 14:47:18	Processing command list for element plate stress directive.
07/24/2024 14:47:18	Processing parameter for Chinese wind load case.
07/24/2024 14:47:18	End Processing command list.
07/24/2024 14:47:18	End loading STAAD model.
07/24/2024 14:47:18	Start Post Analysis method
07/24/2024 14:47:18	Removed all hidden plates from surfaces
07/24/2024 14:47:18	Removed all hidden plates
07/24/2024 14:47:18	Removed all hidden nodes
07/24/2024 14:47:19	Loading results from MSH file...
07/24/2024 14:47:19	Building result indices...
07/24/2024 14:47:19	Loading plate stress results...
07/24/2024 14:47:19	Set analysis report setup data
07/24/2024 14:47:19	Starting page setup...
07/24/2024 14:47:19	Page setup completed
07/24/2024 14:47:19	Setting available workflows...
07/24/2024 14:47:19	Post analysis method ends
07/24/2024 14:47:30	Start Post Analysis method
07/24/2024 14:47:30	Removed all hidden plates from surfaces
07/24/2024 14:47:30	Removed all hidden plates
07/24/2024 14:47:30	Removed all hidden nodes
07/24/2024 14:47:30	Loading results from MSH file...
07/24/2024 14:47:30	Building result indices...
07/24/2024 14:47:30	Loading plate stress results...
07/24/2024 14:47:30	Set analysis report setup data
07/24/2024 14:47:30	Starting page setup...
07/24/2024 14:47:30	Page setup completed
07/24/2024 14:47:30	Setting available workflows...
07/24/2024 14:47:30	Post analysis method ends
