14:47:23	Initializing STAAD Engine
14:47:23	Run stream set up is complete.
14:47:23	Initialize license libraries.
14:47:23	License libraries initialized.
14:47:23	Starting license(s) for A & D engine.
14:47:24	License Status: Ok
14:47:24	License information set up is complete.
****************************************************************************
*                            START OF ANALYSIS                             *
****************************************************************************
* Initiating Analysis At Wed Jul 24 14:47:24 2024
                          PROGRAM: STAAD.Pro
                          VERSION: 23.00.01.25
                14:47:24:95  ENTERING STAAD
                14:47:24:97  USING 64 BIT STAAD ENGINE
                14:47:24:97  ENTERING MAINN
                14:47:24:98  START JOB INFORMATION
                14:47:24:98  INPUT WIDTH 79
                14:47:24:99  UNIT MMS KN
                14:47:24:99  JOINT COORDINATES
                14:47:24:99  ENTERING JOINTC
                14:47:25: 0  JOINTC NEWJ                                 400000
                14:47:25: 0  MAX NODE NO.                                    15
                14:47:25: 1  MEMBER INCIDENCES
                14:47:25: 1  UNIT METER KN
                14:47:25: 1  DEFINE MATERIAL START
                14:47:25: 2  UNIT MMS KN
                14:47:25: 2  MEMBER PROPERTY EUROP
                14:47:25:45    ++ Finished Reading Member Properties ...
                14:47:25:45  CONSTANTS
                14:47:25:46  SUPPORTS
                14:47:25:47  ENTERING SUPPORT
                14:47:25:47  MEMBER OFFSET
                14:47:25:47  DEFINE WIND LOAD
                14:47:25:49  LOAD 121 LOADTYPE DEA
                14:47:25:49  DUPLICATE ELEMENT CHECK
                14:47:25:49  CHECKING STRUCTURAL INTEGRITY
                14:47:25:50  CHECK UNCONNECTED JOINTS AND
                14:47:25:50  CALCULATE MAX JOINT CONNECTIVITY
                14:47:25:51  CHECK MULTIPLE STRUCTURES
                14:47:25:51  ENTERING SUPPORT
                14:47:25:52  NRJOLD                                           0
                14:47:25:52  SUPPORT NOLD                                     0
                14:47:25:52  SUPPORT N                                       66
                14:47:25:53  BEFORE LOADPR
                14:47:25:53  REOPEN AS DIR                                    0
                14:47:25:54  ENTER LOADPR
                14:47:25:67  PERFORM ANALYSIS PRIN
                14:47:25:67  pdel iter                                        0
                14:47:25:67  MAXIMUM E =                           2.973273E+04
                14:47:25:68  MINIMUM E =                           2.973273E+04
                14:47:25:69  MBW DOF BAND=                                    1
                14:47:25:69  NUMBER OF PRIMARY CASES                        101
                14:47:25:70  NUMBER OF CASES                                252
                14:47:25:70  #OF CASES W/ELEM INMEMORY                      252
                14:47:25:71  MEMORY FOR MEMBER LOADS                      42336
                14:47:25:71  MEMORY FOR DISPLACEMENTS                     22680
                14:47:25:72  MEMORY FOR MEMBER FORCES                     42336
                14:47:25:72  Using 64-bit analysis engine
                14:47:25:72  BEFORE SOLVER 1
                14:47:25:73  Start Input for Next Load Case
                14:47:25:73  case no=  121 seq. no=   1 idynl= 0
                14:47:25:74  MASSSET                                          0
                14:47:25:74  LOADEND ISLAVE                                   0
                14:47:25:75  Start Input for Next Load Case
                14:47:25:75  case no=  201 seq. no=   2 idynl= 0
                14:47:25:76  LOADEND ISLAVE                                   0
                14:47:25:76  Start Input for Next Load Case
                14:47:25:77  case no=  202 seq. no=   3 idynl= 0
                14:47:25:77  LOADEND ISLAVE                                   0
                14:47:25:78  Start Input for Next Load Case
                14:47:25:78  case no=  203 seq. no=   4 idynl= 0
                14:47:25:78  LOADEND ISLAVE                                   0
                14:47:25:79  Start Input for Next Load Case
                14:47:25:79  case no=  204 seq. no=   5 idynl= 0
                14:47:25:80  LOADEND ISLAVE                                   0
                14:47:25:80  Start Input for Next Load Case
                14:47:25:81  case no=  205 seq. no=   6 idynl= 0
                14:47:25:81  LOADEND ISLAVE                                   0
                14:47:25:82  Start Input for Next Load Case
                14:47:25:82  case no=  206 seq. no=   7 idynl= 0
                14:47:25:83  LOADEND ISLAVE                                   0
                14:47:25:83  Start Input for Next Load Case
                14:47:25:84  case no=  207 seq. no=   8 idynl= 0
                14:47:25:84  LOADEND ISLAVE                                   0
                14:47:25:84  Start Input for Next Load Case
                14:47:25:85  case no=  208 seq. no=   9 idynl= 0
                14:47:25:85  LOADEND ISLAVE                                   0
                14:47:25:86  Start Input for Next Load Case
                14:47:25:86  case no=  312 seq. no=  10 idynl= 0
                14:47:25:86  LOADEND ISLAVE                                   0
                14:47:25:87  Start Input for Next Load Case
                14:47:25:87  case no=  313 seq. no=  11 idynl= 0
                14:47:25:88  LOADEND ISLAVE                                   0
                14:47:25:88  Start Input for Next Load Case
                14:47:25:89  case no=  314 seq. no=  12 idynl= 0
                14:47:25:89  LOADEND ISLAVE                                   0
                14:47:25:90  Start Input for Next Load Case
                14:47:25:90  case no=  315 seq. no=  13 idynl= 0
                14:47:25:91  LOADEND ISLAVE                                   0
                14:47:25:91  Start Input for Next Load Case
                14:47:25:91  case no=  322 seq. no=  14 idynl= 0
                14:47:25:92  LOADEND ISLAVE                                   0
                14:47:25:92  Start Input for Next Load Case
                14:47:25:93  case no=  323 seq. no=  15 idynl= 0
                14:47:25:93  LOADEND ISLAVE                                   0
                14:47:25:94  Start Input for Next Load Case
                14:47:25:94  case no=  324 seq. no=  16 idynl= 0
                14:47:25:95  LOADEND ISLAVE                                   0
                14:47:25:95  Start Input for Next Load Case
                14:47:25:96  case no=  325 seq. no=  17 idynl= 0
                14:47:25:96  LOADEND ISLAVE                                   0
                14:47:25:97  Start Input for Next Load Case
                14:47:25:97  case no=  332 seq. no=  18 idynl= 0
                14:47:25:97  LOADEND ISLAVE                                   0
                14:47:25:98  Start Input for Next Load Case
                14:47:25:98  case no=  333 seq. no=  19 idynl= 0
                14:47:25:99  LOADEND ISLAVE                                   0
                14:47:25:99  Start Input for Next Load Case
                14:47:26: 0  case no=  334 seq. no=  20 idynl= 0
                14:47:26: 0  LOADEND ISLAVE                                   0
                14:47:26: 1  Start Input for Next Load Case
                14:47:26: 1  case no=  335 seq. no=  21 idynl= 0
                14:47:26: 1  LOADEND ISLAVE                                   0
                14:47:26: 2  Start Input for Next Load Case
                14:47:26: 2  case no=  411 seq. no=  22 idynl= 0
                14:47:26: 3  LOADEND ISLAVE                                   0
                14:47:26: 3  Start Input for Next Load Case
                14:47:26: 4  case no=  412 seq. no=  23 idynl= 0
                14:47:26: 4  LOADEND ISLAVE                                   0
                14:47:26: 5  Start Input for Next Load Case
                14:47:26: 5  case no=  413 seq. no=  24 idynl= 0
                14:47:26: 5  LOADEND ISLAVE                                   0
                14:47:26: 6  Start Input for Next Load Case
                14:47:26: 6  case no=  414 seq. no=  25 idynl= 0
                14:47:26: 7  LOADEND ISLAVE                                   0
                14:47:26: 7  Start Input for Next Load Case
                14:47:26: 8  case no=  415 seq. no=  26 idynl= 0
                14:47:26: 8  LOADEND ISLAVE                                   0
                14:47:26: 9  Start Input for Next Load Case
                14:47:26: 9  case no=  416 seq. no=  27 idynl= 0
                14:47:26:10  LOADEND ISLAVE                                   0
                14:47:26:10  Start Input for Next Load Case
                14:47:26:10  case no=  417 seq. no=  28 idynl= 0
                14:47:26:11  LOADEND ISLAVE                                   0
                14:47:26:11  Start Input for Next Load Case
                14:47:26:12  case no=  418 seq. no=  29 idynl= 0
                14:47:26:12  LOADEND ISLAVE                                   0
                14:47:26:13  Start Input for Next Load Case
                14:47:26:13  case no=  421 seq. no=  30 idynl= 0
                14:47:26:13  LOADEND ISLAVE                                   0
                14:47:26:14  Start Input for Next Load Case
                14:47:26:14  case no=  422 seq. no=  31 idynl= 0
                14:47:26:15  LOADEND ISLAVE                                   0
                14:47:26:15  Start Input for Next Load Case
                14:47:26:16  case no=  423 seq. no=  32 idynl= 0
                14:47:26:16  LOADEND ISLAVE                                   0
                14:47:26:17  Start Input for Next Load Case
                14:47:26:17  case no=  424 seq. no=  33 idynl= 0
                14:47:26:18  LOADEND ISLAVE                                   0
                14:47:26:18  Start Input for Next Load Case
                14:47:26:18  case no=  425 seq. no=  34 idynl= 0
                14:47:26:19  LOADEND ISLAVE                                   0
                14:47:26:19  Start Input for Next Load Case
                14:47:26:20  case no=  426 seq. no=  35 idynl= 0
                14:47:26:20  LOADEND ISLAVE                                   0
                14:47:26:21  Start Input for Next Load Case
                14:47:26:21  case no=  427 seq. no=  36 idynl= 0
                14:47:26:21  LOADEND ISLAVE                                   0
                14:47:26:22  Start Input for Next Load Case
                14:47:26:22  case no=  428 seq. no=  37 idynl= 0
                14:47:26:23  LOADEND ISLAVE                                   0
                14:47:26:23  Start Input for Next Load Case
                14:47:26:24  case no=  711 seq. no=  38 idynl= 0
                14:47:26:24  LOADEND ISLAVE                                   0
                14:47:26:25  Start Input for Next Load Case
                14:47:26:25  case no=  712 seq. no=  39 idynl= 0
                14:47:26:25  LOADEND ISLAVE                                   0
                14:47:26:26  Start Input for Next Load Case
                14:47:26:26  case no=  713 seq. no=  40 idynl= 0
                14:47:26:27  LOADEND ISLAVE                                   0
                14:47:26:27  Start Input for Next Load Case
                14:47:26:28  case no=  714 seq. no=  41 idynl= 0
                14:47:26:28  LOADEND ISLAVE                                   0
                14:47:26:29  Start Input for Next Load Case
                14:47:26:29  case no=  715 seq. no=  42 idynl= 0
                14:47:26:30  LOADEND ISLAVE                                   0
                14:47:26:30  Start Input for Next Load Case
                14:47:26:30  case no=  716 seq. no=  43 idynl= 0
                14:47:26:31  LOADEND ISLAVE                                   0
                14:47:26:31  Start Input for Next Load Case
                14:47:26:32  case no=  717 seq. no=  44 idynl= 0
                14:47:26:32  LOADEND ISLAVE                                   0
                14:47:26:33  Start Input for Next Load Case
                14:47:26:33  case no=  718 seq. no=  45 idynl= 0
                14:47:26:34  LOADEND ISLAVE                                   0
                14:47:26:34  Start Input for Next Load Case
                14:47:26:35  case no= 1101 seq. no=  46 idynl= 0
                14:47:26:35  LOADEND ISLAVE                                   0
                14:47:26:36  Start Input for Next Load Case
                14:47:26:36  case no= 1102 seq. no=  47 idynl= 0
                14:47:26:36  LOADEND ISLAVE                                   0
                14:47:26:37  Start Input for Next Load Case
                14:47:26:37  case no= 1103 seq. no=  48 idynl= 0
                14:47:26:38  LOADEND ISLAVE                                   0
                14:47:26:38  Start Input for Next Load Case
                14:47:26:39  case no= 1104 seq. no=  49 idynl= 0
                14:47:26:39  LOADEND ISLAVE                                   0
                14:47:26:40  Start Input for Next Load Case
                14:47:26:40  case no= 1105 seq. no=  50 idynl= 0
                14:47:26:40  LOADEND ISLAVE                                   0
                14:47:26:41  Start Input for Next Load Case
                14:47:26:41  case no= 1106 seq. no=  51 idynl= 0
                14:47:26:42  LOADEND ISLAVE                                   0
                14:47:26:42  Start Input for Next Load Case
                14:47:26:43  case no= 1107 seq. no=  52 idynl= 0
                14:47:26:43  LOADEND ISLAVE                                   0
                14:47:26:44  Start Input for Next Load Case
                14:47:26:44  case no= 1108 seq. no=  53 idynl= 0
                14:47:26:45  LOADEND ISLAVE                                   0
                14:47:26:46  Start Input for Next Load Case
                14:47:26:46  case no= 1201 seq. no=  54 idynl= 0
                14:47:26:47  LOADEND ISLAVE                                   0
                14:47:26:47  Start Input for Next Load Case
                14:47:26:48  case no= 1202 seq. no=  55 idynl= 0
                14:47:26:49  LOADEND ISLAVE                                   0
                14:47:26:49  Start Input for Next Load Case
                14:47:26:50  case no= 1203 seq. no=  56 idynl= 0
                14:47:26:50  LOADEND ISLAVE                                   0
                14:47:26:50  Start Input for Next Load Case
                14:47:26:51  case no= 1204 seq. no=  57 idynl= 0
                14:47:26:51  LOADEND ISLAVE                                   0
                14:47:26:52  Start Input for Next Load Case
                14:47:26:52  case no= 1205 seq. no=  58 idynl= 0
                14:47:26:53  LOADEND ISLAVE                                   0
                14:47:26:53  Start Input for Next Load Case
                14:47:26:54  case no= 1206 seq. no=  59 idynl= 0
                14:47:26:54  LOADEND ISLAVE                                   0
                14:47:26:55  Start Input for Next Load Case
                14:47:26:55  case no= 1207 seq. no=  60 idynl= 0
                14:47:26:55  LOADEND ISLAVE                                   0
                14:47:26:56  Start Input for Next Load Case
                14:47:26:56  case no= 1208 seq. no=  61 idynl= 0
                14:47:26:57  LOADEND ISLAVE                                   0
                14:47:26:57  Start Input for Next Load Case
                14:47:26:58  case no= 2101 seq. no=  62 idynl= 0
                14:47:26:58  LOADEND ISLAVE                                   0
                14:47:26:58  Start Input for Next Load Case
                14:47:26:59  case no= 2102 seq. no=  63 idynl= 0
                14:47:26:59  LOADEND ISLAVE                                   0
                14:47:26:60  Start Input for Next Load Case
                14:47:26:60  case no= 2103 seq. no=  64 idynl= 0
                14:47:26:61  LOADEND ISLAVE                                   0
                14:47:26:61  Start Input for Next Load Case
                14:47:26:62  case no= 2104 seq. no=  65 idynl= 0
                14:47:26:62  LOADEND ISLAVE                                   0
                14:47:26:63  Start Input for Next Load Case
                14:47:26:63  case no= 2105 seq. no=  66 idynl= 0
                14:47:26:64  LOADEND ISLAVE                                   0
                14:47:26:64  Start Input for Next Load Case
                14:47:26:65  case no= 2106 seq. no=  67 idynl= 0
                14:47:26:65  LOADEND ISLAVE                                   0
                14:47:26:66  Start Input for Next Load Case
                14:47:26:66  case no= 2107 seq. no=  68 idynl= 0
                14:47:26:67  LOADEND ISLAVE                                   0
                14:47:26:67  Start Input for Next Load Case
                14:47:26:68  case no= 2108 seq. no=  69 idynl= 0
                14:47:26:68  LOADEND ISLAVE                                   0
                14:47:26:69  Start Input for Next Load Case
                14:47:26:70  case no= 3001 seq. no=  70 idynl= 0
                14:47:26:70  LOADEND ISLAVE                                   0
                14:47:26:71  Start Input for Next Load Case
                14:47:26:71  case no= 3002 seq. no=  71 idynl= 0
                14:47:26:72  LOADEND ISLAVE                                   0
                14:47:26:72  Start Input for Next Load Case
                14:47:26:73  case no= 3003 seq. no=  72 idynl= 0
                14:47:26:73  LOADEND ISLAVE                                   0
                14:47:26:73  Start Input for Next Load Case
                14:47:26:74  case no= 3004 seq. no=  73 idynl= 0
                14:47:26:74  LOADEND ISLAVE                                   0
                14:47:26:75  Start Input for Next Load Case
                14:47:26:75  case no= 3005 seq. no=  74 idynl= 0
                14:47:26:76  LOADEND ISLAVE                                   0
                14:47:26:76  Start Input for Next Load Case
                14:47:26:77  case no= 3006 seq. no=  75 idynl= 0
                14:47:26:77  LOADEND ISLAVE                                   0
                14:47:26:77  Start Input for Next Load Case
                14:47:26:78  case no= 3007 seq. no=  76 idynl= 0
                14:47:26:78  LOADEND ISLAVE                                   0
                14:47:26:79  Start Input for Next Load Case
                14:47:26:79  case no= 3008 seq. no=  77 idynl= 0
                14:47:26:80  LOADEND ISLAVE                                   0
                14:47:26:80  Start Input for Next Load Case
                14:47:26:81  case no= 3011 seq. no=  78 idynl= 0
                14:47:26:81  LOADEND ISLAVE                                   0
                14:47:26:82  Start Input for Next Load Case
                14:47:26:82  case no= 3012 seq. no=  79 idynl= 0
                14:47:26:83  LOADEND ISLAVE                                   0
                14:47:26:83  Start Input for Next Load Case
                14:47:26:83  case no= 3013 seq. no=  80 idynl= 0
                14:47:26:84  LOADEND ISLAVE                                   0
                14:47:26:84  Start Input for Next Load Case
                14:47:26:85  case no= 3014 seq. no=  81 idynl= 0
                14:47:26:85  LOADEND ISLAVE                                   0
                14:47:26:85  Start Input for Next Load Case
                14:47:26:86  case no= 3015 seq. no=  82 idynl= 0
                14:47:26:86  LOADEND ISLAVE                                   0
                14:47:26:87  Start Input for Next Load Case
                14:47:26:87  case no= 3016 seq. no=  83 idynl= 0
                14:47:26:88  LOADEND ISLAVE                                   0
                14:47:26:88  Start Input for Next Load Case
                14:47:26:89  case no= 3017 seq. no=  84 idynl= 0
                14:47:26:89  LOADEND ISLAVE                                   0
                14:47:26:90  Start Input for Next Load Case
                14:47:26:90  case no= 3018 seq. no=  85 idynl= 0
                14:47:26:90  LOADEND ISLAVE                                   0
                14:47:26:91  Start Input for Next Load Case
                14:47:26:91  case no= 3021 seq. no=  86 idynl= 0
                14:47:26:92  LOADEND ISLAVE                                   0
                14:47:26:92  Start Input for Next Load Case
                14:47:26:93  case no= 3022 seq. no=  87 idynl= 0
                14:47:26:93  LOADEND ISLAVE                                   0
                14:47:26:93  Start Input for Next Load Case
                14:47:26:94  case no= 3023 seq. no=  88 idynl= 0
                14:47:26:94  LOADEND ISLAVE                                   0
                14:47:26:95  Start Input for Next Load Case
                14:47:26:95  case no= 3024 seq. no=  89 idynl= 0
                14:47:26:96  LOADEND ISLAVE                                   0
                14:47:26:96  Start Input for Next Load Case
                14:47:26:97  case no= 3025 seq. no=  90 idynl= 0
                14:47:26:97  LOADEND ISLAVE                                   0
                14:47:26:97  Start Input for Next Load Case
                14:47:26:98  case no= 3026 seq. no=  91 idynl= 0
                14:47:26:98  LOADEND ISLAVE                                   0
                14:47:26:99  Start Input for Next Load Case
                14:47:26:99  case no= 3027 seq. no=  92 idynl= 0
                14:47:27: 0  LOADEND ISLAVE                                   0
                14:47:27: 0  Start Input for Next Load Case
                14:47:27: 1  case no= 3028 seq. no=  93 idynl= 0
                14:47:27: 1  LOADEND ISLAVE                                   0
                14:47:27: 2  Start Input for Next Load Case
                14:47:27: 2  case no= 3201 seq. no=  94 idynl= 0
                14:47:27: 2  LOADEND ISLAVE                                   0
                14:47:27: 3  Start Input for Next Load Case
                14:47:27: 3  case no= 3202 seq. no=  95 idynl= 0
                14:47:27: 4  LOADEND ISLAVE                                   0
                14:47:27: 4  Start Input for Next Load Case
                14:47:27: 5  case no= 3203 seq. no=  96 idynl= 0
                14:47:27: 5  LOADEND ISLAVE                                   0
                14:47:27: 5  Start Input for Next Load Case
                14:47:27: 6  case no= 3204 seq. no=  97 idynl= 0
                14:47:27: 6  LOADEND ISLAVE                                   0
                14:47:27: 7  Start Input for Next Load Case
                14:47:27: 7  case no= 3205 seq. no=  98 idynl= 0
                14:47:27: 8  LOADEND ISLAVE                                   0
                14:47:27: 8  Start Input for Next Load Case
                14:47:27: 9  case no= 3206 seq. no=  99 idynl= 0
                14:47:27: 9  LOADEND ISLAVE                                   0
                14:47:27: 9  Start Input for Next Load Case
                14:47:27:10  case no= 3207 seq. no= 100 idynl= 0
                14:47:27:10  LOADEND ISLAVE                                   0
                14:47:27:11  Start Input for Next Load Case
                14:47:27:11  case no= 3208 seq. no= 101 idynl= 0
                14:47:27:12  LOADEND ISLAVE                                   0
                14:47:27:12  NVPREV                                           0
                14:47:27:13  AMAXNON                               7.434383E-01
                14:47:27:13  IRECSIZL=                                     4000
                14:47:27:14  MTX BLOCKSIZE=                                  66
                14:47:27:14  MI=                                             66
                14:47:27:15  NORECL=                                          1
                14:47:27:15  NORECL1=                                         1
                14:47:27:15  IWORD=                                       32000
                14:47:27:16  JRECSIZE=                                     4000
                14:47:27:16  IWORDJ=                                      32000
                14:47:27:17  IBYTE=                                           4
                14:47:27:17  JOINTS=                                         15
                14:47:27:18  MEMBERS=                                        14
                14:47:27:18  PLATES =                                         0
                14:47:27:18  SOLIDS =                                         0
                14:47:27:19  NO. OF EQUATIONS=                               66
                14:47:27:19  idyn=                                            0
                14:47:27:20  ipd=                                             0
                14:47:27:20  icablanl=                                        0
                14:47:27:21  ++ Processing Element Stiffness Matrix.
                14:47:27:21  NV1                                            101
                14:47:27:32  ++ Calculating Element Forces & Reactions.
                14:47:27:80  COMBINATION CASES=                               0
                14:47:27:80  MAX CM MEMORY (KILOWORDS)                       33
                14:47:27:81  AFTER SOLVER 1
                14:47:27:82  REOPEN AS SEQ                                    0
                14:47:27:82  DEFINE ENVELOPE
                14:47:27:84  LOAD LIST 1101 TO 110
                14:47:27:84  PARAMETER 1
                14:47:27:85  CHECK CODE ALL
                14:47:27:85  ENTERING SECTNM110 IQ=                          14
                14:47:27:86               NSEC=                              11
                14:47:27:86             ISECTN=                               0
                14:47:27:88  SECTNM110 DO 925
                14:47:27:90  ENTERING ENVLP1 ITYP1=                          -3
                14:47:27:90  SECT DISPLACE
                14:47:27:93  Steel/Alum/Timber Design                        52
                14:47:27:98    ++ Finished Design ...
                14:47:27:98  Steel/Timber Design exit
                14:47:27:98  LOAD LIST 2101 TO 210
                14:47:27:99  PARAMETER 1
                14:47:28: 0  CHECK CODE ALL
                14:47:28: 0  ENTERING ENVLP1 ITYP1=                          -3
                14:47:28: 1  SECT DISPLACE
                14:47:28: 3  Steel/Alum/Timber Design                        52
                14:47:28: 5    ++ Finished Design ...
                14:47:28: 5  Steel/Timber Design exit
                14:47:28: 5  LOAD LIST ENV 4 TO 7
                14:47:28: 6  PARAMETER 1
                14:47:28: 7  CHECK CODE ALL
                14:47:28: 7  ENTERING ENVLP1 ITYP1=                          -3
                14:47:28: 7  SECT DISPLACE
                14:47:28:10  Steel/Alum/Timber Design                        52
                14:47:28:12    ++ Finished Design ...
                14:47:28:12  Steel/Timber Design exit
                14:47:28:13  PRINT JOINT DISPLACEM
                14:47:28:14  DRAW ISOM JOIN MEMB
                14:47:28:14  ENTERING SECTNM110 IQ=                          14
                14:47:28:15               NSEC=                              11
                14:47:28:15             ISECTN=                               0
                14:47:28:18  SECTNM110 DO 925
                14:47:28:20  PRINT SUPPORT REACTIO
                14:47:28:20  DRAW ISOM SUPP PROP
                14:47:28:20  ENTERING SECTNM110 IQ=                          14
                14:47:28:21               NSEC=                              11
                14:47:28:21             ISECTN=                               0
                14:47:28:24  SECTNM110 DO 925
                14:47:28:26  DRAW ISOM SHAP
                14:47:28:26  ENTERING SECTNM110 IQ=                          14
                14:47:28:27               NSEC=                              11
                14:47:28:28             ISECTN=                               0
                14:47:28:31  SECTNM110 DO 925
                14:47:28:33  PRINT CG
                14:47:28:33  FINISH
                14:47:28:34  All Commands FINISHed
                14:47:28:34  DATASAVE for SPRO GUI
                14:47:28:35  ++ Creating Displacement File (DSP)...
                14:47:28:37  ++ Creating Reaction File (REA)...
                14:47:28:37  ++ Creating Section Force File (BMD)...
                14:47:28:40  ++ Creating Section Displace File (SEC)...
                14:47:28:40  ENTERING ENVLP1 ITYP1=                          -5
                14:47:28:41  SECT DISPLACE
                14:47:28:45  ++ Creating Section Displace File (SCN)...
                14:47:28:47  ++ Creating Design information File (DGN)...
                14:47:28:48  ALLOCATED CM MEMORY (KILOWORDS)             300000
                14:47:28:48  MAX CM MEMORY (KILOWORDS)                       85
                14:47:28:49  DBS LONG SEC NAME
* End Of Analysis At Wed Jul 24 14:47:28 2024
* CPU usage = 3.607000
* STAAD Exit Code: 100, Warning Count: 0, Error Count: 0, Duration: 3.607
1 0 0 3.607
****************************************************************************
*                            END OF ANALYSIS                               *
****************************************************************************
