01/13/2025 10:59:47	Reading UID database.
01/13/2025 10:59:47	Start loading STAAD model.
01/13/2025 10:59:47	Reading model file.
01/13/2025 10:59:47	Reading model file is complete.
01/13/2025 10:59:47	Processing support.
01/13/2025 10:59:47	Processing springs.
01/13/2025 10:59:47	Processing properties.
01/13/2025 10:59:47	Processing physical properties.
01/13/2025 10:59:47	Processing constants.
01/13/2025 10:59:47	Processing BETA constants.
01/13/2025 10:59:47	Processing hidden analytical member loads.
01/13/2025 10:59:47	Processing command list for member release.
01/13/2025 10:59:47	Processing command list for member offset.
01/13/2025 10:59:47	Processing command list for member specs (cracked).
01/13/2025 10:59:47	Processing command list for member specs (axial).
01/13/2025 10:59:47	Processing command list for element release.
01/13/2025 10:59:47	Processing command list for element offset.
01/13/2025 10:59:47	Processing command list for element plate stress directive.
01/13/2025 10:59:47	Processing parameter for Chinese wind load case.
01/13/2025 10:59:47	End Processing command list.
01/13/2025 10:59:47	End loading STAAD model.
01/13/2025 10:59:47	Start Post Analysis method
01/13/2025 10:59:47	Removed all hidden plates from surfaces
01/13/2025 10:59:47	Removed all hidden plates
01/13/2025 10:59:47	Removed all hidden nodes
01/13/2025 10:59:47	Loading results from MSH file...
01/13/2025 10:59:47	Building result indices...
01/13/2025 10:59:47	Loading plate stress results...
01/13/2025 10:59:47	Set analysis report setup data
01/13/2025 10:59:47	Starting page setup...
01/13/2025 10:59:47	Page setup completed
01/13/2025 10:59:47	Setting available workflows...
01/13/2025 10:59:47	Post analysis method ends
