08/26/2024 13:25:04	Reading UID database.
08/26/2024 13:25:04	Start loading STAAD model.
08/26/2024 13:25:04	Reading model file.
08/26/2024 13:25:04	Reading model file is complete.
08/26/2024 13:25:04	Processing support.
08/26/2024 13:25:04	Processing springs.
08/26/2024 13:25:04	Processing properties.
08/26/2024 13:25:04	Processing physical properties.
08/26/2024 13:25:04	Processing constants.
08/26/2024 13:25:04	Processing BETA constants.
08/26/2024 13:25:04	Processing hidden analytical member loads.
08/26/2024 13:25:04	Processing command list for member release.
08/26/2024 13:25:04	Processing command list for member offset.
08/26/2024 13:25:04	Processing command list for member specs (cracked).
08/26/2024 13:25:04	Processing command list for member specs (axial).
08/26/2024 13:25:04	Processing command list for element release.
08/26/2024 13:25:04	Processing command list for element offset.
08/26/2024 13:25:04	Processing command list for element plate stress directive.
08/26/2024 13:25:04	Processing parameter for Chinese wind load case.
08/26/2024 13:25:04	End Processing command list.
08/26/2024 13:25:04	End loading STAAD model.
08/26/2024 13:25:04	Start Post Analysis method
08/26/2024 13:25:04	Removed all hidden plates from surfaces
08/26/2024 13:25:04	Removed all hidden plates
08/26/2024 13:25:04	Removed all hidden nodes
08/26/2024 13:25:04	Loading results from MSH file...
08/26/2024 13:25:04	Building result indices...
08/26/2024 13:25:05	Loading plate stress results...
08/26/2024 13:25:05	Set analysis report setup data
08/26/2024 13:25:05	Starting page setup...
08/26/2024 13:25:05	Page setup completed
08/26/2024 13:25:05	Setting available workflows...
08/26/2024 13:25:05	Post analysis method ends
