07/12/2024 11:27:14	Reading UID database.
07/12/2024 11:27:14	Start loading STAAD model.
07/12/2024 11:27:14	Reading model file.
07/12/2024 11:27:14	Reading model file is complete.
07/12/2024 11:27:14	Processing support.
07/12/2024 11:27:14	Processing springs.
07/12/2024 11:27:14	Processing properties.
07/12/2024 11:27:14	Processing physical properties.
07/12/2024 11:27:14	Processing constants.
07/12/2024 11:27:14	Processing BETA constants.
07/12/2024 11:27:14	Processing hidden analytical member loads.
07/12/2024 11:27:14	Processing command list for member release.
07/12/2024 11:27:14	Processing command list for member offset.
07/12/2024 11:27:14	Processing command list for member specs (cracked).
07/12/2024 11:27:14	Processing command list for member specs (axial).
07/12/2024 11:27:14	Processing command list for element release.
07/12/2024 11:27:14	Processing command list for element offset.
07/12/2024 11:27:14	Processing command list for element plate stress directive.
07/12/2024 11:27:14	Processing parameter for Chinese wind load case.
07/12/2024 11:27:14	End Processing command list.
07/12/2024 11:27:14	End loading STAAD model.
07/12/2024 11:27:14	Start Post Analysis method
07/12/2024 11:27:14	Removed all hidden plates from surfaces
07/12/2024 11:27:14	Removed all hidden plates
07/12/2024 11:27:14	Removed all hidden nodes
07/12/2024 11:27:14	Loading results from MSH file...
07/12/2024 11:27:14	Building result indices...
07/12/2024 11:27:14	Loading plate stress results...
07/12/2024 11:27:14	Set analysis report setup data
07/12/2024 11:27:14	Starting page setup...
07/12/2024 11:27:14	Page setup completed
07/12/2024 11:27:14	Setting available workflows...
07/12/2024 11:27:14	Post analysis method ends
07/12/2024 11:29:51	Reading UID database.
07/12/2024 11:29:51	Start loading STAAD model.
07/12/2024 11:29:51	Reading model file.
07/12/2024 11:29:52	Reading model file is complete.
07/12/2024 11:29:52	Processing support.
07/12/2024 11:29:52	Processing springs.
07/12/2024 11:29:52	Processing properties.
07/12/2024 11:29:52	Processing physical properties.
07/12/2024 11:29:52	Processing constants.
07/12/2024 11:29:52	Processing BETA constants.
07/12/2024 11:29:52	Processing hidden analytical member loads.
07/12/2024 11:29:52	Processing command list for member release.
07/12/2024 11:29:52	Processing command list for member offset.
07/12/2024 11:29:52	Processing command list for member specs (cracked).
07/12/2024 11:29:52	Processing command list for member specs (axial).
07/12/2024 11:29:52	Processing command list for element release.
07/12/2024 11:29:52	Processing command list for element offset.
07/12/2024 11:29:52	Processing command list for element plate stress directive.
07/12/2024 11:29:52	Processing parameter for Chinese wind load case.
07/12/2024 11:29:52	End Processing command list.
07/12/2024 11:29:52	End loading STAAD model.
07/12/2024 11:29:52	Start Post Analysis method
07/12/2024 11:29:52	Removed all hidden plates from surfaces
07/12/2024 11:29:52	Removed all hidden plates
07/12/2024 11:29:52	Removed all hidden nodes
07/12/2024 11:29:52	Loading results from MSH file...
07/12/2024 11:29:52	Building result indices...
07/12/2024 11:29:52	Loading plate stress results...
07/12/2024 11:29:52	Set analysis report setup data
07/12/2024 11:29:52	Starting page setup...
07/12/2024 11:29:52	Page setup completed
07/12/2024 11:29:52	Setting available workflows...
07/12/2024 11:29:52	Post analysis method ends
07/12/2024 11:30:01	Start Post Analysis method
07/12/2024 11:30:01	Removed all hidden plates from surfaces
07/12/2024 11:30:01	Removed all hidden plates
07/12/2024 11:30:01	Removed all hidden nodes
07/12/2024 11:30:01	Loading results from MSH file...
07/12/2024 11:30:01	Building result indices...
07/12/2024 11:30:01	Loading plate stress results...
07/12/2024 11:30:01	Set analysis report setup data
07/12/2024 11:30:01	Starting page setup...
07/12/2024 11:30:01	Page setup completed
07/12/2024 11:30:01	Setting available workflows...
07/12/2024 11:30:01	Post analysis method ends
