11:29:54	Initializing STAAD Engine
11:29:54	Run stream set up is complete.
11:29:54	Initialize license libraries.
11:29:55	License libraries initialized.
11:29:55	Starting license(s) for A & D engine.
11:29:55	License Status: Ok
11:29:55	License information set up is complete.
****************************************************************************
*                            START OF ANALYSIS                             *
****************************************************************************
* Initiating Analysis At Fri Jul 12 11:29:55 2024
                          PROGRAM: STAAD.Pro
                          VERSION: 23.00.01.25
                11:29:55:78  ENTERING STAAD
                11:29:55:81  USING 64 BIT STAAD ENGINE
                11:29:55:81  ENTERING MAINN
                11:29:55:82  START JOB INFORMATION
                11:29:55:82  INPUT WIDTH 79
                11:29:55:82  UNIT MMS KN
                11:29:55:83  JOINT COORDINATES
                11:29:55:83  ENTERING JOINTC
                11:29:55:84  JOINTC NEWJ                                 400000
                11:29:55:84  MAX NODE NO.                                     7
                11:29:55:84  MEMBER INCIDENCES
                11:29:55:85  UNIT METER KN
                11:29:55:85  DEFINE MATERIAL START
                11:29:55:86  UNIT MMS KN
                11:29:55:86  MEMBER PROPERTY EUROP
                11:29:56:28    ++ Finished Reading Member Properties ...
                11:29:56:28  CONSTANTS
                11:29:56:29  SUPPORTS
                11:29:56:30  ENTERING SUPPORT
                11:29:56:30  MEMBER OFFSET
                11:29:56:30  DEFINE WIND LOAD
                11:29:56:31  LOAD 121 LOADTYPE DEA
                11:29:56:31  DUPLICATE ELEMENT CHECK
                11:29:56:32  CHECKING STRUCTURAL INTEGRITY
                11:29:56:32  CHECK UNCONNECTED JOINTS AND
                11:29:56:33  CALCULATE MAX JOINT CONNECTIVITY
                11:29:56:33  CHECK MULTIPLE STRUCTURES
                11:29:56:34  ENTERING SUPPORT
                11:29:56:34  NRJOLD                                           0
                11:29:56:35  SUPPORT NOLD                                     0
                11:29:56:35  SUPPORT N                                       30
                11:29:56:36  BEFORE LOADPR
                11:29:56:36  REOPEN AS DIR                                    0
                11:29:56:37  ENTER LOADPR
                11:29:56:47  PERFORM ANALYSIS PRIN
                11:29:56:47  pdel iter                                        0
                11:29:56:48  MAXIMUM E =                           2.973273E+04
                11:29:56:48  MINIMUM E =                           2.973273E+04
                11:29:56:49  MBW DOF BAND=                                    1
                11:29:56:49  NUMBER OF PRIMARY CASES                        101
                11:29:56:50  NUMBER OF CASES                                252
                11:29:56:50  #OF CASES W/ELEM INMEMORY                      252
                11:29:56:51  MEMORY FOR MEMBER LOADS                      18144
                11:29:56:51  MEMORY FOR DISPLACEMENTS                     10584
                11:29:56:52  MEMORY FOR MEMBER FORCES                     18144
                11:29:56:52  Using 64-bit analysis engine
                11:29:56:53  BEFORE SOLVER 1
                11:29:56:53  Start Input for Next Load Case
                11:29:56:53  case no=  121 seq. no=   1 idynl= 0
                11:29:56:54  MASSSET                                          0
                11:29:56:54  LOADEND ISLAVE                                   0
                11:29:56:55  Start Input for Next Load Case
                11:29:56:55  case no=  201 seq. no=   2 idynl= 0
                11:29:56:56  LOADEND ISLAVE                                   0
                11:29:56:56  Start Input for Next Load Case
                11:29:56:56  case no=  202 seq. no=   3 idynl= 0
                11:29:56:57  LOADEND ISLAVE                                   0
                11:29:56:57  Start Input for Next Load Case
                11:29:56:58  case no=  203 seq. no=   4 idynl= 0
                11:29:56:58  LOADEND ISLAVE                                   0
                11:29:56:59  Start Input for Next Load Case
                11:29:56:59  case no=  204 seq. no=   5 idynl= 0
                11:29:56:59  LOADEND ISLAVE                                   0
                11:29:56:60  Start Input for Next Load Case
                11:29:56:60  case no=  205 seq. no=   6 idynl= 0
                11:29:56:61  LOADEND ISLAVE                                   0
                11:29:56:61  Start Input for Next Load Case
                11:29:56:61  case no=  206 seq. no=   7 idynl= 0
                11:29:56:62  LOADEND ISLAVE                                   0
                11:29:56:62  Start Input for Next Load Case
                11:29:56:63  case no=  207 seq. no=   8 idynl= 0
                11:29:56:63  LOADEND ISLAVE                                   0
                11:29:56:64  Start Input for Next Load Case
                11:29:56:65  case no=  208 seq. no=   9 idynl= 0
                11:29:56:65  LOADEND ISLAVE                                   0
                11:29:56:66  Start Input for Next Load Case
                11:29:56:67  case no=  312 seq. no=  10 idynl= 0
                11:29:56:67  LOADEND ISLAVE                                   0
                11:29:56:68  Start Input for Next Load Case
                11:29:56:69  case no=  313 seq. no=  11 idynl= 0
                11:29:56:69  LOADEND ISLAVE                                   0
                11:29:56:70  Start Input for Next Load Case
                11:29:56:70  case no=  314 seq. no=  12 idynl= 0
                11:29:56:71  LOADEND ISLAVE                                   0
                11:29:56:71  Start Input for Next Load Case
                11:29:56:72  case no=  315 seq. no=  13 idynl= 0
                11:29:56:72  LOADEND ISLAVE                                   0
                11:29:56:73  Start Input for Next Load Case
                11:29:56:73  case no=  322 seq. no=  14 idynl= 0
                11:29:56:74  LOADEND ISLAVE                                   0
                11:29:56:74  Start Input for Next Load Case
                11:29:56:75  case no=  323 seq. no=  15 idynl= 0
                11:29:56:75  LOADEND ISLAVE                                   0
                11:29:56:76  Start Input for Next Load Case
                11:29:56:76  case no=  324 seq. no=  16 idynl= 0
                11:29:56:76  LOADEND ISLAVE                                   0
                11:29:56:77  Start Input for Next Load Case
                11:29:56:77  case no=  325 seq. no=  17 idynl= 0
                11:29:56:78  LOADEND ISLAVE                                   0
                11:29:56:78  Start Input for Next Load Case
                11:29:56:78  case no=  332 seq. no=  18 idynl= 0
                11:29:56:79  LOADEND ISLAVE                                   0
                11:29:56:79  Start Input for Next Load Case
                11:29:56:80  case no=  333 seq. no=  19 idynl= 0
                11:29:56:80  LOADEND ISLAVE                                   0
                11:29:56:81  Start Input for Next Load Case
                11:29:56:81  case no=  334 seq. no=  20 idynl= 0
                11:29:56:81  LOADEND ISLAVE                                   0
                11:29:56:82  Start Input for Next Load Case
                11:29:56:82  case no=  335 seq. no=  21 idynl= 0
                11:29:56:83  LOADEND ISLAVE                                   0
                11:29:56:83  Start Input for Next Load Case
                11:29:56:83  case no=  411 seq. no=  22 idynl= 0
                11:29:56:84  LOADEND ISLAVE                                   0
                11:29:56:84  Start Input for Next Load Case
                11:29:56:85  case no=  412 seq. no=  23 idynl= 0
                11:29:56:85  LOADEND ISLAVE                                   0
                11:29:56:86  Start Input for Next Load Case
                11:29:56:86  case no=  413 seq. no=  24 idynl= 0
                11:29:56:86  LOADEND ISLAVE                                   0
                11:29:56:87  Start Input for Next Load Case
                11:29:56:87  case no=  414 seq. no=  25 idynl= 0
                11:29:56:88  LOADEND ISLAVE                                   0
                11:29:56:88  Start Input for Next Load Case
                11:29:56:88  case no=  415 seq. no=  26 idynl= 0
                11:29:56:89  LOADEND ISLAVE                                   0
                11:29:56:89  Start Input for Next Load Case
                11:29:56:90  case no=  416 seq. no=  27 idynl= 0
                11:29:56:90  LOADEND ISLAVE                                   0
                11:29:56:90  Start Input for Next Load Case
                11:29:56:91  case no=  417 seq. no=  28 idynl= 0
                11:29:56:91  LOADEND ISLAVE                                   0
                11:29:56:92  Start Input for Next Load Case
                11:29:56:92  case no=  418 seq. no=  29 idynl= 0
                11:29:56:92  LOADEND ISLAVE                                   0
                11:29:56:93  Start Input for Next Load Case
                11:29:56:93  case no=  421 seq. no=  30 idynl= 0
                11:29:56:94  LOADEND ISLAVE                                   0
                11:29:56:94  Start Input for Next Load Case
                11:29:56:95  case no=  422 seq. no=  31 idynl= 0
                11:29:56:95  LOADEND ISLAVE                                   0
                11:29:56:95  Start Input for Next Load Case
                11:29:56:96  case no=  423 seq. no=  32 idynl= 0
                11:29:56:96  LOADEND ISLAVE                                   0
                11:29:56:97  Start Input for Next Load Case
                11:29:56:97  case no=  424 seq. no=  33 idynl= 0
                11:29:56:98  LOADEND ISLAVE                                   0
                11:29:56:98  Start Input for Next Load Case
                11:29:56:99  case no=  425 seq. no=  34 idynl= 0
                11:29:56:99  LOADEND ISLAVE                                   0
                11:29:57: 0  Start Input for Next Load Case
                11:29:57: 0  case no=  426 seq. no=  35 idynl= 0
                11:29:57: 1  LOADEND ISLAVE                                   0
                11:29:57: 1  Start Input for Next Load Case
                11:29:57: 2  case no=  427 seq. no=  36 idynl= 0
                11:29:57: 2  LOADEND ISLAVE                                   0
                11:29:57: 3  Start Input for Next Load Case
                11:29:57: 3  case no=  428 seq. no=  37 idynl= 0
                11:29:57: 3  LOADEND ISLAVE                                   0
                11:29:57: 4  Start Input for Next Load Case
                11:29:57: 4  case no=  711 seq. no=  38 idynl= 0
                11:29:57: 5  LOADEND ISLAVE                                   0
                11:29:57: 5  Start Input for Next Load Case
                11:29:57: 6  case no=  712 seq. no=  39 idynl= 0
                11:29:57: 6  LOADEND ISLAVE                                   0
                11:29:57: 6  Start Input for Next Load Case
                11:29:57: 7  case no=  713 seq. no=  40 idynl= 0
                11:29:57: 7  LOADEND ISLAVE                                   0
                11:29:57: 8  Start Input for Next Load Case
                11:29:57: 8  case no=  714 seq. no=  41 idynl= 0
                11:29:57: 9  LOADEND ISLAVE                                   0
                11:29:57: 9  Start Input for Next Load Case
                11:29:57: 9  case no=  715 seq. no=  42 idynl= 0
                11:29:57:10  LOADEND ISLAVE                                   0
                11:29:57:10  Start Input for Next Load Case
                11:29:57:11  case no=  716 seq. no=  43 idynl= 0
                11:29:57:11  LOADEND ISLAVE                                   0
                11:29:57:12  Start Input for Next Load Case
                11:29:57:12  case no=  717 seq. no=  44 idynl= 0
                11:29:57:12  LOADEND ISLAVE                                   0
                11:29:57:13  Start Input for Next Load Case
                11:29:57:13  case no=  718 seq. no=  45 idynl= 0
                11:29:57:14  LOADEND ISLAVE                                   0
                11:29:57:15  Start Input for Next Load Case
                11:29:57:15  case no= 1101 seq. no=  46 idynl= 0
                11:29:57:16  LOADEND ISLAVE                                   0
                11:29:57:16  Start Input for Next Load Case
                11:29:57:17  case no= 1102 seq. no=  47 idynl= 0
                11:29:57:17  LOADEND ISLAVE                                   0
                11:29:57:17  Start Input for Next Load Case
                11:29:57:18  case no= 1103 seq. no=  48 idynl= 0
                11:29:57:18  LOADEND ISLAVE                                   0
                11:29:57:19  Start Input for Next Load Case
                11:29:57:19  case no= 1104 seq. no=  49 idynl= 0
                11:29:57:20  LOADEND ISLAVE                                   0
                11:29:57:20  Start Input for Next Load Case
                11:29:57:20  case no= 1105 seq. no=  50 idynl= 0
                11:29:57:21  LOADEND ISLAVE                                   0
                11:29:57:21  Start Input for Next Load Case
                11:29:57:22  case no= 1106 seq. no=  51 idynl= 0
                11:29:57:22  LOADEND ISLAVE                                   0
                11:29:57:23  Start Input for Next Load Case
                11:29:57:23  case no= 1107 seq. no=  52 idynl= 0
                11:29:57:24  LOADEND ISLAVE                                   0
                11:29:57:24  Start Input for Next Load Case
                11:29:57:25  case no= 1108 seq. no=  53 idynl= 0
                11:29:57:25  LOADEND ISLAVE                                   0
                11:29:57:26  Start Input for Next Load Case
                11:29:57:26  case no= 1201 seq. no=  54 idynl= 0
                11:29:57:27  LOADEND ISLAVE                                   0
                11:29:57:27  Start Input for Next Load Case
                11:29:57:28  case no= 1202 seq. no=  55 idynl= 0
                11:29:57:28  LOADEND ISLAVE                                   0
                11:29:57:28  Start Input for Next Load Case
                11:29:57:29  case no= 1203 seq. no=  56 idynl= 0
                11:29:57:29  LOADEND ISLAVE                                   0
                11:29:57:30  Start Input for Next Load Case
                11:29:57:30  case no= 1204 seq. no=  57 idynl= 0
                11:29:57:30  LOADEND ISLAVE                                   0
                11:29:57:31  Start Input for Next Load Case
                11:29:57:31  case no= 1205 seq. no=  58 idynl= 0
                11:29:57:32  LOADEND ISLAVE                                   0
                11:29:57:32  Start Input for Next Load Case
                11:29:57:33  case no= 1206 seq. no=  59 idynl= 0
                11:29:57:33  LOADEND ISLAVE                                   0
                11:29:57:33  Start Input for Next Load Case
                11:29:57:34  case no= 1207 seq. no=  60 idynl= 0
                11:29:57:34  LOADEND ISLAVE                                   0
                11:29:57:35  Start Input for Next Load Case
                11:29:57:35  case no= 1208 seq. no=  61 idynl= 0
                11:29:57:36  LOADEND ISLAVE                                   0
                11:29:57:36  Start Input for Next Load Case
                11:29:57:36  case no= 2101 seq. no=  62 idynl= 0
                11:29:57:37  LOADEND ISLAVE                                   0
                11:29:57:37  Start Input for Next Load Case
                11:29:57:38  case no= 2102 seq. no=  63 idynl= 0
                11:29:57:38  LOADEND ISLAVE                                   0
                11:29:57:38  Start Input for Next Load Case
                11:29:57:39  case no= 2103 seq. no=  64 idynl= 0
                11:29:57:39  LOADEND ISLAVE                                   0
                11:29:57:40  Start Input for Next Load Case
                11:29:57:40  case no= 2104 seq. no=  65 idynl= 0
                11:29:57:41  LOADEND ISLAVE                                   0
                11:29:57:41  Start Input for Next Load Case
                11:29:57:42  case no= 2105 seq. no=  66 idynl= 0
                11:29:57:42  LOADEND ISLAVE                                   0
                11:29:57:43  Start Input for Next Load Case
                11:29:57:43  case no= 2106 seq. no=  67 idynl= 0
                11:29:57:43  LOADEND ISLAVE                                   0
                11:29:57:44  Start Input for Next Load Case
                11:29:57:44  case no= 2107 seq. no=  68 idynl= 0
                11:29:57:45  LOADEND ISLAVE                                   0
                11:29:57:45  Start Input for Next Load Case
                11:29:57:46  case no= 2108 seq. no=  69 idynl= 0
                11:29:57:46  LOADEND ISLAVE                                   0
                11:29:57:46  Start Input for Next Load Case
                11:29:57:47  case no= 3001 seq. no=  70 idynl= 0
                11:29:57:47  LOADEND ISLAVE                                   0
                11:29:57:48  Start Input for Next Load Case
                11:29:57:48  case no= 3002 seq. no=  71 idynl= 0
                11:29:57:49  LOADEND ISLAVE                                   0
                11:29:57:49  Start Input for Next Load Case
                11:29:57:50  case no= 3003 seq. no=  72 idynl= 0
                11:29:57:50  LOADEND ISLAVE                                   0
                11:29:57:51  Start Input for Next Load Case
                11:29:57:51  case no= 3004 seq. no=  73 idynl= 0
                11:29:57:52  LOADEND ISLAVE                                   0
                11:29:57:52  Start Input for Next Load Case
                11:29:57:53  case no= 3005 seq. no=  74 idynl= 0
                11:29:57:53  LOADEND ISLAVE                                   0
                11:29:57:54  Start Input for Next Load Case
                11:29:57:54  case no= 3006 seq. no=  75 idynl= 0
                11:29:57:55  LOADEND ISLAVE                                   0
                11:29:57:55  Start Input for Next Load Case
                11:29:57:56  case no= 3007 seq. no=  76 idynl= 0
                11:29:57:56  LOADEND ISLAVE                                   0
                11:29:57:56  Start Input for Next Load Case
                11:29:57:57  case no= 3008 seq. no=  77 idynl= 0
                11:29:57:57  LOADEND ISLAVE                                   0
                11:29:57:58  Start Input for Next Load Case
                11:29:57:58  case no= 3011 seq. no=  78 idynl= 0
                11:29:57:59  LOADEND ISLAVE                                   0
                11:29:57:59  Start Input for Next Load Case
                11:29:57:60  case no= 3012 seq. no=  79 idynl= 0
                11:29:57:60  LOADEND ISLAVE                                   0
                11:29:57:60  Start Input for Next Load Case
                11:29:57:61  case no= 3013 seq. no=  80 idynl= 0
                11:29:57:61  LOADEND ISLAVE                                   0
                11:29:57:62  Start Input for Next Load Case
                11:29:57:62  case no= 3014 seq. no=  81 idynl= 0
                11:29:57:63  LOADEND ISLAVE                                   0
                11:29:57:63  Start Input for Next Load Case
                11:29:57:64  case no= 3015 seq. no=  82 idynl= 0
                11:29:57:64  LOADEND ISLAVE                                   0
                11:29:57:65  Start Input for Next Load Case
                11:29:57:65  case no= 3016 seq. no=  83 idynl= 0
                11:29:57:66  LOADEND ISLAVE                                   0
                11:29:57:66  Start Input for Next Load Case
                11:29:57:67  case no= 3017 seq. no=  84 idynl= 0
                11:29:57:67  LOADEND ISLAVE                                   0
                11:29:57:68  Start Input for Next Load Case
                11:29:57:68  case no= 3018 seq. no=  85 idynl= 0
                11:29:57:69  LOADEND ISLAVE                                   0
                11:29:57:69  Start Input for Next Load Case
                11:29:57:70  case no= 3021 seq. no=  86 idynl= 0
                11:29:57:71  LOADEND ISLAVE                                   0
                11:29:57:71  Start Input for Next Load Case
                11:29:57:72  case no= 3022 seq. no=  87 idynl= 0
                11:29:57:72  LOADEND ISLAVE                                   0
                11:29:57:73  Start Input for Next Load Case
                11:29:57:73  case no= 3023 seq. no=  88 idynl= 0
                11:29:57:74  LOADEND ISLAVE                                   0
                11:29:57:74  Start Input for Next Load Case
                11:29:57:75  case no= 3024 seq. no=  89 idynl= 0
                11:29:57:75  LOADEND ISLAVE                                   0
                11:29:57:76  Start Input for Next Load Case
                11:29:57:76  case no= 3025 seq. no=  90 idynl= 0
                11:29:57:77  LOADEND ISLAVE                                   0
                11:29:57:77  Start Input for Next Load Case
                11:29:57:78  case no= 3026 seq. no=  91 idynl= 0
                11:29:57:78  LOADEND ISLAVE                                   0
                11:29:57:79  Start Input for Next Load Case
                11:29:57:79  case no= 3027 seq. no=  92 idynl= 0
                11:29:57:80  LOADEND ISLAVE                                   0
                11:29:57:80  Start Input for Next Load Case
                11:29:57:81  case no= 3028 seq. no=  93 idynl= 0
                11:29:57:81  LOADEND ISLAVE                                   0
                11:29:57:81  Start Input for Next Load Case
                11:29:57:82  case no= 3201 seq. no=  94 idynl= 0
                11:29:57:82  LOADEND ISLAVE                                   0
                11:29:57:83  Start Input for Next Load Case
                11:29:57:83  case no= 3202 seq. no=  95 idynl= 0
                11:29:57:84  LOADEND ISLAVE                                   0
                11:29:57:84  Start Input for Next Load Case
                11:29:57:85  case no= 3203 seq. no=  96 idynl= 0
                11:29:57:85  LOADEND ISLAVE                                   0
                11:29:57:85  Start Input for Next Load Case
                11:29:57:86  case no= 3204 seq. no=  97 idynl= 0
                11:29:57:86  LOADEND ISLAVE                                   0
                11:29:57:87  Start Input for Next Load Case
                11:29:57:87  case no= 3205 seq. no=  98 idynl= 0
                11:29:57:88  LOADEND ISLAVE                                   0
                11:29:57:88  Start Input for Next Load Case
                11:29:57:89  case no= 3206 seq. no=  99 idynl= 0
                11:29:57:89  LOADEND ISLAVE                                   0
                11:29:57:89  Start Input for Next Load Case
                11:29:57:90  case no= 3207 seq. no= 100 idynl= 0
                11:29:57:90  LOADEND ISLAVE                                   0
                11:29:57:91  Start Input for Next Load Case
                11:29:57:91  case no= 3208 seq. no= 101 idynl= 0
                11:29:57:92  LOADEND ISLAVE                                   0
                11:29:57:92  NVPREV                                           0
                11:29:57:93  AMAXNON                               1.706037E-01
                11:29:57:93  IRECSIZL=                                     4000
                11:29:57:93  MTX BLOCKSIZE=                                  30
                11:29:57:94  MI=                                             30
                11:29:57:94  NORECL=                                          1
                11:29:57:95  NORECL1=                                         1
                11:29:57:95  IWORD=                                       32000
                11:29:57:96  JRECSIZE=                                     4000
                11:29:57:96  IWORDJ=                                      32000
                11:29:57:97  IBYTE=                                           4
                11:29:57:97  JOINTS=                                          7
                11:29:57:97  MEMBERS=                                         6
                11:29:57:98  PLATES =                                         0
                11:29:57:98  SOLIDS =                                         0
                11:29:57:99  NO. OF EQUATIONS=                               30
                11:29:57:99  idyn=                                            0
                11:29:58: 0  ipd=                                             0
                11:29:58: 0  icablanl=                                        0
                11:29:58: 1  ++ Processing Element Stiffness Matrix.
                11:29:58: 1  NV1                                            101
                11:29:58:13  ++ Calculating Element Forces & Reactions.
                11:29:58:59  COMBINATION CASES=                               0
                11:29:58:59  MAX CM MEMORY (KILOWORDS)                       28
                11:29:58:60  AFTER SOLVER 1
                11:29:58:61  REOPEN AS SEQ                                    0
                11:29:58:61  DEFINE ENVELOPE
                11:29:58:63  LOAD LIST 1101 TO 110
                11:29:58:63  PARAMETER 1
                11:29:58:64  CHECK CODE ALL
                11:29:58:64  ENTERING SECTNM110 IQ=                           6
                11:29:58:64               NSEC=                              11
                11:29:58:65             ISECTN=                               0
                11:29:58:67  SECTNM110 DO 925
                11:29:58:68  ENTERING ENVLP1 ITYP1=                          -3
                11:29:58:68  SECT DISPLACE
                11:29:58:70  Steel/Alum/Timber Design                        52
                11:29:58:74    ++ Finished Design ...
                11:29:58:74  Steel/Timber Design exit
                11:29:58:74  LOAD LIST 2101 TO 210
                11:29:58:75  PARAMETER 1
                11:29:58:76  CHECK CODE ALL
                11:29:58:76  ENTERING ENVLP1 ITYP1=                          -3
                11:29:58:76  SECT DISPLACE
                11:29:58:78  Steel/Alum/Timber Design                        52
                11:29:58:79    ++ Finished Design ...
                11:29:58:79  Steel/Timber Design exit
                11:29:58:79  LOAD LIST ENV 4 TO 7
                11:29:58:80  PARAMETER 1
                11:29:58:81  CHECK CODE ALL
                11:29:58:81  ENTERING ENVLP1 ITYP1=                          -3
                11:29:58:81  SECT DISPLACE
                11:29:58:83  Steel/Alum/Timber Design                        52
                11:29:58:84    ++ Finished Design ...
                11:29:58:84  Steel/Timber Design exit
                11:29:58:85  PRINT JOINT DISPLACEM
                11:29:58:85  DRAW ISOM JOIN MEMB
                11:29:58:86  ENTERING SECTNM110 IQ=                           6
                11:29:58:86               NSEC=                              11
                11:29:58:87             ISECTN=                               0
                11:29:58:89  SECTNM110 DO 925
                11:29:58:90  PRINT SUPPORT REACTIO
                11:29:58:90  DRAW ISOM SUPP PROP
                11:29:58:91  ENTERING SECTNM110 IQ=                           6
                11:29:58:92               NSEC=                              11
                11:29:58:92             ISECTN=                               0
                11:29:58:94  SECTNM110 DO 925
                11:29:58:96  DRAW ISOM SHAP
                11:29:58:96  ENTERING SECTNM110 IQ=                           6
                11:29:58:97               NSEC=                              11
                11:29:58:97             ISECTN=                               0
                11:29:59: 0  SECTNM110 DO 925
                11:29:59: 2  PRINT CG
                11:29:59: 2  FINISH
                11:29:59: 2  All Commands FINISHed
                11:29:59: 3  DATASAVE for SPRO GUI
                11:29:59: 3  ++ Creating Displacement File (DSP)...
                11:29:59: 5  ++ Creating Reaction File (REA)...
                11:29:59: 5  ++ Creating Section Force File (BMD)...
                11:29:59: 7  ++ Creating Section Displace File (SEC)...
                11:29:59: 7  ENTERING ENVLP1 ITYP1=                          -5
                11:29:59: 7  SECT DISPLACE
                11:29:59:10  ++ Creating Section Displace File (SCN)...
                11:29:59:11  ++ Creating Design information File (DGN)...
                11:29:59:11  ALLOCATED CM MEMORY (KILOWORDS)             300000
                11:29:59:12  MAX CM MEMORY (KILOWORDS)                       55
                11:29:59:12  DBS LONG SEC NAME
* End Of Analysis At Fri Jul 12 11:29:59 2024
* CPU usage = 3.412000
* STAAD Exit Code: 100, Warning Count: 0, Error Count: 0, Duration: 3.412
1 0 0 3.412
****************************************************************************
*                            END OF ANALYSIS                               *
****************************************************************************
