07/31/2024 10:47:27	Reading UID database.
07/31/2024 10:47:27	Start loading STAAD model.
07/31/2024 10:47:27	Reading model file.
07/31/2024 10:47:27	Reading model file is complete.
07/31/2024 10:47:27	Processing support.
07/31/2024 10:47:28	Processing springs.
07/31/2024 10:47:28	Processing properties.
07/31/2024 10:47:28	Processing physical properties.
07/31/2024 10:47:28	Processing constants.
07/31/2024 10:47:28	Processing BETA constants.
07/31/2024 10:47:28	Processing hidden analytical member loads.
07/31/2024 10:47:28	Processing command list for member release.
07/31/2024 10:47:28	Processing command list for member offset.
07/31/2024 10:47:28	Processing command list for member specs (cracked).
07/31/2024 10:47:28	Processing command list for member specs (axial).
07/31/2024 10:47:28	Processing command list for element release.
07/31/2024 10:47:28	Processing command list for element offset.
07/31/2024 10:47:28	Processing command list for element plate stress directive.
07/31/2024 10:47:28	Processing parameter for Chinese wind load case.
07/31/2024 10:47:28	End Processing command list.
07/31/2024 10:47:28	End loading STAAD model.
07/31/2024 10:47:28	Start Post Analysis method
07/31/2024 10:47:28	Removed all hidden plates from surfaces
07/31/2024 10:47:28	Removed all hidden plates
07/31/2024 10:47:28	Removed all hidden nodes
07/31/2024 10:47:28	Loading results from MSH file...
07/31/2024 10:47:28	Building result indices...
07/31/2024 10:47:28	Loading plate stress results...
07/31/2024 10:47:28	Set analysis report setup data
07/31/2024 10:47:28	Starting page setup...
07/31/2024 10:47:28	Page setup completed
07/31/2024 10:47:28	Setting available workflows...
07/31/2024 10:47:28	Post analysis method ends
07/31/2024 13:47:45	Start Post Analysis method
07/31/2024 13:47:45	Removed all hidden plates from surfaces
07/31/2024 13:47:45	Removed all hidden plates
07/31/2024 13:47:45	Removed all hidden nodes
07/31/2024 13:47:45	Loading results from MSH file...
07/31/2024 13:47:45	Building result indices...
07/31/2024 13:47:45	Loading plate stress results...
07/31/2024 13:47:45	Set analysis report setup data
07/31/2024 13:47:45	Starting page setup...
07/31/2024 13:47:45	Page setup completed
07/31/2024 13:47:45	Setting available workflows...
07/31/2024 13:47:45	Post analysis method ends
07/31/2024 14:35:37	Reading UID database.
07/31/2024 14:35:37	Start loading STAAD model.
07/31/2024 14:35:37	Reading model file.
07/31/2024 14:35:38	Reading model file is complete.
07/31/2024 14:35:38	Processing support.
07/31/2024 14:35:38	Processing springs.
07/31/2024 14:35:38	Processing properties.
07/31/2024 14:35:38	Processing physical properties.
07/31/2024 14:35:38	Processing constants.
07/31/2024 14:35:38	Processing BETA constants.
07/31/2024 14:35:38	Processing hidden analytical member loads.
07/31/2024 14:35:38	Processing command list for member release.
07/31/2024 14:35:38	Processing command list for member offset.
07/31/2024 14:35:38	Processing command list for member specs (cracked).
07/31/2024 14:35:38	Processing command list for member specs (axial).
07/31/2024 14:35:38	Processing command list for element release.
07/31/2024 14:35:38	Processing command list for element offset.
07/31/2024 14:35:38	Processing command list for element plate stress directive.
07/31/2024 14:35:38	Processing parameter for Chinese wind load case.
07/31/2024 14:35:38	End Processing command list.
07/31/2024 14:35:38	End loading STAAD model.
07/31/2024 14:35:38	Start Post Analysis method
07/31/2024 14:35:38	Removed all hidden plates from surfaces
07/31/2024 14:35:38	Removed all hidden plates
07/31/2024 14:35:38	Removed all hidden nodes
07/31/2024 14:35:38	Loading results from MSH file...
07/31/2024 14:35:38	Building result indices...
07/31/2024 14:35:38	Loading plate stress results...
07/31/2024 14:35:38	Set analysis report setup data
07/31/2024 14:35:38	Starting page setup...
07/31/2024 14:35:38	Page setup completed
07/31/2024 14:35:38	Setting available workflows...
07/31/2024 14:35:38	Post analysis method ends
07/31/2024 14:35:55	Start Post Analysis method
07/31/2024 14:35:55	Removed all hidden plates from surfaces
07/31/2024 14:35:55	Removed all hidden plates
07/31/2024 14:35:55	Removed all hidden nodes
07/31/2024 14:35:55	Loading results from MSH file...
07/31/2024 14:35:55	Building result indices...
07/31/2024 14:35:55	Loading plate stress results...
07/31/2024 14:35:55	Set analysis report setup data
07/31/2024 14:35:55	Starting page setup...
07/31/2024 14:35:55	Page setup completed
07/31/2024 14:35:55	Setting available workflows...
07/31/2024 14:35:55	Post analysis method ends
07/31/2024 14:36:19	Start Post Analysis method
07/31/2024 14:36:19	Removed all hidden plates from surfaces
07/31/2024 14:36:19	Removed all hidden plates
07/31/2024 14:36:19	Removed all hidden nodes
07/31/2024 14:36:19	Loading results from MSH file...
07/31/2024 14:36:19	Building result indices...
07/31/2024 14:36:19	Loading plate stress results...
07/31/2024 14:36:19	Set analysis report setup data
07/31/2024 14:36:19	Starting page setup...
07/31/2024 14:36:19	Page setup completed
07/31/2024 14:36:19	Setting available workflows...
07/31/2024 14:36:19	Post analysis method ends
07/31/2024 14:39:07	Reading UID database.
07/31/2024 14:39:07	Start loading STAAD model.
07/31/2024 14:39:07	Reading model file.
07/31/2024 14:39:07	Reading model file is complete.
07/31/2024 14:39:07	Processing support.
07/31/2024 14:39:07	Processing springs.
07/31/2024 14:39:08	Processing properties.
07/31/2024 14:39:08	Processing physical properties.
07/31/2024 14:39:08	Processing constants.
07/31/2024 14:39:08	Processing BETA constants.
07/31/2024 14:39:08	Processing hidden analytical member loads.
07/31/2024 14:39:08	Processing command list for member release.
07/31/2024 14:39:08	Processing command list for member offset.
07/31/2024 14:39:08	Processing command list for member specs (cracked).
07/31/2024 14:39:08	Processing command list for member specs (axial).
07/31/2024 14:39:08	Processing command list for element release.
07/31/2024 14:39:08	Processing command list for element offset.
07/31/2024 14:39:08	Processing command list for element plate stress directive.
07/31/2024 14:39:08	Processing parameter for Chinese wind load case.
07/31/2024 14:39:08	End Processing command list.
07/31/2024 14:39:08	End loading STAAD model.
07/31/2024 14:39:08	Start Post Analysis method
07/31/2024 14:39:08	Removed all hidden plates from surfaces
07/31/2024 14:39:08	Removed all hidden plates
07/31/2024 14:39:08	Removed all hidden nodes
07/31/2024 14:39:08	Loading results from MSH file...
07/31/2024 14:39:08	Building result indices...
07/31/2024 14:39:08	Loading plate stress results...
07/31/2024 14:39:08	Set analysis report setup data
07/31/2024 14:39:08	Starting page setup...
07/31/2024 14:39:08	Page setup completed
07/31/2024 14:39:08	Setting available workflows...
07/31/2024 14:39:08	Post analysis method ends
07/31/2024 14:39:17	Start Post Analysis method
07/31/2024 14:39:17	Removed all hidden plates from surfaces
07/31/2024 14:39:17	Removed all hidden plates
07/31/2024 14:39:17	Removed all hidden nodes
07/31/2024 14:39:17	Loading results from MSH file...
07/31/2024 14:39:17	Building result indices...
07/31/2024 14:39:17	Loading plate stress results...
07/31/2024 14:39:17	Set analysis report setup data
07/31/2024 14:39:17	Starting page setup...
07/31/2024 14:39:17	Page setup completed
07/31/2024 14:39:17	Setting available workflows...
07/31/2024 14:39:17	Post analysis method ends
