07/26/2024 09:41:57	Reading UID database.
07/26/2024 09:41:57	Start loading STAAD model.
07/26/2024 09:41:57	Reading model file.
07/26/2024 09:41:58	Reading model file is complete.
07/26/2024 09:41:58	Processing support.
07/26/2024 09:41:58	Processing springs.
07/26/2024 09:41:58	Processing properties.
07/26/2024 09:41:58	Processing physical properties.
07/26/2024 09:41:58	Processing constants.
07/26/2024 09:41:58	Processing BETA constants.
07/26/2024 09:41:58	Processing hidden analytical member loads.
07/26/2024 09:41:58	Processing command list for member release.
07/26/2024 09:41:58	Processing command list for member offset.
07/26/2024 09:41:58	Processing command list for member specs (cracked).
07/26/2024 09:41:58	Processing command list for member specs (axial).
07/26/2024 09:41:58	Processing command list for element release.
07/26/2024 09:41:58	Processing command list for element offset.
07/26/2024 09:41:58	Processing command list for element plate stress directive.
07/26/2024 09:41:58	Processing parameter for Chinese wind load case.
07/26/2024 09:41:58	End Processing command list.
07/26/2024 09:41:58	End loading STAAD model.
07/26/2024 09:41:58	Start Post Analysis method
07/26/2024 09:41:58	Removed all hidden plates from surfaces
07/26/2024 09:41:58	Removed all hidden plates
07/26/2024 09:41:58	Removed all hidden nodes
07/26/2024 09:41:58	Loading results from MSH file...
07/26/2024 09:41:58	Building result indices...
07/26/2024 09:41:58	Loading plate stress results...
07/26/2024 09:41:58	Set analysis report setup data
07/26/2024 09:41:58	Starting page setup...
07/26/2024 09:41:58	Page setup completed
07/26/2024 09:41:58	Setting available workflows...
07/26/2024 09:41:58	Post analysis method ends
07/26/2024 10:11:28	Reading UID database.
07/26/2024 10:11:28	Start loading STAAD model.
07/26/2024 10:11:28	Reading model file.
07/26/2024 10:11:28	Reading model file is complete.
07/26/2024 10:11:28	Processing support.
07/26/2024 10:11:28	Processing springs.
07/26/2024 10:11:28	Processing properties.
07/26/2024 10:11:28	Processing physical properties.
07/26/2024 10:11:28	Processing constants.
07/26/2024 10:11:28	Processing BETA constants.
07/26/2024 10:11:28	Processing hidden analytical member loads.
07/26/2024 10:11:28	Processing command list for member release.
07/26/2024 10:11:28	Processing command list for member offset.
07/26/2024 10:11:28	Processing command list for member specs (cracked).
07/26/2024 10:11:28	Processing command list for member specs (axial).
07/26/2024 10:11:28	Processing command list for element release.
07/26/2024 10:11:28	Processing command list for element offset.
07/26/2024 10:11:28	Processing command list for element plate stress directive.
07/26/2024 10:11:28	Processing parameter for Chinese wind load case.
07/26/2024 10:11:28	End Processing command list.
07/26/2024 10:11:28	End loading STAAD model.
07/26/2024 10:11:28	Start Post Analysis method
07/26/2024 10:11:28	Removed all hidden plates from surfaces
07/26/2024 10:11:28	Removed all hidden plates
07/26/2024 10:11:28	Removed all hidden nodes
07/26/2024 10:11:28	Loading results from MSH file...
07/26/2024 10:11:28	Building result indices...
07/26/2024 10:11:28	Loading plate stress results...
07/26/2024 10:11:28	Set analysis report setup data
07/26/2024 10:11:28	Starting page setup...
07/26/2024 10:11:28	Page setup completed
07/26/2024 10:11:28	Setting available workflows...
07/26/2024 10:11:28	Post analysis method ends
07/26/2024 10:11:55	Start Post Analysis method
07/26/2024 10:11:55	Removed all hidden plates from surfaces
07/26/2024 10:11:55	Removed all hidden plates
07/26/2024 10:11:55	Removed all hidden nodes
07/26/2024 10:11:55	Loading results from MSH file...
07/26/2024 10:11:55	Building result indices...
07/26/2024 10:11:55	Loading plate stress results...
07/26/2024 10:11:55	Set analysis report setup data
07/26/2024 10:11:55	Starting page setup...
07/26/2024 10:11:55	Page setup completed
07/26/2024 10:11:55	Setting available workflows...
07/26/2024 10:11:55	Post analysis method ends
