10:11:32	Initializing STAAD Engine
10:11:32	Run stream set up is complete.
10:11:32	Initialize license libraries.
10:11:32	License libraries initialized.
10:11:32	Starting license(s) for A & D engine.
10:11:34	License Status: Ok
10:11:34	License information set up is complete.
****************************************************************************
*                            START OF ANALYSIS                             *
****************************************************************************
* Initiating Analysis At Fri Jul 26 10:11:34 2024
                          PROGRAM: STAAD.Pro
                          VERSION: 23.00.01.25
                10:11:34: 8  ENTERING STAAD
                10:11:34:11  USING 64 BIT STAAD ENGINE
                10:11:34:11  ENTERING MAINN
                10:11:34:12  START JOB INFORMATION
                10:11:34:12  INPUT WIDTH 79
                10:11:34:12  UNIT MMS KN
                10:11:34:13  JOINT COORDINATES
                10:11:34:13  ENTERING JOINTC
                10:11:34:14  JOINTC NEWJ                                 400000
                10:11:34:14  MAX NODE NO.                                    16
                10:11:34:14  MEMBER INCIDENCES
                10:11:34:15  UNIT METER KN
                10:11:34:15  DEFINE MATERIAL START
                10:11:34:16  UNIT MMS KN
                10:11:34:16  MEMBER PROPERTY EUROP
                10:11:34:60    ++ Finished Reading Member Properties ...
                10:11:34:60  CONSTANTS
                10:11:34:61  SUPPORTS
                10:11:34:61  ENTERING SUPPORT
                10:11:34:62  MEMBER OFFSET
                10:11:34:62  DEFINE WIND LOAD
                10:11:34:64  LOAD 121 LOADTYPE DEA
                10:11:34:64  DUPLICATE ELEMENT CHECK
                10:11:34:64  CHECKING STRUCTURAL INTEGRITY
                10:11:34:65  CHECK UNCONNECTED JOINTS AND
                10:11:34:65  CALCULATE MAX JOINT CONNECTIVITY
                10:11:34:65  CHECK MULTIPLE STRUCTURES
                10:11:34:66  ENTERING SUPPORT
                10:11:34:66  NRJOLD                                           0
                10:11:34:67  SUPPORT NOLD                                     0
                10:11:34:67  SUPPORT N                                       72
                10:11:34:68  BEFORE LOADPR
                10:11:34:68  REOPEN AS DIR                                    0
                10:11:34:69  ENTER LOADPR
                10:11:34:81  PERFORM ANALYSIS PRIN
                10:11:34:81  pdel iter                                        0
                10:11:34:82  MAXIMUM E =                           2.973273E+04
                10:11:34:82  MINIMUM E =                           2.973273E+04
                10:11:34:83  MBW DOF BAND=                                    1
                10:11:34:83  NUMBER OF PRIMARY CASES                        101
                10:11:34:83  NUMBER OF CASES                                252
                10:11:34:84  #OF CASES W/ELEM INMEMORY                      252
                10:11:34:84  MEMORY FOR MEMBER LOADS                      48384
                10:11:34:85  MEMORY FOR DISPLACEMENTS                     24192
                10:11:34:85  MEMORY FOR MEMBER FORCES                     48384
                10:11:34:86  Using 64-bit analysis engine
                10:11:34:86  BEFORE SOLVER 1
                10:11:34:86  Start Input for Next Load Case
                10:11:34:87  case no=  121 seq. no=   1 idynl= 0
                10:11:34:87  MASSSET                                          0
                10:11:34:88  LOADEND ISLAVE                                   0
                10:11:34:88  Start Input for Next Load Case
                10:11:34:89  case no=  201 seq. no=   2 idynl= 0
                10:11:34:89  LOADEND ISLAVE                                   0
                10:11:34:90  Start Input for Next Load Case
                10:11:34:90  case no=  202 seq. no=   3 idynl= 0
                10:11:34:90  LOADEND ISLAVE                                   0
                10:11:34:91  Start Input for Next Load Case
                10:11:34:91  case no=  203 seq. no=   4 idynl= 0
                10:11:34:92  LOADEND ISLAVE                                   0
                10:11:34:92  Start Input for Next Load Case
                10:11:34:92  case no=  204 seq. no=   5 idynl= 0
                10:11:34:93  LOADEND ISLAVE                                   0
                10:11:34:93  Start Input for Next Load Case
                10:11:34:94  case no=  205 seq. no=   6 idynl= 0
                10:11:34:94  LOADEND ISLAVE                                   0
                10:11:34:95  Start Input for Next Load Case
                10:11:34:95  case no=  206 seq. no=   7 idynl= 0
                10:11:34:95  LOADEND ISLAVE                                   0
                10:11:34:96  Start Input for Next Load Case
                10:11:34:96  case no=  207 seq. no=   8 idynl= 0
                10:11:34:97  LOADEND ISLAVE                                   0
                10:11:34:97  Start Input for Next Load Case
                10:11:34:98  case no=  208 seq. no=   9 idynl= 0
                10:11:34:98  LOADEND ISLAVE                                   0
                10:11:34:98  Start Input for Next Load Case
                10:11:34:99  case no=  312 seq. no=  10 idynl= 0
                10:11:34:99  LOADEND ISLAVE                                   0
                10:11:35: 0  Start Input for Next Load Case
                10:11:35: 0  case no=  313 seq. no=  11 idynl= 0
                10:11:35: 1  LOADEND ISLAVE                                   0
                10:11:35: 1  Start Input for Next Load Case
                10:11:35: 2  case no=  314 seq. no=  12 idynl= 0
                10:11:35: 2  LOADEND ISLAVE                                   0
                10:11:35: 3  Start Input for Next Load Case
                10:11:35: 3  case no=  315 seq. no=  13 idynl= 0
                10:11:35: 4  LOADEND ISLAVE                                   0
                10:11:35: 4  Start Input for Next Load Case
                10:11:35: 4  case no=  322 seq. no=  14 idynl= 0
                10:11:35: 5  LOADEND ISLAVE                                   0
                10:11:35: 5  Start Input for Next Load Case
                10:11:35: 6  case no=  323 seq. no=  15 idynl= 0
                10:11:35: 6  LOADEND ISLAVE                                   0
                10:11:35: 6  Start Input for Next Load Case
                10:11:35: 7  case no=  324 seq. no=  16 idynl= 0
                10:11:35: 7  LOADEND ISLAVE                                   0
                10:11:35: 8  Start Input for Next Load Case
                10:11:35: 8  case no=  325 seq. no=  17 idynl= 0
                10:11:35: 9  LOADEND ISLAVE                                   0
                10:11:35: 9  Start Input for Next Load Case
                10:11:35:10  case no=  332 seq. no=  18 idynl= 0
                10:11:35:10  LOADEND ISLAVE                                   0
                10:11:35:10  Start Input for Next Load Case
                10:11:35:11  case no=  333 seq. no=  19 idynl= 0
                10:11:35:11  LOADEND ISLAVE                                   0
                10:11:35:12  Start Input for Next Load Case
                10:11:35:12  case no=  334 seq. no=  20 idynl= 0
                10:11:35:13  LOADEND ISLAVE                                   0
                10:11:35:13  Start Input for Next Load Case
                10:11:35:14  case no=  335 seq. no=  21 idynl= 0
                10:11:35:14  LOADEND ISLAVE                                   0
                10:11:35:15  Start Input for Next Load Case
                10:11:35:15  case no=  411 seq. no=  22 idynl= 0
                10:11:35:16  LOADEND ISLAVE                                   0
                10:11:35:16  Start Input for Next Load Case
                10:11:35:17  case no=  412 seq. no=  23 idynl= 0
                10:11:35:17  LOADEND ISLAVE                                   0
                10:11:35:18  Start Input for Next Load Case
                10:11:35:18  case no=  413 seq. no=  24 idynl= 0
                10:11:35:18  LOADEND ISLAVE                                   0
                10:11:35:19  Start Input for Next Load Case
                10:11:35:19  case no=  414 seq. no=  25 idynl= 0
                10:11:35:20  LOADEND ISLAVE                                   0
                10:11:35:20  Start Input for Next Load Case
                10:11:35:21  case no=  415 seq. no=  26 idynl= 0
                10:11:35:21  LOADEND ISLAVE                                   0
                10:11:35:22  Start Input for Next Load Case
                10:11:35:22  case no=  416 seq. no=  27 idynl= 0
                10:11:35:23  LOADEND ISLAVE                                   0
                10:11:35:23  Start Input for Next Load Case
                10:11:35:24  case no=  417 seq. no=  28 idynl= 0
                10:11:35:24  LOADEND ISLAVE                                   0
                10:11:35:25  Start Input for Next Load Case
                10:11:35:25  case no=  418 seq. no=  29 idynl= 0
                10:11:35:26  LOADEND ISLAVE                                   0
                10:11:35:26  Start Input for Next Load Case
                10:11:35:27  case no=  421 seq. no=  30 idynl= 0
                10:11:35:27  LOADEND ISLAVE                                   0
                10:11:35:28  Start Input for Next Load Case
                10:11:35:28  case no=  422 seq. no=  31 idynl= 0
                10:11:35:28  LOADEND ISLAVE                                   0
                10:11:35:29  Start Input for Next Load Case
                10:11:35:30  case no=  423 seq. no=  32 idynl= 0
                10:11:35:30  LOADEND ISLAVE                                   0
                10:11:35:31  Start Input for Next Load Case
                10:11:35:31  case no=  424 seq. no=  33 idynl= 0
                10:11:35:32  LOADEND ISLAVE                                   0
                10:11:35:32  Start Input for Next Load Case
                10:11:35:33  case no=  425 seq. no=  34 idynl= 0
                10:11:35:33  LOADEND ISLAVE                                   0
                10:11:35:33  Start Input for Next Load Case
                10:11:35:34  case no=  426 seq. no=  35 idynl= 0
                10:11:35:34  LOADEND ISLAVE                                   0
                10:11:35:35  Start Input for Next Load Case
                10:11:35:35  case no=  427 seq. no=  36 idynl= 0
                10:11:35:36  LOADEND ISLAVE                                   0
                10:11:35:36  Start Input for Next Load Case
                10:11:35:37  case no=  428 seq. no=  37 idynl= 0
                10:11:35:37  LOADEND ISLAVE                                   0
                10:11:35:38  Start Input for Next Load Case
                10:11:35:38  case no=  711 seq. no=  38 idynl= 0
                10:11:35:39  LOADEND ISLAVE                                   0
                10:11:35:39  Start Input for Next Load Case
                10:11:35:40  case no=  712 seq. no=  39 idynl= 0
                10:11:35:40  LOADEND ISLAVE                                   0
                10:11:35:41  Start Input for Next Load Case
                10:11:35:41  case no=  713 seq. no=  40 idynl= 0
                10:11:35:42  LOADEND ISLAVE                                   0
                10:11:35:42  Start Input for Next Load Case
                10:11:35:43  case no=  714 seq. no=  41 idynl= 0
                10:11:35:43  LOADEND ISLAVE                                   0
                10:11:35:44  Start Input for Next Load Case
                10:11:35:44  case no=  715 seq. no=  42 idynl= 0
                10:11:35:45  LOADEND ISLAVE                                   0
                10:11:35:45  Start Input for Next Load Case
                10:11:35:46  case no=  716 seq. no=  43 idynl= 0
                10:11:35:47  LOADEND ISLAVE                                   0
                10:11:35:47  Start Input for Next Load Case
                10:11:35:48  case no=  717 seq. no=  44 idynl= 0
                10:11:35:48  LOADEND ISLAVE                                   0
                10:11:35:49  Start Input for Next Load Case
                10:11:35:50  case no=  718 seq. no=  45 idynl= 0
                10:11:35:50  LOADEND ISLAVE                                   0
                10:11:35:50  Start Input for Next Load Case
                10:11:35:51  case no= 1101 seq. no=  46 idynl= 0
                10:11:35:51  LOADEND ISLAVE                                   0
                10:11:35:52  Start Input for Next Load Case
                10:11:35:52  case no= 1102 seq. no=  47 idynl= 0
                10:11:35:53  LOADEND ISLAVE                                   0
                10:11:35:53  Start Input for Next Load Case
                10:11:35:54  case no= 1103 seq. no=  48 idynl= 0
                10:11:35:54  LOADEND ISLAVE                                   0
                10:11:35:55  Start Input for Next Load Case
                10:11:35:55  case no= 1104 seq. no=  49 idynl= 0
                10:11:35:56  LOADEND ISLAVE                                   0
                10:11:35:56  Start Input for Next Load Case
                10:11:35:57  case no= 1105 seq. no=  50 idynl= 0
                10:11:35:57  LOADEND ISLAVE                                   0
                10:11:35:58  Start Input for Next Load Case
                10:11:35:58  case no= 1106 seq. no=  51 idynl= 0
                10:11:35:59  LOADEND ISLAVE                                   0
                10:11:35:59  Start Input for Next Load Case
                10:11:35:60  case no= 1107 seq. no=  52 idynl= 0
                10:11:35:60  LOADEND ISLAVE                                   0
                10:11:35:61  Start Input for Next Load Case
                10:11:35:61  case no= 1108 seq. no=  53 idynl= 0
                10:11:35:62  LOADEND ISLAVE                                   0
                10:11:35:62  Start Input for Next Load Case
                10:11:35:63  case no= 1201 seq. no=  54 idynl= 0
                10:11:35:63  LOADEND ISLAVE                                   0
                10:11:35:64  Start Input for Next Load Case
                10:11:35:64  case no= 1202 seq. no=  55 idynl= 0
                10:11:35:65  LOADEND ISLAVE                                   0
                10:11:35:65  Start Input for Next Load Case
                10:11:35:66  case no= 1203 seq. no=  56 idynl= 0
                10:11:35:66  LOADEND ISLAVE                                   0
                10:11:35:67  Start Input for Next Load Case
                10:11:35:67  case no= 1204 seq. no=  57 idynl= 0
                10:11:35:67  LOADEND ISLAVE                                   0
                10:11:35:68  Start Input for Next Load Case
                10:11:35:68  case no= 1205 seq. no=  58 idynl= 0
                10:11:35:69  LOADEND ISLAVE                                   0
                10:11:35:69  Start Input for Next Load Case
                10:11:35:70  case no= 1206 seq. no=  59 idynl= 0
                10:11:35:70  LOADEND ISLAVE                                   0
                10:11:35:71  Start Input for Next Load Case
                10:11:35:71  case no= 1207 seq. no=  60 idynl= 0
                10:11:35:72  LOADEND ISLAVE                                   0
                10:11:35:72  Start Input for Next Load Case
                10:11:35:73  case no= 1208 seq. no=  61 idynl= 0
                10:11:35:73  LOADEND ISLAVE                                   0
                10:11:35:74  Start Input for Next Load Case
                10:11:35:75  case no= 2101 seq. no=  62 idynl= 0
                10:11:35:75  LOADEND ISLAVE                                   0
                10:11:35:76  Start Input for Next Load Case
                10:11:35:76  case no= 2102 seq. no=  63 idynl= 0
                10:11:35:77  LOADEND ISLAVE                                   0
                10:11:35:77  Start Input for Next Load Case
                10:11:35:78  case no= 2103 seq. no=  64 idynl= 0
                10:11:35:79  LOADEND ISLAVE                                   0
                10:11:35:79  Start Input for Next Load Case
                10:11:35:80  case no= 2104 seq. no=  65 idynl= 0
                10:11:35:80  LOADEND ISLAVE                                   0
                10:11:35:81  Start Input for Next Load Case
                10:11:35:82  case no= 2105 seq. no=  66 idynl= 0
                10:11:35:82  LOADEND ISLAVE                                   0
                10:11:35:84  Start Input for Next Load Case
                10:11:35:84  case no= 2106 seq. no=  67 idynl= 0
                10:11:35:85  LOADEND ISLAVE                                   0
                10:11:35:86  Start Input for Next Load Case
                10:11:35:87  case no= 2107 seq. no=  68 idynl= 0
                10:11:35:88  LOADEND ISLAVE                                   0
                10:11:35:88  Start Input for Next Load Case
                10:11:35:89  case no= 2108 seq. no=  69 idynl= 0
                10:11:35:90  LOADEND ISLAVE                                   0
                10:11:35:91  Start Input for Next Load Case
                10:11:35:92  case no= 3001 seq. no=  70 idynl= 0
                10:11:35:93  LOADEND ISLAVE                                   0
                10:11:35:93  Start Input for Next Load Case
                10:11:35:94  case no= 3002 seq. no=  71 idynl= 0
                10:11:35:95  LOADEND ISLAVE                                   0
                10:11:35:96  Start Input for Next Load Case
                10:11:35:97  case no= 3003 seq. no=  72 idynl= 0
                10:11:35:97  LOADEND ISLAVE                                   0
                10:11:35:98  Start Input for Next Load Case
                10:11:35:99  case no= 3004 seq. no=  73 idynl= 0
                10:11:36: 0  LOADEND ISLAVE                                   0
                10:11:36: 0  Start Input for Next Load Case
                10:11:36: 1  case no= 3005 seq. no=  74 idynl= 0
                10:11:36: 1  LOADEND ISLAVE                                   0
                10:11:36: 2  Start Input for Next Load Case
                10:11:36: 3  case no= 3006 seq. no=  75 idynl= 0
                10:11:36: 3  LOADEND ISLAVE                                   0
                10:11:36: 4  Start Input for Next Load Case
                10:11:36: 5  case no= 3007 seq. no=  76 idynl= 0
                10:11:36: 5  LOADEND ISLAVE                                   0
                10:11:36: 6  Start Input for Next Load Case
                10:11:36: 7  case no= 3008 seq. no=  77 idynl= 0
                10:11:36: 7  LOADEND ISLAVE                                   0
                10:11:36: 8  Start Input for Next Load Case
                10:11:36: 9  case no= 3011 seq. no=  78 idynl= 0
                10:11:36: 9  LOADEND ISLAVE                                   0
                10:11:36:10  Start Input for Next Load Case
                10:11:36:10  case no= 3012 seq. no=  79 idynl= 0
                10:11:36:11  LOADEND ISLAVE                                   0
                10:11:36:11  Start Input for Next Load Case
                10:11:36:12  case no= 3013 seq. no=  80 idynl= 0
                10:11:36:12  LOADEND ISLAVE                                   0
                10:11:36:13  Start Input for Next Load Case
                10:11:36:14  case no= 3014 seq. no=  81 idynl= 0
                10:11:36:14  LOADEND ISLAVE                                   0
                10:11:36:14  Start Input for Next Load Case
                10:11:36:15  case no= 3015 seq. no=  82 idynl= 0
                10:11:36:15  LOADEND ISLAVE                                   0
                10:11:36:16  Start Input for Next Load Case
                10:11:36:16  case no= 3016 seq. no=  83 idynl= 0
                10:11:36:17  LOADEND ISLAVE                                   0
                10:11:36:17  Start Input for Next Load Case
                10:11:36:17  case no= 3017 seq. no=  84 idynl= 0
                10:11:36:18  LOADEND ISLAVE                                   0
                10:11:36:18  Start Input for Next Load Case
                10:11:36:19  case no= 3018 seq. no=  85 idynl= 0
                10:11:36:19  LOADEND ISLAVE                                   0
                10:11:36:20  Start Input for Next Load Case
                10:11:36:20  case no= 3021 seq. no=  86 idynl= 0
                10:11:36:21  LOADEND ISLAVE                                   0
                10:11:36:21  Start Input for Next Load Case
                10:11:36:22  case no= 3022 seq. no=  87 idynl= 0
                10:11:36:22  LOADEND ISLAVE                                   0
                10:11:36:23  Start Input for Next Load Case
                10:11:36:23  case no= 3023 seq. no=  88 idynl= 0
                10:11:36:24  LOADEND ISLAVE                                   0
                10:11:36:24  Start Input for Next Load Case
                10:11:36:24  case no= 3024 seq. no=  89 idynl= 0
                10:11:36:25  LOADEND ISLAVE                                   0
                10:11:36:25  Start Input for Next Load Case
                10:11:36:26  case no= 3025 seq. no=  90 idynl= 0
                10:11:36:26  LOADEND ISLAVE                                   0
                10:11:36:27  Start Input for Next Load Case
                10:11:36:27  case no= 3026 seq. no=  91 idynl= 0
                10:11:36:27  LOADEND ISLAVE                                   0
                10:11:36:28  Start Input for Next Load Case
                10:11:36:28  case no= 3027 seq. no=  92 idynl= 0
                10:11:36:29  LOADEND ISLAVE                                   0
                10:11:36:29  Start Input for Next Load Case
                10:11:36:30  case no= 3028 seq. no=  93 idynl= 0
                10:11:36:30  LOADEND ISLAVE                                   0
                10:11:36:30  Start Input for Next Load Case
                10:11:36:31  case no= 3201 seq. no=  94 idynl= 0
                10:11:36:31  LOADEND ISLAVE                                   0
                10:11:36:32  Start Input for Next Load Case
                10:11:36:32  case no= 3202 seq. no=  95 idynl= 0
                10:11:36:32  LOADEND ISLAVE                                   0
                10:11:36:33  Start Input for Next Load Case
                10:11:36:33  case no= 3203 seq. no=  96 idynl= 0
                10:11:36:34  LOADEND ISLAVE                                   0
                10:11:36:34  Start Input for Next Load Case
                10:11:36:34  case no= 3204 seq. no=  97 idynl= 0
                10:11:36:35  LOADEND ISLAVE                                   0
                10:11:36:35  Start Input for Next Load Case
                10:11:36:36  case no= 3205 seq. no=  98 idynl= 0
                10:11:36:36  LOADEND ISLAVE                                   0
                10:11:36:37  Start Input for Next Load Case
                10:11:36:37  case no= 3206 seq. no=  99 idynl= 0
                10:11:36:38  LOADEND ISLAVE                                   0
                10:11:36:38  Start Input for Next Load Case
                10:11:36:38  case no= 3207 seq. no= 100 idynl= 0
                10:11:36:39  LOADEND ISLAVE                                   0
                10:11:36:39  Start Input for Next Load Case
                10:11:36:40  case no= 3208 seq. no= 101 idynl= 0
                10:11:36:40  LOADEND ISLAVE                                   0
                10:11:36:40  NVPREV                                           0
                10:11:36:41  AMAXNON                               3.838583E-01
                10:11:36:41  IRECSIZL=                                     4000
                10:11:36:42  MTX BLOCKSIZE=                                  72
                10:11:36:42  MI=                                             72
                10:11:36:43  NORECL=                                          1
                10:11:36:43  NORECL1=                                         1
                10:11:36:43  IWORD=                                       32000
                10:11:36:44  JRECSIZE=                                     4000
                10:11:36:44  IWORDJ=                                      32000
                10:11:36:45  IBYTE=                                           4
                10:11:36:45  JOINTS=                                         16
                10:11:36:45  MEMBERS=                                        16
                10:11:36:46  PLATES =                                         0
                10:11:36:46  SOLIDS =                                         0
                10:11:36:47  NO. OF EQUATIONS=                               72
                10:11:36:48  idyn=                                            0
                10:11:36:48  ipd=                                             0
                10:11:36:49  icablanl=                                        0
                10:11:36:49  ++ Processing Element Stiffness Matrix.
                10:11:36:50  NV1                                            101
                10:11:36:61  ++ Calculating Element Forces & Reactions.
                10:11:52:30  COMBINATION CASES=                               0
                10:11:52:30  MAX CM MEMORY (KILOWORDS)                       34
                10:11:52:30  AFTER SOLVER 1
                10:11:52:32  REOPEN AS SEQ                                    0
                10:11:52:32  DEFINE ENVELOPE
                10:11:52:34  LOAD LIST 1101 TO 110
                10:11:52:34  PARAMETER 1
                10:11:52:35  CHECK CODE ALL
                10:11:52:35  ENTERING SECTNM110 IQ=                          16
                10:11:52:35               NSEC=                              11
                10:11:52:36             ISECTN=                               0
                10:11:52:39  SECTNM110 DO 925
                10:11:52:41  ENTERING ENVLP1 ITYP1=                          -3
                10:11:52:41  SECT DISPLACE
                10:11:52:44  Steel/Alum/Timber Design                        52
                10:11:52:54    ++ Finished Design ...
                10:11:52:54  Steel/Timber Design exit
                10:11:52:55  LOAD LIST 2101 TO 210
                10:11:52:55  PARAMETER 1
                10:11:52:56  CHECK CODE ALL
                10:11:52:56  ENTERING ENVLP1 ITYP1=                          -3
                10:11:52:57  SECT DISPLACE
                10:11:52:60  Steel/Alum/Timber Design                        52
                10:11:52:63    ++ Finished Design ...
                10:11:52:64  Steel/Timber Design exit
                10:11:52:64  LOAD LIST ENV 4 TO 7
                10:11:52:65  PARAMETER 1
                10:11:52:66  CHECK CODE ALL
                10:11:52:66  ENTERING ENVLP1 ITYP1=                          -3
                10:11:52:66  SECT DISPLACE
                10:11:52:70  Steel/Alum/Timber Design                        52
                10:11:52:82    ++ Finished Design ...
                10:11:52:82  Steel/Timber Design exit
                10:11:52:83  PRINT JOINT DISPLACEM
                10:11:52:83  DRAW ISOM JOIN MEMB
                10:11:52:84  ENTERING SECTNM110 IQ=                          16
                10:11:52:84               NSEC=                              11
                10:11:52:85             ISECTN=                               0
                10:11:52:87  SECTNM110 DO 925
                10:11:52:89  PRINT SUPPORT REACTIO
                10:11:52:90  DRAW ISOM SUPP PROP
                10:11:52:90  ENTERING SECTNM110 IQ=                          16
                10:11:52:91               NSEC=                              11
                10:11:52:91             ISECTN=                               0
                10:11:52:94  SECTNM110 DO 925
                10:11:52:96  DRAW ISOM SHAP
                10:11:52:96  ENTERING SECTNM110 IQ=                          16
                10:11:52:97               NSEC=                              11
                10:11:52:97             ISECTN=                               0
                10:11:53: 0  SECTNM110 DO 925
                10:11:53: 2  PRINT CG
                10:11:53: 2  FINISH
                10:11:53: 3  All Commands FINISHed
                10:11:53: 3  DATASAVE for SPRO GUI
                10:11:53: 4  ++ Creating Displacement File (DSP)...
                10:11:53: 5  ++ Creating Reaction File (REA)...
                10:11:53: 5  ++ Creating Section Force File (BMD)...
                10:11:53: 8  ++ Creating Section Displace File (SEC)...
                10:11:53: 9  ENTERING ENVLP1 ITYP1=                          -5
                10:11:53: 9  SECT DISPLACE
                10:11:53:13  ++ Creating Section Displace File (SCN)...
                10:11:53:16  ++ Creating Design information File (DGN)...
                10:11:53:16  ALLOCATED CM MEMORY (KILOWORDS)             300000
                10:11:53:17  MAX CM MEMORY (KILOWORDS)                       92
                10:11:53:17  DBS LONG SEC NAME
* End Of Analysis At Fri Jul 26 10:11:53 2024
* CPU usage = 19.153000
* STAAD Exit Code: 100, Warning Count: 0, Error Count: 0, Duration: 19.153
1 0 0 19.153
****************************************************************************
*                            END OF ANALYSIS                               *
****************************************************************************
