12:56:20	Initializing STAAD Engine
12:56:20	Run stream set up is complete.
12:56:20	Initialize license libraries.
12:56:20	License libraries initialized.
12:56:20	Starting license(s) for A & D engine.
12:56:21	License Status: Ok
12:56:21	License information set up is complete.
****************************************************************************
*                            START OF ANALYSIS                             *
****************************************************************************
* Initiating Analysis At Mon Jan 13 12:56:21 2025
                          PROGRAM: STAAD.Pro
                          VERSION: 23.00.03.25
                12:56:21:59  ENTERING STAAD
                12:56:21:61  USING 64 BIT STAAD ENGINE
                12:56:21:61  ENTERING MAINN
                12:56:21:61  START JOB INFORMATION
                12:56:21:62  INPUT WIDTH 79
                12:56:21:62  UNIT MMS KN
                12:56:21:63  JOINT COORDINATES
                12:56:21:63  ENTERING JOINTC
                12:56:21:64  JOINTC NEWJ                                 400000
                12:56:21:64  MAX NODE NO.                                     5
                12:56:21:65  MEMBER INCIDENCES
                12:56:21:65  UNIT METER KN
                12:56:21:66  DEFINE MATERIAL START
                12:56:21:66  UNIT MMS KN
                12:56:21:67  MEMBER PROPERTY EUROP
                12:56:21:78    ++ Finished Reading Member Properties ...
                12:56:21:78  CONSTANTS
                12:56:21:79  SUPPORTS
                12:56:21:80  ENTERING SUPPORT
                12:56:21:81  UNIT METER KN
                12:56:21:81  DEFINE WIND LOAD
                12:56:21:82  LOAD 121 LOADTYPE DEA
                12:56:21:83  DUPLICATE ELEMENT CHECK
                12:56:21:83  CHECKING STRUCTURAL INTEGRITY
                12:56:21:84  CHECK UNCONNECTED JOINTS AND
                12:56:21:85  CALCULATE MAX JOINT CONNECTIVITY
                12:56:21:85  CHECK MULTIPLE STRUCTURES
                12:56:21:85  ENTERING SUPPORT
                12:56:21:86  NRJOLD                                           0
                12:56:21:87  SUPPORT NOLD                                     0
                12:56:21:87  SUPPORT N                                       18
                12:56:21:87  BEFORE LOADPR
                12:56:21:88  REOPEN AS DIR                                    0
                12:56:21:88  ENTER LOADPR
                12:56:21:99  PERFORM ANALYSIS PRIN
                12:56:21:99  pdel iter                                        0
                12:56:22: 0  MAXIMUM E =                           2.973273E+04
                12:56:22: 0  MINIMUM E =                           2.973273E+04
                12:56:22: 1  MBW DOF BAND=                                    1
                12:56:22: 2  NUMBER OF PRIMARY CASES                        101
                12:56:22: 2  NUMBER OF CASES                                252
                12:56:22: 3  #OF CASES W/ELEM INMEMORY                      252
                12:56:22: 3  Using 64-bit analysis engine
                12:56:22: 4  BEFORE SOLVER 1
                12:56:22: 4  Start Input for Next Load Case
                12:56:22: 5  case no=  121 seq. no=   1 idynl= 0
                12:56:22: 5  MASSSET                                          0
                12:56:22: 6  LOADEND ISLAVE                                   0
                12:56:22: 6  Start Input for Next Load Case
                12:56:22: 7  case no=  201 seq. no=   2 idynl= 0
                12:56:22: 7  LOADEND ISLAVE                                   0
                12:56:22: 8  Start Input for Next Load Case
                12:56:22: 8  case no=  202 seq. no=   3 idynl= 0
                12:56:22: 9  LOADEND ISLAVE                                   0
                12:56:22: 9  Start Input for Next Load Case
                12:56:22:10  case no=  203 seq. no=   4 idynl= 0
                12:56:22:10  LOADEND ISLAVE                                   0
                12:56:22:11  Start Input for Next Load Case
                12:56:22:12  case no=  204 seq. no=   5 idynl= 0
                12:56:22:12  LOADEND ISLAVE                                   0
                12:56:22:13  Start Input for Next Load Case
                12:56:22:13  case no=  205 seq. no=   6 idynl= 0
                12:56:22:14  LOADEND ISLAVE                                   0
                12:56:22:14  Start Input for Next Load Case
                12:56:22:15  case no=  206 seq. no=   7 idynl= 0
                12:56:22:15  LOADEND ISLAVE                                   0
                12:56:22:16  Start Input for Next Load Case
                12:56:22:16  case no=  207 seq. no=   8 idynl= 0
                12:56:22:17  LOADEND ISLAVE                                   0
                12:56:22:17  Start Input for Next Load Case
                12:56:22:18  case no=  208 seq. no=   9 idynl= 0
                12:56:22:18  LOADEND ISLAVE                                   0
                12:56:22:18  Start Input for Next Load Case
                12:56:22:19  case no=  312 seq. no=  10 idynl= 0
                12:56:22:19  LOADEND ISLAVE                                   0
                12:56:22:20  Start Input for Next Load Case
                12:56:22:20  case no=  313 seq. no=  11 idynl= 0
                12:56:22:21  LOADEND ISLAVE                                   0
                12:56:22:21  Start Input for Next Load Case
                12:56:22:22  case no=  314 seq. no=  12 idynl= 0
                12:56:22:22  LOADEND ISLAVE                                   0
                12:56:22:23  Start Input for Next Load Case
                12:56:22:23  case no=  315 seq. no=  13 idynl= 0
                12:56:22:23  LOADEND ISLAVE                                   0
                12:56:22:24  Start Input for Next Load Case
                12:56:22:24  case no=  322 seq. no=  14 idynl= 0
                12:56:22:25  LOADEND ISLAVE                                   0
                12:56:22:25  Start Input for Next Load Case
                12:56:22:26  case no=  323 seq. no=  15 idynl= 0
                12:56:22:26  LOADEND ISLAVE                                   0
                12:56:22:27  Start Input for Next Load Case
                12:56:22:27  case no=  324 seq. no=  16 idynl= 0
                12:56:22:28  LOADEND ISLAVE                                   0
                12:56:22:28  Start Input for Next Load Case
                12:56:22:29  case no=  325 seq. no=  17 idynl= 0
                12:56:22:29  LOADEND ISLAVE                                   0
                12:56:22:30  Start Input for Next Load Case
                12:56:22:31  case no=  332 seq. no=  18 idynl= 0
                12:56:22:31  LOADEND ISLAVE                                   0
                12:56:22:32  Start Input for Next Load Case
                12:56:22:33  case no=  333 seq. no=  19 idynl= 0
                12:56:22:33  LOADEND ISLAVE                                   0
                12:56:22:34  Start Input for Next Load Case
                12:56:22:34  case no=  334 seq. no=  20 idynl= 0
                12:56:22:35  LOADEND ISLAVE                                   0
                12:56:22:36  Start Input for Next Load Case
                12:56:22:36  case no=  335 seq. no=  21 idynl= 0
                12:56:22:37  LOADEND ISLAVE                                   0
                12:56:22:37  Start Input for Next Load Case
                12:56:22:38  case no=  411 seq. no=  22 idynl= 0
                12:56:22:38  LOADEND ISLAVE                                   0
                12:56:22:39  Start Input for Next Load Case
                12:56:22:39  case no=  412 seq. no=  23 idynl= 0
                12:56:22:40  LOADEND ISLAVE                                   0
                12:56:22:40  Start Input for Next Load Case
                12:56:22:41  case no=  413 seq. no=  24 idynl= 0
                12:56:22:41  LOADEND ISLAVE                                   0
                12:56:22:42  Start Input for Next Load Case
                12:56:22:42  case no=  414 seq. no=  25 idynl= 0
                12:56:22:43  LOADEND ISLAVE                                   0
                12:56:22:43  Start Input for Next Load Case
                12:56:22:44  case no=  415 seq. no=  26 idynl= 0
                12:56:22:44  LOADEND ISLAVE                                   0
                12:56:22:45  Start Input for Next Load Case
                12:56:22:45  case no=  416 seq. no=  27 idynl= 0
                12:56:22:46  LOADEND ISLAVE                                   0
                12:56:22:47  Start Input for Next Load Case
                12:56:22:47  case no=  417 seq. no=  28 idynl= 0
                12:56:22:48  LOADEND ISLAVE                                   0
                12:56:22:48  Start Input for Next Load Case
                12:56:22:49  case no=  418 seq. no=  29 idynl= 0
                12:56:22:49  LOADEND ISLAVE                                   0
                12:56:22:50  Start Input for Next Load Case
                12:56:22:50  case no=  421 seq. no=  30 idynl= 0
                12:56:22:51  LOADEND ISLAVE                                   0
                12:56:22:51  Start Input for Next Load Case
                12:56:22:52  case no=  422 seq. no=  31 idynl= 0
                12:56:22:52  LOADEND ISLAVE                                   0
                12:56:22:53  Start Input for Next Load Case
                12:56:22:53  case no=  423 seq. no=  32 idynl= 0
                12:56:22:54  LOADEND ISLAVE                                   0
                12:56:22:54  Start Input for Next Load Case
                12:56:22:55  case no=  424 seq. no=  33 idynl= 0
                12:56:22:55  LOADEND ISLAVE                                   0
                12:56:22:56  Start Input for Next Load Case
                12:56:22:57  case no=  425 seq. no=  34 idynl= 0
                12:56:22:57  LOADEND ISLAVE                                   0
                12:56:22:58  Start Input for Next Load Case
                12:56:22:58  case no=  426 seq. no=  35 idynl= 0
                12:56:22:58  LOADEND ISLAVE                                   0
                12:56:22:59  Start Input for Next Load Case
                12:56:22:60  case no=  427 seq. no=  36 idynl= 0
                12:56:22:60  LOADEND ISLAVE                                   0
                12:56:22:61  Start Input for Next Load Case
                12:56:22:62  case no=  428 seq. no=  37 idynl= 0
                12:56:22:62  LOADEND ISLAVE                                   0
                12:56:22:63  Start Input for Next Load Case
                12:56:22:63  case no=  711 seq. no=  38 idynl= 0
                12:56:22:64  LOADEND ISLAVE                                   0
                12:56:22:64  Start Input for Next Load Case
                12:56:22:65  case no=  712 seq. no=  39 idynl= 0
                12:56:22:65  LOADEND ISLAVE                                   0
                12:56:22:66  Start Input for Next Load Case
                12:56:22:66  case no=  713 seq. no=  40 idynl= 0
                12:56:22:67  LOADEND ISLAVE                                   0
                12:56:22:67  Start Input for Next Load Case
                12:56:22:68  case no=  714 seq. no=  41 idynl= 0
                12:56:22:68  LOADEND ISLAVE                                   0
                12:56:22:69  Start Input for Next Load Case
                12:56:22:69  case no=  715 seq. no=  42 idynl= 0
                12:56:22:70  LOADEND ISLAVE                                   0
                12:56:22:70  Start Input for Next Load Case
                12:56:22:71  case no=  716 seq. no=  43 idynl= 0
                12:56:22:71  LOADEND ISLAVE                                   0
                12:56:22:72  Start Input for Next Load Case
                12:56:22:72  case no=  717 seq. no=  44 idynl= 0
                12:56:22:73  LOADEND ISLAVE                                   0
                12:56:22:73  Start Input for Next Load Case
                12:56:22:74  case no=  718 seq. no=  45 idynl= 0
                12:56:22:74  LOADEND ISLAVE                                   0
                12:56:22:75  Start Input for Next Load Case
                12:56:22:75  case no= 1101 seq. no=  46 idynl= 0
                12:56:22:76  LOADEND ISLAVE                                   0
                12:56:22:76  Start Input for Next Load Case
                12:56:22:77  case no= 1102 seq. no=  47 idynl= 0
                12:56:22:77  LOADEND ISLAVE                                   0
                12:56:22:78  Start Input for Next Load Case
                12:56:22:78  case no= 1103 seq. no=  48 idynl= 0
                12:56:22:79  LOADEND ISLAVE                                   0
                12:56:22:79  Start Input for Next Load Case
                12:56:22:80  case no= 1104 seq. no=  49 idynl= 0
                12:56:22:81  LOADEND ISLAVE                                   0
                12:56:22:81  Start Input for Next Load Case
                12:56:22:82  case no= 1105 seq. no=  50 idynl= 0
                12:56:22:82  LOADEND ISLAVE                                   0
                12:56:22:83  Start Input for Next Load Case
                12:56:22:83  case no= 1106 seq. no=  51 idynl= 0
                12:56:22:84  LOADEND ISLAVE                                   0
                12:56:22:85  Start Input for Next Load Case
                12:56:22:85  case no= 1107 seq. no=  52 idynl= 0
                12:56:22:86  LOADEND ISLAVE                                   0
                12:56:22:86  Start Input for Next Load Case
                12:56:22:87  case no= 1108 seq. no=  53 idynl= 0
                12:56:22:87  LOADEND ISLAVE                                   0
                12:56:22:88  Start Input for Next Load Case
                12:56:22:88  case no= 1201 seq. no=  54 idynl= 0
                12:56:22:89  LOADEND ISLAVE                                   0
                12:56:22:89  Start Input for Next Load Case
                12:56:22:90  case no= 1202 seq. no=  55 idynl= 0
                12:56:22:90  LOADEND ISLAVE                                   0
                12:56:22:91  Start Input for Next Load Case
                12:56:22:91  case no= 1203 seq. no=  56 idynl= 0
                12:56:22:92  LOADEND ISLAVE                                   0
                12:56:22:92  Start Input for Next Load Case
                12:56:22:93  case no= 1204 seq. no=  57 idynl= 0
                12:56:22:93  LOADEND ISLAVE                                   0
                12:56:22:94  Start Input for Next Load Case
                12:56:22:94  case no= 1205 seq. no=  58 idynl= 0
                12:56:22:95  LOADEND ISLAVE                                   0
                12:56:22:96  Start Input for Next Load Case
                12:56:22:96  case no= 1206 seq. no=  59 idynl= 0
                12:56:22:97  LOADEND ISLAVE                                   0
                12:56:22:97  Start Input for Next Load Case
                12:56:22:98  case no= 1207 seq. no=  60 idynl= 0
                12:56:22:98  LOADEND ISLAVE                                   0
                12:56:22:99  Start Input for Next Load Case
                12:56:22:99  case no= 1208 seq. no=  61 idynl= 0
                12:56:23: 0  LOADEND ISLAVE                                   0
                12:56:23: 0  Start Input for Next Load Case
                12:56:23: 1  case no= 2101 seq. no=  62 idynl= 0
                12:56:23: 1  LOADEND ISLAVE                                   0
                12:56:23: 2  Start Input for Next Load Case
                12:56:23: 2  case no= 2102 seq. no=  63 idynl= 0
                12:56:23: 3  LOADEND ISLAVE                                   0
                12:56:23: 3  Start Input for Next Load Case
                12:56:23: 4  case no= 2103 seq. no=  64 idynl= 0
                12:56:23: 4  LOADEND ISLAVE                                   0
                12:56:23: 5  Start Input for Next Load Case
                12:56:23: 5  case no= 2104 seq. no=  65 idynl= 0
                12:56:23: 6  LOADEND ISLAVE                                   0
                12:56:23: 6  Start Input for Next Load Case
                12:56:23: 7  case no= 2105 seq. no=  66 idynl= 0
                12:56:23: 8  LOADEND ISLAVE                                   0
                12:56:23: 9  Start Input for Next Load Case
                12:56:23:10  case no= 2106 seq. no=  67 idynl= 0
                12:56:23:10  LOADEND ISLAVE                                   0
                12:56:23:11  Start Input for Next Load Case
                12:56:23:12  case no= 2107 seq. no=  68 idynl= 0
                12:56:23:12  LOADEND ISLAVE                                   0
                12:56:23:13  Start Input for Next Load Case
                12:56:23:13  case no= 2108 seq. no=  69 idynl= 0
                12:56:23:14  LOADEND ISLAVE                                   0
                12:56:23:14  Start Input for Next Load Case
                12:56:23:15  case no= 3001 seq. no=  70 idynl= 0
                12:56:23:15  LOADEND ISLAVE                                   0
                12:56:23:16  Start Input for Next Load Case
                12:56:23:16  case no= 3002 seq. no=  71 idynl= 0
                12:56:23:17  LOADEND ISLAVE                                   0
                12:56:23:17  Start Input for Next Load Case
                12:56:23:18  case no= 3003 seq. no=  72 idynl= 0
                12:56:23:18  LOADEND ISLAVE                                   0
                12:56:23:19  Start Input for Next Load Case
                12:56:23:19  case no= 3004 seq. no=  73 idynl= 0
                12:56:23:19  LOADEND ISLAVE                                   0
                12:56:23:20  Start Input for Next Load Case
                12:56:23:20  case no= 3005 seq. no=  74 idynl= 0
                12:56:23:21  LOADEND ISLAVE                                   0
                12:56:23:21  Start Input for Next Load Case
                12:56:23:22  case no= 3006 seq. no=  75 idynl= 0
                12:56:23:22  LOADEND ISLAVE                                   0
                12:56:23:23  Start Input for Next Load Case
                12:56:23:23  case no= 3007 seq. no=  76 idynl= 0
                12:56:23:24  LOADEND ISLAVE                                   0
                12:56:23:24  Start Input for Next Load Case
                12:56:23:25  case no= 3008 seq. no=  77 idynl= 0
                12:56:23:25  LOADEND ISLAVE                                   0
                12:56:23:26  Start Input for Next Load Case
                12:56:23:26  case no= 3011 seq. no=  78 idynl= 0
                12:56:23:27  LOADEND ISLAVE                                   0
                12:56:23:27  Start Input for Next Load Case
                12:56:23:28  case no= 3012 seq. no=  79 idynl= 0
                12:56:23:28  LOADEND ISLAVE                                   0
                12:56:23:29  Start Input for Next Load Case
                12:56:23:29  case no= 3013 seq. no=  80 idynl= 0
                12:56:23:29  LOADEND ISLAVE                                   0
                12:56:23:30  Start Input for Next Load Case
                12:56:23:31  case no= 3014 seq. no=  81 idynl= 0
                12:56:23:31  LOADEND ISLAVE                                   0
                12:56:23:32  Start Input for Next Load Case
                12:56:23:32  case no= 3015 seq. no=  82 idynl= 0
                12:56:23:33  LOADEND ISLAVE                                   0
                12:56:23:33  Start Input for Next Load Case
                12:56:23:34  case no= 3016 seq. no=  83 idynl= 0
                12:56:23:35  LOADEND ISLAVE                                   0
                12:56:23:35  Start Input for Next Load Case
                12:56:23:36  case no= 3017 seq. no=  84 idynl= 0
                12:56:23:36  LOADEND ISLAVE                                   0
                12:56:23:37  Start Input for Next Load Case
                12:56:23:37  case no= 3018 seq. no=  85 idynl= 0
                12:56:23:38  LOADEND ISLAVE                                   0
                12:56:23:38  Start Input for Next Load Case
                12:56:23:39  case no= 3021 seq. no=  86 idynl= 0
                12:56:23:39  LOADEND ISLAVE                                   0
                12:56:23:40  Start Input for Next Load Case
                12:56:23:40  case no= 3022 seq. no=  87 idynl= 0
                12:56:23:41  LOADEND ISLAVE                                   0
                12:56:23:41  Start Input for Next Load Case
                12:56:23:42  case no= 3023 seq. no=  88 idynl= 0
                12:56:23:42  LOADEND ISLAVE                                   0
                12:56:23:43  Start Input for Next Load Case
                12:56:23:43  case no= 3024 seq. no=  89 idynl= 0
                12:56:23:43  LOADEND ISLAVE                                   0
                12:56:23:44  Start Input for Next Load Case
                12:56:23:44  case no= 3025 seq. no=  90 idynl= 0
                12:56:23:45  LOADEND ISLAVE                                   0
                12:56:23:45  Start Input for Next Load Case
                12:56:23:46  case no= 3026 seq. no=  91 idynl= 0
                12:56:23:46  LOADEND ISLAVE                                   0
                12:56:23:47  Start Input for Next Load Case
                12:56:23:47  case no= 3027 seq. no=  92 idynl= 0
                12:56:23:48  LOADEND ISLAVE                                   0
                12:56:23:48  Start Input for Next Load Case
                12:56:23:49  case no= 3028 seq. no=  93 idynl= 0
                12:56:23:49  LOADEND ISLAVE                                   0
                12:56:23:50  Start Input for Next Load Case
                12:56:23:50  case no= 3201 seq. no=  94 idynl= 0
                12:56:23:51  LOADEND ISLAVE                                   0
                12:56:23:51  Start Input for Next Load Case
                12:56:23:52  case no= 3202 seq. no=  95 idynl= 0
                12:56:23:52  LOADEND ISLAVE                                   0
                12:56:23:53  Start Input for Next Load Case
                12:56:23:53  case no= 3203 seq. no=  96 idynl= 0
                12:56:23:54  LOADEND ISLAVE                                   0
                12:56:23:54  Start Input for Next Load Case
                12:56:23:55  case no= 3204 seq. no=  97 idynl= 0
                12:56:23:55  LOADEND ISLAVE                                   0
                12:56:23:56  Start Input for Next Load Case
                12:56:23:57  case no= 3205 seq. no=  98 idynl= 0
                12:56:23:57  LOADEND ISLAVE                                   0
                12:56:23:57  Start Input for Next Load Case
                12:56:23:58  case no= 3206 seq. no=  99 idynl= 0
                12:56:23:58  LOADEND ISLAVE                                   0
                12:56:23:59  Start Input for Next Load Case
                12:56:23:59  case no= 3207 seq. no= 100 idynl= 0
                12:56:23:60  LOADEND ISLAVE                                   0
                12:56:23:60  Start Input for Next Load Case
                12:56:23:61  case no= 3208 seq. no= 101 idynl= 0
                12:56:23:61  LOADEND ISLAVE                                   0
                12:56:23:62  NVPREV                                           0
                12:56:23:62  AMAXNON                               9.678478E-02
                12:56:23:63  IRECSIZL=                                     4000
                12:56:23:63  MTX BLOCKSIZE=                                  18
                12:56:23:64  MI=                                             18
                12:56:23:64  NORECL=                                          1
                12:56:23:65  NORECL1=                                         1
                12:56:23:65  IWORD=                                       32000
                12:56:23:66  JRECSIZE=                                     4000
                12:56:23:66  IWORDJ=                                      32000
                12:56:23:67  IBYTE=                                           4
                12:56:23:67  JOINTS=                                          4
                12:56:23:68  MEMBERS=                                         3
                12:56:23:68  PLATES =                                         0
                12:56:23:69  SOLIDS =                                         0
                12:56:23:69  NO. OF EQUATIONS=                               18
                12:56:23:70  idyn=                                            0
                12:56:23:70  ipd=                                             0
                12:56:23:71  icablanl=                                        0
                12:56:23:71  ++ Processing Element Stiffness Matrix.
                12:56:23:72  NV1                                            101
                12:56:23:83  ++ Calculating Element Forces & Reactions.
                12:56:24:39  COMBINATION CASES=                               0
                12:56:24:39  MAX CM MEMORY (KILOWORDS)                       26
                12:56:24:40  AFTER SOLVER 1
                12:56:24:42  REOPEN AS SEQ                                    0
                12:56:24:42  DEFINE ENVELOPE
                12:56:24:43  LOAD LIST 1101 TO 110
                12:56:24:43  PARAMETER 1
                12:56:24:44  CHECK CODE ALL
                12:56:24:44  ENTERING SECTNM110 IQ=                           3
                12:56:24:45               NSEC=                              11
                12:56:24:45             ISECTN=                               0
                12:56:24:59  SECTNM110 DO 925
                12:56:24:60  ENTERING ENVLP1 ITYP1=                          -3
                12:56:24:60  SECT DISPLACE
                12:56:24:61  Steel/Alum/Timber Design                        52
                12:56:24:63    ++ Finished Design ...
                12:56:24:63  Steel/Timber Design exit
                12:56:24:63  LOAD LIST 2101 TO 210
                12:56:24:64  PARAMETER 1
                12:56:24:65  CHECK CODE ALL
                12:56:24:65  ENTERING ENVLP1 ITYP1=                          -3
                12:56:24:66  SECT DISPLACE
                12:56:24:67  Steel/Alum/Timber Design                        52
                12:56:24:68    ++ Finished Design ...
                12:56:24:68  Steel/Timber Design exit
                12:56:24:69  LOAD LIST ENV 4 TO 7
                12:56:24:69  PARAMETER 1
                12:56:24:70  CHECK CODE ALL
                12:56:24:71  ENTERING ENVLP1 ITYP1=                          -3
                12:56:24:71  SECT DISPLACE
                12:56:24:73  Steel/Alum/Timber Design                        52
                12:56:24:73    ++ Finished Design ...
                12:56:24:74  Steel/Timber Design exit
                12:56:24:74  PRINT JOINT DISPLACEM
                12:56:24:75  DRAW ISOM JOIN MEMB
                12:56:24:75  ENTERING SECTNM110 IQ=                           3
                12:56:24:76               NSEC=                              11
                12:56:24:77             ISECTN=                               0
                12:56:24:90  SECTNM110 DO 925
                12:56:24:91  PRINT SUPPORT REACTIO
                12:56:24:91  DRAW ISOM SUPP PROP
                12:56:24:92  ENTERING SECTNM110 IQ=                           3
                12:56:24:92               NSEC=                              11
                12:56:24:93             ISECTN=                               0
                12:56:25: 6  SECTNM110 DO 925
                12:56:25: 7  DRAW ISOM SHAP
                12:56:25: 8  ENTERING SECTNM110 IQ=                           3
                12:56:25: 8               NSEC=                              11
                12:56:25: 9             ISECTN=                               0
                12:56:25:22  SECTNM110 DO 925
                12:56:25:23  PRINT CG
                12:56:25:23  FINISH
                12:56:25:24  All Commands FINISHed
                12:56:25:25  DATASAVE for SPRO GUI
                12:56:25:25  ++ Creating Displacement File (DSP)...
                12:56:25:26  ++ Creating Reaction File (REA)...
                12:56:25:27  ++ Creating Section Force File (BMD)...
                12:56:25:28  ++ Creating Section Displace File (SEC)...
                12:56:25:28  ENTERING ENVLP1 ITYP1=                          -5
                12:56:25:29  SECT DISPLACE
                12:56:25:31  ++ Creating Section Displace File (SCN)...
                12:56:25:32  ++ Creating Design information File (DGN)...
                12:56:25:32  ALLOCATED CM MEMORY (KILOWORDS)             300000
                12:56:25:32  MAX CM MEMORY (KILOWORDS)                       44
                12:56:25:33  DBS LONG SEC NAME
* End Of Analysis At Mon Jan 13 12:56:25 2025
* CPU usage = 3.815000
* STAAD Exit Code: 100, Warning Count: 0, Error Count: 0, Duration: 3.815
1 0 0 3.815
****************************************************************************
*                            END OF ANALYSIS                               *
****************************************************************************
