01/13/2025 12:56:05	Reading UID database.
01/13/2025 12:56:05	Start loading STAAD model.
01/13/2025 12:56:05	Reading model file.
01/13/2025 12:56:05	Reading model file is complete.
01/13/2025 12:56:05	Processing support.
01/13/2025 12:56:05	Processing springs.
01/13/2025 12:56:05	Processing properties.
01/13/2025 12:56:05	Processing physical properties.
01/13/2025 12:56:05	Processing constants.
01/13/2025 12:56:05	Processing BETA constants.
01/13/2025 12:56:05	Processing hidden analytical member loads.
01/13/2025 12:56:05	Processing command list for member release.
01/13/2025 12:56:05	Processing command list for member offset.
01/13/2025 12:56:05	Processing command list for member specs (cracked).
01/13/2025 12:56:05	Processing command list for member specs (axial).
01/13/2025 12:56:05	Processing command list for element release.
01/13/2025 12:56:05	Processing command list for element offset.
01/13/2025 12:56:05	Processing command list for element plate stress directive.
01/13/2025 12:56:05	Processing parameter for Chinese wind load case.
01/13/2025 12:56:05	End Processing command list.
01/13/2025 12:56:05	End loading STAAD model.
01/13/2025 12:56:05	Start Post Analysis method
01/13/2025 12:56:05	Removed all hidden plates from surfaces
01/13/2025 12:56:05	Removed all hidden plates
01/13/2025 12:56:05	Removed all hidden nodes
01/13/2025 12:56:05	Loading results from MSH file...
01/13/2025 12:56:05	Building result indices...
01/13/2025 12:56:05	Loading plate stress results...
01/13/2025 12:56:05	Set analysis report setup data
01/13/2025 12:56:05	Starting page setup...
01/13/2025 12:56:05	Page setup completed
01/13/2025 12:56:05	Setting available workflows...
01/13/2025 12:56:05	Post analysis method ends
01/13/2025 12:56:17	Start Post Analysis method
01/13/2025 12:56:17	Removed all hidden plates from surfaces
01/13/2025 12:56:18	Removed all hidden plates
01/13/2025 12:56:18	Removed all hidden nodes
01/13/2025 12:56:18	Loading results from MSH file...
01/13/2025 12:56:18	Building result indices...
01/13/2025 12:56:18	Loading plate stress results...
01/13/2025 12:56:18	Set analysis report setup data
01/13/2025 12:56:18	Starting page setup...
01/13/2025 12:56:18	Page setup completed
01/13/2025 12:56:18	Setting available workflows...
01/13/2025 12:56:18	Post analysis method ends
01/13/2025 12:56:27	Start Post Analysis method
01/13/2025 12:56:27	Removed all hidden plates from surfaces
01/13/2025 12:56:27	Removed all hidden plates
01/13/2025 12:56:27	Removed all hidden nodes
01/13/2025 12:56:27	Loading results from MSH file...
01/13/2025 12:56:27	Building result indices...
01/13/2025 12:56:27	Loading plate stress results...
01/13/2025 12:56:27	Set analysis report setup data
01/13/2025 12:56:27	Starting page setup...
01/13/2025 12:56:27	Page setup completed
01/13/2025 12:56:27	Setting available workflows...
01/13/2025 12:56:27	Post analysis method ends
