07/12/2024 16:22:18	Reading UID database.
07/12/2024 16:22:18	Start loading STAAD model.
07/12/2024 16:22:18	Reading model file.
07/12/2024 16:22:18	Reading model file is complete.
07/12/2024 16:22:18	Processing support.
07/12/2024 16:22:18	Processing springs.
07/12/2024 16:22:18	Processing properties.
07/12/2024 16:22:18	Processing physical properties.
07/12/2024 16:22:18	Processing constants.
07/12/2024 16:22:18	Processing BETA constants.
07/12/2024 16:22:18	Processing hidden analytical member loads.
07/12/2024 16:22:18	Processing command list for member release.
07/12/2024 16:22:18	Processing command list for member offset.
07/12/2024 16:22:18	Processing command list for member specs (cracked).
07/12/2024 16:22:18	Processing command list for member specs (axial).
07/12/2024 16:22:18	Processing command list for element release.
07/12/2024 16:22:18	Processing command list for element offset.
07/12/2024 16:22:18	Processing command list for element plate stress directive.
07/12/2024 16:22:18	Processing parameter for Chinese wind load case.
07/12/2024 16:22:18	End Processing command list.
07/12/2024 16:22:18	End loading STAAD model.
07/12/2024 16:22:18	Start Post Analysis method
07/12/2024 16:22:18	Removed all hidden plates from surfaces
07/12/2024 16:22:18	Removed all hidden plates
07/12/2024 16:22:18	Removed all hidden nodes
07/12/2024 16:22:18	Loading results from MSH file...
07/12/2024 16:22:18	Building result indices...
07/12/2024 16:22:18	Loading plate stress results...
07/12/2024 16:22:18	Set analysis report setup data
07/12/2024 16:22:18	Starting page setup...
07/12/2024 16:22:18	Page setup completed
07/12/2024 16:22:18	Setting available workflows...
07/12/2024 16:22:18	Post analysis method ends
