13:48:44	Initializing STAAD Engine
13:48:44	Run stream set up is complete.
13:48:44	Initialize license libraries.
13:48:44	License libraries initialized.
13:48:44	Starting license(s) for A & D engine.
13:48:45	License Status: Ok
13:48:45	License information set up is complete.
****************************************************************************
*                            START OF ANALYSIS                             *
****************************************************************************
* Initiating Analysis At Fri Oct 18 13:48:45 2024
                          PROGRAM: STAAD.Pro
                          VERSION: 23.00.03.25
                13:48:45:75  ENTERING STAAD
                13:48:45:76  USING 64 BIT STAAD ENGINE
                13:48:45:76  ENTERING MAINN
                13:48:45:76  START JOB INFORMATION
                13:48:45:77  INPUT WIDTH 79
                13:48:45:77  UNIT MMS KN
                13:48:45:78  JOINT COORDINATES
                13:48:45:78  ENTERING JOINTC
                13:48:45:78  JOINTC NEWJ                                 400000
                13:48:45:79  MAX NODE NO.                                     8
                13:48:45:79  MEMBER INCIDENCES
                13:48:45:79  UNIT METER KN
                13:48:45:80  DEFINE MATERIAL START
                13:48:45:80  UNIT MMS KN
                13:48:45:81  MEMBER PROPERTY EUROP
                13:48:45:93    ++ Finished Reading Member Properties ...
                13:48:45:93  CONSTANTS
                13:48:45:93  SUPPORTS
                13:48:45:94  ENTERING SUPPORT
                13:48:45:94  UNIT METER KN
                13:48:45:95  DEFINE WIND LOAD
                13:48:45:95  LOAD 121 LOADTYPE DEA
                13:48:45:96  DUPLICATE ELEMENT CHECK
                13:48:45:96  CHECKING STRUCTURAL INTEGRITY
                13:48:45:96  CHECK UNCONNECTED JOINTS AND
                13:48:45:97  CALCULATE MAX JOINT CONNECTIVITY
                13:48:45:97  CHECK MULTIPLE STRUCTURES
                13:48:45:98  ENTERING SUPPORT
                13:48:45:98  NRJOLD                                           0
                13:48:45:98  SUPPORT NOLD                                     0
                13:48:45:99  SUPPORT N                                       36
                13:48:45:99  BEFORE LOADPR
                13:48:46: 0  REOPEN AS DIR                                    0
                13:48:46: 0  ENTER LOADPR
                13:48:46:10  PERFORM ANALYSIS PRIN
                13:48:46:10  pdel iter                                        0
                13:48:46:11  MAXIMUM E =                           2.973273E+04
                13:48:46:11  MINIMUM E =                           2.973273E+04
                13:48:46:12  MBW DOF BAND=                                    1
                13:48:46:12  NUMBER OF PRIMARY CASES                        101
                13:48:46:13  NUMBER OF CASES                                252
                13:48:46:13  #OF CASES W/ELEM INMEMORY                      252
                13:48:46:13  MEMORY FOR MEMBER LOADS                      21168
                13:48:46:14  MEMORY FOR DISPLACEMENTS                     12096
                13:48:46:14  MEMORY FOR MEMBER FORCES                     21168
                13:48:46:15  Using 64-bit analysis engine
                13:48:46:15  BEFORE SOLVER 1
                13:48:46:16  Start Input for Next Load Case
                13:48:46:16  case no=  121 seq. no=   1 idynl= 0
                13:48:46:16  MASSSET                                          0
                13:48:46:17  LOADEND ISLAVE                                   0
                13:48:46:17  Start Input for Next Load Case
                13:48:46:18  case no=  201 seq. no=   2 idynl= 0
                13:48:46:18  LOADEND ISLAVE                                   0
                13:48:46:18  Start Input for Next Load Case
                13:48:46:19  case no=  202 seq. no=   3 idynl= 0
                13:48:46:19  LOADEND ISLAVE                                   0
                13:48:46:20  Start Input for Next Load Case
                13:48:46:20  case no=  203 seq. no=   4 idynl= 0
                13:48:46:20  LOADEND ISLAVE                                   0
                13:48:46:21  Start Input for Next Load Case
                13:48:46:21  case no=  204 seq. no=   5 idynl= 0
                13:48:46:21  LOADEND ISLAVE                                   0
                13:48:46:22  Start Input for Next Load Case
                13:48:46:22  case no=  205 seq. no=   6 idynl= 0
                13:48:46:23  LOADEND ISLAVE                                   0
                13:48:46:23  Start Input for Next Load Case
                13:48:46:24  case no=  206 seq. no=   7 idynl= 0
                13:48:46:24  LOADEND ISLAVE                                   0
                13:48:46:24  Start Input for Next Load Case
                13:48:46:25  case no=  207 seq. no=   8 idynl= 0
                13:48:46:25  LOADEND ISLAVE                                   0
                13:48:46:26  Start Input for Next Load Case
                13:48:46:26  case no=  208 seq. no=   9 idynl= 0
                13:48:46:26  LOADEND ISLAVE                                   0
                13:48:46:27  Start Input for Next Load Case
                13:48:46:27  case no=  312 seq. no=  10 idynl= 0
                13:48:46:28  LOADEND ISLAVE                                   0
                13:48:46:28  Start Input for Next Load Case
                13:48:46:28  case no=  313 seq. no=  11 idynl= 0
                13:48:46:29  LOADEND ISLAVE                                   0
                13:48:46:29  Start Input for Next Load Case
                13:48:46:30  case no=  314 seq. no=  12 idynl= 0
                13:48:46:30  LOADEND ISLAVE                                   0
                13:48:46:31  Start Input for Next Load Case
                13:48:46:31  case no=  315 seq. no=  13 idynl= 0
                13:48:46:31  LOADEND ISLAVE                                   0
                13:48:46:32  Start Input for Next Load Case
                13:48:46:32  case no=  322 seq. no=  14 idynl= 0
                13:48:46:33  LOADEND ISLAVE                                   0
                13:48:46:33  Start Input for Next Load Case
                13:48:46:33  case no=  323 seq. no=  15 idynl= 0
                13:48:46:34  LOADEND ISLAVE                                   0
                13:48:46:34  Start Input for Next Load Case
                13:48:46:35  case no=  324 seq. no=  16 idynl= 0
                13:48:46:35  LOADEND ISLAVE                                   0
                13:48:46:35  Start Input for Next Load Case
                13:48:46:36  case no=  325 seq. no=  17 idynl= 0
                13:48:46:36  LOADEND ISLAVE                                   0
                13:48:46:36  Start Input for Next Load Case
                13:48:46:37  case no=  332 seq. no=  18 idynl= 0
                13:48:46:37  LOADEND ISLAVE                                   0
                13:48:46:37  Start Input for Next Load Case
                13:48:46:38  case no=  333 seq. no=  19 idynl= 0
                13:48:46:38  LOADEND ISLAVE                                   0
                13:48:46:39  Start Input for Next Load Case
                13:48:46:39  case no=  334 seq. no=  20 idynl= 0
                13:48:46:39  LOADEND ISLAVE                                   0
                13:48:46:40  Start Input for Next Load Case
                13:48:46:40  case no=  335 seq. no=  21 idynl= 0
                13:48:46:41  LOADEND ISLAVE                                   0
                13:48:46:41  Start Input for Next Load Case
                13:48:46:41  case no=  411 seq. no=  22 idynl= 0
                13:48:46:42  LOADEND ISLAVE                                   0
                13:48:46:42  Start Input for Next Load Case
                13:48:46:43  case no=  412 seq. no=  23 idynl= 0
                13:48:46:43  LOADEND ISLAVE                                   0
                13:48:46:43  Start Input for Next Load Case
                13:48:46:44  case no=  413 seq. no=  24 idynl= 0
                13:48:46:44  LOADEND ISLAVE                                   0
                13:48:46:45  Start Input for Next Load Case
                13:48:46:45  case no=  414 seq. no=  25 idynl= 0
                13:48:46:45  LOADEND ISLAVE                                   0
                13:48:46:46  Start Input for Next Load Case
                13:48:46:46  case no=  415 seq. no=  26 idynl= 0
                13:48:46:47  LOADEND ISLAVE                                   0
                13:48:46:47  Start Input for Next Load Case
                13:48:46:48  case no=  416 seq. no=  27 idynl= 0
                13:48:46:48  LOADEND ISLAVE                                   0
                13:48:46:48  Start Input for Next Load Case
                13:48:46:49  case no=  417 seq. no=  28 idynl= 0
                13:48:46:49  LOADEND ISLAVE                                   0
                13:48:46:50  Start Input for Next Load Case
                13:48:46:50  case no=  418 seq. no=  29 idynl= 0
                13:48:46:50  LOADEND ISLAVE                                   0
                13:48:46:51  Start Input for Next Load Case
                13:48:46:51  case no=  421 seq. no=  30 idynl= 0
                13:48:46:52  LOADEND ISLAVE                                   0
                13:48:46:52  Start Input for Next Load Case
                13:48:46:53  case no=  422 seq. no=  31 idynl= 0
                13:48:46:53  LOADEND ISLAVE                                   0
                13:48:46:54  Start Input for Next Load Case
                13:48:46:54  case no=  423 seq. no=  32 idynl= 0
                13:48:46:55  LOADEND ISLAVE                                   0
                13:48:46:55  Start Input for Next Load Case
                13:48:46:55  case no=  424 seq. no=  33 idynl= 0
                13:48:46:56  LOADEND ISLAVE                                   0
                13:48:46:56  Start Input for Next Load Case
                13:48:46:57  case no=  425 seq. no=  34 idynl= 0
                13:48:46:57  LOADEND ISLAVE                                   0
                13:48:46:58  Start Input for Next Load Case
                13:48:46:58  case no=  426 seq. no=  35 idynl= 0
                13:48:46:59  LOADEND ISLAVE                                   0
                13:48:46:59  Start Input for Next Load Case
                13:48:46:60  case no=  427 seq. no=  36 idynl= 0
                13:48:46:60  LOADEND ISLAVE                                   0
                13:48:46:60  Start Input for Next Load Case
                13:48:46:61  case no=  428 seq. no=  37 idynl= 0
                13:48:46:61  LOADEND ISLAVE                                   0
                13:48:46:62  Start Input for Next Load Case
                13:48:46:62  case no=  711 seq. no=  38 idynl= 0
                13:48:46:63  LOADEND ISLAVE                                   0
                13:48:46:63  Start Input for Next Load Case
                13:48:46:64  case no=  712 seq. no=  39 idynl= 0
                13:48:46:64  LOADEND ISLAVE                                   0
                13:48:46:65  Start Input for Next Load Case
                13:48:46:65  case no=  713 seq. no=  40 idynl= 0
                13:48:46:66  LOADEND ISLAVE                                   0
                13:48:46:66  Start Input for Next Load Case
                13:48:46:67  case no=  714 seq. no=  41 idynl= 0
                13:48:46:67  LOADEND ISLAVE                                   0
                13:48:46:68  Start Input for Next Load Case
                13:48:46:68  case no=  715 seq. no=  42 idynl= 0
                13:48:46:68  LOADEND ISLAVE                                   0
                13:48:46:69  Start Input for Next Load Case
                13:48:46:69  case no=  716 seq. no=  43 idynl= 0
                13:48:46:70  LOADEND ISLAVE                                   0
                13:48:46:70  Start Input for Next Load Case
                13:48:46:71  case no=  717 seq. no=  44 idynl= 0
                13:48:46:71  LOADEND ISLAVE                                   0
                13:48:46:72  Start Input for Next Load Case
                13:48:46:72  case no=  718 seq. no=  45 idynl= 0
                13:48:46:72  LOADEND ISLAVE                                   0
                13:48:46:73  Start Input for Next Load Case
                13:48:46:74  case no= 1101 seq. no=  46 idynl= 0
                13:48:46:74  LOADEND ISLAVE                                   0
                13:48:46:75  Start Input for Next Load Case
                13:48:46:75  case no= 1102 seq. no=  47 idynl= 0
                13:48:46:76  LOADEND ISLAVE                                   0
                13:48:46:76  Start Input for Next Load Case
                13:48:46:77  case no= 1103 seq. no=  48 idynl= 0
                13:48:46:78  LOADEND ISLAVE                                   0
                13:48:46:78  Start Input for Next Load Case
                13:48:46:79  case no= 1104 seq. no=  49 idynl= 0
                13:48:46:79  LOADEND ISLAVE                                   0
                13:48:46:79  Start Input for Next Load Case
                13:48:46:80  case no= 1105 seq. no=  50 idynl= 0
                13:48:46:80  LOADEND ISLAVE                                   0
                13:48:46:81  Start Input for Next Load Case
                13:48:46:81  case no= 1106 seq. no=  51 idynl= 0
                13:48:46:82  LOADEND ISLAVE                                   0
                13:48:46:82  Start Input for Next Load Case
                13:48:46:83  case no= 1107 seq. no=  52 idynl= 0
                13:48:46:83  LOADEND ISLAVE                                   0
                13:48:46:84  Start Input for Next Load Case
                13:48:46:84  case no= 1108 seq. no=  53 idynl= 0
                13:48:46:85  LOADEND ISLAVE                                   0
                13:48:46:85  Start Input for Next Load Case
                13:48:46:85  case no= 1201 seq. no=  54 idynl= 0
                13:48:46:86  LOADEND ISLAVE                                   0
                13:48:46:86  Start Input for Next Load Case
                13:48:46:87  case no= 1202 seq. no=  55 idynl= 0
                13:48:46:87  LOADEND ISLAVE                                   0
                13:48:46:88  Start Input for Next Load Case
                13:48:46:88  case no= 1203 seq. no=  56 idynl= 0
                13:48:46:89  LOADEND ISLAVE                                   0
                13:48:46:89  Start Input for Next Load Case
                13:48:46:90  case no= 1204 seq. no=  57 idynl= 0
                13:48:46:90  LOADEND ISLAVE                                   0
                13:48:46:91  Start Input for Next Load Case
                13:48:46:91  case no= 1205 seq. no=  58 idynl= 0
                13:48:46:91  LOADEND ISLAVE                                   0
                13:48:46:92  Start Input for Next Load Case
                13:48:46:92  case no= 1206 seq. no=  59 idynl= 0
                13:48:46:93  LOADEND ISLAVE                                   0
                13:48:46:93  Start Input for Next Load Case
                13:48:46:94  case no= 1207 seq. no=  60 idynl= 0
                13:48:46:94  LOADEND ISLAVE                                   0
                13:48:46:94  Start Input for Next Load Case
                13:48:46:95  case no= 1208 seq. no=  61 idynl= 0
                13:48:46:95  LOADEND ISLAVE                                   0
                13:48:46:96  Start Input for Next Load Case
                13:48:46:96  case no= 2101 seq. no=  62 idynl= 0
                13:48:46:97  LOADEND ISLAVE                                   0
                13:48:46:97  Start Input for Next Load Case
                13:48:46:97  case no= 2102 seq. no=  63 idynl= 0
                13:48:46:98  LOADEND ISLAVE                                   0
                13:48:46:98  Start Input for Next Load Case
                13:48:46:99  case no= 2103 seq. no=  64 idynl= 0
                13:48:46:99  LOADEND ISLAVE                                   0
                13:48:46:99  Start Input for Next Load Case
                13:48:47: 0  case no= 2104 seq. no=  65 idynl= 0
                13:48:47: 0  LOADEND ISLAVE                                   0
                13:48:47: 1  Start Input for Next Load Case
                13:48:47: 1  case no= 2105 seq. no=  66 idynl= 0
                13:48:47: 2  LOADEND ISLAVE                                   0
                13:48:47: 2  Start Input for Next Load Case
                13:48:47: 2  case no= 2106 seq. no=  67 idynl= 0
                13:48:47: 3  LOADEND ISLAVE                                   0
                13:48:47: 3  Start Input for Next Load Case
                13:48:47: 4  case no= 2107 seq. no=  68 idynl= 0
                13:48:47: 4  LOADEND ISLAVE                                   0
                13:48:47: 4  Start Input for Next Load Case
                13:48:47: 5  case no= 2108 seq. no=  69 idynl= 0
                13:48:47: 5  LOADEND ISLAVE                                   0
                13:48:47: 5  Start Input for Next Load Case
                13:48:47: 6  case no= 3001 seq. no=  70 idynl= 0
                13:48:47: 6  LOADEND ISLAVE                                   0
                13:48:47: 7  Start Input for Next Load Case
                13:48:47: 7  case no= 3002 seq. no=  71 idynl= 0
                13:48:47: 8  LOADEND ISLAVE                                   0
                13:48:47: 8  Start Input for Next Load Case
                13:48:47: 9  case no= 3003 seq. no=  72 idynl= 0
                13:48:47: 9  LOADEND ISLAVE                                   0
                13:48:47:10  Start Input for Next Load Case
                13:48:47:10  case no= 3004 seq. no=  73 idynl= 0
                13:48:47:11  LOADEND ISLAVE                                   0
                13:48:47:11  Start Input for Next Load Case
                13:48:47:11  case no= 3005 seq. no=  74 idynl= 0
                13:48:47:12  LOADEND ISLAVE                                   0
                13:48:47:12  Start Input for Next Load Case
                13:48:47:13  case no= 3006 seq. no=  75 idynl= 0
                13:48:47:13  LOADEND ISLAVE                                   0
                13:48:47:13  Start Input for Next Load Case
                13:48:47:14  case no= 3007 seq. no=  76 idynl= 0
                13:48:47:14  LOADEND ISLAVE                                   0
                13:48:47:15  Start Input for Next Load Case
                13:48:47:16  case no= 3008 seq. no=  77 idynl= 0
                13:48:47:16  LOADEND ISLAVE                                   0
                13:48:47:16  Start Input for Next Load Case
                13:48:47:17  case no= 3011 seq. no=  78 idynl= 0
                13:48:47:17  LOADEND ISLAVE                                   0
                13:48:47:18  Start Input for Next Load Case
                13:48:47:18  case no= 3012 seq. no=  79 idynl= 0
                13:48:47:18  LOADEND ISLAVE                                   0
                13:48:47:19  Start Input for Next Load Case
                13:48:47:19  case no= 3013 seq. no=  80 idynl= 0
                13:48:47:20  LOADEND ISLAVE                                   0
                13:48:47:20  Start Input for Next Load Case
                13:48:47:20  case no= 3014 seq. no=  81 idynl= 0
                13:48:47:21  LOADEND ISLAVE                                   0
                13:48:47:21  Start Input for Next Load Case
                13:48:47:22  case no= 3015 seq. no=  82 idynl= 0
                13:48:47:22  LOADEND ISLAVE                                   0
                13:48:47:23  Start Input for Next Load Case
                13:48:47:23  case no= 3016 seq. no=  83 idynl= 0
                13:48:47:23  LOADEND ISLAVE                                   0
                13:48:47:24  Start Input for Next Load Case
                13:48:47:24  case no= 3017 seq. no=  84 idynl= 0
                13:48:47:24  LOADEND ISLAVE                                   0
                13:48:47:25  Start Input for Next Load Case
                13:48:47:25  case no= 3018 seq. no=  85 idynl= 0
                13:48:47:26  LOADEND ISLAVE                                   0
                13:48:47:26  Start Input for Next Load Case
                13:48:47:27  case no= 3021 seq. no=  86 idynl= 0
                13:48:47:27  LOADEND ISLAVE                                   0
                13:48:47:27  Start Input for Next Load Case
                13:48:47:28  case no= 3022 seq. no=  87 idynl= 0
                13:48:47:28  LOADEND ISLAVE                                   0
                13:48:47:29  Start Input for Next Load Case
                13:48:47:29  case no= 3023 seq. no=  88 idynl= 0
                13:48:47:30  LOADEND ISLAVE                                   0
                13:48:47:30  Start Input for Next Load Case
                13:48:47:30  case no= 3024 seq. no=  89 idynl= 0
                13:48:47:31  LOADEND ISLAVE                                   0
                13:48:47:31  Start Input for Next Load Case
                13:48:47:32  case no= 3025 seq. no=  90 idynl= 0
                13:48:47:32  LOADEND ISLAVE                                   0
                13:48:47:32  Start Input for Next Load Case
                13:48:47:33  case no= 3026 seq. no=  91 idynl= 0
                13:48:47:33  LOADEND ISLAVE                                   0
                13:48:47:34  Start Input for Next Load Case
                13:48:47:34  case no= 3027 seq. no=  92 idynl= 0
                13:48:47:35  LOADEND ISLAVE                                   0
                13:48:47:35  Start Input for Next Load Case
                13:48:47:35  case no= 3028 seq. no=  93 idynl= 0
                13:48:47:36  LOADEND ISLAVE                                   0
                13:48:47:36  Start Input for Next Load Case
                13:48:47:37  case no= 3201 seq. no=  94 idynl= 0
                13:48:47:37  LOADEND ISLAVE                                   0
                13:48:47:37  Start Input for Next Load Case
                13:48:47:38  case no= 3202 seq. no=  95 idynl= 0
                13:48:47:38  LOADEND ISLAVE                                   0
                13:48:47:39  Start Input for Next Load Case
                13:48:47:39  case no= 3203 seq. no=  96 idynl= 0
                13:48:47:40  LOADEND ISLAVE                                   0
                13:48:47:40  Start Input for Next Load Case
                13:48:47:40  case no= 3204 seq. no=  97 idynl= 0
                13:48:47:41  LOADEND ISLAVE                                   0
                13:48:47:41  Start Input for Next Load Case
                13:48:47:42  case no= 3205 seq. no=  98 idynl= 0
                13:48:47:42  LOADEND ISLAVE                                   0
                13:48:47:42  Start Input for Next Load Case
                13:48:47:43  case no= 3206 seq. no=  99 idynl= 0
                13:48:47:43  LOADEND ISLAVE                                   0
                13:48:47:44  Start Input for Next Load Case
                13:48:47:44  case no= 3207 seq. no= 100 idynl= 0
                13:48:47:44  LOADEND ISLAVE                                   0
                13:48:47:45  Start Input for Next Load Case
                13:48:47:45  case no= 3208 seq. no= 101 idynl= 0
                13:48:47:46  LOADEND ISLAVE                                   0
                13:48:47:46  NVPREV                                           0
                13:48:47:46  AMAXNON                               3.057743E-01
                13:48:47:47  IRECSIZL=                                     4000
                13:48:47:47  MTX BLOCKSIZE=                                  36
                13:48:47:48  MI=                                             36
                13:48:47:48  NORECL=                                          1
                13:48:47:48  NORECL1=                                         1
                13:48:47:49  IWORD=                                       32000
                13:48:47:49  JRECSIZE=                                     4000
                13:48:47:50  IWORDJ=                                      32000
                13:48:47:50  IBYTE=                                           4
                13:48:47:51  JOINTS=                                          8
                13:48:47:51  MEMBERS=                                         7
                13:48:47:51  PLATES =                                         0
                13:48:47:52  SOLIDS =                                         0
                13:48:47:52  NO. OF EQUATIONS=                               36
                13:48:47:53  idyn=                                            0
                13:48:47:53  ipd=                                             0
                13:48:47:53  icablanl=                                        0
                13:48:47:54  ++ Processing Element Stiffness Matrix.
                13:48:47:54  NV1                                            101
                13:48:47:66  ++ Calculating Element Forces & Reactions.
                13:48:48: 8  COMBINATION CASES=                               0
                13:48:48: 8  MAX CM MEMORY (KILOWORDS)                       28
                13:48:48: 9  AFTER SOLVER 1
                13:48:48:10  REOPEN AS SEQ                                    0
                13:48:48:11  DEFINE ENVELOPE
                13:48:48:13  LOAD LIST 1101 TO 110
                13:48:48:13  PARAMETER 1
                13:48:48:14  CHECK CODE ALL
                13:48:48:14  ENTERING SECTNM110 IQ=                           7
                13:48:48:14               NSEC=                              11
                13:48:48:15             ISECTN=                               0
                13:48:48:17  SECTNM110 DO 925
                13:48:48:19  ENTERING ENVLP1 ITYP1=                          -3
                13:48:48:19  SECT DISPLACE
                13:48:48:21  Steel/Alum/Timber Design                        52
                13:48:48:22    ++ Finished Design ...
                13:48:48:22  Steel/Timber Design exit
                13:48:48:23  LOAD LIST 2101 TO 210
                13:48:48:23  PARAMETER 1
                13:48:48:24  CHECK CODE ALL
                13:48:48:24  ENTERING ENVLP1 ITYP1=                          -3
                13:48:48:25  SECT DISPLACE
                13:48:48:27  Steel/Alum/Timber Design                        52
                13:48:48:27    ++ Finished Design ...
                13:48:48:27  Steel/Timber Design exit
                13:48:48:28  LOAD LIST ENV 4 TO 7
                13:48:48:29  PARAMETER 1
                13:48:48:30  CHECK CODE ALL
                13:48:48:30  ENTERING ENVLP1 ITYP1=                          -3
                13:48:48:30  SECT DISPLACE
                13:48:48:33  Steel/Alum/Timber Design                        52
                13:48:48:34    ++ Finished Design ...
                13:48:48:34  Steel/Timber Design exit
                13:48:48:35  PRINT JOINT DISPLACEM
                13:48:48:35  DRAW ISOM JOIN MEMB
                13:48:48:36  ENTERING SECTNM110 IQ=                           7
                13:48:48:36               NSEC=                              11
                13:48:48:37             ISECTN=                               0
                13:48:48:39  SECTNM110 DO 925
                13:48:48:41  PRINT SUPPORT REACTIO
                13:48:48:41  DRAW ISOM SUPP PROP
                13:48:48:41  ENTERING SECTNM110 IQ=                           7
                13:48:48:42               NSEC=                              11
                13:48:48:42             ISECTN=                               0
                13:48:48:44  SECTNM110 DO 925
                13:48:48:46  DRAW ISOM SHAP
                13:48:48:46  ENTERING SECTNM110 IQ=                           7
                13:48:48:47               NSEC=                              11
                13:48:48:47             ISECTN=                               0
                13:48:48:50  SECTNM110 DO 925
                13:48:48:51  PRINT CG
                13:48:48:51  FINISH
                13:48:48:52  All Commands FINISHed
                13:48:48:53  DATASAVE for SPRO GUI
                13:48:48:53  ++ Creating Displacement File (DSP)...
                13:48:48:54  ++ Creating Reaction File (REA)...
                13:48:48:54  ++ Creating Section Force File (BMD)...
                13:48:48:56  ++ Creating Section Displace File (SEC)...
                13:48:48:56  ENTERING ENVLP1 ITYP1=                          -5
                13:48:48:57  SECT DISPLACE
                13:48:48:60  ++ Creating Section Displace File (SCN)...
                13:48:48:61  ++ Creating Design information File (DGN)...
                13:48:48:62  ALLOCATED CM MEMORY (KILOWORDS)             300000
                13:48:48:62  MAX CM MEMORY (KILOWORDS)                       59
                13:48:48:63  DBS LONG SEC NAME
* End Of Analysis At Fri Oct 18 13:48:48 2024
* CPU usage = 2.936000
* STAAD Exit Code: 100, Warning Count: 0, Error Count: 0, Duration: 2.936
1 0 0 2.936
****************************************************************************
*                            END OF ANALYSIS                               *
****************************************************************************
