10/18/2024 13:44:09	Reading UID database.
10/18/2024 13:44:09	Start loading STAAD model.
10/18/2024 13:44:09	Reading model file.
10/18/2024 13:44:09	Reading model file is complete.
10/18/2024 13:44:09	Processing support.
10/18/2024 13:44:09	Processing springs.
10/18/2024 13:44:09	Processing properties.
10/18/2024 13:44:09	Processing physical properties.
10/18/2024 13:44:09	Processing constants.
10/18/2024 13:44:09	Processing BETA constants.
10/18/2024 13:44:09	Processing hidden analytical member loads.
10/18/2024 13:44:09	Processing command list for member release.
10/18/2024 13:44:09	Processing command list for member offset.
10/18/2024 13:44:09	Processing command list for member specs (cracked).
10/18/2024 13:44:09	Processing command list for member specs (axial).
10/18/2024 13:44:09	Processing command list for element release.
10/18/2024 13:44:09	Processing command list for element offset.
10/18/2024 13:44:09	Processing command list for element plate stress directive.
10/18/2024 13:44:09	Processing parameter for Chinese wind load case.
10/18/2024 13:44:09	End Processing command list.
10/18/2024 13:44:09	End loading STAAD model.
10/18/2024 13:44:09	Start Post Analysis method
10/18/2024 13:44:09	Removed all hidden plates from surfaces
10/18/2024 13:44:09	Removed all hidden plates
10/18/2024 13:44:09	Removed all hidden nodes
10/18/2024 13:44:09	Loading results from MSH file...
10/18/2024 13:44:09	Building result indices...
10/18/2024 13:44:09	Loading plate stress results...
10/18/2024 13:44:09	Set analysis report setup data
10/18/2024 13:44:09	Starting page setup...
10/18/2024 13:44:09	Page setup completed
10/18/2024 13:44:09	Setting available workflows...
10/18/2024 13:44:09	Post analysis method ends
10/18/2024 13:44:26	Start Post Analysis method
10/18/2024 13:44:26	Removed all hidden plates from surfaces
10/18/2024 13:44:26	Removed all hidden plates
10/18/2024 13:44:26	Removed all hidden nodes
10/18/2024 13:44:26	Loading results from MSH file...
10/18/2024 13:44:26	Building result indices...
10/18/2024 13:44:26	Loading plate stress results...
10/18/2024 13:44:26	Set analysis report setup data
10/18/2024 13:44:26	Starting page setup...
10/18/2024 13:44:26	Page setup completed
10/18/2024 13:44:26	Setting available workflows...
10/18/2024 13:44:26	Post analysis method ends
10/18/2024 13:48:39	Reading UID database.
10/18/2024 13:48:39	Start loading STAAD model.
10/18/2024 13:48:39	Reading model file.
10/18/2024 13:48:39	Reading model file is complete.
10/18/2024 13:48:39	Processing support.
10/18/2024 13:48:39	Processing springs.
10/18/2024 13:48:39	Processing properties.
10/18/2024 13:48:39	Processing physical properties.
10/18/2024 13:48:39	Processing constants.
10/18/2024 13:48:40	Processing BETA constants.
10/18/2024 13:48:40	Processing hidden analytical member loads.
10/18/2024 13:48:40	Processing command list for member release.
10/18/2024 13:48:40	Processing command list for member offset.
10/18/2024 13:48:40	Processing command list for member specs (cracked).
10/18/2024 13:48:40	Processing command list for member specs (axial).
10/18/2024 13:48:40	Processing command list for element release.
10/18/2024 13:48:40	Processing command list for element offset.
10/18/2024 13:48:40	Processing command list for element plate stress directive.
10/18/2024 13:48:40	Processing parameter for Chinese wind load case.
10/18/2024 13:48:40	End Processing command list.
10/18/2024 13:48:40	End loading STAAD model.
10/18/2024 13:48:40	Start Post Analysis method
10/18/2024 13:48:40	Removed all hidden plates from surfaces
10/18/2024 13:48:40	Removed all hidden plates
10/18/2024 13:48:40	Removed all hidden nodes
10/18/2024 13:48:40	Loading results from MSH file...
10/18/2024 13:48:40	Building result indices...
10/18/2024 13:48:40	Loading plate stress results...
10/18/2024 13:48:40	Set analysis report setup data
10/18/2024 13:48:40	Starting page setup...
10/18/2024 13:48:40	Page setup completed
10/18/2024 13:48:40	Setting available workflows...
10/18/2024 13:48:40	Post analysis method ends
10/18/2024 13:48:50	Start Post Analysis method
10/18/2024 13:48:50	Removed all hidden plates from surfaces
10/18/2024 13:48:50	Removed all hidden plates
10/18/2024 13:48:50	Removed all hidden nodes
10/18/2024 13:48:50	Loading results from MSH file...
10/18/2024 13:48:50	Building result indices...
10/18/2024 13:48:50	Loading plate stress results...
10/18/2024 13:48:50	Set analysis report setup data
10/18/2024 13:48:50	Starting page setup...
10/18/2024 13:48:50	Page setup completed
10/18/2024 13:48:50	Setting available workflows...
10/18/2024 13:48:50	Post analysis method ends
