13:49:25	Initializing STAAD Engine
13:49:25	Run stream set up is complete.
13:49:25	Initialize license libraries.
13:49:25	License libraries initialized.
13:49:25	Starting license(s) for A & D engine.
13:49:26	License Status: Ok
13:49:26	License information set up is complete.
****************************************************************************
*                            START OF ANALYSIS                             *
****************************************************************************
* Initiating Analysis At Mon Aug 19 13:49:26 2024
                          PROGRAM: STAAD.Pro
                          VERSION: 23.00.01.25
                13:49:26:57  ENTERING STAAD
                13:49:26:58  USING 64 BIT STAAD ENGINE
                13:49:26:58  ENTERING MAINN
                13:49:26:58  START JOB INFORMATION
                13:49:26:59  INPUT WIDTH 79
                13:49:26:59  UNIT MMS KN
                13:49:26:60  JOINT COORDINATES
                13:49:26:60  ENTERING JOINTC
                13:49:26:60  JOINTC NEWJ                                 400000
                13:49:26:61  MAX NODE NO.                                    47
                13:49:26:61  MEMBER INCIDENCES
                13:49:26:62  UNIT METER KN
                13:49:26:62  DEFINE MATERIAL START
                13:49:26:63  UNIT MMS KN
                13:49:26:63  MEMBER PROPERTY EUROP
                13:49:26:78    ++ Finished Reading Member Properties ...
                13:49:26:78  CONSTANTS
                13:49:26:79  SUPPORTS
                13:49:26:80  ENTERING SUPPORT
                13:49:26:80  MEMBER OFFSET
                13:49:26:81  DEFINE WIND LOAD
                13:49:26:81  LOAD 121 LOADTYPE DEA
                13:49:26:82  DUPLICATE ELEMENT CHECK
                13:49:26:82  CHECKING STRUCTURAL INTEGRITY
                13:49:26:83  CHECK UNCONNECTED JOINTS AND
                13:49:26:83  CALCULATE MAX JOINT CONNECTIVITY
                13:49:26:83  CHECK MULTIPLE STRUCTURES
                13:49:26:84  ENTERING SUPPORT
                13:49:26:84  NRJOLD                                           0
                13:49:26:85  SUPPORT NOLD                                     0
                13:49:26:85  SUPPORT N                                      204
                13:49:26:86  BEFORE LOADPR
                13:49:26:86  REOPEN AS DIR                                    0
                13:49:26:87  ENTER LOADPR
                13:49:27: 2  PERFORM ANALYSIS PRIN
                13:49:27: 2  pdel iter                                        0
                13:49:27: 3  MAXIMUM E =                           2.973273E+04
                13:49:27: 3  MINIMUM E =                           2.973273E+04
                13:49:27: 4  MBW DOF BAND=                                    2
                13:49:27: 4  NUMBER OF PRIMARY CASES                        101
                13:49:27: 5  NUMBER OF CASES                                252
                13:49:27: 5  #OF CASES W/ELEM INMEMORY                      252
                13:49:27: 5  MEMORY FOR MEMBER LOADS                     127008
                13:49:27: 6  MEMORY FOR DISPLACEMENTS                     60480
                13:49:27: 6  MEMORY FOR MEMBER FORCES                    127008
                13:49:27: 7  Using 64-bit analysis engine
                13:49:27: 7  BEFORE SOLVER 1
                13:49:27: 8  Start Input for Next Load Case
                13:49:27: 8  case no=  121 seq. no=   1 idynl= 0
                13:49:27: 9  MASSSET                                          0
                13:49:27: 9  LOADEND ISLAVE                                   0
                13:49:27:10  Start Input for Next Load Case
                13:49:27:10  case no=  201 seq. no=   2 idynl= 0
                13:49:27:11  LOADEND ISLAVE                                   0
                13:49:27:11  Start Input for Next Load Case
                13:49:27:12  case no=  202 seq. no=   3 idynl= 0
                13:49:27:13  LOADEND ISLAVE                                   0
                13:49:27:13  Start Input for Next Load Case
                13:49:27:14  case no=  203 seq. no=   4 idynl= 0
                13:49:27:14  LOADEND ISLAVE                                   0
                13:49:27:15  Start Input for Next Load Case
                13:49:27:15  case no=  204 seq. no=   5 idynl= 0
                13:49:27:15  LOADEND ISLAVE                                   0
                13:49:27:16  Start Input for Next Load Case
                13:49:27:16  case no=  205 seq. no=   6 idynl= 0
                13:49:27:17  LOADEND ISLAVE                                   0
                13:49:27:17  Start Input for Next Load Case
                13:49:27:18  case no=  206 seq. no=   7 idynl= 0
                13:49:27:18  LOADEND ISLAVE                                   0
                13:49:27:18  Start Input for Next Load Case
                13:49:27:19  case no=  207 seq. no=   8 idynl= 0
                13:49:27:19  LOADEND ISLAVE                                   0
                13:49:27:20  Start Input for Next Load Case
                13:49:27:20  case no=  208 seq. no=   9 idynl= 0
                13:49:27:21  LOADEND ISLAVE                                   0
                13:49:27:21  Start Input for Next Load Case
                13:49:27:22  case no=  312 seq. no=  10 idynl= 0
                13:49:27:22  LOADEND ISLAVE                                   0
                13:49:27:23  Start Input for Next Load Case
                13:49:27:23  case no=  313 seq. no=  11 idynl= 0
                13:49:27:24  LOADEND ISLAVE                                   0
                13:49:27:24  Start Input for Next Load Case
                13:49:27:24  case no=  314 seq. no=  12 idynl= 0
                13:49:27:25  LOADEND ISLAVE                                   0
                13:49:27:25  Start Input for Next Load Case
                13:49:27:26  case no=  315 seq. no=  13 idynl= 0
                13:49:27:26  LOADEND ISLAVE                                   0
                13:49:27:27  Start Input for Next Load Case
                13:49:27:27  case no=  322 seq. no=  14 idynl= 0
                13:49:27:28  LOADEND ISLAVE                                   0
                13:49:27:28  Start Input for Next Load Case
                13:49:27:29  case no=  323 seq. no=  15 idynl= 0
                13:49:27:29  LOADEND ISLAVE                                   0
                13:49:27:29  Start Input for Next Load Case
                13:49:27:30  case no=  324 seq. no=  16 idynl= 0
                13:49:27:30  LOADEND ISLAVE                                   0
                13:49:27:31  Start Input for Next Load Case
                13:49:27:31  case no=  325 seq. no=  17 idynl= 0
                13:49:27:32  LOADEND ISLAVE                                   0
                13:49:27:32  Start Input for Next Load Case
                13:49:27:32  case no=  332 seq. no=  18 idynl= 0
                13:49:27:33  LOADEND ISLAVE                                   0
                13:49:27:33  Start Input for Next Load Case
                13:49:27:34  case no=  333 seq. no=  19 idynl= 0
                13:49:27:34  LOADEND ISLAVE                                   0
                13:49:27:35  Start Input for Next Load Case
                13:49:27:35  case no=  334 seq. no=  20 idynl= 0
                13:49:27:36  LOADEND ISLAVE                                   0
                13:49:27:36  Start Input for Next Load Case
                13:49:27:37  case no=  335 seq. no=  21 idynl= 0
                13:49:27:37  LOADEND ISLAVE                                   0
                13:49:27:38  Start Input for Next Load Case
                13:49:27:38  case no=  411 seq. no=  22 idynl= 0
                13:49:27:38  LOADEND ISLAVE                                   0
                13:49:27:39  Start Input for Next Load Case
                13:49:27:39  case no=  412 seq. no=  23 idynl= 0
                13:49:27:40  LOADEND ISLAVE                                   0
                13:49:27:40  Start Input for Next Load Case
                13:49:27:41  case no=  413 seq. no=  24 idynl= 0
                13:49:27:41  LOADEND ISLAVE                                   0
                13:49:27:41  Start Input for Next Load Case
                13:49:27:42  case no=  414 seq. no=  25 idynl= 0
                13:49:27:42  LOADEND ISLAVE                                   0
                13:49:27:43  Start Input for Next Load Case
                13:49:27:43  case no=  415 seq. no=  26 idynl= 0
                13:49:27:44  LOADEND ISLAVE                                   0
                13:49:27:44  Start Input for Next Load Case
                13:49:27:45  case no=  416 seq. no=  27 idynl= 0
                13:49:27:45  LOADEND ISLAVE                                   0
                13:49:27:45  Start Input for Next Load Case
                13:49:27:46  case no=  417 seq. no=  28 idynl= 0
                13:49:27:46  LOADEND ISLAVE                                   0
                13:49:27:47  Start Input for Next Load Case
                13:49:27:47  case no=  418 seq. no=  29 idynl= 0
                13:49:27:48  LOADEND ISLAVE                                   0
                13:49:27:48  Start Input for Next Load Case
                13:49:27:49  case no=  421 seq. no=  30 idynl= 0
                13:49:27:49  LOADEND ISLAVE                                   0
                13:49:27:50  Start Input for Next Load Case
                13:49:27:50  case no=  422 seq. no=  31 idynl= 0
                13:49:27:51  LOADEND ISLAVE                                   0
                13:49:27:51  Start Input for Next Load Case
                13:49:27:52  case no=  423 seq. no=  32 idynl= 0
                13:49:27:52  LOADEND ISLAVE                                   0
                13:49:27:53  Start Input for Next Load Case
                13:49:27:54  case no=  424 seq. no=  33 idynl= 0
                13:49:27:54  LOADEND ISLAVE                                   0
                13:49:27:54  Start Input for Next Load Case
                13:49:27:55  case no=  425 seq. no=  34 idynl= 0
                13:49:27:56  LOADEND ISLAVE                                   0
                13:49:27:56  Start Input for Next Load Case
                13:49:27:56  case no=  426 seq. no=  35 idynl= 0
                13:49:27:57  LOADEND ISLAVE                                   0
                13:49:27:57  Start Input for Next Load Case
                13:49:27:58  case no=  427 seq. no=  36 idynl= 0
                13:49:27:58  LOADEND ISLAVE                                   0
                13:49:27:59  Start Input for Next Load Case
                13:49:27:59  case no=  428 seq. no=  37 idynl= 0
                13:49:27:60  LOADEND ISLAVE                                   0
                13:49:27:60  Start Input for Next Load Case
                13:49:27:61  case no=  711 seq. no=  38 idynl= 0
                13:49:27:61  LOADEND ISLAVE                                   0
                13:49:27:62  Start Input for Next Load Case
                13:49:27:62  case no=  712 seq. no=  39 idynl= 0
                13:49:27:63  LOADEND ISLAVE                                   0
                13:49:27:63  Start Input for Next Load Case
                13:49:27:64  case no=  713 seq. no=  40 idynl= 0
                13:49:27:64  LOADEND ISLAVE                                   0
                13:49:27:65  Start Input for Next Load Case
                13:49:27:65  case no=  714 seq. no=  41 idynl= 0
                13:49:27:66  LOADEND ISLAVE                                   0
                13:49:27:66  Start Input for Next Load Case
                13:49:27:67  case no=  715 seq. no=  42 idynl= 0
                13:49:27:67  LOADEND ISLAVE                                   0
                13:49:27:67  Start Input for Next Load Case
                13:49:27:68  case no=  716 seq. no=  43 idynl= 0
                13:49:27:68  LOADEND ISLAVE                                   0
                13:49:27:69  Start Input for Next Load Case
                13:49:27:69  case no=  717 seq. no=  44 idynl= 0
                13:49:27:70  LOADEND ISLAVE                                   0
                13:49:27:70  Start Input for Next Load Case
                13:49:27:71  case no=  718 seq. no=  45 idynl= 0
                13:49:27:71  LOADEND ISLAVE                                   0
                13:49:27:71  Start Input for Next Load Case
                13:49:27:72  case no= 1101 seq. no=  46 idynl= 0
                13:49:27:73  LOADEND ISLAVE                                   0
                13:49:27:73  Start Input for Next Load Case
                13:49:27:74  case no= 1102 seq. no=  47 idynl= 0
                13:49:27:74  LOADEND ISLAVE                                   0
                13:49:27:74  Start Input for Next Load Case
                13:49:27:75  case no= 1103 seq. no=  48 idynl= 0
                13:49:27:75  LOADEND ISLAVE                                   0
                13:49:27:76  Start Input for Next Load Case
                13:49:27:76  case no= 1104 seq. no=  49 idynl= 0
                13:49:27:77  LOADEND ISLAVE                                   0
                13:49:27:77  Start Input for Next Load Case
                13:49:27:78  case no= 1105 seq. no=  50 idynl= 0
                13:49:27:78  LOADEND ISLAVE                                   0
                13:49:27:79  Start Input for Next Load Case
                13:49:27:79  case no= 1106 seq. no=  51 idynl= 0
                13:49:27:80  LOADEND ISLAVE                                   0
                13:49:27:80  Start Input for Next Load Case
                13:49:27:80  case no= 1107 seq. no=  52 idynl= 0
                13:49:27:81  LOADEND ISLAVE                                   0
                13:49:27:81  Start Input for Next Load Case
                13:49:27:82  case no= 1108 seq. no=  53 idynl= 0
                13:49:27:82  LOADEND ISLAVE                                   0
                13:49:27:83  Start Input for Next Load Case
                13:49:27:83  case no= 1201 seq. no=  54 idynl= 0
                13:49:27:84  LOADEND ISLAVE                                   0
                13:49:27:84  Start Input for Next Load Case
                13:49:27:85  case no= 1202 seq. no=  55 idynl= 0
                13:49:27:85  LOADEND ISLAVE                                   0
                13:49:27:85  Start Input for Next Load Case
                13:49:27:86  case no= 1203 seq. no=  56 idynl= 0
                13:49:27:86  LOADEND ISLAVE                                   0
                13:49:27:87  Start Input for Next Load Case
                13:49:27:87  case no= 1204 seq. no=  57 idynl= 0
                13:49:27:88  LOADEND ISLAVE                                   0
                13:49:27:88  Start Input for Next Load Case
                13:49:27:89  case no= 1205 seq. no=  58 idynl= 0
                13:49:27:90  LOADEND ISLAVE                                   0
                13:49:27:90  Start Input for Next Load Case
                13:49:27:90  case no= 1206 seq. no=  59 idynl= 0
                13:49:27:91  LOADEND ISLAVE                                   0
                13:49:27:91  Start Input for Next Load Case
                13:49:27:92  case no= 1207 seq. no=  60 idynl= 0
                13:49:27:92  LOADEND ISLAVE                                   0
                13:49:27:93  Start Input for Next Load Case
                13:49:27:93  case no= 1208 seq. no=  61 idynl= 0
                13:49:27:94  LOADEND ISLAVE                                   0
                13:49:27:94  Start Input for Next Load Case
                13:49:27:95  case no= 2101 seq. no=  62 idynl= 0
                13:49:27:95  LOADEND ISLAVE                                   0
                13:49:27:96  Start Input for Next Load Case
                13:49:27:96  case no= 2102 seq. no=  63 idynl= 0
                13:49:27:96  LOADEND ISLAVE                                   0
                13:49:27:97  Start Input for Next Load Case
                13:49:27:98  case no= 2103 seq. no=  64 idynl= 0
                13:49:27:98  LOADEND ISLAVE                                   0
                13:49:27:98  Start Input for Next Load Case
                13:49:27:99  case no= 2104 seq. no=  65 idynl= 0
                13:49:27:99  LOADEND ISLAVE                                   0
                13:49:28: 0  Start Input for Next Load Case
                13:49:28: 0  case no= 2105 seq. no=  66 idynl= 0
                13:49:28: 1  LOADEND ISLAVE                                   0
                13:49:28: 1  Start Input for Next Load Case
                13:49:28: 2  case no= 2106 seq. no=  67 idynl= 0
                13:49:28: 2  LOADEND ISLAVE                                   0
                13:49:28: 3  Start Input for Next Load Case
                13:49:28: 3  case no= 2107 seq. no=  68 idynl= 0
                13:49:28: 4  LOADEND ISLAVE                                   0
                13:49:28: 4  Start Input for Next Load Case
                13:49:28: 5  case no= 2108 seq. no=  69 idynl= 0
                13:49:28: 5  LOADEND ISLAVE                                   0
                13:49:28: 6  Start Input for Next Load Case
                13:49:28: 6  case no= 3001 seq. no=  70 idynl= 0
                13:49:28: 6  LOADEND ISLAVE                                   0
                13:49:28: 7  Start Input for Next Load Case
                13:49:28: 7  case no= 3002 seq. no=  71 idynl= 0
                13:49:28: 8  LOADEND ISLAVE                                   0
                13:49:28: 8  Start Input for Next Load Case
                13:49:28: 9  case no= 3003 seq. no=  72 idynl= 0
                13:49:28: 9  LOADEND ISLAVE                                   0
                13:49:28:10  Start Input for Next Load Case
                13:49:28:10  case no= 3004 seq. no=  73 idynl= 0
                13:49:28:10  LOADEND ISLAVE                                   0
                13:49:28:11  Start Input for Next Load Case
                13:49:28:11  case no= 3005 seq. no=  74 idynl= 0
                13:49:28:12  LOADEND ISLAVE                                   0
                13:49:28:12  Start Input for Next Load Case
                13:49:28:13  case no= 3006 seq. no=  75 idynl= 0
                13:49:28:14  LOADEND ISLAVE                                   0
                13:49:28:14  Start Input for Next Load Case
                13:49:28:15  case no= 3007 seq. no=  76 idynl= 0
                13:49:28:15  LOADEND ISLAVE                                   0
                13:49:28:16  Start Input for Next Load Case
                13:49:28:16  case no= 3008 seq. no=  77 idynl= 0
                13:49:28:17  LOADEND ISLAVE                                   0
                13:49:28:17  Start Input for Next Load Case
                13:49:28:18  case no= 3011 seq. no=  78 idynl= 0
                13:49:28:18  LOADEND ISLAVE                                   0
                13:49:28:18  Start Input for Next Load Case
                13:49:28:19  case no= 3012 seq. no=  79 idynl= 0
                13:49:28:19  LOADEND ISLAVE                                   0
                13:49:28:20  Start Input for Next Load Case
                13:49:28:20  case no= 3013 seq. no=  80 idynl= 0
                13:49:28:21  LOADEND ISLAVE                                   0
                13:49:28:21  Start Input for Next Load Case
                13:49:28:22  case no= 3014 seq. no=  81 idynl= 0
                13:49:28:22  LOADEND ISLAVE                                   0
                13:49:28:23  Start Input for Next Load Case
                13:49:28:23  case no= 3015 seq. no=  82 idynl= 0
                13:49:28:24  LOADEND ISLAVE                                   0
                13:49:28:24  Start Input for Next Load Case
                13:49:28:25  case no= 3016 seq. no=  83 idynl= 0
                13:49:28:25  LOADEND ISLAVE                                   0
                13:49:28:25  Start Input for Next Load Case
                13:49:28:26  case no= 3017 seq. no=  84 idynl= 0
                13:49:28:26  LOADEND ISLAVE                                   0
                13:49:28:27  Start Input for Next Load Case
                13:49:28:27  case no= 3018 seq. no=  85 idynl= 0
                13:49:28:28  LOADEND ISLAVE                                   0
                13:49:28:28  Start Input for Next Load Case
                13:49:28:29  case no= 3021 seq. no=  86 idynl= 0
                13:49:28:29  LOADEND ISLAVE                                   0
                13:49:28:30  Start Input for Next Load Case
                13:49:28:30  case no= 3022 seq. no=  87 idynl= 0
                13:49:28:30  LOADEND ISLAVE                                   0
                13:49:28:31  Start Input for Next Load Case
                13:49:28:31  case no= 3023 seq. no=  88 idynl= 0
                13:49:28:32  LOADEND ISLAVE                                   0
                13:49:28:32  Start Input for Next Load Case
                13:49:28:33  case no= 3024 seq. no=  89 idynl= 0
                13:49:28:33  LOADEND ISLAVE                                   0
                13:49:28:34  Start Input for Next Load Case
                13:49:28:34  case no= 3025 seq. no=  90 idynl= 0
                13:49:28:34  LOADEND ISLAVE                                   0
                13:49:28:35  Start Input for Next Load Case
                13:49:28:35  case no= 3026 seq. no=  91 idynl= 0
                13:49:28:36  LOADEND ISLAVE                                   0
                13:49:28:36  Start Input for Next Load Case
                13:49:28:37  case no= 3027 seq. no=  92 idynl= 0
                13:49:28:37  LOADEND ISLAVE                                   0
                13:49:28:37  Start Input for Next Load Case
                13:49:28:38  case no= 3028 seq. no=  93 idynl= 0
                13:49:28:38  LOADEND ISLAVE                                   0
                13:49:28:39  Start Input for Next Load Case
                13:49:28:39  case no= 3201 seq. no=  94 idynl= 0
                13:49:28:40  LOADEND ISLAVE                                   0
                13:49:28:40  Start Input for Next Load Case
                13:49:28:41  case no= 3202 seq. no=  95 idynl= 0
                13:49:28:41  LOADEND ISLAVE                                   0
                13:49:28:41  Start Input for Next Load Case
                13:49:28:42  case no= 3203 seq. no=  96 idynl= 0
                13:49:28:42  LOADEND ISLAVE                                   0
                13:49:28:43  Start Input for Next Load Case
                13:49:28:43  case no= 3204 seq. no=  97 idynl= 0
                13:49:28:44  LOADEND ISLAVE                                   0
                13:49:28:45  Start Input for Next Load Case
                13:49:28:46  case no= 3205 seq. no=  98 idynl= 0
                13:49:28:46  LOADEND ISLAVE                                   0
                13:49:28:46  Start Input for Next Load Case
                13:49:28:47  case no= 3206 seq. no=  99 idynl= 0
                13:49:28:47  LOADEND ISLAVE                                   0
                13:49:28:48  Start Input for Next Load Case
                13:49:28:48  case no= 3207 seq. no= 100 idynl= 0
                13:49:28:49  LOADEND ISLAVE                                   0
                13:49:28:49  Start Input for Next Load Case
                13:49:28:50  case no= 3208 seq. no= 101 idynl= 0
                13:49:28:50  LOADEND ISLAVE                                   0
                13:49:28:50  NVPREV                                           0
                13:49:28:51  AMAXNON                               4.550525E-01
                13:49:28:51  IRECSIZL=                                     4000
                13:49:28:52  MTX BLOCKSIZE=                                 408
                13:49:28:52  MI=                                            204
                13:49:28:53  NORECL=                                          1
                13:49:28:53  NORECL1=                                         1
                13:49:28:53  IWORD=                                       32000
                13:49:28:54  JRECSIZE=                                     4000
                13:49:28:54  IWORDJ=                                      32000
                13:49:28:55  IBYTE=                                           4
                13:49:28:55  JOINTS=                                         40
                13:49:28:56  MEMBERS=                                        42
                13:49:28:56  PLATES =                                         0
                13:49:28:57  SOLIDS =                                         0
                13:49:28:57  NO. OF EQUATIONS=                              204
                13:49:28:58  idyn=                                            0
                13:49:28:58  ipd=                                             0
                13:49:28:58  icablanl=                                        0
                13:49:28:59  ++ Processing Element Stiffness Matrix.
                13:49:28:59  NV1                                            101
                13:49:28:70  ++ Calculating Element Forces & Reactions.
                13:49:29:21  COMBINATION CASES=                               0
                13:49:29:21  MAX CM MEMORY (KILOWORDS)                       50
                13:49:29:22  AFTER SOLVER 1
                13:49:29:23  REOPEN AS SEQ                                    0
                13:49:29:23  DEFINE ENVELOPE
                13:49:29:24  LOAD LIST 1101 TO 110
                13:49:29:25  PARAMETER 1
                13:49:29:26  CHECK CODE ALL
                13:49:29:26  ENTERING SECTNM110 IQ=                          42
                13:49:29:27               NSEC=                              11
                13:49:29:28             ISECTN=                               0
                13:49:29:31  SECTNM110 DO 925
                13:49:29:34  ENTERING ENVLP1 ITYP1=                          -3
                13:49:29:34  SECT DISPLACE
                13:49:29:38  Steel/Alum/Timber Design                        52
                13:49:29:43    ++ Finished Design ...
                13:49:29:43  Steel/Timber Design exit
                13:49:29:43  LOAD LIST 2101 TO 210
                13:49:29:44  PARAMETER 1
                13:49:29:46  CHECK CODE ALL
                13:49:29:46  ENTERING ENVLP1 ITYP1=                          -3
                13:49:29:46  SECT DISPLACE
                13:49:29:50  Steel/Alum/Timber Design                        52
                13:49:29:53    ++ Finished Design ...
                13:49:29:53  Steel/Timber Design exit
                13:49:29:54  LOAD LIST ENV 4 TO 7
                13:49:29:54  PARAMETER 1
                13:49:29:56  CHECK CODE ALL
                13:49:29:56  ENTERING ENVLP1 ITYP1=                          -3
                13:49:29:57  SECT DISPLACE
                13:49:29:61  Steel/Alum/Timber Design                        52
                13:49:29:68    ++ Finished Design ...
                13:49:29:68  Steel/Timber Design exit
                13:49:29:69  PRINT JOINT DISPLACEM
                13:49:29:70  PRINT SUPPORT REACTIO
                13:49:29:70  FINISH
                13:49:29:70  All Commands FINISHed
                13:49:29:71  DATASAVE for SPRO GUI
                13:49:29:72  ++ Creating Displacement File (DSP)...
                13:49:29:74  ++ Creating Reaction File (REA)...
                13:49:29:74  ++ Creating Section Force File (BMD)...
                13:49:29:79  ++ Creating Section Displace File (SEC)...
                13:49:29:79  ENTERING ENVLP1 ITYP1=                          -5
                13:49:29:80  SECT DISPLACE
                13:49:29:86  ++ Creating Section Displace File (SCN)...
                13:49:29:90  ++ Creating Design information File (DGN)...
                13:49:29:91  ALLOCATED CM MEMORY (KILOWORDS)             300000
                13:49:29:91  MAX CM MEMORY (KILOWORDS)                      188
                13:49:29:92  DBS LONG SEC NAME
* End Of Analysis At Mon Aug 19 13:49:29 2024
* CPU usage = 3.417000
* STAAD Exit Code: 100, Warning Count: 0, Error Count: 0, Duration: 3.417
1 0 0 3.417
****************************************************************************
*                            END OF ANALYSIS                               *
****************************************************************************
