08/19/2024 13:31:34	Reading UID database.
08/19/2024 13:31:34	Start loading STAAD model.
08/19/2024 13:31:34	Reading model file.
08/19/2024 13:31:34	Reading model file is complete.
08/19/2024 13:31:34	Processing support.
08/19/2024 13:31:34	Processing springs.
08/19/2024 13:31:34	Processing properties.
08/19/2024 13:31:34	Processing physical properties.
08/19/2024 13:31:34	Processing constants.
08/19/2024 13:31:34	Processing BETA constants.
08/19/2024 13:31:34	Processing hidden analytical member loads.
08/19/2024 13:31:34	Processing command list for member release.
08/19/2024 13:31:34	Processing command list for member offset.
08/19/2024 13:31:34	Processing command list for member specs (cracked).
08/19/2024 13:31:34	Processing command list for member specs (axial).
08/19/2024 13:31:34	Processing command list for element release.
08/19/2024 13:31:34	Processing command list for element offset.
08/19/2024 13:31:34	Processing command list for element plate stress directive.
08/19/2024 13:31:34	Processing parameter for Chinese wind load case.
08/19/2024 13:31:34	End Processing command list.
08/19/2024 13:31:34	End loading STAAD model.
08/19/2024 13:31:34	Start Post Analysis method
08/19/2024 13:31:34	Removed all hidden plates from surfaces
08/19/2024 13:31:34	Removed all hidden plates
08/19/2024 13:31:34	Removed all hidden nodes
08/19/2024 13:31:34	Loading results from MSH file...
08/19/2024 13:31:34	Building result indices...
08/19/2024 13:31:34	Loading plate stress results...
08/19/2024 13:31:34	Set analysis report setup data
08/19/2024 13:31:34	Starting page setup...
08/19/2024 13:31:34	Page setup completed
08/19/2024 13:31:34	Setting available workflows...
08/19/2024 13:31:34	Post analysis method ends
08/19/2024 13:35:55	Start Post Analysis method
08/19/2024 13:35:55	Removed all hidden plates from surfaces
08/19/2024 13:35:55	Removed all hidden plates
08/19/2024 13:35:55	Removed all hidden nodes
08/19/2024 13:35:55	Loading results from MSH file...
08/19/2024 13:35:55	Building result indices...
08/19/2024 13:35:55	Loading plate stress results...
08/19/2024 13:35:55	Set analysis report setup data
08/19/2024 13:35:55	Starting page setup...
08/19/2024 13:35:55	Page setup completed
08/19/2024 13:35:55	Setting available workflows...
08/19/2024 13:35:55	Post analysis method ends
08/19/2024 13:43:27	Start Post Analysis method
08/19/2024 13:43:27	Removed all hidden plates from surfaces
08/19/2024 13:43:27	Removed all hidden plates
08/19/2024 13:43:27	Removed all hidden nodes
08/19/2024 13:43:27	Loading results from MSH file...
08/19/2024 13:43:27	Building result indices...
08/19/2024 13:43:27	Loading plate stress results...
08/19/2024 13:43:27	Set analysis report setup data
08/19/2024 13:43:27	Starting page setup...
08/19/2024 13:43:27	Page setup completed
08/19/2024 13:43:27	Setting available workflows...
08/19/2024 13:43:27	Post analysis method ends
