07/26/2024 08:37:42	Reading UID database.
07/26/2024 08:37:42	Start loading STAAD model.
07/26/2024 08:37:42	Reading model file.
07/26/2024 08:37:42	Reading model file is complete.
07/26/2024 08:37:42	Processing support.
07/26/2024 08:37:42	Processing springs.
07/26/2024 08:37:42	Processing properties.
07/26/2024 08:37:42	Processing physical properties.
07/26/2024 08:37:42	Processing constants.
07/26/2024 08:37:42	Processing BETA constants.
07/26/2024 08:37:42	Processing hidden analytical member loads.
07/26/2024 08:37:42	Processing command list for member release.
07/26/2024 08:37:42	Processing command list for member offset.
07/26/2024 08:37:42	Processing command list for member specs (cracked).
07/26/2024 08:37:42	Processing command list for member specs (axial).
07/26/2024 08:37:42	Processing command list for element release.
07/26/2024 08:37:42	Processing command list for element offset.
07/26/2024 08:37:42	Processing command list for element plate stress directive.
07/26/2024 08:37:42	Processing parameter for Chinese wind load case.
07/26/2024 08:37:42	End Processing command list.
07/26/2024 08:37:42	End loading STAAD model.
07/26/2024 08:37:42	Start Post Analysis method
07/26/2024 08:37:42	Removed all hidden plates from surfaces
07/26/2024 08:37:42	Removed all hidden plates
07/26/2024 08:37:42	Removed all hidden nodes
07/26/2024 08:37:42	Loading results from MSH file...
07/26/2024 08:37:42	Building result indices...
07/26/2024 08:37:42	Loading plate stress results...
07/26/2024 08:37:42	Set analysis report setup data
07/26/2024 08:37:42	Starting page setup...
07/26/2024 08:37:42	Page setup completed
07/26/2024 08:37:42	Setting available workflows...
07/26/2024 08:37:42	Post analysis method ends
