12:40:54	Initializing STAAD Engine
12:40:54	Run stream set up is complete.
12:40:54	Initialize license libraries.
12:40:54	License libraries initialized.
12:40:54	Starting license(s) for A & D engine.
12:40:55	License Status: Ok
12:40:55	License information set up is complete.
****************************************************************************
*                            START OF ANALYSIS                             *
****************************************************************************
* Initiating Analysis At Thu Jul 11 12:40:55 2024
                          PROGRAM: STAAD.Pro
                          VERSION: 23.00.01.25
                12:40:55:23  ENTERING STAAD
                12:40:55:25  USING 64 BIT STAAD ENGINE
                12:40:55:25  ENTERING MAINN
                12:40:55:25  START JOB INFORMATION
                12:40:55:26  INPUT WIDTH 79
                12:40:55:26  UNIT MMS KN
                12:40:55:26  JOINT COORDINATES
                12:40:55:27  ENTERING JOINTC
                12:40:55:27  JOINTC NEWJ                                 400000
                12:40:55:28  MAX NODE NO.                                    21
                12:40:55:28  MEMBER INCIDENCES
                12:40:55:29  UNIT METER KN
                12:40:55:30  DEFINE MATERIAL START
                12:40:55:30  UNIT MMS KN
                12:40:55:31  MEMBER PROPERTY EUROP
                12:40:55:44    ++ Finished Reading Member Properties ...
                12:40:55:44  CONSTANTS
                12:40:55:44  SUPPORTS
                12:40:55:45  ENTERING SUPPORT
                12:40:55:45  UNIT METER KN
                12:40:55:46  DEFINE WIND LOAD
                12:40:55:46  LOAD 121 LOADTYPE DEA
                12:40:55:47  DUPLICATE ELEMENT CHECK
                12:40:55:47  CHECKING STRUCTURAL INTEGRITY
                12:40:55:47  CHECK UNCONNECTED JOINTS AND
                12:40:55:48  CALCULATE MAX JOINT CONNECTIVITY
                12:40:55:48  CHECK MULTIPLE STRUCTURES
                12:40:55:49  ENTERING SUPPORT
                12:40:55:49  NRJOLD                                           0
                12:40:55:50  SUPPORT NOLD                                     0
                12:40:55:50  SUPPORT N                                       96
                12:40:55:50  BEFORE LOADPR
                12:40:55:51  REOPEN AS DIR                                    0
                12:40:55:51  ENTER LOADPR
                12:40:55:64  PERFORM ANALYSIS PRIN
                12:40:55:64  pdel iter                                        0
                12:40:55:65  MAXIMUM E =                           2.973273E+04
                12:40:55:65  MINIMUM E =                           2.973273E+04
                12:40:55:66  MBW DOF BAND=                                    1
                12:40:55:66  NUMBER OF PRIMARY CASES                        101
                12:40:55:67  NUMBER OF CASES                                252
                12:40:55:67  #OF CASES W/ELEM INMEMORY                      252
                12:40:55:68  MEMORY FOR MEMBER LOADS                      66528
                12:40:55:68  MEMORY FOR DISPLACEMENTS                     31752
                12:40:55:68  MEMORY FOR MEMBER FORCES                     66528
                12:40:55:69  Using 64-bit analysis engine
                12:40:55:69  BEFORE SOLVER 1
                12:40:55:70  Start Input for Next Load Case
                12:40:55:70  case no=  121 seq. no=   1 idynl= 0
                12:40:55:71  MASSSET                                          0
                12:40:55:71  LOADEND ISLAVE                                   0
                12:40:55:71  Start Input for Next Load Case
                12:40:55:72  case no=  201 seq. no=   2 idynl= 0
                12:40:55:72  LOADEND ISLAVE                                   0
                12:40:55:73  Start Input for Next Load Case
                12:40:55:73  case no=  202 seq. no=   3 idynl= 0
                12:40:55:74  LOADEND ISLAVE                                   0
                12:40:55:74  Start Input for Next Load Case
                12:40:55:75  case no=  203 seq. no=   4 idynl= 0
                12:40:55:75  LOADEND ISLAVE                                   0
                12:40:55:75  Start Input for Next Load Case
                12:40:55:76  case no=  204 seq. no=   5 idynl= 0
                12:40:55:76  LOADEND ISLAVE                                   0
                12:40:55:76  Start Input for Next Load Case
                12:40:55:77  case no=  205 seq. no=   6 idynl= 0
                12:40:55:77  LOADEND ISLAVE                                   0
                12:40:55:78  Start Input for Next Load Case
                12:40:55:78  case no=  206 seq. no=   7 idynl= 0
                12:40:55:79  LOADEND ISLAVE                                   0
                12:40:55:79  Start Input for Next Load Case
                12:40:55:79  case no=  207 seq. no=   8 idynl= 0
                12:40:55:80  LOADEND ISLAVE                                   0
                12:40:55:80  Start Input for Next Load Case
                12:40:55:81  case no=  208 seq. no=   9 idynl= 0
                12:40:55:81  LOADEND ISLAVE                                   0
                12:40:55:81  Start Input for Next Load Case
                12:40:55:82  case no=  312 seq. no=  10 idynl= 0
                12:40:55:82  LOADEND ISLAVE                                   0
                12:40:55:83  Start Input for Next Load Case
                12:40:55:83  case no=  313 seq. no=  11 idynl= 0
                12:40:55:84  LOADEND ISLAVE                                   0
                12:40:55:84  Start Input for Next Load Case
                12:40:55:85  case no=  314 seq. no=  12 idynl= 0
                12:40:55:85  LOADEND ISLAVE                                   0
                12:40:55:86  Start Input for Next Load Case
                12:40:55:86  case no=  315 seq. no=  13 idynl= 0
                12:40:55:87  LOADEND ISLAVE                                   0
                12:40:55:88  Start Input for Next Load Case
                12:40:55:88  case no=  322 seq. no=  14 idynl= 0
                12:40:55:89  LOADEND ISLAVE                                   0
                12:40:55:90  Start Input for Next Load Case
                12:40:55:91  case no=  323 seq. no=  15 idynl= 0
                12:40:55:91  LOADEND ISLAVE                                   0
                12:40:55:92  Start Input for Next Load Case
                12:40:55:93  case no=  324 seq. no=  16 idynl= 0
                12:40:55:93  LOADEND ISLAVE                                   0
                12:40:55:94  Start Input for Next Load Case
                12:40:55:94  case no=  325 seq. no=  17 idynl= 0
                12:40:55:95  LOADEND ISLAVE                                   0
                12:40:55:95  Start Input for Next Load Case
                12:40:55:96  case no=  332 seq. no=  18 idynl= 0
                12:40:55:96  LOADEND ISLAVE                                   0
                12:40:55:97  Start Input for Next Load Case
                12:40:55:97  case no=  333 seq. no=  19 idynl= 0
                12:40:55:97  LOADEND ISLAVE                                   0
                12:40:55:98  Start Input for Next Load Case
                12:40:55:98  case no=  334 seq. no=  20 idynl= 0
                12:40:55:99  LOADEND ISLAVE                                   0
                12:40:55:99  Start Input for Next Load Case
                12:40:56: 0  case no=  335 seq. no=  21 idynl= 0
                12:40:56: 0  LOADEND ISLAVE                                   0
                12:40:56: 1  Start Input for Next Load Case
                12:40:56: 1  case no=  411 seq. no=  22 idynl= 0
                12:40:56: 1  LOADEND ISLAVE                                   0
                12:40:56: 2  Start Input for Next Load Case
                12:40:56: 3  case no=  412 seq. no=  23 idynl= 0
                12:40:56: 3  LOADEND ISLAVE                                   0
                12:40:56: 4  Start Input for Next Load Case
                12:40:56: 4  case no=  413 seq. no=  24 idynl= 0
                12:40:56: 4  LOADEND ISLAVE                                   0
                12:40:56: 5  Start Input for Next Load Case
                12:40:56: 5  case no=  414 seq. no=  25 idynl= 0
                12:40:56: 6  LOADEND ISLAVE                                   0
                12:40:56: 6  Start Input for Next Load Case
                12:40:56: 7  case no=  415 seq. no=  26 idynl= 0
                12:40:56: 7  LOADEND ISLAVE                                   0
                12:40:56: 7  Start Input for Next Load Case
                12:40:56: 8  case no=  416 seq. no=  27 idynl= 0
                12:40:56: 8  LOADEND ISLAVE                                   0
                12:40:56: 9  Start Input for Next Load Case
                12:40:56: 9  case no=  417 seq. no=  28 idynl= 0
                12:40:56: 9  LOADEND ISLAVE                                   0
                12:40:56:10  Start Input for Next Load Case
                12:40:56:10  case no=  418 seq. no=  29 idynl= 0
                12:40:56:11  LOADEND ISLAVE                                   0
                12:40:56:11  Start Input for Next Load Case
                12:40:56:11  case no=  421 seq. no=  30 idynl= 0
                12:40:56:12  LOADEND ISLAVE                                   0
                12:40:56:12  Start Input for Next Load Case
                12:40:56:13  case no=  422 seq. no=  31 idynl= 0
                12:40:56:13  LOADEND ISLAVE                                   0
                12:40:56:14  Start Input for Next Load Case
                12:40:56:14  case no=  423 seq. no=  32 idynl= 0
                12:40:56:14  LOADEND ISLAVE                                   0
                12:40:56:15  Start Input for Next Load Case
                12:40:56:15  case no=  424 seq. no=  33 idynl= 0
                12:40:56:16  LOADEND ISLAVE                                   0
                12:40:56:16  Start Input for Next Load Case
                12:40:56:16  case no=  425 seq. no=  34 idynl= 0
                12:40:56:17  LOADEND ISLAVE                                   0
                12:40:56:17  Start Input for Next Load Case
                12:40:56:18  case no=  426 seq. no=  35 idynl= 0
                12:40:56:18  LOADEND ISLAVE                                   0
                12:40:56:18  Start Input for Next Load Case
                12:40:56:19  case no=  427 seq. no=  36 idynl= 0
                12:40:56:19  LOADEND ISLAVE                                   0
                12:40:56:20  Start Input for Next Load Case
                12:40:56:20  case no=  428 seq. no=  37 idynl= 0
                12:40:56:20  LOADEND ISLAVE                                   0
                12:40:56:21  Start Input for Next Load Case
                12:40:56:21  case no=  711 seq. no=  38 idynl= 0
                12:40:56:22  LOADEND ISLAVE                                   0
                12:40:56:22  Start Input for Next Load Case
                12:40:56:22  case no=  712 seq. no=  39 idynl= 0
                12:40:56:23  LOADEND ISLAVE                                   0
                12:40:56:23  Start Input for Next Load Case
                12:40:56:24  case no=  713 seq. no=  40 idynl= 0
                12:40:56:24  LOADEND ISLAVE                                   0
                12:40:56:24  Start Input for Next Load Case
                12:40:56:25  case no=  714 seq. no=  41 idynl= 0
                12:40:56:25  LOADEND ISLAVE                                   0
                12:40:56:26  Start Input for Next Load Case
                12:40:56:26  case no=  715 seq. no=  42 idynl= 0
                12:40:56:27  LOADEND ISLAVE                                   0
                12:40:56:27  Start Input for Next Load Case
                12:40:56:27  case no=  716 seq. no=  43 idynl= 0
                12:40:56:28  LOADEND ISLAVE                                   0
                12:40:56:28  Start Input for Next Load Case
                12:40:56:29  case no=  717 seq. no=  44 idynl= 0
                12:40:56:29  LOADEND ISLAVE                                   0
                12:40:56:30  Start Input for Next Load Case
                12:40:56:30  case no=  718 seq. no=  45 idynl= 0
                12:40:56:30  LOADEND ISLAVE                                   0
                12:40:56:31  Start Input for Next Load Case
                12:40:56:31  case no= 1101 seq. no=  46 idynl= 0
                12:40:56:32  LOADEND ISLAVE                                   0
                12:40:56:32  Start Input for Next Load Case
                12:40:56:33  case no= 1102 seq. no=  47 idynl= 0
                12:40:56:33  LOADEND ISLAVE                                   0
                12:40:56:33  Start Input for Next Load Case
                12:40:56:34  case no= 1103 seq. no=  48 idynl= 0
                12:40:56:34  LOADEND ISLAVE                                   0
                12:40:56:34  Start Input for Next Load Case
                12:40:56:35  case no= 1104 seq. no=  49 idynl= 0
                12:40:56:35  LOADEND ISLAVE                                   0
                12:40:56:36  Start Input for Next Load Case
                12:40:56:36  case no= 1105 seq. no=  50 idynl= 0
                12:40:56:37  LOADEND ISLAVE                                   0
                12:40:56:37  Start Input for Next Load Case
                12:40:56:37  case no= 1106 seq. no=  51 idynl= 0
                12:40:56:38  LOADEND ISLAVE                                   0
                12:40:56:38  Start Input for Next Load Case
                12:40:56:39  case no= 1107 seq. no=  52 idynl= 0
                12:40:56:39  LOADEND ISLAVE                                   0
                12:40:56:40  Start Input for Next Load Case
                12:40:56:40  case no= 1108 seq. no=  53 idynl= 0
                12:40:56:41  LOADEND ISLAVE                                   0
                12:40:56:41  Start Input for Next Load Case
                12:40:56:41  case no= 1201 seq. no=  54 idynl= 0
                12:40:56:42  LOADEND ISLAVE                                   0
                12:40:56:42  Start Input for Next Load Case
                12:40:56:43  case no= 1202 seq. no=  55 idynl= 0
                12:40:56:43  LOADEND ISLAVE                                   0
                12:40:56:43  Start Input for Next Load Case
                12:40:56:44  case no= 1203 seq. no=  56 idynl= 0
                12:40:56:44  LOADEND ISLAVE                                   0
                12:40:56:45  Start Input for Next Load Case
                12:40:56:45  case no= 1204 seq. no=  57 idynl= 0
                12:40:56:45  LOADEND ISLAVE                                   0
                12:40:56:46  Start Input for Next Load Case
                12:40:56:46  case no= 1205 seq. no=  58 idynl= 0
                12:40:56:47  LOADEND ISLAVE                                   0
                12:40:56:47  Start Input for Next Load Case
                12:40:56:47  case no= 1206 seq. no=  59 idynl= 0
                12:40:56:48  LOADEND ISLAVE                                   0
                12:40:56:48  Start Input for Next Load Case
                12:40:56:49  case no= 1207 seq. no=  60 idynl= 0
                12:40:56:49  LOADEND ISLAVE                                   0
                12:40:56:49  Start Input for Next Load Case
                12:40:56:50  case no= 1208 seq. no=  61 idynl= 0
                12:40:56:50  LOADEND ISLAVE                                   0
                12:40:56:51  Start Input for Next Load Case
                12:40:56:51  case no= 2101 seq. no=  62 idynl= 0
                12:40:56:51  LOADEND ISLAVE                                   0
                12:40:56:52  Start Input for Next Load Case
                12:40:56:52  case no= 2102 seq. no=  63 idynl= 0
                12:40:56:53  LOADEND ISLAVE                                   0
                12:40:56:53  Start Input for Next Load Case
                12:40:56:53  case no= 2103 seq. no=  64 idynl= 0
                12:40:56:54  LOADEND ISLAVE                                   0
                12:40:56:54  Start Input for Next Load Case
                12:40:56:54  case no= 2104 seq. no=  65 idynl= 0
                12:40:56:55  LOADEND ISLAVE                                   0
                12:40:56:55  Start Input for Next Load Case
                12:40:56:56  case no= 2105 seq. no=  66 idynl= 0
                12:40:56:56  LOADEND ISLAVE                                   0
                12:40:56:57  Start Input for Next Load Case
                12:40:56:57  case no= 2106 seq. no=  67 idynl= 0
                12:40:56:57  LOADEND ISLAVE                                   0
                12:40:56:58  Start Input for Next Load Case
                12:40:56:58  case no= 2107 seq. no=  68 idynl= 0
                12:40:56:59  LOADEND ISLAVE                                   0
                12:40:56:59  Start Input for Next Load Case
                12:40:56:59  case no= 2108 seq. no=  69 idynl= 0
                12:40:56:60  LOADEND ISLAVE                                   0
                12:40:56:60  Start Input for Next Load Case
                12:40:56:61  case no= 3001 seq. no=  70 idynl= 0
                12:40:56:61  LOADEND ISLAVE                                   0
                12:40:56:61  Start Input for Next Load Case
                12:40:56:62  case no= 3002 seq. no=  71 idynl= 0
                12:40:56:62  LOADEND ISLAVE                                   0
                12:40:56:63  Start Input for Next Load Case
                12:40:56:63  case no= 3003 seq. no=  72 idynl= 0
                12:40:56:63  LOADEND ISLAVE                                   0
                12:40:56:64  Start Input for Next Load Case
                12:40:56:64  case no= 3004 seq. no=  73 idynl= 0
                12:40:56:65  LOADEND ISLAVE                                   0
                12:40:56:65  Start Input for Next Load Case
                12:40:56:65  case no= 3005 seq. no=  74 idynl= 0
                12:40:56:66  LOADEND ISLAVE                                   0
                12:40:56:66  Start Input for Next Load Case
                12:40:56:67  case no= 3006 seq. no=  75 idynl= 0
                12:40:56:67  LOADEND ISLAVE                                   0
                12:40:56:67  Start Input for Next Load Case
                12:40:56:68  case no= 3007 seq. no=  76 idynl= 0
                12:40:56:68  LOADEND ISLAVE                                   0
                12:40:56:69  Start Input for Next Load Case
                12:40:56:69  case no= 3008 seq. no=  77 idynl= 0
                12:40:56:69  LOADEND ISLAVE                                   0
                12:40:56:70  Start Input for Next Load Case
                12:40:56:70  case no= 3011 seq. no=  78 idynl= 0
                12:40:56:71  LOADEND ISLAVE                                   0
                12:40:56:71  Start Input for Next Load Case
                12:40:56:71  case no= 3012 seq. no=  79 idynl= 0
                12:40:56:72  LOADEND ISLAVE                                   0
                12:40:56:72  Start Input for Next Load Case
                12:40:56:73  case no= 3013 seq. no=  80 idynl= 0
                12:40:56:73  LOADEND ISLAVE                                   0
                12:40:56:73  Start Input for Next Load Case
                12:40:56:74  case no= 3014 seq. no=  81 idynl= 0
                12:40:56:74  LOADEND ISLAVE                                   0
                12:40:56:75  Start Input for Next Load Case
                12:40:56:75  case no= 3015 seq. no=  82 idynl= 0
                12:40:56:75  LOADEND ISLAVE                                   0
                12:40:56:76  Start Input for Next Load Case
                12:40:56:76  case no= 3016 seq. no=  83 idynl= 0
                12:40:56:77  LOADEND ISLAVE                                   0
                12:40:56:77  Start Input for Next Load Case
                12:40:56:77  case no= 3017 seq. no=  84 idynl= 0
                12:40:56:78  LOADEND ISLAVE                                   0
                12:40:56:78  Start Input for Next Load Case
                12:40:56:79  case no= 3018 seq. no=  85 idynl= 0
                12:40:56:79  LOADEND ISLAVE                                   0
                12:40:56:79  Start Input for Next Load Case
                12:40:56:80  case no= 3021 seq. no=  86 idynl= 0
                12:40:56:80  LOADEND ISLAVE                                   0
                12:40:56:81  Start Input for Next Load Case
                12:40:56:81  case no= 3022 seq. no=  87 idynl= 0
                12:40:56:81  LOADEND ISLAVE                                   0
                12:40:56:82  Start Input for Next Load Case
                12:40:56:82  case no= 3023 seq. no=  88 idynl= 0
                12:40:56:83  LOADEND ISLAVE                                   0
                12:40:56:83  Start Input for Next Load Case
                12:40:56:83  case no= 3024 seq. no=  89 idynl= 0
                12:40:56:84  LOADEND ISLAVE                                   0
                12:40:56:84  Start Input for Next Load Case
                12:40:56:85  case no= 3025 seq. no=  90 idynl= 0
                12:40:56:85  LOADEND ISLAVE                                   0
                12:40:56:85  Start Input for Next Load Case
                12:40:56:86  case no= 3026 seq. no=  91 idynl= 0
                12:40:56:86  LOADEND ISLAVE                                   0
                12:40:56:87  Start Input for Next Load Case
                12:40:56:87  case no= 3027 seq. no=  92 idynl= 0
                12:40:56:87  LOADEND ISLAVE                                   0
                12:40:56:88  Start Input for Next Load Case
                12:40:56:88  case no= 3028 seq. no=  93 idynl= 0
                12:40:56:89  LOADEND ISLAVE                                   0
                12:40:56:89  Start Input for Next Load Case
                12:40:56:89  case no= 3201 seq. no=  94 idynl= 0
                12:40:56:90  LOADEND ISLAVE                                   0
                12:40:56:90  Start Input for Next Load Case
                12:40:56:91  case no= 3202 seq. no=  95 idynl= 0
                12:40:56:91  LOADEND ISLAVE                                   0
                12:40:56:91  Start Input for Next Load Case
                12:40:56:92  case no= 3203 seq. no=  96 idynl= 0
                12:40:56:92  LOADEND ISLAVE                                   0
                12:40:56:93  Start Input for Next Load Case
                12:40:56:93  case no= 3204 seq. no=  97 idynl= 0
                12:40:56:93  LOADEND ISLAVE                                   0
                12:40:56:94  Start Input for Next Load Case
                12:40:56:94  case no= 3205 seq. no=  98 idynl= 0
                12:40:56:95  LOADEND ISLAVE                                   0
                12:40:56:95  Start Input for Next Load Case
                12:40:56:96  case no= 3206 seq. no=  99 idynl= 0
                12:40:56:96  LOADEND ISLAVE                                   0
                12:40:56:96  Start Input for Next Load Case
                12:40:56:97  case no= 3207 seq. no= 100 idynl= 0
                12:40:56:97  LOADEND ISLAVE                                   0
                12:40:56:97  Start Input for Next Load Case
                12:40:56:98  case no= 3208 seq. no= 101 idynl= 0
                12:40:56:98  LOADEND ISLAVE                                   0
                12:40:56:99  NVPREV                                           0
                12:40:56:99  AMAXNON                               6.833989E-01
                12:40:56:99  IRECSIZL=                                     4000
                12:40:57: 0  MTX BLOCKSIZE=                                  96
                12:40:57: 0  MI=                                             96
                12:40:57: 1  NORECL=                                          1
                12:40:57: 1  NORECL1=                                         1
                12:40:57: 2  IWORD=                                       32000
                12:40:57: 2  JRECSIZE=                                     4000
                12:40:57: 2  IWORDJ=                                      32000
                12:40:57: 3  IBYTE=                                           4
                12:40:57: 3  JOINTS=                                         21
                12:40:57: 4  MEMBERS=                                        22
                12:40:57: 4  PLATES =                                         0
                12:40:57: 5  SOLIDS =                                         0
                12:40:57: 5  NO. OF EQUATIONS=                               96
                12:40:57: 6  idyn=                                            0
                12:40:57: 6  ipd=                                             0
                12:40:57: 7  icablanl=                                        0
                12:40:57: 7  ++ Processing Element Stiffness Matrix.
                12:40:57: 7  NV1                                            101
                12:40:57:19  ++ Calculating Element Forces & Reactions.
                12:40:57:65  COMBINATION CASES=                               0
                12:40:57:65  MAX CM MEMORY (KILOWORDS)                       38
                12:40:57:66  AFTER SOLVER 1
                12:40:57:67  REOPEN AS SEQ                                    0
                12:40:57:67  DEFINE ENVELOPE
                12:40:57:69  LOAD LIST 1101 TO 110
                12:40:57:69  PARAMETER 1
                12:40:57:70  CHECK CODE ALL
                12:40:57:70  ENTERING SECTNM110 IQ=                          22
                12:40:57:71               NSEC=                              11
                12:40:57:71             ISECTN=                               0
                12:40:57:74  SECTNM110 DO 925
                12:40:57:76  ENTERING ENVLP1 ITYP1=                          -3
                12:40:57:76  SECT DISPLACE
                12:40:57:80  Steel/Alum/Timber Design                        52
                12:40:57:89    ++ Finished Design ...
                12:40:57:89  Steel/Timber Design exit
                12:40:57:90  LOAD LIST 2101 TO 210
                12:40:57:90  PARAMETER 1
                12:40:57:92  CHECK CODE ALL
                12:40:57:92  ENTERING ENVLP1 ITYP1=                          -3
                12:40:57:92  SECT DISPLACE
                12:40:57:96  Steel/Alum/Timber Design                        52
                12:40:58: 1    ++ Finished Design ...
                12:40:58: 1  Steel/Timber Design exit
                12:40:58: 1  LOAD LIST ENV 4 TO 7
                12:40:58: 2  PARAMETER 1
                12:40:58: 3  CHECK CODE ALL
                12:40:58: 3  ENTERING ENVLP1 ITYP1=                          -3
                12:40:58: 4  SECT DISPLACE
                12:40:58: 7  Steel/Alum/Timber Design                        52
                12:40:58:24    ++ Finished Design ...
                12:40:58:25  Steel/Timber Design exit
                12:40:58:25  PRINT JOINT DISPLACEM
                12:40:58:27  DRAW ISOM JOIN MEMB
                12:40:58:27  ENTERING SECTNM110 IQ=                          22
                12:40:58:28               NSEC=                              11
                12:40:58:28             ISECTN=                               0
                12:40:58:31  SECTNM110 DO 925
                12:40:58:33  PRINT SUPPORT REACTIO
                12:40:58:34  DRAW ISOM SUPP PROP
                12:40:58:34  ENTERING SECTNM110 IQ=                          22
                12:40:58:35               NSEC=                              11
                12:40:58:35             ISECTN=                               0
                12:40:58:38  SECTNM110 DO 925
                12:40:58:40  DRAW ISOM SHAP
                12:40:58:41  ENTERING SECTNM110 IQ=                          22
                12:40:58:41               NSEC=                              11
                12:40:58:42             ISECTN=                               0
                12:40:58:44  SECTNM110 DO 925
                12:40:58:47  PRINT CG
                12:40:58:47  FINISH
                12:40:58:47  All Commands FINISHed
                12:40:58:48  DATASAVE for SPRO GUI
                12:40:58:48  ++ Creating Displacement File (DSP)...
                12:40:58:50  ++ Creating Reaction File (REA)...
                12:40:58:51  ++ Creating Section Force File (BMD)...
                12:40:58:54  ++ Creating Section Displace File (SEC)...
                12:40:58:54  ENTERING ENVLP1 ITYP1=                          -5
                12:40:58:55  SECT DISPLACE
                12:40:58:60  ++ Creating Section Displace File (SCN)...
                12:40:58:63  ++ Creating Design information File (DGN)...
                12:40:58:64  ALLOCATED CM MEMORY (KILOWORDS)             300000
                12:40:58:64  MAX CM MEMORY (KILOWORDS)                      114
                12:40:58:65  DBS LONG SEC NAME
* End Of Analysis At Thu Jul 11 12:40:58 2024
* CPU usage = 3.482000
* STAAD Exit Code: 100, Warning Count: 0, Error Count: 0, Duration: 3.482
1 0 0 3.482
****************************************************************************
*                            END OF ANALYSIS                               *
****************************************************************************
