07/11/2024 12:40:41	Reading UID database.
07/11/2024 12:40:41	Start loading STAAD model.
07/11/2024 12:40:41	Reading model file.
07/11/2024 12:40:41	Reading model file is complete.
07/11/2024 12:40:41	Processing support.
07/11/2024 12:40:41	Processing springs.
07/11/2024 12:40:41	Processing properties.
07/11/2024 12:40:41	Processing physical properties.
07/11/2024 12:40:41	Processing constants.
07/11/2024 12:40:41	Processing BETA constants.
07/11/2024 12:40:41	Processing hidden analytical member loads.
07/11/2024 12:40:41	Processing command list for member release.
07/11/2024 12:40:41	Processing command list for member offset.
07/11/2024 12:40:41	Processing command list for member specs (cracked).
07/11/2024 12:40:41	Processing command list for member specs (axial).
07/11/2024 12:40:41	Processing command list for element release.
07/11/2024 12:40:41	Processing command list for element offset.
07/11/2024 12:40:41	Processing command list for element plate stress directive.
07/11/2024 12:40:41	Processing parameter for Chinese wind load case.
07/11/2024 12:40:41	End Processing command list.
07/11/2024 12:40:41	End loading STAAD model.
07/11/2024 12:40:41	Start Post Analysis method
07/11/2024 12:40:41	Removed all hidden plates from surfaces
07/11/2024 12:40:41	Removed all hidden plates
07/11/2024 12:40:41	Removed all hidden nodes
07/11/2024 12:40:41	Loading results from MSH file...
07/11/2024 12:40:41	Building result indices...
07/11/2024 12:40:41	Loading plate stress results...
07/11/2024 12:40:41	Set analysis report setup data
07/11/2024 12:40:41	Starting page setup...
07/11/2024 12:40:41	Page setup completed
07/11/2024 12:40:41	Setting available workflows...
07/11/2024 12:40:41	Post analysis method ends
07/11/2024 12:41:00	Start Post Analysis method
07/11/2024 12:41:00	Removed all hidden plates from surfaces
07/11/2024 12:41:00	Removed all hidden plates
07/11/2024 12:41:00	Removed all hidden nodes
07/11/2024 12:41:00	Loading results from MSH file...
07/11/2024 12:41:00	Building result indices...
07/11/2024 12:41:00	Loading plate stress results...
07/11/2024 12:41:00	Set analysis report setup data
07/11/2024 12:41:00	Starting page setup...
07/11/2024 12:41:00	Page setup completed
07/11/2024 12:41:00	Setting available workflows...
07/11/2024 12:41:00	Post analysis method ends
