08/06/2024 18:49:46	Reading UID database.
08/06/2024 18:49:46	Start loading STAAD model.
08/06/2024 18:49:46	Reading model file.
08/06/2024 18:49:47	Reading model file is complete.
08/06/2024 18:49:47	Processing support.
08/06/2024 18:49:47	Processing springs.
08/06/2024 18:49:47	Processing properties.
08/06/2024 18:49:47	Processing physical properties.
08/06/2024 18:49:47	Processing constants.
08/06/2024 18:49:47	Processing BETA constants.
08/06/2024 18:49:47	Processing hidden analytical member loads.
08/06/2024 18:49:47	Processing command list for member release.
08/06/2024 18:49:47	Processing command list for member offset.
08/06/2024 18:49:47	Processing command list for member specs (cracked).
08/06/2024 18:49:47	Processing command list for member specs (axial).
08/06/2024 18:49:47	Processing command list for element release.
08/06/2024 18:49:47	Processing command list for element offset.
08/06/2024 18:49:47	Processing command list for element plate stress directive.
08/06/2024 18:49:47	Processing parameter for Chinese wind load case.
08/06/2024 18:49:47	End Processing command list.
08/06/2024 18:49:47	End loading STAAD model.
08/06/2024 18:49:47	Start Post Analysis method
08/06/2024 18:49:47	Removed all hidden plates from surfaces
08/06/2024 18:49:47	Removed all hidden plates
08/06/2024 18:49:47	Removed all hidden nodes
08/06/2024 18:49:47	Loading results from MSH file...
08/06/2024 18:49:47	Building result indices...
08/06/2024 18:49:47	Loading plate stress results...
08/06/2024 18:49:47	Set analysis report setup data
08/06/2024 18:49:47	Starting page setup...
08/06/2024 18:49:47	Page setup completed
08/06/2024 18:49:47	Setting available workflows...
08/06/2024 18:49:47	Post analysis method ends
