07/08/2024 10:50:23	Reading UID database.
07/08/2024 10:50:23	Start loading STAAD model.
07/08/2024 10:50:23	Reading model file.
07/08/2024 10:50:23	Reading model file is complete.
07/08/2024 10:50:23	Processing support.
07/08/2024 10:50:23	Processing springs.
07/08/2024 10:50:23	Processing properties.
07/08/2024 10:50:23	Processing physical properties.
07/08/2024 10:50:23	Processing constants.
07/08/2024 10:50:23	Processing BETA constants.
07/08/2024 10:50:23	Processing hidden analytical member loads.
07/08/2024 10:50:23	Processing command list for member release.
07/08/2024 10:50:23	Processing command list for member offset.
07/08/2024 10:50:23	Processing command list for member specs (cracked).
07/08/2024 10:50:23	Processing command list for member specs (axial).
07/08/2024 10:50:23	Processing command list for element release.
07/08/2024 10:50:23	Processing command list for element offset.
07/08/2024 10:50:23	Processing command list for element plate stress directive.
07/08/2024 10:50:23	Processing parameter for Chinese wind load case.
07/08/2024 10:50:23	End Processing command list.
07/08/2024 10:50:23	End loading STAAD model.
07/08/2024 10:50:23	Start Post Analysis method
07/08/2024 10:50:23	Removed all hidden plates from surfaces
07/08/2024 10:50:23	Removed all hidden plates
07/08/2024 10:50:23	Removed all hidden nodes
07/08/2024 10:50:23	Loading results from MSH file...
07/08/2024 10:50:24	Building result indices...
07/08/2024 10:50:24	Loading plate stress results...
07/08/2024 10:50:24	Set analysis report setup data
07/08/2024 10:50:24	Starting page setup...
07/08/2024 10:50:24	Page setup completed
07/08/2024 10:50:24	Setting available workflows...
07/08/2024 10:50:24	Post analysis method ends
