07/08/2024 10:30:02	Reading UID database.
07/08/2024 10:30:02	Start loading STAAD model.
07/08/2024 10:30:02	Reading model file.
07/08/2024 10:30:02	Reading model file is complete.
07/08/2024 10:30:02	Processing support.
07/08/2024 10:30:02	Processing springs.
07/08/2024 10:30:02	Processing properties.
07/08/2024 10:30:02	Processing physical properties.
07/08/2024 10:30:02	Processing constants.
07/08/2024 10:30:02	Processing BETA constants.
07/08/2024 10:30:02	Processing hidden analytical member loads.
07/08/2024 10:30:02	Processing command list for member release.
07/08/2024 10:30:02	Processing command list for member offset.
07/08/2024 10:30:02	Processing command list for member specs (cracked).
07/08/2024 10:30:02	Processing command list for member specs (axial).
07/08/2024 10:30:02	Processing command list for element release.
07/08/2024 10:30:02	Processing command list for element offset.
07/08/2024 10:30:02	Processing command list for element plate stress directive.
07/08/2024 10:30:02	Processing parameter for Chinese wind load case.
07/08/2024 10:30:02	End Processing command list.
07/08/2024 10:30:02	End loading STAAD model.
07/08/2024 10:30:02	Start Post Analysis method
07/08/2024 10:30:02	Removed all hidden plates from surfaces
07/08/2024 10:30:02	Removed all hidden plates
07/08/2024 10:30:02	Removed all hidden nodes
07/08/2024 10:30:02	Loading results from MSH file...
07/08/2024 10:30:02	Building result indices...
07/08/2024 10:30:02	Loading plate stress results...
07/08/2024 10:30:02	Set analysis report setup data
07/08/2024 10:30:02	Starting page setup...
07/08/2024 10:30:02	Page setup completed
07/08/2024 10:30:02	Setting available workflows...
07/08/2024 10:30:02	Post analysis method ends
07/08/2024 10:35:29	Reading UID database.
07/08/2024 10:35:29	Start loading STAAD model.
07/08/2024 10:35:29	Reading model file.
07/08/2024 10:35:29	Reading model file is complete.
07/08/2024 10:35:29	Processing support.
07/08/2024 10:35:29	Processing springs.
07/08/2024 10:35:29	Processing properties.
07/08/2024 10:35:29	Processing physical properties.
07/08/2024 10:35:29	Processing constants.
07/08/2024 10:35:29	Processing BETA constants.
07/08/2024 10:35:29	Processing hidden analytical member loads.
07/08/2024 10:35:29	Processing command list for member release.
07/08/2024 10:35:29	Processing command list for member offset.
07/08/2024 10:35:29	Processing command list for member specs (cracked).
07/08/2024 10:35:29	Processing command list for member specs (axial).
07/08/2024 10:35:29	Processing command list for element release.
07/08/2024 10:35:29	Processing command list for element offset.
07/08/2024 10:35:29	Processing command list for element plate stress directive.
07/08/2024 10:35:29	Processing parameter for Chinese wind load case.
07/08/2024 10:35:29	End Processing command list.
07/08/2024 10:35:29	End loading STAAD model.
07/08/2024 10:35:29	Start Post Analysis method
07/08/2024 10:35:29	Removed all hidden plates from surfaces
07/08/2024 10:35:29	Removed all hidden plates
07/08/2024 10:35:29	Removed all hidden nodes
07/08/2024 10:35:29	Loading results from MSH file...
07/08/2024 10:35:29	Building result indices...
07/08/2024 10:35:29	Loading plate stress results...
07/08/2024 10:35:29	Set analysis report setup data
07/08/2024 10:35:29	Starting page setup...
07/08/2024 10:35:29	Page setup completed
07/08/2024 10:35:29	Setting available workflows...
07/08/2024 10:35:29	Post analysis method ends
07/08/2024 10:38:02	Start Post Analysis method
07/08/2024 10:38:02	Removed all hidden plates from surfaces
07/08/2024 10:38:02	Removed all hidden plates
07/08/2024 10:38:02	Removed all hidden nodes
07/08/2024 10:38:02	Loading results from MSH file...
07/08/2024 10:38:02	Building result indices...
07/08/2024 10:38:02	Loading plate stress results...
07/08/2024 10:38:02	Set analysis report setup data
07/08/2024 10:38:02	Starting page setup...
07/08/2024 10:38:02	Page setup completed
07/08/2024 10:38:02	Setting available workflows...
07/08/2024 10:38:02	Post analysis method ends
07/08/2024 10:49:50	Start Post Analysis method
07/08/2024 10:49:50	Removed all hidden plates from surfaces
07/08/2024 10:49:50	Removed all hidden plates
07/08/2024 10:49:50	Removed all hidden nodes
07/08/2024 10:49:50	Loading results from MSH file...
07/08/2024 10:49:50	Building result indices...
07/08/2024 10:49:50	Loading plate stress results...
07/08/2024 10:49:50	Set analysis report setup data
07/08/2024 10:49:50	Starting page setup...
07/08/2024 10:49:50	Page setup completed
07/08/2024 10:49:50	Setting available workflows...
07/08/2024 10:49:50	Post analysis method ends
