07/11/2024 13:53:12	Reading UID database.
07/11/2024 13:53:12	Start loading STAAD model.
07/11/2024 13:53:12	Reading model file.
07/11/2024 13:53:12	Reading model file is complete.
07/11/2024 13:53:12	Processing support.
07/11/2024 13:53:12	Processing springs.
07/11/2024 13:53:12	Processing properties.
07/11/2024 13:53:12	Processing physical properties.
07/11/2024 13:53:12	Processing constants.
07/11/2024 13:53:12	Processing BETA constants.
07/11/2024 13:53:12	Processing hidden analytical member loads.
07/11/2024 13:53:12	Processing command list for member release.
07/11/2024 13:53:12	Processing command list for member offset.
07/11/2024 13:53:12	Processing command list for member specs (cracked).
07/11/2024 13:53:12	Processing command list for member specs (axial).
07/11/2024 13:53:12	Processing command list for element release.
07/11/2024 13:53:12	Processing command list for element offset.
07/11/2024 13:53:12	Processing command list for element plate stress directive.
07/11/2024 13:53:12	Processing parameter for Chinese wind load case.
07/11/2024 13:53:12	End Processing command list.
07/11/2024 13:53:12	End loading STAAD model.
07/11/2024 13:53:12	Start Post Analysis method
07/11/2024 13:53:12	Removed all hidden plates from surfaces
07/11/2024 13:53:13	Removed all hidden plates
07/11/2024 13:53:13	Removed all hidden nodes
07/11/2024 13:53:13	Loading results from MSH file...
07/11/2024 13:53:13	Building result indices...
07/11/2024 13:53:13	Loading plate stress results...
07/11/2024 13:53:13	Set analysis report setup data
07/11/2024 13:53:13	Starting page setup...
07/11/2024 13:53:13	Page setup completed
07/11/2024 13:53:13	Setting available workflows...
07/11/2024 13:53:13	Post analysis method ends
07/11/2024 13:53:25	Start Post Analysis method
07/11/2024 13:53:25	Removed all hidden plates from surfaces
07/11/2024 13:53:25	Removed all hidden plates
07/11/2024 13:53:25	Removed all hidden nodes
07/11/2024 13:53:25	Loading results from MSH file...
07/11/2024 13:53:25	Building result indices...
07/11/2024 13:53:25	Loading plate stress results...
07/11/2024 13:53:25	Set analysis report setup data
07/11/2024 13:53:25	Starting page setup...
07/11/2024 13:53:25	Page setup completed
07/11/2024 13:53:25	Setting available workflows...
07/11/2024 13:53:25	Post analysis method ends
