07/26/2024 14:36:56	Reading UID database.
07/26/2024 14:36:56	Start loading STAAD model.
07/26/2024 14:36:56	Reading model file.
07/26/2024 14:36:56	Reading model file is complete.
07/26/2024 14:36:56	Processing support.
07/26/2024 14:36:56	Processing springs.
07/26/2024 14:36:56	Processing properties.
07/26/2024 14:36:56	Processing physical properties.
07/26/2024 14:36:56	Processing constants.
07/26/2024 14:36:56	Processing BETA constants.
07/26/2024 14:36:56	Processing hidden analytical member loads.
07/26/2024 14:36:56	Processing command list for member release.
07/26/2024 14:36:56	Processing command list for member offset.
07/26/2024 14:36:56	Processing command list for member specs (cracked).
07/26/2024 14:36:56	Processing command list for member specs (axial).
07/26/2024 14:36:56	Processing command list for element release.
07/26/2024 14:36:56	Processing command list for element offset.
07/26/2024 14:36:56	Processing command list for element plate stress directive.
07/26/2024 14:36:56	Processing parameter for Chinese wind load case.
07/26/2024 14:36:56	End Processing command list.
07/26/2024 14:36:56	End loading STAAD model.
07/26/2024 14:36:57	Start Post Analysis method
07/26/2024 14:36:57	Removed all hidden plates from surfaces
07/26/2024 14:36:57	Removed all hidden plates
07/26/2024 14:36:57	Removed all hidden nodes
07/26/2024 14:36:57	Loading results from MSH file...
07/26/2024 14:36:57	Building result indices...
07/26/2024 14:36:57	Loading plate stress results...
07/26/2024 14:36:57	Set analysis report setup data
07/26/2024 14:36:57	Starting page setup...
07/26/2024 14:36:57	Page setup completed
07/26/2024 14:36:57	Setting available workflows...
07/26/2024 14:36:57	Post analysis method ends
07/26/2024 14:40:00	Reading UID database.
07/26/2024 14:40:00	Start loading STAAD model.
07/26/2024 14:40:00	Reading model file.
07/26/2024 14:40:00	Reading model file is complete.
07/26/2024 14:40:00	Processing support.
07/26/2024 14:40:00	Processing springs.
07/26/2024 14:40:00	Processing properties.
07/26/2024 14:40:00	Processing physical properties.
07/26/2024 14:40:00	Processing constants.
07/26/2024 14:40:00	Processing BETA constants.
07/26/2024 14:40:00	Processing hidden analytical member loads.
07/26/2024 14:40:00	Processing command list for member release.
07/26/2024 14:40:00	Processing command list for member offset.
07/26/2024 14:40:00	Processing command list for member specs (cracked).
07/26/2024 14:40:00	Processing command list for member specs (axial).
07/26/2024 14:40:00	Processing command list for element release.
07/26/2024 14:40:00	Processing command list for element offset.
07/26/2024 14:40:00	Processing command list for element plate stress directive.
07/26/2024 14:40:00	Processing parameter for Chinese wind load case.
07/26/2024 14:40:00	End Processing command list.
07/26/2024 14:40:02	End loading STAAD model.
07/26/2024 14:40:26	Start Post Analysis method
07/26/2024 14:40:26	Removed all hidden plates from surfaces
07/26/2024 14:40:26	Removed all hidden plates
07/26/2024 14:40:26	Removed all hidden nodes
07/26/2024 14:40:26	Loading results from MSH file...
07/26/2024 14:40:26	Building result indices...
07/26/2024 14:40:26	Loading plate stress results...
07/26/2024 14:40:26	Set analysis report setup data
07/26/2024 14:40:26	Starting page setup...
07/26/2024 14:40:26	Page setup completed
07/26/2024 14:40:26	Setting available workflows...
07/26/2024 14:40:26	Post analysis method ends
07/26/2024 14:47:43	Reading UID database.
07/26/2024 14:47:43	Start loading STAAD model.
07/26/2024 14:47:43	Reading model file.
07/26/2024 14:47:43	Reading model file is complete.
07/26/2024 14:47:43	Processing support.
07/26/2024 14:47:43	Processing springs.
07/26/2024 14:47:43	Processing properties.
07/26/2024 14:47:43	Processing physical properties.
07/26/2024 14:47:43	Processing constants.
07/26/2024 14:47:43	Processing BETA constants.
07/26/2024 14:47:43	Processing hidden analytical member loads.
07/26/2024 14:47:43	Processing command list for member release.
07/26/2024 14:47:43	Processing command list for member offset.
07/26/2024 14:47:43	Processing command list for member specs (cracked).
07/26/2024 14:47:43	Processing command list for member specs (axial).
07/26/2024 14:47:43	Processing command list for element release.
07/26/2024 14:47:43	Processing command list for element offset.
07/26/2024 14:47:43	Processing command list for element plate stress directive.
07/26/2024 14:47:43	Processing parameter for Chinese wind load case.
07/26/2024 14:47:43	End Processing command list.
07/26/2024 14:47:43	End loading STAAD model.
07/26/2024 14:47:43	Start Post Analysis method
07/26/2024 14:47:43	Removed all hidden plates from surfaces
07/26/2024 14:47:43	Removed all hidden plates
07/26/2024 14:47:43	Removed all hidden nodes
07/26/2024 14:47:43	Loading results from MSH file...
07/26/2024 14:47:43	Building result indices...
07/26/2024 14:47:43	Loading plate stress results...
07/26/2024 14:47:43	Set analysis report setup data
07/26/2024 14:47:43	Starting page setup...
07/26/2024 14:47:43	Page setup completed
07/26/2024 14:47:43	Setting available workflows...
07/26/2024 14:47:43	Post analysis method ends
07/26/2024 14:48:21	Start Post Analysis method
07/26/2024 14:48:21	Removed all hidden plates from surfaces
07/26/2024 14:48:21	Removed all hidden plates
07/26/2024 14:48:21	Removed all hidden nodes
07/26/2024 14:48:21	Loading results from MSH file...
07/26/2024 14:48:21	Building result indices...
07/26/2024 14:48:21	Loading plate stress results...
07/26/2024 14:48:21	Set analysis report setup data
07/26/2024 14:48:21	Starting page setup...
07/26/2024 14:48:21	Page setup completed
07/26/2024 14:48:21	Setting available workflows...
07/26/2024 14:48:21	Post analysis method ends
07/26/2024 14:48:48	Start Post Analysis method
07/26/2024 14:48:48	Removed all hidden plates from surfaces
07/26/2024 14:48:48	Removed all hidden plates
07/26/2024 14:48:48	Removed all hidden nodes
07/26/2024 14:48:48	Loading results from MSH file...
07/26/2024 14:48:48	Building result indices...
07/26/2024 14:48:48	Loading plate stress results...
07/26/2024 14:48:48	Set analysis report setup data
07/26/2024 14:48:48	Starting page setup...
07/26/2024 14:48:48	Page setup completed
07/26/2024 14:48:48	Setting available workflows...
07/26/2024 14:48:48	Post analysis method ends
