14:48:42	Initializing STAAD Engine
14:48:42	Run stream set up is complete.
14:48:42	Initialize license libraries.
14:48:42	License libraries initialized.
14:48:42	Starting license(s) for A & D engine.
14:48:43	License Status: Ok
14:48:43	License information set up is complete.
****************************************************************************
*                            START OF ANALYSIS                             *
****************************************************************************
* Initiating Analysis At Fri Jul 26 14:48:43 2024
                          PROGRAM: STAAD.Pro
                          VERSION: 23.00.01.25
                14:48:43:69  ENTERING STAAD
                14:48:43:69  USING 64 BIT STAAD ENGINE
                14:48:43:70  ENTERING MAINN
                14:48:43:71  START JOB INFORMATION
                14:48:43:71  INPUT WIDTH 79
                14:48:43:72  UNIT MMS KN
                14:48:43:72  JOINT COORDINATES
                14:48:43:73  ENTERING JOINTC
                14:48:43:73  JOINTC NEWJ                                 400000
                14:48:43:74  MAX NODE NO.                                     6
                14:48:43:74  MEMBER INCIDENCES
                14:48:43:75  UNIT METER KN
                14:48:43:75  DEFINE MATERIAL START
                14:48:43:75  UNIT MMS KN
                14:48:43:75  MEMBER PROPERTY EUROP
                14:48:43:88    ++ Finished Reading Member Properties ...
                14:48:43:88  CONSTANTS
                14:48:43:89  SUPPORTS
                14:48:43:89  ENTERING SUPPORT
                14:48:43:90  UNIT METER KN
                14:48:43:90  DEFINE WIND LOAD
                14:48:43:90  LOAD 121 LOADTYPE DEA
                14:48:43:90  DUPLICATE ELEMENT CHECK
                14:48:43:90  CHECKING STRUCTURAL INTEGRITY
                14:48:43:92  CHECK UNCONNECTED JOINTS AND
                14:48:43:93  CALCULATE MAX JOINT CONNECTIVITY
                14:48:43:93  CHECK MULTIPLE STRUCTURES
                14:48:43:94  STRUCTURE IS DISJOINTED
                14:48:43:94  STRUCTURE IS DISJOINTED
                14:48:43:95  ENTERING SUPPORT
                14:48:43:95  NRJOLD                                           0
                14:48:43:96  SUPPORT NOLD                                     0
                14:48:43:96  SUPPORT N                                       24
                14:48:43:96  BEFORE LOADPR
                14:48:43:97  REOPEN AS DIR                                    0
                14:48:43:98  ENTER LOADPR
                14:48:44:12  PERFORM ANALYSIS PRIN
                14:48:44:12  pdel iter                                        0
                14:48:44:14  MAXIMUM E =                           2.973273E+04
                14:48:44:14  MINIMUM E =                           2.973273E+04
                14:48:44:15  MBW DOF BAND=                                    1
                14:48:44:15  NUMBER OF PRIMARY CASES                        101
                14:48:44:16  NUMBER OF CASES                                252
                14:48:44:16  #OF CASES W/ELEM INMEMORY                      252
                14:48:44:17  MEMORY FOR MEMBER LOADS                      12096
                14:48:44:18  MEMORY FOR MEMBER FORCES                     12096
                14:48:44:18  Using 64-bit analysis engine
                14:48:44:18  BEFORE SOLVER 1
                14:48:44:19  Start Input for Next Load Case
                14:48:44:20  case no=  121 seq. no=   1 idynl= 0
                14:48:44:20  MASSSET                                          0
                14:48:44:20  LOADEND ISLAVE                                   0
                14:48:44:20  Start Input for Next Load Case
                14:48:44:20  case no=  201 seq. no=   2 idynl= 0
                14:48:44:22  LOADEND ISLAVE                                   0
                14:48:44:23  Start Input for Next Load Case
                14:48:44:23  case no=  202 seq. no=   3 idynl= 0
                14:48:44:24  LOADEND ISLAVE                                   0
                14:48:44:24  Start Input for Next Load Case
                14:48:44:25  case no=  203 seq. no=   4 idynl= 0
                14:48:44:25  LOADEND ISLAVE                                   0
                14:48:44:25  Start Input for Next Load Case
                14:48:44:25  case no=  204 seq. no=   5 idynl= 0
                14:48:44:25  LOADEND ISLAVE                                   0
                14:48:44:25  Start Input for Next Load Case
                14:48:44:27  case no=  205 seq. no=   6 idynl= 0
                14:48:44:28  LOADEND ISLAVE                                   0
                14:48:44:28  Start Input for Next Load Case
                14:48:44:29  case no=  206 seq. no=   7 idynl= 0
                14:48:44:29  LOADEND ISLAVE                                   0
                14:48:44:30  Start Input for Next Load Case
                14:48:44:30  case no=  207 seq. no=   8 idynl= 0
                14:48:44:31  LOADEND ISLAVE                                   0
                14:48:44:31  Start Input for Next Load Case
                14:48:44:32  case no=  208 seq. no=   9 idynl= 0
                14:48:44:32  LOADEND ISLAVE                                   0
                14:48:44:32  Start Input for Next Load Case
                14:48:44:33  case no=  312 seq. no=  10 idynl= 0
                14:48:44:33  LOADEND ISLAVE                                   0
                14:48:44:34  Start Input for Next Load Case
                14:48:44:34  case no=  313 seq. no=  11 idynl= 0
                14:48:44:35  LOADEND ISLAVE                                   0
                14:48:44:35  Start Input for Next Load Case
                14:48:44:36  case no=  314 seq. no=  12 idynl= 0
                14:48:44:36  LOADEND ISLAVE                                   0
                14:48:44:37  Start Input for Next Load Case
                14:48:44:37  case no=  315 seq. no=  13 idynl= 0
                14:48:44:37  LOADEND ISLAVE                                   0
                14:48:44:37  Start Input for Next Load Case
                14:48:44:37  case no=  322 seq. no=  14 idynl= 0
                14:48:44:37  LOADEND ISLAVE                                   0
                14:48:44:39  Start Input for Next Load Case
                14:48:44:40  case no=  323 seq. no=  15 idynl= 0
                14:48:44:40  LOADEND ISLAVE                                   0
                14:48:44:40  Start Input for Next Load Case
                14:48:44:41  case no=  324 seq. no=  16 idynl= 0
                14:48:44:41  LOADEND ISLAVE                                   0
                14:48:44:42  Start Input for Next Load Case
                14:48:44:42  case no=  325 seq. no=  17 idynl= 0
                14:48:44:42  LOADEND ISLAVE                                   0
                14:48:44:43  Start Input for Next Load Case
                14:48:44:43  case no=  332 seq. no=  18 idynl= 0
                14:48:44:44  LOADEND ISLAVE                                   0
                14:48:44:44  Start Input for Next Load Case
                14:48:44:45  case no=  333 seq. no=  19 idynl= 0
                14:48:44:45  LOADEND ISLAVE                                   0
                14:48:44:45  Start Input for Next Load Case
                14:48:44:46  case no=  334 seq. no=  20 idynl= 0
                14:48:44:46  LOADEND ISLAVE                                   0
                14:48:44:47  Start Input for Next Load Case
                14:48:44:47  case no=  335 seq. no=  21 idynl= 0
                14:48:44:47  LOADEND ISLAVE                                   0
                14:48:44:48  Start Input for Next Load Case
                14:48:44:48  case no=  411 seq. no=  22 idynl= 0
                14:48:44:49  LOADEND ISLAVE                                   0
                14:48:44:49  Start Input for Next Load Case
                14:48:44:50  case no=  412 seq. no=  23 idynl= 0
                14:48:44:50  LOADEND ISLAVE                                   0
                14:48:44:51  Start Input for Next Load Case
                14:48:44:51  case no=  413 seq. no=  24 idynl= 0
                14:48:44:51  LOADEND ISLAVE                                   0
                14:48:44:52  Start Input for Next Load Case
                14:48:44:52  case no=  414 seq. no=  25 idynl= 0
                14:48:44:53  LOADEND ISLAVE                                   0
                14:48:44:53  Start Input for Next Load Case
                14:48:44:53  case no=  415 seq. no=  26 idynl= 0
                14:48:44:54  LOADEND ISLAVE                                   0
                14:48:44:54  Start Input for Next Load Case
                14:48:44:54  case no=  416 seq. no=  27 idynl= 0
                14:48:44:55  LOADEND ISLAVE                                   0
                14:48:44:55  Start Input for Next Load Case
                14:48:44:55  case no=  417 seq. no=  28 idynl= 0
                14:48:44:56  LOADEND ISLAVE                                   0
                14:48:44:56  Start Input for Next Load Case
                14:48:44:57  case no=  418 seq. no=  29 idynl= 0
                14:48:44:58  LOADEND ISLAVE                                   0
                14:48:44:58  Start Input for Next Load Case
                14:48:44:59  case no=  421 seq. no=  30 idynl= 0
                14:48:44:59  LOADEND ISLAVE                                   0
                14:48:44:60  Start Input for Next Load Case
                14:48:44:60  case no=  422 seq. no=  31 idynl= 0
                14:48:44:61  LOADEND ISLAVE                                   0
                14:48:44:61  Start Input for Next Load Case
                14:48:44:62  case no=  423 seq. no=  32 idynl= 0
                14:48:44:62  LOADEND ISLAVE                                   0
                14:48:44:62  Start Input for Next Load Case
                14:48:44:63  case no=  424 seq. no=  33 idynl= 0
                14:48:44:64  LOADEND ISLAVE                                   0
                14:48:44:64  Start Input for Next Load Case
                14:48:44:65  case no=  425 seq. no=  34 idynl= 0
                14:48:44:65  LOADEND ISLAVE                                   0
                14:48:44:66  Start Input for Next Load Case
                14:48:44:66  case no=  426 seq. no=  35 idynl= 0
                14:48:44:67  LOADEND ISLAVE                                   0
                14:48:44:67  Start Input for Next Load Case
                14:48:44:68  case no=  427 seq. no=  36 idynl= 0
                14:48:44:68  LOADEND ISLAVE                                   0
                14:48:44:69  Start Input for Next Load Case
                14:48:44:69  case no=  428 seq. no=  37 idynl= 0
                14:48:44:70  LOADEND ISLAVE                                   0
                14:48:44:70  Start Input for Next Load Case
                14:48:44:70  case no=  711 seq. no=  38 idynl= 0
                14:48:44:71  LOADEND ISLAVE                                   0
                14:48:44:71  Start Input for Next Load Case
                14:48:44:72  case no=  712 seq. no=  39 idynl= 0
                14:48:44:72  LOADEND ISLAVE                                   0
                14:48:44:73  Start Input for Next Load Case
                14:48:44:73  case no=  713 seq. no=  40 idynl= 0
                14:48:44:74  LOADEND ISLAVE                                   0
                14:48:44:74  Start Input for Next Load Case
                14:48:44:75  case no=  714 seq. no=  41 idynl= 0
                14:48:44:75  LOADEND ISLAVE                                   0
                14:48:44:75  Start Input for Next Load Case
                14:48:44:76  case no=  715 seq. no=  42 idynl= 0
                14:48:44:76  LOADEND ISLAVE                                   0
                14:48:44:77  Start Input for Next Load Case
                14:48:44:78  case no=  716 seq. no=  43 idynl= 0
                14:48:44:78  LOADEND ISLAVE                                   0
                14:48:44:79  Start Input for Next Load Case
                14:48:44:80  case no=  717 seq. no=  44 idynl= 0
                14:48:44:81  LOADEND ISLAVE                                   0
                14:48:44:82  Start Input for Next Load Case
                14:48:44:82  case no=  718 seq. no=  45 idynl= 0
                14:48:44:83  LOADEND ISLAVE                                   0
                14:48:44:83  Start Input for Next Load Case
                14:48:44:84  case no= 1101 seq. no=  46 idynl= 0
                14:48:44:84  LOADEND ISLAVE                                   0
                14:48:44:85  Start Input for Next Load Case
                14:48:44:85  case no= 1102 seq. no=  47 idynl= 0
                14:48:44:86  LOADEND ISLAVE                                   0
                14:48:44:86  Start Input for Next Load Case
                14:48:44:87  case no= 1103 seq. no=  48 idynl= 0
                14:48:44:87  LOADEND ISLAVE                                   0
                14:48:44:88  Start Input for Next Load Case
                14:48:44:88  case no= 1104 seq. no=  49 idynl= 0
                14:48:44:89  LOADEND ISLAVE                                   0
                14:48:44:89  Start Input for Next Load Case
                14:48:44:90  case no= 1105 seq. no=  50 idynl= 0
                14:48:44:90  LOADEND ISLAVE                                   0
                14:48:44:91  Start Input for Next Load Case
                14:48:44:91  case no= 1106 seq. no=  51 idynl= 0
                14:48:44:92  LOADEND ISLAVE                                   0
                14:48:44:92  Start Input for Next Load Case
                14:48:44:93  case no= 1107 seq. no=  52 idynl= 0
                14:48:44:93  LOADEND ISLAVE                                   0
                14:48:44:94  Start Input for Next Load Case
                14:48:44:94  case no= 1108 seq. no=  53 idynl= 0
                14:48:44:95  LOADEND ISLAVE                                   0
                14:48:44:95  Start Input for Next Load Case
                14:48:44:96  case no= 1201 seq. no=  54 idynl= 0
                14:48:44:96  LOADEND ISLAVE                                   0
                14:48:44:97  Start Input for Next Load Case
                14:48:44:97  case no= 1202 seq. no=  55 idynl= 0
                14:48:44:98  LOADEND ISLAVE                                   0
                14:48:44:98  Start Input for Next Load Case
                14:48:44:99  case no= 1203 seq. no=  56 idynl= 0
                14:48:44:99  LOADEND ISLAVE                                   0
                14:48:45: 0  Start Input for Next Load Case
                14:48:45: 0  case no= 1204 seq. no=  57 idynl= 0
                14:48:45: 1  LOADEND ISLAVE                                   0
                14:48:45: 1  Start Input for Next Load Case
                14:48:45: 2  case no= 1205 seq. no=  58 idynl= 0
                14:48:45: 2  LOADEND ISLAVE                                   0
                14:48:45: 3  Start Input for Next Load Case
                14:48:45: 3  case no= 1206 seq. no=  59 idynl= 0
                14:48:45: 4  LOADEND ISLAVE                                   0
                14:48:45: 4  Start Input for Next Load Case
                14:48:45: 5  case no= 1207 seq. no=  60 idynl= 0
                14:48:45: 5  LOADEND ISLAVE                                   0
                14:48:45: 6  Start Input for Next Load Case
                14:48:45: 6  case no= 1208 seq. no=  61 idynl= 0
                14:48:45: 7  LOADEND ISLAVE                                   0
                14:48:45: 7  Start Input for Next Load Case
                14:48:45: 8  case no= 2101 seq. no=  62 idynl= 0
                14:48:45: 8  LOADEND ISLAVE                                   0
                14:48:45: 8  Start Input for Next Load Case
                14:48:45: 9  case no= 2102 seq. no=  63 idynl= 0
                14:48:45:10  LOADEND ISLAVE                                   0
                14:48:45:10  Start Input for Next Load Case
                14:48:45:11  case no= 2103 seq. no=  64 idynl= 0
                14:48:45:11  LOADEND ISLAVE                                   0
                14:48:45:12  Start Input for Next Load Case
                14:48:45:12  case no= 2104 seq. no=  65 idynl= 0
                14:48:45:13  LOADEND ISLAVE                                   0
                14:48:45:13  Start Input for Next Load Case
                14:48:45:14  case no= 2105 seq. no=  66 idynl= 0
                14:48:45:14  LOADEND ISLAVE                                   0
                14:48:45:15  Start Input for Next Load Case
                14:48:45:15  case no= 2106 seq. no=  67 idynl= 0
                14:48:45:16  LOADEND ISLAVE                                   0
                14:48:45:16  Start Input for Next Load Case
                14:48:45:16  case no= 2107 seq. no=  68 idynl= 0
                14:48:45:17  LOADEND ISLAVE                                   0
                14:48:45:18  Start Input for Next Load Case
                14:48:45:18  case no= 2108 seq. no=  69 idynl= 0
                14:48:45:19  LOADEND ISLAVE                                   0
                14:48:45:19  Start Input for Next Load Case
                14:48:45:20  case no= 3001 seq. no=  70 idynl= 0
                14:48:45:20  LOADEND ISLAVE                                   0
                14:48:45:21  Start Input for Next Load Case
                14:48:45:21  case no= 3002 seq. no=  71 idynl= 0
                14:48:45:21  LOADEND ISLAVE                                   0
                14:48:45:22  Start Input for Next Load Case
                14:48:45:22  case no= 3003 seq. no=  72 idynl= 0
                14:48:45:22  LOADEND ISLAVE                                   0
                14:48:45:22  Start Input for Next Load Case
                14:48:45:22  case no= 3004 seq. no=  73 idynl= 0
                14:48:45:24  LOADEND ISLAVE                                   0
                14:48:45:24  Start Input for Next Load Case
                14:48:45:25  case no= 3005 seq. no=  74 idynl= 0
                14:48:45:25  LOADEND ISLAVE                                   0
                14:48:45:25  Start Input for Next Load Case
                14:48:45:25  case no= 3006 seq. no=  75 idynl= 0
                14:48:45:27  LOADEND ISLAVE                                   0
                14:48:45:27  Start Input for Next Load Case
                14:48:45:28  case no= 3007 seq. no=  76 idynl= 0
                14:48:45:28  LOADEND ISLAVE                                   0
                14:48:45:29  Start Input for Next Load Case
                14:48:45:29  case no= 3008 seq. no=  77 idynl= 0
                14:48:45:30  LOADEND ISLAVE                                   0
                14:48:45:30  Start Input for Next Load Case
                14:48:45:30  case no= 3011 seq. no=  78 idynl= 0
                14:48:45:31  LOADEND ISLAVE                                   0
                14:48:45:31  Start Input for Next Load Case
                14:48:45:31  case no= 3012 seq. no=  79 idynl= 0
                14:48:45:31  LOADEND ISLAVE                                   0
                14:48:45:33  Start Input for Next Load Case
                14:48:45:33  case no= 3013 seq. no=  80 idynl= 0
                14:48:45:33  LOADEND ISLAVE                                   0
                14:48:45:34  Start Input for Next Load Case
                14:48:45:34  case no= 3014 seq. no=  81 idynl= 0
                14:48:45:35  LOADEND ISLAVE                                   0
                14:48:45:35  Start Input for Next Load Case
                14:48:45:35  case no= 3015 seq. no=  82 idynl= 0
                14:48:45:36  LOADEND ISLAVE                                   0
                14:48:45:36  Start Input for Next Load Case
                14:48:45:37  case no= 3016 seq. no=  83 idynl= 0
                14:48:45:37  LOADEND ISLAVE                                   0
                14:48:45:38  Start Input for Next Load Case
                14:48:45:38  case no= 3017 seq. no=  84 idynl= 0
                14:48:45:38  LOADEND ISLAVE                                   0
                14:48:45:38  Start Input for Next Load Case
                14:48:45:38  case no= 3018 seq. no=  85 idynl= 0
                14:48:45:38  LOADEND ISLAVE                                   0
                14:48:45:40  Start Input for Next Load Case
                14:48:45:40  case no= 3021 seq. no=  86 idynl= 0
                14:48:45:41  LOADEND ISLAVE                                   0
                14:48:45:41  Start Input for Next Load Case
                14:48:45:42  case no= 3022 seq. no=  87 idynl= 0
                14:48:45:42  LOADEND ISLAVE                                   0
                14:48:45:43  Start Input for Next Load Case
                14:48:45:43  case no= 3023 seq. no=  88 idynl= 0
                14:48:45:43  LOADEND ISLAVE                                   0
                14:48:45:44  Start Input for Next Load Case
                14:48:45:44  case no= 3024 seq. no=  89 idynl= 0
                14:48:45:44  LOADEND ISLAVE                                   0
                14:48:45:45  Start Input for Next Load Case
                14:48:45:45  case no= 3025 seq. no=  90 idynl= 0
                14:48:45:45  LOADEND ISLAVE                                   0
                14:48:45:45  Start Input for Next Load Case
                14:48:45:47  case no= 3026 seq. no=  91 idynl= 0
                14:48:45:47  LOADEND ISLAVE                                   0
                14:48:45:48  Start Input for Next Load Case
                14:48:45:48  case no= 3027 seq. no=  92 idynl= 0
                14:48:45:49  LOADEND ISLAVE                                   0
                14:48:45:49  Start Input for Next Load Case
                14:48:45:49  case no= 3028 seq. no=  93 idynl= 0
                14:48:45:50  LOADEND ISLAVE                                   0
                14:48:45:50  Start Input for Next Load Case
                14:48:45:51  case no= 3201 seq. no=  94 idynl= 0
                14:48:45:51  LOADEND ISLAVE                                   0
                14:48:45:51  Start Input for Next Load Case
                14:48:45:51  case no= 3202 seq. no=  95 idynl= 0
                14:48:45:52  LOADEND ISLAVE                                   0
                14:48:45:52  Start Input for Next Load Case
                14:48:45:52  case no= 3203 seq. no=  96 idynl= 0
                14:48:45:52  LOADEND ISLAVE                                   0
                14:48:45:54  Start Input for Next Load Case
                14:48:45:55  case no= 3204 seq. no=  97 idynl= 0
                14:48:45:55  LOADEND ISLAVE                                   0
                14:48:45:55  Start Input for Next Load Case
                14:48:45:56  case no= 3205 seq. no=  98 idynl= 0
                14:48:45:56  LOADEND ISLAVE                                   0
                14:48:45:57  Start Input for Next Load Case
                14:48:45:57  case no= 3206 seq. no=  99 idynl= 0
                14:48:45:57  LOADEND ISLAVE                                   0
                14:48:45:57  Start Input for Next Load Case
                14:48:45:57  case no= 3207 seq. no= 100 idynl= 0
                14:48:45:57  LOADEND ISLAVE                                   0
                14:48:45:59  Start Input for Next Load Case
                14:48:45:59  case no= 3208 seq. no= 101 idynl= 0
                14:48:45:60  LOADEND ISLAVE                                   0
                14:48:45:60  NVPREV                                           0
                14:48:45:60  AMAXNON                               1.696194E-01
                14:48:45:60  IRECSIZL=                                     4000
                14:48:45:60  MTX BLOCKSIZE=                                  24
                14:48:45:62  MI=                                             24
                14:48:45:63  NORECL=                                          1
                14:48:45:63  NORECL1=                                         1
                14:48:45:63  IWORD=                                       32000
                14:48:45:64  JRECSIZE=                                     4000
                14:48:45:64  IWORDJ=                                      32000
                14:48:45:65  IBYTE=                                           4
                14:48:45:65  JOINTS=                                          6
                14:48:45:66  MEMBERS=                                         4
                14:48:45:66  PLATES =                                         0
                14:48:45:66  SOLIDS =                                         0
                14:48:45:66  NO. OF EQUATIONS=                               24
                14:48:45:67  idyn=                                            0
                14:48:45:67  ipd=                                             0
                14:48:45:67  icablanl=                                        0
                14:48:45:67  ++ Processing Element Stiffness Matrix.
                14:48:45:69  NV1                                            101
                14:48:45:79  ++ Calculating Element Forces & Reactions.
                14:48:46:15  COMBINATION CASES=                               0
                14:48:46:15  MAX CM MEMORY (KILOWORDS)                       26
                14:48:46:17  AFTER SOLVER 1
                14:48:46:19  REOPEN AS SEQ                                    0
                14:48:46:19  DEFINE ENVELOPE
                14:48:46:21  LOAD LIST 1101 TO 110
                14:48:46:21  PARAMETER 1
                14:48:46:21  CHECK CODE ALL
                14:48:46:21  ENTERING SECTNM110 IQ=                           4
                14:48:46:21               NSEC=                              11
                14:48:46:22             ISECTN=                               0
                14:48:46:24  SECTNM110 DO 925
                14:48:46:26  ENTERING ENVLP1 ITYP1=                          -3
                14:48:46:26  SECT DISPLACE
                14:48:46:27  Steel/Alum/Timber Design                        52
                14:48:46:28    ++ Finished Design ...
                14:48:46:28  Steel/Timber Design exit
                14:48:46:29  LOAD LIST 2101 TO 210
                14:48:46:29  PARAMETER 1
                14:48:46:29  CHECK CODE ALL
                14:48:46:29  ENTERING ENVLP1 ITYP1=                          -3
                14:48:46:31  SECT DISPLACE
                14:48:46:32  Steel/Alum/Timber Design                        52
                14:48:46:33    ++ Finished Design ...
                14:48:46:33  Steel/Timber Design exit
                14:48:46:33  LOAD LIST ENV 4 TO 7
                14:48:46:34  PARAMETER 1
                14:48:46:35  CHECK CODE ALL
                14:48:46:35  ENTERING ENVLP1 ITYP1=                          -3
                14:48:46:35  SECT DISPLACE
                14:48:46:36  Steel/Alum/Timber Design                        52
                14:48:46:38    ++ Finished Design ...
                14:48:46:38  Steel/Timber Design exit
                14:48:46:38  PRINT JOINT DISPLACEM
                14:48:46:39  DRAW ISOM JOIN MEMB
                14:48:46:39  ENTERING SECTNM110 IQ=                           4
                14:48:46:40               NSEC=                              11
                14:48:46:40             ISECTN=                               0
                14:48:46:42  SECTNM110 DO 925
                14:48:46:42  PRINT SUPPORT REACTIO
                14:48:46:42  DRAW ISOM SUPP PROP
                14:48:46:44  ENTERING SECTNM110 IQ=                           4
                14:48:46:44               NSEC=                              11
                14:48:46:45             ISECTN=                               0
                14:48:46:46  SECTNM110 DO 925
                14:48:46:48  DRAW ISOM SHAP
                14:48:46:48  ENTERING SECTNM110 IQ=                           4
                14:48:46:49               NSEC=                              11
                14:48:46:49             ISECTN=                               0
                14:48:46:51  SECTNM110 DO 925
                14:48:46:51  PRINT CG
                14:48:46:51  FINISH
                14:48:46:53  All Commands FINISHed
                14:48:46:53  DATASAVE for SPRO GUI
                14:48:46:54  ++ Creating Displacement File (DSP)...
                14:48:46:55  ++ Creating Reaction File (REA)...
                14:48:46:55  ++ Creating Section Force File (BMD)...
                14:48:46:56  ++ Creating Section Displace File (SEC)...
                14:48:46:56  ENTERING ENVLP1 ITYP1=                          -5
                14:48:46:56  SECT DISPLACE
                14:48:46:57  ++ Creating Section Displace File (SCN)...
                14:48:46:60  ++ Creating Design information File (DGN)...
                14:48:46:60  ALLOCATED CM MEMORY (KILOWORDS)             300000
                14:48:46:61  MAX CM MEMORY (KILOWORDS)                       48
                14:48:46:61  DBS LONG SEC NAME
* End Of Analysis At Fri Jul 26 14:48:46 2024
* CPU usage = 2.986000
* STAAD Exit Code: 100, Warning Count: 7, Error Count: 0, Duration: 2.986
1 7 0 2.986
****************************************************************************
*                            END OF ANALYSIS                               *
****************************************************************************
