10:38:24	Initializing STAAD Engine
10:38:24	Run stream set up is complete.
10:38:24	Initialize license libraries.
10:38:25	License libraries initialized.
10:38:25	Starting license(s) for A & D engine.
10:38:26	License Status: Ok
10:38:26	License information set up is complete.
****************************************************************************
*                            START OF ANALYSIS                             *
****************************************************************************
* Initiating Analysis At Thu Jul 25 10:38:26 2024
                          PROGRAM: STAAD.Pro
                          VERSION: 23.00.01.25
                10:38:26:20  ENTERING STAAD
                10:38:26:23  USING 64 BIT STAAD ENGINE
                10:38:26:23  ENTERING MAINN
                10:38:26:23  START JOB INFORMATION
                10:38:26:24  INPUT WIDTH 79
                10:38:26:24  UNIT MMS KN
                10:38:26:25  JOINT COORDINATES
                10:38:26:25  ENTERING JOINTC
                10:38:26:25  JOINTC NEWJ                                 400000
                10:38:26:26  MAX NODE NO.                                    19
                10:38:26:26  MEMBER INCIDENCES
                10:38:26:27  UNIT METER KN
                10:38:26:27  DEFINE MATERIAL START
                10:38:26:28  UNIT MMS KN
                10:38:26:28  MEMBER PROPERTY EUROP
                10:38:26:72    ++ Finished Reading Member Properties ...
                10:38:26:72  CONSTANTS
                10:38:26:73  SUPPORTS
                10:38:26:73  ENTERING SUPPORT
                10:38:26:74  UNIT METER KN
                10:38:26:74  DEFINE WIND LOAD
                10:38:26:76  LOAD 121 LOADTYPE DEA
                10:38:26:76  DUPLICATE ELEMENT CHECK
                10:38:26:76  CHECKING STRUCTURAL INTEGRITY
                10:38:26:77  CHECK UNCONNECTED JOINTS AND
                10:38:26:78  CALCULATE MAX JOINT CONNECTIVITY
                10:38:26:78  CHECK MULTIPLE STRUCTURES
                10:38:26:78  ENTERING SUPPORT
                10:38:26:79  NRJOLD                                           0
                10:38:26:80  SUPPORT NOLD                                     0
                10:38:26:80  SUPPORT N                                       96
                10:38:26:80  BEFORE LOADPR
                10:38:26:81  REOPEN AS DIR                                    0
                10:38:26:82  ENTER LOADPR
                10:38:26:94  PERFORM ANALYSIS PRIN
                10:38:26:94  pdel iter                                        0
                10:38:26:95  MAXIMUM E =                           2.973273E+04
                10:38:26:95  MINIMUM E =                           2.973273E+04
                10:38:26:96  MBW DOF BAND=                                    1
                10:38:26:96  NUMBER OF PRIMARY CASES                        101
                10:38:26:97  NUMBER OF CASES                                252
                10:38:26:97  #OF CASES W/ELEM INMEMORY                      252
                10:38:26:98  MEMORY FOR MEMBER LOADS                      54432
                10:38:26:98  MEMORY FOR DISPLACEMENTS                     28728
                10:38:26:99  MEMORY FOR MEMBER FORCES                     54432
                10:38:26:99  Using 64-bit analysis engine
                10:38:27: 0  BEFORE SOLVER 1
                10:38:27: 1  Start Input for Next Load Case
                10:38:27: 1  case no=  121 seq. no=   1 idynl= 0
                10:38:27: 1  MASSSET                                          0
                10:38:27: 2  LOADEND ISLAVE                                   0
                10:38:27: 2  Start Input for Next Load Case
                10:38:27: 3  case no=  201 seq. no=   2 idynl= 0
                10:38:27: 4  LOADEND ISLAVE                                   0
                10:38:27: 4  Start Input for Next Load Case
                10:38:27: 5  case no=  202 seq. no=   3 idynl= 0
                10:38:27: 5  LOADEND ISLAVE                                   0
                10:38:27: 6  Start Input for Next Load Case
                10:38:27: 6  case no=  203 seq. no=   4 idynl= 0
                10:38:27: 7  LOADEND ISLAVE                                   0
                10:38:27: 7  Start Input for Next Load Case
                10:38:27: 7  case no=  204 seq. no=   5 idynl= 0
                10:38:27: 8  LOADEND ISLAVE                                   0
                10:38:27: 9  Start Input for Next Load Case
                10:38:27: 9  case no=  205 seq. no=   6 idynl= 0
                10:38:27:10  LOADEND ISLAVE                                   0
                10:38:27:10  Start Input for Next Load Case
                10:38:27:11  case no=  206 seq. no=   7 idynl= 0
                10:38:27:11  LOADEND ISLAVE                                   0
                10:38:27:12  Start Input for Next Load Case
                10:38:27:12  case no=  207 seq. no=   8 idynl= 0
                10:38:27:13  LOADEND ISLAVE                                   0
                10:38:27:14  Start Input for Next Load Case
                10:38:27:14  case no=  208 seq. no=   9 idynl= 0
                10:38:27:15  LOADEND ISLAVE                                   0
                10:38:27:15  Start Input for Next Load Case
                10:38:27:16  case no=  312 seq. no=  10 idynl= 0
                10:38:27:16  LOADEND ISLAVE                                   0
                10:38:27:17  Start Input for Next Load Case
                10:38:27:18  case no=  313 seq. no=  11 idynl= 0
                10:38:27:18  LOADEND ISLAVE                                   0
                10:38:27:19  Start Input for Next Load Case
                10:38:27:20  case no=  314 seq. no=  12 idynl= 0
                10:38:27:21  LOADEND ISLAVE                                   0
                10:38:27:22  Start Input for Next Load Case
                10:38:27:23  case no=  315 seq. no=  13 idynl= 0
                10:38:27:24  LOADEND ISLAVE                                   0
                10:38:27:25  Start Input for Next Load Case
                10:38:27:25  case no=  322 seq. no=  14 idynl= 0
                10:38:27:26  LOADEND ISLAVE                                   0
                10:38:27:26  Start Input for Next Load Case
                10:38:27:27  case no=  323 seq. no=  15 idynl= 0
                10:38:27:28  LOADEND ISLAVE                                   0
                10:38:27:28  Start Input for Next Load Case
                10:38:27:29  case no=  324 seq. no=  16 idynl= 0
                10:38:27:29  LOADEND ISLAVE                                   0
                10:38:27:30  Start Input for Next Load Case
                10:38:27:30  case no=  325 seq. no=  17 idynl= 0
                10:38:27:30  LOADEND ISLAVE                                   0
                10:38:27:31  Start Input for Next Load Case
                10:38:27:32  case no=  332 seq. no=  18 idynl= 0
                10:38:27:32  LOADEND ISLAVE                                   0
                10:38:27:33  Start Input for Next Load Case
                10:38:27:33  case no=  333 seq. no=  19 idynl= 0
                10:38:27:34  LOADEND ISLAVE                                   0
                10:38:27:34  Start Input for Next Load Case
                10:38:27:35  case no=  334 seq. no=  20 idynl= 0
                10:38:27:35  LOADEND ISLAVE                                   0
                10:38:27:36  Start Input for Next Load Case
                10:38:27:36  case no=  335 seq. no=  21 idynl= 0
                10:38:27:37  LOADEND ISLAVE                                   0
                10:38:27:37  Start Input for Next Load Case
                10:38:27:38  case no=  411 seq. no=  22 idynl= 0
                10:38:27:38  LOADEND ISLAVE                                   0
                10:38:27:39  Start Input for Next Load Case
                10:38:27:40  case no=  412 seq. no=  23 idynl= 0
                10:38:27:40  LOADEND ISLAVE                                   0
                10:38:27:41  Start Input for Next Load Case
                10:38:27:41  case no=  413 seq. no=  24 idynl= 0
                10:38:27:42  LOADEND ISLAVE                                   0
                10:38:27:42  Start Input for Next Load Case
                10:38:27:43  case no=  414 seq. no=  25 idynl= 0
                10:38:27:43  LOADEND ISLAVE                                   0
                10:38:27:44  Start Input for Next Load Case
                10:38:27:44  case no=  415 seq. no=  26 idynl= 0
                10:38:27:45  LOADEND ISLAVE                                   0
                10:38:27:45  Start Input for Next Load Case
                10:38:27:46  case no=  416 seq. no=  27 idynl= 0
                10:38:27:46  LOADEND ISLAVE                                   0
                10:38:27:47  Start Input for Next Load Case
                10:38:27:47  case no=  417 seq. no=  28 idynl= 0
                10:38:27:48  LOADEND ISLAVE                                   0
                10:38:27:48  Start Input for Next Load Case
                10:38:27:49  case no=  418 seq. no=  29 idynl= 0
                10:38:27:49  LOADEND ISLAVE                                   0
                10:38:27:50  Start Input for Next Load Case
                10:38:27:50  case no=  421 seq. no=  30 idynl= 0
                10:38:27:51  LOADEND ISLAVE                                   0
                10:38:27:51  Start Input for Next Load Case
                10:38:27:52  case no=  422 seq. no=  31 idynl= 0
                10:38:27:52  LOADEND ISLAVE                                   0
                10:38:27:53  Start Input for Next Load Case
                10:38:27:53  case no=  423 seq. no=  32 idynl= 0
                10:38:27:54  LOADEND ISLAVE                                   0
                10:38:27:54  Start Input for Next Load Case
                10:38:27:55  case no=  424 seq. no=  33 idynl= 0
                10:38:27:56  LOADEND ISLAVE                                   0
                10:38:27:56  Start Input for Next Load Case
                10:38:27:57  case no=  425 seq. no=  34 idynl= 0
                10:38:27:57  LOADEND ISLAVE                                   0
                10:38:27:58  Start Input for Next Load Case
                10:38:27:58  case no=  426 seq. no=  35 idynl= 0
                10:38:27:59  LOADEND ISLAVE                                   0
                10:38:27:60  Start Input for Next Load Case
                10:38:27:60  case no=  427 seq. no=  36 idynl= 0
                10:38:27:61  LOADEND ISLAVE                                   0
                10:38:27:61  Start Input for Next Load Case
                10:38:27:62  case no=  428 seq. no=  37 idynl= 0
                10:38:27:62  LOADEND ISLAVE                                   0
                10:38:27:63  Start Input for Next Load Case
                10:38:27:63  case no=  711 seq. no=  38 idynl= 0
                10:38:27:64  LOADEND ISLAVE                                   0
                10:38:27:64  Start Input for Next Load Case
                10:38:27:65  case no=  712 seq. no=  39 idynl= 0
                10:38:27:65  LOADEND ISLAVE                                   0
                10:38:27:66  Start Input for Next Load Case
                10:38:27:66  case no=  713 seq. no=  40 idynl= 0
                10:38:27:67  LOADEND ISLAVE                                   0
                10:38:27:67  Start Input for Next Load Case
                10:38:27:68  case no=  714 seq. no=  41 idynl= 0
                10:38:27:68  LOADEND ISLAVE                                   0
                10:38:27:69  Start Input for Next Load Case
                10:38:27:69  case no=  715 seq. no=  42 idynl= 0
                10:38:27:70  LOADEND ISLAVE                                   0
                10:38:27:70  Start Input for Next Load Case
                10:38:27:71  case no=  716 seq. no=  43 idynl= 0
                10:38:27:71  LOADEND ISLAVE                                   0
                10:38:27:72  Start Input for Next Load Case
                10:38:27:72  case no=  717 seq. no=  44 idynl= 0
                10:38:27:73  LOADEND ISLAVE                                   0
                10:38:27:73  Start Input for Next Load Case
                10:38:27:74  case no=  718 seq. no=  45 idynl= 0
                10:38:27:74  LOADEND ISLAVE                                   0
                10:38:27:75  Start Input for Next Load Case
                10:38:27:75  case no= 1101 seq. no=  46 idynl= 0
                10:38:27:76  LOADEND ISLAVE                                   0
                10:38:27:76  Start Input for Next Load Case
                10:38:27:77  case no= 1102 seq. no=  47 idynl= 0
                10:38:27:77  LOADEND ISLAVE                                   0
                10:38:27:78  Start Input for Next Load Case
                10:38:27:79  case no= 1103 seq. no=  48 idynl= 0
                10:38:27:79  LOADEND ISLAVE                                   0
                10:38:27:79  Start Input for Next Load Case
                10:38:27:80  case no= 1104 seq. no=  49 idynl= 0
                10:38:27:80  LOADEND ISLAVE                                   0
                10:38:27:81  Start Input for Next Load Case
                10:38:27:82  case no= 1105 seq. no=  50 idynl= 0
                10:38:27:82  LOADEND ISLAVE                                   0
                10:38:27:82  Start Input for Next Load Case
                10:38:27:83  case no= 1106 seq. no=  51 idynl= 0
                10:38:27:83  LOADEND ISLAVE                                   0
                10:38:27:84  Start Input for Next Load Case
                10:38:27:84  case no= 1107 seq. no=  52 idynl= 0
                10:38:27:85  LOADEND ISLAVE                                   0
                10:38:27:85  Start Input for Next Load Case
                10:38:27:86  case no= 1108 seq. no=  53 idynl= 0
                10:38:27:86  LOADEND ISLAVE                                   0
                10:38:27:87  Start Input for Next Load Case
                10:38:27:87  case no= 1201 seq. no=  54 idynl= 0
                10:38:27:88  LOADEND ISLAVE                                   0
                10:38:27:88  Start Input for Next Load Case
                10:38:27:89  case no= 1202 seq. no=  55 idynl= 0
                10:38:27:89  LOADEND ISLAVE                                   0
                10:38:27:90  Start Input for Next Load Case
                10:38:27:90  case no= 1203 seq. no=  56 idynl= 0
                10:38:27:91  LOADEND ISLAVE                                   0
                10:38:27:91  Start Input for Next Load Case
                10:38:27:92  case no= 1204 seq. no=  57 idynl= 0
                10:38:27:92  LOADEND ISLAVE                                   0
                10:38:27:93  Start Input for Next Load Case
                10:38:27:94  case no= 1205 seq. no=  58 idynl= 0
                10:38:27:94  LOADEND ISLAVE                                   0
                10:38:27:95  Start Input for Next Load Case
                10:38:27:95  case no= 1206 seq. no=  59 idynl= 0
                10:38:27:96  LOADEND ISLAVE                                   0
                10:38:27:96  Start Input for Next Load Case
                10:38:27:97  case no= 1207 seq. no=  60 idynl= 0
                10:38:27:97  LOADEND ISLAVE                                   0
                10:38:27:98  Start Input for Next Load Case
                10:38:27:98  case no= 1208 seq. no=  61 idynl= 0
                10:38:27:99  LOADEND ISLAVE                                   0
                10:38:27:99  Start Input for Next Load Case
                10:38:28: 0  case no= 2101 seq. no=  62 idynl= 0
                10:38:28: 0  LOADEND ISLAVE                                   0
                10:38:28: 1  Start Input for Next Load Case
                10:38:28: 1  case no= 2102 seq. no=  63 idynl= 0
                10:38:28: 2  LOADEND ISLAVE                                   0
                10:38:28: 2  Start Input for Next Load Case
                10:38:28: 3  case no= 2103 seq. no=  64 idynl= 0
                10:38:28: 3  LOADEND ISLAVE                                   0
                10:38:28: 4  Start Input for Next Load Case
                10:38:28: 4  case no= 2104 seq. no=  65 idynl= 0
                10:38:28: 5  LOADEND ISLAVE                                   0
                10:38:28: 5  Start Input for Next Load Case
                10:38:28: 6  case no= 2105 seq. no=  66 idynl= 0
                10:38:28: 6  LOADEND ISLAVE                                   0
                10:38:28: 7  Start Input for Next Load Case
                10:38:28: 7  case no= 2106 seq. no=  67 idynl= 0
                10:38:28: 7  LOADEND ISLAVE                                   0
                10:38:28: 8  Start Input for Next Load Case
                10:38:28: 9  case no= 2107 seq. no=  68 idynl= 0
                10:38:28: 9  LOADEND ISLAVE                                   0
                10:38:28:10  Start Input for Next Load Case
                10:38:28:10  case no= 2108 seq. no=  69 idynl= 0
                10:38:28:11  LOADEND ISLAVE                                   0
                10:38:28:11  Start Input for Next Load Case
                10:38:28:12  case no= 3001 seq. no=  70 idynl= 0
                10:38:28:12  LOADEND ISLAVE                                   0
                10:38:28:12  Start Input for Next Load Case
                10:38:28:13  case no= 3002 seq. no=  71 idynl= 0
                10:38:28:13  LOADEND ISLAVE                                   0
                10:38:28:14  Start Input for Next Load Case
                10:38:28:14  case no= 3003 seq. no=  72 idynl= 0
                10:38:28:15  LOADEND ISLAVE                                   0
                10:38:28:15  Start Input for Next Load Case
                10:38:28:16  case no= 3004 seq. no=  73 idynl= 0
                10:38:28:16  LOADEND ISLAVE                                   0
                10:38:28:17  Start Input for Next Load Case
                10:38:28:17  case no= 3005 seq. no=  74 idynl= 0
                10:38:28:18  LOADEND ISLAVE                                   0
                10:38:28:18  Start Input for Next Load Case
                10:38:28:19  case no= 3006 seq. no=  75 idynl= 0
                10:38:28:19  LOADEND ISLAVE                                   0
                10:38:28:20  Start Input for Next Load Case
                10:38:28:20  case no= 3007 seq. no=  76 idynl= 0
                10:38:28:21  LOADEND ISLAVE                                   0
                10:38:28:21  Start Input for Next Load Case
                10:38:28:22  case no= 3008 seq. no=  77 idynl= 0
                10:38:28:23  LOADEND ISLAVE                                   0
                10:38:28:24  Start Input for Next Load Case
                10:38:28:24  case no= 3011 seq. no=  78 idynl= 0
                10:38:28:25  LOADEND ISLAVE                                   0
                10:38:28:25  Start Input for Next Load Case
                10:38:28:26  case no= 3012 seq. no=  79 idynl= 0
                10:38:28:26  LOADEND ISLAVE                                   0
                10:38:28:27  Start Input for Next Load Case
                10:38:28:27  case no= 3013 seq. no=  80 idynl= 0
                10:38:28:28  LOADEND ISLAVE                                   0
                10:38:28:28  Start Input for Next Load Case
                10:38:28:29  case no= 3014 seq. no=  81 idynl= 0
                10:38:28:29  LOADEND ISLAVE                                   0
                10:38:28:30  Start Input for Next Load Case
                10:38:28:30  case no= 3015 seq. no=  82 idynl= 0
                10:38:28:31  LOADEND ISLAVE                                   0
                10:38:28:31  Start Input for Next Load Case
                10:38:28:32  case no= 3016 seq. no=  83 idynl= 0
                10:38:28:32  LOADEND ISLAVE                                   0
                10:38:28:33  Start Input for Next Load Case
                10:38:28:33  case no= 3017 seq. no=  84 idynl= 0
                10:38:28:34  LOADEND ISLAVE                                   0
                10:38:28:34  Start Input for Next Load Case
                10:38:28:35  case no= 3018 seq. no=  85 idynl= 0
                10:38:28:35  LOADEND ISLAVE                                   0
                10:38:28:36  Start Input for Next Load Case
                10:38:28:36  case no= 3021 seq. no=  86 idynl= 0
                10:38:28:37  LOADEND ISLAVE                                   0
                10:38:28:37  Start Input for Next Load Case
                10:38:28:38  case no= 3022 seq. no=  87 idynl= 0
                10:38:28:38  LOADEND ISLAVE                                   0
                10:38:28:39  Start Input for Next Load Case
                10:38:28:39  case no= 3023 seq. no=  88 idynl= 0
                10:38:28:39  LOADEND ISLAVE                                   0
                10:38:28:40  Start Input for Next Load Case
                10:38:28:40  case no= 3024 seq. no=  89 idynl= 0
                10:38:28:41  LOADEND ISLAVE                                   0
                10:38:28:41  Start Input for Next Load Case
                10:38:28:42  case no= 3025 seq. no=  90 idynl= 0
                10:38:28:42  LOADEND ISLAVE                                   0
                10:38:28:43  Start Input for Next Load Case
                10:38:28:43  case no= 3026 seq. no=  91 idynl= 0
                10:38:28:44  LOADEND ISLAVE                                   0
                10:38:28:44  Start Input for Next Load Case
                10:38:28:45  case no= 3027 seq. no=  92 idynl= 0
                10:38:28:45  LOADEND ISLAVE                                   0
                10:38:28:46  Start Input for Next Load Case
                10:38:28:46  case no= 3028 seq. no=  93 idynl= 0
                10:38:28:47  LOADEND ISLAVE                                   0
                10:38:28:47  Start Input for Next Load Case
                10:38:28:48  case no= 3201 seq. no=  94 idynl= 0
                10:38:28:48  LOADEND ISLAVE                                   0
                10:38:28:49  Start Input for Next Load Case
                10:38:28:49  case no= 3202 seq. no=  95 idynl= 0
                10:38:28:50  LOADEND ISLAVE                                   0
                10:38:28:50  Start Input for Next Load Case
                10:38:28:51  case no= 3203 seq. no=  96 idynl= 0
                10:38:28:51  LOADEND ISLAVE                                   0
                10:38:28:52  Start Input for Next Load Case
                10:38:28:52  case no= 3204 seq. no=  97 idynl= 0
                10:38:28:53  LOADEND ISLAVE                                   0
                10:38:28:53  Start Input for Next Load Case
                10:38:28:54  case no= 3205 seq. no=  98 idynl= 0
                10:38:28:55  LOADEND ISLAVE                                   0
                10:38:28:56  Start Input for Next Load Case
                10:38:28:57  case no= 3206 seq. no=  99 idynl= 0
                10:38:28:58  LOADEND ISLAVE                                   0
                10:38:28:59  Start Input for Next Load Case
                10:38:28:60  case no= 3207 seq. no= 100 idynl= 0
                10:38:28:60  LOADEND ISLAVE                                   0
                10:38:28:61  Start Input for Next Load Case
                10:38:28:62  case no= 3208 seq. no= 101 idynl= 0
                10:38:28:62  LOADEND ISLAVE                                   0
                10:38:28:63  NVPREV                                           0
                10:38:28:63  AMAXNON                               5.905512E-01
                10:38:28:64  IRECSIZL=                                     4000
                10:38:28:65  MTX BLOCKSIZE=                                  96
                10:38:28:65  MI=                                             96
                10:38:28:66  NORECL=                                          1
                10:38:28:67  NORECL1=                                         1
                10:38:28:67  IWORD=                                       32000
                10:38:28:68  JRECSIZE=                                     4000
                10:38:28:68  IWORDJ=                                      32000
                10:38:28:69  IBYTE=                                           4
                10:38:28:69  JOINTS=                                         19
                10:38:28:70  MEMBERS=                                        18
                10:38:28:71  PLATES =                                         0
                10:38:28:71  SOLIDS =                                         0
                10:38:28:72  NO. OF EQUATIONS=                               96
                10:38:28:72  idyn=                                            0
                10:38:28:73  ipd=                                             0
                10:38:28:74  icablanl=                                        0
                10:38:28:74  ++ Processing Element Stiffness Matrix.
                10:38:28:75  NV1                                            101
                10:38:28:86  ++ Calculating Element Forces & Reactions.
                10:38:29:42  COMBINATION CASES=                               0
                10:38:29:42  MAX CM MEMORY (KILOWORDS)                       35
                10:38:29:43  AFTER SOLVER 1
                10:38:29:45  REOPEN AS SEQ                                    0
                10:38:29:45  DEFINE ENVELOPE
                10:38:29:46  LOAD LIST 1101 TO 110
                10:38:29:46  PARAMETER 1
                10:38:29:48  CHECK CODE ALL
                10:38:29:48  ENTERING SECTNM110 IQ=                          18
                10:38:29:48               NSEC=                              11
                10:38:29:49             ISECTN=                               0
                10:38:29:52  SECTNM110 DO 925
                10:38:29:54  ENTERING ENVLP1 ITYP1=                          -3
                10:38:29:54  SECT DISPLACE
                10:38:29:58  Steel/Alum/Timber Design                        52
                10:38:29:62    ++ Finished Design ...
                10:38:29:63  Steel/Timber Design exit
                10:38:29:63  LOAD LIST 2101 TO 210
                10:38:29:64  PARAMETER 1
                10:38:29:65  CHECK CODE ALL
                10:38:29:65  ENTERING ENVLP1 ITYP1=                          -3
                10:38:29:66  SECT DISPLACE
                10:38:29:69  Steel/Alum/Timber Design                        52
                10:38:29:71    ++ Finished Design ...
                10:38:29:71  Steel/Timber Design exit
                10:38:29:71  LOAD LIST ENV 4 TO 7
                10:38:29:72  PARAMETER 1
                10:38:29:73  CHECK CODE ALL
                10:38:29:73  ENTERING ENVLP1 ITYP1=                          -3
                10:38:29:74  SECT DISPLACE
                10:38:29:77  Steel/Alum/Timber Design                        52
                10:38:29:80    ++ Finished Design ...
                10:38:29:80  Steel/Timber Design exit
                10:38:29:81  PRINT JOINT DISPLACEM
                10:38:29:82  DRAW ISOM JOIN MEMB
                10:38:29:82  ENTERING SECTNM110 IQ=                          18
                10:38:29:83               NSEC=                              11
                10:38:29:84             ISECTN=                               0
                10:38:29:87  SECTNM110 DO 925
                10:38:29:89  PRINT SUPPORT REACTIO
                10:38:29:89  DRAW ISOM SUPP PROP
                10:38:29:90  ENTERING SECTNM110 IQ=                          18
                10:38:29:91               NSEC=                              11
                10:38:29:91             ISECTN=                               0
                10:38:29:94  SECTNM110 DO 925
                10:38:29:97  DRAW ISOM SHAP
                10:38:29:97  ENTERING SECTNM110 IQ=                          18
                10:38:29:97               NSEC=                              11
                10:38:29:98             ISECTN=                               0
                10:38:30: 1  SECTNM110 DO 925
                10:38:30: 3  PRINT CG
                10:38:30: 3  FINISH
                10:38:30: 4  All Commands FINISHed
                10:38:30: 5  DATASAVE for SPRO GUI
                10:38:30: 5  ++ Creating Displacement File (DSP)...
                10:38:30: 7  ++ Creating Reaction File (REA)...
                10:38:30: 7  ++ Creating Section Force File (BMD)...
                10:38:30:11  ++ Creating Section Displace File (SEC)...
                10:38:30:11  ENTERING ENVLP1 ITYP1=                          -5
                10:38:30:11  SECT DISPLACE
                10:38:30:16  ++ Creating Section Displace File (SCN)...
                10:38:30:20  ++ Creating Design information File (DGN)...
                10:38:30:20  ALLOCATED CM MEMORY (KILOWORDS)             300000
                10:38:30:20  MAX CM MEMORY (KILOWORDS)                       99
                10:38:30:21  DBS LONG SEC NAME
* End Of Analysis At Thu Jul 25 10:38:30 2024
* CPU usage = 4.084000
* STAAD Exit Code: 100, Warning Count: 0, Error Count: 0, Duration: 4.084
1 0 0 4.084
****************************************************************************
*                            END OF ANALYSIS                               *
****************************************************************************
