13:36:56	Initializing STAAD Engine
13:36:56	Run stream set up is complete.
13:36:56	Initialize license libraries.
13:36:56	License libraries initialized.
13:36:56	Starting license(s) for A & D engine.
13:36:56	License Status: Ok
13:36:56	License information set up is complete.
****************************************************************************
*                            START OF ANALYSIS                             *
****************************************************************************
* Initiating Analysis At Thu Jul 11 13:36:56 2024
                          PROGRAM: STAAD.Pro
                          VERSION: 23.00.01.25
                13:36:56:97  ENTERING STAAD
                13:36:56:98  USING 64 BIT STAAD ENGINE
                13:36:56:98  ENTERING MAINN
                13:36:56:98  START JOB INFORMATION
                13:36:56:99  INPUT WIDTH 79
                13:36:56:99  UNIT MMS KN
                13:36:56:99  JOINT COORDINATES
                13:36:57: 0  ENTERING JOINTC
                13:36:57: 0  JOINTC NEWJ                                 400000
                13:36:57: 1  MAX NODE NO.                                    16
                13:36:57: 1  MEMBER INCIDENCES
                13:36:57: 2  UNIT METER KN
                13:36:57: 2  DEFINE MATERIAL START
                13:36:57: 2  UNIT MMS KN
                13:36:57: 3  MEMBER PROPERTY EUROP
                13:36:57:16    ++ Finished Reading Member Properties ...
                13:36:57:16  CONSTANTS
                13:36:57:16  SUPPORTS
                13:36:57:17  ENTERING SUPPORT
                13:36:57:17  MEMBER OFFSET
                13:36:57:18  DEFINE WIND LOAD
                13:36:57:18  LOAD 121 LOADTYPE DEA
                13:36:57:18  DUPLICATE ELEMENT CHECK
                13:36:57:19  CHECKING STRUCTURAL INTEGRITY
                13:36:57:19  CHECK UNCONNECTED JOINTS AND
                13:36:57:20  CALCULATE MAX JOINT CONNECTIVITY
                13:36:57:20  CHECK MULTIPLE STRUCTURES
                13:36:57:21  ENTERING SUPPORT
                13:36:57:21  NRJOLD                                           0
                13:36:57:22  SUPPORT NOLD                                     0
                13:36:57:22  SUPPORT N                                       84
                13:36:57:22  BEFORE LOADPR
                13:36:57:23  REOPEN AS DIR                                    0
                13:36:57:23  ENTER LOADPR
                13:36:57:36  PERFORM ANALYSIS PRIN
                13:36:57:36  pdel iter                                        0
                13:36:57:37  MAXIMUM E =                           2.973273E+04
                13:36:57:37  MINIMUM E =                           2.973273E+04
                13:36:57:38  MBW DOF BAND=                                    1
                13:36:57:38  NUMBER OF PRIMARY CASES                        101
                13:36:57:39  NUMBER OF CASES                                252
                13:36:57:39  #OF CASES W/ELEM INMEMORY                      252
                13:36:57:40  MEMORY FOR MEMBER LOADS                      48384
                13:36:57:40  MEMORY FOR DISPLACEMENTS                     24192
                13:36:57:41  MEMORY FOR MEMBER FORCES                     48384
                13:36:57:41  Using 64-bit analysis engine
                13:36:57:42  BEFORE SOLVER 1
                13:36:57:42  Start Input for Next Load Case
                13:36:57:43  case no=  121 seq. no=   1 idynl= 0
                13:36:57:43  MASSSET                                          0
                13:36:57:44  LOADEND ISLAVE                                   0
                13:36:57:44  Start Input for Next Load Case
                13:36:57:45  case no=  201 seq. no=   2 idynl= 0
                13:36:57:45  LOADEND ISLAVE                                   0
                13:36:57:46  Start Input for Next Load Case
                13:36:57:46  case no=  202 seq. no=   3 idynl= 0
                13:36:57:47  LOADEND ISLAVE                                   0
                13:36:57:47  Start Input for Next Load Case
                13:36:57:48  case no=  203 seq. no=   4 idynl= 0
                13:36:57:48  LOADEND ISLAVE                                   0
                13:36:57:49  Start Input for Next Load Case
                13:36:57:49  case no=  204 seq. no=   5 idynl= 0
                13:36:57:49  LOADEND ISLAVE                                   0
                13:36:57:50  Start Input for Next Load Case
                13:36:57:50  case no=  205 seq. no=   6 idynl= 0
                13:36:57:51  LOADEND ISLAVE                                   0
                13:36:57:51  Start Input for Next Load Case
                13:36:57:51  case no=  206 seq. no=   7 idynl= 0
                13:36:57:52  LOADEND ISLAVE                                   0
                13:36:57:52  Start Input for Next Load Case
                13:36:57:53  case no=  207 seq. no=   8 idynl= 0
                13:36:57:53  LOADEND ISLAVE                                   0
                13:36:57:54  Start Input for Next Load Case
                13:36:57:54  case no=  208 seq. no=   9 idynl= 0
                13:36:57:54  LOADEND ISLAVE                                   0
                13:36:57:55  Start Input for Next Load Case
                13:36:57:55  case no=  312 seq. no=  10 idynl= 0
                13:36:57:56  LOADEND ISLAVE                                   0
                13:36:57:56  Start Input for Next Load Case
                13:36:57:57  case no=  313 seq. no=  11 idynl= 0
                13:36:57:57  LOADEND ISLAVE                                   0
                13:36:57:57  Start Input for Next Load Case
                13:36:57:58  case no=  314 seq. no=  12 idynl= 0
                13:36:57:58  LOADEND ISLAVE                                   0
                13:36:57:59  Start Input for Next Load Case
                13:36:57:59  case no=  315 seq. no=  13 idynl= 0
                13:36:57:60  LOADEND ISLAVE                                   0
                13:36:57:60  Start Input for Next Load Case
                13:36:57:61  case no=  322 seq. no=  14 idynl= 0
                13:36:57:61  LOADEND ISLAVE                                   0
                13:36:57:62  Start Input for Next Load Case
                13:36:57:62  case no=  323 seq. no=  15 idynl= 0
                13:36:57:63  LOADEND ISLAVE                                   0
                13:36:57:63  Start Input for Next Load Case
                13:36:57:64  case no=  324 seq. no=  16 idynl= 0
                13:36:57:64  LOADEND ISLAVE                                   0
                13:36:57:65  Start Input for Next Load Case
                13:36:57:65  case no=  325 seq. no=  17 idynl= 0
                13:36:57:66  LOADEND ISLAVE                                   0
                13:36:57:66  Start Input for Next Load Case
                13:36:57:66  case no=  332 seq. no=  18 idynl= 0
                13:36:57:67  LOADEND ISLAVE                                   0
                13:36:57:67  Start Input for Next Load Case
                13:36:57:68  case no=  333 seq. no=  19 idynl= 0
                13:36:57:68  LOADEND ISLAVE                                   0
                13:36:57:68  Start Input for Next Load Case
                13:36:57:69  case no=  334 seq. no=  20 idynl= 0
                13:36:57:69  LOADEND ISLAVE                                   0
                13:36:57:70  Start Input for Next Load Case
                13:36:57:70  case no=  335 seq. no=  21 idynl= 0
                13:36:57:71  LOADEND ISLAVE                                   0
                13:36:57:71  Start Input for Next Load Case
                13:36:57:71  case no=  411 seq. no=  22 idynl= 0
                13:36:57:72  LOADEND ISLAVE                                   0
                13:36:57:72  Start Input for Next Load Case
                13:36:57:73  case no=  412 seq. no=  23 idynl= 0
                13:36:57:73  LOADEND ISLAVE                                   0
                13:36:57:73  Start Input for Next Load Case
                13:36:57:74  case no=  413 seq. no=  24 idynl= 0
                13:36:57:74  LOADEND ISLAVE                                   0
                13:36:57:75  Start Input for Next Load Case
                13:36:57:75  case no=  414 seq. no=  25 idynl= 0
                13:36:57:75  LOADEND ISLAVE                                   0
                13:36:57:76  Start Input for Next Load Case
                13:36:57:76  case no=  415 seq. no=  26 idynl= 0
                13:36:57:77  LOADEND ISLAVE                                   0
                13:36:57:77  Start Input for Next Load Case
                13:36:57:77  case no=  416 seq. no=  27 idynl= 0
                13:36:57:78  LOADEND ISLAVE                                   0
                13:36:57:78  Start Input for Next Load Case
                13:36:57:79  case no=  417 seq. no=  28 idynl= 0
                13:36:57:79  LOADEND ISLAVE                                   0
                13:36:57:79  Start Input for Next Load Case
                13:36:57:80  case no=  418 seq. no=  29 idynl= 0
                13:36:57:80  LOADEND ISLAVE                                   0
                13:36:57:81  Start Input for Next Load Case
                13:36:57:81  case no=  421 seq. no=  30 idynl= 0
                13:36:57:81  LOADEND ISLAVE                                   0
                13:36:57:82  Start Input for Next Load Case
                13:36:57:82  case no=  422 seq. no=  31 idynl= 0
                13:36:57:83  LOADEND ISLAVE                                   0
                13:36:57:83  Start Input for Next Load Case
                13:36:57:83  case no=  423 seq. no=  32 idynl= 0
                13:36:57:84  LOADEND ISLAVE                                   0
                13:36:57:84  Start Input for Next Load Case
                13:36:57:85  case no=  424 seq. no=  33 idynl= 0
                13:36:57:85  LOADEND ISLAVE                                   0
                13:36:57:85  Start Input for Next Load Case
                13:36:57:86  case no=  425 seq. no=  34 idynl= 0
                13:36:57:86  LOADEND ISLAVE                                   0
                13:36:57:87  Start Input for Next Load Case
                13:36:57:87  case no=  426 seq. no=  35 idynl= 0
                13:36:57:87  LOADEND ISLAVE                                   0
                13:36:57:88  Start Input for Next Load Case
                13:36:57:88  case no=  427 seq. no=  36 idynl= 0
                13:36:57:89  LOADEND ISLAVE                                   0
                13:36:57:89  Start Input for Next Load Case
                13:36:57:90  case no=  428 seq. no=  37 idynl= 0
                13:36:57:90  LOADEND ISLAVE                                   0
                13:36:57:91  Start Input for Next Load Case
                13:36:57:91  case no=  711 seq. no=  38 idynl= 0
                13:36:57:92  LOADEND ISLAVE                                   0
                13:36:57:92  Start Input for Next Load Case
                13:36:57:93  case no=  712 seq. no=  39 idynl= 0
                13:36:57:93  LOADEND ISLAVE                                   0
                13:36:57:94  Start Input for Next Load Case
                13:36:57:94  case no=  713 seq. no=  40 idynl= 0
                13:36:57:95  LOADEND ISLAVE                                   0
                13:36:57:96  Start Input for Next Load Case
                13:36:57:96  case no=  714 seq. no=  41 idynl= 0
                13:36:57:96  LOADEND ISLAVE                                   0
                13:36:57:97  Start Input for Next Load Case
                13:36:57:97  case no=  715 seq. no=  42 idynl= 0
                13:36:57:98  LOADEND ISLAVE                                   0
                13:36:57:98  Start Input for Next Load Case
                13:36:57:99  case no=  716 seq. no=  43 idynl= 0
                13:36:57:99  LOADEND ISLAVE                                   0
                13:36:58: 0  Start Input for Next Load Case
                13:36:58: 0  case no=  717 seq. no=  44 idynl= 0
                13:36:58: 0  LOADEND ISLAVE                                   0
                13:36:58: 1  Start Input for Next Load Case
                13:36:58: 1  case no=  718 seq. no=  45 idynl= 0
                13:36:58: 2  LOADEND ISLAVE                                   0
                13:36:58: 2  Start Input for Next Load Case
                13:36:58: 3  case no= 1101 seq. no=  46 idynl= 0
                13:36:58: 3  LOADEND ISLAVE                                   0
                13:36:58: 3  Start Input for Next Load Case
                13:36:58: 4  case no= 1102 seq. no=  47 idynl= 0
                13:36:58: 4  LOADEND ISLAVE                                   0
                13:36:58: 5  Start Input for Next Load Case
                13:36:58: 5  case no= 1103 seq. no=  48 idynl= 0
                13:36:58: 6  LOADEND ISLAVE                                   0
                13:36:58: 6  Start Input for Next Load Case
                13:36:58: 7  case no= 1104 seq. no=  49 idynl= 0
                13:36:58: 7  LOADEND ISLAVE                                   0
                13:36:58: 8  Start Input for Next Load Case
                13:36:58: 8  case no= 1105 seq. no=  50 idynl= 0
                13:36:58: 8  LOADEND ISLAVE                                   0
                13:36:58: 9  Start Input for Next Load Case
                13:36:58: 9  case no= 1106 seq. no=  51 idynl= 0
                13:36:58:10  LOADEND ISLAVE                                   0
                13:36:58:10  Start Input for Next Load Case
                13:36:58:11  case no= 1107 seq. no=  52 idynl= 0
                13:36:58:11  LOADEND ISLAVE                                   0
                13:36:58:12  Start Input for Next Load Case
                13:36:58:12  case no= 1108 seq. no=  53 idynl= 0
                13:36:58:12  LOADEND ISLAVE                                   0
                13:36:58:13  Start Input for Next Load Case
                13:36:58:13  case no= 1201 seq. no=  54 idynl= 0
                13:36:58:14  LOADEND ISLAVE                                   0
                13:36:58:14  Start Input for Next Load Case
                13:36:58:14  case no= 1202 seq. no=  55 idynl= 0
                13:36:58:15  LOADEND ISLAVE                                   0
                13:36:58:15  Start Input for Next Load Case
                13:36:58:16  case no= 1203 seq. no=  56 idynl= 0
                13:36:58:16  LOADEND ISLAVE                                   0
                13:36:58:17  Start Input for Next Load Case
                13:36:58:17  case no= 1204 seq. no=  57 idynl= 0
                13:36:58:17  LOADEND ISLAVE                                   0
                13:36:58:18  Start Input for Next Load Case
                13:36:58:18  case no= 1205 seq. no=  58 idynl= 0
                13:36:58:19  LOADEND ISLAVE                                   0
                13:36:58:19  Start Input for Next Load Case
                13:36:58:20  case no= 1206 seq. no=  59 idynl= 0
                13:36:58:20  LOADEND ISLAVE                                   0
                13:36:58:20  Start Input for Next Load Case
                13:36:58:21  case no= 1207 seq. no=  60 idynl= 0
                13:36:58:21  LOADEND ISLAVE                                   0
                13:36:58:22  Start Input for Next Load Case
                13:36:58:22  case no= 1208 seq. no=  61 idynl= 0
                13:36:58:23  LOADEND ISLAVE                                   0
                13:36:58:23  Start Input for Next Load Case
                13:36:58:24  case no= 2101 seq. no=  62 idynl= 0
                13:36:58:24  LOADEND ISLAVE                                   0
                13:36:58:25  Start Input for Next Load Case
                13:36:58:25  case no= 2102 seq. no=  63 idynl= 0
                13:36:58:25  LOADEND ISLAVE                                   0
                13:36:58:26  Start Input for Next Load Case
                13:36:58:26  case no= 2103 seq. no=  64 idynl= 0
                13:36:58:27  LOADEND ISLAVE                                   0
                13:36:58:27  Start Input for Next Load Case
                13:36:58:28  case no= 2104 seq. no=  65 idynl= 0
                13:36:58:28  LOADEND ISLAVE                                   0
                13:36:58:29  Start Input for Next Load Case
                13:36:58:29  case no= 2105 seq. no=  66 idynl= 0
                13:36:58:30  LOADEND ISLAVE                                   0
                13:36:58:30  Start Input for Next Load Case
                13:36:58:30  case no= 2106 seq. no=  67 idynl= 0
                13:36:58:31  LOADEND ISLAVE                                   0
                13:36:58:31  Start Input for Next Load Case
                13:36:58:32  case no= 2107 seq. no=  68 idynl= 0
                13:36:58:32  LOADEND ISLAVE                                   0
                13:36:58:33  Start Input for Next Load Case
                13:36:58:33  case no= 2108 seq. no=  69 idynl= 0
                13:36:58:33  LOADEND ISLAVE                                   0
                13:36:58:34  Start Input for Next Load Case
                13:36:58:34  case no= 3001 seq. no=  70 idynl= 0
                13:36:58:35  LOADEND ISLAVE                                   0
                13:36:58:35  Start Input for Next Load Case
                13:36:58:36  case no= 3002 seq. no=  71 idynl= 0
                13:36:58:36  LOADEND ISLAVE                                   0
                13:36:58:36  Start Input for Next Load Case
                13:36:58:37  case no= 3003 seq. no=  72 idynl= 0
                13:36:58:37  LOADEND ISLAVE                                   0
                13:36:58:38  Start Input for Next Load Case
                13:36:58:38  case no= 3004 seq. no=  73 idynl= 0
                13:36:58:39  LOADEND ISLAVE                                   0
                13:36:58:39  Start Input for Next Load Case
                13:36:58:40  case no= 3005 seq. no=  74 idynl= 0
                13:36:58:40  LOADEND ISLAVE                                   0
                13:36:58:40  Start Input for Next Load Case
                13:36:58:41  case no= 3006 seq. no=  75 idynl= 0
                13:36:58:41  LOADEND ISLAVE                                   0
                13:36:58:42  Start Input for Next Load Case
                13:36:58:42  case no= 3007 seq. no=  76 idynl= 0
                13:36:58:43  LOADEND ISLAVE                                   0
                13:36:58:43  Start Input for Next Load Case
                13:36:58:44  case no= 3008 seq. no=  77 idynl= 0
                13:36:58:44  LOADEND ISLAVE                                   0
                13:36:58:44  Start Input for Next Load Case
                13:36:58:45  case no= 3011 seq. no=  78 idynl= 0
                13:36:58:45  LOADEND ISLAVE                                   0
                13:36:58:46  Start Input for Next Load Case
                13:36:58:46  case no= 3012 seq. no=  79 idynl= 0
                13:36:58:47  LOADEND ISLAVE                                   0
                13:36:58:47  Start Input for Next Load Case
                13:36:58:48  case no= 3013 seq. no=  80 idynl= 0
                13:36:58:48  LOADEND ISLAVE                                   0
                13:36:58:49  Start Input for Next Load Case
                13:36:58:49  case no= 3014 seq. no=  81 idynl= 0
                13:36:58:49  LOADEND ISLAVE                                   0
                13:36:58:50  Start Input for Next Load Case
                13:36:58:50  case no= 3015 seq. no=  82 idynl= 0
                13:36:58:51  LOADEND ISLAVE                                   0
                13:36:58:51  Start Input for Next Load Case
                13:36:58:52  case no= 3016 seq. no=  83 idynl= 0
                13:36:58:52  LOADEND ISLAVE                                   0
                13:36:58:52  Start Input for Next Load Case
                13:36:58:53  case no= 3017 seq. no=  84 idynl= 0
                13:36:58:53  LOADEND ISLAVE                                   0
                13:36:58:54  Start Input for Next Load Case
                13:36:58:54  case no= 3018 seq. no=  85 idynl= 0
                13:36:58:55  LOADEND ISLAVE                                   0
                13:36:58:55  Start Input for Next Load Case
                13:36:58:56  case no= 3021 seq. no=  86 idynl= 0
                13:36:58:56  LOADEND ISLAVE                                   0
                13:36:58:56  Start Input for Next Load Case
                13:36:58:57  case no= 3022 seq. no=  87 idynl= 0
                13:36:58:57  LOADEND ISLAVE                                   0
                13:36:58:58  Start Input for Next Load Case
                13:36:58:58  case no= 3023 seq. no=  88 idynl= 0
                13:36:58:59  LOADEND ISLAVE                                   0
                13:36:58:59  Start Input for Next Load Case
                13:36:58:60  case no= 3024 seq. no=  89 idynl= 0
                13:36:58:60  LOADEND ISLAVE                                   0
                13:36:58:61  Start Input for Next Load Case
                13:36:58:61  case no= 3025 seq. no=  90 idynl= 0
                13:36:58:61  LOADEND ISLAVE                                   0
                13:36:58:62  Start Input for Next Load Case
                13:36:58:62  case no= 3026 seq. no=  91 idynl= 0
                13:36:58:63  LOADEND ISLAVE                                   0
                13:36:58:63  Start Input for Next Load Case
                13:36:58:64  case no= 3027 seq. no=  92 idynl= 0
                13:36:58:64  LOADEND ISLAVE                                   0
                13:36:58:65  Start Input for Next Load Case
                13:36:58:65  case no= 3028 seq. no=  93 idynl= 0
                13:36:58:66  LOADEND ISLAVE                                   0
                13:36:58:66  Start Input for Next Load Case
                13:36:58:67  case no= 3201 seq. no=  94 idynl= 0
                13:36:58:67  LOADEND ISLAVE                                   0
                13:36:58:67  Start Input for Next Load Case
                13:36:58:68  case no= 3202 seq. no=  95 idynl= 0
                13:36:58:68  LOADEND ISLAVE                                   0
                13:36:58:69  Start Input for Next Load Case
                13:36:58:69  case no= 3203 seq. no=  96 idynl= 0
                13:36:58:70  LOADEND ISLAVE                                   0
                13:36:58:70  Start Input for Next Load Case
                13:36:58:70  case no= 3204 seq. no=  97 idynl= 0
                13:36:58:71  LOADEND ISLAVE                                   0
                13:36:58:71  Start Input for Next Load Case
                13:36:58:72  case no= 3205 seq. no=  98 idynl= 0
                13:36:58:72  LOADEND ISLAVE                                   0
                13:36:58:73  Start Input for Next Load Case
                13:36:58:73  case no= 3206 seq. no=  99 idynl= 0
                13:36:58:73  LOADEND ISLAVE                                   0
                13:36:58:74  Start Input for Next Load Case
                13:36:58:74  case no= 3207 seq. no= 100 idynl= 0
                13:36:58:75  LOADEND ISLAVE                                   0
                13:36:58:75  Start Input for Next Load Case
                13:36:58:75  case no= 3208 seq. no= 101 idynl= 0
                13:36:58:76  LOADEND ISLAVE                                   0
                13:36:58:76  NVPREV                                           0
                13:36:58:77  AMAXNON                               3.966535E-01
                13:36:58:77  IRECSIZL=                                     4000
                13:36:58:77  MTX BLOCKSIZE=                                  84
                13:36:58:78  MI=                                             84
                13:36:58:78  NORECL=                                          1
                13:36:58:79  NORECL1=                                         1
                13:36:58:79  IWORD=                                       32000
                13:36:58:79  JRECSIZE=                                     4000
                13:36:58:80  IWORDJ=                                      32000
                13:36:58:80  IBYTE=                                           4
                13:36:58:81  JOINTS=                                         16
                13:36:58:81  MEMBERS=                                        16
                13:36:58:81  PLATES =                                         0
                13:36:58:82  SOLIDS =                                         0
                13:36:58:82  NO. OF EQUATIONS=                               84
                13:36:58:83  idyn=                                            0
                13:36:58:83  ipd=                                             0
                13:36:58:83  icablanl=                                        0
                13:36:58:84  ++ Processing Element Stiffness Matrix.
                13:36:58:84  NV1                                            101
                13:36:58:95  ++ Calculating Element Forces & Reactions.
                13:36:59:31  COMBINATION CASES=                               0
                13:36:59:31  MAX CM MEMORY (KILOWORDS)                       34
                13:36:59:31  AFTER SOLVER 1
                13:36:59:33  REOPEN AS SEQ                                    0
                13:36:59:33  DEFINE ENVELOPE
                13:36:59:35  LOAD LIST 1101 TO 110
                13:36:59:35  PARAMETER 1
                13:36:59:36  CHECK CODE ALL
                13:36:59:36  ENTERING SECTNM110 IQ=                          16
                13:36:59:37               NSEC=                              11
                13:36:59:37             ISECTN=                               0
                13:36:59:39  SECTNM110 DO 925
                13:36:59:41  ENTERING ENVLP1 ITYP1=                          -3
                13:36:59:41  SECT DISPLACE
                13:36:59:44  Steel/Alum/Timber Design                        52
                13:36:59:47    ++ Finished Design ...
                13:36:59:47  Steel/Timber Design exit
                13:36:59:48  LOAD LIST 2101 TO 210
                13:36:59:48  PARAMETER 1
                13:36:59:49  CHECK CODE ALL
                13:36:59:49  ENTERING ENVLP1 ITYP1=                          -3
                13:36:59:50  SECT DISPLACE
                13:36:59:53  Steel/Alum/Timber Design                        52
                13:36:59:54    ++ Finished Design ...
                13:36:59:54  Steel/Timber Design exit
                13:36:59:54  LOAD LIST ENV 4 TO 7
                13:36:59:55  PARAMETER 1
                13:36:59:56  CHECK CODE ALL
                13:36:59:56  ENTERING ENVLP1 ITYP1=                          -3
                13:36:59:57  SECT DISPLACE
                13:36:59:60  Steel/Alum/Timber Design                        52
                13:36:59:62    ++ Finished Design ...
                13:36:59:62  Steel/Timber Design exit
                13:36:59:63  PRINT JOINT DISPLACEM
                13:36:59:64  DRAW ISOM JOIN MEMB
                13:36:59:64  ENTERING SECTNM110 IQ=                          16
                13:36:59:64               NSEC=                              11
                13:36:59:65             ISECTN=                               0
                13:36:59:67  SECTNM110 DO 925
                13:36:59:70  PRINT SUPPORT REACTIO
                13:36:59:70  DRAW ISOM SUPP PROP
                13:36:59:70  ENTERING SECTNM110 IQ=                          16
                13:36:59:71               NSEC=                              11
                13:36:59:71             ISECTN=                               0
                13:36:59:74  SECTNM110 DO 925
                13:36:59:76  DRAW ISOM SHAP
                13:36:59:76  ENTERING SECTNM110 IQ=                          16
                13:36:59:76               NSEC=                              11
                13:36:59:77             ISECTN=                               0
                13:36:59:79  SECTNM110 DO 925
                13:36:59:82  PRINT CG
                13:36:59:82  FINISH
                13:36:59:82  All Commands FINISHed
                13:36:59:83  DATASAVE for SPRO GUI
                13:36:59:83  ++ Creating Displacement File (DSP)...
                13:36:59:85  ++ Creating Reaction File (REA)...
                13:36:59:85  ++ Creating Section Force File (BMD)...
                13:36:59:90  ++ Creating Section Displace File (SEC)...
                13:36:59:90  ENTERING ENVLP1 ITYP1=                          -5
                13:36:59:90  SECT DISPLACE
                13:36:59:94  ++ Creating Section Displace File (SCN)...
                13:36:59:97  ++ Creating Design information File (DGN)...
                13:36:59:97  ALLOCATED CM MEMORY (KILOWORDS)             300000
                13:36:59:98  MAX CM MEMORY (KILOWORDS)                       92
                13:36:59:99  DBS LONG SEC NAME
* End Of Analysis At Thu Jul 11 13:37:00 2024
* CPU usage = 3.085000
* STAAD Exit Code: 100, Warning Count: 0, Error Count: 0, Duration: 3.085
1 0 0 3.085
****************************************************************************
*                            END OF ANALYSIS                               *
****************************************************************************
