15:34:21	Initializing STAAD Engine
15:34:21	Run stream set up is complete.
15:34:22	Initialize license libraries.
15:34:22	License libraries initialized.
15:34:22	Starting license(s) for A & D engine.
15:34:22	License Status: Ok
15:34:22	License information set up is complete.
****************************************************************************
*                            START OF ANALYSIS                             *
****************************************************************************
* Initiating Analysis At Thu Oct  3 15:34:22 2024
                          PROGRAM: STAAD.Pro
                          VERSION: 23.00.01.25
                15:34:22:81  ENTERING STAAD
                15:34:22:83  USING 64 BIT STAAD ENGINE
                15:34:22:83  ENTERING MAINN
                15:34:22:83  START JOB INFORMATION
                15:34:22:84  INPUT WIDTH 79
                15:34:22:84  UNIT MMS KN
                15:34:22:85  JOINT COORDINATES
                15:34:22:85  ENTERING JOINTC
                15:34:22:85  JOINTC NEWJ                                 400000
                15:34:22:86  MAX NODE NO.                                     9
                15:34:22:87  MEMBER INCIDENCES
                15:34:22:87  UNIT METER KN
                15:34:22:88  DEFINE MATERIAL START
                15:34:22:89  UNIT MMS KN
                15:34:22:90  MEMBER PROPERTY EUROP
                15:34:23: 1    ++ Finished Reading Member Properties ...
                15:34:23: 1  CONSTANTS
                15:34:23: 2  SUPPORTS
                15:34:23: 2  ENTERING SUPPORT
                15:34:23: 3  MEMBER OFFSET
                15:34:23: 4  DEFINE WIND LOAD
                15:34:23: 5  LOAD 121 LOADTYPE DEA
                15:34:23: 5  DUPLICATE ELEMENT CHECK
                15:34:23: 6  CHECKING STRUCTURAL INTEGRITY
                15:34:23: 6  CHECK UNCONNECTED JOINTS AND
                15:34:23: 7  CALCULATE MAX JOINT CONNECTIVITY
                15:34:23: 7  CHECK MULTIPLE STRUCTURES
                15:34:23: 8  ENTERING SUPPORT
                15:34:23: 8  NRJOLD                                           0
                15:34:23: 9  SUPPORT NOLD                                     0
                15:34:23: 9  SUPPORT N                                       42
                15:34:23:10  BEFORE LOADPR
                15:34:23:11  REOPEN AS DIR                                    0
                15:34:23:11  ENTER LOADPR
                15:34:23:22  PERFORM ANALYSIS PRIN
                15:34:23:22  pdel iter                                        0
                15:34:23:23  MAXIMUM E =                           2.973273E+04
                15:34:23:23  MINIMUM E =                           2.973273E+04
                15:34:23:24  MBW DOF BAND=                                    1
                15:34:23:24  NUMBER OF PRIMARY CASES                        101
                15:34:23:25  NUMBER OF CASES                                252
                15:34:23:25  #OF CASES W/ELEM INMEMORY                      252
                15:34:23:26  MEMORY FOR MEMBER LOADS                      24192
                15:34:23:26  MEMORY FOR DISPLACEMENTS                     13608
                15:34:23:27  MEMORY FOR MEMBER FORCES                     24192
                15:34:23:27  Using 64-bit analysis engine
                15:34:23:28  BEFORE SOLVER 1
                15:34:23:29  Start Input for Next Load Case
                15:34:23:29  case no=  121 seq. no=   1 idynl= 0
                15:34:23:30  MASSSET                                          0
                15:34:23:30  LOADEND ISLAVE                                   0
                15:34:23:31  Start Input for Next Load Case
                15:34:23:31  case no=  201 seq. no=   2 idynl= 0
                15:34:23:32  LOADEND ISLAVE                                   0
                15:34:23:33  Start Input for Next Load Case
                15:34:23:33  case no=  202 seq. no=   3 idynl= 0
                15:34:23:34  LOADEND ISLAVE                                   0
                15:34:23:34  Start Input for Next Load Case
                15:34:23:35  case no=  203 seq. no=   4 idynl= 0
                15:34:23:35  LOADEND ISLAVE                                   0
                15:34:23:36  Start Input for Next Load Case
                15:34:23:36  case no=  204 seq. no=   5 idynl= 0
                15:34:23:37  LOADEND ISLAVE                                   0
                15:34:23:37  Start Input for Next Load Case
                15:34:23:38  case no=  205 seq. no=   6 idynl= 0
                15:34:23:38  LOADEND ISLAVE                                   0
                15:34:23:39  Start Input for Next Load Case
                15:34:23:39  case no=  206 seq. no=   7 idynl= 0
                15:34:23:40  LOADEND ISLAVE                                   0
                15:34:23:40  Start Input for Next Load Case
                15:34:23:41  case no=  207 seq. no=   8 idynl= 0
                15:34:23:41  LOADEND ISLAVE                                   0
                15:34:23:42  Start Input for Next Load Case
                15:34:23:42  case no=  208 seq. no=   9 idynl= 0
                15:34:23:43  LOADEND ISLAVE                                   0
                15:34:23:43  Start Input for Next Load Case
                15:34:23:44  case no=  312 seq. no=  10 idynl= 0
                15:34:23:44  LOADEND ISLAVE                                   0
                15:34:23:45  Start Input for Next Load Case
                15:34:23:45  case no=  313 seq. no=  11 idynl= 0
                15:34:23:46  LOADEND ISLAVE                                   0
                15:34:23:47  Start Input for Next Load Case
                15:34:23:47  case no=  314 seq. no=  12 idynl= 0
                15:34:23:48  LOADEND ISLAVE                                   0
                15:34:23:49  Start Input for Next Load Case
                15:34:23:49  case no=  315 seq. no=  13 idynl= 0
                15:34:23:50  LOADEND ISLAVE                                   0
                15:34:23:50  Start Input for Next Load Case
                15:34:23:51  case no=  322 seq. no=  14 idynl= 0
                15:34:23:51  LOADEND ISLAVE                                   0
                15:34:23:52  Start Input for Next Load Case
                15:34:23:53  case no=  323 seq. no=  15 idynl= 0
                15:34:23:53  LOADEND ISLAVE                                   0
                15:34:23:54  Start Input for Next Load Case
                15:34:23:54  case no=  324 seq. no=  16 idynl= 0
                15:34:23:55  LOADEND ISLAVE                                   0
                15:34:23:55  Start Input for Next Load Case
                15:34:23:56  case no=  325 seq. no=  17 idynl= 0
                15:34:23:56  LOADEND ISLAVE                                   0
                15:34:23:57  Start Input for Next Load Case
                15:34:23:57  case no=  332 seq. no=  18 idynl= 0
                15:34:23:57  LOADEND ISLAVE                                   0
                15:34:23:58  Start Input for Next Load Case
                15:34:23:59  case no=  333 seq. no=  19 idynl= 0
                15:34:23:59  LOADEND ISLAVE                                   0
                15:34:23:59  Start Input for Next Load Case
                15:34:23:60  case no=  334 seq. no=  20 idynl= 0
                15:34:23:60  LOADEND ISLAVE                                   0
                15:34:23:61  Start Input for Next Load Case
                15:34:23:62  case no=  335 seq. no=  21 idynl= 0
                15:34:23:62  LOADEND ISLAVE                                   0
                15:34:23:63  Start Input for Next Load Case
                15:34:23:63  case no=  411 seq. no=  22 idynl= 0
                15:34:23:64  LOADEND ISLAVE                                   0
                15:34:23:64  Start Input for Next Load Case
                15:34:23:65  case no=  412 seq. no=  23 idynl= 0
                15:34:23:65  LOADEND ISLAVE                                   0
                15:34:23:66  Start Input for Next Load Case
                15:34:23:66  case no=  413 seq. no=  24 idynl= 0
                15:34:23:67  LOADEND ISLAVE                                   0
                15:34:23:67  Start Input for Next Load Case
                15:34:23:68  case no=  414 seq. no=  25 idynl= 0
                15:34:23:68  LOADEND ISLAVE                                   0
                15:34:23:69  Start Input for Next Load Case
                15:34:23:69  case no=  415 seq. no=  26 idynl= 0
                15:34:23:70  LOADEND ISLAVE                                   0
                15:34:23:70  Start Input for Next Load Case
                15:34:23:71  case no=  416 seq. no=  27 idynl= 0
                15:34:23:71  LOADEND ISLAVE                                   0
                15:34:23:72  Start Input for Next Load Case
                15:34:23:72  case no=  417 seq. no=  28 idynl= 0
                15:34:23:73  LOADEND ISLAVE                                   0
                15:34:23:73  Start Input for Next Load Case
                15:34:23:74  case no=  418 seq. no=  29 idynl= 0
                15:34:23:74  LOADEND ISLAVE                                   0
                15:34:23:75  Start Input for Next Load Case
                15:34:23:75  case no=  421 seq. no=  30 idynl= 0
                15:34:23:76  LOADEND ISLAVE                                   0
                15:34:23:76  Start Input for Next Load Case
                15:34:23:77  case no=  422 seq. no=  31 idynl= 0
                15:34:23:77  LOADEND ISLAVE                                   0
                15:34:23:78  Start Input for Next Load Case
                15:34:23:78  case no=  423 seq. no=  32 idynl= 0
                15:34:23:79  LOADEND ISLAVE                                   0
                15:34:23:80  Start Input for Next Load Case
                15:34:23:80  case no=  424 seq. no=  33 idynl= 0
                15:34:23:81  LOADEND ISLAVE                                   0
                15:34:23:81  Start Input for Next Load Case
                15:34:23:82  case no=  425 seq. no=  34 idynl= 0
                15:34:23:82  LOADEND ISLAVE                                   0
                15:34:23:83  Start Input for Next Load Case
                15:34:23:83  case no=  426 seq. no=  35 idynl= 0
                15:34:23:84  LOADEND ISLAVE                                   0
                15:34:23:84  Start Input for Next Load Case
                15:34:23:85  case no=  427 seq. no=  36 idynl= 0
                15:34:23:85  LOADEND ISLAVE                                   0
                15:34:23:86  Start Input for Next Load Case
                15:34:23:86  case no=  428 seq. no=  37 idynl= 0
                15:34:23:87  LOADEND ISLAVE                                   0
                15:34:23:87  Start Input for Next Load Case
                15:34:23:88  case no=  711 seq. no=  38 idynl= 0
                15:34:23:88  LOADEND ISLAVE                                   0
                15:34:23:89  Start Input for Next Load Case
                15:34:23:90  case no=  712 seq. no=  39 idynl= 0
                15:34:23:90  LOADEND ISLAVE                                   0
                15:34:23:91  Start Input for Next Load Case
                15:34:23:91  case no=  713 seq. no=  40 idynl= 0
                15:34:23:92  LOADEND ISLAVE                                   0
                15:34:23:92  Start Input for Next Load Case
                15:34:23:93  case no=  714 seq. no=  41 idynl= 0
                15:34:23:93  LOADEND ISLAVE                                   0
                15:34:23:94  Start Input for Next Load Case
                15:34:23:94  case no=  715 seq. no=  42 idynl= 0
                15:34:23:95  LOADEND ISLAVE                                   0
                15:34:23:95  Start Input for Next Load Case
                15:34:23:96  case no=  716 seq. no=  43 idynl= 0
                15:34:23:96  LOADEND ISLAVE                                   0
                15:34:23:97  Start Input for Next Load Case
                15:34:23:97  case no=  717 seq. no=  44 idynl= 0
                15:34:23:98  LOADEND ISLAVE                                   0
                15:34:23:99  Start Input for Next Load Case
                15:34:23:99  case no=  718 seq. no=  45 idynl= 0
                15:34:24: 0  LOADEND ISLAVE                                   0
                15:34:24: 0  Start Input for Next Load Case
                15:34:24: 1  case no= 1101 seq. no=  46 idynl= 0
                15:34:24: 1  LOADEND ISLAVE                                   0
                15:34:24: 2  Start Input for Next Load Case
                15:34:24: 2  case no= 1102 seq. no=  47 idynl= 0
                15:34:24: 3  LOADEND ISLAVE                                   0
                15:34:24: 3  Start Input for Next Load Case
                15:34:24: 4  case no= 1103 seq. no=  48 idynl= 0
                15:34:24: 5  LOADEND ISLAVE                                   0
                15:34:24: 5  Start Input for Next Load Case
                15:34:24: 6  case no= 1104 seq. no=  49 idynl= 0
                15:34:24: 6  LOADEND ISLAVE                                   0
                15:34:24: 7  Start Input for Next Load Case
                15:34:24: 8  case no= 1105 seq. no=  50 idynl= 0
                15:34:24: 8  LOADEND ISLAVE                                   0
                15:34:24: 9  Start Input for Next Load Case
                15:34:24: 9  case no= 1106 seq. no=  51 idynl= 0
                15:34:24:10  LOADEND ISLAVE                                   0
                15:34:24:10  Start Input for Next Load Case
                15:34:24:11  case no= 1107 seq. no=  52 idynl= 0
                15:34:24:11  LOADEND ISLAVE                                   0
                15:34:24:12  Start Input for Next Load Case
                15:34:24:13  case no= 1108 seq. no=  53 idynl= 0
                15:34:24:14  LOADEND ISLAVE                                   0
                15:34:24:14  Start Input for Next Load Case
                15:34:24:15  case no= 1201 seq. no=  54 idynl= 0
                15:34:24:16  LOADEND ISLAVE                                   0
                15:34:24:16  Start Input for Next Load Case
                15:34:24:17  case no= 1202 seq. no=  55 idynl= 0
                15:34:24:17  LOADEND ISLAVE                                   0
                15:34:24:18  Start Input for Next Load Case
                15:34:24:18  case no= 1203 seq. no=  56 idynl= 0
                15:34:24:19  LOADEND ISLAVE                                   0
                15:34:24:19  Start Input for Next Load Case
                15:34:24:20  case no= 1204 seq. no=  57 idynl= 0
                15:34:24:21  LOADEND ISLAVE                                   0
                15:34:24:21  Start Input for Next Load Case
                15:34:24:22  case no= 1205 seq. no=  58 idynl= 0
                15:34:24:22  LOADEND ISLAVE                                   0
                15:34:24:23  Start Input for Next Load Case
                15:34:24:24  case no= 1206 seq. no=  59 idynl= 0
                15:34:24:24  LOADEND ISLAVE                                   0
                15:34:24:25  Start Input for Next Load Case
                15:34:24:25  case no= 1207 seq. no=  60 idynl= 0
                15:34:24:26  LOADEND ISLAVE                                   0
                15:34:24:26  Start Input for Next Load Case
                15:34:24:27  case no= 1208 seq. no=  61 idynl= 0
                15:34:24:27  LOADEND ISLAVE                                   0
                15:34:24:28  Start Input for Next Load Case
                15:34:24:28  case no= 2101 seq. no=  62 idynl= 0
                15:34:24:29  LOADEND ISLAVE                                   0
                15:34:24:30  Start Input for Next Load Case
                15:34:24:30  case no= 2102 seq. no=  63 idynl= 0
                15:34:24:31  LOADEND ISLAVE                                   0
                15:34:24:31  Start Input for Next Load Case
                15:34:24:32  case no= 2103 seq. no=  64 idynl= 0
                15:34:24:32  LOADEND ISLAVE                                   0
                15:34:24:33  Start Input for Next Load Case
                15:34:24:33  case no= 2104 seq. no=  65 idynl= 0
                15:34:24:34  LOADEND ISLAVE                                   0
                15:34:24:34  Start Input for Next Load Case
                15:34:24:35  case no= 2105 seq. no=  66 idynl= 0
                15:34:24:35  LOADEND ISLAVE                                   0
                15:34:24:36  Start Input for Next Load Case
                15:34:24:37  case no= 2106 seq. no=  67 idynl= 0
                15:34:24:37  LOADEND ISLAVE                                   0
                15:34:24:38  Start Input for Next Load Case
                15:34:24:38  case no= 2107 seq. no=  68 idynl= 0
                15:34:24:39  LOADEND ISLAVE                                   0
                15:34:24:39  Start Input for Next Load Case
                15:34:24:40  case no= 2108 seq. no=  69 idynl= 0
                15:34:24:40  LOADEND ISLAVE                                   0
                15:34:24:41  Start Input for Next Load Case
                15:34:24:41  case no= 3001 seq. no=  70 idynl= 0
                15:34:24:42  LOADEND ISLAVE                                   0
                15:34:24:42  Start Input for Next Load Case
                15:34:24:43  case no= 3002 seq. no=  71 idynl= 0
                15:34:24:43  LOADEND ISLAVE                                   0
                15:34:24:44  Start Input for Next Load Case
                15:34:24:44  case no= 3003 seq. no=  72 idynl= 0
                15:34:24:45  LOADEND ISLAVE                                   0
                15:34:24:45  Start Input for Next Load Case
                15:34:24:46  case no= 3004 seq. no=  73 idynl= 0
                15:34:24:46  LOADEND ISLAVE                                   0
                15:34:24:47  Start Input for Next Load Case
                15:34:24:47  case no= 3005 seq. no=  74 idynl= 0
                15:34:24:48  LOADEND ISLAVE                                   0
                15:34:24:48  Start Input for Next Load Case
                15:34:24:49  case no= 3006 seq. no=  75 idynl= 0
                15:34:24:49  LOADEND ISLAVE                                   0
                15:34:24:50  Start Input for Next Load Case
                15:34:24:50  case no= 3007 seq. no=  76 idynl= 0
                15:34:24:51  LOADEND ISLAVE                                   0
                15:34:24:51  Start Input for Next Load Case
                15:34:24:52  case no= 3008 seq. no=  77 idynl= 0
                15:34:24:52  LOADEND ISLAVE                                   0
                15:34:24:53  Start Input for Next Load Case
                15:34:24:53  case no= 3011 seq. no=  78 idynl= 0
                15:34:24:54  LOADEND ISLAVE                                   0
                15:34:24:54  Start Input for Next Load Case
                15:34:24:55  case no= 3012 seq. no=  79 idynl= 0
                15:34:24:55  LOADEND ISLAVE                                   0
                15:34:24:56  Start Input for Next Load Case
                15:34:24:57  case no= 3013 seq. no=  80 idynl= 0
                15:34:24:57  LOADEND ISLAVE                                   0
                15:34:24:58  Start Input for Next Load Case
                15:34:24:58  case no= 3014 seq. no=  81 idynl= 0
                15:34:24:59  LOADEND ISLAVE                                   0
                15:34:24:59  Start Input for Next Load Case
                15:34:24:60  case no= 3015 seq. no=  82 idynl= 0
                15:34:24:60  LOADEND ISLAVE                                   0
                15:34:24:61  Start Input for Next Load Case
                15:34:24:62  case no= 3016 seq. no=  83 idynl= 0
                15:34:24:62  LOADEND ISLAVE                                   0
                15:34:24:63  Start Input for Next Load Case
                15:34:24:63  case no= 3017 seq. no=  84 idynl= 0
                15:34:24:64  LOADEND ISLAVE                                   0
                15:34:24:64  Start Input for Next Load Case
                15:34:24:65  case no= 3018 seq. no=  85 idynl= 0
                15:34:24:65  LOADEND ISLAVE                                   0
                15:34:24:66  Start Input for Next Load Case
                15:34:24:66  case no= 3021 seq. no=  86 idynl= 0
                15:34:24:67  LOADEND ISLAVE                                   0
                15:34:24:67  Start Input for Next Load Case
                15:34:24:68  case no= 3022 seq. no=  87 idynl= 0
                15:34:24:68  LOADEND ISLAVE                                   0
                15:34:24:69  Start Input for Next Load Case
                15:34:24:69  case no= 3023 seq. no=  88 idynl= 0
                15:34:24:70  LOADEND ISLAVE                                   0
                15:34:24:70  Start Input for Next Load Case
                15:34:24:71  case no= 3024 seq. no=  89 idynl= 0
                15:34:24:71  LOADEND ISLAVE                                   0
                15:34:24:72  Start Input for Next Load Case
                15:34:24:72  case no= 3025 seq. no=  90 idynl= 0
                15:34:24:73  LOADEND ISLAVE                                   0
                15:34:24:73  Start Input for Next Load Case
                15:34:24:74  case no= 3026 seq. no=  91 idynl= 0
                15:34:24:74  LOADEND ISLAVE                                   0
                15:34:24:75  Start Input for Next Load Case
                15:34:24:75  case no= 3027 seq. no=  92 idynl= 0
                15:34:24:75  LOADEND ISLAVE                                   0
                15:34:24:76  Start Input for Next Load Case
                15:34:24:76  case no= 3028 seq. no=  93 idynl= 0
                15:34:24:77  LOADEND ISLAVE                                   0
                15:34:24:77  Start Input for Next Load Case
                15:34:24:78  case no= 3201 seq. no=  94 idynl= 0
                15:34:24:78  LOADEND ISLAVE                                   0
                15:34:24:79  Start Input for Next Load Case
                15:34:24:80  case no= 3202 seq. no=  95 idynl= 0
                15:34:24:80  LOADEND ISLAVE                                   0
                15:34:24:81  Start Input for Next Load Case
                15:34:24:81  case no= 3203 seq. no=  96 idynl= 0
                15:34:24:82  LOADEND ISLAVE                                   0
                15:34:24:82  Start Input for Next Load Case
                15:34:24:83  case no= 3204 seq. no=  97 idynl= 0
                15:34:24:83  LOADEND ISLAVE                                   0
                15:34:24:84  Start Input for Next Load Case
                15:34:24:84  case no= 3205 seq. no=  98 idynl= 0
                15:34:24:85  LOADEND ISLAVE                                   0
                15:34:24:85  Start Input for Next Load Case
                15:34:24:86  case no= 3206 seq. no=  99 idynl= 0
                15:34:24:86  LOADEND ISLAVE                                   0
                15:34:24:87  Start Input for Next Load Case
                15:34:24:87  case no= 3207 seq. no= 100 idynl= 0
                15:34:24:88  LOADEND ISLAVE                                   0
                15:34:24:88  Start Input for Next Load Case
                15:34:24:89  case no= 3208 seq. no= 101 idynl= 0
                15:34:24:89  LOADEND ISLAVE                                   0
                15:34:24:90  NVPREV                                           0
                15:34:24:90  AMAXNON                               3.585958E-01
                15:34:24:91  IRECSIZL=                                     4000
                15:34:24:91  MTX BLOCKSIZE=                                  42
                15:34:24:92  MI=                                             42
                15:34:24:92  NORECL=                                          1
                15:34:24:93  NORECL1=                                         1
                15:34:24:93  IWORD=                                       32000
                15:34:24:94  JRECSIZE=                                     4000
                15:34:24:94  IWORDJ=                                      32000
                15:34:24:95  IBYTE=                                           4
                15:34:24:95  JOINTS=                                          9
                15:34:24:96  MEMBERS=                                         8
                15:34:24:96  PLATES =                                         0
                15:34:24:97  SOLIDS =                                         0
                15:34:24:98  NO. OF EQUATIONS=                               42
                15:34:24:98  idyn=                                            0
                15:34:24:99  ipd=                                             0
                15:34:24:99  icablanl=                                        0
                15:34:25: 0  ++ Processing Element Stiffness Matrix.
                15:34:25: 0  NV1                                            101
                15:34:25:11  ++ Calculating Element Forces & Reactions.
                15:34:25:65  COMBINATION CASES=                               0
                15:34:25:65  MAX CM MEMORY (KILOWORDS)                       29
                15:34:25:66  AFTER SOLVER 1
                15:34:25:68  REOPEN AS SEQ                                    0
                15:34:25:68  DEFINE ENVELOPE
                15:34:25:70  LOAD LIST 1101 TO 110
                15:34:25:70  PARAMETER 1
                15:34:25:71  CHECK CODE ALL
                15:34:25:71  ENTERING SECTNM110 IQ=                           8
                15:34:25:72               NSEC=                              11
                15:34:25:72             ISECTN=                               0
                15:34:25:75  SECTNM110 DO 925
                15:34:25:76  ENTERING ENVLP1 ITYP1=                          -3
                15:34:25:76  SECT DISPLACE
                15:34:25:79  Steel/Alum/Timber Design                        52
                15:34:25:80    ++ Finished Design ...
                15:34:25:80  Steel/Timber Design exit
                15:34:25:81  LOAD LIST 2101 TO 210
                15:34:25:82  PARAMETER 1
                15:34:25:83  CHECK CODE ALL
                15:34:25:83  ENTERING ENVLP1 ITYP1=                          -3
                15:34:25:83  SECT DISPLACE
                15:34:25:85  Steel/Alum/Timber Design                        52
                15:34:25:86    ++ Finished Design ...
                15:34:25:86  Steel/Timber Design exit
                15:34:25:87  LOAD LIST ENV 4 TO 7
                15:34:25:88  PARAMETER 1
                15:34:25:89  CHECK CODE ALL
                15:34:25:89  ENTERING ENVLP1 ITYP1=                          -3
                15:34:25:89  SECT DISPLACE
                15:34:25:92  Steel/Alum/Timber Design                        52
                15:34:25:93    ++ Finished Design ...
                15:34:25:93  Steel/Timber Design exit
                15:34:25:94  PRINT JOINT DISPLACEM
                15:34:25:94  DRAW ISOM JOIN MEMB
                15:34:25:95  ENTERING SECTNM110 IQ=                           8
                15:34:25:95               NSEC=                              11
                15:34:25:96             ISECTN=                               0
                15:34:25:98  SECTNM110 DO 925
                15:34:26: 0  PRINT SUPPORT REACTIO
                15:34:26: 0  DRAW ISOM SUPP PROP
                15:34:26: 1  ENTERING SECTNM110 IQ=                           8
                15:34:26: 2               NSEC=                              11
                15:34:26: 2             ISECTN=                               0
                15:34:26: 5  SECTNM110 DO 925
                15:34:26: 7  DRAW ISOM SHAP
                15:34:26: 7  ENTERING SECTNM110 IQ=                           8
                15:34:26: 7               NSEC=                              11
                15:34:26: 8             ISECTN=                               0
                15:34:26:10  SECTNM110 DO 925
                15:34:26:12  PRINT CG
                15:34:26:12  FINISH
                15:34:26:13  All Commands FINISHed
                15:34:26:14  DATASAVE for SPRO GUI
                15:34:26:14  ++ Creating Displacement File (DSP)...
                15:34:26:16  ++ Creating Reaction File (REA)...
                15:34:26:16  ++ Creating Section Force File (BMD)...
                15:34:26:18  ++ Creating Section Displace File (SEC)...
                15:34:26:18  ENTERING ENVLP1 ITYP1=                          -5
                15:34:26:19  SECT DISPLACE
                15:34:26:22  ++ Creating Section Displace File (SCN)...
                15:34:26:23  ++ Creating Design information File (DGN)...
                15:34:26:24  ALLOCATED CM MEMORY (KILOWORDS)             300000
                15:34:26:24  MAX CM MEMORY (KILOWORDS)                       62
                15:34:26:25  DBS LONG SEC NAME
* End Of Analysis At Thu Oct  3 15:34:26 2024
* CPU usage = 3.502000
* STAAD Exit Code: 100, Warning Count: 0, Error Count: 0, Duration: 3.502
1 0 0 3.502
****************************************************************************
*                            END OF ANALYSIS                               *
****************************************************************************
