10/03/2024 15:32:14	Reading UID database.
10/03/2024 15:32:14	Start loading STAAD model.
10/03/2024 15:32:14	Reading model file.
10/03/2024 15:32:14	Reading model file is complete.
10/03/2024 15:32:14	Processing support.
10/03/2024 15:32:14	Processing springs.
10/03/2024 15:32:14	Processing properties.
10/03/2024 15:32:14	Processing physical properties.
10/03/2024 15:32:14	Processing constants.
10/03/2024 15:32:14	Processing BETA constants.
10/03/2024 15:32:14	Processing hidden analytical member loads.
10/03/2024 15:32:14	Processing command list for member release.
10/03/2024 15:32:14	Processing command list for member offset.
10/03/2024 15:32:14	Processing command list for member specs (cracked).
10/03/2024 15:32:14	Processing command list for member specs (axial).
10/03/2024 15:32:14	Processing command list for element release.
10/03/2024 15:32:14	Processing command list for element offset.
10/03/2024 15:32:14	Processing command list for element plate stress directive.
10/03/2024 15:32:14	Processing parameter for Chinese wind load case.
10/03/2024 15:32:14	End Processing command list.
10/03/2024 15:32:14	End loading STAAD model.
10/03/2024 15:32:14	Start Post Analysis method
10/03/2024 15:32:14	Removed all hidden plates from surfaces
10/03/2024 15:32:14	Removed all hidden plates
10/03/2024 15:32:14	Removed all hidden nodes
10/03/2024 15:32:14	Loading results from MSH file...
10/03/2024 15:32:14	Building result indices...
10/03/2024 15:32:14	Loading plate stress results...
10/03/2024 15:32:14	Set analysis report setup data
10/03/2024 15:32:14	Starting page setup...
10/03/2024 15:32:14	Page setup completed
10/03/2024 15:32:14	Setting available workflows...
10/03/2024 15:32:14	Post analysis method ends
10/03/2024 15:32:33	Start Post Analysis method
10/03/2024 15:32:33	Removed all hidden plates from surfaces
10/03/2024 15:32:33	Removed all hidden plates
10/03/2024 15:32:33	Removed all hidden nodes
10/03/2024 15:32:33	Loading results from MSH file...
10/03/2024 15:32:33	Building result indices...
10/03/2024 15:32:33	Loading plate stress results...
10/03/2024 15:32:33	Set analysis report setup data
10/03/2024 15:32:33	Starting page setup...
10/03/2024 15:32:33	Page setup completed
10/03/2024 15:32:33	Setting available workflows...
10/03/2024 15:32:33	Post analysis method ends
10/03/2024 15:32:56	Start Post Analysis method
10/03/2024 15:32:56	Removed all hidden plates from surfaces
10/03/2024 15:32:56	Removed all hidden plates
10/03/2024 15:32:56	Removed all hidden nodes
10/03/2024 15:32:56	Loading results from MSH file...
10/03/2024 15:32:56	Building result indices...
10/03/2024 15:32:56	Loading plate stress results...
10/03/2024 15:32:56	Set analysis report setup data
10/03/2024 15:32:56	Starting page setup...
10/03/2024 15:32:56	Page setup completed
10/03/2024 15:32:56	Setting available workflows...
10/03/2024 15:32:56	Post analysis method ends
10/03/2024 15:34:05	Reading UID database.
10/03/2024 15:34:05	Start loading STAAD model.
10/03/2024 15:34:05	Reading model file.
10/03/2024 15:34:05	Reading model file is complete.
10/03/2024 15:34:05	Processing support.
10/03/2024 15:34:05	Processing springs.
10/03/2024 15:34:05	Processing properties.
10/03/2024 15:34:05	Processing physical properties.
10/03/2024 15:34:05	Processing constants.
10/03/2024 15:34:05	Processing BETA constants.
10/03/2024 15:34:05	Processing hidden analytical member loads.
10/03/2024 15:34:05	Processing command list for member release.
10/03/2024 15:34:05	Processing command list for member offset.
10/03/2024 15:34:05	Processing command list for member specs (cracked).
10/03/2024 15:34:05	Processing command list for member specs (axial).
10/03/2024 15:34:05	Processing command list for element release.
10/03/2024 15:34:05	Processing command list for element offset.
10/03/2024 15:34:05	Processing command list for element plate stress directive.
10/03/2024 15:34:05	Processing parameter for Chinese wind load case.
10/03/2024 15:34:05	End Processing command list.
10/03/2024 15:34:05	End loading STAAD model.
10/03/2024 15:34:05	Start Post Analysis method
10/03/2024 15:34:05	Removed all hidden plates from surfaces
10/03/2024 15:34:05	Removed all hidden plates
10/03/2024 15:34:05	Removed all hidden nodes
10/03/2024 15:34:05	Loading results from MSH file...
10/03/2024 15:34:05	Building result indices...
10/03/2024 15:34:05	Loading plate stress results...
10/03/2024 15:34:05	Set analysis report setup data
10/03/2024 15:34:05	Starting page setup...
10/03/2024 15:34:05	Page setup completed
10/03/2024 15:34:05	Setting available workflows...
10/03/2024 15:34:05	Post analysis method ends
10/03/2024 15:34:28	Start Post Analysis method
10/03/2024 15:34:28	Removed all hidden plates from surfaces
10/03/2024 15:34:28	Removed all hidden plates
10/03/2024 15:34:28	Removed all hidden nodes
10/03/2024 15:34:28	Loading results from MSH file...
10/03/2024 15:34:28	Building result indices...
10/03/2024 15:34:28	Loading plate stress results...
10/03/2024 15:34:28	Set analysis report setup data
10/03/2024 15:34:28	Starting page setup...
10/03/2024 15:34:28	Page setup completed
10/03/2024 15:34:28	Setting available workflows...
10/03/2024 15:34:28	Post analysis method ends
