10/01/2024 15:32:45	Reading UID database.
10/01/2024 15:32:45	Start loading STAAD model.
10/01/2024 15:32:45	Reading model file.
10/01/2024 15:32:46	Reading model file is complete.
10/01/2024 15:32:46	Processing support.
10/01/2024 15:32:46	Processing springs.
10/01/2024 15:32:46	Processing properties.
10/01/2024 15:32:46	Processing physical properties.
10/01/2024 15:32:46	Processing constants.
10/01/2024 15:32:46	Processing BETA constants.
10/01/2024 15:32:46	Processing hidden analytical member loads.
10/01/2024 15:32:46	Processing command list for member release.
10/01/2024 15:32:46	Processing command list for member offset.
10/01/2024 15:32:46	Processing command list for member specs (cracked).
10/01/2024 15:32:46	Processing command list for member specs (axial).
10/01/2024 15:32:46	Processing command list for element release.
10/01/2024 15:32:46	Processing command list for element offset.
10/01/2024 15:32:46	Processing command list for element plate stress directive.
10/01/2024 15:32:46	Processing parameter for Chinese wind load case.
10/01/2024 15:32:46	End Processing command list.
10/01/2024 15:32:46	End loading STAAD model.
10/01/2024 15:32:46	Start Post Analysis method
10/01/2024 15:32:46	Removed all hidden plates from surfaces
10/01/2024 15:32:46	Removed all hidden plates
10/01/2024 15:32:46	Removed all hidden nodes
10/01/2024 15:32:46	Loading results from MSH file...
10/01/2024 15:32:46	Building result indices...
10/01/2024 15:32:46	Loading plate stress results...
10/01/2024 15:32:46	Set analysis report setup data
10/01/2024 15:32:46	Starting page setup...
10/01/2024 15:32:46	Page setup completed
10/01/2024 15:32:46	Setting available workflows...
10/01/2024 15:32:46	Post analysis method ends
