11:00:41	Initializing STAAD Engine
11:00:41	Run stream set up is complete.
11:00:41	Initialize license libraries.
11:00:41	License libraries initialized.
11:00:41	Starting license(s) for A & D engine.
11:03:14	License Status: Ok
11:03:14	License information set up is complete.
****************************************************************************
*                            START OF ANALYSIS                             *
****************************************************************************
* Initiating Analysis At Fri Jul 12 11:03:14 2024
                          PROGRAM: STAAD.Pro
                          VERSION: 23.00.01.25
                11: 3:14:95  ENTERING STAAD
                11: 3:14:98  USING 64 BIT STAAD ENGINE
                11: 3:14:98  ENTERING MAINN
                11: 3:14:98  START JOB INFORMATION
                11: 3:14:99  INPUT WIDTH 79
                11: 3:14:99  UNIT MMS KN
                11: 3:14:99  JOINT COORDINATES
                11: 3:15: 0  ENTERING JOINTC
                11: 3:15: 0  JOINTC NEWJ                                 400000
                11: 3:15: 1  MAX NODE NO.                                    16
                11: 3:15: 1  MEMBER INCIDENCES
                11: 3:15: 2  UNIT METER KN
                11: 3:15: 2  DEFINE MATERIAL START
                11: 3:15: 2  UNIT MMS KN
                11: 3:15: 3  MEMBER PROPERTY EUROP
                11: 3:15:48    ++ Finished Reading Member Properties ...
                11: 3:15:48  CONSTANTS
                11: 3:15:49  SUPPORTS
                11: 3:15:50  ENTERING SUPPORT
                11: 3:15:50  MEMBER OFFSET
                11: 3:15:51  DEFINE WIND LOAD
                11: 3:15:51  LOAD 121 LOADTYPE DEA
                11: 3:15:51  DUPLICATE ELEMENT CHECK
                11: 3:15:52  CHECKING STRUCTURAL INTEGRITY
                11: 3:15:52  CHECK UNCONNECTED JOINTS AND
                11: 3:15:53  CALCULATE MAX JOINT CONNECTIVITY
                11: 3:15:53  CHECK MULTIPLE STRUCTURES
                11: 3:15:54  ENTERING SUPPORT
                11: 3:15:54  NRJOLD                                           0
                11: 3:15:55  SUPPORT NOLD                                     0
                11: 3:15:55  SUPPORT N                                       84
                11: 3:15:56  BEFORE LOADPR
                11: 3:15:56  REOPEN AS DIR                                    0
                11: 3:15:56  ENTER LOADPR
                11: 3:15:70  PERFORM ANALYSIS PRIN
                11: 3:15:70  pdel iter                                        0
                11: 3:15:70  MAXIMUM E =                           2.973273E+04
                11: 3:15:71  MINIMUM E =                           2.973273E+04
                11: 3:15:71  MBW DOF BAND=                                    1
                11: 3:15:72  NUMBER OF PRIMARY CASES                        101
                11: 3:15:72  NUMBER OF CASES                                252
                11: 3:15:72  #OF CASES W/ELEM INMEMORY                      252
                11: 3:15:73  MEMORY FOR MEMBER LOADS                      48384
                11: 3:15:74  MEMORY FOR DISPLACEMENTS                     24192
                11: 3:15:74  MEMORY FOR MEMBER FORCES                     48384
                11: 3:15:75  Using 64-bit analysis engine
                11: 3:15:75  BEFORE SOLVER 1
                11: 3:15:76  Start Input for Next Load Case
                11: 3:15:76  case no=  121 seq. no=   1 idynl= 0
                11: 3:15:77  MASSSET                                          0
                11: 3:15:77  LOADEND ISLAVE                                   0
                11: 3:15:78  Start Input for Next Load Case
                11: 3:15:78  case no=  201 seq. no=   2 idynl= 0
                11: 3:15:79  LOADEND ISLAVE                                   0
                11: 3:15:80  Start Input for Next Load Case
                11: 3:15:80  case no=  202 seq. no=   3 idynl= 0
                11: 3:15:81  LOADEND ISLAVE                                   0
                11: 3:15:81  Start Input for Next Load Case
                11: 3:15:82  case no=  203 seq. no=   4 idynl= 0
                11: 3:15:83  LOADEND ISLAVE                                   0
                11: 3:15:83  Start Input for Next Load Case
                11: 3:15:84  case no=  204 seq. no=   5 idynl= 0
                11: 3:15:84  LOADEND ISLAVE                                   0
                11: 3:15:85  Start Input for Next Load Case
                11: 3:15:85  case no=  205 seq. no=   6 idynl= 0
                11: 3:15:86  LOADEND ISLAVE                                   0
                11: 3:15:86  Start Input for Next Load Case
                11: 3:15:87  case no=  206 seq. no=   7 idynl= 0
                11: 3:15:87  LOADEND ISLAVE                                   0
                11: 3:15:88  Start Input for Next Load Case
                11: 3:15:88  case no=  207 seq. no=   8 idynl= 0
                11: 3:15:88  LOADEND ISLAVE                                   0
                11: 3:15:89  Start Input for Next Load Case
                11: 3:15:89  case no=  208 seq. no=   9 idynl= 0
                11: 3:15:90  LOADEND ISLAVE                                   0
                11: 3:15:90  Start Input for Next Load Case
                11: 3:15:90  case no=  312 seq. no=  10 idynl= 0
                11: 3:15:91  LOADEND ISLAVE                                   0
                11: 3:15:91  Start Input for Next Load Case
                11: 3:15:92  case no=  313 seq. no=  11 idynl= 0
                11: 3:15:92  LOADEND ISLAVE                                   0
                11: 3:15:92  Start Input for Next Load Case
                11: 3:15:93  case no=  314 seq. no=  12 idynl= 0
                11: 3:15:93  LOADEND ISLAVE                                   0
                11: 3:15:94  Start Input for Next Load Case
                11: 3:15:94  case no=  315 seq. no=  13 idynl= 0
                11: 3:15:95  LOADEND ISLAVE                                   0
                11: 3:15:95  Start Input for Next Load Case
                11: 3:15:95  case no=  322 seq. no=  14 idynl= 0
                11: 3:15:96  LOADEND ISLAVE                                   0
                11: 3:15:96  Start Input for Next Load Case
                11: 3:15:97  case no=  323 seq. no=  15 idynl= 0
                11: 3:15:97  LOADEND ISLAVE                                   0
                11: 3:15:97  Start Input for Next Load Case
                11: 3:15:98  case no=  324 seq. no=  16 idynl= 0
                11: 3:15:98  LOADEND ISLAVE                                   0
                11: 3:15:99  Start Input for Next Load Case
                11: 3:15:99  case no=  325 seq. no=  17 idynl= 0
                11: 3:15:99  LOADEND ISLAVE                                   0
                11: 3:16: 0  Start Input for Next Load Case
                11: 3:16: 0  case no=  332 seq. no=  18 idynl= 0
                11: 3:16: 1  LOADEND ISLAVE                                   0
                11: 3:16: 1  Start Input for Next Load Case
                11: 3:16: 2  case no=  333 seq. no=  19 idynl= 0
                11: 3:16: 2  LOADEND ISLAVE                                   0
                11: 3:16: 2  Start Input for Next Load Case
                11: 3:16: 3  case no=  334 seq. no=  20 idynl= 0
                11: 3:16: 3  LOADEND ISLAVE                                   0
                11: 3:16: 4  Start Input for Next Load Case
                11: 3:16: 4  case no=  335 seq. no=  21 idynl= 0
                11: 3:16: 5  LOADEND ISLAVE                                   0
                11: 3:16: 5  Start Input for Next Load Case
                11: 3:16: 5  case no=  411 seq. no=  22 idynl= 0
                11: 3:16: 6  LOADEND ISLAVE                                   0
                11: 3:16: 6  Start Input for Next Load Case
                11: 3:16: 7  case no=  412 seq. no=  23 idynl= 0
                11: 3:16: 7  LOADEND ISLAVE                                   0
                11: 3:16: 8  Start Input for Next Load Case
                11: 3:16: 8  case no=  413 seq. no=  24 idynl= 0
                11: 3:16: 9  LOADEND ISLAVE                                   0
                11: 3:16: 9  Start Input for Next Load Case
                11: 3:16:10  case no=  414 seq. no=  25 idynl= 0
                11: 3:16:10  LOADEND ISLAVE                                   0
                11: 3:16:11  Start Input for Next Load Case
                11: 3:16:11  case no=  415 seq. no=  26 idynl= 0
                11: 3:16:12  LOADEND ISLAVE                                   0
                11: 3:16:12  Start Input for Next Load Case
                11: 3:16:12  case no=  416 seq. no=  27 idynl= 0
                11: 3:16:13  LOADEND ISLAVE                                   0
                11: 3:16:13  Start Input for Next Load Case
                11: 3:16:14  case no=  417 seq. no=  28 idynl= 0
                11: 3:16:14  LOADEND ISLAVE                                   0
                11: 3:16:15  Start Input for Next Load Case
                11: 3:16:15  case no=  418 seq. no=  29 idynl= 0
                11: 3:16:15  LOADEND ISLAVE                                   0
                11: 3:16:16  Start Input for Next Load Case
                11: 3:16:16  case no=  421 seq. no=  30 idynl= 0
                11: 3:16:17  LOADEND ISLAVE                                   0
                11: 3:16:17  Start Input for Next Load Case
                11: 3:16:18  case no=  422 seq. no=  31 idynl= 0
                11: 3:16:18  LOADEND ISLAVE                                   0
                11: 3:16:18  Start Input for Next Load Case
                11: 3:16:19  case no=  423 seq. no=  32 idynl= 0
                11: 3:16:19  LOADEND ISLAVE                                   0
                11: 3:16:20  Start Input for Next Load Case
                11: 3:16:20  case no=  424 seq. no=  33 idynl= 0
                11: 3:16:21  LOADEND ISLAVE                                   0
                11: 3:16:21  Start Input for Next Load Case
                11: 3:16:21  case no=  425 seq. no=  34 idynl= 0
                11: 3:16:22  LOADEND ISLAVE                                   0
                11: 3:16:22  Start Input for Next Load Case
                11: 3:16:23  case no=  426 seq. no=  35 idynl= 0
                11: 3:16:23  LOADEND ISLAVE                                   0
                11: 3:16:24  Start Input for Next Load Case
                11: 3:16:24  case no=  427 seq. no=  36 idynl= 0
                11: 3:16:24  LOADEND ISLAVE                                   0
                11: 3:16:25  Start Input for Next Load Case
                11: 3:16:25  case no=  428 seq. no=  37 idynl= 0
                11: 3:16:26  LOADEND ISLAVE                                   0
                11: 3:16:26  Start Input for Next Load Case
                11: 3:16:27  case no=  711 seq. no=  38 idynl= 0
                11: 3:16:27  LOADEND ISLAVE                                   0
                11: 3:16:27  Start Input for Next Load Case
                11: 3:16:28  case no=  712 seq. no=  39 idynl= 0
                11: 3:16:28  LOADEND ISLAVE                                   0
                11: 3:16:29  Start Input for Next Load Case
                11: 3:16:29  case no=  713 seq. no=  40 idynl= 0
                11: 3:16:30  LOADEND ISLAVE                                   0
                11: 3:16:30  Start Input for Next Load Case
                11: 3:16:31  case no=  714 seq. no=  41 idynl= 0
                11: 3:16:31  LOADEND ISLAVE                                   0
                11: 3:16:31  Start Input for Next Load Case
                11: 3:16:32  case no=  715 seq. no=  42 idynl= 0
                11: 3:16:32  LOADEND ISLAVE                                   0
                11: 3:16:33  Start Input for Next Load Case
                11: 3:16:33  case no=  716 seq. no=  43 idynl= 0
                11: 3:16:34  LOADEND ISLAVE                                   0
                11: 3:16:34  Start Input for Next Load Case
                11: 3:16:34  case no=  717 seq. no=  44 idynl= 0
                11: 3:16:35  LOADEND ISLAVE                                   0
                11: 3:16:35  Start Input for Next Load Case
                11: 3:16:36  case no=  718 seq. no=  45 idynl= 0
                11: 3:16:36  LOADEND ISLAVE                                   0
                11: 3:16:37  Start Input for Next Load Case
                11: 3:16:37  case no= 1101 seq. no=  46 idynl= 0
                11: 3:16:38  LOADEND ISLAVE                                   0
                11: 3:16:39  Start Input for Next Load Case
                11: 3:16:39  case no= 1102 seq. no=  47 idynl= 0
                11: 3:16:40  LOADEND ISLAVE                                   0
                11: 3:16:40  Start Input for Next Load Case
                11: 3:16:41  case no= 1103 seq. no=  48 idynl= 0
                11: 3:16:41  LOADEND ISLAVE                                   0
                11: 3:16:42  Start Input for Next Load Case
                11: 3:16:43  case no= 1104 seq. no=  49 idynl= 0
                11: 3:16:43  LOADEND ISLAVE                                   0
                11: 3:16:44  Start Input for Next Load Case
                11: 3:16:44  case no= 1105 seq. no=  50 idynl= 0
                11: 3:16:45  LOADEND ISLAVE                                   0
                11: 3:16:45  Start Input for Next Load Case
                11: 3:16:46  case no= 1106 seq. no=  51 idynl= 0
                11: 3:16:46  LOADEND ISLAVE                                   0
                11: 3:16:47  Start Input for Next Load Case
                11: 3:16:47  case no= 1107 seq. no=  52 idynl= 0
                11: 3:16:48  LOADEND ISLAVE                                   0
                11: 3:16:48  Start Input for Next Load Case
                11: 3:16:49  case no= 1108 seq. no=  53 idynl= 0
                11: 3:16:49  LOADEND ISLAVE                                   0
                11: 3:16:50  Start Input for Next Load Case
                11: 3:16:50  case no= 1201 seq. no=  54 idynl= 0
                11: 3:16:50  LOADEND ISLAVE                                   0
                11: 3:16:51  Start Input for Next Load Case
                11: 3:16:51  case no= 1202 seq. no=  55 idynl= 0
                11: 3:16:52  LOADEND ISLAVE                                   0
                11: 3:16:52  Start Input for Next Load Case
                11: 3:16:53  case no= 1203 seq. no=  56 idynl= 0
                11: 3:16:53  LOADEND ISLAVE                                   0
                11: 3:16:53  Start Input for Next Load Case
                11: 3:16:54  case no= 1204 seq. no=  57 idynl= 0
                11: 3:16:55  LOADEND ISLAVE                                   0
                11: 3:16:55  Start Input for Next Load Case
                11: 3:16:56  case no= 1205 seq. no=  58 idynl= 0
                11: 3:16:56  LOADEND ISLAVE                                   0
                11: 3:16:56  Start Input for Next Load Case
                11: 3:16:57  case no= 1206 seq. no=  59 idynl= 0
                11: 3:16:57  LOADEND ISLAVE                                   0
                11: 3:16:58  Start Input for Next Load Case
                11: 3:16:58  case no= 1207 seq. no=  60 idynl= 0
                11: 3:16:58  LOADEND ISLAVE                                   0
                11: 3:16:59  Start Input for Next Load Case
                11: 3:16:59  case no= 1208 seq. no=  61 idynl= 0
                11: 3:16:60  LOADEND ISLAVE                                   0
                11: 3:16:60  Start Input for Next Load Case
                11: 3:16:61  case no= 2101 seq. no=  62 idynl= 0
                11: 3:16:61  LOADEND ISLAVE                                   0
                11: 3:16:62  Start Input for Next Load Case
                11: 3:16:62  case no= 2102 seq. no=  63 idynl= 0
                11: 3:16:63  LOADEND ISLAVE                                   0
                11: 3:16:63  Start Input for Next Load Case
                11: 3:16:63  case no= 2103 seq. no=  64 idynl= 0
                11: 3:16:64  LOADEND ISLAVE                                   0
                11: 3:16:64  Start Input for Next Load Case
                11: 3:16:65  case no= 2104 seq. no=  65 idynl= 0
                11: 3:16:65  LOADEND ISLAVE                                   0
                11: 3:16:66  Start Input for Next Load Case
                11: 3:16:66  case no= 2105 seq. no=  66 idynl= 0
                11: 3:16:66  LOADEND ISLAVE                                   0
                11: 3:16:67  Start Input for Next Load Case
                11: 3:16:67  case no= 2106 seq. no=  67 idynl= 0
                11: 3:16:68  LOADEND ISLAVE                                   0
                11: 3:16:68  Start Input for Next Load Case
                11: 3:16:69  case no= 2107 seq. no=  68 idynl= 0
                11: 3:16:69  LOADEND ISLAVE                                   0
                11: 3:16:69  Start Input for Next Load Case
                11: 3:16:70  case no= 2108 seq. no=  69 idynl= 0
                11: 3:16:70  LOADEND ISLAVE                                   0
                11: 3:16:71  Start Input for Next Load Case
                11: 3:16:71  case no= 3001 seq. no=  70 idynl= 0
                11: 3:16:72  LOADEND ISLAVE                                   0
                11: 3:16:72  Start Input for Next Load Case
                11: 3:16:72  case no= 3002 seq. no=  71 idynl= 0
                11: 3:16:73  LOADEND ISLAVE                                   0
                11: 3:16:73  Start Input for Next Load Case
                11: 3:16:74  case no= 3003 seq. no=  72 idynl= 0
                11: 3:16:74  LOADEND ISLAVE                                   0
                11: 3:16:75  Start Input for Next Load Case
                11: 3:16:75  case no= 3004 seq. no=  73 idynl= 0
                11: 3:16:75  LOADEND ISLAVE                                   0
                11: 3:16:76  Start Input for Next Load Case
                11: 3:16:76  case no= 3005 seq. no=  74 idynl= 0
                11: 3:16:77  LOADEND ISLAVE                                   0
                11: 3:16:77  Start Input for Next Load Case
                11: 3:16:77  case no= 3006 seq. no=  75 idynl= 0
                11: 3:16:78  LOADEND ISLAVE                                   0
                11: 3:16:78  Start Input for Next Load Case
                11: 3:16:79  case no= 3007 seq. no=  76 idynl= 0
                11: 3:16:79  LOADEND ISLAVE                                   0
                11: 3:16:80  Start Input for Next Load Case
                11: 3:16:80  case no= 3008 seq. no=  77 idynl= 0
                11: 3:16:80  LOADEND ISLAVE                                   0
                11: 3:16:81  Start Input for Next Load Case
                11: 3:16:81  case no= 3011 seq. no=  78 idynl= 0
                11: 3:16:82  LOADEND ISLAVE                                   0
                11: 3:16:82  Start Input for Next Load Case
                11: 3:16:83  case no= 3012 seq. no=  79 idynl= 0
                11: 3:16:83  LOADEND ISLAVE                                   0
                11: 3:16:83  Start Input for Next Load Case
                11: 3:16:84  case no= 3013 seq. no=  80 idynl= 0
                11: 3:16:85  LOADEND ISLAVE                                   0
                11: 3:16:85  Start Input for Next Load Case
                11: 3:16:86  case no= 3014 seq. no=  81 idynl= 0
                11: 3:16:86  LOADEND ISLAVE                                   0
                11: 3:16:87  Start Input for Next Load Case
                11: 3:16:88  case no= 3015 seq. no=  82 idynl= 0
                11: 3:16:88  LOADEND ISLAVE                                   0
                11: 3:16:89  Start Input for Next Load Case
                11: 3:16:89  case no= 3016 seq. no=  83 idynl= 0
                11: 3:16:89  LOADEND ISLAVE                                   0
                11: 3:16:90  Start Input for Next Load Case
                11: 3:16:90  case no= 3017 seq. no=  84 idynl= 0
                11: 3:16:91  LOADEND ISLAVE                                   0
                11: 3:16:91  Start Input for Next Load Case
                11: 3:16:92  case no= 3018 seq. no=  85 idynl= 0
                11: 3:16:92  LOADEND ISLAVE                                   0
                11: 3:16:93  Start Input for Next Load Case
                11: 3:16:94  case no= 3021 seq. no=  86 idynl= 0
                11: 3:16:94  LOADEND ISLAVE                                   0
                11: 3:16:95  Start Input for Next Load Case
                11: 3:16:95  case no= 3022 seq. no=  87 idynl= 0
                11: 3:16:96  LOADEND ISLAVE                                   0
                11: 3:16:96  Start Input for Next Load Case
                11: 3:16:97  case no= 3023 seq. no=  88 idynl= 0
                11: 3:16:97  LOADEND ISLAVE                                   0
                11: 3:16:98  Start Input for Next Load Case
                11: 3:16:98  case no= 3024 seq. no=  89 idynl= 0
                11: 3:16:99  LOADEND ISLAVE                                   0
                11: 3:16:99  Start Input for Next Load Case
                11: 3:17: 0  case no= 3025 seq. no=  90 idynl= 0
                11: 3:17: 1  LOADEND ISLAVE                                   0
                11: 3:17: 1  Start Input for Next Load Case
                11: 3:17: 2  case no= 3026 seq. no=  91 idynl= 0
                11: 3:17: 2  LOADEND ISLAVE                                   0
                11: 3:17: 3  Start Input for Next Load Case
                11: 3:17: 3  case no= 3027 seq. no=  92 idynl= 0
                11: 3:17: 4  LOADEND ISLAVE                                   0
                11: 3:17: 4  Start Input for Next Load Case
                11: 3:17: 5  case no= 3028 seq. no=  93 idynl= 0
                11: 3:17: 5  LOADEND ISLAVE                                   0
                11: 3:17: 5  Start Input for Next Load Case
                11: 3:17: 6  case no= 3201 seq. no=  94 idynl= 0
                11: 3:17: 6  LOADEND ISLAVE                                   0
                11: 3:17: 7  Start Input for Next Load Case
                11: 3:17: 7  case no= 3202 seq. no=  95 idynl= 0
                11: 3:17: 8  LOADEND ISLAVE                                   0
                11: 3:17: 8  Start Input for Next Load Case
                11: 3:17: 9  case no= 3203 seq. no=  96 idynl= 0
                11: 3:17: 9  LOADEND ISLAVE                                   0
                11: 3:17:10  Start Input for Next Load Case
                11: 3:17:10  case no= 3204 seq. no=  97 idynl= 0
                11: 3:17:11  LOADEND ISLAVE                                   0
                11: 3:17:11  Start Input for Next Load Case
                11: 3:17:11  case no= 3205 seq. no=  98 idynl= 0
                11: 3:17:12  LOADEND ISLAVE                                   0
                11: 3:17:12  Start Input for Next Load Case
                11: 3:17:13  case no= 3206 seq. no=  99 idynl= 0
                11: 3:17:13  LOADEND ISLAVE                                   0
                11: 3:17:14  Start Input for Next Load Case
                11: 3:17:14  case no= 3207 seq. no= 100 idynl= 0
                11: 3:17:15  LOADEND ISLAVE                                   0
                11: 3:17:15  Start Input for Next Load Case
                11: 3:17:15  case no= 3208 seq. no= 101 idynl= 0
                11: 3:17:16  LOADEND ISLAVE                                   0
                11: 3:17:16  NVPREV                                           0
                11: 3:17:17  AMAXNON                               2.736220E-01
                11: 3:17:17  IRECSIZL=                                     4000
                11: 3:17:18  MTX BLOCKSIZE=                                  84
                11: 3:17:18  MI=                                             84
                11: 3:17:18  NORECL=                                          1
                11: 3:17:19  NORECL1=                                         1
                11: 3:17:19  IWORD=                                       32000
                11: 3:17:20  JRECSIZE=                                     4000
                11: 3:17:20  IWORDJ=                                      32000
                11: 3:17:20  IBYTE=                                           4
                11: 3:17:21  JOINTS=                                         16
                11: 3:17:21  MEMBERS=                                        16
                11: 3:17:22  PLATES =                                         0
                11: 3:17:22  SOLIDS =                                         0
                11: 3:17:23  NO. OF EQUATIONS=                               84
                11: 3:17:23  idyn=                                            0
                11: 3:17:24  ipd=                                             0
                11: 3:17:24  icablanl=                                        0
                11: 3:17:24  ++ Processing Element Stiffness Matrix.
                11: 3:17:25  NV1                                            101
                11: 3:17:37  ++ Calculating Element Forces & Reactions.
                11: 3:17:87  COMBINATION CASES=                               0
                11: 3:17:87  MAX CM MEMORY (KILOWORDS)                       34
                11: 3:17:87  AFTER SOLVER 1
                11: 3:17:89  REOPEN AS SEQ                                    0
                11: 3:17:89  DEFINE ENVELOPE
                11: 3:17:91  LOAD LIST 1101 TO 110
                11: 3:17:91  PARAMETER 1
                11: 3:17:93  CHECK CODE ALL
                11: 3:17:93  ENTERING SECTNM110 IQ=                          16
                11: 3:17:93               NSEC=                              11
                11: 3:17:94             ISECTN=                               0
                11: 3:17:96  SECTNM110 DO 925
                11: 3:17:98  ENTERING ENVLP1 ITYP1=                          -3
                11: 3:17:98  SECT DISPLACE
                11: 3:18: 1  Steel/Alum/Timber Design                        52
                11: 3:18: 6    ++ Finished Design ...
                11: 3:18: 6  Steel/Timber Design exit
                11: 3:18: 6  LOAD LIST 2101 TO 210
                11: 3:18: 7  PARAMETER 1
                11: 3:18: 9  CHECK CODE ALL
                11: 3:18: 9  ENTERING ENVLP1 ITYP1=                          -3
                11: 3:18: 9  SECT DISPLACE
                11: 3:18:12  Steel/Alum/Timber Design                        52
                11: 3:18:14    ++ Finished Design ...
                11: 3:18:14  Steel/Timber Design exit
                11: 3:18:14  LOAD LIST ENV 4 TO 7
                11: 3:18:15  PARAMETER 1
                11: 3:18:17  CHECK CODE ALL
                11: 3:18:17  ENTERING ENVLP1 ITYP1=                          -3
                11: 3:18:17  SECT DISPLACE
                11: 3:18:20  Steel/Alum/Timber Design                        52
                11: 3:18:23    ++ Finished Design ...
                11: 3:18:23  Steel/Timber Design exit
                11: 3:18:24  PRINT JOINT DISPLACEM
                11: 3:18:24  DRAW ISOM JOIN MEMB
                11: 3:18:25  ENTERING SECTNM110 IQ=                          16
                11: 3:18:25               NSEC=                              11
                11: 3:18:26             ISECTN=                               0
                11: 3:18:28  SECTNM110 DO 925
                11: 3:18:30  PRINT SUPPORT REACTIO
                11: 3:18:30  DRAW ISOM SUPP PROP
                11: 3:18:31  ENTERING SECTNM110 IQ=                          16
                11: 3:18:31               NSEC=                              11
                11: 3:18:32             ISECTN=                               0
                11: 3:18:34  SECTNM110 DO 925
                11: 3:18:37  DRAW ISOM SHAP
                11: 3:18:37  ENTERING SECTNM110 IQ=                          16
                11: 3:18:37               NSEC=                              11
                11: 3:18:38             ISECTN=                               0
                11: 3:18:40  SECTNM110 DO 925
                11: 3:18:42  PRINT CG
                11: 3:18:42  FINISH
                11: 3:18:43  All Commands FINISHed
                11: 3:18:44  DATASAVE for SPRO GUI
                11: 3:18:44  ++ Creating Displacement File (DSP)...
                11: 3:18:46  ++ Creating Reaction File (REA)...
                11: 3:18:47  ++ Creating Section Force File (BMD)...
                11: 3:18:50  ++ Creating Section Displace File (SEC)...
                11: 3:18:50  ENTERING ENVLP1 ITYP1=                          -5
                11: 3:18:50  SECT DISPLACE
                11: 3:18:54  ++ Creating Section Displace File (SCN)...
                11: 3:18:57  ++ Creating Design information File (DGN)...
                11: 3:18:57  ALLOCATED CM MEMORY (KILOWORDS)             300000
                11: 3:18:58  MAX CM MEMORY (KILOWORDS)                       92
                11: 3:18:58  DBS LONG SEC NAME
* End Of Analysis At Fri Jul 12 11:03:18 2024
* CPU usage = 3.705000
* STAAD Exit Code: 100, Warning Count: 0, Error Count: 0, Duration: 3.705
1 0 0 3.705
****************************************************************************
*                            END OF ANALYSIS                               *
****************************************************************************
