11:52:49	Initializing STAAD Engine
11:52:49	Run stream set up is complete.
11:52:49	Initialize license libraries.
11:52:49	License libraries initialized.
11:52:49	Starting license(s) for A & D engine.
11:52:50	License Status: Ok
11:52:50	License information set up is complete.
****************************************************************************
*                            START OF ANALYSIS                             *
****************************************************************************
* Initiating Analysis At Mon Jan 13 11:52:50 2025
                          PROGRAM: STAAD.Pro
                          VERSION: 23.00.03.25
                11:52:50:54  ENTERING STAAD
                11:52:50:58  USING 64 BIT STAAD ENGINE
                11:52:50:58  ENTERING MAINN
                11:52:50:58  START JOB INFORMATION
                11:52:50:59  INPUT WIDTH 79
                11:52:50:59  UNIT MMS KN
                11:52:50:60  JOINT COORDINATES
                11:52:50:60  ENTERING JOINTC
                11:52:50:60  JOINTC NEWJ                                 400000
                11:52:50:61  MAX NODE NO.                                    15
                11:52:50:62  MEMBER INCIDENCES
                11:52:50:62  UNIT METER KN
                11:52:50:63  DEFINE MATERIAL START
                11:52:50:63  UNIT MMS KN
                11:52:50:64  MEMBER PROPERTY EUROP
                11:52:51:21    ++ Finished Reading Member Properties ...
                11:52:51:21  CONSTANTS
                11:52:51:22  SUPPORTS
                11:52:51:23  ENTERING SUPPORT
                11:52:51:23  UNIT METER KN
                11:52:51:24  DEFINE WIND LOAD
                11:52:51:24  LOAD 121 LOADTYPE DEA
                11:52:51:25  DUPLICATE ELEMENT CHECK
                11:52:51:25  CHECKING STRUCTURAL INTEGRITY
                11:52:51:26  CHECK UNCONNECTED JOINTS AND
                11:52:51:26  CALCULATE MAX JOINT CONNECTIVITY
                11:52:51:27  CHECK MULTIPLE STRUCTURES
                11:52:51:27  ENTERING SUPPORT
                11:52:51:28  NRJOLD                                           0
                11:52:51:28  SUPPORT NOLD                                     0
                11:52:51:29  SUPPORT N                                       72
                11:52:51:29  BEFORE LOADPR
                11:52:51:30  REOPEN AS DIR                                    0
                11:52:51:30  ENTER LOADPR
                11:52:51:42  PERFORM ANALYSIS PRIN
                11:52:51:42  pdel iter                                        0
                11:52:51:43  MAXIMUM E =                           2.973273E+04
                11:52:51:44  MINIMUM E =                           2.973273E+04
                11:52:51:44  MBW DOF BAND=                                    1
                11:52:51:45  NUMBER OF PRIMARY CASES                        101
                11:52:51:45  NUMBER OF CASES                                252
                11:52:51:46  #OF CASES W/ELEM INMEMORY                      252
                11:52:51:46  MEMORY FOR MEMBER LOADS                      45360
                11:52:51:47  MEMORY FOR DISPLACEMENTS                     22680
                11:52:51:47  MEMORY FOR MEMBER FORCES                     45360
                11:52:51:48  Using 64-bit analysis engine
                11:52:51:48  BEFORE SOLVER 1
                11:52:51:49  Start Input for Next Load Case
                11:52:51:49  case no=  121 seq. no=   1 idynl= 0
                11:52:51:50  MASSSET                                          0
                11:52:51:50  LOADEND ISLAVE                                   0
                11:52:51:51  Start Input for Next Load Case
                11:52:51:52  case no=  201 seq. no=   2 idynl= 0
                11:52:51:52  LOADEND ISLAVE                                   0
                11:52:51:53  Start Input for Next Load Case
                11:52:51:53  case no=  202 seq. no=   3 idynl= 0
                11:52:51:54  LOADEND ISLAVE                                   0
                11:52:51:54  Start Input for Next Load Case
                11:52:51:55  case no=  203 seq. no=   4 idynl= 0
                11:52:51:56  LOADEND ISLAVE                                   0
                11:52:51:56  Start Input for Next Load Case
                11:52:51:57  case no=  204 seq. no=   5 idynl= 0
                11:52:51:57  LOADEND ISLAVE                                   0
                11:52:51:58  Start Input for Next Load Case
                11:52:51:58  case no=  205 seq. no=   6 idynl= 0
                11:52:51:59  LOADEND ISLAVE                                   0
                11:52:51:59  Start Input for Next Load Case
                11:52:51:60  case no=  206 seq. no=   7 idynl= 0
                11:52:51:60  LOADEND ISLAVE                                   0
                11:52:51:60  Start Input for Next Load Case
                11:52:51:61  case no=  207 seq. no=   8 idynl= 0
                11:52:51:61  LOADEND ISLAVE                                   0
                11:52:51:62  Start Input for Next Load Case
                11:52:51:62  case no=  208 seq. no=   9 idynl= 0
                11:52:51:63  LOADEND ISLAVE                                   0
                11:52:51:64  Start Input for Next Load Case
                11:52:51:64  case no=  312 seq. no=  10 idynl= 0
                11:52:51:65  LOADEND ISLAVE                                   0
                11:52:51:65  Start Input for Next Load Case
                11:52:51:66  case no=  313 seq. no=  11 idynl= 0
                11:52:51:66  LOADEND ISLAVE                                   0
                11:52:51:67  Start Input for Next Load Case
                11:52:51:67  case no=  314 seq. no=  12 idynl= 0
                11:52:51:68  LOADEND ISLAVE                                   0
                11:52:51:68  Start Input for Next Load Case
                11:52:51:69  case no=  315 seq. no=  13 idynl= 0
                11:52:51:69  LOADEND ISLAVE                                   0
                11:52:51:70  Start Input for Next Load Case
                11:52:51:70  case no=  322 seq. no=  14 idynl= 0
                11:52:51:71  LOADEND ISLAVE                                   0
                11:52:51:71  Start Input for Next Load Case
                11:52:51:72  case no=  323 seq. no=  15 idynl= 0
                11:52:51:72  LOADEND ISLAVE                                   0
                11:52:51:73  Start Input for Next Load Case
                11:52:51:74  case no=  324 seq. no=  16 idynl= 0
                11:52:51:74  LOADEND ISLAVE                                   0
                11:52:51:75  Start Input for Next Load Case
                11:52:51:76  case no=  325 seq. no=  17 idynl= 0
                11:52:51:77  LOADEND ISLAVE                                   0
                11:52:51:77  Start Input for Next Load Case
                11:52:51:78  case no=  332 seq. no=  18 idynl= 0
                11:52:51:79  LOADEND ISLAVE                                   0
                11:52:51:79  Start Input for Next Load Case
                11:52:51:80  case no=  333 seq. no=  19 idynl= 0
                11:52:51:81  LOADEND ISLAVE                                   0
                11:52:51:81  Start Input for Next Load Case
                11:52:51:82  case no=  334 seq. no=  20 idynl= 0
                11:52:51:82  LOADEND ISLAVE                                   0
                11:52:51:82  Start Input for Next Load Case
                11:52:51:83  case no=  335 seq. no=  21 idynl= 0
                11:52:51:83  LOADEND ISLAVE                                   0
                11:52:51:84  Start Input for Next Load Case
                11:52:51:84  case no=  411 seq. no=  22 idynl= 0
                11:52:51:85  LOADEND ISLAVE                                   0
                11:52:51:86  Start Input for Next Load Case
                11:52:51:86  case no=  412 seq. no=  23 idynl= 0
                11:52:51:87  LOADEND ISLAVE                                   0
                11:52:51:87  Start Input for Next Load Case
                11:52:51:88  case no=  413 seq. no=  24 idynl= 0
                11:52:51:88  LOADEND ISLAVE                                   0
                11:52:51:89  Start Input for Next Load Case
                11:52:51:89  case no=  414 seq. no=  25 idynl= 0
                11:52:51:90  LOADEND ISLAVE                                   0
                11:52:51:90  Start Input for Next Load Case
                11:52:51:90  case no=  415 seq. no=  26 idynl= 0
                11:52:51:91  LOADEND ISLAVE                                   0
                11:52:51:91  Start Input for Next Load Case
                11:52:51:92  case no=  416 seq. no=  27 idynl= 0
                11:52:51:92  LOADEND ISLAVE                                   0
                11:52:51:93  Start Input for Next Load Case
                11:52:51:93  case no=  417 seq. no=  28 idynl= 0
                11:52:51:94  LOADEND ISLAVE                                   0
                11:52:51:94  Start Input for Next Load Case
                11:52:51:95  case no=  418 seq. no=  29 idynl= 0
                11:52:51:95  LOADEND ISLAVE                                   0
                11:52:51:96  Start Input for Next Load Case
                11:52:51:96  case no=  421 seq. no=  30 idynl= 0
                11:52:51:97  LOADEND ISLAVE                                   0
                11:52:51:97  Start Input for Next Load Case
                11:52:51:98  case no=  422 seq. no=  31 idynl= 0
                11:52:51:98  LOADEND ISLAVE                                   0
                11:52:51:99  Start Input for Next Load Case
                11:52:51:99  case no=  423 seq. no=  32 idynl= 0
                11:52:52: 0  LOADEND ISLAVE                                   0
                11:52:52: 0  Start Input for Next Load Case
                11:52:52: 1  case no=  424 seq. no=  33 idynl= 0
                11:52:52: 1  LOADEND ISLAVE                                   0
                11:52:52: 2  Start Input for Next Load Case
                11:52:52: 2  case no=  425 seq. no=  34 idynl= 0
                11:52:52: 2  LOADEND ISLAVE                                   0
                11:52:52: 3  Start Input for Next Load Case
                11:52:52: 3  case no=  426 seq. no=  35 idynl= 0
                11:52:52: 4  LOADEND ISLAVE                                   0
                11:52:52: 4  Start Input for Next Load Case
                11:52:52: 5  case no=  427 seq. no=  36 idynl= 0
                11:52:52: 5  LOADEND ISLAVE                                   0
                11:52:52: 6  Start Input for Next Load Case
                11:52:52: 6  case no=  428 seq. no=  37 idynl= 0
                11:52:52: 7  LOADEND ISLAVE                                   0
                11:52:52: 7  Start Input for Next Load Case
                11:52:52: 8  case no=  711 seq. no=  38 idynl= 0
                11:52:52: 8  LOADEND ISLAVE                                   0
                11:52:52: 9  Start Input for Next Load Case
                11:52:52: 9  case no=  712 seq. no=  39 idynl= 0
                11:52:52:10  LOADEND ISLAVE                                   0
                11:52:52:10  Start Input for Next Load Case
                11:52:52:11  case no=  713 seq. no=  40 idynl= 0
                11:52:52:11  LOADEND ISLAVE                                   0
                11:52:52:12  Start Input for Next Load Case
                11:52:52:12  case no=  714 seq. no=  41 idynl= 0
                11:52:52:13  LOADEND ISLAVE                                   0
                11:52:52:13  Start Input for Next Load Case
                11:52:52:14  case no=  715 seq. no=  42 idynl= 0
                11:52:52:14  LOADEND ISLAVE                                   0
                11:52:52:14  Start Input for Next Load Case
                11:52:52:15  case no=  716 seq. no=  43 idynl= 0
                11:52:52:15  LOADEND ISLAVE                                   0
                11:52:52:16  Start Input for Next Load Case
                11:52:52:16  case no=  717 seq. no=  44 idynl= 0
                11:52:52:17  LOADEND ISLAVE                                   0
                11:52:52:17  Start Input for Next Load Case
                11:52:52:18  case no=  718 seq. no=  45 idynl= 0
                11:52:52:18  LOADEND ISLAVE                                   0
                11:52:52:19  Start Input for Next Load Case
                11:52:52:19  case no= 1101 seq. no=  46 idynl= 0
                11:52:52:20  LOADEND ISLAVE                                   0
                11:52:52:20  Start Input for Next Load Case
                11:52:52:21  case no= 1102 seq. no=  47 idynl= 0
                11:52:52:21  LOADEND ISLAVE                                   0
                11:52:52:22  Start Input for Next Load Case
                11:52:52:22  case no= 1103 seq. no=  48 idynl= 0
                11:52:52:23  LOADEND ISLAVE                                   0
                11:52:52:23  Start Input for Next Load Case
                11:52:52:24  case no= 1104 seq. no=  49 idynl= 0
                11:52:52:24  LOADEND ISLAVE                                   0
                11:52:52:25  Start Input for Next Load Case
                11:52:52:25  case no= 1105 seq. no=  50 idynl= 0
                11:52:52:25  LOADEND ISLAVE                                   0
                11:52:52:26  Start Input for Next Load Case
                11:52:52:26  case no= 1106 seq. no=  51 idynl= 0
                11:52:52:27  LOADEND ISLAVE                                   0
                11:52:52:27  Start Input for Next Load Case
                11:52:52:28  case no= 1107 seq. no=  52 idynl= 0
                11:52:52:28  LOADEND ISLAVE                                   0
                11:52:52:29  Start Input for Next Load Case
                11:52:52:29  case no= 1108 seq. no=  53 idynl= 0
                11:52:52:30  LOADEND ISLAVE                                   0
                11:52:52:30  Start Input for Next Load Case
                11:52:52:31  case no= 1201 seq. no=  54 idynl= 0
                11:52:52:31  LOADEND ISLAVE                                   0
                11:52:52:32  Start Input for Next Load Case
                11:52:52:32  case no= 1202 seq. no=  55 idynl= 0
                11:52:52:33  LOADEND ISLAVE                                   0
                11:52:52:33  Start Input for Next Load Case
                11:52:52:34  case no= 1203 seq. no=  56 idynl= 0
                11:52:52:35  LOADEND ISLAVE                                   0
                11:52:52:35  Start Input for Next Load Case
                11:52:52:35  case no= 1204 seq. no=  57 idynl= 0
                11:52:52:36  LOADEND ISLAVE                                   0
                11:52:52:36  Start Input for Next Load Case
                11:52:52:37  case no= 1205 seq. no=  58 idynl= 0
                11:52:52:37  LOADEND ISLAVE                                   0
                11:52:52:38  Start Input for Next Load Case
                11:52:52:38  case no= 1206 seq. no=  59 idynl= 0
                11:52:52:39  LOADEND ISLAVE                                   0
                11:52:52:39  Start Input for Next Load Case
                11:52:52:40  case no= 1207 seq. no=  60 idynl= 0
                11:52:52:40  LOADEND ISLAVE                                   0
                11:52:52:41  Start Input for Next Load Case
                11:52:52:41  case no= 1208 seq. no=  61 idynl= 0
                11:52:52:42  LOADEND ISLAVE                                   0
                11:52:52:42  Start Input for Next Load Case
                11:52:52:43  case no= 2101 seq. no=  62 idynl= 0
                11:52:52:43  LOADEND ISLAVE                                   0
                11:52:52:44  Start Input for Next Load Case
                11:52:52:44  case no= 2102 seq. no=  63 idynl= 0
                11:52:52:45  LOADEND ISLAVE                                   0
                11:52:52:45  Start Input for Next Load Case
                11:52:52:46  case no= 2103 seq. no=  64 idynl= 0
                11:52:52:46  LOADEND ISLAVE                                   0
                11:52:52:47  Start Input for Next Load Case
                11:52:52:47  case no= 2104 seq. no=  65 idynl= 0
                11:52:52:47  LOADEND ISLAVE                                   0
                11:52:52:48  Start Input for Next Load Case
                11:52:52:48  case no= 2105 seq. no=  66 idynl= 0
                11:52:52:49  LOADEND ISLAVE                                   0
                11:52:52:49  Start Input for Next Load Case
                11:52:52:50  case no= 2106 seq. no=  67 idynl= 0
                11:52:52:50  LOADEND ISLAVE                                   0
                11:52:52:51  Start Input for Next Load Case
                11:52:52:51  case no= 2107 seq. no=  68 idynl= 0
                11:52:52:52  LOADEND ISLAVE                                   0
                11:52:52:52  Start Input for Next Load Case
                11:52:52:53  case no= 2108 seq. no=  69 idynl= 0
                11:52:52:53  LOADEND ISLAVE                                   0
                11:52:52:53  Start Input for Next Load Case
                11:52:52:54  case no= 3001 seq. no=  70 idynl= 0
                11:52:52:54  LOADEND ISLAVE                                   0
                11:52:52:55  Start Input for Next Load Case
                11:52:52:55  case no= 3002 seq. no=  71 idynl= 0
                11:52:52:56  LOADEND ISLAVE                                   0
                11:52:52:57  Start Input for Next Load Case
                11:52:52:57  case no= 3003 seq. no=  72 idynl= 0
                11:52:52:58  LOADEND ISLAVE                                   0
                11:52:52:58  Start Input for Next Load Case
                11:52:52:59  case no= 3004 seq. no=  73 idynl= 0
                11:52:52:59  LOADEND ISLAVE                                   0
                11:52:52:60  Start Input for Next Load Case
                11:52:52:60  case no= 3005 seq. no=  74 idynl= 0
                11:52:52:61  LOADEND ISLAVE                                   0
                11:52:52:61  Start Input for Next Load Case
                11:52:52:61  case no= 3006 seq. no=  75 idynl= 0
                11:52:52:62  LOADEND ISLAVE                                   0
                11:52:52:62  Start Input for Next Load Case
                11:52:52:63  case no= 3007 seq. no=  76 idynl= 0
                11:52:52:63  LOADEND ISLAVE                                   0
                11:52:52:64  Start Input for Next Load Case
                11:52:52:64  case no= 3008 seq. no=  77 idynl= 0
                11:52:52:65  LOADEND ISLAVE                                   0
                11:52:52:65  Start Input for Next Load Case
                11:52:52:66  case no= 3011 seq. no=  78 idynl= 0
                11:52:52:66  LOADEND ISLAVE                                   0
                11:52:52:67  Start Input for Next Load Case
                11:52:52:67  case no= 3012 seq. no=  79 idynl= 0
                11:52:52:68  LOADEND ISLAVE                                   0
                11:52:52:68  Start Input for Next Load Case
                11:52:52:69  case no= 3013 seq. no=  80 idynl= 0
                11:52:52:69  LOADEND ISLAVE                                   0
                11:52:52:69  Start Input for Next Load Case
                11:52:52:70  case no= 3014 seq. no=  81 idynl= 0
                11:52:52:71  LOADEND ISLAVE                                   0
                11:52:52:71  Start Input for Next Load Case
                11:52:52:72  case no= 3015 seq. no=  82 idynl= 0
                11:52:52:72  LOADEND ISLAVE                                   0
                11:52:52:72  Start Input for Next Load Case
                11:52:52:73  case no= 3016 seq. no=  83 idynl= 0
                11:52:52:73  LOADEND ISLAVE                                   0
                11:52:52:74  Start Input for Next Load Case
                11:52:52:74  case no= 3017 seq. no=  84 idynl= 0
                11:52:52:75  LOADEND ISLAVE                                   0
                11:52:52:75  Start Input for Next Load Case
                11:52:52:76  case no= 3018 seq. no=  85 idynl= 0
                11:52:52:76  LOADEND ISLAVE                                   0
                11:52:52:77  Start Input for Next Load Case
                11:52:52:77  case no= 3021 seq. no=  86 idynl= 0
                11:52:52:78  LOADEND ISLAVE                                   0
                11:52:52:78  Start Input for Next Load Case
                11:52:52:79  case no= 3022 seq. no=  87 idynl= 0
                11:52:52:79  LOADEND ISLAVE                                   0
                11:52:52:80  Start Input for Next Load Case
                11:52:52:80  case no= 3023 seq. no=  88 idynl= 0
                11:52:52:81  LOADEND ISLAVE                                   0
                11:52:52:81  Start Input for Next Load Case
                11:52:52:82  case no= 3024 seq. no=  89 idynl= 0
                11:52:52:82  LOADEND ISLAVE                                   0
                11:52:52:83  Start Input for Next Load Case
                11:52:52:83  case no= 3025 seq. no=  90 idynl= 0
                11:52:52:84  LOADEND ISLAVE                                   0
                11:52:52:84  Start Input for Next Load Case
                11:52:52:85  case no= 3026 seq. no=  91 idynl= 0
                11:52:52:85  LOADEND ISLAVE                                   0
                11:52:52:86  Start Input for Next Load Case
                11:52:52:86  case no= 3027 seq. no=  92 idynl= 0
                11:52:52:87  LOADEND ISLAVE                                   0
                11:52:52:87  Start Input for Next Load Case
                11:52:52:88  case no= 3028 seq. no=  93 idynl= 0
                11:52:52:88  LOADEND ISLAVE                                   0
                11:52:52:89  Start Input for Next Load Case
                11:52:52:89  case no= 3201 seq. no=  94 idynl= 0
                11:52:52:90  LOADEND ISLAVE                                   0
                11:52:52:90  Start Input for Next Load Case
                11:52:52:91  case no= 3202 seq. no=  95 idynl= 0
                11:52:52:91  LOADEND ISLAVE                                   0
                11:52:52:92  Start Input for Next Load Case
                11:52:52:92  case no= 3203 seq. no=  96 idynl= 0
                11:52:52:93  LOADEND ISLAVE                                   0
                11:52:52:93  Start Input for Next Load Case
                11:52:52:94  case no= 3204 seq. no=  97 idynl= 0
                11:52:52:94  LOADEND ISLAVE                                   0
                11:52:52:95  Start Input for Next Load Case
                11:52:52:95  case no= 3205 seq. no=  98 idynl= 0
                11:52:52:96  LOADEND ISLAVE                                   0
                11:52:52:96  Start Input for Next Load Case
                11:52:52:97  case no= 3206 seq. no=  99 idynl= 0
                11:52:52:97  LOADEND ISLAVE                                   0
                11:52:52:98  Start Input for Next Load Case
                11:52:52:98  case no= 3207 seq. no= 100 idynl= 0
                11:52:52:99  LOADEND ISLAVE                                   0
                11:52:52:99  Start Input for Next Load Case
                11:52:53: 0  case no= 3208 seq. no= 101 idynl= 0
                11:52:53: 0  LOADEND ISLAVE                                   0
                11:52:53: 0  NVPREV                                           0
                11:52:53: 1  AMAXNON                               5.534777E-01
                11:52:53: 1  IRECSIZL=                                     4000
                11:52:53: 2  MTX BLOCKSIZE=                                  72
                11:52:53: 2  MI=                                             72
                11:52:53: 3  NORECL=                                          1
                11:52:53: 3  NORECL1=                                         1
                11:52:53: 4  IWORD=                                       32000
                11:52:53: 4  JRECSIZE=                                     4000
                11:52:53: 5  IWORDJ=                                      32000
                11:52:53: 5  IBYTE=                                           4
                11:52:53: 6  JOINTS=                                         15
                11:52:53: 6  MEMBERS=                                        15
                11:52:53: 7  PLATES =                                         0
                11:52:53: 7  SOLIDS =                                         0
                11:52:53: 8  NO. OF EQUATIONS=                               72
                11:52:53: 8  idyn=                                            0
                11:52:53: 9  ipd=                                             0
                11:52:53: 9  icablanl=                                        0
                11:52:53:10  ++ Processing Element Stiffness Matrix.
                11:52:53:10  NV1                                            101
                11:52:53:21  ++ Calculating Element Forces & Reactions.
                11:52:53:78  COMBINATION CASES=                               0
                11:52:53:78  MAX CM MEMORY (KILOWORDS)                       33
                11:52:53:78  AFTER SOLVER 1
                11:52:53:80  REOPEN AS SEQ                                    0
                11:52:53:80  DEFINE ENVELOPE
                11:52:53:82  LOAD LIST 1101 TO 110
                11:52:53:82  PARAMETER 1
                11:52:53:84  CHECK CODE ALL
                11:52:53:84  ENTERING SECTNM110 IQ=                          15
                11:52:53:84               NSEC=                              11
                11:52:53:85             ISECTN=                               0
                11:52:53:87  SECTNM110 DO 925
                11:52:53:89  ENTERING ENVLP1 ITYP1=                          -3
                11:52:53:89  SECT DISPLACE
                11:52:53:92  Steel/Alum/Timber Design                        52
                11:52:53:97    ++ Finished Design ...
                11:52:53:97  Steel/Timber Design exit
                11:52:53:98  LOAD LIST 2101 TO 210
                11:52:53:98  PARAMETER 1
                11:52:54: 0  CHECK CODE ALL
                11:52:54: 0  ENTERING ENVLP1 ITYP1=                          -3
                11:52:54: 0  SECT DISPLACE
                11:52:54: 4  Steel/Alum/Timber Design                        52
                11:52:54: 5    ++ Finished Design ...
                11:52:54: 5  Steel/Timber Design exit
                11:52:54: 5  LOAD LIST ENV 4 TO 7
                11:52:54: 6  PARAMETER 1
                11:52:54: 8  CHECK CODE ALL
                11:52:54: 8  ENTERING ENVLP1 ITYP1=                          -3
                11:52:54: 8  SECT DISPLACE
                11:52:54:11  Steel/Alum/Timber Design                        52
                11:52:54:14    ++ Finished Design ...
                11:52:54:14  Steel/Timber Design exit
                11:52:54:14  PRINT JOINT DISPLACEM
                11:52:54:15  DRAW ISOM JOIN MEMB
                11:52:54:16  ENTERING SECTNM110 IQ=                          15
                11:52:54:16               NSEC=                              11
                11:52:54:17             ISECTN=                               0
                11:52:54:19  SECTNM110 DO 925
                11:52:54:22  PRINT SUPPORT REACTIO
                11:52:54:22  DRAW ISOM SUPP PROP
                11:52:54:22  ENTERING SECTNM110 IQ=                          15
                11:52:54:23               NSEC=                              11
                11:52:54:24             ISECTN=                               0
                11:52:54:26  SECTNM110 DO 925
                11:52:54:29  DRAW ISOM SHAP
                11:52:54:29  ENTERING SECTNM110 IQ=                          15
                11:52:54:30               NSEC=                              11
                11:52:54:30             ISECTN=                               0
                11:52:54:33  SECTNM110 DO 925
                11:52:54:35  PRINT CG
                11:52:54:35  FINISH
                11:52:54:36  All Commands FINISHed
                11:52:54:37  DATASAVE for SPRO GUI
                11:52:54:37  ++ Creating Displacement File (DSP)...
                11:52:54:39  ++ Creating Reaction File (REA)...
                11:52:54:39  ++ Creating Section Force File (BMD)...
                11:52:54:42  ++ Creating Section Displace File (SEC)...
                11:52:54:42  ENTERING ENVLP1 ITYP1=                          -5
                11:52:54:43  SECT DISPLACE
                11:52:54:47  ++ Creating Section Displace File (SCN)...
                11:52:54:50  ++ Creating Design information File (DGN)...
                11:52:54:50  ALLOCATED CM MEMORY (KILOWORDS)             300000
                11:52:54:51  MAX CM MEMORY (KILOWORDS)                       88
                11:52:54:51  DBS LONG SEC NAME
* End Of Analysis At Mon Jan 13 11:52:54 2025
* CPU usage = 4.057000
* STAAD Exit Code: 100, Warning Count: 0, Error Count: 0, Duration: 4.057
1 0 0 4.057
****************************************************************************
*                            END OF ANALYSIS                               *
****************************************************************************
