09/16/2024 16:26:40	Reading UID database.
09/16/2024 16:26:40	Start loading STAAD model.
09/16/2024 16:26:40	Reading model file.
09/16/2024 16:26:41	Reading model file is complete.
09/16/2024 16:26:41	Processing support.
09/16/2024 16:26:41	Processing springs.
09/16/2024 16:26:41	Processing properties.
09/16/2024 16:26:41	Processing physical properties.
09/16/2024 16:26:41	Processing constants.
09/16/2024 16:26:41	Processing BETA constants.
09/16/2024 16:26:41	Processing hidden analytical member loads.
09/16/2024 16:26:41	Processing command list for member release.
09/16/2024 16:26:41	Processing command list for member offset.
09/16/2024 16:26:41	Processing command list for member specs (cracked).
09/16/2024 16:26:41	Processing command list for member specs (axial).
09/16/2024 16:26:41	Processing command list for element release.
09/16/2024 16:26:41	Processing command list for element offset.
09/16/2024 16:26:41	Processing command list for element plate stress directive.
09/16/2024 16:26:41	Processing parameter for Chinese wind load case.
09/16/2024 16:26:41	End Processing command list.
09/16/2024 16:26:41	End loading STAAD model.
09/16/2024 16:26:41	Start Post Analysis method
09/16/2024 16:26:41	Removed all hidden plates from surfaces
09/16/2024 16:26:41	Removed all hidden plates
09/16/2024 16:26:41	Removed all hidden nodes
09/16/2024 16:26:41	Loading results from MSH file...
09/16/2024 16:26:41	Building result indices...
09/16/2024 16:26:41	Loading plate stress results...
09/16/2024 16:26:41	Set analysis report setup data
09/16/2024 16:26:41	Starting page setup...
09/16/2024 16:26:41	Page setup completed
09/16/2024 16:26:41	Setting available workflows...
09/16/2024 16:26:41	Post analysis method ends
09/16/2024 16:27:59	Start Post Analysis method
09/16/2024 16:27:59	Removed all hidden plates from surfaces
09/16/2024 16:27:59	Removed all hidden plates
09/16/2024 16:27:59	Removed all hidden nodes
09/16/2024 16:27:59	Loading results from MSH file...
09/16/2024 16:28:00	Building result indices...
09/16/2024 16:28:00	Loading plate stress results...
09/16/2024 16:28:00	Set analysis report setup data
09/16/2024 16:28:00	Starting page setup...
09/16/2024 16:28:00	Page setup completed
09/16/2024 16:28:00	Setting available workflows...
09/16/2024 16:28:00	Post analysis method ends
09/16/2024 16:32:23	Reading UID database.
09/16/2024 16:32:23	Start loading STAAD model.
09/16/2024 16:32:23	Reading model file.
09/16/2024 16:32:23	Reading model file is complete.
09/16/2024 16:32:23	Processing support.
09/16/2024 16:32:23	Processing springs.
09/16/2024 16:32:23	Processing properties.
09/16/2024 16:32:23	Processing physical properties.
09/16/2024 16:32:23	Processing constants.
09/16/2024 16:32:23	Processing BETA constants.
09/16/2024 16:32:23	Processing hidden analytical member loads.
09/16/2024 16:32:23	Processing command list for member release.
09/16/2024 16:32:23	Processing command list for member offset.
09/16/2024 16:32:23	Processing command list for member specs (cracked).
09/16/2024 16:32:23	Processing command list for member specs (axial).
09/16/2024 16:32:23	Processing command list for element release.
09/16/2024 16:32:23	Processing command list for element offset.
09/16/2024 16:32:23	Processing command list for element plate stress directive.
09/16/2024 16:32:23	Processing parameter for Chinese wind load case.
09/16/2024 16:32:23	End Processing command list.
09/16/2024 16:32:23	End loading STAAD model.
09/16/2024 16:32:23	Start Post Analysis method
09/16/2024 16:32:23	Removed all hidden plates from surfaces
09/16/2024 16:32:23	Removed all hidden plates
09/16/2024 16:32:23	Removed all hidden nodes
09/16/2024 16:32:23	Loading results from MSH file...
09/16/2024 16:32:23	Building result indices...
09/16/2024 16:32:23	Loading plate stress results...
09/16/2024 16:32:23	Set analysis report setup data
09/16/2024 16:32:23	Starting page setup...
09/16/2024 16:32:23	Page setup completed
09/16/2024 16:32:23	Setting available workflows...
09/16/2024 16:32:23	Post analysis method ends
09/16/2024 16:32:51	Start Post Analysis method
09/16/2024 16:32:51	Removed all hidden plates from surfaces
09/16/2024 16:32:51	Removed all hidden plates
09/16/2024 16:32:51	Removed all hidden nodes
09/16/2024 16:32:51	Loading results from MSH file...
09/16/2024 16:32:51	Building result indices...
09/16/2024 16:32:51	Loading plate stress results...
09/16/2024 16:32:51	Set analysis report setup data
09/16/2024 16:32:51	Starting page setup...
09/16/2024 16:32:51	Page setup completed
09/16/2024 16:32:51	Setting available workflows...
09/16/2024 16:32:51	Post analysis method ends
09/16/2024 16:33:23	Start Post Analysis method
09/16/2024 16:33:23	Removed all hidden plates from surfaces
09/16/2024 16:33:23	Removed all hidden plates
09/16/2024 16:33:23	Removed all hidden nodes
09/16/2024 16:33:23	Loading results from MSH file...
09/16/2024 16:33:23	Building result indices...
09/16/2024 16:33:23	Loading plate stress results...
09/16/2024 16:33:23	Set analysis report setup data
09/16/2024 16:33:23	Starting page setup...
09/16/2024 16:33:23	Page setup completed
09/16/2024 16:33:23	Setting available workflows...
09/16/2024 16:33:23	Post analysis method ends
