08/31/2024 09:56:27	Reading UID database.
08/31/2024 09:56:27	Start loading STAAD model.
08/31/2024 09:56:27	Reading model file.
08/31/2024 09:56:27	Reading model file is complete.
08/31/2024 09:56:27	Processing support.
08/31/2024 09:56:27	Processing springs.
08/31/2024 09:56:27	Processing properties.
08/31/2024 09:56:27	Processing physical properties.
08/31/2024 09:56:27	Processing constants.
08/31/2024 09:56:27	Processing BETA constants.
08/31/2024 09:56:27	Processing hidden analytical member loads.
08/31/2024 09:56:27	Processing command list for member release.
08/31/2024 09:56:27	Processing command list for member offset.
08/31/2024 09:56:27	Processing command list for member specs (cracked).
08/31/2024 09:56:27	Processing command list for member specs (axial).
08/31/2024 09:56:27	Processing command list for element release.
08/31/2024 09:56:27	Processing command list for element offset.
08/31/2024 09:56:27	Processing command list for element plate stress directive.
08/31/2024 09:56:27	Processing parameter for Chinese wind load case.
08/31/2024 09:56:27	End Processing command list.
08/31/2024 09:56:27	End loading STAAD model.
08/31/2024 09:56:27	Start Post Analysis method
08/31/2024 09:56:27	Removed all hidden plates from surfaces
08/31/2024 09:56:27	Removed all hidden plates
08/31/2024 09:56:27	Removed all hidden nodes
08/31/2024 09:56:27	Loading results from MSH file...
08/31/2024 09:56:27	Building result indices...
08/31/2024 09:56:27	Loading plate stress results...
08/31/2024 09:56:27	Set analysis report setup data
08/31/2024 09:56:27	Starting page setup...
08/31/2024 09:56:27	Page setup completed
08/31/2024 09:56:27	Setting available workflows...
08/31/2024 09:56:27	Post analysis method ends
