10:18:43	Initializing STAAD Engine
10:18:43	Run stream set up is complete.
10:18:43	Initialize license libraries.
10:18:43	License libraries initialized.
10:18:43	Starting license(s) for A & D engine.
10:18:44	License Status: Ok
10:18:44	License information set up is complete.
****************************************************************************
*                            START OF ANALYSIS                             *
****************************************************************************
* Initiating Analysis At Sat Aug 31 10:18:44 2024
                          PROGRAM: STAAD.Pro
                          VERSION: 23.00.01.25
                10:18:44:71  ENTERING STAAD
                10:18:44:74  USING 64 BIT STAAD ENGINE
                10:18:44:74  ENTERING MAINN
                10:18:44:74  START JOB INFORMATION
                10:18:44:75  INPUT WIDTH 79
                10:18:44:75  UNIT MMS KN
                10:18:44:76  JOINT COORDINATES
                10:18:44:76  ENTERING JOINTC
                10:18:44:76  JOINTC NEWJ                                 400000
                10:18:44:77  MAX NODE NO.                                    10
                10:18:44:77  MEMBER INCIDENCES
                10:18:44:78  UNIT METER KN
                10:18:44:78  DEFINE MATERIAL START
                10:18:44:79  UNIT MMS KN
                10:18:44:79  MEMBER PROPERTY EUROP
                10:18:45:25    ++ Finished Reading Member Properties ...
                10:18:45:25  CONSTANTS
                10:18:45:26  SUPPORTS
                10:18:45:27  ENTERING SUPPORT
                10:18:45:27  UNIT METER KN
                10:18:45:28  DEFINE WIND LOAD
                10:18:45:28  LOAD 121 LOADTYPE DEA
                10:18:45:29  DUPLICATE ELEMENT CHECK
                10:18:45:29  CHECKING STRUCTURAL INTEGRITY
                10:18:45:30  CHECK UNCONNECTED JOINTS AND
                10:18:45:30  CALCULATE MAX JOINT CONNECTIVITY
                10:18:45:31  CHECK MULTIPLE STRUCTURES
                10:18:45:31  ENTERING SUPPORT
                10:18:45:31  NRJOLD                                           0
                10:18:45:32  SUPPORT NOLD                                     0
                10:18:45:32  SUPPORT N                                       36
                10:18:45:33  BEFORE LOADPR
                10:18:45:33  REOPEN AS DIR                                    0
                10:18:45:34  ENTER LOADPR
                10:18:45:45  PERFORM ANALYSIS PRIN
                10:18:45:45  pdel iter                                        0
                10:18:45:45  MAXIMUM E =                           2.973273E+04
                10:18:45:46  MINIMUM E =                           2.973273E+04
                10:18:45:47  MBW DOF BAND=                                    1
                10:18:45:48  NUMBER OF PRIMARY CASES                        101
                10:18:45:48  NUMBER OF CASES                                252
                10:18:45:49  #OF CASES W/ELEM INMEMORY                      252
                10:18:45:50  MEMORY FOR MEMBER LOADS                      27216
                10:18:45:50  MEMORY FOR DISPLACEMENTS                     15120
                10:18:45:51  MEMORY FOR MEMBER FORCES                     27216
                10:18:45:51  Using 64-bit analysis engine
                10:18:45:52  BEFORE SOLVER 1
                10:18:45:53  Start Input for Next Load Case
                10:18:45:53  case no=  121 seq. no=   1 idynl= 0
                10:18:45:54  MASSSET                                          0
                10:18:45:54  LOADEND ISLAVE                                   0
                10:18:45:55  Start Input for Next Load Case
                10:18:45:55  case no=  201 seq. no=   2 idynl= 0
                10:18:45:56  LOADEND ISLAVE                                   0
                10:18:45:56  Start Input for Next Load Case
                10:18:45:57  case no=  202 seq. no=   3 idynl= 0
                10:18:45:57  LOADEND ISLAVE                                   0
                10:18:45:58  Start Input for Next Load Case
                10:18:45:58  case no=  203 seq. no=   4 idynl= 0
                10:18:45:58  LOADEND ISLAVE                                   0
                10:18:45:59  Start Input for Next Load Case
                10:18:45:59  case no=  204 seq. no=   5 idynl= 0
                10:18:45:60  LOADEND ISLAVE                                   0
                10:18:45:60  Start Input for Next Load Case
                10:18:45:61  case no=  205 seq. no=   6 idynl= 0
                10:18:45:61  LOADEND ISLAVE                                   0
                10:18:45:62  Start Input for Next Load Case
                10:18:45:62  case no=  206 seq. no=   7 idynl= 0
                10:18:45:63  LOADEND ISLAVE                                   0
                10:18:45:63  Start Input for Next Load Case
                10:18:45:63  case no=  207 seq. no=   8 idynl= 0
                10:18:45:64  LOADEND ISLAVE                                   0
                10:18:45:64  Start Input for Next Load Case
                10:18:45:65  case no=  208 seq. no=   9 idynl= 0
                10:18:45:65  LOADEND ISLAVE                                   0
                10:18:45:66  Start Input for Next Load Case
                10:18:45:66  case no=  312 seq. no=  10 idynl= 0
                10:18:45:66  LOADEND ISLAVE                                   0
                10:18:45:67  Start Input for Next Load Case
                10:18:45:67  case no=  313 seq. no=  11 idynl= 0
                10:18:45:68  LOADEND ISLAVE                                   0
                10:18:45:68  Start Input for Next Load Case
                10:18:45:69  case no=  314 seq. no=  12 idynl= 0
                10:18:45:69  LOADEND ISLAVE                                   0
                10:18:45:70  Start Input for Next Load Case
                10:18:45:70  case no=  315 seq. no=  13 idynl= 0
                10:18:45:70  LOADEND ISLAVE                                   0
                10:18:45:71  Start Input for Next Load Case
                10:18:45:71  case no=  322 seq. no=  14 idynl= 0
                10:18:45:72  LOADEND ISLAVE                                   0
                10:18:45:72  Start Input for Next Load Case
                10:18:45:73  case no=  323 seq. no=  15 idynl= 0
                10:18:45:73  LOADEND ISLAVE                                   0
                10:18:45:73  Start Input for Next Load Case
                10:18:45:74  case no=  324 seq. no=  16 idynl= 0
                10:18:45:74  LOADEND ISLAVE                                   0
                10:18:45:75  Start Input for Next Load Case
                10:18:45:75  case no=  325 seq. no=  17 idynl= 0
                10:18:45:76  LOADEND ISLAVE                                   0
                10:18:45:76  Start Input for Next Load Case
                10:18:45:76  case no=  332 seq. no=  18 idynl= 0
                10:18:45:77  LOADEND ISLAVE                                   0
                10:18:45:77  Start Input for Next Load Case
                10:18:45:78  case no=  333 seq. no=  19 idynl= 0
                10:18:45:78  LOADEND ISLAVE                                   0
                10:18:45:79  Start Input for Next Load Case
                10:18:45:79  case no=  334 seq. no=  20 idynl= 0
                10:18:45:80  LOADEND ISLAVE                                   0
                10:18:45:80  Start Input for Next Load Case
                10:18:45:81  case no=  335 seq. no=  21 idynl= 0
                10:18:45:81  LOADEND ISLAVE                                   0
                10:18:45:81  Start Input for Next Load Case
                10:18:45:82  case no=  411 seq. no=  22 idynl= 0
                10:18:45:83  LOADEND ISLAVE                                   0
                10:18:45:83  Start Input for Next Load Case
                10:18:45:83  case no=  412 seq. no=  23 idynl= 0
                10:18:45:84  LOADEND ISLAVE                                   0
                10:18:45:84  Start Input for Next Load Case
                10:18:45:85  case no=  413 seq. no=  24 idynl= 0
                10:18:45:85  LOADEND ISLAVE                                   0
                10:18:45:86  Start Input for Next Load Case
                10:18:45:86  case no=  414 seq. no=  25 idynl= 0
                10:18:45:86  LOADEND ISLAVE                                   0
                10:18:45:87  Start Input for Next Load Case
                10:18:45:87  case no=  415 seq. no=  26 idynl= 0
                10:18:45:88  LOADEND ISLAVE                                   0
                10:18:45:88  Start Input for Next Load Case
                10:18:45:88  case no=  416 seq. no=  27 idynl= 0
                10:18:45:89  LOADEND ISLAVE                                   0
                10:18:45:89  Start Input for Next Load Case
                10:18:45:90  case no=  417 seq. no=  28 idynl= 0
                10:18:45:90  LOADEND ISLAVE                                   0
                10:18:45:91  Start Input for Next Load Case
                10:18:45:91  case no=  418 seq. no=  29 idynl= 0
                10:18:45:92  LOADEND ISLAVE                                   0
                10:18:45:92  Start Input for Next Load Case
                10:18:45:92  case no=  421 seq. no=  30 idynl= 0
                10:18:45:93  LOADEND ISLAVE                                   0
                10:18:45:93  Start Input for Next Load Case
                10:18:45:94  case no=  422 seq. no=  31 idynl= 0
                10:18:45:94  LOADEND ISLAVE                                   0
                10:18:45:95  Start Input for Next Load Case
                10:18:45:95  case no=  423 seq. no=  32 idynl= 0
                10:18:45:96  LOADEND ISLAVE                                   0
                10:18:45:96  Start Input for Next Load Case
                10:18:45:97  case no=  424 seq. no=  33 idynl= 0
                10:18:45:97  LOADEND ISLAVE                                   0
                10:18:45:97  Start Input for Next Load Case
                10:18:45:98  case no=  425 seq. no=  34 idynl= 0
                10:18:45:98  LOADEND ISLAVE                                   0
                10:18:45:99  Start Input for Next Load Case
                10:18:45:99  case no=  426 seq. no=  35 idynl= 0
                10:18:46: 0  LOADEND ISLAVE                                   0
                10:18:46: 1  Start Input for Next Load Case
                10:18:46: 1  case no=  427 seq. no=  36 idynl= 0
                10:18:46: 2  LOADEND ISLAVE                                   0
                10:18:46: 2  Start Input for Next Load Case
                10:18:46: 3  case no=  428 seq. no=  37 idynl= 0
                10:18:46: 4  LOADEND ISLAVE                                   0
                10:18:46: 4  Start Input for Next Load Case
                10:18:46: 5  case no=  711 seq. no=  38 idynl= 0
                10:18:46: 5  LOADEND ISLAVE                                   0
                10:18:46: 6  Start Input for Next Load Case
                10:18:46: 6  case no=  712 seq. no=  39 idynl= 0
                10:18:46: 7  LOADEND ISLAVE                                   0
                10:18:46: 8  Start Input for Next Load Case
                10:18:46: 8  case no=  713 seq. no=  40 idynl= 0
                10:18:46: 9  LOADEND ISLAVE                                   0
                10:18:46: 9  Start Input for Next Load Case
                10:18:46:10  case no=  714 seq. no=  41 idynl= 0
                10:18:46:10  LOADEND ISLAVE                                   0
                10:18:46:11  Start Input for Next Load Case
                10:18:46:11  case no=  715 seq. no=  42 idynl= 0
                10:18:46:12  LOADEND ISLAVE                                   0
                10:18:46:12  Start Input for Next Load Case
                10:18:46:13  case no=  716 seq. no=  43 idynl= 0
                10:18:46:13  LOADEND ISLAVE                                   0
                10:18:46:14  Start Input for Next Load Case
                10:18:46:14  case no=  717 seq. no=  44 idynl= 0
                10:18:46:14  LOADEND ISLAVE                                   0
                10:18:46:15  Start Input for Next Load Case
                10:18:46:15  case no=  718 seq. no=  45 idynl= 0
                10:18:46:16  LOADEND ISLAVE                                   0
                10:18:46:16  Start Input for Next Load Case
                10:18:46:17  case no= 1101 seq. no=  46 idynl= 0
                10:18:46:17  LOADEND ISLAVE                                   0
                10:18:46:17  Start Input for Next Load Case
                10:18:46:18  case no= 1102 seq. no=  47 idynl= 0
                10:18:46:18  LOADEND ISLAVE                                   0
                10:18:46:19  Start Input for Next Load Case
                10:18:46:19  case no= 1103 seq. no=  48 idynl= 0
                10:18:46:20  LOADEND ISLAVE                                   0
                10:18:46:20  Start Input for Next Load Case
                10:18:46:21  case no= 1104 seq. no=  49 idynl= 0
                10:18:46:21  LOADEND ISLAVE                                   0
                10:18:46:21  Start Input for Next Load Case
                10:18:46:22  case no= 1105 seq. no=  50 idynl= 0
                10:18:46:22  LOADEND ISLAVE                                   0
                10:18:46:23  Start Input for Next Load Case
                10:18:46:23  case no= 1106 seq. no=  51 idynl= 0
                10:18:46:24  LOADEND ISLAVE                                   0
                10:18:46:24  Start Input for Next Load Case
                10:18:46:24  case no= 1107 seq. no=  52 idynl= 0
                10:18:46:25  LOADEND ISLAVE                                   0
                10:18:46:25  Start Input for Next Load Case
                10:18:46:26  case no= 1108 seq. no=  53 idynl= 0
                10:18:46:26  LOADEND ISLAVE                                   0
                10:18:46:27  Start Input for Next Load Case
                10:18:46:27  case no= 1201 seq. no=  54 idynl= 0
                10:18:46:28  LOADEND ISLAVE                                   0
                10:18:46:28  Start Input for Next Load Case
                10:18:46:29  case no= 1202 seq. no=  55 idynl= 0
                10:18:46:29  LOADEND ISLAVE                                   0
                10:18:46:30  Start Input for Next Load Case
                10:18:46:30  case no= 1203 seq. no=  56 idynl= 0
                10:18:46:31  LOADEND ISLAVE                                   0
                10:18:46:31  Start Input for Next Load Case
                10:18:46:32  case no= 1204 seq. no=  57 idynl= 0
                10:18:46:32  LOADEND ISLAVE                                   0
                10:18:46:33  Start Input for Next Load Case
                10:18:46:33  case no= 1205 seq. no=  58 idynl= 0
                10:18:46:33  LOADEND ISLAVE                                   0
                10:18:46:34  Start Input for Next Load Case
                10:18:46:34  case no= 1206 seq. no=  59 idynl= 0
                10:18:46:35  LOADEND ISLAVE                                   0
                10:18:46:35  Start Input for Next Load Case
                10:18:46:36  case no= 1207 seq. no=  60 idynl= 0
                10:18:46:36  LOADEND ISLAVE                                   0
                10:18:46:37  Start Input for Next Load Case
                10:18:46:37  case no= 1208 seq. no=  61 idynl= 0
                10:18:46:37  LOADEND ISLAVE                                   0
                10:18:46:38  Start Input for Next Load Case
                10:18:46:38  case no= 2101 seq. no=  62 idynl= 0
                10:18:46:39  LOADEND ISLAVE                                   0
                10:18:46:39  Start Input for Next Load Case
                10:18:46:40  case no= 2102 seq. no=  63 idynl= 0
                10:18:46:40  LOADEND ISLAVE                                   0
                10:18:46:40  Start Input for Next Load Case
                10:18:46:41  case no= 2103 seq. no=  64 idynl= 0
                10:18:46:41  LOADEND ISLAVE                                   0
                10:18:46:42  Start Input for Next Load Case
                10:18:46:42  case no= 2104 seq. no=  65 idynl= 0
                10:18:46:43  LOADEND ISLAVE                                   0
                10:18:46:43  Start Input for Next Load Case
                10:18:46:43  case no= 2105 seq. no=  66 idynl= 0
                10:18:46:44  LOADEND ISLAVE                                   0
                10:18:46:44  Start Input for Next Load Case
                10:18:46:45  case no= 2106 seq. no=  67 idynl= 0
                10:18:46:45  LOADEND ISLAVE                                   0
                10:18:46:46  Start Input for Next Load Case
                10:18:46:46  case no= 2107 seq. no=  68 idynl= 0
                10:18:46:47  LOADEND ISLAVE                                   0
                10:18:46:47  Start Input for Next Load Case
                10:18:46:48  case no= 2108 seq. no=  69 idynl= 0
                10:18:46:48  LOADEND ISLAVE                                   0
                10:18:46:48  Start Input for Next Load Case
                10:18:46:49  case no= 3001 seq. no=  70 idynl= 0
                10:18:46:49  LOADEND ISLAVE                                   0
                10:18:46:50  Start Input for Next Load Case
                10:18:46:50  case no= 3002 seq. no=  71 idynl= 0
                10:18:46:51  LOADEND ISLAVE                                   0
                10:18:46:51  Start Input for Next Load Case
                10:18:46:52  case no= 3003 seq. no=  72 idynl= 0
                10:18:46:52  LOADEND ISLAVE                                   0
                10:18:46:53  Start Input for Next Load Case
                10:18:46:53  case no= 3004 seq. no=  73 idynl= 0
                10:18:46:53  LOADEND ISLAVE                                   0
                10:18:46:54  Start Input for Next Load Case
                10:18:46:54  case no= 3005 seq. no=  74 idynl= 0
                10:18:46:55  LOADEND ISLAVE                                   0
                10:18:46:56  Start Input for Next Load Case
                10:18:46:56  case no= 3006 seq. no=  75 idynl= 0
                10:18:46:57  LOADEND ISLAVE                                   0
                10:18:46:57  Start Input for Next Load Case
                10:18:46:58  case no= 3007 seq. no=  76 idynl= 0
                10:18:46:58  LOADEND ISLAVE                                   0
                10:18:46:59  Start Input for Next Load Case
                10:18:46:60  case no= 3008 seq. no=  77 idynl= 0
                10:18:46:60  LOADEND ISLAVE                                   0
                10:18:46:61  Start Input for Next Load Case
                10:18:46:61  case no= 3011 seq. no=  78 idynl= 0
                10:18:46:62  LOADEND ISLAVE                                   0
                10:18:46:62  Start Input for Next Load Case
                10:18:46:63  case no= 3012 seq. no=  79 idynl= 0
                10:18:46:63  LOADEND ISLAVE                                   0
                10:18:46:64  Start Input for Next Load Case
                10:18:46:64  case no= 3013 seq. no=  80 idynl= 0
                10:18:46:65  LOADEND ISLAVE                                   0
                10:18:46:66  Start Input for Next Load Case
                10:18:46:66  case no= 3014 seq. no=  81 idynl= 0
                10:18:46:66  LOADEND ISLAVE                                   0
                10:18:46:67  Start Input for Next Load Case
                10:18:46:67  case no= 3015 seq. no=  82 idynl= 0
                10:18:46:68  LOADEND ISLAVE                                   0
                10:18:46:68  Start Input for Next Load Case
                10:18:46:69  case no= 3016 seq. no=  83 idynl= 0
                10:18:46:69  LOADEND ISLAVE                                   0
                10:18:46:70  Start Input for Next Load Case
                10:18:46:70  case no= 3017 seq. no=  84 idynl= 0
                10:18:46:71  LOADEND ISLAVE                                   0
                10:18:46:71  Start Input for Next Load Case
                10:18:46:71  case no= 3018 seq. no=  85 idynl= 0
                10:18:46:72  LOADEND ISLAVE                                   0
                10:18:46:72  Start Input for Next Load Case
                10:18:46:73  case no= 3021 seq. no=  86 idynl= 0
                10:18:46:73  LOADEND ISLAVE                                   0
                10:18:46:74  Start Input for Next Load Case
                10:18:46:74  case no= 3022 seq. no=  87 idynl= 0
                10:18:46:74  LOADEND ISLAVE                                   0
                10:18:46:75  Start Input for Next Load Case
                10:18:46:75  case no= 3023 seq. no=  88 idynl= 0
                10:18:46:76  LOADEND ISLAVE                                   0
                10:18:46:76  Start Input for Next Load Case
                10:18:46:77  case no= 3024 seq. no=  89 idynl= 0
                10:18:46:77  LOADEND ISLAVE                                   0
                10:18:46:77  Start Input for Next Load Case
                10:18:46:78  case no= 3025 seq. no=  90 idynl= 0
                10:18:46:78  LOADEND ISLAVE                                   0
                10:18:46:79  Start Input for Next Load Case
                10:18:46:79  case no= 3026 seq. no=  91 idynl= 0
                10:18:46:80  LOADEND ISLAVE                                   0
                10:18:46:80  Start Input for Next Load Case
                10:18:46:81  case no= 3027 seq. no=  92 idynl= 0
                10:18:46:81  LOADEND ISLAVE                                   0
                10:18:46:82  Start Input for Next Load Case
                10:18:46:82  case no= 3028 seq. no=  93 idynl= 0
                10:18:46:82  LOADEND ISLAVE                                   0
                10:18:46:83  Start Input for Next Load Case
                10:18:46:83  case no= 3201 seq. no=  94 idynl= 0
                10:18:46:84  LOADEND ISLAVE                                   0
                10:18:46:84  Start Input for Next Load Case
                10:18:46:85  case no= 3202 seq. no=  95 idynl= 0
                10:18:46:85  LOADEND ISLAVE                                   0
                10:18:46:85  Start Input for Next Load Case
                10:18:46:86  case no= 3203 seq. no=  96 idynl= 0
                10:18:46:86  LOADEND ISLAVE                                   0
                10:18:46:87  Start Input for Next Load Case
                10:18:46:87  case no= 3204 seq. no=  97 idynl= 0
                10:18:46:88  LOADEND ISLAVE                                   0
                10:18:46:88  Start Input for Next Load Case
                10:18:46:88  case no= 3205 seq. no=  98 idynl= 0
                10:18:46:89  LOADEND ISLAVE                                   0
                10:18:46:89  Start Input for Next Load Case
                10:18:46:90  case no= 3206 seq. no=  99 idynl= 0
                10:18:46:90  LOADEND ISLAVE                                   0
                10:18:46:91  Start Input for Next Load Case
                10:18:46:91  case no= 3207 seq. no= 100 idynl= 0
                10:18:46:91  LOADEND ISLAVE                                   0
                10:18:46:92  Start Input for Next Load Case
                10:18:46:92  case no= 3208 seq. no= 101 idynl= 0
                10:18:46:93  LOADEND ISLAVE                                   0
                10:18:46:93  NVPREV                                           0
                10:18:46:94  AMAXNON                               2.644357E-01
                10:18:46:94  IRECSIZL=                                     4000
                10:18:46:95  MTX BLOCKSIZE=                                  36
                10:18:46:95  MI=                                             36
                10:18:46:96  NORECL=                                          1
                10:18:46:96  NORECL1=                                         1
                10:18:46:97  IWORD=                                       32000
                10:18:46:97  JRECSIZE=                                     4000
                10:18:46:98  IWORDJ=                                      32000
                10:18:46:98  IBYTE=                                           4
                10:18:46:98  JOINTS=                                         10
                10:18:46:99  MEMBERS=                                         9
                10:18:46:99  PLATES =                                         0
                10:18:47: 0  SOLIDS =                                         0
                10:18:47: 0  NO. OF EQUATIONS=                               36
                10:18:47: 1  idyn=                                            0
                10:18:47: 1  ipd=                                             0
                10:18:47: 2  icablanl=                                        0
                10:18:47: 2  ++ Processing Element Stiffness Matrix.
                10:18:47: 2  NV1                                            101
                10:18:47:15  ++ Calculating Element Forces & Reactions.
                10:18:47:66  COMBINATION CASES=                               0
                10:18:47:66  MAX CM MEMORY (KILOWORDS)                       30
                10:18:47:67  AFTER SOLVER 1
                10:18:47:69  REOPEN AS SEQ                                    0
                10:18:47:69  DEFINE ENVELOPE
                10:18:47:70  LOAD LIST ENV 4 TO 7
                10:18:47:70  PARAMETER 1
                10:18:47:72  CHECK CODE MEMB 201 T
                10:18:47:72  ENTERING SECTNM110 IQ=                           9
                10:18:47:72               NSEC=                              11
                10:18:47:73             ISECTN=                               0
                10:18:47:75  SECTNM110 DO 925
                10:18:47:77  ENTERING ENVLP1 ITYP1=                          -3
                10:18:47:77  SECT DISPLACE
                10:18:47:79  Steel/Alum/Timber Design                        52
                10:18:47:83    ++ Finished Design ...
                10:18:47:83  Steel/Timber Design exit
                10:18:47:84  PRINT JOINT DISPLACEM
                10:18:47:84  DRAW ISOM JOIN MEMB
                10:18:47:85  ENTERING SECTNM110 IQ=                           9
                10:18:47:85               NSEC=                              11
                10:18:47:86             ISECTN=                               0
                10:18:47:88  SECTNM110 DO 925
                10:18:47:89  PRINT SUPPORT REACTIO
                10:18:47:89  DRAW ISOM SUPP PROP
                10:18:47:90  ENTERING SECTNM110 IQ=                           9
                10:18:47:90               NSEC=                              11
                10:18:47:91             ISECTN=                               0
                10:18:47:93  SECTNM110 DO 925
                10:18:47:95  DRAW ISOM SHAP
                10:18:47:95  ENTERING SECTNM110 IQ=                           9
                10:18:47:96               NSEC=                              11
                10:18:47:96             ISECTN=                               0
                10:18:47:98  SECTNM110 DO 925
                10:18:48: 0  PRINT CG
                10:18:48: 0  FINISH
                10:18:48: 1  All Commands FINISHed
                10:18:48: 1  DATASAVE for SPRO GUI
                10:18:48: 2  ++ Creating Displacement File (DSP)...
                10:18:48: 3  ++ Creating Reaction File (REA)...
                10:18:48: 3  ++ Creating Section Force File (BMD)...
                10:18:48: 5  ++ Creating Section Displace File (SEC)...
                10:18:48: 5  ENTERING ENVLP1 ITYP1=                          -5
                10:18:48: 6  SECT DISPLACE
                10:18:48: 9  ++ Creating Section Displace File (SCN)...
                10:18:48:11  ++ Creating Design information File (DGN)...
                10:18:48:11  ALLOCATED CM MEMORY (KILOWORDS)             300000
                10:18:48:11  MAX CM MEMORY (KILOWORDS)                       66
                10:18:48:12  DBS LONG SEC NAME
* End Of Analysis At Sat Aug 31 10:18:48 2024
* CPU usage = 3.476000
* STAAD Exit Code: 100, Warning Count: 0, Error Count: 0, Duration: 3.476
1 0 0 3.476
****************************************************************************
*                            END OF ANALYSIS                               *
****************************************************************************
