08/20/2024 09:45:24	Reading UID database.
08/20/2024 09:45:24	Start loading STAAD model.
08/20/2024 09:45:24	Reading model file.
08/20/2024 09:45:24	Reading model file is complete.
08/20/2024 09:45:24	Processing support.
08/20/2024 09:45:24	Processing springs.
08/20/2024 09:45:24	Processing properties.
08/20/2024 09:45:24	Processing physical properties.
08/20/2024 09:45:24	Processing constants.
08/20/2024 09:45:24	Processing BETA constants.
08/20/2024 09:45:24	Processing hidden analytical member loads.
08/20/2024 09:45:24	Processing command list for member release.
08/20/2024 09:45:24	Processing command list for member offset.
08/20/2024 09:45:24	Processing command list for member specs (cracked).
08/20/2024 09:45:24	Processing command list for member specs (axial).
08/20/2024 09:45:24	Processing command list for element release.
08/20/2024 09:45:24	Processing command list for element offset.
08/20/2024 09:45:24	Processing command list for element plate stress directive.
08/20/2024 09:45:24	Processing parameter for Chinese wind load case.
08/20/2024 09:45:24	End Processing command list.
08/20/2024 09:45:24	End loading STAAD model.
08/20/2024 09:45:24	Start Post Analysis method
08/20/2024 09:45:24	Removed all hidden plates from surfaces
08/20/2024 09:45:24	Removed all hidden plates
08/20/2024 09:45:24	Removed all hidden nodes
08/20/2024 09:45:24	Loading results from MSH file...
08/20/2024 09:45:24	Building result indices...
08/20/2024 09:45:24	Loading plate stress results...
08/20/2024 09:45:24	Set analysis report setup data
08/20/2024 09:45:24	Starting page setup...
08/20/2024 09:45:24	Page setup completed
08/20/2024 09:45:24	Setting available workflows...
08/20/2024 09:45:24	Post analysis method ends
08/20/2024 09:46:21	Start Post Analysis method
08/20/2024 09:46:21	Removed all hidden plates from surfaces
08/20/2024 09:46:21	Removed all hidden plates
08/20/2024 09:46:21	Removed all hidden nodes
08/20/2024 09:46:21	Loading results from MSH file...
08/20/2024 09:46:21	Building result indices...
08/20/2024 09:46:21	Loading plate stress results...
08/20/2024 09:46:21	Set analysis report setup data
08/20/2024 09:46:21	Starting page setup...
08/20/2024 09:46:21	Page setup completed
08/20/2024 09:46:21	Setting available workflows...
08/20/2024 09:46:21	Post analysis method ends
08/20/2024 09:56:31	Reading UID database.
08/20/2024 09:56:31	Start loading STAAD model.
08/20/2024 09:56:31	Reading model file.
08/20/2024 09:56:31	Reading model file is complete.
08/20/2024 09:56:31	Processing support.
08/20/2024 09:56:31	Processing springs.
08/20/2024 09:56:31	Processing properties.
08/20/2024 09:56:31	Processing physical properties.
08/20/2024 09:56:31	Processing constants.
08/20/2024 09:56:31	Processing BETA constants.
08/20/2024 09:56:31	Processing hidden analytical member loads.
08/20/2024 09:56:31	Processing command list for member release.
08/20/2024 09:56:31	Processing command list for member offset.
08/20/2024 09:56:31	Processing command list for member specs (cracked).
08/20/2024 09:56:31	Processing command list for member specs (axial).
08/20/2024 09:56:31	Processing command list for element release.
08/20/2024 09:56:31	Processing command list for element offset.
08/20/2024 09:56:31	Processing command list for element plate stress directive.
08/20/2024 09:56:31	Processing parameter for Chinese wind load case.
08/20/2024 09:56:31	End Processing command list.
08/20/2024 09:56:31	End loading STAAD model.
08/20/2024 09:56:31	Start Post Analysis method
08/20/2024 09:56:31	Removed all hidden plates from surfaces
08/20/2024 09:56:31	Removed all hidden plates
08/20/2024 09:56:32	Removed all hidden nodes
08/20/2024 09:56:32	Loading results from MSH file...
08/20/2024 09:56:32	Building result indices...
08/20/2024 09:56:32	Loading plate stress results...
08/20/2024 09:56:32	Set analysis report setup data
08/20/2024 09:56:32	Starting page setup...
08/20/2024 09:56:32	Page setup completed
08/20/2024 09:56:32	Setting available workflows...
08/20/2024 09:56:32	Post analysis method ends
08/20/2024 09:56:43	Start Post Analysis method
08/20/2024 09:56:43	Removed all hidden plates from surfaces
08/20/2024 09:56:43	Removed all hidden plates
08/20/2024 09:56:43	Removed all hidden nodes
08/20/2024 09:56:43	Loading results from MSH file...
08/20/2024 09:56:43	Building result indices...
08/20/2024 09:56:43	Loading plate stress results...
08/20/2024 09:56:43	Set analysis report setup data
08/20/2024 09:56:43	Starting page setup...
08/20/2024 09:56:43	Page setup completed
08/20/2024 09:56:43	Setting available workflows...
08/20/2024 09:56:43	Post analysis method ends
