08/01/2024 14:19:27	Reading UID database.
08/01/2024 14:19:27	Start loading STAAD model.
08/01/2024 14:19:27	Reading model file.
08/01/2024 14:19:27	Reading model file is complete.
08/01/2024 14:19:27	Processing support.
08/01/2024 14:19:27	Processing springs.
08/01/2024 14:19:27	Processing properties.
08/01/2024 14:19:27	Processing physical properties.
08/01/2024 14:19:27	Processing constants.
08/01/2024 14:19:27	Processing BETA constants.
08/01/2024 14:19:27	Processing hidden analytical member loads.
08/01/2024 14:19:27	Processing command list for member release.
08/01/2024 14:19:27	Processing command list for member offset.
08/01/2024 14:19:27	Processing command list for member specs (cracked).
08/01/2024 14:19:27	Processing command list for member specs (axial).
08/01/2024 14:19:27	Processing command list for element release.
08/01/2024 14:19:27	Processing command list for element offset.
08/01/2024 14:19:27	Processing command list for element plate stress directive.
08/01/2024 14:19:27	Processing parameter for Chinese wind load case.
08/01/2024 14:19:27	End Processing command list.
08/01/2024 14:19:27	End loading STAAD model.
08/01/2024 14:19:27	Start Post Analysis method
08/01/2024 14:19:27	Removed all hidden plates from surfaces
08/01/2024 14:19:27	Removed all hidden plates
08/01/2024 14:19:27	Removed all hidden nodes
08/01/2024 14:19:27	Loading results from MSH file...
08/01/2024 14:19:27	Building result indices...
08/01/2024 14:19:27	Loading plate stress results...
08/01/2024 14:19:27	Set analysis report setup data
08/01/2024 14:19:27	Starting page setup...
08/01/2024 14:19:27	Page setup completed
08/01/2024 14:19:27	Setting available workflows...
08/01/2024 14:19:27	Post analysis method ends
08/01/2024 14:22:34	Reading UID database.
08/01/2024 14:22:34	Start loading STAAD model.
08/01/2024 14:22:34	Reading model file.
08/01/2024 14:22:34	Reading model file is complete.
08/01/2024 14:22:34	Processing support.
08/01/2024 14:22:34	Processing springs.
08/01/2024 14:22:34	Processing properties.
08/01/2024 14:22:34	Processing physical properties.
08/01/2024 14:22:34	Processing constants.
08/01/2024 14:22:34	Processing BETA constants.
08/01/2024 14:22:34	Processing hidden analytical member loads.
08/01/2024 14:22:34	Processing command list for member release.
08/01/2024 14:22:34	Processing command list for member offset.
08/01/2024 14:22:34	Processing command list for member specs (cracked).
08/01/2024 14:22:34	Processing command list for member specs (axial).
08/01/2024 14:22:34	Processing command list for element release.
08/01/2024 14:22:34	Processing command list for element offset.
08/01/2024 14:22:34	Processing command list for element plate stress directive.
08/01/2024 14:22:34	Processing parameter for Chinese wind load case.
08/01/2024 14:22:34	End Processing command list.
08/01/2024 14:22:34	End loading STAAD model.
08/01/2024 14:22:34	Start Post Analysis method
08/01/2024 14:22:34	Removed all hidden plates from surfaces
08/01/2024 14:22:34	Removed all hidden plates
08/01/2024 14:22:35	Removed all hidden nodes
08/01/2024 14:22:35	Loading results from MSH file...
08/01/2024 14:22:35	Building result indices...
08/01/2024 14:22:35	Loading plate stress results...
08/01/2024 14:22:35	Set analysis report setup data
08/01/2024 14:22:35	Starting page setup...
08/01/2024 14:22:35	Page setup completed
08/01/2024 14:22:35	Setting available workflows...
08/01/2024 14:22:35	Post analysis method ends
08/01/2024 14:22:45	Start Post Analysis method
08/01/2024 14:22:45	Removed all hidden plates from surfaces
08/01/2024 14:22:45	Removed all hidden plates
08/01/2024 14:22:45	Removed all hidden nodes
08/01/2024 14:22:45	Loading results from MSH file...
08/01/2024 14:22:45	Building result indices...
08/01/2024 14:22:45	Loading plate stress results...
08/01/2024 14:22:45	Set analysis report setup data
08/01/2024 14:22:45	Starting page setup...
08/01/2024 14:22:45	Page setup completed
08/01/2024 14:22:45	Setting available workflows...
08/01/2024 14:22:45	Post analysis method ends
