01/15/2025 09:46:03	Reading UID database.
01/15/2025 09:46:03	Start loading STAAD model.
01/15/2025 09:46:03	Reading model file.
01/15/2025 09:46:03	Reading model file is complete.
01/15/2025 09:46:03	Processing support.
01/15/2025 09:46:03	Processing springs.
01/15/2025 09:46:03	Processing properties.
01/15/2025 09:46:03	Processing physical properties.
01/15/2025 09:46:03	Processing constants.
01/15/2025 09:46:03	Processing BETA constants.
01/15/2025 09:46:03	Processing hidden analytical member loads.
01/15/2025 09:46:03	Processing command list for member release.
01/15/2025 09:46:03	Processing command list for member offset.
01/15/2025 09:46:03	Processing command list for member specs (cracked).
01/15/2025 09:46:03	Processing command list for member specs (axial).
01/15/2025 09:46:03	Processing command list for element release.
01/15/2025 09:46:03	Processing command list for element offset.
01/15/2025 09:46:03	Processing command list for element plate stress directive.
01/15/2025 09:46:03	Processing parameter for Chinese wind load case.
01/15/2025 09:46:03	End Processing command list.
01/15/2025 09:46:03	End loading STAAD model.
01/15/2025 09:46:03	Start Post Analysis method
01/15/2025 09:46:03	Removed all hidden plates from surfaces
01/15/2025 09:46:03	Removed all hidden plates
01/15/2025 09:46:03	Removed all hidden nodes
01/15/2025 09:46:03	Loading results from MSH file...
01/15/2025 09:46:03	Building result indices...
01/15/2025 09:46:03	Loading plate stress results...
01/15/2025 09:46:03	Set analysis report setup data
01/15/2025 09:46:03	Starting page setup...
01/15/2025 09:46:03	Page setup completed
01/15/2025 09:46:03	Setting available workflows...
01/15/2025 09:46:03	Post analysis method ends
