07/03/2024 15:17:34	Reading UID database.
07/03/2024 15:17:34	Start loading STAAD model.
07/03/2024 15:17:34	Reading model file.
07/03/2024 15:17:34	Reading model file is complete.
07/03/2024 15:17:35	Processing support.
07/03/2024 15:17:35	Processing springs.
07/03/2024 15:17:35	Processing properties.
07/03/2024 15:17:35	Processing physical properties.
07/03/2024 15:17:35	Processing constants.
07/03/2024 15:17:35	Processing BETA constants.
07/03/2024 15:17:35	Processing hidden analytical member loads.
07/03/2024 15:17:35	Processing command list for member release.
07/03/2024 15:17:35	Processing command list for member offset.
07/03/2024 15:17:35	Processing command list for member specs (cracked).
07/03/2024 15:17:35	Processing command list for member specs (axial).
07/03/2024 15:17:35	Processing command list for element release.
07/03/2024 15:17:35	Processing command list for element offset.
07/03/2024 15:17:35	Processing command list for element plate stress directive.
07/03/2024 15:17:35	Processing parameter for Chinese wind load case.
07/03/2024 15:17:35	End Processing command list.
07/03/2024 15:17:35	End loading STAAD model.
07/03/2024 15:17:35	Start Post Analysis method
07/03/2024 15:17:35	Removed all hidden plates from surfaces
07/03/2024 15:17:35	Removed all hidden plates
07/03/2024 15:17:35	Removed all hidden nodes
07/03/2024 15:17:35	Loading results from MSH file...
07/03/2024 15:17:35	Building result indices...
07/03/2024 15:17:35	Loading plate stress results...
07/03/2024 15:17:35	Set analysis report setup data
07/03/2024 15:17:35	Starting page setup...
07/03/2024 15:17:35	Page setup completed
07/03/2024 15:17:35	Setting available workflows...
07/03/2024 15:17:35	Post analysis method ends
07/03/2024 15:24:16	Reading UID database.
07/03/2024 15:24:16	Start loading STAAD model.
07/03/2024 15:24:16	Reading model file.
07/03/2024 15:24:16	Reading model file is complete.
07/03/2024 15:24:16	Processing support.
07/03/2024 15:24:16	Processing springs.
07/03/2024 15:24:16	Processing properties.
07/03/2024 15:24:16	Processing physical properties.
07/03/2024 15:24:16	Processing constants.
07/03/2024 15:24:16	Processing BETA constants.
07/03/2024 15:24:16	Processing hidden analytical member loads.
07/03/2024 15:24:16	Processing command list for member release.
07/03/2024 15:24:16	Processing command list for member offset.
07/03/2024 15:24:16	Processing command list for member specs (cracked).
07/03/2024 15:24:16	Processing command list for member specs (axial).
07/03/2024 15:24:16	Processing command list for element release.
07/03/2024 15:24:16	Processing command list for element offset.
07/03/2024 15:24:16	Processing command list for element plate stress directive.
07/03/2024 15:24:16	Processing parameter for Chinese wind load case.
07/03/2024 15:24:16	End Processing command list.
07/03/2024 15:24:16	End loading STAAD model.
07/03/2024 15:24:16	Start Post Analysis method
07/03/2024 15:24:16	Removed all hidden plates from surfaces
07/03/2024 15:24:16	Removed all hidden plates
07/03/2024 15:24:16	Removed all hidden nodes
07/03/2024 15:24:16	Loading results from MSH file...
07/03/2024 15:24:16	Building result indices...
07/03/2024 15:24:16	Loading plate stress results...
07/03/2024 15:24:16	Set analysis report setup data
07/03/2024 15:24:16	Starting page setup...
07/03/2024 15:24:16	Page setup completed
07/03/2024 15:24:16	Setting available workflows...
07/03/2024 15:24:16	Post analysis method ends
07/03/2024 15:25:16	Start Post Analysis method
07/03/2024 15:25:16	Removed all hidden plates from surfaces
07/03/2024 15:25:16	Removed all hidden plates
07/03/2024 15:25:16	Removed all hidden nodes
07/03/2024 15:25:16	Loading results from MSH file...
07/03/2024 15:25:16	Building result indices...
07/03/2024 15:25:16	Loading plate stress results...
07/03/2024 15:25:16	Set analysis report setup data
07/03/2024 15:25:16	Starting page setup...
07/03/2024 15:25:16	Page setup completed
07/03/2024 15:25:16	Setting available workflows...
07/03/2024 15:25:16	Post analysis method ends
