07/19/2024 14:47:34	Reading UID database.
07/19/2024 14:47:34	Start loading STAAD model.
07/19/2024 14:47:34	Reading model file.
07/19/2024 14:47:34	Reading model file is complete.
07/19/2024 14:47:34	Processing support.
07/19/2024 14:47:34	Processing springs.
07/19/2024 14:47:34	Processing properties.
07/19/2024 14:47:34	Processing physical properties.
07/19/2024 14:47:34	Processing constants.
07/19/2024 14:47:34	Processing BETA constants.
07/19/2024 14:47:34	Processing hidden analytical member loads.
07/19/2024 14:47:34	Processing command list for member release.
07/19/2024 14:47:34	Processing command list for member offset.
07/19/2024 14:47:34	Processing command list for member specs (cracked).
07/19/2024 14:47:34	Processing command list for member specs (axial).
07/19/2024 14:47:34	Processing command list for element release.
07/19/2024 14:47:34	Processing command list for element offset.
07/19/2024 14:47:34	Processing command list for element plate stress directive.
07/19/2024 14:47:34	Processing parameter for Chinese wind load case.
07/19/2024 14:47:34	End Processing command list.
07/19/2024 14:47:34	End loading STAAD model.
07/19/2024 14:47:34	Start Post Analysis method
07/19/2024 14:47:34	Removed all hidden plates from surfaces
07/19/2024 14:47:34	Removed all hidden plates
07/19/2024 14:47:35	Removed all hidden nodes
07/19/2024 14:47:35	Loading results from MSH file...
07/19/2024 14:47:35	Building result indices...
07/19/2024 14:47:35	Loading plate stress results...
07/19/2024 14:47:35	Set analysis report setup data
07/19/2024 14:47:35	Starting page setup...
07/19/2024 14:47:35	Page setup completed
07/19/2024 14:47:35	Setting available workflows...
07/19/2024 14:47:35	Post analysis method ends
07/19/2024 15:29:52	Reading UID database.
07/19/2024 15:29:52	Start loading STAAD model.
07/19/2024 15:29:52	Reading model file.
07/19/2024 15:29:52	Reading model file is complete.
07/19/2024 15:29:52	Processing support.
07/19/2024 15:29:52	Processing springs.
07/19/2024 15:29:52	Processing properties.
07/19/2024 15:29:52	Processing physical properties.
07/19/2024 15:29:52	Processing constants.
07/19/2024 15:29:52	Processing BETA constants.
07/19/2024 15:29:52	Processing hidden analytical member loads.
07/19/2024 15:29:52	Processing command list for member release.
07/19/2024 15:29:52	Processing command list for member offset.
07/19/2024 15:29:52	Processing command list for member specs (cracked).
07/19/2024 15:29:52	Processing command list for member specs (axial).
07/19/2024 15:29:52	Processing command list for element release.
07/19/2024 15:29:52	Processing command list for element offset.
07/19/2024 15:29:52	Processing command list for element plate stress directive.
07/19/2024 15:29:52	Processing parameter for Chinese wind load case.
07/19/2024 15:29:52	End Processing command list.
07/19/2024 15:29:52	End loading STAAD model.
07/19/2024 15:29:52	Start Post Analysis method
07/19/2024 15:29:52	Removed all hidden plates from surfaces
07/19/2024 15:29:52	Removed all hidden plates
07/19/2024 15:29:53	Removed all hidden nodes
07/19/2024 15:29:53	Loading results from MSH file...
07/19/2024 15:29:53	Building result indices...
07/19/2024 15:29:53	Loading plate stress results...
07/19/2024 15:29:53	Set analysis report setup data
07/19/2024 15:29:53	Starting page setup...
07/19/2024 15:29:53	Page setup completed
07/19/2024 15:29:53	Setting available workflows...
07/19/2024 15:29:53	Post analysis method ends
07/19/2024 15:30:06	Start Post Analysis method
07/19/2024 15:30:06	Removed all hidden plates from surfaces
07/19/2024 15:30:06	Removed all hidden plates
07/19/2024 15:30:06	Removed all hidden nodes
07/19/2024 15:30:06	Loading results from MSH file...
07/19/2024 15:30:06	Building result indices...
07/19/2024 15:30:06	Loading plate stress results...
07/19/2024 15:30:06	Set analysis report setup data
07/19/2024 15:30:06	Starting page setup...
07/19/2024 15:30:06	Page setup completed
07/19/2024 15:30:06	Setting available workflows...
07/19/2024 15:30:06	Post analysis method ends
