15:29:58	Initializing STAAD Engine
15:29:58	Run stream set up is complete.
15:29:58	Initialize license libraries.
15:29:59	License libraries initialized.
15:29:59	Starting license(s) for A & D engine.
15:30:00	License Status: Ok
15:30:00	License information set up is complete.
****************************************************************************
*                            START OF ANALYSIS                             *
****************************************************************************
* Initiating Analysis At Fri Jul 19 15:30:00 2024
                          PROGRAM: STAAD.Pro
                          VERSION: 23.00.01.25
                15:30: 0:35  ENTERING STAAD
                15:30: 0:37  USING 64 BIT STAAD ENGINE
                15:30: 0:37  ENTERING MAINN
                15:30: 0:38  START JOB INFORMATION
                15:30: 0:38  INPUT WIDTH 79
                15:30: 0:38  UNIT MMS KN
                15:30: 0:39  JOINT COORDINATES
                15:30: 0:39  ENTERING JOINTC
                15:30: 0:40  JOINTC NEWJ                                 400000
                15:30: 0:40  MAX NODE NO.                                    25
                15:30: 0:40  MEMBER INCIDENCES
                15:30: 0:41  UNIT METER KN
                15:30: 0:41  DEFINE MATERIAL START
                15:30: 0:42  UNIT MMS KN
                15:30: 0:42  MEMBER PROPERTY EUROP
                15:30: 0:86    ++ Finished Reading Member Properties ...
                15:30: 0:86  CONSTANTS
                15:30: 0:87  SUPPORTS
                15:30: 0:87  ENTERING SUPPORT
                15:30: 0:88  UNIT METER KN
                15:30: 0:88  DEFINE WIND LOAD
                15:30: 0:89  LOAD 121 LOADTYPE DEA
                15:30: 0:90  DUPLICATE ELEMENT CHECK
                15:30: 0:90  CHECKING STRUCTURAL INTEGRITY
                15:30: 0:91  CHECK UNCONNECTED JOINTS AND
                15:30: 0:91  CALCULATE MAX JOINT CONNECTIVITY
                15:30: 0:92  CHECK MULTIPLE STRUCTURES
                15:30: 0:92  ENTERING SUPPORT
                15:30: 0:92  NRJOLD                                           0
                15:30: 0:93  SUPPORT NOLD                                     0
                15:30: 0:93  SUPPORT N                                      126
                15:30: 0:94  BEFORE LOADPR
                15:30: 0:94  REOPEN AS DIR                                    0
                15:30: 0:95  ENTER LOADPR
                15:30: 1: 9  PERFORM ANALYSIS PRIN
                15:30: 1: 9  pdel iter                                        0
                15:30: 1:10  MAXIMUM E =                           2.973273E+04
                15:30: 1:10  MINIMUM E =                           2.973273E+04
                15:30: 1:11  MBW DOF BAND=                                    1
                15:30: 1:12  NUMBER OF PRIMARY CASES                        101
                15:30: 1:12  NUMBER OF CASES                                252
                15:30: 1:13  #OF CASES W/ELEM INMEMORY                      252
                15:30: 1:14  MEMORY FOR MEMBER LOADS                      78624
                15:30: 1:14  MEMORY FOR DISPLACEMENTS                     37800
                15:30: 1:15  MEMORY FOR MEMBER FORCES                     78624
                15:30: 1:15  Using 64-bit analysis engine
                15:30: 1:16  BEFORE SOLVER 1
                15:30: 1:17  Start Input for Next Load Case
                15:30: 1:17  case no=  121 seq. no=   1 idynl= 0
                15:30: 1:17  MASSSET                                          0
                15:30: 1:18  LOADEND ISLAVE                                   0
                15:30: 1:19  Start Input for Next Load Case
                15:30: 1:19  case no=  201 seq. no=   2 idynl= 0
                15:30: 1:20  LOADEND ISLAVE                                   0
                15:30: 1:21  Start Input for Next Load Case
                15:30: 1:21  case no=  202 seq. no=   3 idynl= 0
                15:30: 1:22  LOADEND ISLAVE                                   0
                15:30: 1:23  Start Input for Next Load Case
                15:30: 1:23  case no=  203 seq. no=   4 idynl= 0
                15:30: 1:24  LOADEND ISLAVE                                   0
                15:30: 1:25  Start Input for Next Load Case
                15:30: 1:26  case no=  204 seq. no=   5 idynl= 0
                15:30: 1:27  LOADEND ISLAVE                                   0
                15:30: 1:28  Start Input for Next Load Case
                15:30: 1:28  case no=  205 seq. no=   6 idynl= 0
                15:30: 1:29  LOADEND ISLAVE                                   0
                15:30: 1:30  Start Input for Next Load Case
                15:30: 1:30  case no=  206 seq. no=   7 idynl= 0
                15:30: 1:31  LOADEND ISLAVE                                   0
                15:30: 1:32  Start Input for Next Load Case
                15:30: 1:32  case no=  207 seq. no=   8 idynl= 0
                15:30: 1:33  LOADEND ISLAVE                                   0
                15:30: 1:33  Start Input for Next Load Case
                15:30: 1:34  case no=  208 seq. no=   9 idynl= 0
                15:30: 1:35  LOADEND ISLAVE                                   0
                15:30: 1:35  Start Input for Next Load Case
                15:30: 1:36  case no=  312 seq. no=  10 idynl= 0
                15:30: 1:36  LOADEND ISLAVE                                   0
                15:30: 1:37  Start Input for Next Load Case
                15:30: 1:37  case no=  313 seq. no=  11 idynl= 0
                15:30: 1:38  LOADEND ISLAVE                                   0
                15:30: 1:38  Start Input for Next Load Case
                15:30: 1:39  case no=  314 seq. no=  12 idynl= 0
                15:30: 1:39  LOADEND ISLAVE                                   0
                15:30: 1:40  Start Input for Next Load Case
                15:30: 1:40  case no=  315 seq. no=  13 idynl= 0
                15:30: 1:40  LOADEND ISLAVE                                   0
                15:30: 1:41  Start Input for Next Load Case
                15:30: 1:42  case no=  322 seq. no=  14 idynl= 0
                15:30: 1:42  LOADEND ISLAVE                                   0
                15:30: 1:43  Start Input for Next Load Case
                15:30: 1:43  case no=  323 seq. no=  15 idynl= 0
                15:30: 1:44  LOADEND ISLAVE                                   0
                15:30: 1:45  Start Input for Next Load Case
                15:30: 1:45  case no=  324 seq. no=  16 idynl= 0
                15:30: 1:46  LOADEND ISLAVE                                   0
                15:30: 1:46  Start Input for Next Load Case
                15:30: 1:47  case no=  325 seq. no=  17 idynl= 0
                15:30: 1:47  LOADEND ISLAVE                                   0
                15:30: 1:48  Start Input for Next Load Case
                15:30: 1:48  case no=  332 seq. no=  18 idynl= 0
                15:30: 1:49  LOADEND ISLAVE                                   0
                15:30: 1:50  Start Input for Next Load Case
                15:30: 1:50  case no=  333 seq. no=  19 idynl= 0
                15:30: 1:51  LOADEND ISLAVE                                   0
                15:30: 1:52  Start Input for Next Load Case
                15:30: 1:52  case no=  334 seq. no=  20 idynl= 0
                15:30: 1:53  LOADEND ISLAVE                                   0
                15:30: 1:53  Start Input for Next Load Case
                15:30: 1:54  case no=  335 seq. no=  21 idynl= 0
                15:30: 1:55  LOADEND ISLAVE                                   0
                15:30: 1:55  Start Input for Next Load Case
                15:30: 1:56  case no=  411 seq. no=  22 idynl= 0
                15:30: 1:56  LOADEND ISLAVE                                   0
                15:30: 1:56  Start Input for Next Load Case
                15:30: 1:57  case no=  412 seq. no=  23 idynl= 0
                15:30: 1:57  LOADEND ISLAVE                                   0
                15:30: 1:58  Start Input for Next Load Case
                15:30: 1:59  case no=  413 seq. no=  24 idynl= 0
                15:30: 1:59  LOADEND ISLAVE                                   0
                15:30: 1:60  Start Input for Next Load Case
                15:30: 1:60  case no=  414 seq. no=  25 idynl= 0
                15:30: 1:61  LOADEND ISLAVE                                   0
                15:30: 1:61  Start Input for Next Load Case
                15:30: 1:62  case no=  415 seq. no=  26 idynl= 0
                15:30: 1:63  LOADEND ISLAVE                                   0
                15:30: 1:63  Start Input for Next Load Case
                15:30: 1:64  case no=  416 seq. no=  27 idynl= 0
                15:30: 1:64  LOADEND ISLAVE                                   0
                15:30: 1:65  Start Input for Next Load Case
                15:30: 1:66  case no=  417 seq. no=  28 idynl= 0
                15:30: 1:66  LOADEND ISLAVE                                   0
                15:30: 1:67  Start Input for Next Load Case
                15:30: 1:67  case no=  418 seq. no=  29 idynl= 0
                15:30: 1:68  LOADEND ISLAVE                                   0
                15:30: 1:69  Start Input for Next Load Case
                15:30: 1:70  case no=  421 seq. no=  30 idynl= 0
                15:30: 1:70  LOADEND ISLAVE                                   0
                15:30: 1:71  Start Input for Next Load Case
                15:30: 1:71  case no=  422 seq. no=  31 idynl= 0
                15:30: 1:72  LOADEND ISLAVE                                   0
                15:30: 1:72  Start Input for Next Load Case
                15:30: 1:73  case no=  423 seq. no=  32 idynl= 0
                15:30: 1:74  LOADEND ISLAVE                                   0
                15:30: 1:74  Start Input for Next Load Case
                15:30: 1:75  case no=  424 seq. no=  33 idynl= 0
                15:30: 1:76  LOADEND ISLAVE                                   0
                15:30: 1:76  Start Input for Next Load Case
                15:30: 1:77  case no=  425 seq. no=  34 idynl= 0
                15:30: 1:78  LOADEND ISLAVE                                   0
                15:30: 1:79  Start Input for Next Load Case
                15:30: 1:80  case no=  426 seq. no=  35 idynl= 0
                15:30: 1:80  LOADEND ISLAVE                                   0
                15:30: 1:81  Start Input for Next Load Case
                15:30: 1:82  case no=  427 seq. no=  36 idynl= 0
                15:30: 1:82  LOADEND ISLAVE                                   0
                15:30: 1:83  Start Input for Next Load Case
                15:30: 1:84  case no=  428 seq. no=  37 idynl= 0
                15:30: 1:84  LOADEND ISLAVE                                   0
                15:30: 1:85  Start Input for Next Load Case
                15:30: 1:85  case no=  711 seq. no=  38 idynl= 0
                15:30: 1:86  LOADEND ISLAVE                                   0
                15:30: 1:87  Start Input for Next Load Case
                15:30: 1:87  case no=  712 seq. no=  39 idynl= 0
                15:30: 1:88  LOADEND ISLAVE                                   0
                15:30: 1:88  Start Input for Next Load Case
                15:30: 1:89  case no=  713 seq. no=  40 idynl= 0
                15:30: 1:89  LOADEND ISLAVE                                   0
                15:30: 1:90  Start Input for Next Load Case
                15:30: 1:91  case no=  714 seq. no=  41 idynl= 0
                15:30: 1:92  LOADEND ISLAVE                                   0
                15:30: 1:92  Start Input for Next Load Case
                15:30: 1:93  case no=  715 seq. no=  42 idynl= 0
                15:30: 1:94  LOADEND ISLAVE                                   0
                15:30: 1:94  Start Input for Next Load Case
                15:30: 1:95  case no=  716 seq. no=  43 idynl= 0
                15:30: 1:95  LOADEND ISLAVE                                   0
                15:30: 1:96  Start Input for Next Load Case
                15:30: 1:96  case no=  717 seq. no=  44 idynl= 0
                15:30: 1:97  LOADEND ISLAVE                                   0
                15:30: 1:97  Start Input for Next Load Case
                15:30: 1:98  case no=  718 seq. no=  45 idynl= 0
                15:30: 1:98  LOADEND ISLAVE                                   0
                15:30: 1:99  Start Input for Next Load Case
                15:30: 1:99  case no= 1101 seq. no=  46 idynl= 0
                15:30: 1:99  LOADEND ISLAVE                                   0
                15:30: 2: 0  Start Input for Next Load Case
                15:30: 2: 0  case no= 1102 seq. no=  47 idynl= 0
                15:30: 2: 1  LOADEND ISLAVE                                   0
                15:30: 2: 1  Start Input for Next Load Case
                15:30: 2: 2  case no= 1103 seq. no=  48 idynl= 0
                15:30: 2: 2  LOADEND ISLAVE                                   0
                15:30: 2: 3  Start Input for Next Load Case
                15:30: 2: 3  case no= 1104 seq. no=  49 idynl= 0
                15:30: 2: 4  LOADEND ISLAVE                                   0
                15:30: 2: 4  Start Input for Next Load Case
                15:30: 2: 5  case no= 1105 seq. no=  50 idynl= 0
                15:30: 2: 5  LOADEND ISLAVE                                   0
                15:30: 2: 6  Start Input for Next Load Case
                15:30: 2: 6  case no= 1106 seq. no=  51 idynl= 0
                15:30: 2: 7  LOADEND ISLAVE                                   0
                15:30: 2: 7  Start Input for Next Load Case
                15:30: 2: 8  case no= 1107 seq. no=  52 idynl= 0
                15:30: 2: 8  LOADEND ISLAVE                                   0
                15:30: 2: 9  Start Input for Next Load Case
                15:30: 2: 9  case no= 1108 seq. no=  53 idynl= 0
                15:30: 2:10  LOADEND ISLAVE                                   0
                15:30: 2:10  Start Input for Next Load Case
                15:30: 2:11  case no= 1201 seq. no=  54 idynl= 0
                15:30: 2:11  LOADEND ISLAVE                                   0
                15:30: 2:12  Start Input for Next Load Case
                15:30: 2:12  case no= 1202 seq. no=  55 idynl= 0
                15:30: 2:13  LOADEND ISLAVE                                   0
                15:30: 2:14  Start Input for Next Load Case
                15:30: 2:14  case no= 1203 seq. no=  56 idynl= 0
                15:30: 2:15  LOADEND ISLAVE                                   0
                15:30: 2:16  Start Input for Next Load Case
                15:30: 2:16  case no= 1204 seq. no=  57 idynl= 0
                15:30: 2:17  LOADEND ISLAVE                                   0
                15:30: 2:17  Start Input for Next Load Case
                15:30: 2:18  case no= 1205 seq. no=  58 idynl= 0
                15:30: 2:19  LOADEND ISLAVE                                   0
                15:30: 2:19  Start Input for Next Load Case
                15:30: 2:20  case no= 1206 seq. no=  59 idynl= 0
                15:30: 2:20  LOADEND ISLAVE                                   0
                15:30: 2:21  Start Input for Next Load Case
                15:30: 2:22  case no= 1207 seq. no=  60 idynl= 0
                15:30: 2:22  LOADEND ISLAVE                                   0
                15:30: 2:23  Start Input for Next Load Case
                15:30: 2:24  case no= 1208 seq. no=  61 idynl= 0
                15:30: 2:24  LOADEND ISLAVE                                   0
                15:30: 2:25  Start Input for Next Load Case
                15:30: 2:26  case no= 2101 seq. no=  62 idynl= 0
                15:30: 2:26  LOADEND ISLAVE                                   0
                15:30: 2:27  Start Input for Next Load Case
                15:30: 2:28  case no= 2102 seq. no=  63 idynl= 0
                15:30: 2:28  LOADEND ISLAVE                                   0
                15:30: 2:29  Start Input for Next Load Case
                15:30: 2:30  case no= 2103 seq. no=  64 idynl= 0
                15:30: 2:30  LOADEND ISLAVE                                   0
                15:30: 2:31  Start Input for Next Load Case
                15:30: 2:32  case no= 2104 seq. no=  65 idynl= 0
                15:30: 2:32  LOADEND ISLAVE                                   0
                15:30: 2:33  Start Input for Next Load Case
                15:30: 2:33  case no= 2105 seq. no=  66 idynl= 0
                15:30: 2:34  LOADEND ISLAVE                                   0
                15:30: 2:35  Start Input for Next Load Case
                15:30: 2:36  case no= 2106 seq. no=  67 idynl= 0
                15:30: 2:37  LOADEND ISLAVE                                   0
                15:30: 2:38  Start Input for Next Load Case
                15:30: 2:39  case no= 2107 seq. no=  68 idynl= 0
                15:30: 2:39  LOADEND ISLAVE                                   0
                15:30: 2:40  Start Input for Next Load Case
                15:30: 2:41  case no= 2108 seq. no=  69 idynl= 0
                15:30: 2:42  LOADEND ISLAVE                                   0
                15:30: 2:42  Start Input for Next Load Case
                15:30: 2:43  case no= 3001 seq. no=  70 idynl= 0
                15:30: 2:43  LOADEND ISLAVE                                   0
                15:30: 2:44  Start Input for Next Load Case
                15:30: 2:45  case no= 3002 seq. no=  71 idynl= 0
                15:30: 2:45  LOADEND ISLAVE                                   0
                15:30: 2:46  Start Input for Next Load Case
                15:30: 2:46  case no= 3003 seq. no=  72 idynl= 0
                15:30: 2:47  LOADEND ISLAVE                                   0
                15:30: 2:47  Start Input for Next Load Case
                15:30: 2:48  case no= 3004 seq. no=  73 idynl= 0
                15:30: 2:48  LOADEND ISLAVE                                   0
                15:30: 2:49  Start Input for Next Load Case
                15:30: 2:49  case no= 3005 seq. no=  74 idynl= 0
                15:30: 2:50  LOADEND ISLAVE                                   0
                15:30: 2:50  Start Input for Next Load Case
                15:30: 2:51  case no= 3006 seq. no=  75 idynl= 0
                15:30: 2:51  LOADEND ISLAVE                                   0
                15:30: 2:52  Start Input for Next Load Case
                15:30: 2:52  case no= 3007 seq. no=  76 idynl= 0
                15:30: 2:53  LOADEND ISLAVE                                   0
                15:30: 2:53  Start Input for Next Load Case
                15:30: 2:54  case no= 3008 seq. no=  77 idynl= 0
                15:30: 2:54  LOADEND ISLAVE                                   0
                15:30: 2:55  Start Input for Next Load Case
                15:30: 2:56  case no= 3011 seq. no=  78 idynl= 0
                15:30: 2:57  LOADEND ISLAVE                                   0
                15:30: 2:58  Start Input for Next Load Case
                15:30: 2:58  case no= 3012 seq. no=  79 idynl= 0
                15:30: 2:59  LOADEND ISLAVE                                   0
                15:30: 2:59  Start Input for Next Load Case
                15:30: 2:60  case no= 3013 seq. no=  80 idynl= 0
                15:30: 2:60  LOADEND ISLAVE                                   0
                15:30: 2:61  Start Input for Next Load Case
                15:30: 2:61  case no= 3014 seq. no=  81 idynl= 0
                15:30: 2:62  LOADEND ISLAVE                                   0
                15:30: 2:62  Start Input for Next Load Case
                15:30: 2:63  case no= 3015 seq. no=  82 idynl= 0
                15:30: 2:63  LOADEND ISLAVE                                   0
                15:30: 2:64  Start Input for Next Load Case
                15:30: 2:64  case no= 3016 seq. no=  83 idynl= 0
                15:30: 2:65  LOADEND ISLAVE                                   0
                15:30: 2:65  Start Input for Next Load Case
                15:30: 2:65  case no= 3017 seq. no=  84 idynl= 0
                15:30: 2:66  LOADEND ISLAVE                                   0
                15:30: 2:66  Start Input for Next Load Case
                15:30: 2:67  case no= 3018 seq. no=  85 idynl= 0
                15:30: 2:67  LOADEND ISLAVE                                   0
                15:30: 2:68  Start Input for Next Load Case
                15:30: 2:68  case no= 3021 seq. no=  86 idynl= 0
                15:30: 2:69  LOADEND ISLAVE                                   0
                15:30: 2:69  Start Input for Next Load Case
                15:30: 2:70  case no= 3022 seq. no=  87 idynl= 0
                15:30: 2:70  LOADEND ISLAVE                                   0
                15:30: 2:71  Start Input for Next Load Case
                15:30: 2:71  case no= 3023 seq. no=  88 idynl= 0
                15:30: 2:72  LOADEND ISLAVE                                   0
                15:30: 2:72  Start Input for Next Load Case
                15:30: 2:73  case no= 3024 seq. no=  89 idynl= 0
                15:30: 2:73  LOADEND ISLAVE                                   0
                15:30: 2:74  Start Input for Next Load Case
                15:30: 2:74  case no= 3025 seq. no=  90 idynl= 0
                15:30: 2:75  LOADEND ISLAVE                                   0
                15:30: 2:75  Start Input for Next Load Case
                15:30: 2:76  case no= 3026 seq. no=  91 idynl= 0
                15:30: 2:76  LOADEND ISLAVE                                   0
                15:30: 2:76  Start Input for Next Load Case
                15:30: 2:77  case no= 3027 seq. no=  92 idynl= 0
                15:30: 2:77  LOADEND ISLAVE                                   0
                15:30: 2:78  Start Input for Next Load Case
                15:30: 2:78  case no= 3028 seq. no=  93 idynl= 0
                15:30: 2:78  LOADEND ISLAVE                                   0
                15:30: 2:79  Start Input for Next Load Case
                15:30: 2:79  case no= 3201 seq. no=  94 idynl= 0
                15:30: 2:80  LOADEND ISLAVE                                   0
                15:30: 2:80  Start Input for Next Load Case
                15:30: 2:81  case no= 3202 seq. no=  95 idynl= 0
                15:30: 2:81  LOADEND ISLAVE                                   0
                15:30: 2:82  Start Input for Next Load Case
                15:30: 2:82  case no= 3203 seq. no=  96 idynl= 0
                15:30: 2:83  LOADEND ISLAVE                                   0
                15:30: 2:83  Start Input for Next Load Case
                15:30: 2:84  case no= 3204 seq. no=  97 idynl= 0
                15:30: 2:84  LOADEND ISLAVE                                   0
                15:30: 2:85  Start Input for Next Load Case
                15:30: 2:85  case no= 3205 seq. no=  98 idynl= 0
                15:30: 2:86  LOADEND ISLAVE                                   0
                15:30: 2:86  Start Input for Next Load Case
                15:30: 2:87  case no= 3206 seq. no=  99 idynl= 0
                15:30: 2:87  LOADEND ISLAVE                                   0
                15:30: 2:87  Start Input for Next Load Case
                15:30: 2:88  case no= 3207 seq. no= 100 idynl= 0
                15:30: 2:88  LOADEND ISLAVE                                   0
                15:30: 2:89  Start Input for Next Load Case
                15:30: 2:89  case no= 3208 seq. no= 101 idynl= 0
                15:30: 2:89  LOADEND ISLAVE                                   0
                15:30: 2:90  NVPREV                                           0
                15:30: 2:90  AMAXNON                               5.561024E-01
                15:30: 2:91  IRECSIZL=                                     4000
                15:30: 2:91  MTX BLOCKSIZE=                                 126
                15:30: 2:92  MI=                                            126
                15:30: 2:92  NORECL=                                          1
                15:30: 2:93  NORECL1=                                         1
                15:30: 2:94  IWORD=                                       32000
                15:30: 2:94  JRECSIZE=                                     4000
                15:30: 2:95  IWORDJ=                                      32000
                15:30: 2:95  IBYTE=                                           4
                15:30: 2:96  JOINTS=                                         25
                15:30: 2:96  MEMBERS=                                        26
                15:30: 2:97  PLATES =                                         0
                15:30: 2:97  SOLIDS =                                         0
                15:30: 2:98  NO. OF EQUATIONS=                              126
                15:30: 2:98  idyn=                                            0
                15:30: 2:98  ipd=                                             0
                15:30: 2:99  icablanl=                                        0
                15:30: 2:99  ++ Processing Element Stiffness Matrix.
                15:30: 3: 0  NV1                                            101
                15:30: 3:11  ++ Calculating Element Forces & Reactions.
                15:30: 3:63  COMBINATION CASES=                               0
                15:30: 3:63  MAX CM MEMORY (KILOWORDS)                       40
                15:30: 3:64  AFTER SOLVER 1
                15:30: 3:65  REOPEN AS SEQ                                    0
                15:30: 3:65  DEFINE ENVELOPE
                15:30: 3:67  LOAD LIST 1101 TO 110
                15:30: 3:67  PARAMETER 1
                15:30: 3:69  CHECK CODE ALL
                15:30: 3:69  ENTERING SECTNM110 IQ=                          26
                15:30: 3:69               NSEC=                              11
                15:30: 3:70             ISECTN=                               0
                15:30: 3:72  SECTNM110 DO 925
                15:30: 3:75  ENTERING ENVLP1 ITYP1=                          -3
                15:30: 3:75  SECT DISPLACE
                15:30: 3:79  Steel/Alum/Timber Design                        52
                15:30: 3:85    ++ Finished Design ...
                15:30: 3:85  Steel/Timber Design exit
                15:30: 3:86  LOAD LIST 2101 TO 210
                15:30: 3:87  PARAMETER 1
                15:30: 3:88  CHECK CODE ALL
                15:30: 3:88  ENTERING ENVLP1 ITYP1=                          -3
                15:30: 3:89  SECT DISPLACE
                15:30: 3:93  Steel/Alum/Timber Design                        52
                15:30: 3:95    ++ Finished Design ...
                15:30: 3:95  Steel/Timber Design exit
                15:30: 3:95  LOAD LIST ENV 4 TO 7
                15:30: 3:96  PARAMETER 1
                15:30: 3:97  CHECK CODE ALL
                15:30: 3:97  ENTERING ENVLP1 ITYP1=                          -3
                15:30: 3:98  SECT DISPLACE
                15:30: 4: 2  Steel/Alum/Timber Design                        52
                15:30: 4: 7    ++ Finished Design ...
                15:30: 4: 7  Steel/Timber Design exit
                15:30: 4: 7  PRINT JOINT DISPLACEM
                15:30: 4: 8  DRAW ISOM JOIN MEMB
                15:30: 4: 9  ENTERING SECTNM110 IQ=                          26
                15:30: 4: 9               NSEC=                              11
                15:30: 4:10             ISECTN=                               0
                15:30: 4:13  SECTNM110 DO 925
                15:30: 4:17  PRINT SUPPORT REACTIO
                15:30: 4:17  DRAW ISOM SUPP PROP
                15:30: 4:18  ENTERING SECTNM110 IQ=                          26
                15:30: 4:19               NSEC=                              11
                15:30: 4:20             ISECTN=                               0
                15:30: 4:24  SECTNM110 DO 925
                15:30: 4:27  DRAW ISOM SHAP
                15:30: 4:27  ENTERING SECTNM110 IQ=                          26
                15:30: 4:28               NSEC=                              11
                15:30: 4:29             ISECTN=                               0
                15:30: 4:32  SECTNM110 DO 925
                15:30: 4:35  PRINT CG
                15:30: 4:35  FINISH
                15:30: 4:36  All Commands FINISHed
                15:30: 4:37  DATASAVE for SPRO GUI
                15:30: 4:38  ++ Creating Displacement File (DSP)...
                15:30: 4:40  ++ Creating Reaction File (REA)...
                15:30: 4:40  ++ Creating Section Force File (BMD)...
                15:30: 4:45  ++ Creating Section Displace File (SEC)...
                15:30: 4:45  ENTERING ENVLP1 ITYP1=                          -5
                15:30: 4:45  SECT DISPLACE
                15:30: 4:52  ++ Creating Section Displace File (SCN)...
                15:30: 4:56  ++ Creating Design information File (DGN)...
                15:30: 4:56  ALLOCATED CM MEMORY (KILOWORDS)             300000
                15:30: 4:57  MAX CM MEMORY (KILOWORDS)                      128
                15:30: 4:57  DBS LONG SEC NAME
* End Of Analysis At Fri Jul 19 15:30:04 2024
* CPU usage = 4.294000
* STAAD Exit Code: 100, Warning Count: 0, Error Count: 0, Duration: 4.294
1 0 0 4.294
****************************************************************************
*                            END OF ANALYSIS                               *
****************************************************************************
