07/26/2024 13:48:43	Reading UID database.
07/26/2024 13:48:43	Start loading STAAD model.
07/26/2024 13:48:43	Reading model file.
07/26/2024 13:48:43	Reading model file is complete.
07/26/2024 13:48:43	Processing support.
07/26/2024 13:48:43	Processing springs.
07/26/2024 13:48:43	Processing properties.
07/26/2024 13:48:43	Processing physical properties.
07/26/2024 13:48:43	Processing constants.
07/26/2024 13:48:43	Processing BETA constants.
07/26/2024 13:48:43	Processing hidden analytical member loads.
07/26/2024 13:48:43	Processing command list for member release.
07/26/2024 13:48:43	Processing command list for member offset.
07/26/2024 13:48:43	Processing command list for member specs (cracked).
07/26/2024 13:48:43	Processing command list for member specs (axial).
07/26/2024 13:48:43	Processing command list for element release.
07/26/2024 13:48:43	Processing command list for element offset.
07/26/2024 13:48:43	Processing command list for element plate stress directive.
07/26/2024 13:48:43	Processing parameter for Chinese wind load case.
07/26/2024 13:48:43	End Processing command list.
07/26/2024 13:48:43	End loading STAAD model.
07/26/2024 13:48:43	Start Post Analysis method
07/26/2024 13:48:43	Removed all hidden plates from surfaces
07/26/2024 13:48:43	Removed all hidden plates
07/26/2024 13:48:43	Removed all hidden nodes
07/26/2024 13:48:43	Loading results from MSH file...
07/26/2024 13:48:43	Building result indices...
07/26/2024 13:48:43	Loading plate stress results...
07/26/2024 13:48:43	Set analysis report setup data
07/26/2024 13:48:43	Starting page setup...
07/26/2024 13:48:43	Page setup completed
07/26/2024 13:48:43	Setting available workflows...
07/26/2024 13:48:43	Post analysis method ends
07/26/2024 13:52:16	Reading UID database.
07/26/2024 13:52:16	Start loading STAAD model.
07/26/2024 13:52:16	Reading model file.
07/26/2024 13:52:16	Reading model file is complete.
07/26/2024 13:52:16	Processing support.
07/26/2024 13:52:16	Processing springs.
07/26/2024 13:52:16	Processing properties.
07/26/2024 13:52:16	Processing physical properties.
07/26/2024 13:52:16	Processing constants.
07/26/2024 13:52:16	Processing BETA constants.
07/26/2024 13:52:16	Processing hidden analytical member loads.
07/26/2024 13:52:16	Processing command list for member release.
07/26/2024 13:52:16	Processing command list for member offset.
07/26/2024 13:52:16	Processing command list for member specs (cracked).
07/26/2024 13:52:16	Processing command list for member specs (axial).
07/26/2024 13:52:16	Processing command list for element release.
07/26/2024 13:52:16	Processing command list for element offset.
07/26/2024 13:52:16	Processing command list for element plate stress directive.
07/26/2024 13:52:16	Processing parameter for Chinese wind load case.
07/26/2024 13:52:16	End Processing command list.
07/26/2024 13:52:16	End loading STAAD model.
07/26/2024 13:52:16	Start Post Analysis method
07/26/2024 13:52:16	Removed all hidden plates from surfaces
07/26/2024 13:52:16	Removed all hidden plates
07/26/2024 13:52:16	Removed all hidden nodes
07/26/2024 13:52:16	Loading results from MSH file...
07/26/2024 13:52:16	Building result indices...
07/26/2024 13:52:16	Loading plate stress results...
07/26/2024 13:52:16	Set analysis report setup data
07/26/2024 13:52:16	Starting page setup...
07/26/2024 13:52:16	Page setup completed
07/26/2024 13:52:16	Setting available workflows...
07/26/2024 13:52:16	Post analysis method ends
07/26/2024 14:06:53	Reading UID database.
07/26/2024 14:06:53	Start loading STAAD model.
07/26/2024 14:06:53	Reading model file.
07/26/2024 14:06:53	Reading model file is complete.
07/26/2024 14:06:53	Processing support.
07/26/2024 14:06:53	Processing springs.
07/26/2024 14:06:53	Processing properties.
07/26/2024 14:06:53	Processing physical properties.
07/26/2024 14:06:53	Processing constants.
07/26/2024 14:06:53	Processing BETA constants.
07/26/2024 14:06:53	Processing hidden analytical member loads.
07/26/2024 14:06:53	Processing command list for member release.
07/26/2024 14:06:53	Processing command list for member offset.
07/26/2024 14:06:53	Processing command list for member specs (cracked).
07/26/2024 14:06:53	Processing command list for member specs (axial).
07/26/2024 14:06:53	Processing command list for element release.
07/26/2024 14:06:53	Processing command list for element offset.
07/26/2024 14:06:53	Processing command list for element plate stress directive.
07/26/2024 14:06:53	Processing parameter for Chinese wind load case.
07/26/2024 14:06:53	End Processing command list.
07/26/2024 14:06:53	End loading STAAD model.
07/26/2024 14:06:53	Start Post Analysis method
07/26/2024 14:06:53	Removed all hidden plates from surfaces
07/26/2024 14:06:53	Removed all hidden plates
07/26/2024 14:06:53	Removed all hidden nodes
07/26/2024 14:06:53	Loading results from MSH file...
07/26/2024 14:06:53	Building result indices...
07/26/2024 14:06:53	Loading plate stress results...
07/26/2024 14:06:53	Set analysis report setup data
07/26/2024 14:06:53	Starting page setup...
07/26/2024 14:06:53	Page setup completed
07/26/2024 14:06:53	Setting available workflows...
07/26/2024 14:06:53	Post analysis method ends
07/26/2024 14:07:04	Start Post Analysis method
07/26/2024 14:07:05	Removed all hidden plates from surfaces
07/26/2024 14:07:05	Removed all hidden plates
07/26/2024 14:07:05	Removed all hidden nodes
07/26/2024 14:07:05	Loading results from MSH file...
07/26/2024 14:07:05	Building result indices...
07/26/2024 14:07:05	Loading plate stress results...
07/26/2024 14:07:05	Set analysis report setup data
07/26/2024 14:07:05	Starting page setup...
07/26/2024 14:07:05	Page setup completed
07/26/2024 14:07:05	Setting available workflows...
07/26/2024 14:07:05	Post analysis method ends
