11/25/2024 15:49:25	Reading UID database.
11/25/2024 15:49:25	Start loading STAAD model.
11/25/2024 15:49:25	Reading model file.
11/25/2024 15:49:26	Reading model file is complete.
11/25/2024 15:49:26	Processing support.
11/25/2024 15:49:26	Processing springs.
11/25/2024 15:49:26	Processing properties.
11/25/2024 15:49:26	Processing physical properties.
11/25/2024 15:49:26	Processing constants.
11/25/2024 15:49:26	Processing BETA constants.
11/25/2024 15:49:26	Processing hidden analytical member loads.
11/25/2024 15:49:26	Processing command list for member release.
11/25/2024 15:49:26	Processing command list for member offset.
11/25/2024 15:49:26	Processing command list for member specs (cracked).
11/25/2024 15:49:26	Processing command list for member specs (axial).
11/25/2024 15:49:26	Processing command list for element release.
11/25/2024 15:49:26	Processing command list for element offset.
11/25/2024 15:49:26	Processing command list for element plate stress directive.
11/25/2024 15:49:26	Processing parameter for Chinese wind load case.
11/25/2024 15:49:26	End Processing command list.
11/25/2024 15:49:26	End loading STAAD model.
11/25/2024 15:49:26	Start Post Analysis method
11/25/2024 15:49:26	Removed all hidden plates from surfaces
11/25/2024 15:49:26	Removed all hidden plates
11/25/2024 15:49:26	Removed all hidden nodes
11/25/2024 15:49:26	Loading results from MSH file...
11/25/2024 15:49:26	Building result indices...
11/25/2024 15:49:26	Loading plate stress results...
11/25/2024 15:49:26	Set analysis report setup data
11/25/2024 15:49:26	Starting page setup...
11/25/2024 15:49:26	Page setup completed
11/25/2024 15:49:26	Setting available workflows...
11/25/2024 15:49:26	Post analysis method ends
