15:23:22	Initializing STAAD Engine
15:23:22	Run stream set up is complete.
15:23:22	Initialize license libraries.
15:23:22	License libraries initialized.
15:23:22	Starting license(s) for A & D engine.
15:23:23	License Status: Ok
15:23:23	License information set up is complete.
****************************************************************************
*                            START OF ANALYSIS                             *
****************************************************************************
* Initiating Analysis At Fri Aug  9 15:23:23 2024
                          PROGRAM: STAAD.Pro
                          VERSION: 23.00.01.25
                15:23:23:84  ENTERING STAAD
                15:23:23:86  USING 64 BIT STAAD ENGINE
                15:23:23:87  ENTERING MAINN
                15:23:23:87  START JOB INFORMATION
                15:23:23:87  INPUT WIDTH 79
                15:23:23:88  UNIT MMS KN
                15:23:23:88  JOINT COORDINATES
                15:23:23:89  ENTERING JOINTC
                15:23:23:89  JOINTC NEWJ                                 400000
                15:23:23:90  MAX NODE NO.                                    10
                15:23:23:90  MEMBER INCIDENCES
                15:23:23:91  UNIT METER KN
                15:23:23:91  DEFINE MATERIAL START
                15:23:23:92  UNIT MMS KN
                15:23:23:92  MEMBER PROPERTY EUROP
                15:23:24:38    ++ Finished Reading Member Properties ...
                15:23:24:38  CONSTANTS
                15:23:24:39  SUPPORTS
                15:23:24:39  ENTERING SUPPORT
                15:23:24:40  MEMBER OFFSET
                15:23:24:40  DEFINE WIND LOAD
                15:23:24:41  LOAD 121 LOADTYPE DEA
                15:23:24:41  DUPLICATE ELEMENT CHECK
                15:23:24:42  CHECKING STRUCTURAL INTEGRITY
                15:23:24:42  CHECK UNCONNECTED JOINTS AND
                15:23:24:43  CALCULATE MAX JOINT CONNECTIVITY
                15:23:24:44  CHECK MULTIPLE STRUCTURES
                15:23:24:44  ENTERING SUPPORT
                15:23:24:45  NRJOLD                                           0
                15:23:24:45  SUPPORT NOLD                                     0
                15:23:24:46  SUPPORT N                                       48
                15:23:24:46  BEFORE LOADPR
                15:23:24:47  REOPEN AS DIR                                    0
                15:23:24:47  ENTER LOADPR
                15:23:24:59  PERFORM ANALYSIS PRIN
                15:23:24:59  pdel iter                                        0
                15:23:24:60  MAXIMUM E =                           2.973273E+04
                15:23:24:60  MINIMUM E =                           2.973273E+04
                15:23:24:61  MBW DOF BAND=                                    1
                15:23:24:61  NUMBER OF PRIMARY CASES                        101
                15:23:24:61  NUMBER OF CASES                                252
                15:23:24:62  #OF CASES W/ELEM INMEMORY                      252
                15:23:24:62  MEMORY FOR MEMBER LOADS                      27216
                15:23:24:63  MEMORY FOR DISPLACEMENTS                     15120
                15:23:24:63  MEMORY FOR MEMBER FORCES                     27216
                15:23:24:64  Using 64-bit analysis engine
                15:23:24:64  BEFORE SOLVER 1
                15:23:24:65  Start Input for Next Load Case
                15:23:24:66  case no=  121 seq. no=   1 idynl= 0
                15:23:24:66  MASSSET                                          0
                15:23:24:67  LOADEND ISLAVE                                   0
                15:23:24:67  Start Input for Next Load Case
                15:23:24:68  case no=  201 seq. no=   2 idynl= 0
                15:23:24:68  LOADEND ISLAVE                                   0
                15:23:24:69  Start Input for Next Load Case
                15:23:24:69  case no=  202 seq. no=   3 idynl= 0
                15:23:24:70  LOADEND ISLAVE                                   0
                15:23:24:71  Start Input for Next Load Case
                15:23:24:71  case no=  203 seq. no=   4 idynl= 0
                15:23:24:72  LOADEND ISLAVE                                   0
                15:23:24:72  Start Input for Next Load Case
                15:23:24:73  case no=  204 seq. no=   5 idynl= 0
                15:23:24:73  LOADEND ISLAVE                                   0
                15:23:24:73  Start Input for Next Load Case
                15:23:24:74  case no=  205 seq. no=   6 idynl= 0
                15:23:24:74  LOADEND ISLAVE                                   0
                15:23:24:75  Start Input for Next Load Case
                15:23:24:76  case no=  206 seq. no=   7 idynl= 0
                15:23:24:77  LOADEND ISLAVE                                   0
                15:23:24:78  Start Input for Next Load Case
                15:23:24:78  case no=  207 seq. no=   8 idynl= 0
                15:23:24:79  LOADEND ISLAVE                                   0
                15:23:24:80  Start Input for Next Load Case
                15:23:24:81  case no=  208 seq. no=   9 idynl= 0
                15:23:24:82  LOADEND ISLAVE                                   0
                15:23:24:83  Start Input for Next Load Case
                15:23:24:84  case no=  312 seq. no=  10 idynl= 0
                15:23:24:85  LOADEND ISLAVE                                   0
                15:23:24:86  Start Input for Next Load Case
                15:23:24:87  case no=  313 seq. no=  11 idynl= 0
                15:23:24:87  LOADEND ISLAVE                                   0
                15:23:24:88  Start Input for Next Load Case
                15:23:24:89  case no=  314 seq. no=  12 idynl= 0
                15:23:24:89  LOADEND ISLAVE                                   0
                15:23:24:90  Start Input for Next Load Case
                15:23:24:90  case no=  315 seq. no=  13 idynl= 0
                15:23:24:91  LOADEND ISLAVE                                   0
                15:23:24:91  Start Input for Next Load Case
                15:23:24:92  case no=  322 seq. no=  14 idynl= 0
                15:23:24:93  LOADEND ISLAVE                                   0
                15:23:24:93  Start Input for Next Load Case
                15:23:24:94  case no=  323 seq. no=  15 idynl= 0
                15:23:24:95  LOADEND ISLAVE                                   0
                15:23:24:95  Start Input for Next Load Case
                15:23:24:96  case no=  324 seq. no=  16 idynl= 0
                15:23:24:96  LOADEND ISLAVE                                   0
                15:23:24:97  Start Input for Next Load Case
                15:23:24:97  case no=  325 seq. no=  17 idynl= 0
                15:23:24:98  LOADEND ISLAVE                                   0
                15:23:24:99  Start Input for Next Load Case
                15:23:24:99  case no=  332 seq. no=  18 idynl= 0
                15:23:25: 0  LOADEND ISLAVE                                   0
                15:23:25: 0  Start Input for Next Load Case
                15:23:25: 1  case no=  333 seq. no=  19 idynl= 0
                15:23:25: 1  LOADEND ISLAVE                                   0
                15:23:25: 2  Start Input for Next Load Case
                15:23:25: 3  case no=  334 seq. no=  20 idynl= 0
                15:23:25: 4  LOADEND ISLAVE                                   0
                15:23:25: 4  Start Input for Next Load Case
                15:23:25: 5  case no=  335 seq. no=  21 idynl= 0
                15:23:25: 5  LOADEND ISLAVE                                   0
                15:23:25: 6  Start Input for Next Load Case
                15:23:25: 6  case no=  411 seq. no=  22 idynl= 0
                15:23:25: 7  LOADEND ISLAVE                                   0
                15:23:25: 7  Start Input for Next Load Case
                15:23:25: 8  case no=  412 seq. no=  23 idynl= 0
                15:23:25: 9  LOADEND ISLAVE                                   0
                15:23:25: 9  Start Input for Next Load Case
                15:23:25:10  case no=  413 seq. no=  24 idynl= 0
                15:23:25:10  LOADEND ISLAVE                                   0
                15:23:25:11  Start Input for Next Load Case
                15:23:25:11  case no=  414 seq. no=  25 idynl= 0
                15:23:25:12  LOADEND ISLAVE                                   0
                15:23:25:12  Start Input for Next Load Case
                15:23:25:13  case no=  415 seq. no=  26 idynl= 0
                15:23:25:14  LOADEND ISLAVE                                   0
                15:23:25:14  Start Input for Next Load Case
                15:23:25:15  case no=  416 seq. no=  27 idynl= 0
                15:23:25:15  LOADEND ISLAVE                                   0
                15:23:25:16  Start Input for Next Load Case
                15:23:25:16  case no=  417 seq. no=  28 idynl= 0
                15:23:25:17  LOADEND ISLAVE                                   0
                15:23:25:18  Start Input for Next Load Case
                15:23:25:18  case no=  418 seq. no=  29 idynl= 0
                15:23:25:19  LOADEND ISLAVE                                   0
                15:23:25:20  Start Input for Next Load Case
                15:23:25:20  case no=  421 seq. no=  30 idynl= 0
                15:23:25:21  LOADEND ISLAVE                                   0
                15:23:25:21  Start Input for Next Load Case
                15:23:25:22  case no=  422 seq. no=  31 idynl= 0
                15:23:25:23  LOADEND ISLAVE                                   0
                15:23:25:23  Start Input for Next Load Case
                15:23:25:24  case no=  423 seq. no=  32 idynl= 0
                15:23:25:25  LOADEND ISLAVE                                   0
                15:23:25:26  Start Input for Next Load Case
                15:23:25:26  case no=  424 seq. no=  33 idynl= 0
                15:23:25:27  LOADEND ISLAVE                                   0
                15:23:25:28  Start Input for Next Load Case
                15:23:25:29  case no=  425 seq. no=  34 idynl= 0
                15:23:25:30  LOADEND ISLAVE                                   0
                15:23:25:31  Start Input for Next Load Case
                15:23:25:31  case no=  426 seq. no=  35 idynl= 0
                15:23:25:32  LOADEND ISLAVE                                   0
                15:23:25:33  Start Input for Next Load Case
                15:23:25:33  case no=  427 seq. no=  36 idynl= 0
                15:23:25:34  LOADEND ISLAVE                                   0
                15:23:25:35  Start Input for Next Load Case
                15:23:25:35  case no=  428 seq. no=  37 idynl= 0
                15:23:25:36  LOADEND ISLAVE                                   0
                15:23:25:37  Start Input for Next Load Case
                15:23:25:37  case no=  711 seq. no=  38 idynl= 0
                15:23:25:38  LOADEND ISLAVE                                   0
                15:23:25:39  Start Input for Next Load Case
                15:23:25:39  case no=  712 seq. no=  39 idynl= 0
                15:23:25:40  LOADEND ISLAVE                                   0
                15:23:25:41  Start Input for Next Load Case
                15:23:25:41  case no=  713 seq. no=  40 idynl= 0
                15:23:25:42  LOADEND ISLAVE                                   0
                15:23:25:43  Start Input for Next Load Case
                15:23:25:44  case no=  714 seq. no=  41 idynl= 0
                15:23:25:44  LOADEND ISLAVE                                   0
                15:23:25:45  Start Input for Next Load Case
                15:23:25:45  case no=  715 seq. no=  42 idynl= 0
                15:23:25:46  LOADEND ISLAVE                                   0
                15:23:25:47  Start Input for Next Load Case
                15:23:25:47  case no=  716 seq. no=  43 idynl= 0
                15:23:25:47  LOADEND ISLAVE                                   0
                15:23:25:48  Start Input for Next Load Case
                15:23:25:48  case no=  717 seq. no=  44 idynl= 0
                15:23:25:49  LOADEND ISLAVE                                   0
                15:23:25:49  Start Input for Next Load Case
                15:23:25:50  case no=  718 seq. no=  45 idynl= 0
                15:23:25:50  LOADEND ISLAVE                                   0
                15:23:25:51  Start Input for Next Load Case
                15:23:25:51  case no= 1101 seq. no=  46 idynl= 0
                15:23:25:52  LOADEND ISLAVE                                   0
                15:23:25:52  Start Input for Next Load Case
                15:23:25:53  case no= 1102 seq. no=  47 idynl= 0
                15:23:25:53  LOADEND ISLAVE                                   0
                15:23:25:54  Start Input for Next Load Case
                15:23:25:54  case no= 1103 seq. no=  48 idynl= 0
                15:23:25:55  LOADEND ISLAVE                                   0
                15:23:25:55  Start Input for Next Load Case
                15:23:25:56  case no= 1104 seq. no=  49 idynl= 0
                15:23:25:57  LOADEND ISLAVE                                   0
                15:23:25:57  Start Input for Next Load Case
                15:23:25:58  case no= 1105 seq. no=  50 idynl= 0
                15:23:25:59  LOADEND ISLAVE                                   0
                15:23:25:59  Start Input for Next Load Case
                15:23:25:60  case no= 1106 seq. no=  51 idynl= 0
                15:23:25:60  LOADEND ISLAVE                                   0
                15:23:25:61  Start Input for Next Load Case
                15:23:25:61  case no= 1107 seq. no=  52 idynl= 0
                15:23:25:62  LOADEND ISLAVE                                   0
                15:23:25:62  Start Input for Next Load Case
                15:23:25:62  case no= 1108 seq. no=  53 idynl= 0
                15:23:25:63  LOADEND ISLAVE                                   0
                15:23:25:63  Start Input for Next Load Case
                15:23:25:64  case no= 1201 seq. no=  54 idynl= 0
                15:23:25:64  LOADEND ISLAVE                                   0
                15:23:25:65  Start Input for Next Load Case
                15:23:25:65  case no= 1202 seq. no=  55 idynl= 0
                15:23:25:66  LOADEND ISLAVE                                   0
                15:23:25:67  Start Input for Next Load Case
                15:23:25:67  case no= 1203 seq. no=  56 idynl= 0
                15:23:25:68  LOADEND ISLAVE                                   0
                15:23:25:68  Start Input for Next Load Case
                15:23:25:69  case no= 1204 seq. no=  57 idynl= 0
                15:23:25:69  LOADEND ISLAVE                                   0
                15:23:25:70  Start Input for Next Load Case
                15:23:25:71  case no= 1205 seq. no=  58 idynl= 0
                15:23:25:71  LOADEND ISLAVE                                   0
                15:23:25:71  Start Input for Next Load Case
                15:23:25:72  case no= 1206 seq. no=  59 idynl= 0
                15:23:25:72  LOADEND ISLAVE                                   0
                15:23:25:73  Start Input for Next Load Case
                15:23:25:73  case no= 1207 seq. no=  60 idynl= 0
                15:23:25:74  LOADEND ISLAVE                                   0
                15:23:25:74  Start Input for Next Load Case
                15:23:25:74  case no= 1208 seq. no=  61 idynl= 0
                15:23:25:75  LOADEND ISLAVE                                   0
                15:23:25:75  Start Input for Next Load Case
                15:23:25:76  case no= 2101 seq. no=  62 idynl= 0
                15:23:25:76  LOADEND ISLAVE                                   0
                15:23:25:77  Start Input for Next Load Case
                15:23:25:77  case no= 2102 seq. no=  63 idynl= 0
                15:23:25:78  LOADEND ISLAVE                                   0
                15:23:25:78  Start Input for Next Load Case
                15:23:25:79  case no= 2103 seq. no=  64 idynl= 0
                15:23:25:79  LOADEND ISLAVE                                   0
                15:23:25:79  Start Input for Next Load Case
                15:23:25:80  case no= 2104 seq. no=  65 idynl= 0
                15:23:25:80  LOADEND ISLAVE                                   0
                15:23:25:81  Start Input for Next Load Case
                15:23:25:81  case no= 2105 seq. no=  66 idynl= 0
                15:23:25:82  LOADEND ISLAVE                                   0
                15:23:25:82  Start Input for Next Load Case
                15:23:25:83  case no= 2106 seq. no=  67 idynl= 0
                15:23:25:83  LOADEND ISLAVE                                   0
                15:23:25:83  Start Input for Next Load Case
                15:23:25:84  case no= 2107 seq. no=  68 idynl= 0
                15:23:25:84  LOADEND ISLAVE                                   0
                15:23:25:85  Start Input for Next Load Case
                15:23:25:85  case no= 2108 seq. no=  69 idynl= 0
                15:23:25:86  LOADEND ISLAVE                                   0
                15:23:25:86  Start Input for Next Load Case
                15:23:25:87  case no= 3001 seq. no=  70 idynl= 0
                15:23:25:87  LOADEND ISLAVE                                   0
                15:23:25:87  Start Input for Next Load Case
                15:23:25:88  case no= 3002 seq. no=  71 idynl= 0
                15:23:25:88  LOADEND ISLAVE                                   0
                15:23:25:89  Start Input for Next Load Case
                15:23:25:89  case no= 3003 seq. no=  72 idynl= 0
                15:23:25:90  LOADEND ISLAVE                                   0
                15:23:25:90  Start Input for Next Load Case
                15:23:25:90  case no= 3004 seq. no=  73 idynl= 0
                15:23:25:91  LOADEND ISLAVE                                   0
                15:23:25:91  Start Input for Next Load Case
                15:23:25:92  case no= 3005 seq. no=  74 idynl= 0
                15:23:25:92  LOADEND ISLAVE                                   0
                15:23:25:93  Start Input for Next Load Case
                15:23:25:93  case no= 3006 seq. no=  75 idynl= 0
                15:23:25:94  LOADEND ISLAVE                                   0
                15:23:25:94  Start Input for Next Load Case
                15:23:25:95  case no= 3007 seq. no=  76 idynl= 0
                15:23:25:95  LOADEND ISLAVE                                   0
                15:23:25:96  Start Input for Next Load Case
                15:23:25:96  case no= 3008 seq. no=  77 idynl= 0
                15:23:25:97  LOADEND ISLAVE                                   0
                15:23:25:97  Start Input for Next Load Case
                15:23:25:98  case no= 3011 seq. no=  78 idynl= 0
                15:23:25:98  LOADEND ISLAVE                                   0
                15:23:25:98  Start Input for Next Load Case
                15:23:25:99  case no= 3012 seq. no=  79 idynl= 0
                15:23:25:99  LOADEND ISLAVE                                   0
                15:23:26: 0  Start Input for Next Load Case
                15:23:26: 0  case no= 3013 seq. no=  80 idynl= 0
                15:23:26: 1  LOADEND ISLAVE                                   0
                15:23:26: 1  Start Input for Next Load Case
                15:23:26: 1  case no= 3014 seq. no=  81 idynl= 0
                15:23:26: 2  LOADEND ISLAVE                                   0
                15:23:26: 2  Start Input for Next Load Case
                15:23:26: 3  case no= 3015 seq. no=  82 idynl= 0
                15:23:26: 3  LOADEND ISLAVE                                   0
                15:23:26: 4  Start Input for Next Load Case
                15:23:26: 4  case no= 3016 seq. no=  83 idynl= 0
                15:23:26: 5  LOADEND ISLAVE                                   0
                15:23:26: 6  Start Input for Next Load Case
                15:23:26: 6  case no= 3017 seq. no=  84 idynl= 0
                15:23:26: 7  LOADEND ISLAVE                                   0
                15:23:26: 7  Start Input for Next Load Case
                15:23:26: 7  case no= 3018 seq. no=  85 idynl= 0
                15:23:26: 8  LOADEND ISLAVE                                   0
                15:23:26: 8  Start Input for Next Load Case
                15:23:26: 9  case no= 3021 seq. no=  86 idynl= 0
                15:23:26: 9  LOADEND ISLAVE                                   0
                15:23:26:10  Start Input for Next Load Case
                15:23:26:10  case no= 3022 seq. no=  87 idynl= 0
                15:23:26:10  LOADEND ISLAVE                                   0
                15:23:26:11  Start Input for Next Load Case
                15:23:26:11  case no= 3023 seq. no=  88 idynl= 0
                15:23:26:12  LOADEND ISLAVE                                   0
                15:23:26:12  Start Input for Next Load Case
                15:23:26:13  case no= 3024 seq. no=  89 idynl= 0
                15:23:26:13  LOADEND ISLAVE                                   0
                15:23:26:14  Start Input for Next Load Case
                15:23:26:14  case no= 3025 seq. no=  90 idynl= 0
                15:23:26:14  LOADEND ISLAVE                                   0
                15:23:26:15  Start Input for Next Load Case
                15:23:26:15  case no= 3026 seq. no=  91 idynl= 0
                15:23:26:16  LOADEND ISLAVE                                   0
                15:23:26:16  Start Input for Next Load Case
                15:23:26:17  case no= 3027 seq. no=  92 idynl= 0
                15:23:26:17  LOADEND ISLAVE                                   0
                15:23:26:18  Start Input for Next Load Case
                15:23:26:18  case no= 3028 seq. no=  93 idynl= 0
                15:23:26:19  LOADEND ISLAVE                                   0
                15:23:26:20  Start Input for Next Load Case
                15:23:26:20  case no= 3201 seq. no=  94 idynl= 0
                15:23:26:21  LOADEND ISLAVE                                   0
                15:23:26:21  Start Input for Next Load Case
                15:23:26:22  case no= 3202 seq. no=  95 idynl= 0
                15:23:26:22  LOADEND ISLAVE                                   0
                15:23:26:23  Start Input for Next Load Case
                15:23:26:23  case no= 3203 seq. no=  96 idynl= 0
                15:23:26:23  LOADEND ISLAVE                                   0
                15:23:26:24  Start Input for Next Load Case
                15:23:26:24  case no= 3204 seq. no=  97 idynl= 0
                15:23:26:25  LOADEND ISLAVE                                   0
                15:23:26:25  Start Input for Next Load Case
                15:23:26:26  case no= 3205 seq. no=  98 idynl= 0
                15:23:26:26  LOADEND ISLAVE                                   0
                15:23:26:28  Start Input for Next Load Case
                15:23:26:28  case no= 3206 seq. no=  99 idynl= 0
                15:23:26:29  LOADEND ISLAVE                                   0
                15:23:26:30  Start Input for Next Load Case
                15:23:26:31  case no= 3207 seq. no= 100 idynl= 0
                15:23:26:31  LOADEND ISLAVE                                   0
                15:23:26:32  Start Input for Next Load Case
                15:23:26:32  case no= 3208 seq. no= 101 idynl= 0
                15:23:26:33  LOADEND ISLAVE                                   0
                15:23:26:33  NVPREV                                           0
                15:23:26:34  AMAXNON                               1.620735E-01
                15:23:26:34  IRECSIZL=                                     4000
                15:23:26:35  MTX BLOCKSIZE=                                  48
                15:23:26:35  MI=                                             48
                15:23:26:36  NORECL=                                          1
                15:23:26:36  NORECL1=                                         1
                15:23:26:37  IWORD=                                       32000
                15:23:26:37  JRECSIZE=                                     4000
                15:23:26:38  IWORDJ=                                      32000
                15:23:26:38  IBYTE=                                           4
                15:23:26:39  JOINTS=                                         10
                15:23:26:39  MEMBERS=                                         9
                15:23:26:40  PLATES =                                         0
                15:23:26:40  SOLIDS =                                         0
                15:23:26:40  NO. OF EQUATIONS=                               48
                15:23:26:41  idyn=                                            0
                15:23:26:42  ipd=                                             0
                15:23:26:42  icablanl=                                        0
                15:23:26:43  ++ Processing Element Stiffness Matrix.
                15:23:26:43  NV1                                            101
                15:23:26:54  ++ Calculating Element Forces & Reactions.
                15:23:27:15  COMBINATION CASES=                               0
                15:23:27:15  MAX CM MEMORY (KILOWORDS)                       30
                15:23:27:15  AFTER SOLVER 1
                15:23:27:17  REOPEN AS SEQ                                    0
                15:23:27:17  DEFINE ENVELOPE
                15:23:27:18  LOAD LIST 1101 TO 110
                15:23:27:18  PARAMETER 1
                15:23:27:20  CHECK CODE ALL
                15:23:27:20  ENTERING SECTNM110 IQ=                           9
                15:23:27:20               NSEC=                              11
                15:23:27:21             ISECTN=                               0
                15:23:27:23  SECTNM110 DO 925
                15:23:27:25  ENTERING ENVLP1 ITYP1=                          -3
                15:23:27:25  SECT DISPLACE
                15:23:27:27  Steel/Alum/Timber Design                        52
                15:23:27:32    ++ Finished Design ...
                15:23:27:32  Steel/Timber Design exit
                15:23:27:33  LOAD LIST 2101 TO 210
                15:23:27:33  PARAMETER 1
                15:23:27:34  CHECK CODE ALL
                15:23:27:35  ENTERING ENVLP1 ITYP1=                          -3
                15:23:27:35  SECT DISPLACE
                15:23:27:37  Steel/Alum/Timber Design                        52
                15:23:27:38    ++ Finished Design ...
                15:23:27:38  Steel/Timber Design exit
                15:23:27:39  LOAD LIST ENV 4 TO 7
                15:23:27:39  PARAMETER 1
                15:23:27:41  CHECK CODE ALL
                15:23:27:41  ENTERING ENVLP1 ITYP1=                          -3
                15:23:27:41  SECT DISPLACE
                15:23:27:43  Steel/Alum/Timber Design                        52
                15:23:27:45    ++ Finished Design ...
                15:23:27:45  Steel/Timber Design exit
                15:23:27:46  PRINT JOINT DISPLACEM
                15:23:27:46  DRAW ISOM JOIN MEMB
                15:23:27:47  ENTERING SECTNM110 IQ=                           9
                15:23:27:47               NSEC=                              11
                15:23:27:48             ISECTN=                               0
                15:23:27:50  SECTNM110 DO 925
                15:23:27:52  PRINT SUPPORT REACTIO
                15:23:27:52  DRAW ISOM SUPP PROP
                15:23:27:53  ENTERING SECTNM110 IQ=                           9
                15:23:27:54               NSEC=                              11
                15:23:27:54             ISECTN=                               0
                15:23:27:56  SECTNM110 DO 925
                15:23:27:58  DRAW ISOM SHAP
                15:23:27:58  ENTERING SECTNM110 IQ=                           9
                15:23:27:59               NSEC=                              11
                15:23:27:60             ISECTN=                               0
                15:23:27:62  SECTNM110 DO 925
                15:23:27:64  PRINT CG
                15:23:27:64  FINISH
                15:23:27:65  All Commands FINISHed
                15:23:27:65  DATASAVE for SPRO GUI
                15:23:27:66  ++ Creating Displacement File (DSP)...
                15:23:27:67  ++ Creating Reaction File (REA)...
                15:23:27:67  ++ Creating Section Force File (BMD)...
                15:23:27:70  ++ Creating Section Displace File (SEC)...
                15:23:27:70  ENTERING ENVLP1 ITYP1=                          -5
                15:23:27:71  SECT DISPLACE
                15:23:27:78  ++ Creating Section Displace File (SCN)...
                15:23:27:81  ++ Creating Design information File (DGN)...
                15:23:27:81  ALLOCATED CM MEMORY (KILOWORDS)             300000
                15:23:27:82  MAX CM MEMORY (KILOWORDS)                       66
                15:23:27:83  DBS LONG SEC NAME
* End Of Analysis At Fri Aug  9 15:23:27 2024
* CPU usage = 4.062000
* STAAD Exit Code: 100, Warning Count: 6, Error Count: 0, Duration: 4.062
1 6 0 4.062
****************************************************************************
*                            END OF ANALYSIS                               *
****************************************************************************
