08/09/2024 15:15:46	Reading UID database.
08/09/2024 15:15:46	Start loading STAAD model.
08/09/2024 15:15:46	Reading model file.
08/09/2024 15:15:46	Reading model file is complete.
08/09/2024 15:15:46	Processing support.
08/09/2024 15:15:46	Processing springs.
08/09/2024 15:15:46	Processing properties.
08/09/2024 15:15:46	Processing physical properties.
08/09/2024 15:15:46	Processing constants.
08/09/2024 15:15:46	Processing BETA constants.
08/09/2024 15:15:46	Processing hidden analytical member loads.
08/09/2024 15:15:46	Processing command list for member release.
08/09/2024 15:15:46	Processing command list for member offset.
08/09/2024 15:15:46	Processing command list for member specs (cracked).
08/09/2024 15:15:46	Processing command list for member specs (axial).
08/09/2024 15:15:46	Processing command list for element release.
08/09/2024 15:15:46	Processing command list for element offset.
08/09/2024 15:15:46	Processing command list for element plate stress directive.
08/09/2024 15:15:46	Processing parameter for Chinese wind load case.
08/09/2024 15:15:46	End Processing command list.
08/09/2024 15:15:46	End loading STAAD model.
08/09/2024 15:15:46	Start Post Analysis method
08/09/2024 15:15:46	Removed all hidden plates from surfaces
08/09/2024 15:15:46	Removed all hidden plates
08/09/2024 15:15:46	Removed all hidden nodes
08/09/2024 15:15:47	Loading results from MSH file...
08/09/2024 15:15:47	Building result indices...
08/09/2024 15:15:47	Loading plate stress results...
08/09/2024 15:15:47	Set analysis report setup data
08/09/2024 15:15:47	Starting page setup...
08/09/2024 15:15:47	Page setup completed
08/09/2024 15:15:47	Setting available workflows...
08/09/2024 15:15:47	Post analysis method ends
08/09/2024 15:16:03	Start Post Analysis method
08/09/2024 15:16:03	Removed all hidden plates from surfaces
08/09/2024 15:16:03	Removed all hidden plates
08/09/2024 15:16:03	Removed all hidden nodes
08/09/2024 15:16:03	Loading results from MSH file...
08/09/2024 15:16:03	Building result indices...
08/09/2024 15:16:03	Loading plate stress results...
08/09/2024 15:16:03	Set analysis report setup data
08/09/2024 15:16:03	Starting page setup...
08/09/2024 15:16:03	Page setup completed
08/09/2024 15:16:03	Setting available workflows...
08/09/2024 15:16:03	Post analysis method ends
08/09/2024 15:23:10	Reading UID database.
08/09/2024 15:23:10	Start loading STAAD model.
08/09/2024 15:23:10	Reading model file.
08/09/2024 15:23:10	Reading model file is complete.
08/09/2024 15:23:10	Processing support.
08/09/2024 15:23:10	Processing springs.
08/09/2024 15:23:10	Processing properties.
08/09/2024 15:23:10	Processing physical properties.
08/09/2024 15:23:10	Processing constants.
08/09/2024 15:23:10	Processing BETA constants.
08/09/2024 15:23:10	Processing hidden analytical member loads.
08/09/2024 15:23:10	Processing command list for member release.
08/09/2024 15:23:10	Processing command list for member offset.
08/09/2024 15:23:10	Processing command list for member specs (cracked).
08/09/2024 15:23:10	Processing command list for member specs (axial).
08/09/2024 15:23:11	Processing command list for element release.
08/09/2024 15:23:11	Processing command list for element offset.
08/09/2024 15:23:11	Processing command list for element plate stress directive.
08/09/2024 15:23:11	Processing parameter for Chinese wind load case.
08/09/2024 15:23:11	End Processing command list.
08/09/2024 15:23:11	End loading STAAD model.
08/09/2024 15:23:11	Start Post Analysis method
08/09/2024 15:23:11	Removed all hidden plates from surfaces
08/09/2024 15:23:11	Removed all hidden plates
08/09/2024 15:23:11	Removed all hidden nodes
08/09/2024 15:23:11	Loading results from MSH file...
08/09/2024 15:23:11	Building result indices...
08/09/2024 15:23:11	Loading plate stress results...
08/09/2024 15:23:11	Set analysis report setup data
08/09/2024 15:23:11	Starting page setup...
08/09/2024 15:23:11	Page setup completed
08/09/2024 15:23:11	Setting available workflows...
08/09/2024 15:23:11	Post analysis method ends
08/09/2024 15:23:30	Start Post Analysis method
08/09/2024 15:23:30	Removed all hidden plates from surfaces
08/09/2024 15:23:30	Removed all hidden plates
08/09/2024 15:23:30	Removed all hidden nodes
08/09/2024 15:23:30	Loading results from MSH file...
08/09/2024 15:23:30	Building result indices...
08/09/2024 15:23:30	Loading plate stress results...
08/09/2024 15:23:30	Set analysis report setup data
08/09/2024 15:23:30	Starting page setup...
08/09/2024 15:23:30	Page setup completed
08/09/2024 15:23:30	Setting available workflows...
08/09/2024 15:23:30	Post analysis method ends
