07/12/2024 16:37:03	Reading UID database.
07/12/2024 16:37:03	Start loading STAAD model.
07/12/2024 16:37:03	Reading model file.
07/12/2024 16:37:04	Reading model file is complete.
07/12/2024 16:37:04	Processing support.
07/12/2024 16:37:04	Processing springs.
07/12/2024 16:37:04	Processing properties.
07/12/2024 16:37:04	Processing physical properties.
07/12/2024 16:37:04	Processing constants.
07/12/2024 16:37:04	Processing BETA constants.
07/12/2024 16:37:04	Processing hidden analytical member loads.
07/12/2024 16:37:04	Processing command list for member release.
07/12/2024 16:37:04	Processing command list for member offset.
07/12/2024 16:37:04	Processing command list for member specs (cracked).
07/12/2024 16:37:04	Processing command list for member specs (axial).
07/12/2024 16:37:04	Processing command list for element release.
07/12/2024 16:37:04	Processing command list for element offset.
07/12/2024 16:37:04	Processing command list for element plate stress directive.
07/12/2024 16:37:04	Processing parameter for Chinese wind load case.
07/12/2024 16:37:04	End Processing command list.
07/12/2024 16:37:04	End loading STAAD model.
07/12/2024 16:37:04	Start Post Analysis method
07/12/2024 16:37:04	Removed all hidden plates from surfaces
07/12/2024 16:37:04	Removed all hidden plates
07/12/2024 16:37:04	Removed all hidden nodes
07/12/2024 16:37:04	Loading results from MSH file...
07/12/2024 16:37:04	Building result indices...
07/12/2024 16:37:04	Loading plate stress results...
07/12/2024 16:37:04	Set analysis report setup data
07/12/2024 16:37:04	Starting page setup...
07/12/2024 16:37:04	Page setup completed
07/12/2024 16:37:04	Setting available workflows...
07/12/2024 16:37:04	Post analysis method ends
07/12/2024 16:40:59	Reading UID database.
07/12/2024 16:40:59	Start loading STAAD model.
07/12/2024 16:40:59	Reading model file.
07/12/2024 16:40:59	Reading model file is complete.
07/12/2024 16:40:59	Processing support.
07/12/2024 16:40:59	Processing springs.
07/12/2024 16:40:59	Processing properties.
07/12/2024 16:40:59	Processing physical properties.
07/12/2024 16:40:59	Processing constants.
07/12/2024 16:40:59	Processing BETA constants.
07/12/2024 16:40:59	Processing hidden analytical member loads.
07/12/2024 16:40:59	Processing command list for member release.
07/12/2024 16:40:59	Processing command list for member offset.
07/12/2024 16:40:59	Processing command list for member specs (cracked).
07/12/2024 16:40:59	Processing command list for member specs (axial).
07/12/2024 16:40:59	Processing command list for element release.
07/12/2024 16:40:59	Processing command list for element offset.
07/12/2024 16:40:59	Processing command list for element plate stress directive.
07/12/2024 16:40:59	Processing parameter for Chinese wind load case.
07/12/2024 16:40:59	End Processing command list.
07/12/2024 16:40:59	End loading STAAD model.
07/12/2024 16:40:59	Start Post Analysis method
07/12/2024 16:40:59	Removed all hidden plates from surfaces
07/12/2024 16:40:59	Removed all hidden plates
07/12/2024 16:40:59	Removed all hidden nodes
07/12/2024 16:40:59	Loading results from MSH file...
07/12/2024 16:40:59	Building result indices...
07/12/2024 16:40:59	Loading plate stress results...
07/12/2024 16:40:59	Set analysis report setup data
07/12/2024 16:40:59	Starting page setup...
07/12/2024 16:40:59	Page setup completed
07/12/2024 16:40:59	Setting available workflows...
07/12/2024 16:40:59	Post analysis method ends
07/12/2024 16:41:15	Start Post Analysis method
07/12/2024 16:41:15	Removed all hidden plates from surfaces
07/12/2024 16:41:15	Removed all hidden plates
07/12/2024 16:41:15	Removed all hidden nodes
07/12/2024 16:41:15	Loading results from MSH file...
07/12/2024 16:41:15	Building result indices...
07/12/2024 16:41:15	Loading plate stress results...
07/12/2024 16:41:15	Set analysis report setup data
07/12/2024 16:41:15	Starting page setup...
07/12/2024 16:41:15	Page setup completed
07/12/2024 16:41:15	Setting available workflows...
07/12/2024 16:41:15	Post analysis method ends
