07/26/2024 14:52:50	Reading UID database.
07/26/2024 14:52:50	Start loading STAAD model.
07/26/2024 14:52:50	Reading model file.
07/26/2024 14:52:51	Reading model file is complete.
07/26/2024 14:52:51	Processing support.
07/26/2024 14:52:51	Processing springs.
07/26/2024 14:52:51	Processing properties.
07/26/2024 14:52:51	Processing physical properties.
07/26/2024 14:52:51	Processing constants.
07/26/2024 14:52:51	Processing BETA constants.
07/26/2024 14:52:51	Processing hidden analytical member loads.
07/26/2024 14:52:51	Processing command list for member release.
07/26/2024 14:52:51	Processing command list for member offset.
07/26/2024 14:52:51	Processing command list for member specs (cracked).
07/26/2024 14:52:51	Processing command list for member specs (axial).
07/26/2024 14:52:51	Processing command list for element release.
07/26/2024 14:52:51	Processing command list for element offset.
07/26/2024 14:52:51	Processing command list for element plate stress directive.
07/26/2024 14:52:51	Processing parameter for Chinese wind load case.
07/26/2024 14:52:51	End Processing command list.
07/26/2024 14:52:51	End loading STAAD model.
07/26/2024 14:52:51	Start Post Analysis method
07/26/2024 14:52:51	Removed all hidden plates from surfaces
07/26/2024 14:52:51	Removed all hidden plates
07/26/2024 14:52:51	Removed all hidden nodes
07/26/2024 14:52:51	Loading results from MSH file...
07/26/2024 14:52:51	Building result indices...
07/26/2024 14:52:51	Loading plate stress results...
07/26/2024 14:52:51	Set analysis report setup data
07/26/2024 14:52:51	Starting page setup...
07/26/2024 14:52:51	Page setup completed
07/26/2024 14:52:51	Setting available workflows...
07/26/2024 14:52:51	Post analysis method ends
07/26/2024 15:10:29	Start Post Analysis method
07/26/2024 15:10:29	Removed all hidden plates from surfaces
07/26/2024 15:10:29	Removed all hidden plates
07/26/2024 15:10:29	Removed all hidden nodes
07/26/2024 15:10:29	Loading results from MSH file...
07/26/2024 15:10:29	Building result indices...
07/26/2024 15:10:29	Loading plate stress results...
07/26/2024 15:10:29	Set analysis report setup data
07/26/2024 15:10:29	Starting page setup...
07/26/2024 15:10:29	Page setup completed
07/26/2024 15:10:29	Setting available workflows...
07/26/2024 15:10:29	Post analysis method ends
07/26/2024 15:14:03	User interruption is enabled while drawing
07/26/2024 15:21:30	Start Post Analysis method
07/26/2024 15:21:30	Removed all hidden plates from surfaces
07/26/2024 15:21:30	Removed all hidden plates
07/26/2024 15:21:30	Removed all hidden nodes
07/26/2024 15:21:30	Loading results from MSH file...
07/26/2024 15:21:30	Building result indices...
07/26/2024 15:21:30	Loading plate stress results...
07/26/2024 15:21:30	Set analysis report setup data
07/26/2024 15:21:30	Starting page setup...
07/26/2024 15:21:30	Page setup completed
07/26/2024 15:21:30	Setting available workflows...
07/26/2024 15:21:30	Post analysis method ends
07/26/2024 15:25:22	Reading UID database.
07/26/2024 15:25:22	Start loading STAAD model.
07/26/2024 15:25:22	Reading model file.
07/26/2024 15:25:22	Reading model file is complete.
07/26/2024 15:25:22	Processing support.
07/26/2024 15:25:22	Processing springs.
07/26/2024 15:25:22	Processing properties.
07/26/2024 15:25:22	Processing physical properties.
07/26/2024 15:25:22	Processing constants.
07/26/2024 15:25:22	Processing BETA constants.
07/26/2024 15:25:22	Processing hidden analytical member loads.
07/26/2024 15:25:22	Processing command list for member release.
07/26/2024 15:25:22	Processing command list for member offset.
07/26/2024 15:25:22	Processing command list for member specs (cracked).
07/26/2024 15:25:22	Processing command list for member specs (axial).
07/26/2024 15:25:22	Processing command list for element release.
07/26/2024 15:25:22	Processing command list for element offset.
07/26/2024 15:25:22	Processing command list for element plate stress directive.
07/26/2024 15:25:22	Processing parameter for Chinese wind load case.
07/26/2024 15:25:22	End Processing command list.
07/26/2024 15:25:22	End loading STAAD model.
07/26/2024 15:25:22	Start Post Analysis method
07/26/2024 15:25:22	Removed all hidden plates from surfaces
07/26/2024 15:25:22	Removed all hidden plates
07/26/2024 15:25:22	Removed all hidden nodes
07/26/2024 15:25:22	Loading results from MSH file...
07/26/2024 15:25:22	Building result indices...
07/26/2024 15:25:22	Loading plate stress results...
07/26/2024 15:25:22	Set analysis report setup data
07/26/2024 15:25:22	Starting page setup...
07/26/2024 15:25:22	Page setup completed
07/26/2024 15:25:22	Setting available workflows...
07/26/2024 15:25:22	Post analysis method ends
07/26/2024 15:25:35	Start Post Analysis method
07/26/2024 15:25:35	Removed all hidden plates from surfaces
07/26/2024 15:25:35	Removed all hidden plates
07/26/2024 15:25:35	Removed all hidden nodes
07/26/2024 15:25:35	Loading results from MSH file...
07/26/2024 15:25:35	Building result indices...
07/26/2024 15:25:35	Loading plate stress results...
07/26/2024 15:25:35	Set analysis report setup data
07/26/2024 15:25:35	Starting page setup...
07/26/2024 15:25:35	Page setup completed
07/26/2024 15:25:35	Setting available workflows...
07/26/2024 15:25:35	Post analysis method ends
