10/01/2024 14:27:06	Reading UID database.
10/01/2024 14:27:06	Start loading STAAD model.
10/01/2024 14:27:06	Reading model file.
10/01/2024 14:27:06	Reading model file is complete.
10/01/2024 14:27:06	Processing support.
10/01/2024 14:27:06	Processing springs.
10/01/2024 14:27:06	Processing properties.
10/01/2024 14:27:06	Processing physical properties.
10/01/2024 14:27:06	Processing constants.
10/01/2024 14:27:06	Processing BETA constants.
10/01/2024 14:27:06	Processing hidden analytical member loads.
10/01/2024 14:27:06	Processing command list for member release.
10/01/2024 14:27:06	Processing command list for member offset.
10/01/2024 14:27:06	Processing command list for member specs (cracked).
10/01/2024 14:27:06	Processing command list for member specs (axial).
10/01/2024 14:27:06	Processing command list for element release.
10/01/2024 14:27:06	Processing command list for element offset.
10/01/2024 14:27:06	Processing command list for element plate stress directive.
10/01/2024 14:27:06	Processing parameter for Chinese wind load case.
10/01/2024 14:27:06	End Processing command list.
10/01/2024 14:27:06	End loading STAAD model.
10/01/2024 14:31:33	Reading UID database.
10/01/2024 14:31:33	Start loading STAAD model.
10/01/2024 14:31:33	Reading model file.
10/01/2024 14:31:33	Reading model file is complete.
10/01/2024 14:31:33	Processing support.
10/01/2024 14:31:33	Processing springs.
10/01/2024 14:31:33	Processing properties.
10/01/2024 14:31:33	Processing physical properties.
10/01/2024 14:31:33	Processing constants.
10/01/2024 14:31:33	Processing BETA constants.
10/01/2024 14:31:33	Processing hidden analytical member loads.
10/01/2024 14:31:33	Processing command list for member release.
10/01/2024 14:31:33	Processing command list for member offset.
10/01/2024 14:31:33	Processing command list for member specs (cracked).
10/01/2024 14:31:33	Processing command list for member specs (axial).
10/01/2024 14:31:33	Processing command list for element release.
10/01/2024 14:31:33	Processing command list for element offset.
10/01/2024 14:31:33	Processing command list for element plate stress directive.
10/01/2024 14:31:33	Processing parameter for Chinese wind load case.
10/01/2024 14:31:33	End Processing command list.
10/01/2024 14:31:33	End loading STAAD model.
10/01/2024 14:31:33	Start Post Analysis method
10/01/2024 14:31:33	Removed all hidden plates from surfaces
10/01/2024 14:31:33	Removed all hidden plates
10/01/2024 14:31:33	Removed all hidden nodes
10/01/2024 14:31:33	Loading results from MSH file...
10/01/2024 14:31:33	Building result indices...
10/01/2024 14:31:33	Loading plate stress results...
10/01/2024 14:31:33	Set analysis report setup data
10/01/2024 14:31:33	Starting page setup...
10/01/2024 14:31:33	Page setup completed
10/01/2024 14:31:33	Setting available workflows...
10/01/2024 14:31:33	Post analysis method ends
10/01/2024 14:31:52	Start Post Analysis method
10/01/2024 14:31:52	Removed all hidden plates from surfaces
10/01/2024 14:31:52	Removed all hidden plates
10/01/2024 14:31:52	Removed all hidden nodes
10/01/2024 14:31:52	Loading results from MSH file...
10/01/2024 14:31:52	Building result indices...
10/01/2024 14:31:52	Loading plate stress results...
10/01/2024 14:31:52	Set analysis report setup data
10/01/2024 14:31:52	Starting page setup...
10/01/2024 14:31:52	Page setup completed
10/01/2024 14:31:52	Setting available workflows...
10/01/2024 14:31:52	Post analysis method ends
