07/25/2024 11:23:23	Reading UID database.
07/25/2024 11:23:23	Start loading STAAD model.
07/25/2024 11:23:23	Reading model file.
07/25/2024 11:23:23	Reading model file is complete.
07/25/2024 11:23:23	Processing support.
07/25/2024 11:23:23	Processing springs.
07/25/2024 11:23:23	Processing properties.
07/25/2024 11:23:23	Processing physical properties.
07/25/2024 11:23:23	Processing constants.
07/25/2024 11:23:23	Processing BETA constants.
07/25/2024 11:23:23	Processing hidden analytical member loads.
07/25/2024 11:23:23	Processing command list for member release.
07/25/2024 11:23:23	Processing command list for member offset.
07/25/2024 11:23:23	Processing command list for member specs (cracked).
07/25/2024 11:23:23	Processing command list for member specs (axial).
07/25/2024 11:23:23	Processing command list for element release.
07/25/2024 11:23:23	Processing command list for element offset.
07/25/2024 11:23:23	Processing command list for element plate stress directive.
07/25/2024 11:23:23	Processing parameter for Chinese wind load case.
07/25/2024 11:23:23	End Processing command list.
07/25/2024 11:23:23	End loading STAAD model.
07/25/2024 11:23:23	Start Post Analysis method
07/25/2024 11:23:23	Removed all hidden plates from surfaces
07/25/2024 11:23:23	Removed all hidden plates
07/25/2024 11:23:23	Removed all hidden nodes
07/25/2024 11:23:23	Loading results from MSH file...
07/25/2024 11:23:23	Building result indices...
07/25/2024 11:23:23	Loading plate stress results...
07/25/2024 11:23:23	Set analysis report setup data
07/25/2024 11:23:23	Starting page setup...
07/25/2024 11:23:23	Page setup completed
07/25/2024 11:23:23	Setting available workflows...
07/25/2024 11:23:23	Post analysis method ends
07/25/2024 11:40:47	Reading UID database.
07/25/2024 11:40:47	Start loading STAAD model.
07/25/2024 11:40:47	Reading model file.
07/25/2024 11:40:47	Reading model file is complete.
07/25/2024 11:40:47	Processing support.
07/25/2024 11:40:47	Processing springs.
07/25/2024 11:40:47	Processing properties.
07/25/2024 11:40:47	Processing physical properties.
07/25/2024 11:40:47	Processing constants.
07/25/2024 11:40:47	Processing BETA constants.
07/25/2024 11:40:47	Processing hidden analytical member loads.
07/25/2024 11:40:47	Processing command list for member release.
07/25/2024 11:40:47	Processing command list for member offset.
07/25/2024 11:40:47	Processing command list for member specs (cracked).
07/25/2024 11:40:47	Processing command list for member specs (axial).
07/25/2024 11:40:47	Processing command list for element release.
07/25/2024 11:40:47	Processing command list for element offset.
07/25/2024 11:40:47	Processing command list for element plate stress directive.
07/25/2024 11:40:47	Processing parameter for Chinese wind load case.
07/25/2024 11:40:47	End Processing command list.
07/25/2024 11:40:47	End loading STAAD model.
07/25/2024 11:40:47	Start Post Analysis method
07/25/2024 11:40:47	Removed all hidden plates from surfaces
07/25/2024 11:40:47	Removed all hidden plates
07/25/2024 11:40:47	Removed all hidden nodes
07/25/2024 11:40:47	Loading results from MSH file...
07/25/2024 11:40:47	Building result indices...
07/25/2024 11:40:47	Loading plate stress results...
07/25/2024 11:40:47	Set analysis report setup data
07/25/2024 11:40:47	Starting page setup...
07/25/2024 11:40:47	Page setup completed
07/25/2024 11:40:47	Setting available workflows...
07/25/2024 11:40:47	Post analysis method ends
07/25/2024 11:40:59	Start Post Analysis method
07/25/2024 11:40:59	Removed all hidden plates from surfaces
07/25/2024 11:40:59	Removed all hidden plates
07/25/2024 11:40:59	Removed all hidden nodes
07/25/2024 11:40:59	Loading results from MSH file...
07/25/2024 11:40:59	Building result indices...
07/25/2024 11:40:59	Loading plate stress results...
07/25/2024 11:40:59	Set analysis report setup data
07/25/2024 11:40:59	Starting page setup...
07/25/2024 11:40:59	Page setup completed
07/25/2024 11:40:59	Setting available workflows...
07/25/2024 11:40:59	Post analysis method ends
