09/25/2024 08:29:35	Reading UID database.
09/25/2024 08:29:35	Start loading STAAD model.
09/25/2024 08:29:35	Reading model file.
09/25/2024 08:29:36	Reading model file is complete.
09/25/2024 08:29:36	Processing support.
09/25/2024 08:29:36	Processing springs.
09/25/2024 08:29:36	Processing properties.
09/25/2024 08:29:36	Processing physical properties.
09/25/2024 08:29:36	Processing constants.
09/25/2024 08:29:36	Processing BETA constants.
09/25/2024 08:29:36	Processing hidden analytical member loads.
09/25/2024 08:29:36	Processing command list for member release.
09/25/2024 08:29:36	Processing command list for member offset.
09/25/2024 08:29:36	Processing command list for member specs (cracked).
09/25/2024 08:29:36	Processing command list for member specs (axial).
09/25/2024 08:29:36	Processing command list for element release.
09/25/2024 08:29:36	Processing command list for element offset.
09/25/2024 08:29:36	Processing command list for element plate stress directive.
09/25/2024 08:29:36	Processing parameter for Chinese wind load case.
09/25/2024 08:29:36	End Processing command list.
09/25/2024 08:29:36	End loading STAAD model.
09/25/2024 08:29:36	Start Post Analysis method
09/25/2024 08:29:36	Removed all hidden plates from surfaces
09/25/2024 08:29:36	Removed all hidden plates
09/25/2024 08:29:36	Removed all hidden nodes
09/25/2024 08:29:36	Loading results from MSH file...
09/25/2024 08:29:36	Building result indices...
09/25/2024 08:29:36	Loading plate stress results...
09/25/2024 08:29:36	Set analysis report setup data
09/25/2024 08:29:36	Starting page setup...
09/25/2024 08:29:36	Page setup completed
09/25/2024 08:29:36	Setting available workflows...
09/25/2024 08:29:36	Post analysis method ends
09/25/2024 08:30:00	Start Post Analysis method
09/25/2024 08:30:00	Removed all hidden plates from surfaces
09/25/2024 08:30:00	Removed all hidden plates
09/25/2024 08:30:00	Removed all hidden nodes
09/25/2024 08:30:00	Loading results from MSH file...
09/25/2024 08:30:00	Building result indices...
09/25/2024 08:30:00	Loading plate stress results...
09/25/2024 08:30:00	Set analysis report setup data
09/25/2024 08:30:00	Starting page setup...
09/25/2024 08:30:00	Page setup completed
09/25/2024 08:30:00	Setting available workflows...
09/25/2024 08:30:00	Post analysis method ends
09/25/2024 08:33:49	Start Post Analysis method
09/25/2024 08:33:49	Removed all hidden plates from surfaces
09/25/2024 08:33:49	Removed all hidden plates
09/25/2024 08:33:49	Removed all hidden nodes
09/25/2024 08:33:49	Loading results from MSH file...
09/25/2024 08:33:49	Building result indices...
09/25/2024 08:33:49	Loading plate stress results...
09/25/2024 08:33:49	Set analysis report setup data
09/25/2024 08:33:49	Starting page setup...
09/25/2024 08:33:49	Page setup completed
09/25/2024 08:33:49	Setting available workflows...
09/25/2024 08:33:49	Post analysis method ends
09/25/2024 08:34:06	Start Post Analysis method
09/25/2024 08:34:06	Removed all hidden plates from surfaces
09/25/2024 08:34:06	Removed all hidden plates
09/25/2024 08:34:06	Removed all hidden nodes
09/25/2024 08:34:06	Loading results from MSH file...
09/25/2024 08:34:06	Building result indices...
09/25/2024 08:34:06	Loading plate stress results...
09/25/2024 08:34:06	Set analysis report setup data
09/25/2024 08:34:06	Starting page setup...
09/25/2024 08:34:06	Page setup completed
09/25/2024 08:34:06	Setting available workflows...
09/25/2024 08:34:06	Post analysis method ends
