17:56:25	Initializing STAAD Engine
17:56:25	Run stream set up is complete.
17:56:25	Initialize license libraries.
17:56:26	License libraries initialized.
17:56:26	Starting license(s) for A & D engine.
17:56:27	License Status: Ok
17:56:27	License information set up is complete.
****************************************************************************
*                            START OF ANALYSIS                             *
****************************************************************************
* Initiating Analysis At Mon Sep  2 17:56:27 2024
                          PROGRAM: STAAD.Pro
                          VERSION: 23.00.01.25
                17:56:27:14  ENTERING STAAD
                17:56:27:15  USING 64 BIT STAAD ENGINE
                17:56:27:15  ENTERING MAINN
                17:56:27:16  START JOB INFORMATION
                17:56:27:16  INPUT WIDTH 79
                17:56:27:17  UNIT MMS KN
                17:56:27:17  JOINT COORDINATES
                17:56:27:18  ENTERING JOINTC
                17:56:27:18  JOINTC NEWJ                                 400000
                17:56:27:19  MAX NODE NO.                                     7
                17:56:27:19  MEMBER INCIDENCES
                17:56:27:20  UNIT METER KN
                17:56:27:21  DEFINE MATERIAL START
                17:56:27:21  UNIT MMS KN
                17:56:27:22  MEMBER PROPERTY EUROP
                17:56:27:35    ++ Finished Reading Member Properties ...
                17:56:27:35  CONSTANTS
                17:56:27:36  SUPPORTS
                17:56:27:37  ENTERING SUPPORT
                17:56:27:37  MEMBER OFFSET
                17:56:27:38  DEFINE WIND LOAD
                17:56:27:39  LOAD 121 LOADTYPE DEA
                17:56:27:39  DUPLICATE ELEMENT CHECK
                17:56:27:40  CHECKING STRUCTURAL INTEGRITY
                17:56:27:41  CHECK UNCONNECTED JOINTS AND
                17:56:27:41  CALCULATE MAX JOINT CONNECTIVITY
                17:56:27:42  CHECK MULTIPLE STRUCTURES
                17:56:27:43  ENTERING SUPPORT
                17:56:27:43  NRJOLD                                           0
                17:56:27:44  SUPPORT NOLD                                     0
                17:56:27:45  SUPPORT N                                       30
                17:56:27:45  BEFORE LOADPR
                17:56:27:46  REOPEN AS DIR                                    0
                17:56:27:46  ENTER LOADPR
                17:56:27:59  PERFORM ANALYSIS PRIN
                17:56:27:59  pdel iter                                        0
                17:56:27:60  MAXIMUM E =                           2.973273E+04
                17:56:27:61  MINIMUM E =                           2.973273E+04
                17:56:27:61  MBW DOF BAND=                                    1
                17:56:27:62  NUMBER OF PRIMARY CASES                        101
                17:56:27:62  NUMBER OF CASES                                252
                17:56:27:63  #OF CASES W/ELEM INMEMORY                      252
                17:56:27:64  MEMORY FOR MEMBER LOADS                      18144
                17:56:27:64  MEMORY FOR DISPLACEMENTS                     10584
                17:56:27:65  MEMORY FOR MEMBER FORCES                     18144
                17:56:27:66  Using 64-bit analysis engine
                17:56:27:66  BEFORE SOLVER 1
                17:56:27:67  Start Input for Next Load Case
                17:56:27:68  case no=  121 seq. no=   1 idynl= 0
                17:56:27:68  MASSSET                                          0
                17:56:27:69  LOADEND ISLAVE                                   0
                17:56:27:69  Start Input for Next Load Case
                17:56:27:70  case no=  201 seq. no=   2 idynl= 0
                17:56:27:71  LOADEND ISLAVE                                   0
                17:56:27:71  Start Input for Next Load Case
                17:56:27:72  case no=  202 seq. no=   3 idynl= 0
                17:56:27:73  LOADEND ISLAVE                                   0
                17:56:27:73  Start Input for Next Load Case
                17:56:27:74  case no=  203 seq. no=   4 idynl= 0
                17:56:27:75  LOADEND ISLAVE                                   0
                17:56:27:75  Start Input for Next Load Case
                17:56:27:76  case no=  204 seq. no=   5 idynl= 0
                17:56:27:77  LOADEND ISLAVE                                   0
                17:56:27:77  Start Input for Next Load Case
                17:56:27:78  case no=  205 seq. no=   6 idynl= 0
                17:56:27:78  LOADEND ISLAVE                                   0
                17:56:27:79  Start Input for Next Load Case
                17:56:27:80  case no=  206 seq. no=   7 idynl= 0
                17:56:27:80  LOADEND ISLAVE                                   0
                17:56:27:81  Start Input for Next Load Case
                17:56:27:81  case no=  207 seq. no=   8 idynl= 0
                17:56:27:82  LOADEND ISLAVE                                   0
                17:56:27:83  Start Input for Next Load Case
                17:56:27:83  case no=  208 seq. no=   9 idynl= 0
                17:56:27:84  LOADEND ISLAVE                                   0
                17:56:27:84  Start Input for Next Load Case
                17:56:27:85  case no=  312 seq. no=  10 idynl= 0
                17:56:27:86  LOADEND ISLAVE                                   0
                17:56:27:86  Start Input for Next Load Case
                17:56:27:87  case no=  313 seq. no=  11 idynl= 0
                17:56:27:88  LOADEND ISLAVE                                   0
                17:56:27:88  Start Input for Next Load Case
                17:56:27:89  case no=  314 seq. no=  12 idynl= 0
                17:56:27:89  LOADEND ISLAVE                                   0
                17:56:27:90  Start Input for Next Load Case
                17:56:27:91  case no=  315 seq. no=  13 idynl= 0
                17:56:27:91  LOADEND ISLAVE                                   0
                17:56:27:92  Start Input for Next Load Case
                17:56:27:93  case no=  322 seq. no=  14 idynl= 0
                17:56:27:93  LOADEND ISLAVE                                   0
                17:56:27:94  Start Input for Next Load Case
                17:56:27:95  case no=  323 seq. no=  15 idynl= 0
                17:56:27:95  LOADEND ISLAVE                                   0
                17:56:27:96  Start Input for Next Load Case
                17:56:27:96  case no=  324 seq. no=  16 idynl= 0
                17:56:27:97  LOADEND ISLAVE                                   0
                17:56:27:98  Start Input for Next Load Case
                17:56:27:98  case no=  325 seq. no=  17 idynl= 0
                17:56:27:99  LOADEND ISLAVE                                   0
                17:56:27:99  Start Input for Next Load Case
                17:56:28: 0  case no=  332 seq. no=  18 idynl= 0
                17:56:28: 1  LOADEND ISLAVE                                   0
                17:56:28: 1  Start Input for Next Load Case
                17:56:28: 2  case no=  333 seq. no=  19 idynl= 0
                17:56:28: 3  LOADEND ISLAVE                                   0
                17:56:28: 3  Start Input for Next Load Case
                17:56:28: 4  case no=  334 seq. no=  20 idynl= 0
                17:56:28: 5  LOADEND ISLAVE                                   0
                17:56:28: 6  Start Input for Next Load Case
                17:56:28: 6  case no=  335 seq. no=  21 idynl= 0
                17:56:28: 7  LOADEND ISLAVE                                   0
                17:56:28: 7  Start Input for Next Load Case
                17:56:28: 8  case no=  411 seq. no=  22 idynl= 0
                17:56:28: 9  LOADEND ISLAVE                                   0
                17:56:28: 9  Start Input for Next Load Case
                17:56:28:10  case no=  412 seq. no=  23 idynl= 0
                17:56:28:11  LOADEND ISLAVE                                   0
                17:56:28:11  Start Input for Next Load Case
                17:56:28:12  case no=  413 seq. no=  24 idynl= 0
                17:56:28:12  LOADEND ISLAVE                                   0
                17:56:28:13  Start Input for Next Load Case
                17:56:28:14  case no=  414 seq. no=  25 idynl= 0
                17:56:28:14  LOADEND ISLAVE                                   0
                17:56:28:15  Start Input for Next Load Case
                17:56:28:16  case no=  415 seq. no=  26 idynl= 0
                17:56:28:16  LOADEND ISLAVE                                   0
                17:56:28:17  Start Input for Next Load Case
                17:56:28:18  case no=  416 seq. no=  27 idynl= 0
                17:56:28:18  LOADEND ISLAVE                                   0
                17:56:28:19  Start Input for Next Load Case
                17:56:28:20  case no=  417 seq. no=  28 idynl= 0
                17:56:28:20  LOADEND ISLAVE                                   0
                17:56:28:21  Start Input for Next Load Case
                17:56:28:21  case no=  418 seq. no=  29 idynl= 0
                17:56:28:22  LOADEND ISLAVE                                   0
                17:56:28:23  Start Input for Next Load Case
                17:56:28:23  case no=  421 seq. no=  30 idynl= 0
                17:56:28:24  LOADEND ISLAVE                                   0
                17:56:28:24  Start Input for Next Load Case
                17:56:28:25  case no=  422 seq. no=  31 idynl= 0
                17:56:28:26  LOADEND ISLAVE                                   0
                17:56:28:27  Start Input for Next Load Case
                17:56:28:27  case no=  423 seq. no=  32 idynl= 0
                17:56:28:28  LOADEND ISLAVE                                   0
                17:56:28:29  Start Input for Next Load Case
                17:56:28:30  case no=  424 seq. no=  33 idynl= 0
                17:56:28:30  LOADEND ISLAVE                                   0
                17:56:28:31  Start Input for Next Load Case
                17:56:28:32  case no=  425 seq. no=  34 idynl= 0
                17:56:28:33  LOADEND ISLAVE                                   0
                17:56:28:34  Start Input for Next Load Case
                17:56:28:35  case no=  426 seq. no=  35 idynl= 0
                17:56:28:36  LOADEND ISLAVE                                   0
                17:56:28:37  Start Input for Next Load Case
                17:56:28:38  case no=  427 seq. no=  36 idynl= 0
                17:56:28:39  LOADEND ISLAVE                                   0
                17:56:28:39  Start Input for Next Load Case
                17:56:28:40  case no=  428 seq. no=  37 idynl= 0
                17:56:28:41  LOADEND ISLAVE                                   0
                17:56:28:41  Start Input for Next Load Case
                17:56:28:42  case no=  711 seq. no=  38 idynl= 0
                17:56:28:43  LOADEND ISLAVE                                   0
                17:56:28:43  Start Input for Next Load Case
                17:56:28:44  case no=  712 seq. no=  39 idynl= 0
                17:56:28:44  LOADEND ISLAVE                                   0
                17:56:28:45  Start Input for Next Load Case
                17:56:28:46  case no=  713 seq. no=  40 idynl= 0
                17:56:28:46  LOADEND ISLAVE                                   0
                17:56:28:47  Start Input for Next Load Case
                17:56:28:48  case no=  714 seq. no=  41 idynl= 0
                17:56:28:48  LOADEND ISLAVE                                   0
                17:56:28:49  Start Input for Next Load Case
                17:56:28:50  case no=  715 seq. no=  42 idynl= 0
                17:56:28:50  LOADEND ISLAVE                                   0
                17:56:28:51  Start Input for Next Load Case
                17:56:28:52  case no=  716 seq. no=  43 idynl= 0
                17:56:28:53  LOADEND ISLAVE                                   0
                17:56:28:53  Start Input for Next Load Case
                17:56:28:54  case no=  717 seq. no=  44 idynl= 0
                17:56:28:55  LOADEND ISLAVE                                   0
                17:56:28:55  Start Input for Next Load Case
                17:56:28:56  case no=  718 seq. no=  45 idynl= 0
                17:56:28:57  LOADEND ISLAVE                                   0
                17:56:28:57  Start Input for Next Load Case
                17:56:28:58  case no= 1101 seq. no=  46 idynl= 0
                17:56:28:59  LOADEND ISLAVE                                   0
                17:56:28:60  Start Input for Next Load Case
                17:56:28:61  case no= 1102 seq. no=  47 idynl= 0
                17:56:28:61  LOADEND ISLAVE                                   0
                17:56:28:62  Start Input for Next Load Case
                17:56:28:63  case no= 1103 seq. no=  48 idynl= 0
                17:56:28:64  LOADEND ISLAVE                                   0
                17:56:28:65  Start Input for Next Load Case
                17:56:28:65  case no= 1104 seq. no=  49 idynl= 0
                17:56:28:66  LOADEND ISLAVE                                   0
                17:56:28:67  Start Input for Next Load Case
                17:56:28:68  case no= 1105 seq. no=  50 idynl= 0
                17:56:28:68  LOADEND ISLAVE                                   0
                17:56:28:69  Start Input for Next Load Case
                17:56:28:70  case no= 1106 seq. no=  51 idynl= 0
                17:56:28:71  LOADEND ISLAVE                                   0
                17:56:28:72  Start Input for Next Load Case
                17:56:28:73  case no= 1107 seq. no=  52 idynl= 0
                17:56:28:74  LOADEND ISLAVE                                   0
                17:56:28:74  Start Input for Next Load Case
                17:56:28:75  case no= 1108 seq. no=  53 idynl= 0
                17:56:28:76  LOADEND ISLAVE                                   0
                17:56:28:76  Start Input for Next Load Case
                17:56:28:77  case no= 1201 seq. no=  54 idynl= 0
                17:56:28:78  LOADEND ISLAVE                                   0
                17:56:28:78  Start Input for Next Load Case
                17:56:28:79  case no= 1202 seq. no=  55 idynl= 0
                17:56:28:80  LOADEND ISLAVE                                   0
                17:56:28:80  Start Input for Next Load Case
                17:56:28:81  case no= 1203 seq. no=  56 idynl= 0
                17:56:28:82  LOADEND ISLAVE                                   0
                17:56:28:83  Start Input for Next Load Case
                17:56:28:83  case no= 1204 seq. no=  57 idynl= 0
                17:56:28:84  LOADEND ISLAVE                                   0
                17:56:28:84  Start Input for Next Load Case
                17:56:28:85  case no= 1205 seq. no=  58 idynl= 0
                17:56:28:86  LOADEND ISLAVE                                   0
                17:56:28:86  Start Input for Next Load Case
                17:56:28:87  case no= 1206 seq. no=  59 idynl= 0
                17:56:28:88  LOADEND ISLAVE                                   0
                17:56:28:88  Start Input for Next Load Case
                17:56:28:89  case no= 1207 seq. no=  60 idynl= 0
                17:56:28:89  LOADEND ISLAVE                                   0
                17:56:28:90  Start Input for Next Load Case
                17:56:28:91  case no= 1208 seq. no=  61 idynl= 0
                17:56:28:91  LOADEND ISLAVE                                   0
                17:56:28:92  Start Input for Next Load Case
                17:56:28:93  case no= 2101 seq. no=  62 idynl= 0
                17:56:28:93  LOADEND ISLAVE                                   0
                17:56:28:94  Start Input for Next Load Case
                17:56:28:95  case no= 2102 seq. no=  63 idynl= 0
                17:56:28:95  LOADEND ISLAVE                                   0
                17:56:28:96  Start Input for Next Load Case
                17:56:28:97  case no= 2103 seq. no=  64 idynl= 0
                17:56:28:97  LOADEND ISLAVE                                   0
                17:56:28:98  Start Input for Next Load Case
                17:56:28:99  case no= 2104 seq. no=  65 idynl= 0
                17:56:28:99  LOADEND ISLAVE                                   0
                17:56:29: 0  Start Input for Next Load Case
                17:56:29: 0  case no= 2105 seq. no=  66 idynl= 0
                17:56:29: 1  LOADEND ISLAVE                                   0
                17:56:29: 2  Start Input for Next Load Case
                17:56:29: 2  case no= 2106 seq. no=  67 idynl= 0
                17:56:29: 3  LOADEND ISLAVE                                   0
                17:56:29: 4  Start Input for Next Load Case
                17:56:29: 4  case no= 2107 seq. no=  68 idynl= 0
                17:56:29: 5  LOADEND ISLAVE                                   0
                17:56:29: 6  Start Input for Next Load Case
                17:56:29: 6  case no= 2108 seq. no=  69 idynl= 0
                17:56:29: 7  LOADEND ISLAVE                                   0
                17:56:29: 7  Start Input for Next Load Case
                17:56:29: 8  case no= 3001 seq. no=  70 idynl= 0
                17:56:29: 9  LOADEND ISLAVE                                   0
                17:56:29: 9  Start Input for Next Load Case
                17:56:29:10  case no= 3002 seq. no=  71 idynl= 0
                17:56:29:11  LOADEND ISLAVE                                   0
                17:56:29:11  Start Input for Next Load Case
                17:56:29:12  case no= 3003 seq. no=  72 idynl= 0
                17:56:29:13  LOADEND ISLAVE                                   0
                17:56:29:13  Start Input for Next Load Case
                17:56:29:15  case no= 3004 seq. no=  73 idynl= 0
                17:56:29:15  LOADEND ISLAVE                                   0
                17:56:29:16  Start Input for Next Load Case
                17:56:29:17  case no= 3005 seq. no=  74 idynl= 0
                17:56:29:17  LOADEND ISLAVE                                   0
                17:56:29:18  Start Input for Next Load Case
                17:56:29:19  case no= 3006 seq. no=  75 idynl= 0
                17:56:29:19  LOADEND ISLAVE                                   0
                17:56:29:20  Start Input for Next Load Case
                17:56:29:21  case no= 3007 seq. no=  76 idynl= 0
                17:56:29:21  LOADEND ISLAVE                                   0
                17:56:29:22  Start Input for Next Load Case
                17:56:29:23  case no= 3008 seq. no=  77 idynl= 0
                17:56:29:24  LOADEND ISLAVE                                   0
                17:56:29:25  Start Input for Next Load Case
                17:56:29:25  case no= 3011 seq. no=  78 idynl= 0
                17:56:29:26  LOADEND ISLAVE                                   0
                17:56:29:26  Start Input for Next Load Case
                17:56:29:27  case no= 3012 seq. no=  79 idynl= 0
                17:56:29:28  LOADEND ISLAVE                                   0
                17:56:29:28  Start Input for Next Load Case
                17:56:29:29  case no= 3013 seq. no=  80 idynl= 0
                17:56:29:30  LOADEND ISLAVE                                   0
                17:56:29:31  Start Input for Next Load Case
                17:56:29:31  case no= 3014 seq. no=  81 idynl= 0
                17:56:29:32  LOADEND ISLAVE                                   0
                17:56:29:33  Start Input for Next Load Case
                17:56:29:33  case no= 3015 seq. no=  82 idynl= 0
                17:56:29:34  LOADEND ISLAVE                                   0
                17:56:29:35  Start Input for Next Load Case
                17:56:29:35  case no= 3016 seq. no=  83 idynl= 0
                17:56:29:36  LOADEND ISLAVE                                   0
                17:56:29:37  Start Input for Next Load Case
                17:56:29:37  case no= 3017 seq. no=  84 idynl= 0
                17:56:29:38  LOADEND ISLAVE                                   0
                17:56:29:38  Start Input for Next Load Case
                17:56:29:39  case no= 3018 seq. no=  85 idynl= 0
                17:56:29:40  LOADEND ISLAVE                                   0
                17:56:29:40  Start Input for Next Load Case
                17:56:29:41  case no= 3021 seq. no=  86 idynl= 0
                17:56:29:41  LOADEND ISLAVE                                   0
                17:56:29:42  Start Input for Next Load Case
                17:56:29:43  case no= 3022 seq. no=  87 idynl= 0
                17:56:29:43  LOADEND ISLAVE                                   0
                17:56:29:44  Start Input for Next Load Case
                17:56:29:45  case no= 3023 seq. no=  88 idynl= 0
                17:56:29:45  LOADEND ISLAVE                                   0
                17:56:29:46  Start Input for Next Load Case
                17:56:29:46  case no= 3024 seq. no=  89 idynl= 0
                17:56:29:47  LOADEND ISLAVE                                   0
                17:56:29:48  Start Input for Next Load Case
                17:56:29:48  case no= 3025 seq. no=  90 idynl= 0
                17:56:29:49  LOADEND ISLAVE                                   0
                17:56:29:49  Start Input for Next Load Case
                17:56:29:50  case no= 3026 seq. no=  91 idynl= 0
                17:56:29:51  LOADEND ISLAVE                                   0
                17:56:29:51  Start Input for Next Load Case
                17:56:29:52  case no= 3027 seq. no=  92 idynl= 0
                17:56:29:53  LOADEND ISLAVE                                   0
                17:56:29:53  Start Input for Next Load Case
                17:56:29:54  case no= 3028 seq. no=  93 idynl= 0
                17:56:29:55  LOADEND ISLAVE                                   0
                17:56:29:55  Start Input for Next Load Case
                17:56:29:56  case no= 3201 seq. no=  94 idynl= 0
                17:56:29:57  LOADEND ISLAVE                                   0
                17:56:29:57  Start Input for Next Load Case
                17:56:29:58  case no= 3202 seq. no=  95 idynl= 0
                17:56:29:59  LOADEND ISLAVE                                   0
                17:56:29:59  Start Input for Next Load Case
                17:56:29:60  case no= 3203 seq. no=  96 idynl= 0
                17:56:29:61  LOADEND ISLAVE                                   0
                17:56:29:61  Start Input for Next Load Case
                17:56:29:62  case no= 3204 seq. no=  97 idynl= 0
                17:56:29:62  LOADEND ISLAVE                                   0
                17:56:29:63  Start Input for Next Load Case
                17:56:29:64  case no= 3205 seq. no=  98 idynl= 0
                17:56:29:64  LOADEND ISLAVE                                   0
                17:56:29:65  Start Input for Next Load Case
                17:56:29:65  case no= 3206 seq. no=  99 idynl= 0
                17:56:29:66  LOADEND ISLAVE                                   0
                17:56:29:67  Start Input for Next Load Case
                17:56:29:67  case no= 3207 seq. no= 100 idynl= 0
                17:56:29:68  LOADEND ISLAVE                                   0
                17:56:29:68  Start Input for Next Load Case
                17:56:29:69  case no= 3208 seq. no= 101 idynl= 0
                17:56:29:70  LOADEND ISLAVE                                   0
                17:56:29:71  NVPREV                                           0
                17:56:29:71  AMAXNON                               2.349081E-01
                17:56:29:72  IRECSIZL=                                     4000
                17:56:29:73  MTX BLOCKSIZE=                                  30
                17:56:29:73  MI=                                             30
                17:56:29:74  NORECL=                                          1
                17:56:29:74  NORECL1=                                         1
                17:56:29:75  IWORD=                                       32000
                17:56:29:76  JRECSIZE=                                     4000
                17:56:29:76  IWORDJ=                                      32000
                17:56:29:77  IBYTE=                                           4
                17:56:29:78  JOINTS=                                          7
                17:56:29:78  MEMBERS=                                         6
                17:56:29:79  PLATES =                                         0
                17:56:29:79  SOLIDS =                                         0
                17:56:29:80  NO. OF EQUATIONS=                               30
                17:56:29:81  idyn=                                            0
                17:56:29:81  ipd=                                             0
                17:56:29:82  icablanl=                                        0
                17:56:29:82  ++ Processing Element Stiffness Matrix.
                17:56:29:83  NV1                                            101
                17:56:29:95  ++ Calculating Element Forces & Reactions.
                17:56:30:60  COMBINATION CASES=                               0
                17:56:30:60  MAX CM MEMORY (KILOWORDS)                       28
                17:56:30:61  AFTER SOLVER 1
                17:56:30:62  REOPEN AS SEQ                                    0
                17:56:30:63  DEFINE ENVELOPE
                17:56:30:64  LOAD LIST 1101 TO 110
                17:56:30:65  PARAMETER 1
                17:56:30:66  CHECK CODE ALL
                17:56:30:66  ENTERING SECTNM110 IQ=                           6
                17:56:30:66               NSEC=                              11
                17:56:30:67             ISECTN=                               0
                17:56:30:69  SECTNM110 DO 925
                17:56:30:71  ENTERING ENVLP1 ITYP1=                          -3
                17:56:30:72  SECT DISPLACE
                17:56:30:74  Steel/Alum/Timber Design                        52
                17:56:30:76    ++ Finished Design ...
                17:56:30:76  Steel/Timber Design exit
                17:56:30:76  LOAD LIST 2101 TO 210
                17:56:30:77  PARAMETER 1
                17:56:30:78  CHECK CODE ALL
                17:56:30:78  ENTERING ENVLP1 ITYP1=                          -3
                17:56:30:79  SECT DISPLACE
                17:56:30:81  Steel/Alum/Timber Design                        52
                17:56:30:82    ++ Finished Design ...
                17:56:30:82  Steel/Timber Design exit
                17:56:30:82  LOAD LIST ENV 4 TO 7
                17:56:30:83  PARAMETER 1
                17:56:30:84  CHECK CODE ALL
                17:56:30:84  ENTERING ENVLP1 ITYP1=                          -3
                17:56:30:85  SECT DISPLACE
                17:56:30:87  Steel/Alum/Timber Design                        52
                17:56:30:89    ++ Finished Design ...
                17:56:30:89  Steel/Timber Design exit
                17:56:30:89  PRINT JOINT DISPLACEM
                17:56:30:90  DRAW ISOM JOIN MEMB
                17:56:30:91  ENTERING SECTNM110 IQ=                           6
                17:56:30:91               NSEC=                              11
                17:56:30:92             ISECTN=                               0
                17:56:30:95  SECTNM110 DO 925
                17:56:30:97  PRINT SUPPORT REACTIO
                17:56:30:97  DRAW ISOM SUPP PROP
                17:56:30:98  ENTERING SECTNM110 IQ=                           6
                17:56:30:98               NSEC=                              11
                17:56:30:99             ISECTN=                               0
                17:56:31: 2  SECTNM110 DO 925
                17:56:31: 4  DRAW ISOM SHAP
                17:56:31: 4  ENTERING SECTNM110 IQ=                           6
                17:56:31: 5               NSEC=                              11
                17:56:31: 6             ISECTN=                               0
                17:56:31: 8  SECTNM110 DO 925
                17:56:31:10  PRINT CG
                17:56:31:10  FINISH
                17:56:31:11  All Commands FINISHed
                17:56:31:12  DATASAVE for SPRO GUI
                17:56:31:13  ++ Creating Displacement File (DSP)...
                17:56:31:15  ++ Creating Reaction File (REA)...
                17:56:31:15  ++ Creating Section Force File (BMD)...
                17:56:31:17  ++ Creating Section Displace File (SEC)...
                17:56:31:17  ENTERING ENVLP1 ITYP1=                          -5
                17:56:31:18  SECT DISPLACE
                17:56:31:21  ++ Creating Section Displace File (SCN)...
                17:56:31:23  ++ Creating Design information File (DGN)...
                17:56:31:23  ALLOCATED CM MEMORY (KILOWORDS)             300000
                17:56:31:23  MAX CM MEMORY (KILOWORDS)                       55
                17:56:31:24  DBS LONG SEC NAME
* End Of Analysis At Mon Sep  2 17:56:31 2024
* CPU usage = 4.184000
* STAAD Exit Code: 100, Warning Count: 0, Error Count: 0, Duration: 4.184
1 0 0 4.184
****************************************************************************
*                            END OF ANALYSIS                               *
****************************************************************************
