09/02/2024 17:24:58	Reading UID database.
09/02/2024 17:24:58	Start loading STAAD model.
09/02/2024 17:24:58	Reading model file.
09/02/2024 17:24:58	Reading model file is complete.
09/02/2024 17:24:58	Processing support.
09/02/2024 17:24:58	Processing springs.
09/02/2024 17:24:58	Processing properties.
09/02/2024 17:24:58	Processing physical properties.
09/02/2024 17:24:58	Processing constants.
09/02/2024 17:24:58	Processing BETA constants.
09/02/2024 17:24:58	Processing hidden analytical member loads.
09/02/2024 17:24:58	Processing command list for member release.
09/02/2024 17:24:58	Processing command list for member offset.
09/02/2024 17:24:58	Processing command list for member specs (cracked).
09/02/2024 17:24:58	Processing command list for member specs (axial).
09/02/2024 17:24:58	Processing command list for element release.
09/02/2024 17:24:58	Processing command list for element offset.
09/02/2024 17:24:58	Processing command list for element plate stress directive.
09/02/2024 17:24:58	Processing parameter for Chinese wind load case.
09/02/2024 17:24:58	End Processing command list.
09/02/2024 17:24:58	End loading STAAD model.
09/02/2024 17:24:59	Start Post Analysis method
09/02/2024 17:24:59	Removed all hidden plates from surfaces
09/02/2024 17:24:59	Removed all hidden plates
09/02/2024 17:24:59	Removed all hidden nodes
09/02/2024 17:24:59	Loading results from MSH file...
09/02/2024 17:24:59	Building result indices...
09/02/2024 17:24:59	Loading plate stress results...
09/02/2024 17:24:59	Set analysis report setup data
09/02/2024 17:24:59	Starting page setup...
09/02/2024 17:24:59	Page setup completed
09/02/2024 17:24:59	Setting available workflows...
09/02/2024 17:24:59	Post analysis method ends
09/02/2024 17:53:54	Reading UID database.
09/02/2024 17:53:54	Start loading STAAD model.
09/02/2024 17:53:54	Reading model file.
09/02/2024 17:53:54	Reading model file is complete.
09/02/2024 17:53:54	Processing support.
09/02/2024 17:53:54	Processing springs.
09/02/2024 17:53:54	Processing properties.
09/02/2024 17:53:54	Processing physical properties.
09/02/2024 17:53:54	Processing constants.
09/02/2024 17:53:54	Processing BETA constants.
09/02/2024 17:53:54	Processing hidden analytical member loads.
09/02/2024 17:53:54	Processing command list for member release.
09/02/2024 17:53:54	Processing command list for member offset.
09/02/2024 17:53:54	Processing command list for member specs (cracked).
09/02/2024 17:53:54	Processing command list for member specs (axial).
09/02/2024 17:53:54	Processing command list for element release.
09/02/2024 17:53:54	Processing command list for element offset.
09/02/2024 17:53:54	Processing command list for element plate stress directive.
09/02/2024 17:53:54	Processing parameter for Chinese wind load case.
09/02/2024 17:53:54	End Processing command list.
09/02/2024 17:53:54	End loading STAAD model.
09/02/2024 17:53:54	Start Post Analysis method
09/02/2024 17:53:54	Removed all hidden plates from surfaces
09/02/2024 17:53:54	Removed all hidden plates
09/02/2024 17:53:54	Removed all hidden nodes
09/02/2024 17:53:54	Loading results from MSH file...
09/02/2024 17:53:54	Building result indices...
09/02/2024 17:53:54	Loading plate stress results...
09/02/2024 17:53:54	Set analysis report setup data
09/02/2024 17:53:54	Starting page setup...
09/02/2024 17:53:54	Page setup completed
09/02/2024 17:53:54	Setting available workflows...
09/02/2024 17:53:54	Post analysis method ends
09/02/2024 17:56:34	Start Post Analysis method
09/02/2024 17:56:34	Removed all hidden plates from surfaces
09/02/2024 17:56:34	Removed all hidden plates
09/02/2024 17:56:34	Removed all hidden nodes
09/02/2024 17:56:34	Loading results from MSH file...
09/02/2024 17:56:34	Building result indices...
09/02/2024 17:56:34	Loading plate stress results...
09/02/2024 17:56:34	Set analysis report setup data
09/02/2024 17:56:34	Starting page setup...
09/02/2024 17:56:34	Page setup completed
09/02/2024 17:56:34	Setting available workflows...
09/02/2024 17:56:34	Post analysis method ends
