15:44:38	Initializing STAAD Engine
15:44:38	Run stream set up is complete.
15:44:38	Initialize license libraries.
15:44:38	License libraries initialized.
15:44:38	Starting license(s) for A & D engine.
15:44:38	License Status: Ok
15:44:38	License information set up is complete.
****************************************************************************
*                            START OF ANALYSIS                             *
****************************************************************************
* Initiating Analysis At Wed Aug 21 15:44:38 2024
                          PROGRAM: STAAD.Pro
                          VERSION: 23.00.01.25
                15:44:39: 0  ENTERING STAAD
                15:44:39: 2  USING 64 BIT STAAD ENGINE
                15:44:39: 2  ENTERING MAINN
                15:44:39: 2  START JOB INFORMATION
                15:44:39: 3  INPUT WIDTH 79
                15:44:39: 3  UNIT MMS KN
                15:44:39: 4  JOINT COORDINATES
                15:44:39: 4  ENTERING JOINTC
                15:44:39: 4  JOINTC NEWJ                                 400000
                15:44:39: 5  MAX NODE NO.                                     8
                15:44:39: 6  MEMBER INCIDENCES
                15:44:39: 6  UNIT METER KN
                15:44:39: 7  DEFINE MATERIAL START
                15:44:39: 7  UNIT MMS KN
                15:44:39: 8  MEMBER PROPERTY EUROP
                15:44:39:19    ++ Finished Reading Member Properties ...
                15:44:39:19  CONSTANTS
                15:44:39:20  SUPPORTS
                15:44:39:21  ENTERING SUPPORT
                15:44:39:21  MEMBER OFFSET
                15:44:39:22  DEFINE WIND LOAD
                15:44:39:23  LOAD 121 LOADTYPE DEA
                15:44:39:23  DUPLICATE ELEMENT CHECK
                15:44:39:23  CHECKING STRUCTURAL INTEGRITY
                15:44:39:24  CHECK UNCONNECTED JOINTS AND
                15:44:39:24  CALCULATE MAX JOINT CONNECTIVITY
                15:44:39:25  CHECK MULTIPLE STRUCTURES
                15:44:39:25  ENTERING SUPPORT
                15:44:39:26  NRJOLD                                           0
                15:44:39:26  SUPPORT NOLD                                     0
                15:44:39:26  SUPPORT N                                       36
                15:44:39:27  BEFORE LOADPR
                15:44:39:27  REOPEN AS DIR                                    0
                15:44:39:28  ENTER LOADPR
                15:44:39:38  PERFORM ANALYSIS PRIN
                15:44:39:38  pdel iter                                        0
                15:44:39:39  MAXIMUM E =                           2.973273E+04
                15:44:39:39  MINIMUM E =                           2.973273E+04
                15:44:39:40  MBW DOF BAND=                                    1
                15:44:39:40  NUMBER OF PRIMARY CASES                        101
                15:44:39:41  NUMBER OF CASES                                252
                15:44:39:41  #OF CASES W/ELEM INMEMORY                      252
                15:44:39:41  MEMORY FOR MEMBER LOADS                      21168
                15:44:39:42  MEMORY FOR DISPLACEMENTS                     12096
                15:44:39:42  MEMORY FOR MEMBER FORCES                     21168
                15:44:39:43  Using 64-bit analysis engine
                15:44:39:43  BEFORE SOLVER 1
                15:44:39:44  Start Input for Next Load Case
                15:44:39:44  case no=  121 seq. no=   1 idynl= 0
                15:44:39:44  MASSSET                                          0
                15:44:39:45  LOADEND ISLAVE                                   0
                15:44:39:45  Start Input for Next Load Case
                15:44:39:46  case no=  201 seq. no=   2 idynl= 0
                15:44:39:46  LOADEND ISLAVE                                   0
                15:44:39:46  Start Input for Next Load Case
                15:44:39:47  case no=  202 seq. no=   3 idynl= 0
                15:44:39:47  LOADEND ISLAVE                                   0
                15:44:39:48  Start Input for Next Load Case
                15:44:39:48  case no=  203 seq. no=   4 idynl= 0
                15:44:39:49  LOADEND ISLAVE                                   0
                15:44:39:49  Start Input for Next Load Case
                15:44:39:49  case no=  204 seq. no=   5 idynl= 0
                15:44:39:50  LOADEND ISLAVE                                   0
                15:44:39:50  Start Input for Next Load Case
                15:44:39:51  case no=  205 seq. no=   6 idynl= 0
                15:44:39:51  LOADEND ISLAVE                                   0
                15:44:39:52  Start Input for Next Load Case
                15:44:39:52  case no=  206 seq. no=   7 idynl= 0
                15:44:39:53  LOADEND ISLAVE                                   0
                15:44:39:53  Start Input for Next Load Case
                15:44:39:54  case no=  207 seq. no=   8 idynl= 0
                15:44:39:54  LOADEND ISLAVE                                   0
                15:44:39:54  Start Input for Next Load Case
                15:44:39:55  case no=  208 seq. no=   9 idynl= 0
                15:44:39:55  LOADEND ISLAVE                                   0
                15:44:39:56  Start Input for Next Load Case
                15:44:39:56  case no=  312 seq. no=  10 idynl= 0
                15:44:39:56  LOADEND ISLAVE                                   0
                15:44:39:57  Start Input for Next Load Case
                15:44:39:57  case no=  313 seq. no=  11 idynl= 0
                15:44:39:58  LOADEND ISLAVE                                   0
                15:44:39:58  Start Input for Next Load Case
                15:44:39:59  case no=  314 seq. no=  12 idynl= 0
                15:44:39:59  LOADEND ISLAVE                                   0
                15:44:39:60  Start Input for Next Load Case
                15:44:39:60  case no=  315 seq. no=  13 idynl= 0
                15:44:39:61  LOADEND ISLAVE                                   0
                15:44:39:61  Start Input for Next Load Case
                15:44:39:62  case no=  322 seq. no=  14 idynl= 0
                15:44:39:62  LOADEND ISLAVE                                   0
                15:44:39:63  Start Input for Next Load Case
                15:44:39:63  case no=  323 seq. no=  15 idynl= 0
                15:44:39:63  LOADEND ISLAVE                                   0
                15:44:39:64  Start Input for Next Load Case
                15:44:39:64  case no=  324 seq. no=  16 idynl= 0
                15:44:39:65  LOADEND ISLAVE                                   0
                15:44:39:65  Start Input for Next Load Case
                15:44:39:65  case no=  325 seq. no=  17 idynl= 0
                15:44:39:66  LOADEND ISLAVE                                   0
                15:44:39:66  Start Input for Next Load Case
                15:44:39:67  case no=  332 seq. no=  18 idynl= 0
                15:44:39:67  LOADEND ISLAVE                                   0
                15:44:39:68  Start Input for Next Load Case
                15:44:39:68  case no=  333 seq. no=  19 idynl= 0
                15:44:39:69  LOADEND ISLAVE                                   0
                15:44:39:69  Start Input for Next Load Case
                15:44:39:70  case no=  334 seq. no=  20 idynl= 0
                15:44:39:70  LOADEND ISLAVE                                   0
                15:44:39:71  Start Input for Next Load Case
                15:44:39:71  case no=  335 seq. no=  21 idynl= 0
                15:44:39:72  LOADEND ISLAVE                                   0
                15:44:39:72  Start Input for Next Load Case
                15:44:39:72  case no=  411 seq. no=  22 idynl= 0
                15:44:39:73  LOADEND ISLAVE                                   0
                15:44:39:73  Start Input for Next Load Case
                15:44:39:74  case no=  412 seq. no=  23 idynl= 0
                15:44:39:74  LOADEND ISLAVE                                   0
                15:44:39:74  Start Input for Next Load Case
                15:44:39:75  case no=  413 seq. no=  24 idynl= 0
                15:44:39:75  LOADEND ISLAVE                                   0
                15:44:39:76  Start Input for Next Load Case
                15:44:39:76  case no=  414 seq. no=  25 idynl= 0
                15:44:39:76  LOADEND ISLAVE                                   0
                15:44:39:77  Start Input for Next Load Case
                15:44:39:77  case no=  415 seq. no=  26 idynl= 0
                15:44:39:78  LOADEND ISLAVE                                   0
                15:44:39:78  Start Input for Next Load Case
                15:44:39:79  case no=  416 seq. no=  27 idynl= 0
                15:44:39:79  LOADEND ISLAVE                                   0
                15:44:39:80  Start Input for Next Load Case
                15:44:39:80  case no=  417 seq. no=  28 idynl= 0
                15:44:39:81  LOADEND ISLAVE                                   0
                15:44:39:81  Start Input for Next Load Case
                15:44:39:82  case no=  418 seq. no=  29 idynl= 0
                15:44:39:82  LOADEND ISLAVE                                   0
                15:44:39:83  Start Input for Next Load Case
                15:44:39:83  case no=  421 seq. no=  30 idynl= 0
                15:44:39:83  LOADEND ISLAVE                                   0
                15:44:39:84  Start Input for Next Load Case
                15:44:39:84  case no=  422 seq. no=  31 idynl= 0
                15:44:39:85  LOADEND ISLAVE                                   0
                15:44:39:85  Start Input for Next Load Case
                15:44:39:85  case no=  423 seq. no=  32 idynl= 0
                15:44:39:86  LOADEND ISLAVE                                   0
                15:44:39:87  Start Input for Next Load Case
                15:44:39:87  case no=  424 seq. no=  33 idynl= 0
                15:44:39:88  LOADEND ISLAVE                                   0
                15:44:39:88  Start Input for Next Load Case
                15:44:39:89  case no=  425 seq. no=  34 idynl= 0
                15:44:39:89  LOADEND ISLAVE                                   0
                15:44:39:90  Start Input for Next Load Case
                15:44:39:90  case no=  426 seq. no=  35 idynl= 0
                15:44:39:91  LOADEND ISLAVE                                   0
                15:44:39:91  Start Input for Next Load Case
                15:44:39:92  case no=  427 seq. no=  36 idynl= 0
                15:44:39:92  LOADEND ISLAVE                                   0
                15:44:39:92  Start Input for Next Load Case
                15:44:39:93  case no=  428 seq. no=  37 idynl= 0
                15:44:39:93  LOADEND ISLAVE                                   0
                15:44:39:94  Start Input for Next Load Case
                15:44:39:94  case no=  711 seq. no=  38 idynl= 0
                15:44:39:95  LOADEND ISLAVE                                   0
                15:44:39:95  Start Input for Next Load Case
                15:44:39:96  case no=  712 seq. no=  39 idynl= 0
                15:44:39:96  LOADEND ISLAVE                                   0
                15:44:39:97  Start Input for Next Load Case
                15:44:39:98  case no=  713 seq. no=  40 idynl= 0
                15:44:39:98  LOADEND ISLAVE                                   0
                15:44:39:99  Start Input for Next Load Case
                15:44:39:99  case no=  714 seq. no=  41 idynl= 0
                15:44:40: 0  LOADEND ISLAVE                                   0
                15:44:40: 0  Start Input for Next Load Case
                15:44:40: 1  case no=  715 seq. no=  42 idynl= 0
                15:44:40: 1  LOADEND ISLAVE                                   0
                15:44:40: 2  Start Input for Next Load Case
                15:44:40: 2  case no=  716 seq. no=  43 idynl= 0
                15:44:40: 3  LOADEND ISLAVE                                   0
                15:44:40: 3  Start Input for Next Load Case
                15:44:40: 3  case no=  717 seq. no=  44 idynl= 0
                15:44:40: 4  LOADEND ISLAVE                                   0
                15:44:40: 4  Start Input for Next Load Case
                15:44:40: 5  case no=  718 seq. no=  45 idynl= 0
                15:44:40: 5  LOADEND ISLAVE                                   0
                15:44:40: 6  Start Input for Next Load Case
                15:44:40: 6  case no= 1101 seq. no=  46 idynl= 0
                15:44:40: 7  LOADEND ISLAVE                                   0
                15:44:40: 7  Start Input for Next Load Case
                15:44:40: 8  case no= 1102 seq. no=  47 idynl= 0
                15:44:40: 8  LOADEND ISLAVE                                   0
                15:44:40: 9  Start Input for Next Load Case
                15:44:40: 9  case no= 1103 seq. no=  48 idynl= 0
                15:44:40:10  LOADEND ISLAVE                                   0
                15:44:40:10  Start Input for Next Load Case
                15:44:40:10  case no= 1104 seq. no=  49 idynl= 0
                15:44:40:11  LOADEND ISLAVE                                   0
                15:44:40:11  Start Input for Next Load Case
                15:44:40:12  case no= 1105 seq. no=  50 idynl= 0
                15:44:40:12  LOADEND ISLAVE                                   0
                15:44:40:12  Start Input for Next Load Case
                15:44:40:13  case no= 1106 seq. no=  51 idynl= 0
                15:44:40:13  LOADEND ISLAVE                                   0
                15:44:40:14  Start Input for Next Load Case
                15:44:40:14  case no= 1107 seq. no=  52 idynl= 0
                15:44:40:15  LOADEND ISLAVE                                   0
                15:44:40:16  Start Input for Next Load Case
                15:44:40:16  case no= 1108 seq. no=  53 idynl= 0
                15:44:40:17  LOADEND ISLAVE                                   0
                15:44:40:17  Start Input for Next Load Case
                15:44:40:17  case no= 1201 seq. no=  54 idynl= 0
                15:44:40:18  LOADEND ISLAVE                                   0
                15:44:40:18  Start Input for Next Load Case
                15:44:40:19  case no= 1202 seq. no=  55 idynl= 0
                15:44:40:19  LOADEND ISLAVE                                   0
                15:44:40:20  Start Input for Next Load Case
                15:44:40:20  case no= 1203 seq. no=  56 idynl= 0
                15:44:40:20  LOADEND ISLAVE                                   0
                15:44:40:21  Start Input for Next Load Case
                15:44:40:21  case no= 1204 seq. no=  57 idynl= 0
                15:44:40:22  LOADEND ISLAVE                                   0
                15:44:40:22  Start Input for Next Load Case
                15:44:40:23  case no= 1205 seq. no=  58 idynl= 0
                15:44:40:24  LOADEND ISLAVE                                   0
                15:44:40:24  Start Input for Next Load Case
                15:44:40:25  case no= 1206 seq. no=  59 idynl= 0
                15:44:40:25  LOADEND ISLAVE                                   0
                15:44:40:25  Start Input for Next Load Case
                15:44:40:26  case no= 1207 seq. no=  60 idynl= 0
                15:44:40:26  LOADEND ISLAVE                                   0
                15:44:40:27  Start Input for Next Load Case
                15:44:40:27  case no= 1208 seq. no=  61 idynl= 0
                15:44:40:27  LOADEND ISLAVE                                   0
                15:44:40:28  Start Input for Next Load Case
                15:44:40:28  case no= 2101 seq. no=  62 idynl= 0
                15:44:40:29  LOADEND ISLAVE                                   0
                15:44:40:29  Start Input for Next Load Case
                15:44:40:29  case no= 2102 seq. no=  63 idynl= 0
                15:44:40:30  LOADEND ISLAVE                                   0
                15:44:40:30  Start Input for Next Load Case
                15:44:40:31  case no= 2103 seq. no=  64 idynl= 0
                15:44:40:31  LOADEND ISLAVE                                   0
                15:44:40:32  Start Input for Next Load Case
                15:44:40:32  case no= 2104 seq. no=  65 idynl= 0
                15:44:40:32  LOADEND ISLAVE                                   0
                15:44:40:33  Start Input for Next Load Case
                15:44:40:33  case no= 2105 seq. no=  66 idynl= 0
                15:44:40:33  LOADEND ISLAVE                                   0
                15:44:40:34  Start Input for Next Load Case
                15:44:40:34  case no= 2106 seq. no=  67 idynl= 0
                15:44:40:35  LOADEND ISLAVE                                   0
                15:44:40:35  Start Input for Next Load Case
                15:44:40:36  case no= 2107 seq. no=  68 idynl= 0
                15:44:40:36  LOADEND ISLAVE                                   0
                15:44:40:36  Start Input for Next Load Case
                15:44:40:37  case no= 2108 seq. no=  69 idynl= 0
                15:44:40:37  LOADEND ISLAVE                                   0
                15:44:40:38  Start Input for Next Load Case
                15:44:40:38  case no= 3001 seq. no=  70 idynl= 0
                15:44:40:38  LOADEND ISLAVE                                   0
                15:44:40:39  Start Input for Next Load Case
                15:44:40:39  case no= 3002 seq. no=  71 idynl= 0
                15:44:40:40  LOADEND ISLAVE                                   0
                15:44:40:40  Start Input for Next Load Case
                15:44:40:41  case no= 3003 seq. no=  72 idynl= 0
                15:44:40:41  LOADEND ISLAVE                                   0
                15:44:40:41  Start Input for Next Load Case
                15:44:40:42  case no= 3004 seq. no=  73 idynl= 0
                15:44:40:42  LOADEND ISLAVE                                   0
                15:44:40:43  Start Input for Next Load Case
                15:44:40:43  case no= 3005 seq. no=  74 idynl= 0
                15:44:40:43  LOADEND ISLAVE                                   0
                15:44:40:44  Start Input for Next Load Case
                15:44:40:44  case no= 3006 seq. no=  75 idynl= 0
                15:44:40:45  LOADEND ISLAVE                                   0
                15:44:40:45  Start Input for Next Load Case
                15:44:40:46  case no= 3007 seq. no=  76 idynl= 0
                15:44:40:47  LOADEND ISLAVE                                   0
                15:44:40:47  Start Input for Next Load Case
                15:44:40:48  case no= 3008 seq. no=  77 idynl= 0
                15:44:40:48  LOADEND ISLAVE                                   0
                15:44:40:48  Start Input for Next Load Case
                15:44:40:49  case no= 3011 seq. no=  78 idynl= 0
                15:44:40:49  LOADEND ISLAVE                                   0
                15:44:40:50  Start Input for Next Load Case
                15:44:40:50  case no= 3012 seq. no=  79 idynl= 0
                15:44:40:51  LOADEND ISLAVE                                   0
                15:44:40:51  Start Input for Next Load Case
                15:44:40:51  case no= 3013 seq. no=  80 idynl= 0
                15:44:40:52  LOADEND ISLAVE                                   0
                15:44:40:52  Start Input for Next Load Case
                15:44:40:53  case no= 3014 seq. no=  81 idynl= 0
                15:44:40:53  LOADEND ISLAVE                                   0
                15:44:40:54  Start Input for Next Load Case
                15:44:40:54  case no= 3015 seq. no=  82 idynl= 0
                15:44:40:54  LOADEND ISLAVE                                   0
                15:44:40:55  Start Input for Next Load Case
                15:44:40:55  case no= 3016 seq. no=  83 idynl= 0
                15:44:40:56  LOADEND ISLAVE                                   0
                15:44:40:56  Start Input for Next Load Case
                15:44:40:57  case no= 3017 seq. no=  84 idynl= 0
                15:44:40:57  LOADEND ISLAVE                                   0
                15:44:40:57  Start Input for Next Load Case
                15:44:40:58  case no= 3018 seq. no=  85 idynl= 0
                15:44:40:58  LOADEND ISLAVE                                   0
                15:44:40:59  Start Input for Next Load Case
                15:44:40:59  case no= 3021 seq. no=  86 idynl= 0
                15:44:40:59  LOADEND ISLAVE                                   0
                15:44:40:60  Start Input for Next Load Case
                15:44:40:60  case no= 3022 seq. no=  87 idynl= 0
                15:44:40:61  LOADEND ISLAVE                                   0
                15:44:40:61  Start Input for Next Load Case
                15:44:40:62  case no= 3023 seq. no=  88 idynl= 0
                15:44:40:62  LOADEND ISLAVE                                   0
                15:44:40:62  Start Input for Next Load Case
                15:44:40:63  case no= 3024 seq. no=  89 idynl= 0
                15:44:40:63  LOADEND ISLAVE                                   0
                15:44:40:64  Start Input for Next Load Case
                15:44:40:64  case no= 3025 seq. no=  90 idynl= 0
                15:44:40:64  LOADEND ISLAVE                                   0
                15:44:40:65  Start Input for Next Load Case
                15:44:40:65  case no= 3026 seq. no=  91 idynl= 0
                15:44:40:66  LOADEND ISLAVE                                   0
                15:44:40:66  Start Input for Next Load Case
                15:44:40:66  case no= 3027 seq. no=  92 idynl= 0
                15:44:40:67  LOADEND ISLAVE                                   0
                15:44:40:67  Start Input for Next Load Case
                15:44:40:68  case no= 3028 seq. no=  93 idynl= 0
                15:44:40:68  LOADEND ISLAVE                                   0
                15:44:40:69  Start Input for Next Load Case
                15:44:40:69  case no= 3201 seq. no=  94 idynl= 0
                15:44:40:70  LOADEND ISLAVE                                   0
                15:44:40:70  Start Input for Next Load Case
                15:44:40:70  case no= 3202 seq. no=  95 idynl= 0
                15:44:40:71  LOADEND ISLAVE                                   0
                15:44:40:71  Start Input for Next Load Case
                15:44:40:72  case no= 3203 seq. no=  96 idynl= 0
                15:44:40:72  LOADEND ISLAVE                                   0
                15:44:40:72  Start Input for Next Load Case
                15:44:40:73  case no= 3204 seq. no=  97 idynl= 0
                15:44:40:73  LOADEND ISLAVE                                   0
                15:44:40:74  Start Input for Next Load Case
                15:44:40:74  case no= 3205 seq. no=  98 idynl= 0
                15:44:40:75  LOADEND ISLAVE                                   0
                15:44:40:75  Start Input for Next Load Case
                15:44:40:75  case no= 3206 seq. no=  99 idynl= 0
                15:44:40:76  LOADEND ISLAVE                                   0
                15:44:40:76  Start Input for Next Load Case
                15:44:40:77  case no= 3207 seq. no= 100 idynl= 0
                15:44:40:77  LOADEND ISLAVE                                   0
                15:44:40:77  Start Input for Next Load Case
                15:44:40:78  case no= 3208 seq. no= 101 idynl= 0
                15:44:40:78  LOADEND ISLAVE                                   0
                15:44:40:79  NVPREV                                           0
                15:44:40:79  AMAXNON                               2.627953E-01
                15:44:40:79  IRECSIZL=                                     4000
                15:44:40:80  MTX BLOCKSIZE=                                  36
                15:44:40:80  MI=                                             36
                15:44:40:81  NORECL=                                          1
                15:44:40:81  NORECL1=                                         1
                15:44:40:81  IWORD=                                       32000
                15:44:40:82  JRECSIZE=                                     4000
                15:44:40:82  IWORDJ=                                      32000
                15:44:40:83  IBYTE=                                           4
                15:44:40:83  JOINTS=                                          8
                15:44:40:83  MEMBERS=                                         7
                15:44:40:84  PLATES =                                         0
                15:44:40:84  SOLIDS =                                         0
                15:44:40:85  NO. OF EQUATIONS=                               36
                15:44:40:85  idyn=                                            0
                15:44:40:85  ipd=                                             0
                15:44:40:86  icablanl=                                        0
                15:44:40:86  ++ Processing Element Stiffness Matrix.
                15:44:40:87  NV1                                            101
                15:44:40:98  ++ Calculating Element Forces & Reactions.
                15:44:41:45  COMBINATION CASES=                               0
                15:44:41:45  MAX CM MEMORY (KILOWORDS)                       28
                15:44:41:45  AFTER SOLVER 1
                15:44:41:47  REOPEN AS SEQ                                    0
                15:44:41:47  DEFINE ENVELOPE
                15:44:41:48  LOAD LIST 1101 TO 110
                15:44:41:49  PARAMETER 1
                15:44:41:49  CHECK CODE ALL
                15:44:41:49  ENTERING SECTNM110 IQ=                           7
                15:44:41:50               NSEC=                              11
                15:44:41:50             ISECTN=                               0
                15:44:41:52  SECTNM110 DO 925
                15:44:41:54  ENTERING ENVLP1 ITYP1=                          -3
                15:44:41:54  SECT DISPLACE
                15:44:41:56  Steel/Alum/Timber Design                        52
                15:44:41:57    ++ Finished Design ...
                15:44:41:57  Steel/Timber Design exit
                15:44:41:58  LOAD LIST 2101 TO 210
                15:44:41:58  PARAMETER 1
                15:44:41:59  CHECK CODE ALL
                15:44:41:59  ENTERING ENVLP1 ITYP1=                          -3
                15:44:41:60  SECT DISPLACE
                15:44:41:62  Steel/Alum/Timber Design                        52
                15:44:41:62    ++ Finished Design ...
                15:44:41:63  Steel/Timber Design exit
                15:44:41:63  LOAD LIST ENV 4 TO 7
                15:44:41:64  PARAMETER 1
                15:44:41:64  CHECK CODE ALL
                15:44:41:64  ENTERING ENVLP1 ITYP1=                          -3
                15:44:41:65  SECT DISPLACE
                15:44:41:67  Steel/Alum/Timber Design                        52
                15:44:41:68    ++ Finished Design ...
                15:44:41:68  Steel/Timber Design exit
                15:44:41:69  PRINT JOINT DISPLACEM
                15:44:41:69  DRAW ISOM JOIN MEMB
                15:44:41:70  ENTERING SECTNM110 IQ=                           7
                15:44:41:70               NSEC=                              11
                15:44:41:71             ISECTN=                               0
                15:44:41:73  SECTNM110 DO 925
                15:44:41:74  PRINT SUPPORT REACTIO
                15:44:41:75  DRAW ISOM SUPP PROP
                15:44:41:75  ENTERING SECTNM110 IQ=                           7
                15:44:41:76               NSEC=                              11
                15:44:41:76             ISECTN=                               0
                15:44:41:78  SECTNM110 DO 925
                15:44:41:80  DRAW ISOM SHAP
                15:44:41:80  ENTERING SECTNM110 IQ=                           7
                15:44:41:81               NSEC=                              11
                15:44:41:81             ISECTN=                               0
                15:44:41:84  SECTNM110 DO 925
                15:44:41:86  PRINT CG
                15:44:41:86  FINISH
                15:44:41:86  All Commands FINISHed
                15:44:41:87  DATASAVE for SPRO GUI
                15:44:41:88  ++ Creating Displacement File (DSP)...
                15:44:41:89  ++ Creating Reaction File (REA)...
                15:44:41:89  ++ Creating Section Force File (BMD)...
                15:44:41:92  ++ Creating Section Displace File (SEC)...
                15:44:41:92  ENTERING ENVLP1 ITYP1=                          -5
                15:44:41:93  SECT DISPLACE
                15:44:41:96  ++ Creating Section Displace File (SCN)...
                15:44:41:98  ++ Creating Design information File (DGN)...
                15:44:41:98  ALLOCATED CM MEMORY (KILOWORDS)             300000
                15:44:41:99  MAX CM MEMORY (KILOWORDS)                       59
                15:44:42: 0  DBS LONG SEC NAME
* End Of Analysis At Wed Aug 21 15:44:42 2024
* CPU usage = 3.061000
* STAAD Exit Code: 100, Warning Count: 0, Error Count: 0, Duration: 3.061
1 0 0 3.061
****************************************************************************
*                            END OF ANALYSIS                               *
****************************************************************************
