08/06/2024 18:46:54	Reading UID database.
08/06/2024 18:46:54	Start loading STAAD model.
08/06/2024 18:46:54	Reading model file.
08/06/2024 18:46:54	Reading model file is complete.
08/06/2024 18:46:54	Processing support.
08/06/2024 18:46:54	Processing springs.
08/06/2024 18:46:54	Processing properties.
08/06/2024 18:46:54	Processing physical properties.
08/06/2024 18:46:54	Processing constants.
08/06/2024 18:46:54	Processing BETA constants.
08/06/2024 18:46:54	Processing hidden analytical member loads.
08/06/2024 18:46:54	Processing command list for member release.
08/06/2024 18:46:54	Processing command list for member offset.
08/06/2024 18:46:54	Processing command list for member specs (cracked).
08/06/2024 18:46:54	Processing command list for member specs (axial).
08/06/2024 18:46:54	Processing command list for element release.
08/06/2024 18:46:54	Processing command list for element offset.
08/06/2024 18:46:54	Processing command list for element plate stress directive.
08/06/2024 18:46:54	Processing parameter for Chinese wind load case.
08/06/2024 18:46:54	End Processing command list.
08/06/2024 18:46:54	End loading STAAD model.
