07/26/2024 10:31:18	Reading UID database.
07/26/2024 10:31:18	Start loading STAAD model.
07/26/2024 10:31:18	Reading model file.
07/26/2024 10:31:18	Reading model file is complete.
07/26/2024 10:31:18	Processing support.
07/26/2024 10:31:18	Processing springs.
07/26/2024 10:31:18	Processing properties.
07/26/2024 10:31:18	Processing physical properties.
07/26/2024 10:31:18	Processing constants.
07/26/2024 10:31:18	Processing BETA constants.
07/26/2024 10:31:18	Processing hidden analytical member loads.
07/26/2024 10:31:18	Processing command list for member release.
07/26/2024 10:31:18	Processing command list for member offset.
07/26/2024 10:31:18	Processing command list for member specs (cracked).
07/26/2024 10:31:18	Processing command list for member specs (axial).
07/26/2024 10:31:18	Processing command list for element release.
07/26/2024 10:31:18	Processing command list for element offset.
07/26/2024 10:31:18	Processing command list for element plate stress directive.
07/26/2024 10:31:18	Processing parameter for Chinese wind load case.
07/26/2024 10:31:18	End Processing command list.
07/26/2024 10:31:18	End loading STAAD model.
07/26/2024 10:31:18	Start Post Analysis method
07/26/2024 10:31:18	Removed all hidden plates from surfaces
07/26/2024 10:31:18	Removed all hidden plates
07/26/2024 10:31:18	Removed all hidden nodes
07/26/2024 10:31:18	Loading results from MSH file...
07/26/2024 10:31:18	Building result indices...
07/26/2024 10:31:18	Loading plate stress results...
07/26/2024 10:31:18	Set analysis report setup data
07/26/2024 10:31:18	Starting page setup...
07/26/2024 10:31:19	Page setup completed
07/26/2024 10:31:19	Setting available workflows...
07/26/2024 10:31:19	Post analysis method ends
07/26/2024 10:58:57	Reading UID database.
07/26/2024 10:58:57	Start loading STAAD model.
07/26/2024 10:58:57	Reading model file.
07/26/2024 10:58:57	Reading model file is complete.
07/26/2024 10:58:57	Processing support.
07/26/2024 10:58:57	Processing springs.
07/26/2024 10:58:57	Processing properties.
07/26/2024 10:58:57	Processing physical properties.
07/26/2024 10:58:57	Processing constants.
07/26/2024 10:58:57	Processing BETA constants.
07/26/2024 10:58:57	Processing hidden analytical member loads.
07/26/2024 10:58:57	Processing command list for member release.
07/26/2024 10:58:57	Processing command list for member offset.
07/26/2024 10:58:57	Processing command list for member specs (cracked).
07/26/2024 10:58:57	Processing command list for member specs (axial).
07/26/2024 10:58:57	Processing command list for element release.
07/26/2024 10:58:57	Processing command list for element offset.
07/26/2024 10:58:57	Processing command list for element plate stress directive.
07/26/2024 10:58:57	Processing parameter for Chinese wind load case.
07/26/2024 10:58:57	End Processing command list.
07/26/2024 10:58:57	End loading STAAD model.
07/26/2024 10:58:57	Start Post Analysis method
07/26/2024 10:58:57	Removed all hidden plates from surfaces
07/26/2024 10:58:57	Removed all hidden plates
07/26/2024 10:58:57	Removed all hidden nodes
07/26/2024 10:58:57	Loading results from MSH file...
07/26/2024 10:58:57	Building result indices...
07/26/2024 10:58:57	Loading plate stress results...
07/26/2024 10:58:57	Set analysis report setup data
07/26/2024 10:58:57	Starting page setup...
07/26/2024 10:58:57	Page setup completed
07/26/2024 10:58:57	Setting available workflows...
07/26/2024 10:58:57	Post analysis method ends
07/26/2024 11:00:40	Start Post Analysis method
07/26/2024 11:00:40	Removed all hidden plates from surfaces
07/26/2024 11:00:40	Removed all hidden plates
07/26/2024 11:00:40	Removed all hidden nodes
07/26/2024 11:00:40	Loading results from MSH file...
07/26/2024 11:00:40	Building result indices...
07/26/2024 11:00:40	Loading plate stress results...
07/26/2024 11:00:40	Set analysis report setup data
07/26/2024 11:00:40	Starting page setup...
07/26/2024 11:00:40	Page setup completed
07/26/2024 11:00:40	Setting available workflows...
07/26/2024 11:00:40	Post analysis method ends
07/26/2024 11:00:49	Start Post Analysis method
07/26/2024 11:00:49	Removed all hidden plates from surfaces
07/26/2024 11:00:49	Removed all hidden plates
07/26/2024 11:00:49	Removed all hidden nodes
07/26/2024 11:00:49	Loading results from MSH file...
07/26/2024 11:00:49	Building result indices...
07/26/2024 11:00:49	Loading plate stress results...
07/26/2024 11:00:49	Set analysis report setup data
07/26/2024 11:00:49	Starting page setup...
07/26/2024 11:00:49	Page setup completed
07/26/2024 11:00:49	Setting available workflows...
07/26/2024 11:00:49	Post analysis method ends
