07/11/2024 11:55:03	Reading UID database.
07/11/2024 11:55:03	Start loading STAAD model.
07/11/2024 11:55:03	Reading model file.
07/11/2024 11:55:04	Reading model file is complete.
07/11/2024 11:55:04	Processing support.
07/11/2024 11:55:04	Processing springs.
07/11/2024 11:55:04	Processing properties.
07/11/2024 11:55:04	Processing physical properties.
07/11/2024 11:55:04	Processing constants.
07/11/2024 11:55:04	Processing BETA constants.
07/11/2024 11:55:04	Processing hidden analytical member loads.
07/11/2024 11:55:04	Processing command list for member release.
07/11/2024 11:55:04	Processing command list for member offset.
07/11/2024 11:55:04	Processing command list for member specs (cracked).
07/11/2024 11:55:04	Processing command list for member specs (axial).
07/11/2024 11:55:04	Processing command list for element release.
07/11/2024 11:55:04	Processing command list for element offset.
07/11/2024 11:55:04	Processing command list for element plate stress directive.
07/11/2024 11:55:04	Processing parameter for Chinese wind load case.
07/11/2024 11:55:04	End Processing command list.
07/11/2024 11:55:04	End loading STAAD model.
07/11/2024 11:55:04	Start Post Analysis method
07/11/2024 11:55:04	Removed all hidden plates from surfaces
07/11/2024 11:55:04	Removed all hidden plates
07/11/2024 11:55:04	Removed all hidden nodes
07/11/2024 11:55:04	Loading results from MSH file...
07/11/2024 11:55:04	Building result indices...
07/11/2024 11:55:04	Loading plate stress results...
07/11/2024 11:55:04	Set analysis report setup data
07/11/2024 11:55:04	Starting page setup...
07/11/2024 11:55:04	Page setup completed
07/11/2024 11:55:04	Setting available workflows...
07/11/2024 11:55:04	Post analysis method ends
07/11/2024 11:55:50	Start Post Analysis method
07/11/2024 11:55:50	Removed all hidden plates from surfaces
07/11/2024 11:55:50	Removed all hidden plates
07/11/2024 11:55:50	Removed all hidden nodes
07/11/2024 11:55:50	Loading results from MSH file...
07/11/2024 11:55:50	Building result indices...
07/11/2024 11:55:50	Loading plate stress results...
07/11/2024 11:55:50	Set analysis report setup data
07/11/2024 11:55:50	Starting page setup...
07/11/2024 11:55:50	Page setup completed
07/11/2024 11:55:50	Setting available workflows...
07/11/2024 11:55:50	Post analysis method ends
07/11/2024 11:58:03	Start Post Analysis method
07/11/2024 11:58:03	Removed all hidden plates from surfaces
07/11/2024 11:58:03	Removed all hidden plates
07/11/2024 11:58:03	Removed all hidden nodes
07/11/2024 11:58:03	Loading results from MSH file...
07/11/2024 11:58:03	Building result indices...
07/11/2024 11:58:03	Loading plate stress results...
07/11/2024 11:58:03	Set analysis report setup data
07/11/2024 11:58:03	Starting page setup...
07/11/2024 11:58:03	Page setup completed
07/11/2024 11:58:03	Setting available workflows...
07/11/2024 11:58:03	Post analysis method ends
