10/16/2024 16:04:03	Reading UID database.
10/16/2024 16:04:03	Start loading STAAD model.
10/16/2024 16:04:03	Reading model file.
10/16/2024 16:04:03	Reading model file is complete.
10/16/2024 16:04:03	Processing support.
10/16/2024 16:04:03	Processing springs.
10/16/2024 16:04:03	Processing properties.
10/16/2024 16:04:03	Processing physical properties.
10/16/2024 16:04:03	Processing constants.
10/16/2024 16:04:03	Processing BETA constants.
10/16/2024 16:04:03	Processing hidden analytical member loads.
10/16/2024 16:04:03	Processing command list for member release.
10/16/2024 16:04:03	Processing command list for member offset.
10/16/2024 16:04:03	Processing command list for member specs (cracked).
10/16/2024 16:04:03	Processing command list for member specs (axial).
10/16/2024 16:04:03	Processing command list for element release.
10/16/2024 16:04:03	Processing command list for element offset.
10/16/2024 16:04:03	Processing command list for element plate stress directive.
10/16/2024 16:04:04	Processing parameter for Chinese wind load case.
10/16/2024 16:04:04	End Processing command list.
10/16/2024 16:04:04	End loading STAAD model.
10/16/2024 16:04:04	Start Post Analysis method
10/16/2024 16:04:04	Removed all hidden plates from surfaces
10/16/2024 16:04:04	Removed all hidden plates
10/16/2024 16:04:04	Removed all hidden nodes
10/16/2024 16:04:04	Loading results from MSH file...
10/16/2024 16:04:04	Building result indices...
10/16/2024 16:04:04	Loading plate stress results...
10/16/2024 16:04:04	Set analysis report setup data
10/16/2024 16:04:04	Starting page setup...
10/16/2024 16:04:04	Page setup completed
10/16/2024 16:04:04	Setting available workflows...
10/16/2024 16:04:04	Post analysis method ends
10/16/2024 16:04:40	Start Post Analysis method
10/16/2024 16:04:40	Removed all hidden plates from surfaces
10/16/2024 16:04:40	Removed all hidden plates
10/16/2024 16:04:40	Removed all hidden nodes
10/16/2024 16:04:40	Loading results from MSH file...
10/16/2024 16:04:40	Building result indices...
10/16/2024 16:04:40	Loading plate stress results...
10/16/2024 16:04:40	Set analysis report setup data
10/16/2024 16:04:40	Starting page setup...
10/16/2024 16:04:40	Page setup completed
10/16/2024 16:04:40	Setting available workflows...
10/16/2024 16:04:40	Post analysis method ends
