10/16/2024 16:06:44	Reading UID database.
10/16/2024 16:06:44	Start loading STAAD model.
10/16/2024 16:06:44	Reading model file.
10/16/2024 16:06:44	Reading model file is complete.
10/16/2024 16:06:44	Processing support.
10/16/2024 16:06:44	Processing springs.
10/16/2024 16:06:44	Processing properties.
10/16/2024 16:06:44	Processing physical properties.
10/16/2024 16:06:44	Processing constants.
10/16/2024 16:06:44	Processing BETA constants.
10/16/2024 16:06:44	Processing hidden analytical member loads.
10/16/2024 16:06:44	Processing command list for member release.
10/16/2024 16:06:44	Processing command list for member offset.
10/16/2024 16:06:44	Processing command list for member specs (cracked).
10/16/2024 16:06:44	Processing command list for member specs (axial).
10/16/2024 16:06:44	Processing command list for element release.
10/16/2024 16:06:44	Processing command list for element offset.
10/16/2024 16:06:44	Processing command list for element plate stress directive.
10/16/2024 16:06:45	Processing parameter for Chinese wind load case.
10/16/2024 16:06:45	End Processing command list.
10/16/2024 16:06:50	End loading STAAD model.
10/16/2024 16:07:10	Reading UID database.
10/16/2024 16:07:10	Start loading STAAD model.
10/16/2024 16:07:10	Reading model file.
10/16/2024 16:07:10	Reading model file is complete.
10/16/2024 16:07:10	Processing support.
10/16/2024 16:07:10	Processing springs.
10/16/2024 16:07:10	Processing properties.
10/16/2024 16:07:10	Processing physical properties.
10/16/2024 16:07:10	Processing constants.
10/16/2024 16:07:10	Processing BETA constants.
10/16/2024 16:07:10	Processing hidden analytical member loads.
10/16/2024 16:07:10	Processing command list for member release.
10/16/2024 16:07:10	Processing command list for member offset.
10/16/2024 16:07:10	Processing command list for member specs (cracked).
10/16/2024 16:07:10	Processing command list for member specs (axial).
10/16/2024 16:07:10	Processing command list for element release.
10/16/2024 16:07:10	Processing command list for element offset.
10/16/2024 16:07:10	Processing command list for element plate stress directive.
10/16/2024 16:07:10	Processing parameter for Chinese wind load case.
10/16/2024 16:07:10	End Processing command list.
10/16/2024 16:07:10	End loading STAAD model.
10/16/2024 16:07:10	Start Post Analysis method
10/16/2024 16:07:10	Removed all hidden plates from surfaces
10/16/2024 16:07:11	Removed all hidden plates
10/16/2024 16:07:11	Removed all hidden nodes
10/16/2024 16:07:11	Loading results from MSH file...
10/16/2024 16:07:11	Building result indices...
10/16/2024 16:07:11	Loading plate stress results...
10/16/2024 16:07:11	Set analysis report setup data
10/16/2024 16:07:11	Starting page setup...
10/16/2024 16:07:11	Page setup completed
10/16/2024 16:07:11	Setting available workflows...
10/16/2024 16:07:11	Post analysis method ends
10/16/2024 16:07:42	Start Post Analysis method
10/16/2024 16:07:42	Removed all hidden plates from surfaces
10/16/2024 16:07:42	Removed all hidden plates
10/16/2024 16:07:42	Removed all hidden nodes
10/16/2024 16:07:42	Loading results from MSH file...
10/16/2024 16:07:42	Building result indices...
10/16/2024 16:07:42	Loading plate stress results...
10/16/2024 16:07:42	Set analysis report setup data
10/16/2024 16:07:42	Starting page setup...
10/16/2024 16:07:42	Page setup completed
10/16/2024 16:07:42	Setting available workflows...
10/16/2024 16:07:42	Post analysis method ends
10/16/2024 16:10:01	Reading UID database.
10/16/2024 16:10:01	Start loading STAAD model.
10/16/2024 16:10:01	Reading model file.
10/16/2024 16:10:02	Reading model file is complete.
10/16/2024 16:10:02	Processing support.
10/16/2024 16:10:02	Processing springs.
10/16/2024 16:10:02	Processing properties.
10/16/2024 16:10:02	Processing physical properties.
10/16/2024 16:10:02	Processing constants.
10/16/2024 16:10:02	Processing BETA constants.
10/16/2024 16:10:02	Processing hidden analytical member loads.
10/16/2024 16:10:02	Processing command list for member release.
10/16/2024 16:10:02	Processing command list for member offset.
10/16/2024 16:10:02	Processing command list for member specs (cracked).
10/16/2024 16:10:02	Processing command list for member specs (axial).
10/16/2024 16:10:02	Processing command list for element release.
10/16/2024 16:10:02	Processing command list for element offset.
10/16/2024 16:10:02	Processing command list for element plate stress directive.
10/16/2024 16:10:02	Processing parameter for Chinese wind load case.
10/16/2024 16:10:02	End Processing command list.
10/16/2024 16:10:02	End loading STAAD model.
10/16/2024 16:10:02	Start Post Analysis method
10/16/2024 16:10:02	Removed all hidden plates from surfaces
10/16/2024 16:10:02	Removed all hidden plates
10/16/2024 16:10:02	Removed all hidden nodes
10/16/2024 16:10:02	Loading results from MSH file...
10/16/2024 16:10:02	Building result indices...
10/16/2024 16:10:02	Loading plate stress results...
10/16/2024 16:10:02	Set analysis report setup data
10/16/2024 16:10:02	Starting page setup...
10/16/2024 16:10:02	Page setup completed
10/16/2024 16:10:02	Setting available workflows...
10/16/2024 16:10:02	Post analysis method ends
10/16/2024 16:18:23	Start Post Analysis method
10/16/2024 16:18:23	Removed all hidden plates from surfaces
10/16/2024 16:18:23	Removed all hidden plates
10/16/2024 16:18:23	Removed all hidden nodes
10/16/2024 16:18:23	Loading results from MSH file...
10/16/2024 16:18:23	Building result indices...
10/16/2024 16:18:23	Loading plate stress results...
10/16/2024 16:18:23	Set analysis report setup data
10/16/2024 16:18:23	Starting page setup...
10/16/2024 16:18:23	Page setup completed
10/16/2024 16:18:23	Setting available workflows...
10/16/2024 16:18:23	Post analysis method ends
