10/04/2024 14:28:04	Reading UID database.
10/04/2024 14:28:04	Start loading STAAD model.
10/04/2024 14:28:04	Reading model file.
10/04/2024 14:28:04	Reading model file is complete.
10/04/2024 14:28:04	Processing support.
10/04/2024 14:28:04	Processing springs.
10/04/2024 14:28:04	Processing properties.
10/04/2024 14:28:04	Processing physical properties.
10/04/2024 14:28:04	Processing constants.
10/04/2024 14:28:04	Processing BETA constants.
10/04/2024 14:28:04	Processing hidden analytical member loads.
10/04/2024 14:28:04	Processing command list for member release.
10/04/2024 14:28:04	Processing command list for member offset.
10/04/2024 14:28:04	Processing command list for member specs (cracked).
10/04/2024 14:28:04	Processing command list for member specs (axial).
10/04/2024 14:28:04	Processing command list for element release.
10/04/2024 14:28:04	Processing command list for element offset.
10/04/2024 14:28:04	Processing command list for element plate stress directive.
10/04/2024 14:28:04	Processing parameter for Chinese wind load case.
10/04/2024 14:28:04	End Processing command list.
10/04/2024 14:28:04	End loading STAAD model.
10/04/2024 14:28:04	Start Post Analysis method
10/04/2024 14:28:04	Removed all hidden plates from surfaces
10/04/2024 14:28:04	Removed all hidden plates
10/04/2024 14:28:04	Removed all hidden nodes
10/04/2024 14:28:04	Loading results from MSH file...
10/04/2024 14:28:04	Building result indices...
10/04/2024 14:28:04	Loading plate stress results...
10/04/2024 14:28:04	Set analysis report setup data
10/04/2024 14:28:04	Starting page setup...
10/04/2024 14:28:04	Page setup completed
10/04/2024 14:28:04	Setting available workflows...
10/04/2024 14:28:04	Post analysis method ends
