10:31:06	Initializing STAAD Engine
10:31:06	Run stream set up is complete.
10:31:06	Initialize license libraries.
10:31:06	License libraries initialized.
10:31:06	Starting license(s) for A & D engine.
10:31:07	License Status: Ok
10:31:07	License information set up is complete.
****************************************************************************
*                            START OF ANALYSIS                             *
****************************************************************************
* Initiating Analysis At Wed Sep 25 10:31:07 2024
                          PROGRAM: STAAD.Pro
                          VERSION: 23.00.01.25
                10:31: 7:29  ENTERING STAAD
                10:31: 7:30  USING 64 BIT STAAD ENGINE
                10:31: 7:30  ENTERING MAINN
                10:31: 7:31  START JOB INFORMATION
                10:31: 7:32  INPUT WIDTH 79
                10:31: 7:33  UNIT MMS KN
                10:31: 7:34  JOINT COORDINATES
                10:31: 7:34  ENTERING JOINTC
                10:31: 7:35  JOINTC NEWJ                                 400000
                10:31: 7:36  MAX NODE NO.                                     7
                10:31: 7:36  MEMBER INCIDENCES
                10:31: 7:37  UNIT METER KN
                10:31: 7:38  DEFINE MATERIAL START
                10:31: 7:38  UNIT MMS KN
                10:31: 7:39  MEMBER PROPERTY EUROP
                10:31: 7:54    ++ Finished Reading Member Properties ...
                10:31: 7:54  CONSTANTS
                10:31: 7:55  SUPPORTS
                10:31: 7:55  ENTERING SUPPORT
                10:31: 7:56  MEMBER OFFSET
                10:31: 7:57  DEFINE WIND LOAD
                10:31: 7:58  LOAD 121 LOADTYPE DEA
                10:31: 7:58  DUPLICATE ELEMENT CHECK
                10:31: 7:59  CHECKING STRUCTURAL INTEGRITY
                10:31: 7:60  CHECK UNCONNECTED JOINTS AND
                10:31: 7:60  CALCULATE MAX JOINT CONNECTIVITY
                10:31: 7:61  CHECK MULTIPLE STRUCTURES
                10:31: 7:61  ENTERING SUPPORT
                10:31: 7:62  NRJOLD                                           0
                10:31: 7:63  SUPPORT NOLD                                     0
                10:31: 7:63  SUPPORT N                                       24
                10:31: 7:64  BEFORE LOADPR
                10:31: 7:65  REOPEN AS DIR                                    0
                10:31: 7:66  ENTER LOADPR
                10:31: 7:79  PERFORM ANALYSIS PRIN
                10:31: 7:79  pdel iter                                        0
                10:31: 7:80  MAXIMUM E =                           2.973273E+04
                10:31: 7:81  MINIMUM E =                           2.973273E+04
                10:31: 7:82  MBW DOF BAND=                                    1
                10:31: 7:82  NUMBER OF PRIMARY CASES                        113
                10:31: 7:83  NUMBER OF CASES                                276
                10:31: 7:84  #OF CASES W/ELEM INMEMORY                      276
                10:31: 7:84  MEMORY FOR MEMBER LOADS                      19872
                10:31: 7:86  MEMORY FOR DISPLACEMENTS                     11592
                10:31: 7:87  MEMORY FOR MEMBER FORCES                     19872
                10:31: 7:88  Using 64-bit analysis engine
                10:31: 7:89  BEFORE SOLVER 1
                10:31: 7:89  Start Input for Next Load Case
                10:31: 7:90  case no=  121 seq. no=   1 idynl= 0
                10:31: 7:91  MASSSET                                          0
                10:31: 7:91  LOADEND ISLAVE                                   0
                10:31: 7:92  Start Input for Next Load Case
                10:31: 7:93  case no=  201 seq. no=   2 idynl= 0
                10:31: 7:93  LOADEND ISLAVE                                   0
                10:31: 7:94  Start Input for Next Load Case
                10:31: 7:95  case no=  202 seq. no=   3 idynl= 0
                10:31: 7:95  LOADEND ISLAVE                                   0
                10:31: 7:96  Start Input for Next Load Case
                10:31: 7:97  case no=  203 seq. no=   4 idynl= 0
                10:31: 7:98  LOADEND ISLAVE                                   0
                10:31: 7:99  Start Input for Next Load Case
                10:31: 7:99  case no=  204 seq. no=   5 idynl= 0
                10:31: 8: 0  LOADEND ISLAVE                                   0
                10:31: 8: 1  Start Input for Next Load Case
                10:31: 8: 2  case no=  205 seq. no=   6 idynl= 0
                10:31: 8: 2  LOADEND ISLAVE                                   0
                10:31: 8: 3  Start Input for Next Load Case
                10:31: 8: 4  case no=  206 seq. no=   7 idynl= 0
                10:31: 8: 4  LOADEND ISLAVE                                   0
                10:31: 8: 5  Start Input for Next Load Case
                10:31: 8: 6  case no=  207 seq. no=   8 idynl= 0
                10:31: 8: 7  LOADEND ISLAVE                                   0
                10:31: 8: 7  Start Input for Next Load Case
                10:31: 8: 8  case no=  208 seq. no=   9 idynl= 0
                10:31: 8: 9  LOADEND ISLAVE                                   0
                10:31: 8:10  Start Input for Next Load Case
                10:31: 8:11  case no=  312 seq. no=  10 idynl= 0
                10:31: 8:12  LOADEND ISLAVE                                   0
                10:31: 8:12  Start Input for Next Load Case
                10:31: 8:13  case no=  313 seq. no=  11 idynl= 0
                10:31: 8:14  LOADEND ISLAVE                                   0
                10:31: 8:15  Start Input for Next Load Case
                10:31: 8:16  case no=  314 seq. no=  12 idynl= 0
                10:31: 8:17  LOADEND ISLAVE                                   0
                10:31: 8:17  Start Input for Next Load Case
                10:31: 8:18  case no=  315 seq. no=  13 idynl= 0
                10:31: 8:18  LOADEND ISLAVE                                   0
                10:31: 8:19  Start Input for Next Load Case
                10:31: 8:20  case no=  322 seq. no=  14 idynl= 0
                10:31: 8:21  LOADEND ISLAVE                                   0
                10:31: 8:21  Start Input for Next Load Case
                10:31: 8:22  case no=  323 seq. no=  15 idynl= 0
                10:31: 8:23  LOADEND ISLAVE                                   0
                10:31: 8:24  Start Input for Next Load Case
                10:31: 8:25  case no=  324 seq. no=  16 idynl= 0
                10:31: 8:26  LOADEND ISLAVE                                   0
                10:31: 8:27  Start Input for Next Load Case
                10:31: 8:28  case no=  325 seq. no=  17 idynl= 0
                10:31: 8:29  LOADEND ISLAVE                                   0
                10:31: 8:30  Start Input for Next Load Case
                10:31: 8:31  case no=  332 seq. no=  18 idynl= 0
                10:31: 8:31  LOADEND ISLAVE                                   0
                10:31: 8:32  Start Input for Next Load Case
                10:31: 8:33  case no=  333 seq. no=  19 idynl= 0
                10:31: 8:34  LOADEND ISLAVE                                   0
                10:31: 8:35  Start Input for Next Load Case
                10:31: 8:36  case no=  334 seq. no=  20 idynl= 0
                10:31: 8:37  LOADEND ISLAVE                                   0
                10:31: 8:37  Start Input for Next Load Case
                10:31: 8:38  case no=  335 seq. no=  21 idynl= 0
                10:31: 8:39  LOADEND ISLAVE                                   0
                10:31: 8:40  Start Input for Next Load Case
                10:31: 8:40  case no=  411 seq. no=  22 idynl= 0
                10:31: 8:41  LOADEND ISLAVE                                   0
                10:31: 8:42  Start Input for Next Load Case
                10:31: 8:43  case no=  412 seq. no=  23 idynl= 0
                10:31: 8:44  LOADEND ISLAVE                                   0
                10:31: 8:45  Start Input for Next Load Case
                10:31: 8:46  case no=  413 seq. no=  24 idynl= 0
                10:31: 8:47  LOADEND ISLAVE                                   0
                10:31: 8:47  Start Input for Next Load Case
                10:31: 8:48  case no=  414 seq. no=  25 idynl= 0
                10:31: 8:49  LOADEND ISLAVE                                   0
                10:31: 8:50  Start Input for Next Load Case
                10:31: 8:50  case no=  415 seq. no=  26 idynl= 0
                10:31: 8:51  LOADEND ISLAVE                                   0
                10:31: 8:52  Start Input for Next Load Case
                10:31: 8:52  case no=  416 seq. no=  27 idynl= 0
                10:31: 8:53  LOADEND ISLAVE                                   0
                10:31: 8:54  Start Input for Next Load Case
                10:31: 8:54  case no=  417 seq. no=  28 idynl= 0
                10:31: 8:55  LOADEND ISLAVE                                   0
                10:31: 8:56  Start Input for Next Load Case
                10:31: 8:56  case no=  418 seq. no=  29 idynl= 0
                10:31: 8:57  LOADEND ISLAVE                                   0
                10:31: 8:57  Start Input for Next Load Case
                10:31: 8:58  case no=  421 seq. no=  30 idynl= 0
                10:31: 8:59  LOADEND ISLAVE                                   0
                10:31: 8:59  Start Input for Next Load Case
                10:31: 8:60  case no=  422 seq. no=  31 idynl= 0
                10:31: 8:61  LOADEND ISLAVE                                   0
                10:31: 8:61  Start Input for Next Load Case
                10:31: 8:62  case no=  423 seq. no=  32 idynl= 0
                10:31: 8:63  LOADEND ISLAVE                                   0
                10:31: 8:63  Start Input for Next Load Case
                10:31: 8:64  case no=  424 seq. no=  33 idynl= 0
                10:31: 8:65  LOADEND ISLAVE                                   0
                10:31: 8:66  Start Input for Next Load Case
                10:31: 8:66  case no=  425 seq. no=  34 idynl= 0
                10:31: 8:67  LOADEND ISLAVE                                   0
                10:31: 8:68  Start Input for Next Load Case
                10:31: 8:68  case no=  426 seq. no=  35 idynl= 0
                10:31: 8:69  LOADEND ISLAVE                                   0
                10:31: 8:70  Start Input for Next Load Case
                10:31: 8:70  case no=  427 seq. no=  36 idynl= 0
                10:31: 8:71  LOADEND ISLAVE                                   0
                10:31: 8:71  Start Input for Next Load Case
                10:31: 8:72  case no=  428 seq. no=  37 idynl= 0
                10:31: 8:73  LOADEND ISLAVE                                   0
                10:31: 8:73  Start Input for Next Load Case
                10:31: 8:74  case no=  711 seq. no=  38 idynl= 0
                10:31: 8:75  LOADEND ISLAVE                                   0
                10:31: 8:76  Start Input for Next Load Case
                10:31: 8:76  case no=  712 seq. no=  39 idynl= 0
                10:31: 8:77  LOADEND ISLAVE                                   0
                10:31: 8:78  Start Input for Next Load Case
                10:31: 8:78  case no=  713 seq. no=  40 idynl= 0
                10:31: 8:79  LOADEND ISLAVE                                   0
                10:31: 8:79  Start Input for Next Load Case
                10:31: 8:80  case no=  714 seq. no=  41 idynl= 0
                10:31: 8:81  LOADEND ISLAVE                                   0
                10:31: 8:81  Start Input for Next Load Case
                10:31: 8:82  case no=  715 seq. no=  42 idynl= 0
                10:31: 8:82  LOADEND ISLAVE                                   0
                10:31: 8:83  Start Input for Next Load Case
                10:31: 8:84  case no=  716 seq. no=  43 idynl= 0
                10:31: 8:84  LOADEND ISLAVE                                   0
                10:31: 8:85  Start Input for Next Load Case
                10:31: 8:85  case no=  717 seq. no=  44 idynl= 0
                10:31: 8:86  LOADEND ISLAVE                                   0
                10:31: 8:87  Start Input for Next Load Case
                10:31: 8:88  case no=  718 seq. no=  45 idynl= 0
                10:31: 8:88  LOADEND ISLAVE                                   0
                10:31: 8:89  Start Input for Next Load Case
                10:31: 8:90  case no=  901 seq. no=  46 idynl= 0
                10:31: 8:90  LOADEND ISLAVE                                   0
                10:31: 8:91  Start Input for Next Load Case
                10:31: 8:91  case no=  902 seq. no=  47 idynl= 0
                10:31: 8:92  LOADEND ISLAVE                                   0
                10:31: 8:93  Start Input for Next Load Case
                10:31: 8:93  case no=  903 seq. no=  48 idynl= 0
                10:31: 8:94  LOADEND ISLAVE                                   0
                10:31: 8:94  Start Input for Next Load Case
                10:31: 8:95  case no=  904 seq. no=  49 idynl= 0
                10:31: 8:95  LOADEND ISLAVE                                   0
                10:31: 8:96  Start Input for Next Load Case
                10:31: 8:97  case no=  905 seq. no=  50 idynl= 0
                10:31: 8:97  LOADEND ISLAVE                                   0
                10:31: 8:98  Start Input for Next Load Case
                10:31: 8:99  case no=  906 seq. no=  51 idynl= 0
                10:31: 9: 0  LOADEND ISLAVE                                   0
                10:31: 9: 0  Start Input for Next Load Case
                10:31: 9: 1  case no= 1101 seq. no=  52 idynl= 0
                10:31: 9: 2  LOADEND ISLAVE                                   0
                10:31: 9: 2  Start Input for Next Load Case
                10:31: 9: 3  case no= 1102 seq. no=  53 idynl= 0
                10:31: 9: 3  LOADEND ISLAVE                                   0
                10:31: 9: 4  Start Input for Next Load Case
                10:31: 9: 4  case no= 1103 seq. no=  54 idynl= 0
                10:31: 9: 5  LOADEND ISLAVE                                   0
                10:31: 9: 5  Start Input for Next Load Case
                10:31: 9: 6  case no= 1104 seq. no=  55 idynl= 0
                10:31: 9: 6  LOADEND ISLAVE                                   0
                10:31: 9: 7  Start Input for Next Load Case
                10:31: 9: 8  case no= 1105 seq. no=  56 idynl= 0
                10:31: 9: 8  LOADEND ISLAVE                                   0
                10:31: 9: 9  Start Input for Next Load Case
                10:31: 9:10  case no= 1106 seq. no=  57 idynl= 0
                10:31: 9:10  LOADEND ISLAVE                                   0
                10:31: 9:11  Start Input for Next Load Case
                10:31: 9:12  case no= 1107 seq. no=  58 idynl= 0
                10:31: 9:13  LOADEND ISLAVE                                   0
                10:31: 9:13  Start Input for Next Load Case
                10:31: 9:14  case no= 1108 seq. no=  59 idynl= 0
                10:31: 9:15  LOADEND ISLAVE                                   0
                10:31: 9:15  Start Input for Next Load Case
                10:31: 9:16  case no= 1201 seq. no=  60 idynl= 0
                10:31: 9:17  LOADEND ISLAVE                                   0
                10:31: 9:17  Start Input for Next Load Case
                10:31: 9:18  case no= 1202 seq. no=  61 idynl= 0
                10:31: 9:18  LOADEND ISLAVE                                   0
                10:31: 9:19  Start Input for Next Load Case
                10:31: 9:20  case no= 1203 seq. no=  62 idynl= 0
                10:31: 9:20  LOADEND ISLAVE                                   0
                10:31: 9:21  Start Input for Next Load Case
                10:31: 9:21  case no= 1204 seq. no=  63 idynl= 0
                10:31: 9:22  LOADEND ISLAVE                                   0
                10:31: 9:22  Start Input for Next Load Case
                10:31: 9:23  case no= 1205 seq. no=  64 idynl= 0
                10:31: 9:24  LOADEND ISLAVE                                   0
                10:31: 9:24  Start Input for Next Load Case
                10:31: 9:25  case no= 1206 seq. no=  65 idynl= 0
                10:31: 9:25  LOADEND ISLAVE                                   0
                10:31: 9:26  Start Input for Next Load Case
                10:31: 9:27  case no= 1207 seq. no=  66 idynl= 0
                10:31: 9:27  LOADEND ISLAVE                                   0
                10:31: 9:28  Start Input for Next Load Case
                10:31: 9:29  case no= 1208 seq. no=  67 idynl= 0
                10:31: 9:29  LOADEND ISLAVE                                   0
                10:31: 9:30  Start Input for Next Load Case
                10:31: 9:30  case no= 2101 seq. no=  68 idynl= 0
                10:31: 9:31  LOADEND ISLAVE                                   0
                10:31: 9:32  Start Input for Next Load Case
                10:31: 9:32  case no= 2102 seq. no=  69 idynl= 0
                10:31: 9:33  LOADEND ISLAVE                                   0
                10:31: 9:33  Start Input for Next Load Case
                10:31: 9:34  case no= 2103 seq. no=  70 idynl= 0
                10:31: 9:35  LOADEND ISLAVE                                   0
                10:31: 9:35  Start Input for Next Load Case
                10:31: 9:36  case no= 2104 seq. no=  71 idynl= 0
                10:31: 9:36  LOADEND ISLAVE                                   0
                10:31: 9:37  Start Input for Next Load Case
                10:31: 9:38  case no= 2105 seq. no=  72 idynl= 0
                10:31: 9:38  LOADEND ISLAVE                                   0
                10:31: 9:39  Start Input for Next Load Case
                10:31: 9:39  case no= 2106 seq. no=  73 idynl= 0
                10:31: 9:40  LOADEND ISLAVE                                   0
                10:31: 9:41  Start Input for Next Load Case
                10:31: 9:42  case no= 2107 seq. no=  74 idynl= 0
                10:31: 9:42  LOADEND ISLAVE                                   0
                10:31: 9:43  Start Input for Next Load Case
                10:31: 9:44  case no= 2108 seq. no=  75 idynl= 0
                10:31: 9:44  LOADEND ISLAVE                                   0
                10:31: 9:45  Start Input for Next Load Case
                10:31: 9:46  case no= 3001 seq. no=  76 idynl= 0
                10:31: 9:46  LOADEND ISLAVE                                   0
                10:31: 9:47  Start Input for Next Load Case
                10:31: 9:48  case no= 3002 seq. no=  77 idynl= 0
                10:31: 9:48  LOADEND ISLAVE                                   0
                10:31: 9:49  Start Input for Next Load Case
                10:31: 9:49  case no= 3003 seq. no=  78 idynl= 0
                10:31: 9:50  LOADEND ISLAVE                                   0
                10:31: 9:50  Start Input for Next Load Case
                10:31: 9:51  case no= 3004 seq. no=  79 idynl= 0
                10:31: 9:52  LOADEND ISLAVE                                   0
                10:31: 9:52  Start Input for Next Load Case
                10:31: 9:53  case no= 3005 seq. no=  80 idynl= 0
                10:31: 9:54  LOADEND ISLAVE                                   0
                10:31: 9:54  Start Input for Next Load Case
                10:31: 9:55  case no= 3006 seq. no=  81 idynl= 0
                10:31: 9:55  LOADEND ISLAVE                                   0
                10:31: 9:56  Start Input for Next Load Case
                10:31: 9:56  case no= 3007 seq. no=  82 idynl= 0
                10:31: 9:57  LOADEND ISLAVE                                   0
                10:31: 9:58  Start Input for Next Load Case
                10:31: 9:58  case no= 3008 seq. no=  83 idynl= 0
                10:31: 9:59  LOADEND ISLAVE                                   0
                10:31: 9:60  Start Input for Next Load Case
                10:31: 9:60  case no= 3011 seq. no=  84 idynl= 0
                10:31: 9:61  LOADEND ISLAVE                                   0
                10:31: 9:61  Start Input for Next Load Case
                10:31: 9:62  case no= 3012 seq. no=  85 idynl= 0
                10:31: 9:62  LOADEND ISLAVE                                   0
                10:31: 9:63  Start Input for Next Load Case
                10:31: 9:64  case no= 3013 seq. no=  86 idynl= 0
                10:31: 9:64  LOADEND ISLAVE                                   0
                10:31: 9:65  Start Input for Next Load Case
                10:31: 9:65  case no= 3014 seq. no=  87 idynl= 0
                10:31: 9:66  LOADEND ISLAVE                                   0
                10:31: 9:66  Start Input for Next Load Case
                10:31: 9:67  case no= 3015 seq. no=  88 idynl= 0
                10:31: 9:67  LOADEND ISLAVE                                   0
                10:31: 9:68  Start Input for Next Load Case
                10:31: 9:69  case no= 3016 seq. no=  89 idynl= 0
                10:31: 9:69  LOADEND ISLAVE                                   0
                10:31: 9:70  Start Input for Next Load Case
                10:31: 9:70  case no= 3017 seq. no=  90 idynl= 0
                10:31: 9:71  LOADEND ISLAVE                                   0
                10:31: 9:72  Start Input for Next Load Case
                10:31: 9:73  case no= 3018 seq. no=  91 idynl= 0
                10:31: 9:73  LOADEND ISLAVE                                   0
                10:31: 9:74  Start Input for Next Load Case
                10:31: 9:75  case no= 3021 seq. no=  92 idynl= 0
                10:31: 9:75  LOADEND ISLAVE                                   0
                10:31: 9:76  Start Input for Next Load Case
                10:31: 9:76  case no= 3022 seq. no=  93 idynl= 0
                10:31: 9:77  LOADEND ISLAVE                                   0
                10:31: 9:77  Start Input for Next Load Case
                10:31: 9:78  case no= 3023 seq. no=  94 idynl= 0
                10:31: 9:79  LOADEND ISLAVE                                   0
                10:31: 9:79  Start Input for Next Load Case
                10:31: 9:80  case no= 3024 seq. no=  95 idynl= 0
                10:31: 9:80  LOADEND ISLAVE                                   0
                10:31: 9:81  Start Input for Next Load Case
                10:31: 9:81  case no= 3025 seq. no=  96 idynl= 0
                10:31: 9:82  LOADEND ISLAVE                                   0
                10:31: 9:83  Start Input for Next Load Case
                10:31: 9:83  case no= 3026 seq. no=  97 idynl= 0
                10:31: 9:84  LOADEND ISLAVE                                   0
                10:31: 9:84  Start Input for Next Load Case
                10:31: 9:85  case no= 3027 seq. no=  98 idynl= 0
                10:31: 9:85  LOADEND ISLAVE                                   0
                10:31: 9:86  Start Input for Next Load Case
                10:31: 9:87  case no= 3028 seq. no=  99 idynl= 0
                10:31: 9:87  LOADEND ISLAVE                                   0
                10:31: 9:88  Start Input for Next Load Case
                10:31: 9:89  case no= 3201 seq. no= 100 idynl= 0
                10:31: 9:89  LOADEND ISLAVE                                   0
                10:31: 9:90  Start Input for Next Load Case
                10:31: 9:91  case no= 3202 seq. no= 101 idynl= 0
                10:31: 9:91  LOADEND ISLAVE                                   0
                10:31: 9:92  Start Input for Next Load Case
                10:31: 9:92  case no= 3203 seq. no= 102 idynl= 0
                10:31: 9:93  LOADEND ISLAVE                                   0
                10:31: 9:94  Start Input for Next Load Case
                10:31: 9:94  case no= 3204 seq. no= 103 idynl= 0
                10:31: 9:95  LOADEND ISLAVE                                   0
                10:31: 9:96  Start Input for Next Load Case
                10:31: 9:96  case no= 3205 seq. no= 104 idynl= 0
                10:31: 9:97  LOADEND ISLAVE                                   0
                10:31: 9:98  Start Input for Next Load Case
                10:31: 9:98  case no= 3206 seq. no= 105 idynl= 0
                10:31: 9:99  LOADEND ISLAVE                                   0
                10:31:10: 0  Start Input for Next Load Case
                10:31:10: 0  case no= 3207 seq. no= 106 idynl= 0
                10:31:10: 1  LOADEND ISLAVE                                   0
                10:31:10: 1  Start Input for Next Load Case
                10:31:10: 2  case no= 3208 seq. no= 107 idynl= 0
                10:31:10: 3  LOADEND ISLAVE                                   0
                10:31:10: 3  Start Input for Next Load Case
                10:31:10: 4  case no= 4001 seq. no= 108 idynl= 0
                10:31:10: 4  LOADEND ISLAVE                                   0
                10:31:10: 5  Start Input for Next Load Case
                10:31:10: 5  case no= 4002 seq. no= 109 idynl= 0
                10:31:10: 6  LOADEND ISLAVE                                   0
                10:31:10: 7  Start Input for Next Load Case
                10:31:10: 8  case no= 4003 seq. no= 110 idynl= 0
                10:31:10: 8  LOADEND ISLAVE                                   0
                10:31:10: 9  Start Input for Next Load Case
                10:31:10:10  case no= 4004 seq. no= 111 idynl= 0
                10:31:10:10  LOADEND ISLAVE                                   0
                10:31:10:11  Start Input for Next Load Case
                10:31:10:12  case no= 4005 seq. no= 112 idynl= 0
                10:31:10:12  LOADEND ISLAVE                                   0
                10:31:10:13  Start Input for Next Load Case
                10:31:10:14  case no= 4006 seq. no= 113 idynl= 0
                10:31:10:14  LOADEND ISLAVE                                   0
                10:31:10:15  NVPREV                                           0
                10:31:10:16  AMAXNON                               5.508530E-01
                10:31:10:16  IRECSIZL=                                     4000
                10:31:10:17  MTX BLOCKSIZE=                                  24
                10:31:10:18  MI=                                             24
                10:31:10:18  NORECL=                                          1
                10:31:10:19  NORECL1=                                         1
                10:31:10:19  IWORD=                                       32000
                10:31:10:20  JRECSIZE=                                     4000
                10:31:10:21  IWORDJ=                                      32000
                10:31:10:21  IBYTE=                                           4
                10:31:10:22  JOINTS=                                          7
                10:31:10:22  MEMBERS=                                         6
                10:31:10:23  PLATES =                                         0
                10:31:10:23  SOLIDS =                                         0
                10:31:10:24  NO. OF EQUATIONS=                               24
                10:31:10:25  idyn=                                            0
                10:31:10:26  ipd=                                             0
                10:31:10:26  icablanl=                                        0
                10:31:10:27  ++ Processing Element Stiffness Matrix.
                10:31:10:27  NV1                                            113
                10:31:10:39  ++ Calculating Element Forces & Reactions.
                10:31:11:11  COMBINATION CASES=                               0
                10:31:11:11  MAX CM MEMORY (KILOWORDS)                       28
                10:31:11:12  AFTER SOLVER 1
                10:31:11:14  REOPEN AS SEQ                                    0
                10:31:11:14  DEFINE ENVELOPE
                10:31:11:16  LOAD LIST 1101 TO 110
                10:31:11:16  PARAMETER 1
                10:31:11:17  CHECK CODE ALL
                10:31:11:17  ENTERING SECTNM110 IQ=                           6
                10:31:11:18               NSEC=                              11
                10:31:11:19             ISECTN=                               0
                10:31:11:21  SECTNM110 DO 925
                10:31:11:24  ENTERING ENVLP1 ITYP1=                          -3
                10:31:11:24  SECT DISPLACE
                10:31:11:26  Steel/Alum/Timber Design                        52
                10:31:11:27    ++ Finished Design ...
                10:31:11:27  Steel/Timber Design exit
                10:31:11:28  LOAD LIST 2101 TO 210
                10:31:11:29  PARAMETER 1
                10:31:11:30  CHECK CODE ALL
                10:31:11:30  ENTERING ENVLP1 ITYP1=                          -3
                10:31:11:31  SECT DISPLACE
                10:31:11:33  Steel/Alum/Timber Design                        52
                10:31:11:34    ++ Finished Design ...
                10:31:11:34  Steel/Timber Design exit
                10:31:11:35  LOAD LIST ENV 4 TO 7
                10:31:11:36  PARAMETER 1
                10:31:11:37  CHECK CODE ALL
                10:31:11:37  ENTERING ENVLP1 ITYP1=                          -3
                10:31:11:38  SECT DISPLACE
                10:31:11:40  Steel/Alum/Timber Design                        52
                10:31:11:42    ++ Finished Design ...
                10:31:11:42  Steel/Timber Design exit
                10:31:11:43  LOAD LIST 4001 TO 400
                10:31:11:44  PARAMETER 1
                10:31:11:45  CHECK CODE ALL
                10:31:11:45  ENTERING ENVLP1 ITYP1=                          -3
                10:31:11:46  SECT DISPLACE
                10:31:11:48  Steel/Alum/Timber Design                        52
                10:31:11:49    ++ Finished Design ...
                10:31:11:49  Steel/Timber Design exit
                10:31:11:50  PRINT JOINT DISPLACEM
                10:31:11:51  DRAW ISOM JOIN MEMB
                10:31:11:51  ENTERING SECTNM110 IQ=                           6
                10:31:11:52               NSEC=                              11
                10:31:11:53             ISECTN=                               0
                10:31:11:55  SECTNM110 DO 925
                10:31:11:57  PRINT SUPPORT REACTIO
                10:31:11:57  DRAW ISOM SUPP PROP
                10:31:11:58  ENTERING SECTNM110 IQ=                           6
                10:31:11:59               NSEC=                              11
                10:31:11:60             ISECTN=                               0
                10:31:11:62  SECTNM110 DO 925
                10:31:11:65  DRAW ISOM SHAP
                10:31:11:65  ENTERING SECTNM110 IQ=                           6
                10:31:11:66               NSEC=                              11
                10:31:11:67             ISECTN=                               0
                10:31:11:70  SECTNM110 DO 925
                10:31:11:73  PRINT CG
                10:31:11:73  FINISH
                10:31:11:74  All Commands FINISHed
                10:31:11:75  DATASAVE for SPRO GUI
                10:31:11:76  ++ Creating Displacement File (DSP)...
                10:31:11:78  ++ Creating Reaction File (REA)...
                10:31:11:78  ++ Creating Section Force File (BMD)...
                10:31:11:81  ++ Creating Section Displace File (SEC)...
                10:31:11:81  ENTERING ENVLP1 ITYP1=                          -5
                10:31:11:82  SECT DISPLACE
                10:31:11:85  ++ Creating Section Displace File (SCN)...
                10:31:11:87  ++ Creating Design information File (DGN)...
                10:31:11:87  ALLOCATED CM MEMORY (KILOWORDS)             300000
                10:31:11:88  MAX CM MEMORY (KILOWORDS)                       58
                10:31:11:89  DBS LONG SEC NAME
* End Of Analysis At Wed Sep 25 10:31:11 2024
* CPU usage = 4.688000
* STAAD Exit Code: 100, Warning Count: 0, Error Count: 0, Duration: 4.688
1 0 0 4.688
****************************************************************************
*                            END OF ANALYSIS                               *
****************************************************************************
