07/15/2024 10:34:54	Reading UID database.
07/15/2024 10:34:54	Start loading STAAD model.
07/15/2024 10:34:54	Reading model file.
07/15/2024 10:34:54	Reading model file is complete.
07/15/2024 10:34:54	Processing support.
07/15/2024 10:34:54	Processing springs.
07/15/2024 10:34:54	Processing properties.
07/15/2024 10:34:54	Processing physical properties.
07/15/2024 10:34:54	Processing constants.
07/15/2024 10:34:54	Processing BETA constants.
07/15/2024 10:34:54	Processing hidden analytical member loads.
07/15/2024 10:34:54	Processing command list for member release.
07/15/2024 10:34:54	Processing command list for member offset.
07/15/2024 10:34:54	Processing command list for member specs (cracked).
07/15/2024 10:34:54	Processing command list for member specs (axial).
07/15/2024 10:34:54	Processing command list for element release.
07/15/2024 10:34:54	Processing command list for element offset.
07/15/2024 10:34:54	Processing command list for element plate stress directive.
07/15/2024 10:34:54	Processing parameter for Chinese wind load case.
07/15/2024 10:34:54	End Processing command list.
07/15/2024 10:34:54	End loading STAAD model.
07/15/2024 10:34:54	Start Post Analysis method
07/15/2024 10:34:54	Removed all hidden plates from surfaces
07/15/2024 10:34:54	Removed all hidden plates
07/15/2024 10:34:54	Removed all hidden nodes
07/15/2024 10:34:54	Loading results from MSH file...
07/15/2024 10:34:54	Building result indices...
07/15/2024 10:34:54	Loading plate stress results...
07/15/2024 10:34:54	Set analysis report setup data
07/15/2024 10:34:54	Starting page setup...
07/15/2024 10:34:55	Page setup completed
07/15/2024 10:34:55	Setting available workflows...
07/15/2024 10:34:55	Post analysis method ends
07/15/2024 10:39:48	Reading UID database.
07/15/2024 10:39:48	Start loading STAAD model.
07/15/2024 10:39:48	Reading model file.
07/15/2024 10:39:48	Reading model file is complete.
07/15/2024 10:39:48	Processing support.
07/15/2024 10:39:48	Processing springs.
07/15/2024 10:39:48	Processing properties.
07/15/2024 10:39:48	Processing physical properties.
07/15/2024 10:39:48	Processing constants.
07/15/2024 10:39:48	Processing BETA constants.
07/15/2024 10:39:48	Processing hidden analytical member loads.
07/15/2024 10:39:48	Processing command list for member release.
07/15/2024 10:39:48	Processing command list for member offset.
07/15/2024 10:39:48	Processing command list for member specs (cracked).
07/15/2024 10:39:48	Processing command list for member specs (axial).
07/15/2024 10:39:48	Processing command list for element release.
07/15/2024 10:39:48	Processing command list for element offset.
07/15/2024 10:39:48	Processing command list for element plate stress directive.
07/15/2024 10:39:48	Processing parameter for Chinese wind load case.
07/15/2024 10:39:48	End Processing command list.
07/15/2024 10:39:48	End loading STAAD model.
07/15/2024 10:39:48	Start Post Analysis method
07/15/2024 10:39:48	Removed all hidden plates from surfaces
07/15/2024 10:39:48	Removed all hidden plates
07/15/2024 10:39:48	Removed all hidden nodes
07/15/2024 10:39:48	Loading results from MSH file...
07/15/2024 10:39:48	Building result indices...
07/15/2024 10:39:48	Loading plate stress results...
07/15/2024 10:39:48	Set analysis report setup data
07/15/2024 10:39:48	Starting page setup...
07/15/2024 10:39:48	Page setup completed
07/15/2024 10:39:48	Setting available workflows...
07/15/2024 10:39:48	Post analysis method ends
07/15/2024 10:40:04	Start Post Analysis method
07/15/2024 10:40:04	Removed all hidden plates from surfaces
07/15/2024 10:40:04	Removed all hidden plates
07/15/2024 10:40:04	Removed all hidden nodes
07/15/2024 10:40:04	Loading results from MSH file...
07/15/2024 10:40:04	Building result indices...
07/15/2024 10:40:04	Loading plate stress results...
07/15/2024 10:40:04	Set analysis report setup data
07/15/2024 10:40:04	Starting page setup...
07/15/2024 10:40:04	Page setup completed
07/15/2024 10:40:04	Setting available workflows...
07/15/2024 10:40:04	Post analysis method ends
