08/09/2024 10:59:23	Reading UID database.
08/09/2024 10:59:23	Start loading STAAD model.
08/09/2024 10:59:23	Reading model file.
08/09/2024 10:59:23	Reading model file is complete.
08/09/2024 10:59:23	Processing support.
08/09/2024 10:59:23	Processing springs.
08/09/2024 10:59:23	Processing properties.
08/09/2024 10:59:23	Processing physical properties.
08/09/2024 10:59:23	Processing constants.
08/09/2024 10:59:23	Processing BETA constants.
08/09/2024 10:59:23	Processing hidden analytical member loads.
08/09/2024 10:59:23	Processing command list for member release.
08/09/2024 10:59:23	Processing command list for member offset.
08/09/2024 10:59:23	Processing command list for member specs (cracked).
08/09/2024 10:59:23	Processing command list for member specs (axial).
08/09/2024 10:59:23	Processing command list for element release.
08/09/2024 10:59:23	Processing command list for element offset.
08/09/2024 10:59:23	Processing command list for element plate stress directive.
08/09/2024 10:59:23	Processing parameter for Chinese wind load case.
08/09/2024 10:59:23	End Processing command list.
08/09/2024 10:59:23	End loading STAAD model.
08/09/2024 10:59:23	Start Post Analysis method
08/09/2024 10:59:23	Removed all hidden plates from surfaces
08/09/2024 10:59:23	Removed all hidden plates
08/09/2024 10:59:23	Removed all hidden nodes
08/09/2024 10:59:23	Loading results from MSH file...
08/09/2024 10:59:23	Building result indices...
08/09/2024 10:59:23	Loading plate stress results...
08/09/2024 10:59:23	Set analysis report setup data
08/09/2024 10:59:23	Starting page setup...
08/09/2024 10:59:23	Page setup completed
08/09/2024 10:59:23	Setting available workflows...
08/09/2024 10:59:23	Post analysis method ends
08/09/2024 11:03:11	Reading UID database.
08/09/2024 11:03:11	Start loading STAAD model.
08/09/2024 11:03:11	Reading model file.
08/09/2024 11:03:12	Reading model file is complete.
08/09/2024 11:03:12	Processing support.
08/09/2024 11:03:12	Processing springs.
08/09/2024 11:03:12	Processing properties.
08/09/2024 11:03:12	Processing physical properties.
08/09/2024 11:03:12	Processing constants.
08/09/2024 11:03:12	Processing BETA constants.
08/09/2024 11:03:12	Processing hidden analytical member loads.
08/09/2024 11:03:12	Processing command list for member release.
08/09/2024 11:03:12	Processing command list for member offset.
08/09/2024 11:03:12	Processing command list for member specs (cracked).
08/09/2024 11:03:12	Processing command list for member specs (axial).
08/09/2024 11:03:12	Processing command list for element release.
08/09/2024 11:03:12	Processing command list for element offset.
08/09/2024 11:03:12	Processing command list for element plate stress directive.
08/09/2024 11:03:12	Processing parameter for Chinese wind load case.
08/09/2024 11:03:12	End Processing command list.
08/09/2024 11:03:12	End loading STAAD model.
08/09/2024 11:03:12	Start Post Analysis method
08/09/2024 11:03:12	Removed all hidden plates from surfaces
08/09/2024 11:03:12	Removed all hidden plates
08/09/2024 11:03:12	Removed all hidden nodes
08/09/2024 11:03:12	Loading results from MSH file...
08/09/2024 11:03:12	Building result indices...
08/09/2024 11:03:12	Loading plate stress results...
08/09/2024 11:03:12	Set analysis report setup data
08/09/2024 11:03:12	Starting page setup...
08/09/2024 11:03:12	Page setup completed
08/09/2024 11:03:12	Setting available workflows...
08/09/2024 11:03:12	Post analysis method ends
08/09/2024 11:03:24	Start Post Analysis method
08/09/2024 11:03:24	Removed all hidden plates from surfaces
08/09/2024 11:03:24	Removed all hidden plates
08/09/2024 11:03:24	Removed all hidden nodes
08/09/2024 11:03:24	Loading results from MSH file...
08/09/2024 11:03:24	Building result indices...
08/09/2024 11:03:24	Loading plate stress results...
08/09/2024 11:03:24	Set analysis report setup data
08/09/2024 11:03:24	Starting page setup...
08/09/2024 11:03:24	Page setup completed
08/09/2024 11:03:24	Setting available workflows...
08/09/2024 11:03:24	Post analysis method ends
