08/20/2024 10:22:12	Reading UID database.
08/20/2024 10:22:12	Start loading STAAD model.
08/20/2024 10:22:12	Reading model file.
08/20/2024 10:22:12	Reading model file is complete.
08/20/2024 10:22:12	Processing support.
08/20/2024 10:22:12	Processing springs.
08/20/2024 10:22:12	Processing properties.
08/20/2024 10:22:12	Processing physical properties.
08/20/2024 10:22:12	Processing constants.
08/20/2024 10:22:12	Processing BETA constants.
08/20/2024 10:22:12	Processing hidden analytical member loads.
08/20/2024 10:22:12	Processing command list for member release.
08/20/2024 10:22:12	Processing command list for member offset.
08/20/2024 10:22:12	Processing command list for member specs (cracked).
08/20/2024 10:22:12	Processing command list for member specs (axial).
08/20/2024 10:22:12	Processing command list for element release.
08/20/2024 10:22:12	Processing command list for element offset.
08/20/2024 10:22:12	Processing command list for element plate stress directive.
08/20/2024 10:22:12	Processing parameter for Chinese wind load case.
08/20/2024 10:22:12	End Processing command list.
08/20/2024 10:22:13	End loading STAAD model.
08/20/2024 10:22:13	Start Post Analysis method
08/20/2024 10:22:13	Removed all hidden plates from surfaces
08/20/2024 10:22:13	Removed all hidden plates
08/20/2024 10:22:13	Removed all hidden nodes
08/20/2024 10:22:13	Loading results from MSH file...
08/20/2024 10:22:13	Building result indices...
08/20/2024 10:22:13	Loading plate stress results...
08/20/2024 10:22:13	Set analysis report setup data
08/20/2024 10:22:13	Starting page setup...
08/20/2024 10:22:13	Page setup completed
08/20/2024 10:22:13	Setting available workflows...
08/20/2024 10:22:13	Post analysis method ends
08/20/2024 10:22:28	Start Post Analysis method
08/20/2024 10:22:28	Removed all hidden plates from surfaces
08/20/2024 10:22:28	Removed all hidden plates
08/20/2024 10:22:28	Removed all hidden nodes
08/20/2024 10:22:28	Loading results from MSH file...
08/20/2024 10:22:28	Building result indices...
08/20/2024 10:22:28	Loading plate stress results...
08/20/2024 10:22:28	Set analysis report setup data
08/20/2024 10:22:28	Starting page setup...
08/20/2024 10:22:28	Page setup completed
08/20/2024 10:22:28	Setting available workflows...
08/20/2024 10:22:28	Post analysis method ends
08/20/2024 10:43:05	Reading UID database.
08/20/2024 10:43:05	Start loading STAAD model.
08/20/2024 10:43:05	Reading model file.
08/20/2024 10:43:05	Reading model file is complete.
08/20/2024 10:43:05	Processing support.
08/20/2024 10:43:05	Processing springs.
08/20/2024 10:43:05	Processing properties.
08/20/2024 10:43:05	Processing physical properties.
08/20/2024 10:43:05	Processing constants.
08/20/2024 10:43:05	Processing BETA constants.
08/20/2024 10:43:05	Processing hidden analytical member loads.
08/20/2024 10:43:05	Processing command list for member release.
08/20/2024 10:43:05	Processing command list for member offset.
08/20/2024 10:43:05	Processing command list for member specs (cracked).
08/20/2024 10:43:05	Processing command list for member specs (axial).
08/20/2024 10:43:05	Processing command list for element release.
08/20/2024 10:43:05	Processing command list for element offset.
08/20/2024 10:43:05	Processing command list for element plate stress directive.
08/20/2024 10:43:05	Processing parameter for Chinese wind load case.
08/20/2024 10:43:05	End Processing command list.
08/20/2024 10:43:05	End loading STAAD model.
08/20/2024 10:43:05	Start Post Analysis method
08/20/2024 10:43:05	Removed all hidden plates from surfaces
08/20/2024 10:43:05	Removed all hidden plates
08/20/2024 10:43:05	Removed all hidden nodes
08/20/2024 10:43:05	Loading results from MSH file...
08/20/2024 10:43:05	Building result indices...
08/20/2024 10:43:05	Loading plate stress results...
08/20/2024 10:43:05	Set analysis report setup data
08/20/2024 10:43:05	Starting page setup...
08/20/2024 10:43:05	Page setup completed
08/20/2024 10:43:05	Setting available workflows...
08/20/2024 10:43:05	Post analysis method ends
08/20/2024 10:43:18	Start Post Analysis method
08/20/2024 10:43:18	Removed all hidden plates from surfaces
08/20/2024 10:43:18	Removed all hidden plates
08/20/2024 10:43:18	Removed all hidden nodes
08/20/2024 10:43:18	Loading results from MSH file...
08/20/2024 10:43:18	Building result indices...
08/20/2024 10:43:18	Loading plate stress results...
08/20/2024 10:43:18	Set analysis report setup data
08/20/2024 10:43:18	Starting page setup...
08/20/2024 10:43:18	Page setup completed
08/20/2024 10:43:18	Setting available workflows...
08/20/2024 10:43:18	Post analysis method ends
