15:40:17	Initializing STAAD Engine
15:40:17	Run stream set up is complete.
15:40:17	Initialize license libraries.
15:40:18	License libraries initialized.
15:40:18	Starting license(s) for A & D engine.
15:40:18	License Status: Ok
15:40:18	License information set up is complete.
****************************************************************************
*                            START OF ANALYSIS                             *
****************************************************************************
* Initiating Analysis At Tue Jul 16 15:40:18 2024
                          PROGRAM: STAAD.Pro
                          VERSION: 23.00.01.25
                15:40:18:91  ENTERING STAAD
                15:40:18:94  USING 64 BIT STAAD ENGINE
                15:40:18:94  ENTERING MAINN
                15:40:18:95  START JOB INFORMATION
                15:40:18:95  INPUT WIDTH 79
                15:40:18:95  UNIT MMS KN
                15:40:18:96  JOINT COORDINATES
                15:40:18:96  ENTERING JOINTC
                15:40:18:97  JOINTC NEWJ                                 400000
                15:40:18:97  MAX NODE NO.                                    25
                15:40:18:97  MEMBER INCIDENCES
                15:40:18:98  UNIT METER KN
                15:40:18:98  DEFINE MATERIAL START
                15:40:18:99  UNIT MMS KN
                15:40:19: 0  MEMBER PROPERTY EUROP
                15:40:19:44    ++ Finished Reading Member Properties ...
                15:40:19:44  CONSTANTS
                15:40:19:45  SUPPORTS
                15:40:19:45  ENTERING SUPPORT
                15:40:19:46  MEMBER OFFSET
                15:40:19:46  DEFINE WIND LOAD
                15:40:19:47  LOAD 121 LOADTYPE DEA
                15:40:19:47  DUPLICATE ELEMENT CHECK
                15:40:19:48  CHECKING STRUCTURAL INTEGRITY
                15:40:19:48  CHECK UNCONNECTED JOINTS AND
                15:40:19:49  CALCULATE MAX JOINT CONNECTIVITY
                15:40:19:49  CHECK MULTIPLE STRUCTURES
                15:40:19:50  ENTERING SUPPORT
                15:40:19:50  NRJOLD                                           0
                15:40:19:51  SUPPORT NOLD                                     0
                15:40:19:51  SUPPORT N                                       96
                15:40:19:51  BEFORE LOADPR
                15:40:19:52  REOPEN AS DIR                                    0
                15:40:19:52  ENTER LOADPR
                15:40:19:66  PERFORM ANALYSIS PRIN
                15:40:19:66  pdel iter                                        0
                15:40:19:66  MAXIMUM E =                           2.973273E+04
                15:40:19:67  MINIMUM E =                           2.973273E+04
                15:40:19:67  MBW DOF BAND=                                    1
                15:40:19:68  NUMBER OF PRIMARY CASES                        101
                15:40:19:68  NUMBER OF CASES                                252
                15:40:19:69  #OF CASES W/ELEM INMEMORY                      252
                15:40:19:69  MEMORY FOR MEMBER LOADS                      60480
                15:40:19:70  MEMORY FOR DISPLACEMENTS                     30240
                15:40:19:70  MEMORY FOR MEMBER FORCES                     60480
                15:40:19:71  Using 64-bit analysis engine
                15:40:19:71  BEFORE SOLVER 1
                15:40:19:72  Start Input for Next Load Case
                15:40:19:72  case no=  121 seq. no=   1 idynl= 0
                15:40:19:73  MASSSET                                          0
                15:40:19:73  LOADEND ISLAVE                                   0
                15:40:19:74  Start Input for Next Load Case
                15:40:19:74  case no=  201 seq. no=   2 idynl= 0
                15:40:19:74  LOADEND ISLAVE                                   0
                15:40:19:75  Start Input for Next Load Case
                15:40:19:75  case no=  202 seq. no=   3 idynl= 0
                15:40:19:76  LOADEND ISLAVE                                   0
                15:40:19:76  Start Input for Next Load Case
                15:40:19:77  case no=  203 seq. no=   4 idynl= 0
                15:40:19:77  LOADEND ISLAVE                                   0
                15:40:19:78  Start Input for Next Load Case
                15:40:19:78  case no=  204 seq. no=   5 idynl= 0
                15:40:19:79  LOADEND ISLAVE                                   0
                15:40:19:79  Start Input for Next Load Case
                15:40:19:79  case no=  205 seq. no=   6 idynl= 0
                15:40:19:80  LOADEND ISLAVE                                   0
                15:40:19:80  Start Input for Next Load Case
                15:40:19:81  case no=  206 seq. no=   7 idynl= 0
                15:40:19:81  LOADEND ISLAVE                                   0
                15:40:19:82  Start Input for Next Load Case
                15:40:19:82  case no=  207 seq. no=   8 idynl= 0
                15:40:19:83  LOADEND ISLAVE                                   0
                15:40:19:83  Start Input for Next Load Case
                15:40:19:83  case no=  208 seq. no=   9 idynl= 0
                15:40:19:84  LOADEND ISLAVE                                   0
                15:40:19:84  Start Input for Next Load Case
                15:40:19:85  case no=  312 seq. no=  10 idynl= 0
                15:40:19:85  LOADEND ISLAVE                                   0
                15:40:19:85  Start Input for Next Load Case
                15:40:19:86  case no=  313 seq. no=  11 idynl= 0
                15:40:19:86  LOADEND ISLAVE                                   0
                15:40:19:87  Start Input for Next Load Case
                15:40:19:87  case no=  314 seq. no=  12 idynl= 0
                15:40:19:88  LOADEND ISLAVE                                   0
                15:40:19:88  Start Input for Next Load Case
                15:40:19:89  case no=  315 seq. no=  13 idynl= 0
                15:40:19:89  LOADEND ISLAVE                                   0
                15:40:19:90  Start Input for Next Load Case
                15:40:19:90  case no=  322 seq. no=  14 idynl= 0
                15:40:19:90  LOADEND ISLAVE                                   0
                15:40:19:91  Start Input for Next Load Case
                15:40:19:91  case no=  323 seq. no=  15 idynl= 0
                15:40:19:92  LOADEND ISLAVE                                   0
                15:40:19:92  Start Input for Next Load Case
                15:40:19:93  case no=  324 seq. no=  16 idynl= 0
                15:40:19:93  LOADEND ISLAVE                                   0
                15:40:19:93  Start Input for Next Load Case
                15:40:19:94  case no=  325 seq. no=  17 idynl= 0
                15:40:19:94  LOADEND ISLAVE                                   0
                15:40:19:95  Start Input for Next Load Case
                15:40:19:95  case no=  332 seq. no=  18 idynl= 0
                15:40:19:95  LOADEND ISLAVE                                   0
                15:40:19:96  Start Input for Next Load Case
                15:40:19:96  case no=  333 seq. no=  19 idynl= 0
                15:40:19:97  LOADEND ISLAVE                                   0
                15:40:19:97  Start Input for Next Load Case
                15:40:19:97  case no=  334 seq. no=  20 idynl= 0
                15:40:19:98  LOADEND ISLAVE                                   0
                15:40:19:98  Start Input for Next Load Case
                15:40:19:99  case no=  335 seq. no=  21 idynl= 0
                15:40:19:99  LOADEND ISLAVE                                   0
                15:40:19:99  Start Input for Next Load Case
                15:40:20: 0  case no=  411 seq. no=  22 idynl= 0
                15:40:20: 0  LOADEND ISLAVE                                   0
                15:40:20: 1  Start Input for Next Load Case
                15:40:20: 1  case no=  412 seq. no=  23 idynl= 0
                15:40:20: 2  LOADEND ISLAVE                                   0
                15:40:20: 2  Start Input for Next Load Case
                15:40:20: 2  case no=  413 seq. no=  24 idynl= 0
                15:40:20: 3  LOADEND ISLAVE                                   0
                15:40:20: 3  Start Input for Next Load Case
                15:40:20: 4  case no=  414 seq. no=  25 idynl= 0
                15:40:20: 4  LOADEND ISLAVE                                   0
                15:40:20: 4  Start Input for Next Load Case
                15:40:20: 5  case no=  415 seq. no=  26 idynl= 0
                15:40:20: 5  LOADEND ISLAVE                                   0
                15:40:20: 6  Start Input for Next Load Case
                15:40:20: 6  case no=  416 seq. no=  27 idynl= 0
                15:40:20: 6  LOADEND ISLAVE                                   0
                15:40:20: 7  Start Input for Next Load Case
                15:40:20: 7  case no=  417 seq. no=  28 idynl= 0
                15:40:20: 8  LOADEND ISLAVE                                   0
                15:40:20: 8  Start Input for Next Load Case
                15:40:20: 8  case no=  418 seq. no=  29 idynl= 0
                15:40:20: 9  LOADEND ISLAVE                                   0
                15:40:20: 9  Start Input for Next Load Case
                15:40:20:10  case no=  421 seq. no=  30 idynl= 0
                15:40:20:10  LOADEND ISLAVE                                   0
                15:40:20:11  Start Input for Next Load Case
                15:40:20:11  case no=  422 seq. no=  31 idynl= 0
                15:40:20:11  LOADEND ISLAVE                                   0
                15:40:20:12  Start Input for Next Load Case
                15:40:20:12  case no=  423 seq. no=  32 idynl= 0
                15:40:20:13  LOADEND ISLAVE                                   0
                15:40:20:13  Start Input for Next Load Case
                15:40:20:14  case no=  424 seq. no=  33 idynl= 0
                15:40:20:14  LOADEND ISLAVE                                   0
                15:40:20:14  Start Input for Next Load Case
                15:40:20:15  case no=  425 seq. no=  34 idynl= 0
                15:40:20:15  LOADEND ISLAVE                                   0
                15:40:20:16  Start Input for Next Load Case
                15:40:20:16  case no=  426 seq. no=  35 idynl= 0
                15:40:20:16  LOADEND ISLAVE                                   0
                15:40:20:17  Start Input for Next Load Case
                15:40:20:17  case no=  427 seq. no=  36 idynl= 0
                15:40:20:18  LOADEND ISLAVE                                   0
                15:40:20:18  Start Input for Next Load Case
                15:40:20:18  case no=  428 seq. no=  37 idynl= 0
                15:40:20:19  LOADEND ISLAVE                                   0
                15:40:20:19  Start Input for Next Load Case
                15:40:20:20  case no=  711 seq. no=  38 idynl= 0
                15:40:20:20  LOADEND ISLAVE                                   0
                15:40:20:21  Start Input for Next Load Case
                15:40:20:21  case no=  712 seq. no=  39 idynl= 0
                15:40:20:22  LOADEND ISLAVE                                   0
                15:40:20:22  Start Input for Next Load Case
                15:40:20:23  case no=  713 seq. no=  40 idynl= 0
                15:40:20:23  LOADEND ISLAVE                                   0
                15:40:20:24  Start Input for Next Load Case
                15:40:20:24  case no=  714 seq. no=  41 idynl= 0
                15:40:20:24  LOADEND ISLAVE                                   0
                15:40:20:25  Start Input for Next Load Case
                15:40:20:25  case no=  715 seq. no=  42 idynl= 0
                15:40:20:26  LOADEND ISLAVE                                   0
                15:40:20:26  Start Input for Next Load Case
                15:40:20:27  case no=  716 seq. no=  43 idynl= 0
                15:40:20:27  LOADEND ISLAVE                                   0
                15:40:20:28  Start Input for Next Load Case
                15:40:20:28  case no=  717 seq. no=  44 idynl= 0
                15:40:20:29  LOADEND ISLAVE                                   0
                15:40:20:29  Start Input for Next Load Case
                15:40:20:29  case no=  718 seq. no=  45 idynl= 0
                15:40:20:30  LOADEND ISLAVE                                   0
                15:40:20:30  Start Input for Next Load Case
                15:40:20:31  case no= 1101 seq. no=  46 idynl= 0
                15:40:20:31  LOADEND ISLAVE                                   0
                15:40:20:31  Start Input for Next Load Case
                15:40:20:32  case no= 1102 seq. no=  47 idynl= 0
                15:40:20:32  LOADEND ISLAVE                                   0
                15:40:20:33  Start Input for Next Load Case
                15:40:20:33  case no= 1103 seq. no=  48 idynl= 0
                15:40:20:34  LOADEND ISLAVE                                   0
                15:40:20:34  Start Input for Next Load Case
                15:40:20:35  case no= 1104 seq. no=  49 idynl= 0
                15:40:20:35  LOADEND ISLAVE                                   0
                15:40:20:36  Start Input for Next Load Case
                15:40:20:36  case no= 1105 seq. no=  50 idynl= 0
                15:40:20:36  LOADEND ISLAVE                                   0
                15:40:20:37  Start Input for Next Load Case
                15:40:20:37  case no= 1106 seq. no=  51 idynl= 0
                15:40:20:38  LOADEND ISLAVE                                   0
                15:40:20:38  Start Input for Next Load Case
                15:40:20:38  case no= 1107 seq. no=  52 idynl= 0
                15:40:20:39  LOADEND ISLAVE                                   0
                15:40:20:39  Start Input for Next Load Case
                15:40:20:40  case no= 1108 seq. no=  53 idynl= 0
                15:40:20:40  LOADEND ISLAVE                                   0
                15:40:20:40  Start Input for Next Load Case
                15:40:20:41  case no= 1201 seq. no=  54 idynl= 0
                15:40:20:41  LOADEND ISLAVE                                   0
                15:40:20:42  Start Input for Next Load Case
                15:40:20:42  case no= 1202 seq. no=  55 idynl= 0
                15:40:20:42  LOADEND ISLAVE                                   0
                15:40:20:43  Start Input for Next Load Case
                15:40:20:43  case no= 1203 seq. no=  56 idynl= 0
                15:40:20:44  LOADEND ISLAVE                                   0
                15:40:20:44  Start Input for Next Load Case
                15:40:20:45  case no= 1204 seq. no=  57 idynl= 0
                15:40:20:45  LOADEND ISLAVE                                   0
                15:40:20:45  Start Input for Next Load Case
                15:40:20:46  case no= 1205 seq. no=  58 idynl= 0
                15:40:20:46  LOADEND ISLAVE                                   0
                15:40:20:47  Start Input for Next Load Case
                15:40:20:47  case no= 1206 seq. no=  59 idynl= 0
                15:40:20:47  LOADEND ISLAVE                                   0
                15:40:20:48  Start Input for Next Load Case
                15:40:20:48  case no= 1207 seq. no=  60 idynl= 0
                15:40:20:49  LOADEND ISLAVE                                   0
                15:40:20:49  Start Input for Next Load Case
                15:40:20:50  case no= 1208 seq. no=  61 idynl= 0
                15:40:20:50  LOADEND ISLAVE                                   0
                15:40:20:50  Start Input for Next Load Case
                15:40:20:51  case no= 2101 seq. no=  62 idynl= 0
                15:40:20:51  LOADEND ISLAVE                                   0
                15:40:20:52  Start Input for Next Load Case
                15:40:20:52  case no= 2102 seq. no=  63 idynl= 0
                15:40:20:52  LOADEND ISLAVE                                   0
                15:40:20:53  Start Input for Next Load Case
                15:40:20:53  case no= 2103 seq. no=  64 idynl= 0
                15:40:20:54  LOADEND ISLAVE                                   0
                15:40:20:54  Start Input for Next Load Case
                15:40:20:55  case no= 2104 seq. no=  65 idynl= 0
                15:40:20:55  LOADEND ISLAVE                                   0
                15:40:20:56  Start Input for Next Load Case
                15:40:20:56  case no= 2105 seq. no=  66 idynl= 0
                15:40:20:56  LOADEND ISLAVE                                   0
                15:40:20:57  Start Input for Next Load Case
                15:40:20:57  case no= 2106 seq. no=  67 idynl= 0
                15:40:20:58  LOADEND ISLAVE                                   0
                15:40:20:58  Start Input for Next Load Case
                15:40:20:59  case no= 2107 seq. no=  68 idynl= 0
                15:40:20:59  LOADEND ISLAVE                                   0
                15:40:20:59  Start Input for Next Load Case
                15:40:20:60  case no= 2108 seq. no=  69 idynl= 0
                15:40:20:60  LOADEND ISLAVE                                   0
                15:40:20:61  Start Input for Next Load Case
                15:40:20:61  case no= 3001 seq. no=  70 idynl= 0
                15:40:20:61  LOADEND ISLAVE                                   0
                15:40:20:62  Start Input for Next Load Case
                15:40:20:62  case no= 3002 seq. no=  71 idynl= 0
                15:40:20:63  LOADEND ISLAVE                                   0
                15:40:20:63  Start Input for Next Load Case
                15:40:20:63  case no= 3003 seq. no=  72 idynl= 0
                15:40:20:64  LOADEND ISLAVE                                   0
                15:40:20:64  Start Input for Next Load Case
                15:40:20:65  case no= 3004 seq. no=  73 idynl= 0
                15:40:20:65  LOADEND ISLAVE                                   0
                15:40:20:65  Start Input for Next Load Case
                15:40:20:66  case no= 3005 seq. no=  74 idynl= 0
                15:40:20:66  LOADEND ISLAVE                                   0
                15:40:20:67  Start Input for Next Load Case
                15:40:20:67  case no= 3006 seq. no=  75 idynl= 0
                15:40:20:67  LOADEND ISLAVE                                   0
                15:40:20:68  Start Input for Next Load Case
                15:40:20:68  case no= 3007 seq. no=  76 idynl= 0
                15:40:20:69  LOADEND ISLAVE                                   0
                15:40:20:69  Start Input for Next Load Case
                15:40:20:70  case no= 3008 seq. no=  77 idynl= 0
                15:40:20:70  LOADEND ISLAVE                                   0
                15:40:20:70  Start Input for Next Load Case
                15:40:20:71  case no= 3011 seq. no=  78 idynl= 0
                15:40:20:71  LOADEND ISLAVE                                   0
                15:40:20:72  Start Input for Next Load Case
                15:40:20:72  case no= 3012 seq. no=  79 idynl= 0
                15:40:20:73  LOADEND ISLAVE                                   0
                15:40:20:73  Start Input for Next Load Case
                15:40:20:73  case no= 3013 seq. no=  80 idynl= 0
                15:40:20:74  LOADEND ISLAVE                                   0
                15:40:20:74  Start Input for Next Load Case
                15:40:20:75  case no= 3014 seq. no=  81 idynl= 0
                15:40:20:75  LOADEND ISLAVE                                   0
                15:40:20:75  Start Input for Next Load Case
                15:40:20:76  case no= 3015 seq. no=  82 idynl= 0
                15:40:20:76  LOADEND ISLAVE                                   0
                15:40:20:77  Start Input for Next Load Case
                15:40:20:77  case no= 3016 seq. no=  83 idynl= 0
                15:40:20:77  LOADEND ISLAVE                                   0
                15:40:20:78  Start Input for Next Load Case
                15:40:20:78  case no= 3017 seq. no=  84 idynl= 0
                15:40:20:79  LOADEND ISLAVE                                   0
                15:40:20:79  Start Input for Next Load Case
                15:40:20:80  case no= 3018 seq. no=  85 idynl= 0
                15:40:20:80  LOADEND ISLAVE                                   0
                15:40:20:80  Start Input for Next Load Case
                15:40:20:81  case no= 3021 seq. no=  86 idynl= 0
                15:40:20:81  LOADEND ISLAVE                                   0
                15:40:20:82  Start Input for Next Load Case
                15:40:20:82  case no= 3022 seq. no=  87 idynl= 0
                15:40:20:82  LOADEND ISLAVE                                   0
                15:40:20:83  Start Input for Next Load Case
                15:40:20:83  case no= 3023 seq. no=  88 idynl= 0
                15:40:20:84  LOADEND ISLAVE                                   0
                15:40:20:84  Start Input for Next Load Case
                15:40:20:85  case no= 3024 seq. no=  89 idynl= 0
                15:40:20:85  LOADEND ISLAVE                                   0
                15:40:20:85  Start Input for Next Load Case
                15:40:20:86  case no= 3025 seq. no=  90 idynl= 0
                15:40:20:86  LOADEND ISLAVE                                   0
                15:40:20:87  Start Input for Next Load Case
                15:40:20:87  case no= 3026 seq. no=  91 idynl= 0
                15:40:20:87  LOADEND ISLAVE                                   0
                15:40:20:88  Start Input for Next Load Case
                15:40:20:88  case no= 3027 seq. no=  92 idynl= 0
                15:40:20:89  LOADEND ISLAVE                                   0
                15:40:20:89  Start Input for Next Load Case
                15:40:20:90  case no= 3028 seq. no=  93 idynl= 0
                15:40:20:90  LOADEND ISLAVE                                   0
                15:40:20:91  Start Input for Next Load Case
                15:40:20:91  case no= 3201 seq. no=  94 idynl= 0
                15:40:20:92  LOADEND ISLAVE                                   0
                15:40:20:92  Start Input for Next Load Case
                15:40:20:93  case no= 3202 seq. no=  95 idynl= 0
                15:40:20:93  LOADEND ISLAVE                                   0
                15:40:20:94  Start Input for Next Load Case
                15:40:20:94  case no= 3203 seq. no=  96 idynl= 0
                15:40:20:94  LOADEND ISLAVE                                   0
                15:40:20:95  Start Input for Next Load Case
                15:40:20:95  case no= 3204 seq. no=  97 idynl= 0
                15:40:20:96  LOADEND ISLAVE                                   0
                15:40:20:96  Start Input for Next Load Case
                15:40:20:97  case no= 3205 seq. no=  98 idynl= 0
                15:40:20:97  LOADEND ISLAVE                                   0
                15:40:20:97  Start Input for Next Load Case
                15:40:20:98  case no= 3206 seq. no=  99 idynl= 0
                15:40:20:98  LOADEND ISLAVE                                   0
                15:40:20:99  Start Input for Next Load Case
                15:40:20:99  case no= 3207 seq. no= 100 idynl= 0
                15:40:20:99  LOADEND ISLAVE                                   0
                15:40:21: 0  Start Input for Next Load Case
                15:40:21: 1  case no= 3208 seq. no= 101 idynl= 0
                15:40:21: 1  LOADEND ISLAVE                                   0
                15:40:21: 1  NVPREV                                           0
                15:40:21: 2  AMAXNON                               2.627953E-01
                15:40:21: 2  IRECSIZL=                                     4000
                15:40:21: 3  MTX BLOCKSIZE=                                  96
                15:40:21: 3  MI=                                             96
                15:40:21: 3  NORECL=                                          1
                15:40:21: 4  NORECL1=                                         1
                15:40:21: 4  IWORD=                                       32000
                15:40:21: 5  JRECSIZE=                                     4000
                15:40:21: 5  IWORDJ=                                      32000
                15:40:21: 5  IBYTE=                                           4
                15:40:21: 6  JOINTS=                                         20
                15:40:21: 6  MEMBERS=                                        20
                15:40:21: 7  PLATES =                                         0
                15:40:21: 7  SOLIDS =                                         0
                15:40:21: 7  NO. OF EQUATIONS=                               96
                15:40:21: 8  idyn=                                            0
                15:40:21: 8  ipd=                                             0
                15:40:21: 9  icablanl=                                        0
                15:40:21: 9  ++ Processing Element Stiffness Matrix.
                15:40:21:10  NV1                                            101
                15:40:21:21  ++ Calculating Element Forces & Reactions.
                15:40:21:68  COMBINATION CASES=                               0
                15:40:21:68  MAX CM MEMORY (KILOWORDS)                       36
                15:40:21:68  AFTER SOLVER 1
                15:40:21:70  REOPEN AS SEQ                                    0
                15:40:21:70  DEFINE ENVELOPE
                15:40:21:71  LOAD LIST 1101 TO 110
                15:40:21:72  PARAMETER 1
                15:40:21:73  CHECK CODE ALL
                15:40:21:73  ENTERING SECTNM110 IQ=                          20
                15:40:21:73               NSEC=                              11
                15:40:21:74             ISECTN=                               0
                15:40:21:76  SECTNM110 DO 925
                15:40:21:79  ENTERING ENVLP1 ITYP1=                          -3
                15:40:21:79  SECT DISPLACE
                15:40:21:82  Steel/Alum/Timber Design                        52
                15:40:21:87    ++ Finished Design ...
                15:40:21:87  Steel/Timber Design exit
                15:40:21:87  LOAD LIST 2101 TO 210
                15:40:21:88  PARAMETER 1
                15:40:21:89  CHECK CODE ALL
                15:40:21:90  ENTERING ENVLP1 ITYP1=                          -3
                15:40:21:90  SECT DISPLACE
                15:40:21:93  Steel/Alum/Timber Design                        52
                15:40:21:95    ++ Finished Design ...
                15:40:21:95  Steel/Timber Design exit
                15:40:21:95  LOAD LIST ENV 4 TO 7
                15:40:21:96  PARAMETER 1
                15:40:21:97  CHECK CODE ALL
                15:40:21:97  ENTERING ENVLP1 ITYP1=                          -3
                15:40:21:97  SECT DISPLACE
                15:40:22: 1  Steel/Alum/Timber Design                        52
                15:40:22: 4    ++ Finished Design ...
                15:40:22: 4  Steel/Timber Design exit
                15:40:22: 5  PRINT JOINT DISPLACEM
                15:40:22: 5  DRAW ISOM JOIN MEMB
                15:40:22: 6  ENTERING SECTNM110 IQ=                          20
                15:40:22: 6               NSEC=                              11
                15:40:22: 7             ISECTN=                               0
                15:40:22: 9  SECTNM110 DO 925
                15:40:22:12  PRINT SUPPORT REACTIO
                15:40:22:12  DRAW ISOM SUPP PROP
                15:40:22:13  ENTERING SECTNM110 IQ=                          20
                15:40:22:13               NSEC=                              11
                15:40:22:13             ISECTN=                               0
                15:40:22:16  SECTNM110 DO 925
                15:40:22:18  DRAW ISOM SHAP
                15:40:22:19  ENTERING SECTNM110 IQ=                          20
                15:40:22:19               NSEC=                              11
                15:40:22:20             ISECTN=                               0
                15:40:22:22  SECTNM110 DO 925
                15:40:22:24  PRINT CG
                15:40:22:24  FINISH
                15:40:22:25  All Commands FINISHed
                15:40:22:26  DATASAVE for SPRO GUI
                15:40:22:26  ++ Creating Displacement File (DSP)...
                15:40:22:27  ++ Creating Reaction File (REA)...
                15:40:22:28  ++ Creating Section Force File (BMD)...
                15:40:22:31  ++ Creating Section Displace File (SEC)...
                15:40:22:31  ENTERING ENVLP1 ITYP1=                          -5
                15:40:22:32  SECT DISPLACE
                15:40:22:36  ++ Creating Section Displace File (SCN)...
                15:40:22:39  ++ Creating Design information File (DGN)...
                15:40:22:40  ALLOCATED CM MEMORY (KILOWORDS)             300000
                15:40:22:40  MAX CM MEMORY (KILOWORDS)                      107
                15:40:22:41  DBS LONG SEC NAME
* End Of Analysis At Tue Jul 16 15:40:22 2024
* CPU usage = 3.554000
* STAAD Exit Code: 100, Warning Count: 0, Error Count: 0, Duration: 3.554
1 0 0 3.554
****************************************************************************
*                            END OF ANALYSIS                               *
****************************************************************************
