07/03/2024 01:03:41	Reading UID database.
07/03/2024 01:03:41	Start loading STAAD model.
07/03/2024 01:03:41	Reading model file.
07/03/2024 01:03:41	Reading model file is complete.
07/03/2024 01:03:41	Processing support.
07/03/2024 01:03:41	Processing springs.
07/03/2024 01:03:41	Processing properties.
07/03/2024 01:03:41	Processing physical properties.
07/03/2024 01:03:41	Processing constants.
07/03/2024 01:03:41	Processing BETA constants.
07/03/2024 01:03:41	Processing hidden analytical member loads.
07/03/2024 01:03:41	Processing command list for member release.
07/03/2024 01:03:41	Processing command list for member offset.
07/03/2024 01:03:41	Processing command list for member specs (cracked).
07/03/2024 01:03:41	Processing command list for member specs (axial).
07/03/2024 01:03:41	Processing command list for element release.
07/03/2024 01:03:41	Processing command list for element offset.
07/03/2024 01:03:41	Processing command list for element plate stress directive.
07/03/2024 01:03:41	Processing parameter for Chinese wind load case.
07/03/2024 01:03:41	End Processing command list.
07/03/2024 01:03:41	End loading STAAD model.
07/03/2024 01:03:41	Start Post Analysis method
07/03/2024 01:03:41	Removed all hidden plates from surfaces
07/03/2024 01:03:41	Removed all hidden plates
07/03/2024 01:03:41	Removed all hidden nodes
07/03/2024 01:03:41	Loading results from MSH file...
07/03/2024 01:03:41	Building result indices...
07/03/2024 01:03:41	Loading plate stress results...
07/03/2024 01:03:41	Set analysis report setup data
07/03/2024 01:03:41	Starting page setup...
07/03/2024 01:03:41	Page setup completed
07/03/2024 01:03:41	Setting available workflows...
07/03/2024 01:03:41	Post analysis method ends
07/03/2024 01:12:54	Reading UID database.
07/03/2024 01:12:54	Start loading STAAD model.
07/03/2024 01:12:54	Reading model file.
07/03/2024 01:12:54	Reading model file is complete.
07/03/2024 01:12:54	Processing support.
07/03/2024 01:12:54	Processing springs.
07/03/2024 01:12:54	Processing properties.
07/03/2024 01:12:54	Processing physical properties.
07/03/2024 01:12:54	Processing constants.
07/03/2024 01:12:54	Processing BETA constants.
07/03/2024 01:12:54	Processing hidden analytical member loads.
07/03/2024 01:12:54	Processing command list for member release.
07/03/2024 01:12:54	Processing command list for member offset.
07/03/2024 01:12:54	Processing command list for member specs (cracked).
07/03/2024 01:12:54	Processing command list for member specs (axial).
07/03/2024 01:12:54	Processing command list for element release.
07/03/2024 01:12:54	Processing command list for element offset.
07/03/2024 01:12:54	Processing command list for element plate stress directive.
07/03/2024 01:12:54	Processing parameter for Chinese wind load case.
07/03/2024 01:12:54	End Processing command list.
07/03/2024 01:12:54	End loading STAAD model.
07/03/2024 01:12:54	Start Post Analysis method
07/03/2024 01:12:54	Removed all hidden plates from surfaces
07/03/2024 01:12:54	Removed all hidden plates
07/03/2024 01:12:54	Removed all hidden nodes
07/03/2024 01:12:54	Loading results from MSH file...
07/03/2024 01:12:54	Building result indices...
07/03/2024 01:12:54	Loading plate stress results...
07/03/2024 01:12:54	Set analysis report setup data
07/03/2024 01:12:54	Starting page setup...
07/03/2024 01:12:54	Page setup completed
07/03/2024 01:12:54	Setting available workflows...
07/03/2024 01:12:54	Post analysis method ends
07/03/2024 01:17:15	Reading UID database.
07/03/2024 01:17:15	Start loading STAAD model.
07/03/2024 01:17:15	Reading model file.
07/03/2024 01:17:15	Reading model file is complete.
07/03/2024 01:17:15	Processing support.
07/03/2024 01:17:15	Processing springs.
07/03/2024 01:17:15	Processing properties.
07/03/2024 01:17:15	Processing physical properties.
07/03/2024 01:17:15	Processing constants.
07/03/2024 01:17:15	Processing BETA constants.
07/03/2024 01:17:15	Processing hidden analytical member loads.
07/03/2024 01:17:15	Processing command list for member release.
07/03/2024 01:17:15	Processing command list for member offset.
07/03/2024 01:17:15	Processing command list for member specs (cracked).
07/03/2024 01:17:15	Processing command list for member specs (axial).
07/03/2024 01:17:15	Processing command list for element release.
07/03/2024 01:17:15	Processing command list for element offset.
07/03/2024 01:17:15	Processing command list for element plate stress directive.
07/03/2024 01:17:15	Processing parameter for Chinese wind load case.
07/03/2024 01:17:15	End Processing command list.
07/03/2024 01:17:15	End loading STAAD model.
07/03/2024 01:17:15	Start Post Analysis method
07/03/2024 01:17:15	Removed all hidden plates from surfaces
07/03/2024 01:17:15	Removed all hidden plates
07/03/2024 01:17:15	Removed all hidden nodes
07/03/2024 01:17:15	Loading results from MSH file...
07/03/2024 01:17:15	Building result indices...
07/03/2024 01:17:15	Loading plate stress results...
07/03/2024 01:17:15	Set analysis report setup data
07/03/2024 01:17:15	Starting page setup...
07/03/2024 01:17:15	Page setup completed
07/03/2024 01:17:15	Setting available workflows...
07/03/2024 01:17:15	Post analysis method ends
07/03/2024 01:17:29	Start Post Analysis method
07/03/2024 01:17:29	Removed all hidden plates from surfaces
07/03/2024 01:17:29	Removed all hidden plates
07/03/2024 01:17:29	Removed all hidden nodes
07/03/2024 01:17:29	Loading results from MSH file...
07/03/2024 01:17:29	Building result indices...
07/03/2024 01:17:29	Loading plate stress results...
07/03/2024 01:17:29	Set analysis report setup data
07/03/2024 01:17:29	Starting page setup...
07/03/2024 01:17:29	Page setup completed
07/03/2024 01:17:29	Setting available workflows...
07/03/2024 01:17:29	Post analysis method ends
