10/01/2024 15:48:04	Reading UID database.
10/01/2024 15:48:04	Start loading STAAD model.
10/01/2024 15:48:04	Reading model file.
10/01/2024 15:48:04	Reading model file is complete.
10/01/2024 15:48:04	Processing support.
10/01/2024 15:48:04	Processing springs.
10/01/2024 15:48:04	Processing properties.
10/01/2024 15:48:04	Processing physical properties.
10/01/2024 15:48:04	Processing constants.
10/01/2024 15:48:04	Processing BETA constants.
10/01/2024 15:48:04	Processing hidden analytical member loads.
10/01/2024 15:48:04	Processing command list for member release.
10/01/2024 15:48:04	Processing command list for member offset.
10/01/2024 15:48:04	Processing command list for member specs (cracked).
10/01/2024 15:48:04	Processing command list for member specs (axial).
10/01/2024 15:48:04	Processing command list for element release.
10/01/2024 15:48:04	Processing command list for element offset.
10/01/2024 15:48:04	Processing command list for element plate stress directive.
10/01/2024 15:48:04	Processing parameter for Chinese wind load case.
10/01/2024 15:48:04	End Processing command list.
10/01/2024 15:48:06	End loading STAAD model.
10/01/2024 15:48:13	Start Post Analysis method
10/01/2024 15:48:13	Removed all hidden plates from surfaces
10/01/2024 15:48:13	Removed all hidden plates
10/01/2024 15:48:13	Removed all hidden nodes
10/01/2024 15:48:13	Loading results from MSH file...
10/01/2024 15:48:13	Building result indices...
10/01/2024 15:48:13	Loading plate stress results...
10/01/2024 15:48:13	Set analysis report setup data
10/01/2024 15:48:13	Starting page setup...
10/01/2024 15:48:13	Page setup completed
10/01/2024 15:48:13	Setting available workflows...
10/01/2024 15:48:13	Post analysis method ends
10/01/2024 16:02:26	Reading UID database.
10/01/2024 16:02:26	Start loading STAAD model.
10/01/2024 16:02:26	Reading model file.
10/01/2024 16:02:26	Reading model file is complete.
10/01/2024 16:02:26	Processing support.
10/01/2024 16:02:26	Processing springs.
10/01/2024 16:02:26	Processing properties.
10/01/2024 16:02:26	Processing physical properties.
10/01/2024 16:02:26	Processing constants.
10/01/2024 16:02:26	Processing BETA constants.
10/01/2024 16:02:26	Processing hidden analytical member loads.
10/01/2024 16:02:26	Processing command list for member release.
10/01/2024 16:02:26	Processing command list for member offset.
10/01/2024 16:02:26	Processing command list for member specs (cracked).
10/01/2024 16:02:26	Processing command list for member specs (axial).
10/01/2024 16:02:26	Processing command list for element release.
10/01/2024 16:02:26	Processing command list for element offset.
10/01/2024 16:02:26	Processing command list for element plate stress directive.
10/01/2024 16:02:26	Processing parameter for Chinese wind load case.
10/01/2024 16:02:26	End Processing command list.
10/01/2024 16:02:26	End loading STAAD model.
10/01/2024 16:02:26	Start Post Analysis method
10/01/2024 16:02:26	Removed all hidden plates from surfaces
10/01/2024 16:02:26	Removed all hidden plates
10/01/2024 16:02:26	Removed all hidden nodes
10/01/2024 16:02:26	Loading results from MSH file...
10/01/2024 16:02:26	Building result indices...
10/01/2024 16:02:26	Loading plate stress results...
10/01/2024 16:02:26	Set analysis report setup data
10/01/2024 16:02:26	Starting page setup...
10/01/2024 16:02:26	Page setup completed
10/01/2024 16:02:26	Setting available workflows...
10/01/2024 16:02:26	Post analysis method ends
10/01/2024 16:02:48	Start Post Analysis method
10/01/2024 16:02:48	Removed all hidden plates from surfaces
10/01/2024 16:02:48	Removed all hidden plates
10/01/2024 16:02:48	Removed all hidden nodes
10/01/2024 16:02:48	Loading results from MSH file...
10/01/2024 16:02:48	Building result indices...
10/01/2024 16:02:48	Loading plate stress results...
10/01/2024 16:02:48	Set analysis report setup data
10/01/2024 16:02:48	Starting page setup...
10/01/2024 16:02:48	Page setup completed
10/01/2024 16:02:48	Setting available workflows...
10/01/2024 16:02:48	Post analysis method ends
