08/02/2024 13:13:49	Reading UID database.
08/02/2024 13:13:49	Start loading STAAD model.
08/02/2024 13:13:49	Reading model file.
08/02/2024 13:13:49	Reading model file is complete.
08/02/2024 13:13:49	Processing support.
08/02/2024 13:13:49	Processing springs.
08/02/2024 13:13:49	Processing properties.
08/02/2024 13:13:49	Processing physical properties.
08/02/2024 13:13:49	Processing constants.
08/02/2024 13:13:49	Processing BETA constants.
08/02/2024 13:13:49	Processing hidden analytical member loads.
08/02/2024 13:13:49	Processing command list for member release.
08/02/2024 13:13:49	Processing command list for member offset.
08/02/2024 13:13:49	Processing command list for member specs (cracked).
08/02/2024 13:13:49	Processing command list for member specs (axial).
08/02/2024 13:13:49	Processing command list for element release.
08/02/2024 13:13:49	Processing command list for element offset.
08/02/2024 13:13:49	Processing command list for element plate stress directive.
08/02/2024 13:13:49	Processing parameter for Chinese wind load case.
08/02/2024 13:13:49	End Processing command list.
08/02/2024 13:13:49	End loading STAAD model.
08/02/2024 13:13:49	Start Post Analysis method
08/02/2024 13:13:49	Removed all hidden plates from surfaces
08/02/2024 13:13:49	Removed all hidden plates
08/02/2024 13:13:49	Removed all hidden nodes
08/02/2024 13:13:49	Loading results from MSH file...
08/02/2024 13:13:49	Building result indices...
08/02/2024 13:13:49	Loading plate stress results...
08/02/2024 13:13:49	Set analysis report setup data
08/02/2024 13:13:49	Starting page setup...
08/02/2024 13:13:49	Page setup completed
08/02/2024 13:13:49	Setting available workflows...
08/02/2024 13:13:49	Post analysis method ends
