15:56:55	Initializing STAAD Engine
15:56:55	Run stream set up is complete.
15:56:55	Initialize license libraries.
15:56:55	License libraries initialized.
15:56:55	Starting license(s) for A & D engine.
15:56:56	License Status: Ok
15:56:56	License information set up is complete.
****************************************************************************
*                            START OF ANALYSIS                             *
****************************************************************************
* Initiating Analysis At Fri Jul 12 15:56:56 2024
                          PROGRAM: STAAD.Pro
                          VERSION: 23.00.01.25
                15:56:56:65  ENTERING STAAD
                15:56:56:67  USING 64 BIT STAAD ENGINE
                15:56:56:67  ENTERING MAINN
                15:56:56:67  START JOB INFORMATION
                15:56:56:68  INPUT WIDTH 79
                15:56:56:68  UNIT MMS KN
                15:56:56:69  JOINT COORDINATES
                15:56:56:69  ENTERING JOINTC
                15:56:56:70  JOINTC NEWJ                                 400000
                15:56:56:70  MAX NODE NO.                                    15
                15:56:56:71  MEMBER INCIDENCES
                15:56:56:71  UNIT METER KN
                15:56:56:72  DEFINE MATERIAL START
                15:56:56:72  UNIT MMS KN
                15:56:56:73  MEMBER PROPERTY EUROP
                15:56:56:92    ++ Finished Reading Member Properties ...
                15:56:56:92  CONSTANTS
                15:56:56:93  SUPPORTS
                15:56:56:93  ENTERING SUPPORT
                15:56:56:94  MEMBER OFFSET
                15:56:56:95  DEFINE WIND LOAD
                15:56:56:96  LOAD 121 LOADTYPE DEA
                15:56:56:96  DUPLICATE ELEMENT CHECK
                15:56:56:97  CHECKING STRUCTURAL INTEGRITY
                15:56:56:98  CHECK UNCONNECTED JOINTS AND
                15:56:56:98  CALCULATE MAX JOINT CONNECTIVITY
                15:56:56:99  CHECK MULTIPLE STRUCTURES
                15:56:56:99  STRUCTURE IS DISJOINTED
                15:56:57: 0  STRUCTURE IS DISJOINTED
                15:56:57: 0  ENTERING SUPPORT
                15:56:57: 1  NRJOLD                                           0
                15:56:57: 2  SUPPORT NOLD                                     0
                15:56:57: 2  SUPPORT N                                       72
                15:56:57: 3  BEFORE LOADPR
                15:56:57: 3  REOPEN AS DIR                                    0
                15:56:57: 4  ENTER LOADPR
                15:56:57:17  PERFORM ANALYSIS PRIN
                15:56:57:17  pdel iter                                        0
                15:56:57:18  MAXIMUM E =                           2.973273E+04
                15:56:57:18  MINIMUM E =                           2.973273E+04
                15:56:57:19  MBW DOF BAND=                                    1
                15:56:57:19  NUMBER OF PRIMARY CASES                        101
                15:56:57:20  NUMBER OF CASES                                252
                15:56:57:20  #OF CASES W/ELEM INMEMORY                      252
                15:56:57:20  MEMORY FOR MEMBER LOADS                      39312
                15:56:57:21  MEMORY FOR DISPLACEMENTS                     22680
                15:56:57:21  MEMORY FOR MEMBER FORCES                     39312
                15:56:57:22  Using 64-bit analysis engine
                15:56:57:22  BEFORE SOLVER 1
                15:56:57:22  Start Input for Next Load Case
                15:56:57:23  case no=  121 seq. no=   1 idynl= 0
                15:56:57:23  MASSSET                                          0
                15:56:57:24  LOADEND ISLAVE                                   0
                15:56:57:24  Start Input for Next Load Case
                15:56:57:24  case no=  201 seq. no=   2 idynl= 0
                15:56:57:25  LOADEND ISLAVE                                   0
                15:56:57:25  Start Input for Next Load Case
                15:56:57:26  case no=  202 seq. no=   3 idynl= 0
                15:56:57:26  LOADEND ISLAVE                                   0
                15:56:57:27  Start Input for Next Load Case
                15:56:57:27  case no=  203 seq. no=   4 idynl= 0
                15:56:57:27  LOADEND ISLAVE                                   0
                15:56:57:28  Start Input for Next Load Case
                15:56:57:28  case no=  204 seq. no=   5 idynl= 0
                15:56:57:28  LOADEND ISLAVE                                   0
                15:56:57:29  Start Input for Next Load Case
                15:56:57:29  case no=  205 seq. no=   6 idynl= 0
                15:56:57:30  LOADEND ISLAVE                                   0
                15:56:57:30  Start Input for Next Load Case
                15:56:57:31  case no=  206 seq. no=   7 idynl= 0
                15:56:57:31  LOADEND ISLAVE                                   0
                15:56:57:32  Start Input for Next Load Case
                15:56:57:32  case no=  207 seq. no=   8 idynl= 0
                15:56:57:32  LOADEND ISLAVE                                   0
                15:56:57:33  Start Input for Next Load Case
                15:56:57:33  case no=  208 seq. no=   9 idynl= 0
                15:56:57:34  LOADEND ISLAVE                                   0
                15:56:57:34  Start Input for Next Load Case
                15:56:57:34  case no=  312 seq. no=  10 idynl= 0
                15:56:57:35  LOADEND ISLAVE                                   0
                15:56:57:35  Start Input for Next Load Case
                15:56:57:36  case no=  313 seq. no=  11 idynl= 0
                15:56:57:36  LOADEND ISLAVE                                   0
                15:56:57:37  Start Input for Next Load Case
                15:56:57:37  case no=  314 seq. no=  12 idynl= 0
                15:56:57:37  LOADEND ISLAVE                                   0
                15:56:57:38  Start Input for Next Load Case
                15:56:57:38  case no=  315 seq. no=  13 idynl= 0
                15:56:57:39  LOADEND ISLAVE                                   0
                15:56:57:39  Start Input for Next Load Case
                15:56:57:39  case no=  322 seq. no=  14 idynl= 0
                15:56:57:40  LOADEND ISLAVE                                   0
                15:56:57:40  Start Input for Next Load Case
                15:56:57:41  case no=  323 seq. no=  15 idynl= 0
                15:56:57:41  LOADEND ISLAVE                                   0
                15:56:57:42  Start Input for Next Load Case
                15:56:57:42  case no=  324 seq. no=  16 idynl= 0
                15:56:57:42  LOADEND ISLAVE                                   0
                15:56:57:43  Start Input for Next Load Case
                15:56:57:43  case no=  325 seq. no=  17 idynl= 0
                15:56:57:44  LOADEND ISLAVE                                   0
                15:56:57:44  Start Input for Next Load Case
                15:56:57:44  case no=  332 seq. no=  18 idynl= 0
                15:56:57:45  LOADEND ISLAVE                                   0
                15:56:57:46  Start Input for Next Load Case
                15:56:57:46  case no=  333 seq. no=  19 idynl= 0
                15:56:57:46  LOADEND ISLAVE                                   0
                15:56:57:47  Start Input for Next Load Case
                15:56:57:47  case no=  334 seq. no=  20 idynl= 0
                15:56:57:48  LOADEND ISLAVE                                   0
                15:56:57:48  Start Input for Next Load Case
                15:56:57:49  case no=  335 seq. no=  21 idynl= 0
                15:56:57:50  LOADEND ISLAVE                                   0
                15:56:57:50  Start Input for Next Load Case
                15:56:57:51  case no=  411 seq. no=  22 idynl= 0
                15:56:57:51  LOADEND ISLAVE                                   0
                15:56:57:52  Start Input for Next Load Case
                15:56:57:53  case no=  412 seq. no=  23 idynl= 0
                15:56:57:53  LOADEND ISLAVE                                   0
                15:56:57:54  Start Input for Next Load Case
                15:56:57:55  case no=  413 seq. no=  24 idynl= 0
                15:56:57:56  LOADEND ISLAVE                                   0
                15:56:57:57  Start Input for Next Load Case
                15:56:57:58  case no=  414 seq. no=  25 idynl= 0
                15:56:57:59  LOADEND ISLAVE                                   0
                15:56:57:60  Start Input for Next Load Case
                15:56:57:61  case no=  415 seq. no=  26 idynl= 0
                15:56:57:63  LOADEND ISLAVE                                   0
                15:56:57:64  Start Input for Next Load Case
                15:56:57:65  case no=  416 seq. no=  27 idynl= 0
                15:56:57:65  LOADEND ISLAVE                                   0
                15:56:57:66  Start Input for Next Load Case
                15:56:57:67  case no=  417 seq. no=  28 idynl= 0
                15:56:57:67  LOADEND ISLAVE                                   0
                15:56:57:68  Start Input for Next Load Case
                15:56:57:68  case no=  418 seq. no=  29 idynl= 0
                15:56:57:69  LOADEND ISLAVE                                   0
                15:56:57:70  Start Input for Next Load Case
                15:56:57:70  case no=  421 seq. no=  30 idynl= 0
                15:56:57:71  LOADEND ISLAVE                                   0
                15:56:57:71  Start Input for Next Load Case
                15:56:57:71  case no=  422 seq. no=  31 idynl= 0
                15:56:57:72  LOADEND ISLAVE                                   0
                15:56:57:72  Start Input for Next Load Case
                15:56:57:73  case no=  423 seq. no=  32 idynl= 0
                15:56:57:73  LOADEND ISLAVE                                   0
                15:56:57:74  Start Input for Next Load Case
                15:56:57:74  case no=  424 seq. no=  33 idynl= 0
                15:56:57:74  LOADEND ISLAVE                                   0
                15:56:57:75  Start Input for Next Load Case
                15:56:57:75  case no=  425 seq. no=  34 idynl= 0
                15:56:57:76  LOADEND ISLAVE                                   0
                15:56:57:76  Start Input for Next Load Case
                15:56:57:76  case no=  426 seq. no=  35 idynl= 0
                15:56:57:77  LOADEND ISLAVE                                   0
                15:56:57:77  Start Input for Next Load Case
                15:56:57:78  case no=  427 seq. no=  36 idynl= 0
                15:56:57:78  LOADEND ISLAVE                                   0
                15:56:57:78  Start Input for Next Load Case
                15:56:57:79  case no=  428 seq. no=  37 idynl= 0
                15:56:57:79  LOADEND ISLAVE                                   0
                15:56:57:80  Start Input for Next Load Case
                15:56:57:80  case no=  711 seq. no=  38 idynl= 0
                15:56:57:81  LOADEND ISLAVE                                   0
                15:56:57:81  Start Input for Next Load Case
                15:56:57:81  case no=  712 seq. no=  39 idynl= 0
                15:56:57:82  LOADEND ISLAVE                                   0
                15:56:57:82  Start Input for Next Load Case
                15:56:57:83  case no=  713 seq. no=  40 idynl= 0
                15:56:57:83  LOADEND ISLAVE                                   0
                15:56:57:84  Start Input for Next Load Case
                15:56:57:84  case no=  714 seq. no=  41 idynl= 0
                15:56:57:85  LOADEND ISLAVE                                   0
                15:56:57:85  Start Input for Next Load Case
                15:56:57:85  case no=  715 seq. no=  42 idynl= 0
                15:56:57:86  LOADEND ISLAVE                                   0
                15:56:57:86  Start Input for Next Load Case
                15:56:57:87  case no=  716 seq. no=  43 idynl= 0
                15:56:57:87  LOADEND ISLAVE                                   0
                15:56:57:87  Start Input for Next Load Case
                15:56:57:88  case no=  717 seq. no=  44 idynl= 0
                15:56:57:88  LOADEND ISLAVE                                   0
                15:56:57:89  Start Input for Next Load Case
                15:56:57:89  case no=  718 seq. no=  45 idynl= 0
                15:56:57:89  LOADEND ISLAVE                                   0
                15:56:57:90  Start Input for Next Load Case
                15:56:57:90  case no= 1101 seq. no=  46 idynl= 0
                15:56:57:91  LOADEND ISLAVE                                   0
                15:56:57:91  Start Input for Next Load Case
                15:56:57:91  case no= 1102 seq. no=  47 idynl= 0
                15:56:57:92  LOADEND ISLAVE                                   0
                15:56:57:92  Start Input for Next Load Case
                15:56:57:93  case no= 1103 seq. no=  48 idynl= 0
                15:56:57:93  LOADEND ISLAVE                                   0
                15:56:57:93  Start Input for Next Load Case
                15:56:57:94  case no= 1104 seq. no=  49 idynl= 0
                15:56:57:94  LOADEND ISLAVE                                   0
                15:56:57:95  Start Input for Next Load Case
                15:56:57:95  case no= 1105 seq. no=  50 idynl= 0
                15:56:57:96  LOADEND ISLAVE                                   0
                15:56:57:96  Start Input for Next Load Case
                15:56:57:96  case no= 1106 seq. no=  51 idynl= 0
                15:56:57:97  LOADEND ISLAVE                                   0
                15:56:57:97  Start Input for Next Load Case
                15:56:57:98  case no= 1107 seq. no=  52 idynl= 0
                15:56:57:98  LOADEND ISLAVE                                   0
                15:56:57:98  Start Input for Next Load Case
                15:56:57:99  case no= 1108 seq. no=  53 idynl= 0
                15:56:57:99  LOADEND ISLAVE                                   0
                15:56:58: 0  Start Input for Next Load Case
                15:56:58: 0  case no= 1201 seq. no=  54 idynl= 0
                15:56:58: 0  LOADEND ISLAVE                                   0
                15:56:58: 1  Start Input for Next Load Case
                15:56:58: 1  case no= 1202 seq. no=  55 idynl= 0
                15:56:58: 2  LOADEND ISLAVE                                   0
                15:56:58: 2  Start Input for Next Load Case
                15:56:58: 3  case no= 1203 seq. no=  56 idynl= 0
                15:56:58: 3  LOADEND ISLAVE                                   0
                15:56:58: 3  Start Input for Next Load Case
                15:56:58: 4  case no= 1204 seq. no=  57 idynl= 0
                15:56:58: 5  LOADEND ISLAVE                                   0
                15:56:58: 5  Start Input for Next Load Case
                15:56:58: 5  case no= 1205 seq. no=  58 idynl= 0
                15:56:58: 6  LOADEND ISLAVE                                   0
                15:56:58: 6  Start Input for Next Load Case
                15:56:58: 7  case no= 1206 seq. no=  59 idynl= 0
                15:56:58: 7  LOADEND ISLAVE                                   0
                15:56:58: 8  Start Input for Next Load Case
                15:56:58: 8  case no= 1207 seq. no=  60 idynl= 0
                15:56:58: 9  LOADEND ISLAVE                                   0
                15:56:58: 9  Start Input for Next Load Case
                15:56:58:10  case no= 1208 seq. no=  61 idynl= 0
                15:56:58:10  LOADEND ISLAVE                                   0
                15:56:58:11  Start Input for Next Load Case
                15:56:58:11  case no= 2101 seq. no=  62 idynl= 0
                15:56:58:12  LOADEND ISLAVE                                   0
                15:56:58:12  Start Input for Next Load Case
                15:56:58:12  case no= 2102 seq. no=  63 idynl= 0
                15:56:58:13  LOADEND ISLAVE                                   0
                15:56:58:13  Start Input for Next Load Case
                15:56:58:14  case no= 2103 seq. no=  64 idynl= 0
                15:56:58:14  LOADEND ISLAVE                                   0
                15:56:58:14  Start Input for Next Load Case
                15:56:58:15  case no= 2104 seq. no=  65 idynl= 0
                15:56:58:15  LOADEND ISLAVE                                   0
                15:56:58:16  Start Input for Next Load Case
                15:56:58:16  case no= 2105 seq. no=  66 idynl= 0
                15:56:58:16  LOADEND ISLAVE                                   0
                15:56:58:17  Start Input for Next Load Case
                15:56:58:17  case no= 2106 seq. no=  67 idynl= 0
                15:56:58:18  LOADEND ISLAVE                                   0
                15:56:58:18  Start Input for Next Load Case
                15:56:58:19  case no= 2107 seq. no=  68 idynl= 0
                15:56:58:19  LOADEND ISLAVE                                   0
                15:56:58:19  Start Input for Next Load Case
                15:56:58:20  case no= 2108 seq. no=  69 idynl= 0
                15:56:58:20  LOADEND ISLAVE                                   0
                15:56:58:21  Start Input for Next Load Case
                15:56:58:21  case no= 3001 seq. no=  70 idynl= 0
                15:56:58:21  LOADEND ISLAVE                                   0
                15:56:58:22  Start Input for Next Load Case
                15:56:58:22  case no= 3002 seq. no=  71 idynl= 0
                15:56:58:23  LOADEND ISLAVE                                   0
                15:56:58:23  Start Input for Next Load Case
                15:56:58:23  case no= 3003 seq. no=  72 idynl= 0
                15:56:58:24  LOADEND ISLAVE                                   0
                15:56:58:24  Start Input for Next Load Case
                15:56:58:25  case no= 3004 seq. no=  73 idynl= 0
                15:56:58:25  LOADEND ISLAVE                                   0
                15:56:58:26  Start Input for Next Load Case
                15:56:58:27  case no= 3005 seq. no=  74 idynl= 0
                15:56:58:27  LOADEND ISLAVE                                   0
                15:56:58:28  Start Input for Next Load Case
                15:56:58:29  case no= 3006 seq. no=  75 idynl= 0
                15:56:58:30  LOADEND ISLAVE                                   0
                15:56:58:31  Start Input for Next Load Case
                15:56:58:32  case no= 3007 seq. no=  76 idynl= 0
                15:56:58:33  LOADEND ISLAVE                                   0
                15:56:58:34  Start Input for Next Load Case
                15:56:58:35  case no= 3008 seq. no=  77 idynl= 0
                15:56:58:36  LOADEND ISLAVE                                   0
                15:56:58:37  Start Input for Next Load Case
                15:56:58:38  case no= 3011 seq. no=  78 idynl= 0
                15:56:58:39  LOADEND ISLAVE                                   0
                15:56:58:39  Start Input for Next Load Case
                15:56:58:40  case no= 3012 seq. no=  79 idynl= 0
                15:56:58:41  LOADEND ISLAVE                                   0
                15:56:58:41  Start Input for Next Load Case
                15:56:58:42  case no= 3013 seq. no=  80 idynl= 0
                15:56:58:43  LOADEND ISLAVE                                   0
                15:56:58:43  Start Input for Next Load Case
                15:56:58:44  case no= 3014 seq. no=  81 idynl= 0
                15:56:58:44  LOADEND ISLAVE                                   0
                15:56:58:45  Start Input for Next Load Case
                15:56:58:45  case no= 3015 seq. no=  82 idynl= 0
                15:56:58:46  LOADEND ISLAVE                                   0
                15:56:58:46  Start Input for Next Load Case
                15:56:58:47  case no= 3016 seq. no=  83 idynl= 0
                15:56:58:47  LOADEND ISLAVE                                   0
                15:56:58:48  Start Input for Next Load Case
                15:56:58:48  case no= 3017 seq. no=  84 idynl= 0
                15:56:58:49  LOADEND ISLAVE                                   0
                15:56:58:49  Start Input for Next Load Case
                15:56:58:49  case no= 3018 seq. no=  85 idynl= 0
                15:56:58:50  LOADEND ISLAVE                                   0
                15:56:58:51  Start Input for Next Load Case
                15:56:58:51  case no= 3021 seq. no=  86 idynl= 0
                15:56:58:51  LOADEND ISLAVE                                   0
                15:56:58:52  Start Input for Next Load Case
                15:56:58:52  case no= 3022 seq. no=  87 idynl= 0
                15:56:58:53  LOADEND ISLAVE                                   0
                15:56:58:53  Start Input for Next Load Case
                15:56:58:54  case no= 3023 seq. no=  88 idynl= 0
                15:56:58:54  LOADEND ISLAVE                                   0
                15:56:58:55  Start Input for Next Load Case
                15:56:58:55  case no= 3024 seq. no=  89 idynl= 0
                15:56:58:55  LOADEND ISLAVE                                   0
                15:56:58:56  Start Input for Next Load Case
                15:56:58:56  case no= 3025 seq. no=  90 idynl= 0
                15:56:58:57  LOADEND ISLAVE                                   0
                15:56:58:57  Start Input for Next Load Case
                15:56:58:58  case no= 3026 seq. no=  91 idynl= 0
                15:56:58:58  LOADEND ISLAVE                                   0
                15:56:58:58  Start Input for Next Load Case
                15:56:58:59  case no= 3027 seq. no=  92 idynl= 0
                15:56:58:59  LOADEND ISLAVE                                   0
                15:56:58:60  Start Input for Next Load Case
                15:56:58:60  case no= 3028 seq. no=  93 idynl= 0
                15:56:58:61  LOADEND ISLAVE                                   0
                15:56:58:61  Start Input for Next Load Case
                15:56:58:62  case no= 3201 seq. no=  94 idynl= 0
                15:56:58:62  LOADEND ISLAVE                                   0
                15:56:58:62  Start Input for Next Load Case
                15:56:58:63  case no= 3202 seq. no=  95 idynl= 0
                15:56:58:63  LOADEND ISLAVE                                   0
                15:56:58:64  Start Input for Next Load Case
                15:56:58:64  case no= 3203 seq. no=  96 idynl= 0
                15:56:58:65  LOADEND ISLAVE                                   0
                15:56:58:65  Start Input for Next Load Case
                15:56:58:66  case no= 3204 seq. no=  97 idynl= 0
                15:56:58:66  LOADEND ISLAVE                                   0
                15:56:58:67  Start Input for Next Load Case
                15:56:58:67  case no= 3205 seq. no=  98 idynl= 0
                15:56:58:68  LOADEND ISLAVE                                   0
                15:56:58:68  Start Input for Next Load Case
                15:56:58:69  case no= 3206 seq. no=  99 idynl= 0
                15:56:58:69  LOADEND ISLAVE                                   0
                15:56:58:69  Start Input for Next Load Case
                15:56:58:70  case no= 3207 seq. no= 100 idynl= 0
                15:56:58:70  LOADEND ISLAVE                                   0
                15:56:58:71  Start Input for Next Load Case
                15:56:58:71  case no= 3208 seq. no= 101 idynl= 0
                15:56:58:71  LOADEND ISLAVE                                   0
                15:56:58:72  NVPREV                                           0
                15:56:58:72  AMAXNON                               5.505249E-01
                15:56:58:73  IRECSIZL=                                     4000
                15:56:58:73  MTX BLOCKSIZE=                                  72
                15:56:58:73  MI=                                             72
                15:56:58:74  NORECL=                                          1
                15:56:58:74  NORECL1=                                         1
                15:56:58:75  IWORD=                                       32000
                15:56:58:75  JRECSIZE=                                     4000
                15:56:58:75  IWORDJ=                                      32000
                15:56:58:76  IBYTE=                                           4
                15:56:58:76  JOINTS=                                         15
                15:56:58:77  MEMBERS=                                        13
                15:56:58:77  PLATES =                                         0
                15:56:58:77  SOLIDS =                                         0
                15:56:58:78  NO. OF EQUATIONS=                               72
                15:56:58:78  idyn=                                            0
                15:56:58:79  ipd=                                             0
                15:56:58:79  icablanl=                                        0
                15:56:58:80  ++ Processing Element Stiffness Matrix.
                15:56:58:80  NV1                                            101
                15:56:58:91  ++ Calculating Element Forces & Reactions.
                15:56:59:36  COMBINATION CASES=                               0
                15:56:59:36  MAX CM MEMORY (KILOWORDS)                       32
                15:56:59:36  AFTER SOLVER 1
                15:56:59:37  REOPEN AS SEQ                                    0
                15:56:59:37  DEFINE ENVELOPE
                15:56:59:39  LOAD LIST 1101 TO 110
                15:56:59:39  PARAMETER 1
                15:56:59:40  CHECK CODE ALL
                15:56:59:40  ENTERING SECTNM110 IQ=                          13
                15:56:59:41               NSEC=                              11
                15:56:59:41             ISECTN=                               0
                15:56:59:43  SECTNM110 DO 925
                15:56:59:45  ENTERING ENVLP1 ITYP1=                          -3
                15:56:59:45  SECT DISPLACE
                15:56:59:48  Steel/Alum/Timber Design                        52
                15:56:59:50    ++ Finished Design ...
                15:56:59:50  Steel/Timber Design exit
                15:56:59:50  LOAD LIST 2101 TO 210
                15:56:59:51  PARAMETER 1
                15:56:59:52  CHECK CODE ALL
                15:56:59:52  ENTERING ENVLP1 ITYP1=                          -3
                15:56:59:53  SECT DISPLACE
                15:56:59:55  Steel/Alum/Timber Design                        52
                15:56:59:56    ++ Finished Design ...
                15:56:59:57  Steel/Timber Design exit
                15:56:59:57  LOAD LIST ENV 4 TO 7
                15:56:59:58  PARAMETER 1
                15:56:59:59  CHECK CODE ALL
                15:56:59:59  ENTERING ENVLP1 ITYP1=                          -3
                15:56:59:59  SECT DISPLACE
                15:56:59:62  Steel/Alum/Timber Design                        52
                15:56:59:64    ++ Finished Design ...
                15:56:59:64  Steel/Timber Design exit
                15:56:59:65  PRINT JOINT DISPLACEM
                15:56:59:65  DRAW ISOM JOIN MEMB
                15:56:59:66  ENTERING SECTNM110 IQ=                          13
                15:56:59:66               NSEC=                              11
                15:56:59:67             ISECTN=                               0
                15:56:59:69  SECTNM110 DO 925
                15:56:59:71  PRINT SUPPORT REACTIO
                15:56:59:71  DRAW ISOM SUPP PROP
                15:56:59:72  ENTERING SECTNM110 IQ=                          13
                15:56:59:73               NSEC=                              11
                15:56:59:74             ISECTN=                               0
                15:56:59:78  SECTNM110 DO 925
                15:56:59:83  DRAW ISOM SHAP
                15:56:59:83  ENTERING SECTNM110 IQ=                          13
                15:56:59:84               NSEC=                              11
                15:56:59:84             ISECTN=                               0
                15:56:59:87  SECTNM110 DO 925
                15:56:59:90  PRINT CG
                15:56:59:90  FINISH
                15:56:59:90  All Commands FINISHed
                15:56:59:91  DATASAVE for SPRO GUI
                15:56:59:92  ++ Creating Displacement File (DSP)...
                15:56:59:93  ++ Creating Reaction File (REA)...
                15:56:59:93  ++ Creating Section Force File (BMD)...
                15:56:59:96  ++ Creating Section Displace File (SEC)...
                15:56:59:96  ENTERING ENVLP1 ITYP1=                          -5
                15:56:59:96  SECT DISPLACE
                15:57: 0: 0  ++ Creating Section Displace File (SCN)...
                15:57: 0: 3  ++ Creating Design information File (DGN)...
                15:57: 0: 4  ALLOCATED CM MEMORY (KILOWORDS)             300000
                15:57: 0: 4  MAX CM MEMORY (KILOWORDS)                       81
                15:57: 0: 5  DBS LONG SEC NAME
* End Of Analysis At Fri Jul 12 15:57:00 2024
* CPU usage = 3.465000
* STAAD Exit Code: 100, Warning Count: 1, Error Count: 0, Duration: 3.465
1 1 0 3.465
****************************************************************************
*                            END OF ANALYSIS                               *
****************************************************************************
