01/13/2025 11:16:43	Reading UID database.
01/13/2025 11:16:43	Start loading STAAD model.
01/13/2025 11:16:43	Reading model file.
01/13/2025 11:16:44	Reading model file is complete.
01/13/2025 11:16:44	Processing support.
01/13/2025 11:16:44	Processing springs.
01/13/2025 11:16:44	Processing properties.
01/13/2025 11:16:44	Processing physical properties.
01/13/2025 11:16:44	Processing constants.
01/13/2025 11:16:44	Processing BETA constants.
01/13/2025 11:16:44	Processing hidden analytical member loads.
01/13/2025 11:16:44	Processing command list for member release.
01/13/2025 11:16:44	Processing command list for member offset.
01/13/2025 11:16:44	Processing command list for member specs (cracked).
01/13/2025 11:16:44	Processing command list for member specs (axial).
01/13/2025 11:16:44	Processing command list for element release.
01/13/2025 11:16:44	Processing command list for element offset.
01/13/2025 11:16:44	Processing command list for element plate stress directive.
01/13/2025 11:16:44	Processing parameter for Chinese wind load case.
01/13/2025 11:16:44	End Processing command list.
01/13/2025 11:16:44	End loading STAAD model.
01/13/2025 11:16:44	Start Post Analysis method
01/13/2025 11:16:44	Removed all hidden plates from surfaces
01/13/2025 11:16:44	Removed all hidden plates
01/13/2025 11:16:44	Removed all hidden nodes
01/13/2025 11:16:44	Loading results from MSH file...
01/13/2025 11:16:44	Building result indices...
01/13/2025 11:16:44	Loading plate stress results...
01/13/2025 11:16:44	Set analysis report setup data
01/13/2025 11:16:44	Starting page setup...
01/13/2025 11:16:44	Page setup completed
01/13/2025 11:16:44	Setting available workflows...
01/13/2025 11:16:44	Post analysis method ends
01/13/2025 11:17:21	Start Post Analysis method
01/13/2025 11:17:21	Removed all hidden plates from surfaces
01/13/2025 11:17:21	Removed all hidden plates
01/13/2025 11:17:21	Removed all hidden nodes
01/13/2025 11:17:21	Loading results from MSH file...
01/13/2025 11:17:21	Building result indices...
01/13/2025 11:17:21	Loading plate stress results...
01/13/2025 11:17:21	Set analysis report setup data
01/13/2025 11:17:21	Starting page setup...
01/13/2025 11:17:21	Page setup completed
01/13/2025 11:17:21	Setting available workflows...
01/13/2025 11:17:21	Post analysis method ends
01/13/2025 11:17:32	Start Post Analysis method
01/13/2025 11:17:32	Removed all hidden plates from surfaces
01/13/2025 11:17:32	Removed all hidden plates
01/13/2025 11:17:32	Removed all hidden nodes
01/13/2025 11:17:32	Loading results from MSH file...
01/13/2025 11:17:32	Building result indices...
01/13/2025 11:17:32	Loading plate stress results...
01/13/2025 11:17:32	Set analysis report setup data
01/13/2025 11:17:32	Starting page setup...
01/13/2025 11:17:32	Page setup completed
01/13/2025 11:17:32	Setting available workflows...
01/13/2025 11:17:32	Post analysis method ends
