10/29/2024 14:40:47	Reading UID database.
10/29/2024 14:40:47	Start loading STAAD model.
10/29/2024 14:40:47	Reading model file.
10/29/2024 14:40:47	Reading model file is complete.
10/29/2024 14:40:47	Processing support.
10/29/2024 14:40:47	Processing springs.
10/29/2024 14:40:47	Processing properties.
10/29/2024 14:40:47	Processing physical properties.
10/29/2024 14:40:47	Processing constants.
10/29/2024 14:40:47	Processing BETA constants.
10/29/2024 14:40:47	Processing hidden analytical member loads.
10/29/2024 14:40:47	Processing command list for member release.
10/29/2024 14:40:47	Processing command list for member offset.
10/29/2024 14:40:47	Processing command list for member specs (cracked).
10/29/2024 14:40:47	Processing command list for member specs (axial).
10/29/2024 14:40:47	Processing command list for element release.
10/29/2024 14:40:47	Processing command list for element offset.
10/29/2024 14:40:47	Processing command list for element plate stress directive.
10/29/2024 14:40:47	Processing parameter for Chinese wind load case.
10/29/2024 14:40:47	End Processing command list.
10/29/2024 14:40:47	End loading STAAD model.
10/29/2024 14:40:47	Start Post Analysis method
10/29/2024 14:40:47	Removed all hidden plates from surfaces
10/29/2024 14:40:47	Removed all hidden plates
10/29/2024 14:40:47	Removed all hidden nodes
10/29/2024 14:40:47	Loading results from MSH file...
10/29/2024 14:40:47	Building result indices...
10/29/2024 14:40:47	Loading plate stress results...
10/29/2024 14:40:47	Set analysis report setup data
10/29/2024 14:40:47	Starting page setup...
10/29/2024 14:40:47	Page setup completed
10/29/2024 14:40:47	Setting available workflows...
10/29/2024 14:40:47	Post analysis method ends
10/29/2024 14:57:38	Start Post Analysis method
10/29/2024 14:57:38	Removed all hidden plates from surfaces
10/29/2024 14:57:38	Removed all hidden plates
10/29/2024 14:57:38	Removed all hidden nodes
10/29/2024 14:57:38	Loading results from MSH file...
10/29/2024 14:57:38	Building result indices...
10/29/2024 14:57:38	Loading plate stress results...
10/29/2024 14:57:38	Set analysis report setup data
10/29/2024 14:57:38	Starting page setup...
10/29/2024 14:57:38	Page setup completed
10/29/2024 14:57:38	Setting available workflows...
10/29/2024 14:57:38	Post analysis method ends
10/29/2024 14:58:26	Start Post Analysis method
10/29/2024 14:58:26	Removed all hidden plates from surfaces
10/29/2024 14:58:26	Removed all hidden plates
10/29/2024 14:58:26	Removed all hidden nodes
10/29/2024 14:58:26	Loading results from MSH file...
10/29/2024 14:58:26	Building result indices...
10/29/2024 14:58:26	Loading plate stress results...
10/29/2024 14:58:26	Set analysis report setup data
10/29/2024 14:58:26	Starting page setup...
10/29/2024 14:58:26	Page setup completed
10/29/2024 14:58:26	Setting available workflows...
10/29/2024 14:58:26	Post analysis method ends
10/29/2024 17:55:10	Start Post Analysis method
10/29/2024 17:55:10	Removed all hidden plates from surfaces
10/29/2024 17:55:10	Removed all hidden plates
10/29/2024 17:55:10	Removed all hidden nodes
10/29/2024 17:55:10	Loading results from MSH file...
10/29/2024 17:55:10	Building result indices...
10/29/2024 17:55:10	Loading plate stress results...
10/29/2024 17:55:10	Set analysis report setup data
10/29/2024 17:55:10	Starting page setup...
10/29/2024 17:55:10	Page setup completed
10/29/2024 17:55:10	Setting available workflows...
10/29/2024 17:55:10	Post analysis method ends
