18:17:51	Initializing STAAD Engine
18:17:51	Run stream set up is complete.
18:17:51	Initialize license libraries.
18:17:51	License libraries initialized.
18:17:51	Starting license(s) for A & D engine.
18:17:52	License Status: Ok
18:17:52	License information set up is complete.
****************************************************************************
*                            START OF ANALYSIS                             *
****************************************************************************
* Initiating Analysis At Tue Oct 29 18:17:52 2024
                          PROGRAM: STAAD.Pro
                          VERSION: 23.00.03.25
                18:17:52:21  ENTERING STAAD
                18:17:52:24  USING 64 BIT STAAD ENGINE
                18:17:52:24  ENTERING MAINN
                18:17:52:24  START JOB INFORMATION
                18:17:52:25  INPUT WIDTH 79
                18:17:52:25  UNIT MMS KN
                18:17:52:25  JOINT COORDINATES
                18:17:52:26  ENTERING JOINTC
                18:17:52:26  JOINTC NEWJ                                 400000
                18:17:52:27  MAX NODE NO.                                    14
                18:17:52:27  MEMBER INCIDENCES
                18:17:52:28  UNIT METER KN
                18:17:52:28  DEFINE MATERIAL START
                18:17:52:29  UNIT MMS KN
                18:17:52:29  MEMBER PROPERTY EUROP
                18:17:52:86    ++ Finished Reading Member Properties ...
                18:17:52:86  CONSTANTS
                18:17:52:87  SUPPORTS
                18:17:52:88  ENTERING SUPPORT
                18:17:52:88  MEMBER OFFSET
                18:17:52:89  DEFINE WIND LOAD
                18:17:52:91  LOAD 121 LOADTYPE DEA
                18:17:52:91  DUPLICATE ELEMENT CHECK
                18:17:52:91  CHECKING STRUCTURAL INTEGRITY
                18:17:52:92  CHECK UNCONNECTED JOINTS AND
                18:17:52:93  CALCULATE MAX JOINT CONNECTIVITY
                18:17:52:93  CHECK MULTIPLE STRUCTURES
                18:17:52:94  ENTERING SUPPORT
                18:17:52:94  NRJOLD                                           0
                18:17:52:95  SUPPORT NOLD                                     0
                18:17:52:95  SUPPORT N                                       60
                18:17:52:96  BEFORE LOADPR
                18:17:52:96  REOPEN AS DIR                                    0
                18:17:52:97  ENTER LOADPR
                18:17:53:10  PERFORM ANALYSIS PRIN
                18:17:53:10  pdel iter                                        0
                18:17:53:10  MAXIMUM E =                           2.973273E+04
                18:17:53:11  MINIMUM E =                           2.973273E+04
                18:17:53:11  MBW DOF BAND=                                    1
                18:17:53:12  NUMBER OF PRIMARY CASES                        101
                18:17:53:13  NUMBER OF CASES                                252
                18:17:53:13  #OF CASES W/ELEM INMEMORY                      252
                18:17:53:14  MEMORY FOR MEMBER LOADS                      42336
                18:17:53:15  MEMORY FOR DISPLACEMENTS                     21168
                18:17:53:15  MEMORY FOR MEMBER FORCES                     42336
                18:17:53:16  Using 64-bit analysis engine
                18:17:53:16  BEFORE SOLVER 1
                18:17:53:17  Start Input for Next Load Case
                18:17:53:17  case no=  121 seq. no=   1 idynl= 0
                18:17:53:18  MASSSET                                          0
                18:17:53:18  LOADEND ISLAVE                                   0
                18:17:53:19  Start Input for Next Load Case
                18:17:53:19  case no=  201 seq. no=   2 idynl= 0
                18:17:53:20  LOADEND ISLAVE                                   0
                18:17:53:20  Start Input for Next Load Case
                18:17:53:20  case no=  202 seq. no=   3 idynl= 0
                18:17:53:21  LOADEND ISLAVE                                   0
                18:17:53:21  Start Input for Next Load Case
                18:17:53:22  case no=  203 seq. no=   4 idynl= 0
                18:17:53:22  LOADEND ISLAVE                                   0
                18:17:53:23  Start Input for Next Load Case
                18:17:53:23  case no=  204 seq. no=   5 idynl= 0
                18:17:53:23  LOADEND ISLAVE                                   0
                18:17:53:24  Start Input for Next Load Case
                18:17:53:24  case no=  205 seq. no=   6 idynl= 0
                18:17:53:25  LOADEND ISLAVE                                   0
                18:17:53:25  Start Input for Next Load Case
                18:17:53:26  case no=  206 seq. no=   7 idynl= 0
                18:17:53:26  LOADEND ISLAVE                                   0
                18:17:53:27  Start Input for Next Load Case
                18:17:53:27  case no=  207 seq. no=   8 idynl= 0
                18:17:53:28  LOADEND ISLAVE                                   0
                18:17:53:28  Start Input for Next Load Case
                18:17:53:29  case no=  208 seq. no=   9 idynl= 0
                18:17:53:29  LOADEND ISLAVE                                   0
                18:17:53:30  Start Input for Next Load Case
                18:17:53:30  case no=  312 seq. no=  10 idynl= 0
                18:17:53:30  LOADEND ISLAVE                                   0
                18:17:53:31  Start Input for Next Load Case
                18:17:53:31  case no=  313 seq. no=  11 idynl= 0
                18:17:53:32  LOADEND ISLAVE                                   0
                18:17:53:32  Start Input for Next Load Case
                18:17:53:33  case no=  314 seq. no=  12 idynl= 0
                18:17:53:33  LOADEND ISLAVE                                   0
                18:17:53:34  Start Input for Next Load Case
                18:17:53:34  case no=  315 seq. no=  13 idynl= 0
                18:17:53:35  LOADEND ISLAVE                                   0
                18:17:53:35  Start Input for Next Load Case
                18:17:53:35  case no=  322 seq. no=  14 idynl= 0
                18:17:53:36  LOADEND ISLAVE                                   0
                18:17:53:36  Start Input for Next Load Case
                18:17:53:37  case no=  323 seq. no=  15 idynl= 0
                18:17:53:37  LOADEND ISLAVE                                   0
                18:17:53:37  Start Input for Next Load Case
                18:17:53:38  case no=  324 seq. no=  16 idynl= 0
                18:17:53:38  LOADEND ISLAVE                                   0
                18:17:53:39  Start Input for Next Load Case
                18:17:53:39  case no=  325 seq. no=  17 idynl= 0
                18:17:53:40  LOADEND ISLAVE                                   0
                18:17:53:40  Start Input for Next Load Case
                18:17:53:41  case no=  332 seq. no=  18 idynl= 0
                18:17:53:41  LOADEND ISLAVE                                   0
                18:17:53:41  Start Input for Next Load Case
                18:17:53:42  case no=  333 seq. no=  19 idynl= 0
                18:17:53:42  LOADEND ISLAVE                                   0
                18:17:53:43  Start Input for Next Load Case
                18:17:53:43  case no=  334 seq. no=  20 idynl= 0
                18:17:53:44  LOADEND ISLAVE                                   0
                18:17:53:44  Start Input for Next Load Case
                18:17:53:44  case no=  335 seq. no=  21 idynl= 0
                18:17:53:45  LOADEND ISLAVE                                   0
                18:17:53:45  Start Input for Next Load Case
                18:17:53:46  case no=  411 seq. no=  22 idynl= 0
                18:17:53:46  LOADEND ISLAVE                                   0
                18:17:53:46  Start Input for Next Load Case
                18:17:53:47  case no=  412 seq. no=  23 idynl= 0
                18:17:53:47  LOADEND ISLAVE                                   0
                18:17:53:48  Start Input for Next Load Case
                18:17:53:48  case no=  413 seq. no=  24 idynl= 0
                18:17:53:48  LOADEND ISLAVE                                   0
                18:17:53:49  Start Input for Next Load Case
                18:17:53:49  case no=  414 seq. no=  25 idynl= 0
                18:17:53:50  LOADEND ISLAVE                                   0
                18:17:53:50  Start Input for Next Load Case
                18:17:53:50  case no=  415 seq. no=  26 idynl= 0
                18:17:53:51  LOADEND ISLAVE                                   0
                18:17:53:51  Start Input for Next Load Case
                18:17:53:52  case no=  416 seq. no=  27 idynl= 0
                18:17:53:52  LOADEND ISLAVE                                   0
                18:17:53:52  Start Input for Next Load Case
                18:17:53:53  case no=  417 seq. no=  28 idynl= 0
                18:17:53:53  LOADEND ISLAVE                                   0
                18:17:53:54  Start Input for Next Load Case
                18:17:53:54  case no=  418 seq. no=  29 idynl= 0
                18:17:53:55  LOADEND ISLAVE                                   0
                18:17:53:55  Start Input for Next Load Case
                18:17:53:55  case no=  421 seq. no=  30 idynl= 0
                18:17:53:56  LOADEND ISLAVE                                   0
                18:17:53:56  Start Input for Next Load Case
                18:17:53:57  case no=  422 seq. no=  31 idynl= 0
                18:17:53:57  LOADEND ISLAVE                                   0
                18:17:53:57  Start Input for Next Load Case
                18:17:53:58  case no=  423 seq. no=  32 idynl= 0
                18:17:53:58  LOADEND ISLAVE                                   0
                18:17:53:59  Start Input for Next Load Case
                18:17:53:59  case no=  424 seq. no=  33 idynl= 0
                18:17:53:59  LOADEND ISLAVE                                   0
                18:17:53:60  Start Input for Next Load Case
                18:17:53:60  case no=  425 seq. no=  34 idynl= 0
                18:17:53:61  LOADEND ISLAVE                                   0
                18:17:53:61  Start Input for Next Load Case
                18:17:53:62  case no=  426 seq. no=  35 idynl= 0
                18:17:53:62  LOADEND ISLAVE                                   0
                18:17:53:63  Start Input for Next Load Case
                18:17:53:63  case no=  427 seq. no=  36 idynl= 0
                18:17:53:64  LOADEND ISLAVE                                   0
                18:17:53:64  Start Input for Next Load Case
                18:17:53:64  case no=  428 seq. no=  37 idynl= 0
                18:17:53:65  LOADEND ISLAVE                                   0
                18:17:53:65  Start Input for Next Load Case
                18:17:53:66  case no=  711 seq. no=  38 idynl= 0
                18:17:53:66  LOADEND ISLAVE                                   0
                18:17:53:67  Start Input for Next Load Case
                18:17:53:67  case no=  712 seq. no=  39 idynl= 0
                18:17:53:68  LOADEND ISLAVE                                   0
                18:17:53:68  Start Input for Next Load Case
                18:17:53:69  case no=  713 seq. no=  40 idynl= 0
                18:17:53:69  LOADEND ISLAVE                                   0
                18:17:53:69  Start Input for Next Load Case
                18:17:53:70  case no=  714 seq. no=  41 idynl= 0
                18:17:53:70  LOADEND ISLAVE                                   0
                18:17:53:71  Start Input for Next Load Case
                18:17:53:71  case no=  715 seq. no=  42 idynl= 0
                18:17:53:71  LOADEND ISLAVE                                   0
                18:17:53:72  Start Input for Next Load Case
                18:17:53:72  case no=  716 seq. no=  43 idynl= 0
                18:17:53:73  LOADEND ISLAVE                                   0
                18:17:53:73  Start Input for Next Load Case
                18:17:53:74  case no=  717 seq. no=  44 idynl= 0
                18:17:53:74  LOADEND ISLAVE                                   0
                18:17:53:75  Start Input for Next Load Case
                18:17:53:75  case no=  718 seq. no=  45 idynl= 0
                18:17:53:76  LOADEND ISLAVE                                   0
                18:17:53:76  Start Input for Next Load Case
                18:17:53:76  case no= 1101 seq. no=  46 idynl= 0
                18:17:53:77  LOADEND ISLAVE                                   0
                18:17:53:77  Start Input for Next Load Case
                18:17:53:78  case no= 1102 seq. no=  47 idynl= 0
                18:17:53:78  LOADEND ISLAVE                                   0
                18:17:53:79  Start Input for Next Load Case
                18:17:53:79  case no= 1103 seq. no=  48 idynl= 0
                18:17:53:79  LOADEND ISLAVE                                   0
                18:17:53:80  Start Input for Next Load Case
                18:17:53:80  case no= 1104 seq. no=  49 idynl= 0
                18:17:53:81  LOADEND ISLAVE                                   0
                18:17:53:81  Start Input for Next Load Case
                18:17:53:82  case no= 1105 seq. no=  50 idynl= 0
                18:17:53:82  LOADEND ISLAVE                                   0
                18:17:53:82  Start Input for Next Load Case
                18:17:53:83  case no= 1106 seq. no=  51 idynl= 0
                18:17:53:83  LOADEND ISLAVE                                   0
                18:17:53:84  Start Input for Next Load Case
                18:17:53:84  case no= 1107 seq. no=  52 idynl= 0
                18:17:53:84  LOADEND ISLAVE                                   0
                18:17:53:85  Start Input for Next Load Case
                18:17:53:85  case no= 1108 seq. no=  53 idynl= 0
                18:17:53:86  LOADEND ISLAVE                                   0
                18:17:53:86  Start Input for Next Load Case
                18:17:53:87  case no= 1201 seq. no=  54 idynl= 0
                18:17:53:87  LOADEND ISLAVE                                   0
                18:17:53:87  Start Input for Next Load Case
                18:17:53:88  case no= 1202 seq. no=  55 idynl= 0
                18:17:53:88  LOADEND ISLAVE                                   0
                18:17:53:89  Start Input for Next Load Case
                18:17:53:89  case no= 1203 seq. no=  56 idynl= 0
                18:17:53:89  LOADEND ISLAVE                                   0
                18:17:53:90  Start Input for Next Load Case
                18:17:53:90  case no= 1204 seq. no=  57 idynl= 0
                18:17:53:91  LOADEND ISLAVE                                   0
                18:17:53:91  Start Input for Next Load Case
                18:17:53:91  case no= 1205 seq. no=  58 idynl= 0
                18:17:53:92  LOADEND ISLAVE                                   0
                18:17:53:92  Start Input for Next Load Case
                18:17:53:93  case no= 1206 seq. no=  59 idynl= 0
                18:17:53:93  LOADEND ISLAVE                                   0
                18:17:53:94  Start Input for Next Load Case
                18:17:53:94  case no= 1207 seq. no=  60 idynl= 0
                18:17:53:95  LOADEND ISLAVE                                   0
                18:17:53:95  Start Input for Next Load Case
                18:17:53:96  case no= 1208 seq. no=  61 idynl= 0
                18:17:53:96  LOADEND ISLAVE                                   0
                18:17:53:97  Start Input for Next Load Case
                18:17:53:97  case no= 2101 seq. no=  62 idynl= 0
                18:17:53:98  LOADEND ISLAVE                                   0
                18:17:53:98  Start Input for Next Load Case
                18:17:53:98  case no= 2102 seq. no=  63 idynl= 0
                18:17:53:99  LOADEND ISLAVE                                   0
                18:17:53:99  Start Input for Next Load Case
                18:17:54: 0  case no= 2103 seq. no=  64 idynl= 0
                18:17:54: 0  LOADEND ISLAVE                                   0
                18:17:54: 0  Start Input for Next Load Case
                18:17:54: 1  case no= 2104 seq. no=  65 idynl= 0
                18:17:54: 1  LOADEND ISLAVE                                   0
                18:17:54: 2  Start Input for Next Load Case
                18:17:54: 2  case no= 2105 seq. no=  66 idynl= 0
                18:17:54: 3  LOADEND ISLAVE                                   0
                18:17:54: 3  Start Input for Next Load Case
                18:17:54: 4  case no= 2106 seq. no=  67 idynl= 0
                18:17:54: 4  LOADEND ISLAVE                                   0
                18:17:54: 4  Start Input for Next Load Case
                18:17:54: 5  case no= 2107 seq. no=  68 idynl= 0
                18:17:54: 5  LOADEND ISLAVE                                   0
                18:17:54: 6  Start Input for Next Load Case
                18:17:54: 6  case no= 2108 seq. no=  69 idynl= 0
                18:17:54: 7  LOADEND ISLAVE                                   0
                18:17:54: 7  Start Input for Next Load Case
                18:17:54: 7  case no= 3001 seq. no=  70 idynl= 0
                18:17:54: 8  LOADEND ISLAVE                                   0
                18:17:54: 9  Start Input for Next Load Case
                18:17:54: 9  case no= 3002 seq. no=  71 idynl= 0
                18:17:54:10  LOADEND ISLAVE                                   0
                18:17:54:10  Start Input for Next Load Case
                18:17:54:10  case no= 3003 seq. no=  72 idynl= 0
                18:17:54:11  LOADEND ISLAVE                                   0
                18:17:54:11  Start Input for Next Load Case
                18:17:54:12  case no= 3004 seq. no=  73 idynl= 0
                18:17:54:12  LOADEND ISLAVE                                   0
                18:17:54:13  Start Input for Next Load Case
                18:17:54:13  case no= 3005 seq. no=  74 idynl= 0
                18:17:54:14  LOADEND ISLAVE                                   0
                18:17:54:14  Start Input for Next Load Case
                18:17:54:14  case no= 3006 seq. no=  75 idynl= 0
                18:17:54:15  LOADEND ISLAVE                                   0
                18:17:54:15  Start Input for Next Load Case
                18:17:54:16  case no= 3007 seq. no=  76 idynl= 0
                18:17:54:16  LOADEND ISLAVE                                   0
                18:17:54:17  Start Input for Next Load Case
                18:17:54:17  case no= 3008 seq. no=  77 idynl= 0
                18:17:54:17  LOADEND ISLAVE                                   0
                18:17:54:18  Start Input for Next Load Case
                18:17:54:18  case no= 3011 seq. no=  78 idynl= 0
                18:17:54:19  LOADEND ISLAVE                                   0
                18:17:54:19  Start Input for Next Load Case
                18:17:54:20  case no= 3012 seq. no=  79 idynl= 0
                18:17:54:20  LOADEND ISLAVE                                   0
                18:17:54:20  Start Input for Next Load Case
                18:17:54:21  case no= 3013 seq. no=  80 idynl= 0
                18:17:54:21  LOADEND ISLAVE                                   0
                18:17:54:22  Start Input for Next Load Case
                18:17:54:22  case no= 3014 seq. no=  81 idynl= 0
                18:17:54:23  LOADEND ISLAVE                                   0
                18:17:54:23  Start Input for Next Load Case
                18:17:54:23  case no= 3015 seq. no=  82 idynl= 0
                18:17:54:24  LOADEND ISLAVE                                   0
                18:17:54:24  Start Input for Next Load Case
                18:17:54:25  case no= 3016 seq. no=  83 idynl= 0
                18:17:54:25  LOADEND ISLAVE                                   0
                18:17:54:25  Start Input for Next Load Case
                18:17:54:26  case no= 3017 seq. no=  84 idynl= 0
                18:17:54:26  LOADEND ISLAVE                                   0
                18:17:54:27  Start Input for Next Load Case
                18:17:54:27  case no= 3018 seq. no=  85 idynl= 0
                18:17:54:28  LOADEND ISLAVE                                   0
                18:17:54:28  Start Input for Next Load Case
                18:17:54:29  case no= 3021 seq. no=  86 idynl= 0
                18:17:54:29  LOADEND ISLAVE                                   0
                18:17:54:29  Start Input for Next Load Case
                18:17:54:30  case no= 3022 seq. no=  87 idynl= 0
                18:17:54:30  LOADEND ISLAVE                                   0
                18:17:54:31  Start Input for Next Load Case
                18:17:54:31  case no= 3023 seq. no=  88 idynl= 0
                18:17:54:31  LOADEND ISLAVE                                   0
                18:17:54:32  Start Input for Next Load Case
                18:17:54:32  case no= 3024 seq. no=  89 idynl= 0
                18:17:54:33  LOADEND ISLAVE                                   0
                18:17:54:33  Start Input for Next Load Case
                18:17:54:34  case no= 3025 seq. no=  90 idynl= 0
                18:17:54:34  LOADEND ISLAVE                                   0
                18:17:54:34  Start Input for Next Load Case
                18:17:54:35  case no= 3026 seq. no=  91 idynl= 0
                18:17:54:35  LOADEND ISLAVE                                   0
                18:17:54:36  Start Input for Next Load Case
                18:17:54:36  case no= 3027 seq. no=  92 idynl= 0
                18:17:54:37  LOADEND ISLAVE                                   0
                18:17:54:37  Start Input for Next Load Case
                18:17:54:38  case no= 3028 seq. no=  93 idynl= 0
                18:17:54:38  LOADEND ISLAVE                                   0
                18:17:54:38  Start Input for Next Load Case
                18:17:54:39  case no= 3201 seq. no=  94 idynl= 0
                18:17:54:39  LOADEND ISLAVE                                   0
                18:17:54:40  Start Input for Next Load Case
                18:17:54:40  case no= 3202 seq. no=  95 idynl= 0
                18:17:54:41  LOADEND ISLAVE                                   0
                18:17:54:41  Start Input for Next Load Case
                18:17:54:41  case no= 3203 seq. no=  96 idynl= 0
                18:17:54:42  LOADEND ISLAVE                                   0
                18:17:54:42  Start Input for Next Load Case
                18:17:54:43  case no= 3204 seq. no=  97 idynl= 0
                18:17:54:43  LOADEND ISLAVE                                   0
                18:17:54:43  Start Input for Next Load Case
                18:17:54:44  case no= 3205 seq. no=  98 idynl= 0
                18:17:54:44  LOADEND ISLAVE                                   0
                18:17:54:45  Start Input for Next Load Case
                18:17:54:45  case no= 3206 seq. no=  99 idynl= 0
                18:17:54:46  LOADEND ISLAVE                                   0
                18:17:54:46  Start Input for Next Load Case
                18:17:54:46  case no= 3207 seq. no= 100 idynl= 0
                18:17:54:47  LOADEND ISLAVE                                   0
                18:17:54:47  Start Input for Next Load Case
                18:17:54:48  case no= 3208 seq. no= 101 idynl= 0
                18:17:54:48  LOADEND ISLAVE                                   0
                18:17:54:48  NVPREV                                           0
                18:17:54:49  AMAXNON                               4.156824E-01
                18:17:54:49  IRECSIZL=                                     4000
                18:17:54:50  MTX BLOCKSIZE=                                  60
                18:17:54:50  MI=                                             60
                18:17:54:50  NORECL=                                          1
                18:17:54:51  NORECL1=                                         1
                18:17:54:51  IWORD=                                       32000
                18:17:54:52  JRECSIZE=                                     4000
                18:17:54:52  IWORDJ=                                      32000
                18:17:54:52  IBYTE=                                           4
                18:17:54:53  JOINTS=                                         14
                18:17:54:53  MEMBERS=                                        14
                18:17:54:54  PLATES =                                         0
                18:17:54:54  SOLIDS =                                         0
                18:17:54:54  NO. OF EQUATIONS=                               60
                18:17:54:55  idyn=                                            0
                18:17:54:55  ipd=                                             0
                18:17:54:56  icablanl=                                        0
                18:17:54:56  ++ Processing Element Stiffness Matrix.
                18:17:54:56  NV1                                            101
                18:17:54:68  ++ Calculating Element Forces & Reactions.
                18:17:55:15  COMBINATION CASES=                               0
                18:17:55:16  MAX CM MEMORY (KILOWORDS)                       33
                18:17:55:16  AFTER SOLVER 1
                18:17:55:18  REOPEN AS SEQ                                    0
                18:17:55:18  DEFINE ENVELOPE
                18:17:55:20  LOAD LIST 1101 TO 110
                18:17:55:20  PARAMETER 1
                18:17:55:21  CHECK CODE ALL
                18:17:55:21  ENTERING SECTNM110 IQ=                          14
                18:17:55:22               NSEC=                              11
                18:17:55:23             ISECTN=                               0
                18:17:55:25  SECTNM110 DO 925
                18:17:55:28  ENTERING ENVLP1 ITYP1=                          -3
                18:17:55:28  SECT DISPLACE
                18:17:55:31  Steel/Alum/Timber Design                        52
                18:17:55:35    ++ Finished Design ...
                18:17:55:35  Steel/Timber Design exit
                18:17:55:36  LOAD LIST 2101 TO 210
                18:17:55:37  PARAMETER 1
                18:17:55:38  CHECK CODE ALL
                18:17:55:38  ENTERING ENVLP1 ITYP1=                          -3
                18:17:55:38  SECT DISPLACE
                18:17:55:41  Steel/Alum/Timber Design                        52
                18:17:55:43    ++ Finished Design ...
                18:17:55:43  Steel/Timber Design exit
                18:17:55:43  LOAD LIST ENV 4 TO 7
                18:17:55:44  PARAMETER 1
                18:17:55:45  CHECK CODE ALL
                18:17:55:45  ENTERING ENVLP1 ITYP1=                          -3
                18:17:55:45  SECT DISPLACE
                18:17:55:48  Steel/Alum/Timber Design                        52
                18:17:55:51    ++ Finished Design ...
                18:17:55:51  Steel/Timber Design exit
                18:17:55:51  PRINT JOINT DISPLACEM
                18:17:55:52  DRAW ISOM JOIN MEMB
                18:17:55:52  ENTERING SECTNM110 IQ=                          14
                18:17:55:53               NSEC=                              11
                18:17:55:53             ISECTN=                               0
                18:17:55:56  SECTNM110 DO 925
                18:17:55:58  PRINT SUPPORT REACTIO
                18:17:55:58  DRAW ISOM SUPP PROP
                18:17:55:58  ENTERING SECTNM110 IQ=                          14
                18:17:55:59               NSEC=                              11
                18:17:55:60             ISECTN=                               0
                18:17:55:62  SECTNM110 DO 925
                18:17:55:64  DRAW ISOM SHAP
                18:17:55:64  ENTERING SECTNM110 IQ=                          14
                18:17:55:65               NSEC=                              11
                18:17:55:66             ISECTN=                               0
                18:17:55:68  SECTNM110 DO 925
                18:17:55:71  PRINT CG
                18:17:55:71  FINISH
                18:17:55:71  All Commands FINISHed
                18:17:55:72  DATASAVE for SPRO GUI
                18:17:55:73  ++ Creating Displacement File (DSP)...
                18:17:55:74  ++ Creating Reaction File (REA)...
                18:17:55:74  ++ Creating Section Force File (BMD)...
                18:17:55:77  ++ Creating Section Displace File (SEC)...
                18:17:55:77  ENTERING ENVLP1 ITYP1=                          -5
                18:17:55:78  SECT DISPLACE
                18:17:55:81  ++ Creating Section Displace File (SCN)...
                18:17:55:84  ++ Creating Design information File (DGN)...
                18:17:55:84  ALLOCATED CM MEMORY (KILOWORDS)             300000
                18:17:55:85  MAX CM MEMORY (KILOWORDS)                       85
                18:17:55:85  DBS LONG SEC NAME
* End Of Analysis At Tue Oct 29 18:17:55 2024
* CPU usage = 3.716000
* STAAD Exit Code: 100, Warning Count: 0, Error Count: 0, Duration: 3.716
1 0 0 3.716
****************************************************************************
*                            END OF ANALYSIS                               *
****************************************************************************
