07/19/2024 11:40:51	Reading UID database.
07/19/2024 11:40:51	Start loading STAAD model.
07/19/2024 11:40:51	Reading model file.
07/19/2024 11:40:51	Reading model file is complete.
07/19/2024 11:40:51	Processing support.
07/19/2024 11:40:51	Processing springs.
07/19/2024 11:40:51	Processing properties.
07/19/2024 11:40:51	Processing physical properties.
07/19/2024 11:40:51	Processing constants.
07/19/2024 11:40:51	Processing BETA constants.
07/19/2024 11:40:51	Processing hidden analytical member loads.
07/19/2024 11:40:51	Processing command list for member release.
07/19/2024 11:40:51	Processing command list for member offset.
07/19/2024 11:40:51	Processing command list for member specs (cracked).
07/19/2024 11:40:51	Processing command list for member specs (axial).
07/19/2024 11:40:51	Processing command list for element release.
07/19/2024 11:40:51	Processing command list for element offset.
07/19/2024 11:40:52	Processing command list for element plate stress directive.
07/19/2024 11:40:52	Processing parameter for Chinese wind load case.
07/19/2024 11:40:52	End Processing command list.
07/19/2024 11:40:52	End loading STAAD model.
07/19/2024 11:40:52	Start Post Analysis method
07/19/2024 11:40:52	Removed all hidden plates from surfaces
07/19/2024 11:40:52	Removed all hidden plates
07/19/2024 11:40:52	Removed all hidden nodes
07/19/2024 11:40:52	Loading results from MSH file...
07/19/2024 11:40:52	Building result indices...
07/19/2024 11:40:52	Loading plate stress results...
07/19/2024 11:40:52	Set analysis report setup data
07/19/2024 11:40:52	Starting page setup...
07/19/2024 11:40:52	Page setup completed
07/19/2024 11:40:52	Setting available workflows...
07/19/2024 11:40:52	Post analysis method ends
07/19/2024 11:41:14	Start Post Analysis method
07/19/2024 11:41:14	Removed all hidden plates from surfaces
07/19/2024 11:41:14	Removed all hidden plates
07/19/2024 11:41:14	Removed all hidden nodes
07/19/2024 11:41:14	Loading results from MSH file...
07/19/2024 11:41:14	Building result indices...
07/19/2024 11:41:14	Loading plate stress results...
07/19/2024 11:41:14	Set analysis report setup data
07/19/2024 11:41:14	Starting page setup...
07/19/2024 11:41:14	Page setup completed
07/19/2024 11:41:15	Setting available workflows...
07/19/2024 11:41:15	Post analysis method ends
