07/26/2024 13:00:10	Reading UID database.
07/26/2024 13:00:10	Start loading STAAD model.
07/26/2024 13:00:10	Reading model file.
07/26/2024 13:00:10	Reading model file is complete.
07/26/2024 13:00:10	Processing support.
07/26/2024 13:00:10	Processing springs.
07/26/2024 13:00:10	Processing properties.
07/26/2024 13:00:10	Processing physical properties.
07/26/2024 13:00:10	Processing constants.
07/26/2024 13:00:10	Processing BETA constants.
07/26/2024 13:00:10	Processing hidden analytical member loads.
07/26/2024 13:00:10	Processing command list for member release.
07/26/2024 13:00:10	Processing command list for member offset.
07/26/2024 13:00:10	Processing command list for member specs (cracked).
07/26/2024 13:00:10	Processing command list for member specs (axial).
07/26/2024 13:00:10	Processing command list for element release.
07/26/2024 13:00:10	Processing command list for element offset.
07/26/2024 13:00:10	Processing command list for element plate stress directive.
07/26/2024 13:00:10	Processing parameter for Chinese wind load case.
07/26/2024 13:00:10	End Processing command list.
07/26/2024 13:00:10	End loading STAAD model.
07/26/2024 13:00:10	Start Post Analysis method
07/26/2024 13:00:10	Removed all hidden plates from surfaces
07/26/2024 13:00:10	Removed all hidden plates
07/26/2024 13:00:10	Removed all hidden nodes
07/26/2024 13:00:10	Loading results from MSH file...
07/26/2024 13:00:10	Building result indices...
07/26/2024 13:00:10	Loading plate stress results...
07/26/2024 13:00:10	Set analysis report setup data
07/26/2024 13:00:10	Starting page setup...
07/26/2024 13:00:10	Page setup completed
07/26/2024 13:00:10	Setting available workflows...
07/26/2024 13:00:10	Post analysis method ends
07/26/2024 13:00:57	Start Post Analysis method
07/26/2024 13:00:57	Removed all hidden plates from surfaces
07/26/2024 13:00:57	Removed all hidden plates
07/26/2024 13:00:57	Removed all hidden nodes
07/26/2024 13:00:57	Loading results from MSH file...
07/26/2024 13:00:57	Building result indices...
07/26/2024 13:00:57	Loading plate stress results...
07/26/2024 13:00:57	Set analysis report setup data
07/26/2024 13:00:57	Starting page setup...
07/26/2024 13:00:57	Page setup completed
07/26/2024 13:00:57	Setting available workflows...
07/26/2024 13:00:57	Post analysis method ends
07/26/2024 13:03:45	Start Post Analysis method
07/26/2024 13:03:45	Removed all hidden plates from surfaces
07/26/2024 13:03:45	Removed all hidden plates
07/26/2024 13:03:45	Removed all hidden nodes
07/26/2024 13:03:45	Loading results from MSH file...
07/26/2024 13:03:45	Building result indices...
07/26/2024 13:03:45	Loading plate stress results...
07/26/2024 13:03:45	Set analysis report setup data
07/26/2024 13:03:45	Starting page setup...
07/26/2024 13:03:45	Page setup completed
07/26/2024 13:03:45	Setting available workflows...
07/26/2024 13:03:45	Post analysis method ends
