09/10/2024 19:07:25	Reading UID database.
09/10/2024 19:07:25	Start loading STAAD model.
09/10/2024 19:07:25	Reading model file.
09/10/2024 19:07:26	Reading model file is complete.
09/10/2024 19:07:26	Processing support.
09/10/2024 19:07:26	Processing springs.
09/10/2024 19:07:26	Processing properties.
09/10/2024 19:07:26	Processing physical properties.
09/10/2024 19:07:26	Processing constants.
09/10/2024 19:07:26	Processing BETA constants.
09/10/2024 19:07:26	Processing hidden analytical member loads.
09/10/2024 19:07:26	Processing command list for member release.
09/10/2024 19:07:26	Processing command list for member offset.
09/10/2024 19:07:26	Processing command list for member specs (cracked).
09/10/2024 19:07:26	Processing command list for member specs (axial).
09/10/2024 19:07:26	Processing command list for element release.
09/10/2024 19:07:26	Processing command list for element offset.
09/10/2024 19:07:26	Processing command list for element plate stress directive.
09/10/2024 19:07:26	Processing parameter for Chinese wind load case.
09/10/2024 19:07:26	End Processing command list.
09/10/2024 19:07:26	End loading STAAD model.
09/10/2024 19:07:26	Start Post Analysis method
09/10/2024 19:07:26	Removed all hidden plates from surfaces
09/10/2024 19:07:26	Removed all hidden plates
09/10/2024 19:07:26	Removed all hidden nodes
09/10/2024 19:07:26	Loading results from MSH file...
09/10/2024 19:07:26	Building result indices...
09/10/2024 19:07:26	Loading plate stress results...
09/10/2024 19:07:26	Set analysis report setup data
09/10/2024 19:07:26	Starting page setup...
09/10/2024 19:07:26	Page setup completed
09/10/2024 19:07:26	Setting available workflows...
09/10/2024 19:07:26	Post analysis method ends
09/10/2024 19:08:07	Start Post Analysis method
09/10/2024 19:08:07	Removed all hidden plates from surfaces
09/10/2024 19:08:07	Removed all hidden plates
09/10/2024 19:08:07	Removed all hidden nodes
09/10/2024 19:08:07	Loading results from MSH file...
09/10/2024 19:08:07	Building result indices...
09/10/2024 19:08:07	Loading plate stress results...
09/10/2024 19:08:07	Set analysis report setup data
09/10/2024 19:08:07	Starting page setup...
09/10/2024 19:08:07	Page setup completed
09/10/2024 19:08:07	Setting available workflows...
09/10/2024 19:08:07	Post analysis method ends
