09/10/2024 19:14:48	Reading UID database.
09/10/2024 19:14:48	Start loading STAAD model.
09/10/2024 19:14:48	Reading model file.
09/10/2024 19:14:49	Reading model file is complete.
09/10/2024 19:14:49	Processing support.
09/10/2024 19:14:49	Processing springs.
09/10/2024 19:14:49	Processing properties.
09/10/2024 19:14:49	Processing physical properties.
09/10/2024 19:14:49	Processing constants.
09/10/2024 19:14:49	Processing BETA constants.
09/10/2024 19:14:49	Processing hidden analytical member loads.
09/10/2024 19:14:49	Processing command list for member release.
09/10/2024 19:14:49	Processing command list for member offset.
09/10/2024 19:14:49	Processing command list for member specs (cracked).
09/10/2024 19:14:49	Processing command list for member specs (axial).
09/10/2024 19:14:49	Processing command list for element release.
09/10/2024 19:14:49	Processing command list for element offset.
09/10/2024 19:14:49	Processing command list for element plate stress directive.
09/10/2024 19:14:49	Processing parameter for Chinese wind load case.
09/10/2024 19:14:49	End Processing command list.
09/10/2024 19:14:49	End loading STAAD model.
09/10/2024 19:14:49	Start Post Analysis method
09/10/2024 19:14:49	Removed all hidden plates from surfaces
09/10/2024 19:14:49	Removed all hidden plates
09/10/2024 19:14:49	Removed all hidden nodes
09/10/2024 19:14:49	Loading results from MSH file...
09/10/2024 19:14:49	Building result indices...
09/10/2024 19:14:49	Loading plate stress results...
09/10/2024 19:14:49	Set analysis report setup data
09/10/2024 19:14:49	Starting page setup...
09/10/2024 19:14:49	Page setup completed
09/10/2024 19:14:49	Setting available workflows...
09/10/2024 19:14:49	Post analysis method ends
09/10/2024 19:15:08	Start Post Analysis method
09/10/2024 19:15:08	Removed all hidden plates from surfaces
09/10/2024 19:15:08	Removed all hidden plates
09/10/2024 19:15:08	Removed all hidden nodes
09/10/2024 19:15:08	Loading results from MSH file...
09/10/2024 19:15:08	Building result indices...
09/10/2024 19:15:08	Loading plate stress results...
09/10/2024 19:15:08	Set analysis report setup data
09/10/2024 19:15:08	Starting page setup...
09/10/2024 19:15:08	Page setup completed
09/10/2024 19:15:08	Setting available workflows...
09/10/2024 19:15:08	Post analysis method ends
09/10/2024 19:20:33	Reading UID database.
09/10/2024 19:20:33	Start loading STAAD model.
09/10/2024 19:20:33	Reading model file.
09/10/2024 19:20:33	Reading model file is complete.
09/10/2024 19:20:33	Processing support.
09/10/2024 19:20:33	Processing springs.
09/10/2024 19:20:33	Processing properties.
09/10/2024 19:20:33	Processing physical properties.
09/10/2024 19:20:33	Processing constants.
09/10/2024 19:20:33	Processing BETA constants.
09/10/2024 19:20:33	Processing hidden analytical member loads.
09/10/2024 19:20:33	Processing command list for member release.
09/10/2024 19:20:33	Processing command list for member offset.
09/10/2024 19:20:33	Processing command list for member specs (cracked).
09/10/2024 19:20:33	Processing command list for member specs (axial).
09/10/2024 19:20:33	Processing command list for element release.
09/10/2024 19:20:33	Processing command list for element offset.
09/10/2024 19:20:33	Processing command list for element plate stress directive.
09/10/2024 19:20:33	Processing parameter for Chinese wind load case.
09/10/2024 19:20:33	End Processing command list.
09/10/2024 19:20:33	End loading STAAD model.
09/10/2024 19:20:33	Start Post Analysis method
09/10/2024 19:20:33	Removed all hidden plates from surfaces
09/10/2024 19:20:33	Removed all hidden plates
09/10/2024 19:20:33	Removed all hidden nodes
09/10/2024 19:20:33	Loading results from MSH file...
09/10/2024 19:20:33	Building result indices...
09/10/2024 19:20:33	Loading plate stress results...
09/10/2024 19:20:33	Set analysis report setup data
09/10/2024 19:20:33	Starting page setup...
09/10/2024 19:20:33	Page setup completed
09/10/2024 19:20:34	Setting available workflows...
09/10/2024 19:20:34	Post analysis method ends
09/10/2024 19:20:43	Start Post Analysis method
09/10/2024 19:20:43	Removed all hidden plates from surfaces
09/10/2024 19:20:43	Removed all hidden plates
09/10/2024 19:20:43	Removed all hidden nodes
09/10/2024 19:20:43	Loading results from MSH file...
09/10/2024 19:20:43	Building result indices...
09/10/2024 19:20:43	Loading plate stress results...
09/10/2024 19:20:43	Set analysis report setup data
09/10/2024 19:20:43	Starting page setup...
09/10/2024 19:20:43	Page setup completed
09/10/2024 19:20:43	Setting available workflows...
09/10/2024 19:20:43	Post analysis method ends
09/10/2024 19:21:04	Start Post Analysis method
09/10/2024 19:21:04	Removed all hidden plates from surfaces
09/10/2024 19:21:05	Removed all hidden plates
09/10/2024 19:21:05	Removed all hidden nodes
09/10/2024 19:21:05	Loading results from MSH file...
09/10/2024 19:21:05	Building result indices...
09/10/2024 19:21:05	Loading plate stress results...
09/10/2024 19:21:05	Set analysis report setup data
09/10/2024 19:21:05	Starting page setup...
09/10/2024 19:21:05	Page setup completed
09/10/2024 19:21:05	Setting available workflows...
09/10/2024 19:21:05	Post analysis method ends
