19:20:57	Initializing STAAD Engine
19:20:57	Run stream set up is complete.
19:20:57	Initialize license libraries.
19:20:57	License libraries initialized.
19:20:57	Starting license(s) for A & D engine.
19:20:58	License Status: Ok
19:20:58	License information set up is complete.
****************************************************************************
*                            START OF ANALYSIS                             *
****************************************************************************
* Initiating Analysis At Tue Sep 10 19:20:58 2024
                          PROGRAM: STAAD.Pro
                          VERSION: 23.00.01.25
                19:20:58:85  ENTERING STAAD
                19:20:58:87  USING 64 BIT STAAD ENGINE
                19:20:58:88  ENTERING MAINN
                19:20:58:88  START JOB INFORMATION
                19:20:58:88  INPUT WIDTH 79
                19:20:58:89  UNIT MMS KN
                19:20:58:89  JOINT COORDINATES
                19:20:58:90  ENTERING JOINTC
                19:20:58:90  JOINTC NEWJ                                 400000
                19:20:58:91  MAX NODE NO.                                     7
                19:20:58:91  MEMBER INCIDENCES
                19:20:58:92  UNIT METER KN
                19:20:58:92  DEFINE MATERIAL START
                19:20:58:93  UNIT MMS KN
                19:20:58:93  MEMBER PROPERTY EUROP
                19:20:59:39    ++ Finished Reading Member Properties ...
                19:20:59:39  CONSTANTS
                19:20:59:40  SUPPORTS
                19:20:59:41  ENTERING SUPPORT
                19:20:59:41  MEMBER OFFSET
                19:20:59:42  DEFINE WIND LOAD
                19:20:59:43  LOAD 121 LOADTYPE DEA
                19:20:59:43  DUPLICATE ELEMENT CHECK
                19:20:59:44  CHECKING STRUCTURAL INTEGRITY
                19:20:59:44  CHECK UNCONNECTED JOINTS AND
                19:20:59:45  CALCULATE MAX JOINT CONNECTIVITY
                19:20:59:45  CHECK MULTIPLE STRUCTURES
                19:20:59:46  ENTERING SUPPORT
                19:20:59:46  NRJOLD                                           0
                19:20:59:47  SUPPORT NOLD                                     0
                19:20:59:47  SUPPORT N                                       30
                19:20:59:47  BEFORE LOADPR
                19:20:59:48  REOPEN AS DIR                                    0
                19:20:59:48  ENTER LOADPR
                19:20:59:60  PERFORM ANALYSIS PRIN
                19:20:59:60  pdel iter                                        0
                19:20:59:61  MAXIMUM E =                           2.973273E+04
                19:20:59:61  MINIMUM E =                           2.973273E+04
                19:20:59:62  MBW DOF BAND=                                    1
                19:20:59:62  NUMBER OF PRIMARY CASES                        101
                19:20:59:62  NUMBER OF CASES                                252
                19:20:59:63  #OF CASES W/ELEM INMEMORY                      252
                19:20:59:63  MEMORY FOR MEMBER LOADS                      18144
                19:20:59:64  MEMORY FOR DISPLACEMENTS                     10584
                19:20:59:64  MEMORY FOR MEMBER FORCES                     18144
                19:20:59:65  Using 64-bit analysis engine
                19:20:59:65  BEFORE SOLVER 1
                19:20:59:66  Start Input for Next Load Case
                19:20:59:66  case no=  121 seq. no=   1 idynl= 0
                19:20:59:67  MASSSET                                          0
                19:20:59:67  LOADEND ISLAVE                                   0
                19:20:59:68  Start Input for Next Load Case
                19:20:59:68  case no=  201 seq. no=   2 idynl= 0
                19:20:59:69  LOADEND ISLAVE                                   0
                19:20:59:69  Start Input for Next Load Case
                19:20:59:70  case no=  202 seq. no=   3 idynl= 0
                19:20:59:70  LOADEND ISLAVE                                   0
                19:20:59:71  Start Input for Next Load Case
                19:20:59:71  case no=  203 seq. no=   4 idynl= 0
                19:20:59:71  LOADEND ISLAVE                                   0
                19:20:59:72  Start Input for Next Load Case
                19:20:59:72  case no=  204 seq. no=   5 idynl= 0
                19:20:59:73  LOADEND ISLAVE                                   0
                19:20:59:73  Start Input for Next Load Case
                19:20:59:74  case no=  205 seq. no=   6 idynl= 0
                19:20:59:74  LOADEND ISLAVE                                   0
                19:20:59:75  Start Input for Next Load Case
                19:20:59:75  case no=  206 seq. no=   7 idynl= 0
                19:20:59:75  LOADEND ISLAVE                                   0
                19:20:59:76  Start Input for Next Load Case
                19:20:59:76  case no=  207 seq. no=   8 idynl= 0
                19:20:59:77  LOADEND ISLAVE                                   0
                19:20:59:77  Start Input for Next Load Case
                19:20:59:78  case no=  208 seq. no=   9 idynl= 0
                19:20:59:78  LOADEND ISLAVE                                   0
                19:20:59:78  Start Input for Next Load Case
                19:20:59:79  case no=  312 seq. no=  10 idynl= 0
                19:20:59:79  LOADEND ISLAVE                                   0
                19:20:59:80  Start Input for Next Load Case
                19:20:59:80  case no=  313 seq. no=  11 idynl= 0
                19:20:59:81  LOADEND ISLAVE                                   0
                19:20:59:81  Start Input for Next Load Case
                19:20:59:82  case no=  314 seq. no=  12 idynl= 0
                19:20:59:82  LOADEND ISLAVE                                   0
                19:20:59:82  Start Input for Next Load Case
                19:20:59:83  case no=  315 seq. no=  13 idynl= 0
                19:20:59:83  LOADEND ISLAVE                                   0
                19:20:59:84  Start Input for Next Load Case
                19:20:59:84  case no=  322 seq. no=  14 idynl= 0
                19:20:59:85  LOADEND ISLAVE                                   0
                19:20:59:85  Start Input for Next Load Case
                19:20:59:86  case no=  323 seq. no=  15 idynl= 0
                19:20:59:86  LOADEND ISLAVE                                   0
                19:20:59:87  Start Input for Next Load Case
                19:20:59:87  case no=  324 seq. no=  16 idynl= 0
                19:20:59:87  LOADEND ISLAVE                                   0
                19:20:59:88  Start Input for Next Load Case
                19:20:59:88  case no=  325 seq. no=  17 idynl= 0
                19:20:59:89  LOADEND ISLAVE                                   0
                19:20:59:89  Start Input for Next Load Case
                19:20:59:90  case no=  332 seq. no=  18 idynl= 0
                19:20:59:90  LOADEND ISLAVE                                   0
                19:20:59:90  Start Input for Next Load Case
                19:20:59:91  case no=  333 seq. no=  19 idynl= 0
                19:20:59:92  LOADEND ISLAVE                                   0
                19:20:59:92  Start Input for Next Load Case
                19:20:59:93  case no=  334 seq. no=  20 idynl= 0
                19:20:59:93  LOADEND ISLAVE                                   0
                19:20:59:93  Start Input for Next Load Case
                19:20:59:94  case no=  335 seq. no=  21 idynl= 0
                19:20:59:94  LOADEND ISLAVE                                   0
                19:20:59:95  Start Input for Next Load Case
                19:20:59:95  case no=  411 seq. no=  22 idynl= 0
                19:20:59:96  LOADEND ISLAVE                                   0
                19:20:59:96  Start Input for Next Load Case
                19:20:59:97  case no=  412 seq. no=  23 idynl= 0
                19:20:59:97  LOADEND ISLAVE                                   0
                19:20:59:97  Start Input for Next Load Case
                19:20:59:98  case no=  413 seq. no=  24 idynl= 0
                19:20:59:98  LOADEND ISLAVE                                   0
                19:20:59:99  Start Input for Next Load Case
                19:20:59:99  case no=  414 seq. no=  25 idynl= 0
                19:21: 0: 0  LOADEND ISLAVE                                   0
                19:21: 0: 0  Start Input for Next Load Case
                19:21: 0: 1  case no=  415 seq. no=  26 idynl= 0
                19:21: 0: 2  LOADEND ISLAVE                                   0
                19:21: 0: 2  Start Input for Next Load Case
                19:21: 0: 3  case no=  416 seq. no=  27 idynl= 0
                19:21: 0: 3  LOADEND ISLAVE                                   0
                19:21: 0: 4  Start Input for Next Load Case
                19:21: 0: 4  case no=  417 seq. no=  28 idynl= 0
                19:21: 0: 5  LOADEND ISLAVE                                   0
                19:21: 0: 5  Start Input for Next Load Case
                19:21: 0: 6  case no=  418 seq. no=  29 idynl= 0
                19:21: 0: 6  LOADEND ISLAVE                                   0
                19:21: 0: 6  Start Input for Next Load Case
                19:21: 0: 8  case no=  421 seq. no=  30 idynl= 0
                19:21: 0: 8  LOADEND ISLAVE                                   0
                19:21: 0: 9  Start Input for Next Load Case
                19:21: 0: 9  case no=  422 seq. no=  31 idynl= 0
                19:21: 0:10  LOADEND ISLAVE                                   0
                19:21: 0:10  Start Input for Next Load Case
                19:21: 0:11  case no=  423 seq. no=  32 idynl= 0
                19:21: 0:11  LOADEND ISLAVE                                   0
                19:21: 0:12  Start Input for Next Load Case
                19:21: 0:12  case no=  424 seq. no=  33 idynl= 0
                19:21: 0:13  LOADEND ISLAVE                                   0
                19:21: 0:13  Start Input for Next Load Case
                19:21: 0:14  case no=  425 seq. no=  34 idynl= 0
                19:21: 0:14  LOADEND ISLAVE                                   0
                19:21: 0:15  Start Input for Next Load Case
                19:21: 0:15  case no=  426 seq. no=  35 idynl= 0
                19:21: 0:16  LOADEND ISLAVE                                   0
                19:21: 0:17  Start Input for Next Load Case
                19:21: 0:18  case no=  427 seq. no=  36 idynl= 0
                19:21: 0:18  LOADEND ISLAVE                                   0
                19:21: 0:19  Start Input for Next Load Case
                19:21: 0:19  case no=  428 seq. no=  37 idynl= 0
                19:21: 0:20  LOADEND ISLAVE                                   0
                19:21: 0:20  Start Input for Next Load Case
                19:21: 0:21  case no=  711 seq. no=  38 idynl= 0
                19:21: 0:21  LOADEND ISLAVE                                   0
                19:21: 0:22  Start Input for Next Load Case
                19:21: 0:22  case no=  712 seq. no=  39 idynl= 0
                19:21: 0:23  LOADEND ISLAVE                                   0
                19:21: 0:24  Start Input for Next Load Case
                19:21: 0:24  case no=  713 seq. no=  40 idynl= 0
                19:21: 0:25  LOADEND ISLAVE                                   0
                19:21: 0:25  Start Input for Next Load Case
                19:21: 0:26  case no=  714 seq. no=  41 idynl= 0
                19:21: 0:26  LOADEND ISLAVE                                   0
                19:21: 0:27  Start Input for Next Load Case
                19:21: 0:27  case no=  715 seq. no=  42 idynl= 0
                19:21: 0:27  LOADEND ISLAVE                                   0
                19:21: 0:28  Start Input for Next Load Case
                19:21: 0:28  case no=  716 seq. no=  43 idynl= 0
                19:21: 0:29  LOADEND ISLAVE                                   0
                19:21: 0:29  Start Input for Next Load Case
                19:21: 0:30  case no=  717 seq. no=  44 idynl= 0
                19:21: 0:30  LOADEND ISLAVE                                   0
                19:21: 0:31  Start Input for Next Load Case
                19:21: 0:31  case no=  718 seq. no=  45 idynl= 0
                19:21: 0:32  LOADEND ISLAVE                                   0
                19:21: 0:32  Start Input for Next Load Case
                19:21: 0:32  case no= 1101 seq. no=  46 idynl= 0
                19:21: 0:33  LOADEND ISLAVE                                   0
                19:21: 0:33  Start Input for Next Load Case
                19:21: 0:34  case no= 1102 seq. no=  47 idynl= 0
                19:21: 0:34  LOADEND ISLAVE                                   0
                19:21: 0:35  Start Input for Next Load Case
                19:21: 0:35  case no= 1103 seq. no=  48 idynl= 0
                19:21: 0:36  LOADEND ISLAVE                                   0
                19:21: 0:36  Start Input for Next Load Case
                19:21: 0:37  case no= 1104 seq. no=  49 idynl= 0
                19:21: 0:37  LOADEND ISLAVE                                   0
                19:21: 0:38  Start Input for Next Load Case
                19:21: 0:39  case no= 1105 seq. no=  50 idynl= 0
                19:21: 0:39  LOADEND ISLAVE                                   0
                19:21: 0:40  Start Input for Next Load Case
                19:21: 0:41  case no= 1106 seq. no=  51 idynl= 0
                19:21: 0:41  LOADEND ISLAVE                                   0
                19:21: 0:42  Start Input for Next Load Case
                19:21: 0:43  case no= 1107 seq. no=  52 idynl= 0
                19:21: 0:43  LOADEND ISLAVE                                   0
                19:21: 0:44  Start Input for Next Load Case
                19:21: 0:44  case no= 1108 seq. no=  53 idynl= 0
                19:21: 0:45  LOADEND ISLAVE                                   0
                19:21: 0:45  Start Input for Next Load Case
                19:21: 0:46  case no= 1201 seq. no=  54 idynl= 0
                19:21: 0:47  LOADEND ISLAVE                                   0
                19:21: 0:47  Start Input for Next Load Case
                19:21: 0:48  case no= 1202 seq. no=  55 idynl= 0
                19:21: 0:48  LOADEND ISLAVE                                   0
                19:21: 0:49  Start Input for Next Load Case
                19:21: 0:50  case no= 1203 seq. no=  56 idynl= 0
                19:21: 0:50  LOADEND ISLAVE                                   0
                19:21: 0:51  Start Input for Next Load Case
                19:21: 0:52  case no= 1204 seq. no=  57 idynl= 0
                19:21: 0:52  LOADEND ISLAVE                                   0
                19:21: 0:53  Start Input for Next Load Case
                19:21: 0:54  case no= 1205 seq. no=  58 idynl= 0
                19:21: 0:54  LOADEND ISLAVE                                   0
                19:21: 0:55  Start Input for Next Load Case
                19:21: 0:56  case no= 1206 seq. no=  59 idynl= 0
                19:21: 0:56  LOADEND ISLAVE                                   0
                19:21: 0:57  Start Input for Next Load Case
                19:21: 0:57  case no= 1207 seq. no=  60 idynl= 0
                19:21: 0:58  LOADEND ISLAVE                                   0
                19:21: 0:58  Start Input for Next Load Case
                19:21: 0:59  case no= 1208 seq. no=  61 idynl= 0
                19:21: 0:59  LOADEND ISLAVE                                   0
                19:21: 0:60  Start Input for Next Load Case
                19:21: 0:60  case no= 2101 seq. no=  62 idynl= 0
                19:21: 0:61  LOADEND ISLAVE                                   0
                19:21: 0:61  Start Input for Next Load Case
                19:21: 0:62  case no= 2102 seq. no=  63 idynl= 0
                19:21: 0:62  LOADEND ISLAVE                                   0
                19:21: 0:63  Start Input for Next Load Case
                19:21: 0:63  case no= 2103 seq. no=  64 idynl= 0
                19:21: 0:64  LOADEND ISLAVE                                   0
                19:21: 0:64  Start Input for Next Load Case
                19:21: 0:65  case no= 2104 seq. no=  65 idynl= 0
                19:21: 0:65  LOADEND ISLAVE                                   0
                19:21: 0:65  Start Input for Next Load Case
                19:21: 0:66  case no= 2105 seq. no=  66 idynl= 0
                19:21: 0:66  LOADEND ISLAVE                                   0
                19:21: 0:67  Start Input for Next Load Case
                19:21: 0:67  case no= 2106 seq. no=  67 idynl= 0
                19:21: 0:68  LOADEND ISLAVE                                   0
                19:21: 0:68  Start Input for Next Load Case
                19:21: 0:69  case no= 2107 seq. no=  68 idynl= 0
                19:21: 0:69  LOADEND ISLAVE                                   0
                19:21: 0:70  Start Input for Next Load Case
                19:21: 0:70  case no= 2108 seq. no=  69 idynl= 0
                19:21: 0:70  LOADEND ISLAVE                                   0
                19:21: 0:71  Start Input for Next Load Case
                19:21: 0:71  case no= 3001 seq. no=  70 idynl= 0
                19:21: 0:72  LOADEND ISLAVE                                   0
                19:21: 0:72  Start Input for Next Load Case
                19:21: 0:73  case no= 3002 seq. no=  71 idynl= 0
                19:21: 0:73  LOADEND ISLAVE                                   0
                19:21: 0:74  Start Input for Next Load Case
                19:21: 0:74  case no= 3003 seq. no=  72 idynl= 0
                19:21: 0:75  LOADEND ISLAVE                                   0
                19:21: 0:75  Start Input for Next Load Case
                19:21: 0:75  case no= 3004 seq. no=  73 idynl= 0
                19:21: 0:76  LOADEND ISLAVE                                   0
                19:21: 0:76  Start Input for Next Load Case
                19:21: 0:77  case no= 3005 seq. no=  74 idynl= 0
                19:21: 0:77  LOADEND ISLAVE                                   0
                19:21: 0:78  Start Input for Next Load Case
                19:21: 0:78  case no= 3006 seq. no=  75 idynl= 0
                19:21: 0:79  LOADEND ISLAVE                                   0
                19:21: 0:79  Start Input for Next Load Case
                19:21: 0:80  case no= 3007 seq. no=  76 idynl= 0
                19:21: 0:80  LOADEND ISLAVE                                   0
                19:21: 0:81  Start Input for Next Load Case
                19:21: 0:81  case no= 3008 seq. no=  77 idynl= 0
                19:21: 0:81  LOADEND ISLAVE                                   0
                19:21: 0:82  Start Input for Next Load Case
                19:21: 0:82  case no= 3011 seq. no=  78 idynl= 0
                19:21: 0:83  LOADEND ISLAVE                                   0
                19:21: 0:83  Start Input for Next Load Case
                19:21: 0:84  case no= 3012 seq. no=  79 idynl= 0
                19:21: 0:84  LOADEND ISLAVE                                   0
                19:21: 0:85  Start Input for Next Load Case
                19:21: 0:85  case no= 3013 seq. no=  80 idynl= 0
                19:21: 0:86  LOADEND ISLAVE                                   0
                19:21: 0:86  Start Input for Next Load Case
                19:21: 0:87  case no= 3014 seq. no=  81 idynl= 0
                19:21: 0:87  LOADEND ISLAVE                                   0
                19:21: 0:87  Start Input for Next Load Case
                19:21: 0:88  case no= 3015 seq. no=  82 idynl= 0
                19:21: 0:88  LOADEND ISLAVE                                   0
                19:21: 0:89  Start Input for Next Load Case
                19:21: 0:89  case no= 3016 seq. no=  83 idynl= 0
                19:21: 0:90  LOADEND ISLAVE                                   0
                19:21: 0:90  Start Input for Next Load Case
                19:21: 0:91  case no= 3017 seq. no=  84 idynl= 0
                19:21: 0:91  LOADEND ISLAVE                                   0
                19:21: 0:92  Start Input for Next Load Case
                19:21: 0:92  case no= 3018 seq. no=  85 idynl= 0
                19:21: 0:93  LOADEND ISLAVE                                   0
                19:21: 0:93  Start Input for Next Load Case
                19:21: 0:94  case no= 3021 seq. no=  86 idynl= 0
                19:21: 0:94  LOADEND ISLAVE                                   0
                19:21: 0:94  Start Input for Next Load Case
                19:21: 0:95  case no= 3022 seq. no=  87 idynl= 0
                19:21: 0:95  LOADEND ISLAVE                                   0
                19:21: 0:96  Start Input for Next Load Case
                19:21: 0:96  case no= 3023 seq. no=  88 idynl= 0
                19:21: 0:97  LOADEND ISLAVE                                   0
                19:21: 0:97  Start Input for Next Load Case
                19:21: 0:98  case no= 3024 seq. no=  89 idynl= 0
                19:21: 0:98  LOADEND ISLAVE                                   0
                19:21: 0:98  Start Input for Next Load Case
                19:21: 0:99  case no= 3025 seq. no=  90 idynl= 0
                19:21: 0:99  LOADEND ISLAVE                                   0
                19:21: 1: 0  Start Input for Next Load Case
                19:21: 1: 0  case no= 3026 seq. no=  91 idynl= 0
                19:21: 1: 1  LOADEND ISLAVE                                   0
                19:21: 1: 1  Start Input for Next Load Case
                19:21: 1: 2  case no= 3027 seq. no=  92 idynl= 0
                19:21: 1: 2  LOADEND ISLAVE                                   0
                19:21: 1: 3  Start Input for Next Load Case
                19:21: 1: 3  case no= 3028 seq. no=  93 idynl= 0
                19:21: 1: 3  LOADEND ISLAVE                                   0
                19:21: 1: 4  Start Input for Next Load Case
                19:21: 1: 4  case no= 3201 seq. no=  94 idynl= 0
                19:21: 1: 5  LOADEND ISLAVE                                   0
                19:21: 1: 5  Start Input for Next Load Case
                19:21: 1: 6  case no= 3202 seq. no=  95 idynl= 0
                19:21: 1: 6  LOADEND ISLAVE                                   0
                19:21: 1: 7  Start Input for Next Load Case
                19:21: 1: 7  case no= 3203 seq. no=  96 idynl= 0
                19:21: 1: 7  LOADEND ISLAVE                                   0
                19:21: 1: 8  Start Input for Next Load Case
                19:21: 1: 8  case no= 3204 seq. no=  97 idynl= 0
                19:21: 1: 9  LOADEND ISLAVE                                   0
                19:21: 1: 9  Start Input for Next Load Case
                19:21: 1:10  case no= 3205 seq. no=  98 idynl= 0
                19:21: 1:10  LOADEND ISLAVE                                   0
                19:21: 1:10  Start Input for Next Load Case
                19:21: 1:11  case no= 3206 seq. no=  99 idynl= 0
                19:21: 1:11  LOADEND ISLAVE                                   0
                19:21: 1:12  Start Input for Next Load Case
                19:21: 1:12  case no= 3207 seq. no= 100 idynl= 0
                19:21: 1:13  LOADEND ISLAVE                                   0
                19:21: 1:13  Start Input for Next Load Case
                19:21: 1:14  case no= 3208 seq. no= 101 idynl= 0
                19:21: 1:14  LOADEND ISLAVE                                   0
                19:21: 1:14  NVPREV                                           0
                19:21: 1:15  AMAXNON                               1.837270E-01
                19:21: 1:15  IRECSIZL=                                     4000
                19:21: 1:16  MTX BLOCKSIZE=                                  30
                19:21: 1:16  MI=                                             30
                19:21: 1:17  NORECL=                                          1
                19:21: 1:17  NORECL1=                                         1
                19:21: 1:18  IWORD=                                       32000
                19:21: 1:18  JRECSIZE=                                     4000
                19:21: 1:18  IWORDJ=                                      32000
                19:21: 1:19  IBYTE=                                           4
                19:21: 1:19  JOINTS=                                          7
                19:21: 1:20  MEMBERS=                                         6
                19:21: 1:20  PLATES =                                         0
                19:21: 1:21  SOLIDS =                                         0
                19:21: 1:21  NO. OF EQUATIONS=                               30
                19:21: 1:22  idyn=                                            0
                19:21: 1:22  ipd=                                             0
                19:21: 1:22  icablanl=                                        0
                19:21: 1:23  ++ Processing Element Stiffness Matrix.
                19:21: 1:23  NV1                                            101
                19:21: 1:34  ++ Calculating Element Forces & Reactions.
                19:21: 1:85  COMBINATION CASES=                               0
                19:21: 1:85  MAX CM MEMORY (KILOWORDS)                       28
                19:21: 1:86  AFTER SOLVER 1
                19:21: 1:87  REOPEN AS SEQ                                    0
                19:21: 1:88  DEFINE ENVELOPE
                19:21: 1:89  LOAD LIST 1101 TO 110
                19:21: 1:89  PARAMETER 1
                19:21: 1:90  CHECK CODE ALL
                19:21: 1:90  ENTERING SECTNM110 IQ=                           6
                19:21: 1:91               NSEC=                              11
                19:21: 1:91             ISECTN=                               0
                19:21: 1:94  SECTNM110 DO 925
                19:21: 1:96  ENTERING ENVLP1 ITYP1=                          -3
                19:21: 1:96  SECT DISPLACE
                19:21: 1:98  Steel/Alum/Timber Design                        52
                19:21: 2: 2    ++ Finished Design ...
                19:21: 2: 2  Steel/Timber Design exit
                19:21: 2: 3  LOAD LIST 2101 TO 210
                19:21: 2: 4  PARAMETER 1
                19:21: 2: 5  CHECK CODE ALL
                19:21: 2: 5  ENTERING ENVLP1 ITYP1=                          -3
                19:21: 2: 6  SECT DISPLACE
                19:21: 2: 8  Steel/Alum/Timber Design                        52
                19:21: 2: 9    ++ Finished Design ...
                19:21: 2: 9  Steel/Timber Design exit
                19:21: 2:10  LOAD LIST ENV 4 TO 7
                19:21: 2:10  PARAMETER 1
                19:21: 2:11  CHECK CODE ALL
                19:21: 2:12  ENTERING ENVLP1 ITYP1=                          -3
                19:21: 2:12  SECT DISPLACE
                19:21: 2:14  Steel/Alum/Timber Design                        52
                19:21: 2:16    ++ Finished Design ...
                19:21: 2:16  Steel/Timber Design exit
                19:21: 2:16  PRINT JOINT DISPLACEM
                19:21: 2:17  DRAW ISOM JOIN MEMB
                19:21: 2:18  ENTERING SECTNM110 IQ=                           6
                19:21: 2:18               NSEC=                              11
                19:21: 2:19             ISECTN=                               0
                19:21: 2:21  SECTNM110 DO 925
                19:21: 2:23  PRINT SUPPORT REACTIO
                19:21: 2:23  DRAW ISOM SUPP PROP
                19:21: 2:24  ENTERING SECTNM110 IQ=                           6
                19:21: 2:24               NSEC=                              11
                19:21: 2:25             ISECTN=                               0
                19:21: 2:27  SECTNM110 DO 925
                19:21: 2:29  DRAW ISOM SHAP
                19:21: 2:29  ENTERING SECTNM110 IQ=                           6
                19:21: 2:30               NSEC=                              11
                19:21: 2:30             ISECTN=                               0
                19:21: 2:33  SECTNM110 DO 925
                19:21: 2:34  PRINT CG
                19:21: 2:34  FINISH
                19:21: 2:35  All Commands FINISHed
                19:21: 2:36  DATASAVE for SPRO GUI
                19:21: 2:36  ++ Creating Displacement File (DSP)...
                19:21: 2:38  ++ Creating Reaction File (REA)...
                19:21: 2:39  ++ Creating Section Force File (BMD)...
                19:21: 2:41  ++ Creating Section Displace File (SEC)...
                19:21: 2:41  ENTERING ENVLP1 ITYP1=                          -5
                19:21: 2:41  SECT DISPLACE
                19:21: 2:44  ++ Creating Section Displace File (SCN)...
                19:21: 2:45  ++ Creating Design information File (DGN)...
                19:21: 2:46  ALLOCATED CM MEMORY (KILOWORDS)             300000
                19:21: 2:46  MAX CM MEMORY (KILOWORDS)                       55
                19:21: 2:47  DBS LONG SEC NAME
* End Of Analysis At Tue Sep 10 19:21:02 2024
* CPU usage = 3.696000
* STAAD Exit Code: 100, Warning Count: 0, Error Count: 0, Duration: 3.696
1 0 0 3.696
****************************************************************************
*                            END OF ANALYSIS                               *
****************************************************************************
