08/22/2024 09:56:54	Reading UID database.
08/22/2024 09:56:54	Start loading STAAD model.
08/22/2024 09:56:54	Reading model file.
08/22/2024 09:56:54	Reading model file is complete.
08/22/2024 09:56:54	Processing support.
08/22/2024 09:56:54	Processing springs.
08/22/2024 09:56:54	Processing properties.
08/22/2024 09:56:54	Processing physical properties.
08/22/2024 09:56:54	Processing constants.
08/22/2024 09:56:54	Processing BETA constants.
08/22/2024 09:56:54	Processing hidden analytical member loads.
08/22/2024 09:56:54	Processing command list for member release.
08/22/2024 09:56:54	Processing command list for member offset.
08/22/2024 09:56:54	Processing command list for member specs (cracked).
08/22/2024 09:56:54	Processing command list for member specs (axial).
08/22/2024 09:56:54	Processing command list for element release.
08/22/2024 09:56:54	Processing command list for element offset.
08/22/2024 09:56:54	Processing command list for element plate stress directive.
08/22/2024 09:56:54	Processing parameter for Chinese wind load case.
08/22/2024 09:56:54	End Processing command list.
08/22/2024 09:56:54	End loading STAAD model.
08/22/2024 09:56:54	Start Post Analysis method
08/22/2024 09:56:54	Removed all hidden plates from surfaces
08/22/2024 09:56:54	Removed all hidden plates
08/22/2024 09:56:54	Removed all hidden nodes
08/22/2024 09:56:55	Loading results from MSH file...
08/22/2024 09:56:55	Building result indices...
08/22/2024 09:56:55	Loading plate stress results...
08/22/2024 09:56:55	Set analysis report setup data
08/22/2024 09:56:55	Starting page setup...
08/22/2024 09:56:55	Page setup completed
08/22/2024 09:56:55	Setting available workflows...
08/22/2024 09:56:55	Post analysis method ends
