08/15/2024 11:14:10	Reading UID database.
08/15/2024 11:14:10	Start loading STAAD model.
08/15/2024 11:14:10	Reading model file.
08/15/2024 11:14:10	Reading model file is complete.
08/15/2024 11:14:10	Processing support.
08/15/2024 11:14:10	Processing springs.
08/15/2024 11:14:10	Processing properties.
08/15/2024 11:14:10	Processing physical properties.
08/15/2024 11:14:10	Processing constants.
08/15/2024 11:14:10	Processing BETA constants.
08/15/2024 11:14:10	Processing hidden analytical member loads.
08/15/2024 11:14:10	Processing command list for member release.
08/15/2024 11:14:10	Processing command list for member offset.
08/15/2024 11:14:10	Processing command list for member specs (cracked).
08/15/2024 11:14:10	Processing command list for member specs (axial).
08/15/2024 11:14:10	Processing command list for element release.
08/15/2024 11:14:10	Processing command list for element offset.
08/15/2024 11:14:10	Processing command list for element plate stress directive.
08/15/2024 11:14:10	Processing parameter for Chinese wind load case.
08/15/2024 11:14:10	End Processing command list.
08/15/2024 11:14:10	End loading STAAD model.
08/15/2024 11:14:10	Start Post Analysis method
08/15/2024 11:14:10	Removed all hidden plates from surfaces
08/15/2024 11:14:10	Removed all hidden plates
08/15/2024 11:14:10	Removed all hidden nodes
08/15/2024 11:14:10	Loading results from MSH file...
08/15/2024 11:14:10	Building result indices...
08/15/2024 11:14:10	Loading plate stress results...
08/15/2024 11:14:10	Set analysis report setup data
08/15/2024 11:14:10	Starting page setup...
08/15/2024 11:14:10	Page setup completed
08/15/2024 11:14:10	Setting available workflows...
08/15/2024 11:14:10	Post analysis method ends
