16:50:29	Initializing STAAD Engine
16:50:29	Run stream set up is complete.
16:50:29	Initialize license libraries.
16:50:29	License libraries initialized.
16:50:29	Starting license(s) for A & D engine.
16:50:30	License Status: Ok
16:50:30	License information set up is complete.
****************************************************************************
*                            START OF ANALYSIS                             *
****************************************************************************
* Initiating Analysis At Fri Aug  9 16:50:30 2024
                          PROGRAM: STAAD.Pro
                          VERSION: 23.00.01.25
                16:50:30:82  ENTERING STAAD
                16:50:30:85  USING 64 BIT STAAD ENGINE
                16:50:30:85  ENTERING MAINN
                16:50:30:86  START JOB INFORMATION
                16:50:30:86  INPUT WIDTH 79
                16:50:30:87  UNIT MMS KN
                16:50:30:87  JOINT COORDINATES
                16:50:30:87  ENTERING JOINTC
                16:50:30:88  JOINTC NEWJ                                 400000
                16:50:30:88  MAX NODE NO.                                    13
                16:50:30:89  MEMBER INCIDENCES
                16:50:30:89  UNIT METER KN
                16:50:30:90  DEFINE MATERIAL START
                16:50:30:90  UNIT MMS KN
                16:50:30:90  MEMBER PROPERTY EUROP
                16:50:31:35    ++ Finished Reading Member Properties ...
                16:50:31:35  CONSTANTS
                16:50:31:36  SUPPORTS
                16:50:31:36  ENTERING SUPPORT
                16:50:31:37  MEMBER OFFSET
                16:50:31:37  DEFINE WIND LOAD
                16:50:31:39  LOAD 121 LOADTYPE DEA
                16:50:31:39  DUPLICATE ELEMENT CHECK
                16:50:31:39  CHECKING STRUCTURAL INTEGRITY
                16:50:31:40  CHECK UNCONNECTED JOINTS AND
                16:50:31:40  CALCULATE MAX JOINT CONNECTIVITY
                16:50:31:41  CHECK MULTIPLE STRUCTURES
                16:50:31:41  ENTERING SUPPORT
                16:50:31:42  NRJOLD                                           0
                16:50:31:43  SUPPORT NOLD                                     0
                16:50:31:43  SUPPORT N                                       60
                16:50:31:44  BEFORE LOADPR
                16:50:31:45  REOPEN AS DIR                                    0
                16:50:31:45  ENTER LOADPR
                16:50:31:58  PERFORM ANALYSIS PRIN
                16:50:31:58  pdel iter                                        0
                16:50:31:58  MAXIMUM E =                           2.973273E+04
                16:50:31:59  MINIMUM E =                           2.973273E+04
                16:50:31:59  MBW DOF BAND=                                    1
                16:50:31:60  NUMBER OF PRIMARY CASES                        101
                16:50:31:60  NUMBER OF CASES                                252
                16:50:31:61  #OF CASES W/ELEM INMEMORY                      252
                16:50:31:61  MEMORY FOR MEMBER LOADS                      36288
                16:50:31:62  MEMORY FOR DISPLACEMENTS                     19656
                16:50:31:62  MEMORY FOR MEMBER FORCES                     36288
                16:50:31:63  Using 64-bit analysis engine
                16:50:31:63  BEFORE SOLVER 1
                16:50:31:64  Start Input for Next Load Case
                16:50:31:64  case no=  121 seq. no=   1 idynl= 0
                16:50:31:65  MASSSET                                          0
                16:50:31:65  LOADEND ISLAVE                                   0
                16:50:31:65  Start Input for Next Load Case
                16:50:31:66  case no=  201 seq. no=   2 idynl= 0
                16:50:31:66  LOADEND ISLAVE                                   0
                16:50:31:67  Start Input for Next Load Case
                16:50:31:67  case no=  202 seq. no=   3 idynl= 0
                16:50:31:68  LOADEND ISLAVE                                   0
                16:50:31:68  Start Input for Next Load Case
                16:50:31:69  case no=  203 seq. no=   4 idynl= 0
                16:50:31:69  LOADEND ISLAVE                                   0
                16:50:31:70  Start Input for Next Load Case
                16:50:31:70  case no=  204 seq. no=   5 idynl= 0
                16:50:31:71  LOADEND ISLAVE                                   0
                16:50:31:71  Start Input for Next Load Case
                16:50:31:71  case no=  205 seq. no=   6 idynl= 0
                16:50:31:72  LOADEND ISLAVE                                   0
                16:50:31:72  Start Input for Next Load Case
                16:50:31:73  case no=  206 seq. no=   7 idynl= 0
                16:50:31:73  LOADEND ISLAVE                                   0
                16:50:31:74  Start Input for Next Load Case
                16:50:31:74  case no=  207 seq. no=   8 idynl= 0
                16:50:31:75  LOADEND ISLAVE                                   0
                16:50:31:75  Start Input for Next Load Case
                16:50:31:76  case no=  208 seq. no=   9 idynl= 0
                16:50:31:76  LOADEND ISLAVE                                   0
                16:50:31:76  Start Input for Next Load Case
                16:50:31:77  case no=  312 seq. no=  10 idynl= 0
                16:50:31:77  LOADEND ISLAVE                                   0
                16:50:31:78  Start Input for Next Load Case
                16:50:31:78  case no=  313 seq. no=  11 idynl= 0
                16:50:31:79  LOADEND ISLAVE                                   0
                16:50:31:79  Start Input for Next Load Case
                16:50:31:80  case no=  314 seq. no=  12 idynl= 0
                16:50:31:80  LOADEND ISLAVE                                   0
                16:50:31:81  Start Input for Next Load Case
                16:50:31:81  case no=  315 seq. no=  13 idynl= 0
                16:50:31:82  LOADEND ISLAVE                                   0
                16:50:31:82  Start Input for Next Load Case
                16:50:31:83  case no=  322 seq. no=  14 idynl= 0
                16:50:31:83  LOADEND ISLAVE                                   0
                16:50:31:83  Start Input for Next Load Case
                16:50:31:84  case no=  323 seq. no=  15 idynl= 0
                16:50:31:84  LOADEND ISLAVE                                   0
                16:50:31:85  Start Input for Next Load Case
                16:50:31:85  case no=  324 seq. no=  16 idynl= 0
                16:50:31:86  LOADEND ISLAVE                                   0
                16:50:31:86  Start Input for Next Load Case
                16:50:31:87  case no=  325 seq. no=  17 idynl= 0
                16:50:31:87  LOADEND ISLAVE                                   0
                16:50:31:87  Start Input for Next Load Case
                16:50:31:88  case no=  332 seq. no=  18 idynl= 0
                16:50:31:89  LOADEND ISLAVE                                   0
                16:50:31:90  Start Input for Next Load Case
                16:50:31:91  case no=  333 seq. no=  19 idynl= 0
                16:50:31:91  LOADEND ISLAVE                                   0
                16:50:31:92  Start Input for Next Load Case
                16:50:31:92  case no=  334 seq. no=  20 idynl= 0
                16:50:31:93  LOADEND ISLAVE                                   0
                16:50:31:93  Start Input for Next Load Case
                16:50:31:94  case no=  335 seq. no=  21 idynl= 0
                16:50:31:94  LOADEND ISLAVE                                   0
                16:50:31:95  Start Input for Next Load Case
                16:50:31:95  case no=  411 seq. no=  22 idynl= 0
                16:50:31:96  LOADEND ISLAVE                                   0
                16:50:31:96  Start Input for Next Load Case
                16:50:31:97  case no=  412 seq. no=  23 idynl= 0
                16:50:31:97  LOADEND ISLAVE                                   0
                16:50:31:98  Start Input for Next Load Case
                16:50:31:98  case no=  413 seq. no=  24 idynl= 0
                16:50:31:98  LOADEND ISLAVE                                   0
                16:50:31:99  Start Input for Next Load Case
                16:50:31:99  case no=  414 seq. no=  25 idynl= 0
                16:50:32: 0  LOADEND ISLAVE                                   0
                16:50:32: 0  Start Input for Next Load Case
                16:50:32: 1  case no=  415 seq. no=  26 idynl= 0
                16:50:32: 1  LOADEND ISLAVE                                   0
                16:50:32: 2  Start Input for Next Load Case
                16:50:32: 2  case no=  416 seq. no=  27 idynl= 0
                16:50:32: 3  LOADEND ISLAVE                                   0
                16:50:32: 3  Start Input for Next Load Case
                16:50:32: 4  case no=  417 seq. no=  28 idynl= 0
                16:50:32: 4  LOADEND ISLAVE                                   0
                16:50:32: 5  Start Input for Next Load Case
                16:50:32: 5  case no=  418 seq. no=  29 idynl= 0
                16:50:32: 5  LOADEND ISLAVE                                   0
                16:50:32: 6  Start Input for Next Load Case
                16:50:32: 6  case no=  421 seq. no=  30 idynl= 0
                16:50:32: 7  LOADEND ISLAVE                                   0
                16:50:32: 7  Start Input for Next Load Case
                16:50:32: 8  case no=  422 seq. no=  31 idynl= 0
                16:50:32: 8  LOADEND ISLAVE                                   0
                16:50:32: 9  Start Input for Next Load Case
                16:50:32: 9  case no=  423 seq. no=  32 idynl= 0
                16:50:32:10  LOADEND ISLAVE                                   0
                16:50:32:10  Start Input for Next Load Case
                16:50:32:11  case no=  424 seq. no=  33 idynl= 0
                16:50:32:11  LOADEND ISLAVE                                   0
                16:50:32:12  Start Input for Next Load Case
                16:50:32:12  case no=  425 seq. no=  34 idynl= 0
                16:50:32:13  LOADEND ISLAVE                                   0
                16:50:32:13  Start Input for Next Load Case
                16:50:32:14  case no=  426 seq. no=  35 idynl= 0
                16:50:32:14  LOADEND ISLAVE                                   0
                16:50:32:14  Start Input for Next Load Case
                16:50:32:15  case no=  427 seq. no=  36 idynl= 0
                16:50:32:15  LOADEND ISLAVE                                   0
                16:50:32:16  Start Input for Next Load Case
                16:50:32:16  case no=  428 seq. no=  37 idynl= 0
                16:50:32:17  LOADEND ISLAVE                                   0
                16:50:32:17  Start Input for Next Load Case
                16:50:32:18  case no=  711 seq. no=  38 idynl= 0
                16:50:32:18  LOADEND ISLAVE                                   0
                16:50:32:19  Start Input for Next Load Case
                16:50:32:19  case no=  712 seq. no=  39 idynl= 0
                16:50:32:19  LOADEND ISLAVE                                   0
                16:50:32:20  Start Input for Next Load Case
                16:50:32:20  case no=  713 seq. no=  40 idynl= 0
                16:50:32:21  LOADEND ISLAVE                                   0
                16:50:32:21  Start Input for Next Load Case
                16:50:32:22  case no=  714 seq. no=  41 idynl= 0
                16:50:32:22  LOADEND ISLAVE                                   0
                16:50:32:23  Start Input for Next Load Case
                16:50:32:23  case no=  715 seq. no=  42 idynl= 0
                16:50:32:23  LOADEND ISLAVE                                   0
                16:50:32:24  Start Input for Next Load Case
                16:50:32:24  case no=  716 seq. no=  43 idynl= 0
                16:50:32:25  LOADEND ISLAVE                                   0
                16:50:32:25  Start Input for Next Load Case
                16:50:32:26  case no=  717 seq. no=  44 idynl= 0
                16:50:32:26  LOADEND ISLAVE                                   0
                16:50:32:27  Start Input for Next Load Case
                16:50:32:27  case no=  718 seq. no=  45 idynl= 0
                16:50:32:28  LOADEND ISLAVE                                   0
                16:50:32:28  Start Input for Next Load Case
                16:50:32:29  case no= 1101 seq. no=  46 idynl= 0
                16:50:32:29  LOADEND ISLAVE                                   0
                16:50:32:30  Start Input for Next Load Case
                16:50:32:30  case no= 1102 seq. no=  47 idynl= 0
                16:50:32:31  LOADEND ISLAVE                                   0
                16:50:32:31  Start Input for Next Load Case
                16:50:32:32  case no= 1103 seq. no=  48 idynl= 0
                16:50:32:32  LOADEND ISLAVE                                   0
                16:50:32:33  Start Input for Next Load Case
                16:50:32:33  case no= 1104 seq. no=  49 idynl= 0
                16:50:32:33  LOADEND ISLAVE                                   0
                16:50:32:34  Start Input for Next Load Case
                16:50:32:34  case no= 1105 seq. no=  50 idynl= 0
                16:50:32:35  LOADEND ISLAVE                                   0
                16:50:32:35  Start Input for Next Load Case
                16:50:32:36  case no= 1106 seq. no=  51 idynl= 0
                16:50:32:36  LOADEND ISLAVE                                   0
                16:50:32:37  Start Input for Next Load Case
                16:50:32:37  case no= 1107 seq. no=  52 idynl= 0
                16:50:32:38  LOADEND ISLAVE                                   0
                16:50:32:38  Start Input for Next Load Case
                16:50:32:39  case no= 1108 seq. no=  53 idynl= 0
                16:50:32:39  LOADEND ISLAVE                                   0
                16:50:32:39  Start Input for Next Load Case
                16:50:32:40  case no= 1201 seq. no=  54 idynl= 0
                16:50:32:40  LOADEND ISLAVE                                   0
                16:50:32:41  Start Input for Next Load Case
                16:50:32:41  case no= 1202 seq. no=  55 idynl= 0
                16:50:32:42  LOADEND ISLAVE                                   0
                16:50:32:42  Start Input for Next Load Case
                16:50:32:43  case no= 1203 seq. no=  56 idynl= 0
                16:50:32:43  LOADEND ISLAVE                                   0
                16:50:32:44  Start Input for Next Load Case
                16:50:32:45  case no= 1204 seq. no=  57 idynl= 0
                16:50:32:45  LOADEND ISLAVE                                   0
                16:50:32:46  Start Input for Next Load Case
                16:50:32:47  case no= 1205 seq. no=  58 idynl= 0
                16:50:32:47  LOADEND ISLAVE                                   0
                16:50:32:48  Start Input for Next Load Case
                16:50:32:48  case no= 1206 seq. no=  59 idynl= 0
                16:50:32:49  LOADEND ISLAVE                                   0
                16:50:32:49  Start Input for Next Load Case
                16:50:32:50  case no= 1207 seq. no=  60 idynl= 0
                16:50:32:50  LOADEND ISLAVE                                   0
                16:50:32:51  Start Input for Next Load Case
                16:50:32:51  case no= 1208 seq. no=  61 idynl= 0
                16:50:32:52  LOADEND ISLAVE                                   0
                16:50:32:52  Start Input for Next Load Case
                16:50:32:53  case no= 2101 seq. no=  62 idynl= 0
                16:50:32:54  LOADEND ISLAVE                                   0
                16:50:32:54  Start Input for Next Load Case
                16:50:32:55  case no= 2102 seq. no=  63 idynl= 0
                16:50:32:55  LOADEND ISLAVE                                   0
                16:50:32:56  Start Input for Next Load Case
                16:50:32:56  case no= 2103 seq. no=  64 idynl= 0
                16:50:32:57  LOADEND ISLAVE                                   0
                16:50:32:57  Start Input for Next Load Case
                16:50:32:58  case no= 2104 seq. no=  65 idynl= 0
                16:50:32:58  LOADEND ISLAVE                                   0
                16:50:32:59  Start Input for Next Load Case
                16:50:32:59  case no= 2105 seq. no=  66 idynl= 0
                16:50:32:60  LOADEND ISLAVE                                   0
                16:50:32:60  Start Input for Next Load Case
                16:50:32:61  case no= 2106 seq. no=  67 idynl= 0
                16:50:32:61  LOADEND ISLAVE                                   0
                16:50:32:62  Start Input for Next Load Case
                16:50:32:63  case no= 2107 seq. no=  68 idynl= 0
                16:50:32:63  LOADEND ISLAVE                                   0
                16:50:32:64  Start Input for Next Load Case
                16:50:32:64  case no= 2108 seq. no=  69 idynl= 0
                16:50:32:64  LOADEND ISLAVE                                   0
                16:50:32:65  Start Input for Next Load Case
                16:50:32:66  case no= 3001 seq. no=  70 idynl= 0
                16:50:32:66  LOADEND ISLAVE                                   0
                16:50:32:67  Start Input for Next Load Case
                16:50:32:67  case no= 3002 seq. no=  71 idynl= 0
                16:50:32:68  LOADEND ISLAVE                                   0
                16:50:32:68  Start Input for Next Load Case
                16:50:32:69  case no= 3003 seq. no=  72 idynl= 0
                16:50:32:70  LOADEND ISLAVE                                   0
                16:50:32:71  Start Input for Next Load Case
                16:50:32:72  case no= 3004 seq. no=  73 idynl= 0
                16:50:32:72  LOADEND ISLAVE                                   0
                16:50:32:73  Start Input for Next Load Case
                16:50:32:74  case no= 3005 seq. no=  74 idynl= 0
                16:50:32:74  LOADEND ISLAVE                                   0
                16:50:32:75  Start Input for Next Load Case
                16:50:32:76  case no= 3006 seq. no=  75 idynl= 0
                16:50:32:76  LOADEND ISLAVE                                   0
                16:50:32:77  Start Input for Next Load Case
                16:50:32:77  case no= 3007 seq. no=  76 idynl= 0
                16:50:32:78  LOADEND ISLAVE                                   0
                16:50:32:78  Start Input for Next Load Case
                16:50:32:79  case no= 3008 seq. no=  77 idynl= 0
                16:50:32:79  LOADEND ISLAVE                                   0
                16:50:32:80  Start Input for Next Load Case
                16:50:32:80  case no= 3011 seq. no=  78 idynl= 0
                16:50:32:81  LOADEND ISLAVE                                   0
                16:50:32:83  Start Input for Next Load Case
                16:50:32:83  case no= 3012 seq. no=  79 idynl= 0
                16:50:32:84  LOADEND ISLAVE                                   0
                16:50:32:85  Start Input for Next Load Case
                16:50:32:85  case no= 3013 seq. no=  80 idynl= 0
                16:50:32:86  LOADEND ISLAVE                                   0
                16:50:32:86  Start Input for Next Load Case
                16:50:32:87  case no= 3014 seq. no=  81 idynl= 0
                16:50:32:87  LOADEND ISLAVE                                   0
                16:50:32:88  Start Input for Next Load Case
                16:50:32:88  case no= 3015 seq. no=  82 idynl= 0
                16:50:32:88  LOADEND ISLAVE                                   0
                16:50:32:89  Start Input for Next Load Case
                16:50:32:89  case no= 3016 seq. no=  83 idynl= 0
                16:50:32:90  LOADEND ISLAVE                                   0
                16:50:32:90  Start Input for Next Load Case
                16:50:32:91  case no= 3017 seq. no=  84 idynl= 0
                16:50:32:91  LOADEND ISLAVE                                   0
                16:50:32:92  Start Input for Next Load Case
                16:50:32:92  case no= 3018 seq. no=  85 idynl= 0
                16:50:32:93  LOADEND ISLAVE                                   0
                16:50:32:93  Start Input for Next Load Case
                16:50:32:94  case no= 3021 seq. no=  86 idynl= 0
                16:50:32:94  LOADEND ISLAVE                                   0
                16:50:32:95  Start Input for Next Load Case
                16:50:32:95  case no= 3022 seq. no=  87 idynl= 0
                16:50:32:96  LOADEND ISLAVE                                   0
                16:50:32:96  Start Input for Next Load Case
                16:50:32:97  case no= 3023 seq. no=  88 idynl= 0
                16:50:32:98  LOADEND ISLAVE                                   0
                16:50:32:98  Start Input for Next Load Case
                16:50:32:99  case no= 3024 seq. no=  89 idynl= 0
                16:50:32:99  LOADEND ISLAVE                                   0
                16:50:32:99  Start Input for Next Load Case
                16:50:33: 0  case no= 3025 seq. no=  90 idynl= 0
                16:50:33: 1  LOADEND ISLAVE                                   0
                16:50:33: 1  Start Input for Next Load Case
                16:50:33: 2  case no= 3026 seq. no=  91 idynl= 0
                16:50:33: 2  LOADEND ISLAVE                                   0
                16:50:33: 3  Start Input for Next Load Case
                16:50:33: 3  case no= 3027 seq. no=  92 idynl= 0
                16:50:33: 4  LOADEND ISLAVE                                   0
                16:50:33: 4  Start Input for Next Load Case
                16:50:33: 5  case no= 3028 seq. no=  93 idynl= 0
                16:50:33: 5  LOADEND ISLAVE                                   0
                16:50:33: 6  Start Input for Next Load Case
                16:50:33: 6  case no= 3201 seq. no=  94 idynl= 0
                16:50:33: 7  LOADEND ISLAVE                                   0
                16:50:33: 7  Start Input for Next Load Case
                16:50:33: 8  case no= 3202 seq. no=  95 idynl= 0
                16:50:33: 8  LOADEND ISLAVE                                   0
                16:50:33: 9  Start Input for Next Load Case
                16:50:33: 9  case no= 3203 seq. no=  96 idynl= 0
                16:50:33:10  LOADEND ISLAVE                                   0
                16:50:33:10  Start Input for Next Load Case
                16:50:33:11  case no= 3204 seq. no=  97 idynl= 0
                16:50:33:11  LOADEND ISLAVE                                   0
                16:50:33:12  Start Input for Next Load Case
                16:50:33:12  case no= 3205 seq. no=  98 idynl= 0
                16:50:33:13  LOADEND ISLAVE                                   0
                16:50:33:13  Start Input for Next Load Case
                16:50:33:14  case no= 3206 seq. no=  99 idynl= 0
                16:50:33:14  LOADEND ISLAVE                                   0
                16:50:33:15  Start Input for Next Load Case
                16:50:33:15  case no= 3207 seq. no= 100 idynl= 0
                16:50:33:16  LOADEND ISLAVE                                   0
                16:50:33:16  Start Input for Next Load Case
                16:50:33:17  case no= 3208 seq. no= 101 idynl= 0
                16:50:33:17  LOADEND ISLAVE                                   0
                16:50:33:18  NVPREV                                           0
                16:50:33:18  AMAXNON                               4.648950E-01
                16:50:33:19  IRECSIZL=                                     4000
                16:50:33:19  MTX BLOCKSIZE=                                  60
                16:50:33:20  MI=                                             60
                16:50:33:21  NORECL=                                          1
                16:50:33:22  NORECL1=                                         1
                16:50:33:23  IWORD=                                       32000
                16:50:33:24  JRECSIZE=                                     4000
                16:50:33:24  IWORDJ=                                      32000
                16:50:33:25  IBYTE=                                           4
                16:50:33:25  JOINTS=                                         13
                16:50:33:25  MEMBERS=                                        12
                16:50:33:26  PLATES =                                         0
                16:50:33:26  SOLIDS =                                         0
                16:50:33:27  NO. OF EQUATIONS=                               60
                16:50:33:27  idyn=                                            0
                16:50:33:28  ipd=                                             0
                16:50:33:28  icablanl=                                        0
                16:50:33:29  ++ Processing Element Stiffness Matrix.
                16:50:33:29  NV1                                            101
                16:50:33:40  ++ Calculating Element Forces & Reactions.
                16:50:35:79  COMBINATION CASES=                               0
                16:50:35:79  MAX CM MEMORY (KILOWORDS)                       31
                16:50:35:80  AFTER SOLVER 1
                16:50:35:81  REOPEN AS SEQ                                    0
                16:50:35:81  DEFINE ENVELOPE
                16:50:35:84  LOAD LIST 1101 TO 110
                16:50:35:84  PARAMETER 1
                16:50:35:85  CHECK CODE ALL
                16:50:35:85  ENTERING SECTNM110 IQ=                          12
                16:50:35:86               NSEC=                              11
                16:50:35:87             ISECTN=                               0
                16:50:35:89  SECTNM110 DO 925
                16:50:35:91  ENTERING ENVLP1 ITYP1=                          -3
                16:50:35:91  SECT DISPLACE
                16:50:35:94  Steel/Alum/Timber Design                        52
                16:50:35:98    ++ Finished Design ...
                16:50:35:98  Steel/Timber Design exit
                16:50:35:99  LOAD LIST 2101 TO 210
                16:50:36: 0  PARAMETER 1
                16:50:36: 1  CHECK CODE ALL
                16:50:36: 1  ENTERING ENVLP1 ITYP1=                          -3
                16:50:36: 1  SECT DISPLACE
                16:50:36: 4  Steel/Alum/Timber Design                        52
                16:50:36: 5    ++ Finished Design ...
                16:50:36: 6  Steel/Timber Design exit
                16:50:36: 6  LOAD LIST ENV 4 TO 7
                16:50:36: 7  PARAMETER 1
                16:50:36: 8  CHECK CODE ALL
                16:50:36: 8  ENTERING ENVLP1 ITYP1=                          -3
                16:50:36: 8  SECT DISPLACE
                16:50:36:11  Steel/Alum/Timber Design                        52
                16:50:36:14    ++ Finished Design ...
                16:50:36:14  Steel/Timber Design exit
                16:50:36:14  PRINT JOINT DISPLACEM
                16:50:36:15  DRAW ISOM JOIN MEMB
                16:50:36:15  ENTERING SECTNM110 IQ=                          12
                16:50:36:16               NSEC=                              11
                16:50:36:16             ISECTN=                               0
                16:50:36:19  SECTNM110 DO 925
                16:50:36:21  PRINT SUPPORT REACTIO
                16:50:36:21  DRAW ISOM SUPP PROP
                16:50:36:22  ENTERING SECTNM110 IQ=                          12
                16:50:36:22               NSEC=                              11
                16:50:36:23             ISECTN=                               0
                16:50:36:25  SECTNM110 DO 925
                16:50:36:27  DRAW ISOM SHAP
                16:50:36:27  ENTERING SECTNM110 IQ=                          12
                16:50:36:28               NSEC=                              11
                16:50:36:29             ISECTN=                               0
                16:50:36:31  SECTNM110 DO 925
                16:50:36:33  PRINT CG
                16:50:36:33  FINISH
                16:50:36:34  All Commands FINISHed
                16:50:36:35  DATASAVE for SPRO GUI
                16:50:36:35  ++ Creating Displacement File (DSP)...
                16:50:36:37  ++ Creating Reaction File (REA)...
                16:50:36:38  ++ Creating Section Force File (BMD)...
                16:50:36:40  ++ Creating Section Displace File (SEC)...
                16:50:36:40  ENTERING ENVLP1 ITYP1=                          -5
                16:50:36:41  SECT DISPLACE
                16:50:36:45  ++ Creating Section Displace File (SCN)...
                16:50:36:47  ++ Creating Design information File (DGN)...
                16:50:36:47  ALLOCATED CM MEMORY (KILOWORDS)             300000
                16:50:36:48  MAX CM MEMORY (KILOWORDS)                       77
                16:50:36:48  DBS LONG SEC NAME
* End Of Analysis At Fri Aug  9 16:50:36 2024
* CPU usage = 5.731000
* STAAD Exit Code: 100, Warning Count: 0, Error Count: 0, Duration: 5.731
1 0 0 5.731
****************************************************************************
*                            END OF ANALYSIS                               *
****************************************************************************
