08/09/2024 16:45:08	Reading UID database.
08/09/2024 16:45:08	Start loading STAAD model.
08/09/2024 16:45:08	Reading model file.
08/09/2024 16:45:08	Reading model file is complete.
08/09/2024 16:45:08	Processing support.
08/09/2024 16:45:08	Processing springs.
08/09/2024 16:45:08	Processing properties.
08/09/2024 16:45:08	Processing physical properties.
08/09/2024 16:45:08	Processing constants.
08/09/2024 16:45:08	Processing BETA constants.
08/09/2024 16:45:08	Processing hidden analytical member loads.
08/09/2024 16:45:08	Processing command list for member release.
08/09/2024 16:45:08	Processing command list for member offset.
08/09/2024 16:45:08	Processing command list for member specs (cracked).
08/09/2024 16:45:08	Processing command list for member specs (axial).
08/09/2024 16:45:08	Processing command list for element release.
08/09/2024 16:45:08	Processing command list for element offset.
08/09/2024 16:45:08	Processing command list for element plate stress directive.
08/09/2024 16:45:08	Processing parameter for Chinese wind load case.
08/09/2024 16:45:08	End Processing command list.
08/09/2024 16:45:08	End loading STAAD model.
08/09/2024 16:45:08	Start Post Analysis method
08/09/2024 16:45:08	Removed all hidden plates from surfaces
08/09/2024 16:45:08	Removed all hidden plates
08/09/2024 16:45:08	Removed all hidden nodes
08/09/2024 16:45:08	Loading results from MSH file...
08/09/2024 16:45:08	Building result indices...
08/09/2024 16:45:08	Loading plate stress results...
08/09/2024 16:45:08	Set analysis report setup data
08/09/2024 16:45:08	Starting page setup...
08/09/2024 16:45:08	Page setup completed
08/09/2024 16:45:08	Setting available workflows...
08/09/2024 16:45:08	Post analysis method ends
08/09/2024 16:45:37	Start Post Analysis method
08/09/2024 16:45:37	Removed all hidden plates from surfaces
08/09/2024 16:45:37	Removed all hidden plates
08/09/2024 16:45:37	Removed all hidden nodes
08/09/2024 16:45:37	Loading results from MSH file...
08/09/2024 16:45:37	Building result indices...
08/09/2024 16:45:37	Loading plate stress results...
08/09/2024 16:45:38	Set analysis report setup data
08/09/2024 16:45:38	Starting page setup...
08/09/2024 16:45:38	Page setup completed
08/09/2024 16:45:38	Setting available workflows...
08/09/2024 16:45:38	Post analysis method ends
08/09/2024 16:50:25	Reading UID database.
08/09/2024 16:50:25	Start loading STAAD model.
08/09/2024 16:50:25	Reading model file.
08/09/2024 16:50:25	Reading model file is complete.
08/09/2024 16:50:25	Processing support.
08/09/2024 16:50:25	Processing springs.
08/09/2024 16:50:25	Processing properties.
08/09/2024 16:50:25	Processing physical properties.
08/09/2024 16:50:25	Processing constants.
08/09/2024 16:50:25	Processing BETA constants.
08/09/2024 16:50:25	Processing hidden analytical member loads.
08/09/2024 16:50:25	Processing command list for member release.
08/09/2024 16:50:25	Processing command list for member offset.
08/09/2024 16:50:25	Processing command list for member specs (cracked).
08/09/2024 16:50:25	Processing command list for member specs (axial).
08/09/2024 16:50:25	Processing command list for element release.
08/09/2024 16:50:25	Processing command list for element offset.
08/09/2024 16:50:25	Processing command list for element plate stress directive.
08/09/2024 16:50:25	Processing parameter for Chinese wind load case.
08/09/2024 16:50:25	End Processing command list.
08/09/2024 16:50:25	End loading STAAD model.
08/09/2024 16:50:25	Start Post Analysis method
08/09/2024 16:50:25	Removed all hidden plates from surfaces
08/09/2024 16:50:25	Removed all hidden plates
08/09/2024 16:50:25	Removed all hidden nodes
08/09/2024 16:50:25	Loading results from MSH file...
08/09/2024 16:50:25	Building result indices...
08/09/2024 16:50:25	Loading plate stress results...
08/09/2024 16:50:25	Set analysis report setup data
08/09/2024 16:50:25	Starting page setup...
08/09/2024 16:50:25	Page setup completed
08/09/2024 16:50:25	Setting available workflows...
08/09/2024 16:50:25	Post analysis method ends
08/09/2024 16:50:39	Start Post Analysis method
08/09/2024 16:50:39	Removed all hidden plates from surfaces
08/09/2024 16:50:39	Removed all hidden plates
08/09/2024 16:50:39	Removed all hidden nodes
08/09/2024 16:50:39	Loading results from MSH file...
08/09/2024 16:50:39	Building result indices...
08/09/2024 16:50:39	Loading plate stress results...
08/09/2024 16:50:39	Set analysis report setup data
08/09/2024 16:50:39	Starting page setup...
08/09/2024 16:50:39	Page setup completed
08/09/2024 16:50:39	Setting available workflows...
08/09/2024 16:50:39	Post analysis method ends
