01/13/2025 11:07:33	Reading UID database.
01/13/2025 11:07:33	Start loading STAAD model.
01/13/2025 11:07:33	Reading model file.
01/13/2025 11:07:33	Reading model file is complete.
01/13/2025 11:07:33	Processing support.
01/13/2025 11:07:33	Processing springs.
01/13/2025 11:07:33	Processing properties.
01/13/2025 11:07:33	Processing physical properties.
01/13/2025 11:07:33	Processing constants.
01/13/2025 11:07:33	Processing BETA constants.
01/13/2025 11:07:33	Processing hidden analytical member loads.
01/13/2025 11:07:33	Processing command list for member release.
01/13/2025 11:07:33	Processing command list for member offset.
01/13/2025 11:07:33	Processing command list for member specs (cracked).
01/13/2025 11:07:33	Processing command list for member specs (axial).
01/13/2025 11:07:33	Processing command list for element release.
01/13/2025 11:07:33	Processing command list for element offset.
01/13/2025 11:07:33	Processing command list for element plate stress directive.
01/13/2025 11:07:33	Processing parameter for Chinese wind load case.
01/13/2025 11:07:33	End Processing command list.
01/13/2025 11:07:33	End loading STAAD model.
01/13/2025 11:07:33	Start Post Analysis method
01/13/2025 11:07:33	Removed all hidden plates from surfaces
01/13/2025 11:07:33	Removed all hidden plates
01/13/2025 11:07:33	Removed all hidden nodes
01/13/2025 11:07:33	Loading results from MSH file...
01/13/2025 11:07:33	Building result indices...
01/13/2025 11:07:33	Loading plate stress results...
01/13/2025 11:07:33	Set analysis report setup data
01/13/2025 11:07:33	Starting page setup...
01/13/2025 11:07:33	Page setup completed
01/13/2025 11:07:33	Setting available workflows...
01/13/2025 11:07:33	Post analysis method ends
01/13/2025 11:07:52	Start Post Analysis method
01/13/2025 11:07:52	Removed all hidden plates from surfaces
01/13/2025 11:07:52	Removed all hidden plates
01/13/2025 11:07:52	Removed all hidden nodes
01/13/2025 11:07:52	Loading results from MSH file...
01/13/2025 11:07:52	Building result indices...
01/13/2025 11:07:52	Loading plate stress results...
01/13/2025 11:07:52	Set analysis report setup data
01/13/2025 11:07:52	Starting page setup...
01/13/2025 11:07:52	Page setup completed
01/13/2025 11:07:52	Setting available workflows...
01/13/2025 11:07:52	Post analysis method ends
