08/01/2024 11:51:32	Reading UID database.
08/01/2024 11:51:32	Start loading STAAD model.
08/01/2024 11:51:32	Reading model file.
08/01/2024 11:51:33	Reading model file is complete.
08/01/2024 11:51:33	Processing support.
08/01/2024 11:51:33	Processing springs.
08/01/2024 11:51:33	Processing properties.
08/01/2024 11:51:33	Processing physical properties.
08/01/2024 11:51:33	Processing constants.
08/01/2024 11:51:33	Processing BETA constants.
08/01/2024 11:51:33	Processing hidden analytical member loads.
08/01/2024 11:51:33	Processing command list for member release.
08/01/2024 11:51:33	Processing command list for member offset.
08/01/2024 11:51:33	Processing command list for member specs (cracked).
08/01/2024 11:51:33	Processing command list for member specs (axial).
08/01/2024 11:51:33	Processing command list for element release.
08/01/2024 11:51:33	Processing command list for element offset.
08/01/2024 11:51:33	Processing command list for element plate stress directive.
08/01/2024 11:51:33	Processing parameter for Chinese wind load case.
08/01/2024 11:51:33	End Processing command list.
08/01/2024 11:51:33	End loading STAAD model.
08/01/2024 11:51:33	Start Post Analysis method
08/01/2024 11:51:33	Removed all hidden plates from surfaces
08/01/2024 11:51:33	Removed all hidden plates
08/01/2024 11:51:33	Removed all hidden nodes
08/01/2024 11:51:33	Loading results from MSH file...
08/01/2024 11:51:33	Building result indices...
08/01/2024 11:51:33	Loading plate stress results...
08/01/2024 11:51:33	Set analysis report setup data
08/01/2024 11:51:33	Starting page setup...
08/01/2024 11:51:33	Page setup completed
08/01/2024 11:51:33	Setting available workflows...
08/01/2024 11:51:33	Post analysis method ends
08/01/2024 11:51:59	Start Post Analysis method
08/01/2024 11:51:59	Removed all hidden plates from surfaces
08/01/2024 11:51:59	Removed all hidden plates
08/01/2024 11:51:59	Removed all hidden nodes
08/01/2024 11:51:59	Loading results from MSH file...
08/01/2024 11:51:59	Building result indices...
08/01/2024 11:51:59	Loading plate stress results...
08/01/2024 11:51:59	Set analysis report setup data
08/01/2024 11:51:59	Starting page setup...
08/01/2024 11:51:59	Page setup completed
08/01/2024 11:51:59	Setting available workflows...
08/01/2024 11:51:59	Post analysis method ends
08/01/2024 12:52:37	Reading UID database.
08/01/2024 12:52:37	Start loading STAAD model.
08/01/2024 12:52:37	Reading model file.
08/01/2024 12:52:37	Reading model file is complete.
08/01/2024 12:52:37	Processing support.
08/01/2024 12:52:37	Processing springs.
08/01/2024 12:52:37	Processing properties.
08/01/2024 12:52:37	Processing physical properties.
08/01/2024 12:52:37	Processing constants.
08/01/2024 12:52:37	Processing BETA constants.
08/01/2024 12:52:37	Processing hidden analytical member loads.
08/01/2024 12:52:37	Processing command list for member release.
08/01/2024 12:52:37	Processing command list for member offset.
08/01/2024 12:52:37	Processing command list for member specs (cracked).
08/01/2024 12:52:37	Processing command list for member specs (axial).
08/01/2024 12:52:37	Processing command list for element release.
08/01/2024 12:52:37	Processing command list for element offset.
08/01/2024 12:52:38	Processing command list for element plate stress directive.
08/01/2024 12:52:38	Processing parameter for Chinese wind load case.
08/01/2024 12:52:38	End Processing command list.
08/01/2024 12:52:38	End loading STAAD model.
08/01/2024 12:52:38	Start Post Analysis method
08/01/2024 12:52:38	Removed all hidden plates from surfaces
08/01/2024 12:52:38	Removed all hidden plates
08/01/2024 12:52:38	Removed all hidden nodes
08/01/2024 12:52:38	Loading results from MSH file...
08/01/2024 12:52:38	Building result indices...
08/01/2024 12:52:38	Loading plate stress results...
08/01/2024 12:52:38	Set analysis report setup data
08/01/2024 12:52:38	Starting page setup...
08/01/2024 12:52:38	Page setup completed
08/01/2024 12:52:38	Setting available workflows...
08/01/2024 12:52:38	Post analysis method ends
08/01/2024 12:52:53	Start Post Analysis method
08/01/2024 12:52:53	Removed all hidden plates from surfaces
08/01/2024 12:52:53	Removed all hidden plates
08/01/2024 12:52:53	Removed all hidden nodes
08/01/2024 12:52:53	Loading results from MSH file...
08/01/2024 12:52:53	Building result indices...
08/01/2024 12:52:53	Loading plate stress results...
08/01/2024 12:52:53	Set analysis report setup data
08/01/2024 12:52:53	Starting page setup...
08/01/2024 12:52:53	Page setup completed
08/01/2024 12:52:53	Setting available workflows...
08/01/2024 12:52:53	Post analysis method ends
08/01/2024 13:00:07	Start Post Analysis method
08/01/2024 13:00:07	Removed all hidden plates from surfaces
08/01/2024 13:00:07	Removed all hidden plates
08/01/2024 13:00:07	Removed all hidden nodes
08/01/2024 13:00:07	Loading results from MSH file...
08/01/2024 13:00:07	Building result indices...
08/01/2024 13:00:07	Loading plate stress results...
08/01/2024 13:00:07	Set analysis report setup data
08/01/2024 13:00:07	Starting page setup...
08/01/2024 13:00:07	Page setup completed
08/01/2024 13:00:07	Setting available workflows...
08/01/2024 13:00:07	Post analysis method ends
