10/03/2024 10:47:39	Reading UID database.
10/03/2024 10:47:39	Start loading STAAD model.
10/03/2024 10:47:39	Reading model file.
10/03/2024 10:47:40	Reading model file is complete.
10/03/2024 10:47:40	Processing support.
10/03/2024 10:47:40	Processing springs.
10/03/2024 10:47:40	Processing properties.
10/03/2024 10:47:40	Processing physical properties.
10/03/2024 10:47:40	Processing constants.
10/03/2024 10:47:40	Processing BETA constants.
10/03/2024 10:47:40	Processing hidden analytical member loads.
10/03/2024 10:47:40	Processing command list for member release.
10/03/2024 10:47:40	Processing command list for member offset.
10/03/2024 10:47:40	Processing command list for member specs (cracked).
10/03/2024 10:47:40	Processing command list for member specs (axial).
10/03/2024 10:47:40	Processing command list for element release.
10/03/2024 10:47:40	Processing command list for element offset.
10/03/2024 10:47:40	Processing command list for element plate stress directive.
10/03/2024 10:47:40	Processing parameter for Chinese wind load case.
10/03/2024 10:47:40	End Processing command list.
10/03/2024 10:47:40	End loading STAAD model.
10/03/2024 10:47:40	Start Post Analysis method
10/03/2024 10:47:40	Removed all hidden plates from surfaces
10/03/2024 10:47:40	Removed all hidden plates
10/03/2024 10:47:40	Removed all hidden nodes
10/03/2024 10:47:40	Loading results from MSH file...
10/03/2024 10:47:40	Building result indices...
10/03/2024 10:47:40	Loading plate stress results...
10/03/2024 10:47:40	Set analysis report setup data
10/03/2024 10:47:40	Starting page setup...
10/03/2024 10:47:40	Page setup completed
10/03/2024 10:47:40	Setting available workflows...
10/03/2024 10:47:40	Post analysis method ends
10/03/2024 10:53:00	Start Post Analysis method
10/03/2024 10:53:00	Removed all hidden plates from surfaces
10/03/2024 10:53:00	Removed all hidden plates
10/03/2024 10:53:00	Removed all hidden nodes
10/03/2024 10:53:00	Loading results from MSH file...
10/03/2024 10:53:00	Building result indices...
10/03/2024 10:53:00	Loading plate stress results...
10/03/2024 10:53:00	Set analysis report setup data
10/03/2024 10:53:00	Starting page setup...
10/03/2024 10:53:00	Page setup completed
10/03/2024 10:53:00	Setting available workflows...
10/03/2024 10:53:00	Post analysis method ends
10/03/2024 10:53:34	Start Post Analysis method
10/03/2024 10:53:34	Removed all hidden plates from surfaces
10/03/2024 10:53:34	Removed all hidden plates
10/03/2024 10:53:34	Removed all hidden nodes
10/03/2024 10:53:34	Loading results from MSH file...
10/03/2024 10:53:34	Building result indices...
10/03/2024 10:53:34	Loading plate stress results...
10/03/2024 10:53:34	Set analysis report setup data
10/03/2024 10:53:34	Starting page setup...
10/03/2024 10:53:34	Page setup completed
10/03/2024 10:53:34	Setting available workflows...
10/03/2024 10:53:34	Post analysis method ends
10/03/2024 11:05:39	Reading UID database.
10/03/2024 11:05:39	Start loading STAAD model.
10/03/2024 11:05:39	Reading model file.
10/03/2024 11:05:39	Reading model file is complete.
10/03/2024 11:05:39	Processing support.
10/03/2024 11:05:39	Processing springs.
10/03/2024 11:05:39	Processing properties.
10/03/2024 11:05:39	Processing physical properties.
10/03/2024 11:05:39	Processing constants.
10/03/2024 11:05:39	Processing BETA constants.
10/03/2024 11:05:39	Processing hidden analytical member loads.
10/03/2024 11:05:39	Processing command list for member release.
10/03/2024 11:05:39	Processing command list for member offset.
10/03/2024 11:05:39	Processing command list for member specs (cracked).
10/03/2024 11:05:39	Processing command list for member specs (axial).
10/03/2024 11:05:39	Processing command list for element release.
10/03/2024 11:05:39	Processing command list for element offset.
10/03/2024 11:05:39	Processing command list for element plate stress directive.
10/03/2024 11:05:39	Processing parameter for Chinese wind load case.
10/03/2024 11:05:39	End Processing command list.
10/03/2024 11:05:39	End loading STAAD model.
10/03/2024 11:05:39	Start Post Analysis method
10/03/2024 11:05:39	Removed all hidden plates from surfaces
10/03/2024 11:05:39	Removed all hidden plates
10/03/2024 11:05:39	Removed all hidden nodes
10/03/2024 11:05:39	Loading results from MSH file...
10/03/2024 11:05:39	Building result indices...
10/03/2024 11:05:39	Loading plate stress results...
10/03/2024 11:05:39	Set analysis report setup data
10/03/2024 11:05:39	Starting page setup...
10/03/2024 11:05:39	Page setup completed
10/03/2024 11:05:39	Setting available workflows...
10/03/2024 11:05:39	Post analysis method ends
10/03/2024 11:06:02	Start Post Analysis method
10/03/2024 11:06:02	Removed all hidden plates from surfaces
10/03/2024 11:06:02	Removed all hidden plates
10/03/2024 11:06:02	Removed all hidden nodes
10/03/2024 11:06:02	Loading results from MSH file...
10/03/2024 11:06:02	Building result indices...
10/03/2024 11:06:02	Loading plate stress results...
10/03/2024 11:06:02	Set analysis report setup data
10/03/2024 11:06:02	Starting page setup...
10/03/2024 11:06:02	Page setup completed
10/03/2024 11:06:02	Setting available workflows...
10/03/2024 11:06:02	Post analysis method ends
