11:05:55	Initializing STAAD Engine
11:05:55	Run stream set up is complete.
11:05:55	Initialize license libraries.
11:05:55	License libraries initialized.
11:05:55	Starting license(s) for A & D engine.
11:05:56	License Status: Ok
11:05:56	License information set up is complete.
****************************************************************************
*                            START OF ANALYSIS                             *
****************************************************************************
* Initiating Analysis At Thu Oct  3 11:05:56 2024
                          PROGRAM: STAAD.Pro
                          VERSION: 23.00.01.25
                11: 5:56:61  ENTERING STAAD
                11: 5:56:62  USING 64 BIT STAAD ENGINE
                11: 5:56:62  ENTERING MAINN
                11: 5:56:63  START JOB INFORMATION
                11: 5:56:63  INPUT WIDTH 79
                11: 5:56:64  UNIT MMS KN
                11: 5:56:64  JOINT COORDINATES
                11: 5:56:65  ENTERING JOINTC
                11: 5:56:65  JOINTC NEWJ                                 400000
                11: 5:56:66  MAX NODE NO.                                    12
                11: 5:56:66  MEMBER INCIDENCES
                11: 5:56:67  UNIT METER KN
                11: 5:56:68  DEFINE MATERIAL START
                11: 5:56:68  UNIT MMS KN
                11: 5:56:69  MEMBER PROPERTY EUROP
                11: 5:56:81    ++ Finished Reading Member Properties ...
                11: 5:56:82  CONSTANTS
                11: 5:56:82  SUPPORTS
                11: 5:56:83  ENTERING SUPPORT
                11: 5:56:84  UNIT METER KN
                11: 5:56:84  DEFINE WIND LOAD
                11: 5:56:85  LOAD 121 LOADTYPE DEA
                11: 5:56:86  DUPLICATE ELEMENT CHECK
                11: 5:56:86  CHECKING STRUCTURAL INTEGRITY
                11: 5:56:87  CHECK UNCONNECTED JOINTS AND
                11: 5:56:88  CALCULATE MAX JOINT CONNECTIVITY
                11: 5:56:88  CHECK MULTIPLE STRUCTURES
                11: 5:56:89  STRUCTURE IS DISJOINTED
                11: 5:56:89  STRUCTURE IS DISJOINTED
                11: 5:56:90  ENTERING SUPPORT
                11: 5:56:91  NRJOLD                                           0
                11: 5:56:91  SUPPORT NOLD                                     0
                11: 5:56:92  SUPPORT N                                       42
                11: 5:56:92  BEFORE LOADPR
                11: 5:56:93  REOPEN AS DIR                                    0
                11: 5:56:93  ENTER LOADPR
                11: 5:57: 4  PERFORM ANALYSIS PRIN
                11: 5:57: 5  pdel iter                                        0
                11: 5:57: 5  MAXIMUM E =                           2.973273E+04
                11: 5:57: 6  MINIMUM E =                           2.973273E+04
                11: 5:57: 6  MBW DOF BAND=                                    1
                11: 5:57: 7  NUMBER OF PRIMARY CASES                        101
                11: 5:57: 7  NUMBER OF CASES                                252
                11: 5:57: 8  #OF CASES W/ELEM INMEMORY                      252
                11: 5:57: 9  MEMORY FOR MEMBER LOADS                      30240
                11: 5:57: 9  MEMORY FOR DISPLACEMENTS                     18144
                11: 5:57:10  MEMORY FOR MEMBER FORCES                     30240
                11: 5:57:11  Using 64-bit analysis engine
                11: 5:57:11  BEFORE SOLVER 1
                11: 5:57:12  Start Input for Next Load Case
                11: 5:57:12  case no=  121 seq. no=   1 idynl= 0
                11: 5:57:13  MASSSET                                          0
                11: 5:57:13  LOADEND ISLAVE                                   0
                11: 5:57:14  Start Input for Next Load Case
                11: 5:57:15  case no=  201 seq. no=   2 idynl= 0
                11: 5:57:15  LOADEND ISLAVE                                   0
                11: 5:57:16  Start Input for Next Load Case
                11: 5:57:16  case no=  202 seq. no=   3 idynl= 0
                11: 5:57:17  LOADEND ISLAVE                                   0
                11: 5:57:17  Start Input for Next Load Case
                11: 5:57:18  case no=  203 seq. no=   4 idynl= 0
                11: 5:57:18  LOADEND ISLAVE                                   0
                11: 5:57:19  Start Input for Next Load Case
                11: 5:57:20  case no=  204 seq. no=   5 idynl= 0
                11: 5:57:20  LOADEND ISLAVE                                   0
                11: 5:57:21  Start Input for Next Load Case
                11: 5:57:22  case no=  205 seq. no=   6 idynl= 0
                11: 5:57:23  LOADEND ISLAVE                                   0
                11: 5:57:23  Start Input for Next Load Case
                11: 5:57:24  case no=  206 seq. no=   7 idynl= 0
                11: 5:57:25  LOADEND ISLAVE                                   0
                11: 5:57:25  Start Input for Next Load Case
                11: 5:57:26  case no=  207 seq. no=   8 idynl= 0
                11: 5:57:27  LOADEND ISLAVE                                   0
                11: 5:57:27  Start Input for Next Load Case
                11: 5:57:28  case no=  208 seq. no=   9 idynl= 0
                11: 5:57:29  LOADEND ISLAVE                                   0
                11: 5:57:29  Start Input for Next Load Case
                11: 5:57:30  case no=  312 seq. no=  10 idynl= 0
                11: 5:57:30  LOADEND ISLAVE                                   0
                11: 5:57:31  Start Input for Next Load Case
                11: 5:57:31  case no=  313 seq. no=  11 idynl= 0
                11: 5:57:32  LOADEND ISLAVE                                   0
                11: 5:57:32  Start Input for Next Load Case
                11: 5:57:33  case no=  314 seq. no=  12 idynl= 0
                11: 5:57:34  LOADEND ISLAVE                                   0
                11: 5:57:34  Start Input for Next Load Case
                11: 5:57:35  case no=  315 seq. no=  13 idynl= 0
                11: 5:57:35  LOADEND ISLAVE                                   0
                11: 5:57:36  Start Input for Next Load Case
                11: 5:57:37  case no=  322 seq. no=  14 idynl= 0
                11: 5:57:37  LOADEND ISLAVE                                   0
                11: 5:57:38  Start Input for Next Load Case
                11: 5:57:39  case no=  323 seq. no=  15 idynl= 0
                11: 5:57:39  LOADEND ISLAVE                                   0
                11: 5:57:40  Start Input for Next Load Case
                11: 5:57:40  case no=  324 seq. no=  16 idynl= 0
                11: 5:57:41  LOADEND ISLAVE                                   0
                11: 5:57:41  Start Input for Next Load Case
                11: 5:57:42  case no=  325 seq. no=  17 idynl= 0
                11: 5:57:43  LOADEND ISLAVE                                   0
                11: 5:57:43  Start Input for Next Load Case
                11: 5:57:44  case no=  332 seq. no=  18 idynl= 0
                11: 5:57:44  LOADEND ISLAVE                                   0
                11: 5:57:45  Start Input for Next Load Case
                11: 5:57:45  case no=  333 seq. no=  19 idynl= 0
                11: 5:57:46  LOADEND ISLAVE                                   0
                11: 5:57:47  Start Input for Next Load Case
                11: 5:57:47  case no=  334 seq. no=  20 idynl= 0
                11: 5:57:48  LOADEND ISLAVE                                   0
                11: 5:57:49  Start Input for Next Load Case
                11: 5:57:49  case no=  335 seq. no=  21 idynl= 0
                11: 5:57:50  LOADEND ISLAVE                                   0
                11: 5:57:50  Start Input for Next Load Case
                11: 5:57:51  case no=  411 seq. no=  22 idynl= 0
                11: 5:57:52  LOADEND ISLAVE                                   0
                11: 5:57:52  Start Input for Next Load Case
                11: 5:57:53  case no=  412 seq. no=  23 idynl= 0
                11: 5:57:53  LOADEND ISLAVE                                   0
                11: 5:57:54  Start Input for Next Load Case
                11: 5:57:54  case no=  413 seq. no=  24 idynl= 0
                11: 5:57:55  LOADEND ISLAVE                                   0
                11: 5:57:55  Start Input for Next Load Case
                11: 5:57:56  case no=  414 seq. no=  25 idynl= 0
                11: 5:57:56  LOADEND ISLAVE                                   0
                11: 5:57:57  Start Input for Next Load Case
                11: 5:57:58  case no=  415 seq. no=  26 idynl= 0
                11: 5:57:58  LOADEND ISLAVE                                   0
                11: 5:57:59  Start Input for Next Load Case
                11: 5:57:60  case no=  416 seq. no=  27 idynl= 0
                11: 5:57:60  LOADEND ISLAVE                                   0
                11: 5:57:61  Start Input for Next Load Case
                11: 5:57:61  case no=  417 seq. no=  28 idynl= 0
                11: 5:57:62  LOADEND ISLAVE                                   0
                11: 5:57:62  Start Input for Next Load Case
                11: 5:57:63  case no=  418 seq. no=  29 idynl= 0
                11: 5:57:64  LOADEND ISLAVE                                   0
                11: 5:57:64  Start Input for Next Load Case
                11: 5:57:65  case no=  421 seq. no=  30 idynl= 0
                11: 5:57:65  LOADEND ISLAVE                                   0
                11: 5:57:66  Start Input for Next Load Case
                11: 5:57:66  case no=  422 seq. no=  31 idynl= 0
                11: 5:57:67  LOADEND ISLAVE                                   0
                11: 5:57:67  Start Input for Next Load Case
                11: 5:57:68  case no=  423 seq. no=  32 idynl= 0
                11: 5:57:69  LOADEND ISLAVE                                   0
                11: 5:57:69  Start Input for Next Load Case
                11: 5:57:70  case no=  424 seq. no=  33 idynl= 0
                11: 5:57:70  LOADEND ISLAVE                                   0
                11: 5:57:71  Start Input for Next Load Case
                11: 5:57:72  case no=  425 seq. no=  34 idynl= 0
                11: 5:57:72  LOADEND ISLAVE                                   0
                11: 5:57:73  Start Input for Next Load Case
                11: 5:57:73  case no=  426 seq. no=  35 idynl= 0
                11: 5:57:74  LOADEND ISLAVE                                   0
                11: 5:57:74  Start Input for Next Load Case
                11: 5:57:75  case no=  427 seq. no=  36 idynl= 0
                11: 5:57:75  LOADEND ISLAVE                                   0
                11: 5:57:76  Start Input for Next Load Case
                11: 5:57:76  case no=  428 seq. no=  37 idynl= 0
                11: 5:57:76  LOADEND ISLAVE                                   0
                11: 5:57:77  Start Input for Next Load Case
                11: 5:57:77  case no=  711 seq. no=  38 idynl= 0
                11: 5:57:78  LOADEND ISLAVE                                   0
                11: 5:57:78  Start Input for Next Load Case
                11: 5:57:79  case no=  712 seq. no=  39 idynl= 0
                11: 5:57:79  LOADEND ISLAVE                                   0
                11: 5:57:80  Start Input for Next Load Case
                11: 5:57:80  case no=  713 seq. no=  40 idynl= 0
                11: 5:57:81  LOADEND ISLAVE                                   0
                11: 5:57:81  Start Input for Next Load Case
                11: 5:57:82  case no=  714 seq. no=  41 idynl= 0
                11: 5:57:82  LOADEND ISLAVE                                   0
                11: 5:57:83  Start Input for Next Load Case
                11: 5:57:83  case no=  715 seq. no=  42 idynl= 0
                11: 5:57:84  LOADEND ISLAVE                                   0
                11: 5:57:84  Start Input for Next Load Case
                11: 5:57:85  case no=  716 seq. no=  43 idynl= 0
                11: 5:57:85  LOADEND ISLAVE                                   0
                11: 5:57:86  Start Input for Next Load Case
                11: 5:57:86  case no=  717 seq. no=  44 idynl= 0
                11: 5:57:87  LOADEND ISLAVE                                   0
                11: 5:57:87  Start Input for Next Load Case
                11: 5:57:88  case no=  718 seq. no=  45 idynl= 0
                11: 5:57:88  LOADEND ISLAVE                                   0
                11: 5:57:89  Start Input for Next Load Case
                11: 5:57:89  case no= 1101 seq. no=  46 idynl= 0
                11: 5:57:90  LOADEND ISLAVE                                   0
                11: 5:57:90  Start Input for Next Load Case
                11: 5:57:91  case no= 1102 seq. no=  47 idynl= 0
                11: 5:57:91  LOADEND ISLAVE                                   0
                11: 5:57:92  Start Input for Next Load Case
                11: 5:57:92  case no= 1103 seq. no=  48 idynl= 0
                11: 5:57:93  LOADEND ISLAVE                                   0
                11: 5:57:93  Start Input for Next Load Case
                11: 5:57:94  case no= 1104 seq. no=  49 idynl= 0
                11: 5:57:94  LOADEND ISLAVE                                   0
                11: 5:57:95  Start Input for Next Load Case
                11: 5:57:95  case no= 1105 seq. no=  50 idynl= 0
                11: 5:57:96  LOADEND ISLAVE                                   0
                11: 5:57:96  Start Input for Next Load Case
                11: 5:57:97  case no= 1106 seq. no=  51 idynl= 0
                11: 5:57:97  LOADEND ISLAVE                                   0
                11: 5:57:98  Start Input for Next Load Case
                11: 5:57:98  case no= 1107 seq. no=  52 idynl= 0
                11: 5:57:99  LOADEND ISLAVE                                   0
                11: 5:57:99  Start Input for Next Load Case
                11: 5:58: 0  case no= 1108 seq. no=  53 idynl= 0
                11: 5:58: 0  LOADEND ISLAVE                                   0
                11: 5:58: 1  Start Input for Next Load Case
                11: 5:58: 1  case no= 1201 seq. no=  54 idynl= 0
                11: 5:58: 2  LOADEND ISLAVE                                   0
                11: 5:58: 2  Start Input for Next Load Case
                11: 5:58: 3  case no= 1202 seq. no=  55 idynl= 0
                11: 5:58: 3  LOADEND ISLAVE                                   0
                11: 5:58: 4  Start Input for Next Load Case
                11: 5:58: 4  case no= 1203 seq. no=  56 idynl= 0
                11: 5:58: 5  LOADEND ISLAVE                                   0
                11: 5:58: 5  Start Input for Next Load Case
                11: 5:58: 6  case no= 1204 seq. no=  57 idynl= 0
                11: 5:58: 6  LOADEND ISLAVE                                   0
                11: 5:58: 7  Start Input for Next Load Case
                11: 5:58: 7  case no= 1205 seq. no=  58 idynl= 0
                11: 5:58: 8  LOADEND ISLAVE                                   0
                11: 5:58: 8  Start Input for Next Load Case
                11: 5:58: 9  case no= 1206 seq. no=  59 idynl= 0
                11: 5:58: 9  LOADEND ISLAVE                                   0
                11: 5:58:10  Start Input for Next Load Case
                11: 5:58:10  case no= 1207 seq. no=  60 idynl= 0
                11: 5:58:11  LOADEND ISLAVE                                   0
                11: 5:58:11  Start Input for Next Load Case
                11: 5:58:12  case no= 1208 seq. no=  61 idynl= 0
                11: 5:58:12  LOADEND ISLAVE                                   0
                11: 5:58:13  Start Input for Next Load Case
                11: 5:58:13  case no= 2101 seq. no=  62 idynl= 0
                11: 5:58:14  LOADEND ISLAVE                                   0
                11: 5:58:14  Start Input for Next Load Case
                11: 5:58:15  case no= 2102 seq. no=  63 idynl= 0
                11: 5:58:15  LOADEND ISLAVE                                   0
                11: 5:58:16  Start Input for Next Load Case
                11: 5:58:16  case no= 2103 seq. no=  64 idynl= 0
                11: 5:58:17  LOADEND ISLAVE                                   0
                11: 5:58:17  Start Input for Next Load Case
                11: 5:58:18  case no= 2104 seq. no=  65 idynl= 0
                11: 5:58:18  LOADEND ISLAVE                                   0
                11: 5:58:19  Start Input for Next Load Case
                11: 5:58:19  case no= 2105 seq. no=  66 idynl= 0
                11: 5:58:20  LOADEND ISLAVE                                   0
                11: 5:58:21  Start Input for Next Load Case
                11: 5:58:21  case no= 2106 seq. no=  67 idynl= 0
                11: 5:58:22  LOADEND ISLAVE                                   0
                11: 5:58:22  Start Input for Next Load Case
                11: 5:58:23  case no= 2107 seq. no=  68 idynl= 0
                11: 5:58:23  LOADEND ISLAVE                                   0
                11: 5:58:24  Start Input for Next Load Case
                11: 5:58:24  case no= 2108 seq. no=  69 idynl= 0
                11: 5:58:25  LOADEND ISLAVE                                   0
                11: 5:58:25  Start Input for Next Load Case
                11: 5:58:26  case no= 3001 seq. no=  70 idynl= 0
                11: 5:58:26  LOADEND ISLAVE                                   0
                11: 5:58:27  Start Input for Next Load Case
                11: 5:58:27  case no= 3002 seq. no=  71 idynl= 0
                11: 5:58:27  LOADEND ISLAVE                                   0
                11: 5:58:28  Start Input for Next Load Case
                11: 5:58:29  case no= 3003 seq. no=  72 idynl= 0
                11: 5:58:29  LOADEND ISLAVE                                   0
                11: 5:58:30  Start Input for Next Load Case
                11: 5:58:30  case no= 3004 seq. no=  73 idynl= 0
                11: 5:58:31  LOADEND ISLAVE                                   0
                11: 5:58:31  Start Input for Next Load Case
                11: 5:58:32  case no= 3005 seq. no=  74 idynl= 0
                11: 5:58:32  LOADEND ISLAVE                                   0
                11: 5:58:33  Start Input for Next Load Case
                11: 5:58:33  case no= 3006 seq. no=  75 idynl= 0
                11: 5:58:34  LOADEND ISLAVE                                   0
                11: 5:58:34  Start Input for Next Load Case
                11: 5:58:35  case no= 3007 seq. no=  76 idynl= 0
                11: 5:58:35  LOADEND ISLAVE                                   0
                11: 5:58:36  Start Input for Next Load Case
                11: 5:58:36  case no= 3008 seq. no=  77 idynl= 0
                11: 5:58:37  LOADEND ISLAVE                                   0
                11: 5:58:37  Start Input for Next Load Case
                11: 5:58:38  case no= 3011 seq. no=  78 idynl= 0
                11: 5:58:38  LOADEND ISLAVE                                   0
                11: 5:58:39  Start Input for Next Load Case
                11: 5:58:39  case no= 3012 seq. no=  79 idynl= 0
                11: 5:58:40  LOADEND ISLAVE                                   0
                11: 5:58:40  Start Input for Next Load Case
                11: 5:58:40  case no= 3013 seq. no=  80 idynl= 0
                11: 5:58:41  LOADEND ISLAVE                                   0
                11: 5:58:41  Start Input for Next Load Case
                11: 5:58:42  case no= 3014 seq. no=  81 idynl= 0
                11: 5:58:42  LOADEND ISLAVE                                   0
                11: 5:58:43  Start Input for Next Load Case
                11: 5:58:43  case no= 3015 seq. no=  82 idynl= 0
                11: 5:58:44  LOADEND ISLAVE                                   0
                11: 5:58:44  Start Input for Next Load Case
                11: 5:58:45  case no= 3016 seq. no=  83 idynl= 0
                11: 5:58:45  LOADEND ISLAVE                                   0
                11: 5:58:46  Start Input for Next Load Case
                11: 5:58:46  case no= 3017 seq. no=  84 idynl= 0
                11: 5:58:47  LOADEND ISLAVE                                   0
                11: 5:58:47  Start Input for Next Load Case
                11: 5:58:48  case no= 3018 seq. no=  85 idynl= 0
                11: 5:58:48  LOADEND ISLAVE                                   0
                11: 5:58:49  Start Input for Next Load Case
                11: 5:58:49  case no= 3021 seq. no=  86 idynl= 0
                11: 5:58:50  LOADEND ISLAVE                                   0
                11: 5:58:50  Start Input for Next Load Case
                11: 5:58:51  case no= 3022 seq. no=  87 idynl= 0
                11: 5:58:51  LOADEND ISLAVE                                   0
                11: 5:58:52  Start Input for Next Load Case
                11: 5:58:52  case no= 3023 seq. no=  88 idynl= 0
                11: 5:58:53  LOADEND ISLAVE                                   0
                11: 5:58:53  Start Input for Next Load Case
                11: 5:58:54  case no= 3024 seq. no=  89 idynl= 0
                11: 5:58:54  LOADEND ISLAVE                                   0
                11: 5:58:55  Start Input for Next Load Case
                11: 5:58:55  case no= 3025 seq. no=  90 idynl= 0
                11: 5:58:56  LOADEND ISLAVE                                   0
                11: 5:58:56  Start Input for Next Load Case
                11: 5:58:57  case no= 3026 seq. no=  91 idynl= 0
                11: 5:58:57  LOADEND ISLAVE                                   0
                11: 5:58:58  Start Input for Next Load Case
                11: 5:58:58  case no= 3027 seq. no=  92 idynl= 0
                11: 5:58:59  LOADEND ISLAVE                                   0
                11: 5:58:59  Start Input for Next Load Case
                11: 5:58:60  case no= 3028 seq. no=  93 idynl= 0
                11: 5:58:60  LOADEND ISLAVE                                   0
                11: 5:58:61  Start Input for Next Load Case
                11: 5:58:61  case no= 3201 seq. no=  94 idynl= 0
                11: 5:58:62  LOADEND ISLAVE                                   0
                11: 5:58:62  Start Input for Next Load Case
                11: 5:58:62  case no= 3202 seq. no=  95 idynl= 0
                11: 5:58:63  LOADEND ISLAVE                                   0
                11: 5:58:63  Start Input for Next Load Case
                11: 5:58:64  case no= 3203 seq. no=  96 idynl= 0
                11: 5:58:64  LOADEND ISLAVE                                   0
                11: 5:58:65  Start Input for Next Load Case
                11: 5:58:65  case no= 3204 seq. no=  97 idynl= 0
                11: 5:58:66  LOADEND ISLAVE                                   0
                11: 5:58:66  Start Input for Next Load Case
                11: 5:58:67  case no= 3205 seq. no=  98 idynl= 0
                11: 5:58:67  LOADEND ISLAVE                                   0
                11: 5:58:68  Start Input for Next Load Case
                11: 5:58:68  case no= 3206 seq. no=  99 idynl= 0
                11: 5:58:69  LOADEND ISLAVE                                   0
                11: 5:58:69  Start Input for Next Load Case
                11: 5:58:70  case no= 3207 seq. no= 100 idynl= 0
                11: 5:58:71  LOADEND ISLAVE                                   0
                11: 5:58:71  Start Input for Next Load Case
                11: 5:58:72  case no= 3208 seq. no= 101 idynl= 0
                11: 5:58:72  LOADEND ISLAVE                                   0
                11: 5:58:73  NVPREV                                           0
                11: 5:58:73  AMAXNON                               6.400919E-01
                11: 5:58:74  IRECSIZL=                                     4000
                11: 5:58:75  MTX BLOCKSIZE=                                  42
                11: 5:58:75  MI=                                             42
                11: 5:58:76  NORECL=                                          1
                11: 5:58:76  NORECL1=                                         1
                11: 5:58:77  IWORD=                                       32000
                11: 5:58:77  JRECSIZE=                                     4000
                11: 5:58:77  IWORDJ=                                      32000
                11: 5:58:78  IBYTE=                                           4
                11: 5:58:78  JOINTS=                                         12
                11: 5:58:79  MEMBERS=                                        10
                11: 5:58:79  PLATES =                                         0
                11: 5:58:80  SOLIDS =                                         0
                11: 5:58:80  NO. OF EQUATIONS=                               42
                11: 5:58:81  idyn=                                            0
                11: 5:58:81  ipd=                                             0
                11: 5:58:82  icablanl=                                        0
                11: 5:58:82  ++ Processing Element Stiffness Matrix.
                11: 5:58:83  NV1                                            101
                11: 5:58:94  ++ Calculating Element Forces & Reactions.
                11: 5:59:48  COMBINATION CASES=                               0
                11: 5:59:48  MAX CM MEMORY (KILOWORDS)                       30
                11: 5:59:49  AFTER SOLVER 1
                11: 5:59:50  REOPEN AS SEQ                                    0
                11: 5:59:50  DEFINE ENVELOPE
                11: 5:59:52  LOAD LIST 1101 TO 110
                11: 5:59:52  PARAMETER 1
                11: 5:59:53  CHECK CODE ALL
                11: 5:59:53  ENTERING SECTNM110 IQ=                          10
                11: 5:59:54               NSEC=                              11
                11: 5:59:54             ISECTN=                               0
                11: 5:59:56  SECTNM110 DO 925
                11: 5:59:58  ENTERING ENVLP1 ITYP1=                          -3
                11: 5:59:58  SECT DISPLACE
                11: 5:59:60  Steel/Alum/Timber Design                        52
                11: 5:59:62    ++ Finished Design ...
                11: 5:59:62  Steel/Timber Design exit
                11: 5:59:63  LOAD LIST 2101 TO 210
                11: 5:59:63  PARAMETER 1
                11: 5:59:64  CHECK CODE ALL
                11: 5:59:64  ENTERING ENVLP1 ITYP1=                          -3
                11: 5:59:65  SECT DISPLACE
                11: 5:59:67  Steel/Alum/Timber Design                        52
                11: 5:59:68    ++ Finished Design ...
                11: 5:59:68  Steel/Timber Design exit
                11: 5:59:69  LOAD LIST ENV 4 TO 7
                11: 5:59:69  PARAMETER 1
                11: 5:59:71  CHECK CODE ALL
                11: 5:59:71  ENTERING ENVLP1 ITYP1=                          -3
                11: 5:59:71  SECT DISPLACE
                11: 5:59:74  Steel/Alum/Timber Design                        52
                11: 5:59:76    ++ Finished Design ...
                11: 5:59:76  Steel/Timber Design exit
                11: 5:59:77  PRINT JOINT DISPLACEM
                11: 5:59:77  DRAW ISOM JOIN MEMB
                11: 5:59:78  ENTERING SECTNM110 IQ=                          10
                11: 5:59:78               NSEC=                              11
                11: 5:59:79             ISECTN=                               0
                11: 5:59:81  SECTNM110 DO 925
                11: 5:59:83  PRINT SUPPORT REACTIO
                11: 5:59:84  DRAW ISOM SUPP PROP
                11: 5:59:84  ENTERING SECTNM110 IQ=                          10
                11: 5:59:85               NSEC=                              11
                11: 5:59:85             ISECTN=                               0
                11: 5:59:88  SECTNM110 DO 925
                11: 5:59:90  DRAW ISOM SHAP
                11: 5:59:90  ENTERING SECTNM110 IQ=                          10
                11: 5:59:90               NSEC=                              11
                11: 5:59:91             ISECTN=                               0
                11: 5:59:93  SECTNM110 DO 925
                11: 5:59:95  PRINT CG
                11: 5:59:96  FINISH
                11: 5:59:96  All Commands FINISHed
                11: 5:59:97  DATASAVE for SPRO GUI
                11: 5:59:97  ++ Creating Displacement File (DSP)...
                11: 5:59:99  ++ Creating Reaction File (REA)...
                11: 5:59:99  ++ Creating Section Force File (BMD)...
                11: 6: 0: 2  ++ Creating Section Displace File (SEC)...
                11: 6: 0: 2  ENTERING ENVLP1 ITYP1=                          -5
                11: 6: 0: 2  SECT DISPLACE
                11: 6: 0: 6  ++ Creating Section Displace File (SCN)...
                11: 6: 0: 8  ++ Creating Design information File (DGN)...
                11: 6: 0: 8  ALLOCATED CM MEMORY (KILOWORDS)             300000
                11: 6: 0: 9  MAX CM MEMORY (KILOWORDS)                       70
                11: 6: 0: 9  DBS LONG SEC NAME
* End Of Analysis At Thu Oct  3 11:06:00 2024
* CPU usage = 3.557000
* STAAD Exit Code: 100, Warning Count: 1, Error Count: 0, Duration: 3.557
1 1 0 3.557
****************************************************************************
*                            END OF ANALYSIS                               *
****************************************************************************
