07/11/2024 11:52:25	Reading UID database.
07/11/2024 11:52:25	Start loading STAAD model.
07/11/2024 11:52:25	Reading model file.
07/11/2024 11:52:25	Reading model file is complete.
07/11/2024 11:52:25	Processing support.
07/11/2024 11:52:25	Processing springs.
07/11/2024 11:52:25	Processing properties.
07/11/2024 11:52:25	Processing physical properties.
07/11/2024 11:52:25	Processing constants.
07/11/2024 11:52:25	Processing BETA constants.
07/11/2024 11:52:25	Processing hidden analytical member loads.
07/11/2024 11:52:25	Processing command list for member release.
07/11/2024 11:52:25	Processing command list for member offset.
07/11/2024 11:52:25	Processing command list for member specs (cracked).
07/11/2024 11:52:25	Processing command list for member specs (axial).
07/11/2024 11:52:25	Processing command list for element release.
07/11/2024 11:52:25	Processing command list for element offset.
07/11/2024 11:52:25	Processing command list for element plate stress directive.
07/11/2024 11:52:25	Processing parameter for Chinese wind load case.
07/11/2024 11:52:25	End Processing command list.
07/11/2024 11:52:25	End loading STAAD model.
07/11/2024 11:52:25	Start Post Analysis method
07/11/2024 11:52:25	Removed all hidden plates from surfaces
07/11/2024 11:52:25	Removed all hidden plates
07/11/2024 11:52:25	Removed all hidden nodes
07/11/2024 11:52:25	Loading results from MSH file...
07/11/2024 11:52:25	Building result indices...
07/11/2024 11:52:25	Loading plate stress results...
07/11/2024 11:52:25	Set analysis report setup data
07/11/2024 11:52:25	Starting page setup...
07/11/2024 11:52:25	Page setup completed
07/11/2024 11:52:25	Setting available workflows...
07/11/2024 11:52:25	Post analysis method ends
07/11/2024 11:53:14	Start Post Analysis method
07/11/2024 11:53:14	Removed all hidden plates from surfaces
07/11/2024 11:53:14	Removed all hidden plates
07/11/2024 11:53:14	Removed all hidden nodes
07/11/2024 11:53:14	Loading results from MSH file...
07/11/2024 11:53:14	Building result indices...
07/11/2024 11:53:14	Loading plate stress results...
07/11/2024 11:53:14	Set analysis report setup data
07/11/2024 11:53:14	Starting page setup...
07/11/2024 11:53:14	Page setup completed
07/11/2024 11:53:14	Setting available workflows...
07/11/2024 11:53:14	Post analysis method ends
