08/20/2024 11:27:32	Reading UID database.
08/20/2024 11:27:32	Start loading STAAD model.
08/20/2024 11:27:32	Reading model file.
08/20/2024 11:27:32	Reading model file is complete.
08/20/2024 11:27:32	Processing support.
08/20/2024 11:27:32	Processing springs.
08/20/2024 11:27:32	Processing properties.
08/20/2024 11:27:32	Processing physical properties.
08/20/2024 11:27:32	Processing constants.
08/20/2024 11:27:32	Processing BETA constants.
08/20/2024 11:27:32	Processing hidden analytical member loads.
08/20/2024 11:27:32	Processing command list for member release.
08/20/2024 11:27:32	Processing command list for member offset.
08/20/2024 11:27:32	Processing command list for member specs (cracked).
08/20/2024 11:27:33	Processing command list for member specs (axial).
08/20/2024 11:27:33	Processing command list for element release.
08/20/2024 11:27:33	Processing command list for element offset.
08/20/2024 11:27:33	Processing command list for element plate stress directive.
08/20/2024 11:27:33	Processing parameter for Chinese wind load case.
08/20/2024 11:27:33	End Processing command list.
08/20/2024 11:27:33	End loading STAAD model.
08/20/2024 11:27:33	Start Post Analysis method
08/20/2024 11:27:33	Removed all hidden plates from surfaces
08/20/2024 11:27:33	Removed all hidden plates
08/20/2024 11:27:33	Removed all hidden nodes
08/20/2024 11:27:33	Loading results from MSH file...
08/20/2024 11:27:33	Building result indices...
08/20/2024 11:27:33	Loading plate stress results...
08/20/2024 11:27:33	Set analysis report setup data
08/20/2024 11:27:33	Starting page setup...
08/20/2024 11:27:33	Page setup completed
08/20/2024 11:27:33	Setting available workflows...
08/20/2024 11:27:33	Post analysis method ends
08/20/2024 11:27:51	Start Post Analysis method
08/20/2024 11:27:51	Removed all hidden plates from surfaces
08/20/2024 11:27:51	Removed all hidden plates
08/20/2024 11:27:51	Removed all hidden nodes
08/20/2024 11:27:51	Loading results from MSH file...
08/20/2024 11:27:51	Building result indices...
08/20/2024 11:27:51	Loading plate stress results...
08/20/2024 11:27:51	Set analysis report setup data
08/20/2024 11:27:51	Starting page setup...
08/20/2024 11:27:51	Page setup completed
08/20/2024 11:27:51	Setting available workflows...
08/20/2024 11:27:51	Post analysis method ends
08/20/2024 11:34:46	Reading UID database.
08/20/2024 11:34:46	Start loading STAAD model.
08/20/2024 11:34:46	Reading model file.
08/20/2024 11:34:46	Reading model file is complete.
08/20/2024 11:34:46	Processing support.
08/20/2024 11:34:46	Processing springs.
08/20/2024 11:34:46	Processing properties.
08/20/2024 11:34:46	Processing physical properties.
08/20/2024 11:34:46	Processing constants.
08/20/2024 11:34:46	Processing BETA constants.
08/20/2024 11:34:46	Processing hidden analytical member loads.
08/20/2024 11:34:46	Processing command list for member release.
08/20/2024 11:34:46	Processing command list for member offset.
08/20/2024 11:34:46	Processing command list for member specs (cracked).
08/20/2024 11:34:46	Processing command list for member specs (axial).
08/20/2024 11:34:46	Processing command list for element release.
08/20/2024 11:34:46	Processing command list for element offset.
08/20/2024 11:34:46	Processing command list for element plate stress directive.
08/20/2024 11:34:46	Processing parameter for Chinese wind load case.
08/20/2024 11:34:46	End Processing command list.
08/20/2024 11:34:46	End loading STAAD model.
08/20/2024 11:34:46	Start Post Analysis method
08/20/2024 11:34:46	Removed all hidden plates from surfaces
08/20/2024 11:34:46	Removed all hidden plates
08/20/2024 11:34:46	Removed all hidden nodes
08/20/2024 11:34:46	Loading results from MSH file...
08/20/2024 11:34:46	Building result indices...
08/20/2024 11:34:46	Loading plate stress results...
08/20/2024 11:34:46	Set analysis report setup data
08/20/2024 11:34:46	Starting page setup...
08/20/2024 11:34:46	Page setup completed
08/20/2024 11:34:46	Setting available workflows...
08/20/2024 11:34:46	Post analysis method ends
08/20/2024 11:34:57	Start Post Analysis method
08/20/2024 11:34:57	Removed all hidden plates from surfaces
08/20/2024 11:34:57	Removed all hidden plates
08/20/2024 11:34:57	Removed all hidden nodes
08/20/2024 11:34:57	Loading results from MSH file...
08/20/2024 11:34:57	Building result indices...
08/20/2024 11:34:57	Loading plate stress results...
08/20/2024 11:34:57	Set analysis report setup data
08/20/2024 11:34:57	Starting page setup...
08/20/2024 11:34:57	Page setup completed
08/20/2024 11:34:57	Setting available workflows...
08/20/2024 11:34:57	Post analysis method ends
