01/20/2025 10:03:32	Reading UID database.
01/20/2025 10:03:32	Start loading STAAD model.
01/20/2025 10:03:32	Reading model file.
01/20/2025 10:03:32	Reading model file is complete.
01/20/2025 10:03:32	Processing support.
01/20/2025 10:03:32	Processing springs.
01/20/2025 10:03:32	Processing properties.
01/20/2025 10:03:32	Processing physical properties.
01/20/2025 10:03:32	Processing constants.
01/20/2025 10:03:32	Processing BETA constants.
01/20/2025 10:03:32	Processing hidden analytical member loads.
01/20/2025 10:03:32	Processing command list for member release.
01/20/2025 10:03:32	Processing command list for member offset.
01/20/2025 10:03:32	Processing command list for member specs (cracked).
01/20/2025 10:03:32	Processing command list for member specs (axial).
01/20/2025 10:03:32	Processing command list for element release.
01/20/2025 10:03:32	Processing command list for element offset.
01/20/2025 10:03:32	Processing command list for element plate stress directive.
01/20/2025 10:03:32	Processing parameter for Chinese wind load case.
01/20/2025 10:03:32	End Processing command list.
01/20/2025 10:03:32	End loading STAAD model.
01/20/2025 10:03:32	Start Post Analysis method
01/20/2025 10:03:32	Removed all hidden plates from surfaces
01/20/2025 10:03:32	Removed all hidden plates
01/20/2025 10:03:32	Removed all hidden nodes
01/20/2025 10:03:32	Loading results from MSH file...
01/20/2025 10:03:32	Building result indices...
01/20/2025 10:03:32	Loading plate stress results...
01/20/2025 10:03:32	Set analysis report setup data
01/20/2025 10:03:32	Starting page setup...
01/20/2025 10:03:32	Page setup completed
01/20/2025 10:03:32	Setting available workflows...
01/20/2025 10:03:32	Post analysis method ends
