01/23/2025 11:35:22	Reading UID database.
01/23/2025 11:35:22	Start loading STAAD model.
01/23/2025 11:35:22	Reading model file.
01/23/2025 11:35:23	Reading model file is complete.
01/23/2025 11:35:23	Processing support.
01/23/2025 11:35:23	Processing springs.
01/23/2025 11:35:23	Processing properties.
01/23/2025 11:35:23	Processing physical properties.
01/23/2025 11:35:23	Processing constants.
01/23/2025 11:35:23	Processing BETA constants.
01/23/2025 11:35:23	Processing hidden analytical member loads.
01/23/2025 11:35:23	Processing command list for member release.
01/23/2025 11:35:23	Processing command list for member offset.
01/23/2025 11:35:23	Processing command list for member specs (cracked).
01/23/2025 11:35:23	Processing command list for member specs (axial).
01/23/2025 11:35:23	Processing command list for element release.
01/23/2025 11:35:23	Processing command list for element offset.
01/23/2025 11:35:23	Processing command list for element plate stress directive.
01/23/2025 11:35:23	Processing parameter for Chinese wind load case.
01/23/2025 11:35:23	End Processing command list.
01/23/2025 11:35:23	End loading STAAD model.
01/23/2025 11:35:23	Start Post Analysis method
01/23/2025 11:35:23	Removed all hidden plates from surfaces
01/23/2025 11:35:23	Removed all hidden plates
01/23/2025 11:35:23	Removed all hidden nodes
01/23/2025 11:35:23	Loading results from MSH file...
01/23/2025 11:35:23	Building result indices...
01/23/2025 11:35:23	Loading plate stress results...
01/23/2025 11:35:23	Set analysis report setup data
01/23/2025 11:35:23	Starting page setup...
01/23/2025 11:35:23	Page setup completed
01/23/2025 11:35:23	Setting available workflows...
01/23/2025 11:35:23	Post analysis method ends
