17:01:28	Initializing STAAD Engine
17:01:28	Run stream set up is complete.
17:01:28	Initialize license libraries.
17:01:28	License libraries initialized.
17:01:28	Starting license(s) for A & D engine.
17:01:29	License Status: Ok
17:01:29	License information set up is complete.
****************************************************************************
*                            START OF ANALYSIS                             *
****************************************************************************
* Initiating Analysis At Wed Sep 18 17:01:29 2024
                          PROGRAM: STAAD.Pro
                          VERSION: 23.00.01.25
                17: 1:29:69  ENTERING STAAD
                17: 1:29:71  USING 64 BIT STAAD ENGINE
                17: 1:29:71  ENTERING MAINN
                17: 1:29:71  START JOB INFORMATION
                17: 1:29:72  INPUT WIDTH 79
                17: 1:29:72  UNIT MMS KN
                17: 1:29:73  JOINT COORDINATES
                17: 1:29:73  ENTERING JOINTC
                17: 1:29:74  JOINTC NEWJ                                 400000
                17: 1:29:75  MAX NODE NO.                                    19
                17: 1:29:76  MEMBER INCIDENCES
                17: 1:29:76  UNIT METER KN
                17: 1:29:77  DEFINE MATERIAL START
                17: 1:29:78  UNIT MMS KN
                17: 1:29:78  MEMBER PROPERTY EUROP
                17: 1:29:93    ++ Finished Reading Member Properties ...
                17: 1:29:93  CONSTANTS
                17: 1:29:94  SUPPORTS
                17: 1:29:95  ENTERING SUPPORT
                17: 1:29:96  UNIT METER KN
                17: 1:29:96  DEFINE WIND LOAD
                17: 1:29:98  LOAD 121 LOADTYPE DEA
                17: 1:29:98  DUPLICATE ELEMENT CHECK
                17: 1:29:99  CHECKING STRUCTURAL INTEGRITY
                17: 1:29:99  CHECK UNCONNECTED JOINTS AND
                17: 1:30: 0  CALCULATE MAX JOINT CONNECTIVITY
                17: 1:30: 1  CHECK MULTIPLE STRUCTURES
                17: 1:30: 2  ENTERING SUPPORT
                17: 1:30: 2  NRJOLD                                           0
                17: 1:30: 3  SUPPORT NOLD                                     0
                17: 1:30: 4  SUPPORT N                                       90
                17: 1:30: 4  BEFORE LOADPR
                17: 1:30: 5  REOPEN AS DIR                                    0
                17: 1:30: 5  ENTER LOADPR
                17: 1:30:19  PERFORM ANALYSIS PRIN
                17: 1:30:19  pdel iter                                        0
                17: 1:30:19  MAXIMUM E =                           2.973273E+04
                17: 1:30:20  MINIMUM E =                           2.973273E+04
                17: 1:30:21  MBW DOF BAND=                                    1
                17: 1:30:22  NUMBER OF PRIMARY CASES                        113
                17: 1:30:22  NUMBER OF CASES                                276
                17: 1:30:23  #OF CASES W/ELEM INMEMORY                      276
                17: 1:30:24  MEMORY FOR MEMBER LOADS                      72864
                17: 1:30:24  MEMORY FOR DISPLACEMENTS                     31464
                17: 1:30:25  MEMORY FOR MEMBER FORCES                     72864
                17: 1:30:25  Using 64-bit analysis engine
                17: 1:30:26  BEFORE SOLVER 1
                17: 1:30:26  Start Input for Next Load Case
                17: 1:30:27  case no=  121 seq. no=   1 idynl= 0
                17: 1:30:28  MASSSET                                          0
                17: 1:30:29  LOADEND ISLAVE                                   0
                17: 1:30:29  Start Input for Next Load Case
                17: 1:30:30  case no=  201 seq. no=   2 idynl= 0
                17: 1:30:31  LOADEND ISLAVE                                   0
                17: 1:30:31  Start Input for Next Load Case
                17: 1:30:32  case no=  202 seq. no=   3 idynl= 0
                17: 1:30:32  LOADEND ISLAVE                                   0
                17: 1:30:33  Start Input for Next Load Case
                17: 1:30:34  case no=  203 seq. no=   4 idynl= 0
                17: 1:30:35  LOADEND ISLAVE                                   0
                17: 1:30:35  Start Input for Next Load Case
                17: 1:30:36  case no=  204 seq. no=   5 idynl= 0
                17: 1:30:37  LOADEND ISLAVE                                   0
                17: 1:30:37  Start Input for Next Load Case
                17: 1:30:38  case no=  205 seq. no=   6 idynl= 0
                17: 1:30:38  LOADEND ISLAVE                                   0
                17: 1:30:39  Start Input for Next Load Case
                17: 1:30:39  case no=  206 seq. no=   7 idynl= 0
                17: 1:30:40  LOADEND ISLAVE                                   0
                17: 1:30:41  Start Input for Next Load Case
                17: 1:30:42  case no=  207 seq. no=   8 idynl= 0
                17: 1:30:42  LOADEND ISLAVE                                   0
                17: 1:30:43  Start Input for Next Load Case
                17: 1:30:44  case no=  208 seq. no=   9 idynl= 0
                17: 1:30:44  LOADEND ISLAVE                                   0
                17: 1:30:45  Start Input for Next Load Case
                17: 1:30:45  case no=  312 seq. no=  10 idynl= 0
                17: 1:30:46  LOADEND ISLAVE                                   0
                17: 1:30:46  Start Input for Next Load Case
                17: 1:30:47  case no=  313 seq. no=  11 idynl= 0
                17: 1:30:48  LOADEND ISLAVE                                   0
                17: 1:30:49  Start Input for Next Load Case
                17: 1:30:49  case no=  314 seq. no=  12 idynl= 0
                17: 1:30:50  LOADEND ISLAVE                                   0
                17: 1:30:50  Start Input for Next Load Case
                17: 1:30:51  case no=  315 seq. no=  13 idynl= 0
                17: 1:30:52  LOADEND ISLAVE                                   0
                17: 1:30:52  Start Input for Next Load Case
                17: 1:30:53  case no=  322 seq. no=  14 idynl= 0
                17: 1:30:53  LOADEND ISLAVE                                   0
                17: 1:30:54  Start Input for Next Load Case
                17: 1:30:55  case no=  323 seq. no=  15 idynl= 0
                17: 1:30:56  LOADEND ISLAVE                                   0
                17: 1:30:56  Start Input for Next Load Case
                17: 1:30:57  case no=  324 seq. no=  16 idynl= 0
                17: 1:30:58  LOADEND ISLAVE                                   0
                17: 1:30:58  Start Input for Next Load Case
                17: 1:30:59  case no=  325 seq. no=  17 idynl= 0
                17: 1:30:59  LOADEND ISLAVE                                   0
                17: 1:30:60  Start Input for Next Load Case
                17: 1:30:61  case no=  332 seq. no=  18 idynl= 0
                17: 1:30:62  LOADEND ISLAVE                                   0
                17: 1:30:62  Start Input for Next Load Case
                17: 1:30:63  case no=  333 seq. no=  19 idynl= 0
                17: 1:30:64  LOADEND ISLAVE                                   0
                17: 1:30:64  Start Input for Next Load Case
                17: 1:30:65  case no=  334 seq. no=  20 idynl= 0
                17: 1:30:65  LOADEND ISLAVE                                   0
                17: 1:30:66  Start Input for Next Load Case
                17: 1:30:66  case no=  335 seq. no=  21 idynl= 0
                17: 1:30:67  LOADEND ISLAVE                                   0
                17: 1:30:68  Start Input for Next Load Case
                17: 1:30:69  case no=  411 seq. no=  22 idynl= 0
                17: 1:30:69  LOADEND ISLAVE                                   0
                17: 1:30:70  Start Input for Next Load Case
                17: 1:30:70  case no=  412 seq. no=  23 idynl= 0
                17: 1:30:71  LOADEND ISLAVE                                   0
                17: 1:30:72  Start Input for Next Load Case
                17: 1:30:72  case no=  413 seq. no=  24 idynl= 0
                17: 1:30:73  LOADEND ISLAVE                                   0
                17: 1:30:73  Start Input for Next Load Case
                17: 1:30:74  case no=  414 seq. no=  25 idynl= 0
                17: 1:30:75  LOADEND ISLAVE                                   0
                17: 1:30:76  Start Input for Next Load Case
                17: 1:30:76  case no=  415 seq. no=  26 idynl= 0
                17: 1:30:77  LOADEND ISLAVE                                   0
                17: 1:30:77  Start Input for Next Load Case
                17: 1:30:78  case no=  416 seq. no=  27 idynl= 0
                17: 1:30:78  LOADEND ISLAVE                                   0
                17: 1:30:79  Start Input for Next Load Case
                17: 1:30:79  case no=  417 seq. no=  28 idynl= 0
                17: 1:30:80  LOADEND ISLAVE                                   0
                17: 1:30:81  Start Input for Next Load Case
                17: 1:30:82  case no=  418 seq. no=  29 idynl= 0
                17: 1:30:82  LOADEND ISLAVE                                   0
                17: 1:30:83  Start Input for Next Load Case
                17: 1:30:83  case no=  421 seq. no=  30 idynl= 0
                17: 1:30:84  LOADEND ISLAVE                                   0
                17: 1:30:84  Start Input for Next Load Case
                17: 1:30:85  case no=  422 seq. no=  31 idynl= 0
                17: 1:30:85  LOADEND ISLAVE                                   0
                17: 1:30:86  Start Input for Next Load Case
                17: 1:30:86  case no=  423 seq. no=  32 idynl= 0
                17: 1:30:87  LOADEND ISLAVE                                   0
                17: 1:30:88  Start Input for Next Load Case
                17: 1:30:89  case no=  424 seq. no=  33 idynl= 0
                17: 1:30:89  LOADEND ISLAVE                                   0
                17: 1:30:90  Start Input for Next Load Case
                17: 1:30:91  case no=  425 seq. no=  34 idynl= 0
                17: 1:30:91  LOADEND ISLAVE                                   0
                17: 1:30:92  Start Input for Next Load Case
                17: 1:30:92  case no=  426 seq. no=  35 idynl= 0
                17: 1:30:93  LOADEND ISLAVE                                   0
                17: 1:30:93  Start Input for Next Load Case
                17: 1:30:94  case no=  427 seq. no=  36 idynl= 0
                17: 1:30:95  LOADEND ISLAVE                                   0
                17: 1:30:96  Start Input for Next Load Case
                17: 1:30:96  case no=  428 seq. no=  37 idynl= 0
                17: 1:30:97  LOADEND ISLAVE                                   0
                17: 1:30:97  Start Input for Next Load Case
                17: 1:30:98  case no=  711 seq. no=  38 idynl= 0
                17: 1:30:98  LOADEND ISLAVE                                   0
                17: 1:30:99  Start Input for Next Load Case
                17: 1:30:99  case no=  712 seq. no=  39 idynl= 0
                17: 1:31: 0  LOADEND ISLAVE                                   0
                17: 1:31: 1  Start Input for Next Load Case
                17: 1:31: 2  case no=  713 seq. no=  40 idynl= 0
                17: 1:31: 2  LOADEND ISLAVE                                   0
                17: 1:31: 3  Start Input for Next Load Case
                17: 1:31: 4  case no=  714 seq. no=  41 idynl= 0
                17: 1:31: 4  LOADEND ISLAVE                                   0
                17: 1:31: 5  Start Input for Next Load Case
                17: 1:31: 5  case no=  715 seq. no=  42 idynl= 0
                17: 1:31: 6  LOADEND ISLAVE                                   0
                17: 1:31: 7  Start Input for Next Load Case
                17: 1:31: 7  case no=  716 seq. no=  43 idynl= 0
                17: 1:31: 8  LOADEND ISLAVE                                   0
                17: 1:31: 9  Start Input for Next Load Case
                17: 1:31:10  case no=  717 seq. no=  44 idynl= 0
                17: 1:31:10  LOADEND ISLAVE                                   0
                17: 1:31:11  Start Input for Next Load Case
                17: 1:31:11  case no=  718 seq. no=  45 idynl= 0
                17: 1:31:12  LOADEND ISLAVE                                   0
                17: 1:31:12  Start Input for Next Load Case
                17: 1:31:13  case no=  901 seq. no=  46 idynl= 0
                17: 1:31:13  LOADEND ISLAVE                                   0
                17: 1:31:14  Start Input for Next Load Case
                17: 1:31:15  case no=  902 seq. no=  47 idynl= 0
                17: 1:31:16  LOADEND ISLAVE                                   0
                17: 1:31:16  Start Input for Next Load Case
                17: 1:31:17  case no=  903 seq. no=  48 idynl= 0
                17: 1:31:18  LOADEND ISLAVE                                   0
                17: 1:31:18  Start Input for Next Load Case
                17: 1:31:19  case no=  904 seq. no=  49 idynl= 0
                17: 1:31:19  LOADEND ISLAVE                                   0
                17: 1:31:20  Start Input for Next Load Case
                17: 1:31:21  case no=  905 seq. no=  50 idynl= 0
                17: 1:31:21  LOADEND ISLAVE                                   0
                17: 1:31:22  Start Input for Next Load Case
                17: 1:31:23  case no=  906 seq. no=  51 idynl= 0
                17: 1:31:23  LOADEND ISLAVE                                   0
                17: 1:31:24  Start Input for Next Load Case
                17: 1:31:24  case no= 1101 seq. no=  52 idynl= 0
                17: 1:31:25  LOADEND ISLAVE                                   0
                17: 1:31:26  Start Input for Next Load Case
                17: 1:31:27  case no= 1102 seq. no=  53 idynl= 0
                17: 1:31:27  LOADEND ISLAVE                                   0
                17: 1:31:28  Start Input for Next Load Case
                17: 1:31:29  case no= 1103 seq. no=  54 idynl= 0
                17: 1:31:29  LOADEND ISLAVE                                   0
                17: 1:31:30  Start Input for Next Load Case
                17: 1:31:30  case no= 1104 seq. no=  55 idynl= 0
                17: 1:31:31  LOADEND ISLAVE                                   0
                17: 1:31:31  Start Input for Next Load Case
                17: 1:31:32  case no= 1105 seq. no=  56 idynl= 0
                17: 1:31:33  LOADEND ISLAVE                                   0
                17: 1:31:34  Start Input for Next Load Case
                17: 1:31:34  case no= 1106 seq. no=  57 idynl= 0
                17: 1:31:35  LOADEND ISLAVE                                   0
                17: 1:31:35  Start Input for Next Load Case
                17: 1:31:36  case no= 1107 seq. no=  58 idynl= 0
                17: 1:31:36  LOADEND ISLAVE                                   0
                17: 1:31:37  Start Input for Next Load Case
                17: 1:31:38  case no= 1108 seq. no=  59 idynl= 0
                17: 1:31:38  LOADEND ISLAVE                                   0
                17: 1:31:39  Start Input for Next Load Case
                17: 1:31:40  case no= 1201 seq. no=  60 idynl= 0
                17: 1:31:41  LOADEND ISLAVE                                   0
                17: 1:31:41  Start Input for Next Load Case
                17: 1:31:42  case no= 1202 seq. no=  61 idynl= 0
                17: 1:31:42  LOADEND ISLAVE                                   0
                17: 1:31:43  Start Input for Next Load Case
                17: 1:31:43  case no= 1203 seq. no=  62 idynl= 0
                17: 1:31:44  LOADEND ISLAVE                                   0
                17: 1:31:44  Start Input for Next Load Case
                17: 1:31:45  case no= 1204 seq. no=  63 idynl= 0
                17: 1:31:46  LOADEND ISLAVE                                   0
                17: 1:31:47  Start Input for Next Load Case
                17: 1:31:47  case no= 1205 seq. no=  64 idynl= 0
                17: 1:31:48  LOADEND ISLAVE                                   0
                17: 1:31:48  Start Input for Next Load Case
                17: 1:31:49  case no= 1206 seq. no=  65 idynl= 0
                17: 1:31:50  LOADEND ISLAVE                                   0
                17: 1:31:50  Start Input for Next Load Case
                17: 1:31:51  case no= 1207 seq. no=  66 idynl= 0
                17: 1:31:51  LOADEND ISLAVE                                   0
                17: 1:31:52  Start Input for Next Load Case
                17: 1:31:53  case no= 1208 seq. no=  67 idynl= 0
                17: 1:31:53  LOADEND ISLAVE                                   0
                17: 1:31:54  Start Input for Next Load Case
                17: 1:31:55  case no= 2101 seq. no=  68 idynl= 0
                17: 1:31:55  LOADEND ISLAVE                                   0
                17: 1:31:56  Start Input for Next Load Case
                17: 1:31:57  case no= 2102 seq. no=  69 idynl= 0
                17: 1:31:57  LOADEND ISLAVE                                   0
                17: 1:31:58  Start Input for Next Load Case
                17: 1:31:58  case no= 2103 seq. no=  70 idynl= 0
                17: 1:31:59  LOADEND ISLAVE                                   0
                17: 1:31:60  Start Input for Next Load Case
                17: 1:31:61  case no= 2104 seq. no=  71 idynl= 0
                17: 1:31:62  LOADEND ISLAVE                                   0
                17: 1:31:62  Start Input for Next Load Case
                17: 1:31:63  case no= 2105 seq. no=  72 idynl= 0
                17: 1:31:63  LOADEND ISLAVE                                   0
                17: 1:31:64  Start Input for Next Load Case
                17: 1:31:64  case no= 2106 seq. no=  73 idynl= 0
                17: 1:31:65  LOADEND ISLAVE                                   0
                17: 1:31:66  Start Input for Next Load Case
                17: 1:31:67  case no= 2107 seq. no=  74 idynl= 0
                17: 1:31:67  LOADEND ISLAVE                                   0
                17: 1:31:68  Start Input for Next Load Case
                17: 1:31:69  case no= 2108 seq. no=  75 idynl= 0
                17: 1:31:69  LOADEND ISLAVE                                   0
                17: 1:31:70  Start Input for Next Load Case
                17: 1:31:70  case no= 3001 seq. no=  76 idynl= 0
                17: 1:31:71  LOADEND ISLAVE                                   0
                17: 1:31:71  Start Input for Next Load Case
                17: 1:31:72  case no= 3002 seq. no=  77 idynl= 0
                17: 1:31:73  LOADEND ISLAVE                                   0
                17: 1:31:74  Start Input for Next Load Case
                17: 1:31:74  case no= 3003 seq. no=  78 idynl= 0
                17: 1:31:75  LOADEND ISLAVE                                   0
                17: 1:31:76  Start Input for Next Load Case
                17: 1:31:76  case no= 3004 seq. no=  79 idynl= 0
                17: 1:31:77  LOADEND ISLAVE                                   0
                17: 1:31:77  Start Input for Next Load Case
                17: 1:31:78  case no= 3005 seq. no=  80 idynl= 0
                17: 1:31:79  LOADEND ISLAVE                                   0
                17: 1:31:80  Start Input for Next Load Case
                17: 1:31:80  case no= 3006 seq. no=  81 idynl= 0
                17: 1:31:81  LOADEND ISLAVE                                   0
                17: 1:31:82  Start Input for Next Load Case
                17: 1:31:82  case no= 3007 seq. no=  82 idynl= 0
                17: 1:31:83  LOADEND ISLAVE                                   0
                17: 1:31:83  Start Input for Next Load Case
                17: 1:31:84  case no= 3008 seq. no=  83 idynl= 0
                17: 1:31:85  LOADEND ISLAVE                                   0
                17: 1:31:85  Start Input for Next Load Case
                17: 1:31:86  case no= 3011 seq. no=  84 idynl= 0
                17: 1:31:87  LOADEND ISLAVE                                   0
                17: 1:31:88  Start Input for Next Load Case
                17: 1:31:88  case no= 3012 seq. no=  85 idynl= 0
                17: 1:31:89  LOADEND ISLAVE                                   0
                17: 1:31:89  Start Input for Next Load Case
                17: 1:31:90  case no= 3013 seq. no=  86 idynl= 0
                17: 1:31:90  LOADEND ISLAVE                                   0
                17: 1:31:91  Start Input for Next Load Case
                17: 1:31:91  case no= 3014 seq. no=  87 idynl= 0
                17: 1:31:92  LOADEND ISLAVE                                   0
                17: 1:31:93  Start Input for Next Load Case
                17: 1:31:94  case no= 3015 seq. no=  88 idynl= 0
                17: 1:31:94  LOADEND ISLAVE                                   0
                17: 1:31:95  Start Input for Next Load Case
                17: 1:31:95  case no= 3016 seq. no=  89 idynl= 0
                17: 1:31:96  LOADEND ISLAVE                                   0
                17: 1:31:96  Start Input for Next Load Case
                17: 1:31:97  case no= 3017 seq. no=  90 idynl= 0
                17: 1:31:97  LOADEND ISLAVE                                   0
                17: 1:31:98  Start Input for Next Load Case
                17: 1:31:99  case no= 3018 seq. no=  91 idynl= 0
                17: 1:31:99  LOADEND ISLAVE                                   0
                17: 1:32: 0  Start Input for Next Load Case
                17: 1:32: 1  case no= 3021 seq. no=  92 idynl= 0
                17: 1:32: 2  LOADEND ISLAVE                                   0
                17: 1:32: 2  Start Input for Next Load Case
                17: 1:32: 3  case no= 3022 seq. no=  93 idynl= 0
                17: 1:32: 4  LOADEND ISLAVE                                   0
                17: 1:32: 4  Start Input for Next Load Case
                17: 1:32: 5  case no= 3023 seq. no=  94 idynl= 0
                17: 1:32: 6  LOADEND ISLAVE                                   0
                17: 1:32: 6  Start Input for Next Load Case
                17: 1:32: 7  case no= 3024 seq. no=  95 idynl= 0
                17: 1:32: 8  LOADEND ISLAVE                                   0
                17: 1:32: 8  Start Input for Next Load Case
                17: 1:32: 9  case no= 3025 seq. no=  96 idynl= 0
                17: 1:32: 9  LOADEND ISLAVE                                   0
                17: 1:32:10  Start Input for Next Load Case
                17: 1:32:10  case no= 3026 seq. no=  97 idynl= 0
                17: 1:32:11  LOADEND ISLAVE                                   0
                17: 1:32:11  Start Input for Next Load Case
                17: 1:32:12  case no= 3027 seq. no=  98 idynl= 0
                17: 1:32:13  LOADEND ISLAVE                                   0
                17: 1:32:14  Start Input for Next Load Case
                17: 1:32:14  case no= 3028 seq. no=  99 idynl= 0
                17: 1:32:15  LOADEND ISLAVE                                   0
                17: 1:32:15  Start Input for Next Load Case
                17: 1:32:16  case no= 3201 seq. no= 100 idynl= 0
                17: 1:32:16  LOADEND ISLAVE                                   0
                17: 1:32:17  Start Input for Next Load Case
                17: 1:32:17  case no= 3202 seq. no= 101 idynl= 0
                17: 1:32:18  LOADEND ISLAVE                                   0
                17: 1:32:19  Start Input for Next Load Case
                17: 1:32:20  case no= 3203 seq. no= 102 idynl= 0
                17: 1:32:20  LOADEND ISLAVE                                   0
                17: 1:32:21  Start Input for Next Load Case
                17: 1:32:22  case no= 3204 seq. no= 103 idynl= 0
                17: 1:32:22  LOADEND ISLAVE                                   0
                17: 1:32:23  Start Input for Next Load Case
                17: 1:32:23  case no= 3205 seq. no= 104 idynl= 0
                17: 1:32:24  LOADEND ISLAVE                                   0
                17: 1:32:24  Start Input for Next Load Case
                17: 1:32:25  case no= 3206 seq. no= 105 idynl= 0
                17: 1:32:25  LOADEND ISLAVE                                   0
                17: 1:32:26  Start Input for Next Load Case
                17: 1:32:27  case no= 3207 seq. no= 106 idynl= 0
                17: 1:32:28  LOADEND ISLAVE                                   0
                17: 1:32:28  Start Input for Next Load Case
                17: 1:32:29  case no= 3208 seq. no= 107 idynl= 0
                17: 1:32:29  LOADEND ISLAVE                                   0
                17: 1:32:30  Start Input for Next Load Case
                17: 1:32:30  case no= 4001 seq. no= 108 idynl= 0
                17: 1:32:31  LOADEND ISLAVE                                   0
                17: 1:32:32  Start Input for Next Load Case
                17: 1:32:33  case no= 4002 seq. no= 109 idynl= 0
                17: 1:32:33  LOADEND ISLAVE                                   0
                17: 1:32:34  Start Input for Next Load Case
                17: 1:32:35  case no= 4003 seq. no= 110 idynl= 0
                17: 1:32:35  LOADEND ISLAVE                                   0
                17: 1:32:36  Start Input for Next Load Case
                17: 1:32:36  case no= 4004 seq. no= 111 idynl= 0
                17: 1:32:37  LOADEND ISLAVE                                   0
                17: 1:32:38  Start Input for Next Load Case
                17: 1:32:38  case no= 4005 seq. no= 112 idynl= 0
                17: 1:32:39  LOADEND ISLAVE                                   0
                17: 1:32:40  Start Input for Next Load Case
                17: 1:32:41  case no= 4006 seq. no= 113 idynl= 0
                17: 1:32:42  LOADEND ISLAVE                                   0
                17: 1:32:42  NVPREV                                           0
                17: 1:32:43  AMAXNON                               1.041667E+00
                17: 1:32:43  IRECSIZL=                                     4000
                17: 1:32:44  MTX BLOCKSIZE=                                  90
                17: 1:32:45  MI=                                             90
                17: 1:32:45  NORECL=                                          1
                17: 1:32:46  NORECL1=                                         1
                17: 1:32:47  IWORD=                                       32000
                17: 1:32:48  JRECSIZE=                                     4000
                17: 1:32:48  IWORDJ=                                      32000
                17: 1:32:49  IBYTE=                                           4
                17: 1:32:49  JOINTS=                                         19
                17: 1:32:50  MEMBERS=                                        22
                17: 1:32:50  PLATES =                                         0
                17: 1:32:51  SOLIDS =                                         0
                17: 1:32:51  NO. OF EQUATIONS=                               90
                17: 1:32:53  idyn=                                            0
                17: 1:32:54  ipd=                                             0
                17: 1:32:54  icablanl=                                        0
                17: 1:32:55  ++ Processing Element Stiffness Matrix.
                17: 1:32:56  NV1                                            113
                17: 1:32:67  ++ Calculating Element Forces & Reactions.
                17: 1:33:24  COMBINATION CASES=                               0
                17: 1:33:24  MAX CM MEMORY (KILOWORDS)                       39
                17: 1:33:25  AFTER SOLVER 1
                17: 1:33:27  REOPEN AS SEQ                                    0
                17: 1:33:27  DEFINE ENVELOPE
                17: 1:33:29  LOAD LIST 4001 TO 400
                17: 1:33:29  PARAMETER 1
                17: 1:33:31  CHECK CODE ALL
                17: 1:33:31  ENTERING SECTNM110 IQ=                          22
                17: 1:33:31               NSEC=                              11
                17: 1:33:32             ISECTN=                               0
                17: 1:33:35  SECTNM110 DO 925
                17: 1:33:38  ENTERING ENVLP1 ITYP1=                          -3
                17: 1:33:38  SECT DISPLACE
                17: 1:33:42  Steel/Alum/Timber Design                        52
                17: 1:33:44    ++ Finished Design ...
                17: 1:33:44  Steel/Timber Design exit
                17: 1:33:44  PRINT JOINT DISPLACEM
                17: 1:33:45  DRAW ISOM JOIN MEMB
                17: 1:33:46  ENTERING SECTNM110 IQ=                          22
                17: 1:33:47               NSEC=                              11
                17: 1:33:47             ISECTN=                               0
                17: 1:33:50  SECTNM110 DO 925
                17: 1:33:53  PRINT SUPPORT REACTIO
                17: 1:33:53  DRAW ISOM SUPP PROP
                17: 1:33:54  ENTERING SECTNM110 IQ=                          22
                17: 1:33:55               NSEC=                              11
                17: 1:33:55             ISECTN=                               0
                17: 1:33:59  SECTNM110 DO 925
                17: 1:33:62  DRAW ISOM SHAP
                17: 1:33:63  ENTERING SECTNM110 IQ=                          22
                17: 1:33:63               NSEC=                              11
                17: 1:33:64             ISECTN=                               0
                17: 1:33:67  SECTNM110 DO 925
                17: 1:33:70  PRINT CG
                17: 1:33:70  FINISH
                17: 1:33:71  All Commands FINISHed
                17: 1:33:71  DATASAVE for SPRO GUI
                17: 1:33:72  ++ Creating Displacement File (DSP)...
                17: 1:33:74  ++ Creating Reaction File (REA)...
                17: 1:33:74  ++ Creating Section Force File (BMD)...
                17: 1:33:78  ++ Creating Section Displace File (SEC)...
                17: 1:33:78  ENTERING ENVLP1 ITYP1=                          -5
                17: 1:33:79  SECT DISPLACE
                17: 1:33:85  ++ Creating Section Displace File (SCN)...
                17: 1:33:89  ++ Creating Design information File (DGN)...
                17: 1:33:89  ALLOCATED CM MEMORY (KILOWORDS)             300000
                17: 1:33:90  MAX CM MEMORY (KILOWORDS)                      122
                17: 1:33:90  DBS LONG SEC NAME
* End Of Analysis At Wed Sep 18 17:01:33 2024
* CPU usage = 4.281000
* STAAD Exit Code: 100, Warning Count: 0, Error Count: 0, Duration: 4.281
1 0 0 4.281
****************************************************************************
*                            END OF ANALYSIS                               *
****************************************************************************
