08/06/2024 18:48:32	Reading UID database.
08/06/2024 18:48:32	Start loading STAAD model.
08/06/2024 18:48:32	Reading model file.
08/06/2024 18:48:33	Reading model file is complete.
08/06/2024 18:48:33	Processing support.
08/06/2024 18:48:33	Processing springs.
08/06/2024 18:48:33	Processing properties.
08/06/2024 18:48:33	Processing physical properties.
08/06/2024 18:48:33	Processing constants.
08/06/2024 18:48:33	Processing BETA constants.
08/06/2024 18:48:33	Processing hidden analytical member loads.
08/06/2024 18:48:33	Processing command list for member release.
08/06/2024 18:48:33	Processing command list for member offset.
08/06/2024 18:48:33	Processing command list for member specs (cracked).
08/06/2024 18:48:33	Processing command list for member specs (axial).
08/06/2024 18:48:33	Processing command list for element release.
08/06/2024 18:48:33	Processing command list for element offset.
08/06/2024 18:48:33	Processing command list for element plate stress directive.
08/06/2024 18:48:33	Processing parameter for Chinese wind load case.
08/06/2024 18:48:33	End Processing command list.
08/06/2024 18:48:33	End loading STAAD model.
