09/03/2024 17:05:08	Reading UID database.
09/03/2024 17:05:08	Start loading STAAD model.
09/03/2024 17:05:09	Reading model file.
09/03/2024 17:05:09	Reading model file is complete.
09/03/2024 17:05:09	Processing support.
09/03/2024 17:05:09	Processing springs.
09/03/2024 17:05:09	Processing properties.
09/03/2024 17:05:09	Processing physical properties.
09/03/2024 17:05:09	Processing constants.
09/03/2024 17:05:09	Processing BETA constants.
09/03/2024 17:05:09	Processing hidden analytical member loads.
09/03/2024 17:05:09	Processing command list for member release.
09/03/2024 17:05:09	Processing command list for member offset.
09/03/2024 17:05:09	Processing command list for member specs (cracked).
09/03/2024 17:05:09	Processing command list for member specs (axial).
09/03/2024 17:05:09	Processing command list for element release.
09/03/2024 17:05:09	Processing command list for element offset.
09/03/2024 17:05:09	Processing command list for element plate stress directive.
09/03/2024 17:05:09	Processing parameter for Chinese wind load case.
09/03/2024 17:05:09	End Processing command list.
09/03/2024 17:05:09	End loading STAAD model.
09/03/2024 17:05:09	Start Post Analysis method
09/03/2024 17:05:09	Removed all hidden plates from surfaces
09/03/2024 17:05:09	Removed all hidden plates
09/03/2024 17:05:09	Removed all hidden nodes
09/03/2024 17:05:09	Loading results from MSH file...
09/03/2024 17:05:09	Building result indices...
09/03/2024 17:05:09	Loading plate stress results...
09/03/2024 17:05:09	Set analysis report setup data
09/03/2024 17:05:09	Starting page setup...
09/03/2024 17:05:09	Page setup completed
09/03/2024 17:05:09	Setting available workflows...
09/03/2024 17:05:09	Post analysis method ends
09/03/2024 17:26:07	Reading UID database.
09/03/2024 17:26:07	Start loading STAAD model.
09/03/2024 17:26:07	Reading model file.
09/03/2024 17:26:07	Reading model file is complete.
09/03/2024 17:26:07	Processing support.
09/03/2024 17:26:07	Processing springs.
09/03/2024 17:26:07	Processing properties.
09/03/2024 17:26:07	Processing physical properties.
09/03/2024 17:26:07	Processing constants.
09/03/2024 17:26:07	Processing BETA constants.
09/03/2024 17:26:07	Processing hidden analytical member loads.
09/03/2024 17:26:07	Processing command list for member release.
09/03/2024 17:26:07	Processing command list for member offset.
09/03/2024 17:26:07	Processing command list for member specs (cracked).
09/03/2024 17:26:07	Processing command list for member specs (axial).
09/03/2024 17:26:07	Processing command list for element release.
09/03/2024 17:26:07	Processing command list for element offset.
09/03/2024 17:26:07	Processing command list for element plate stress directive.
09/03/2024 17:26:07	Processing parameter for Chinese wind load case.
09/03/2024 17:26:07	End Processing command list.
09/03/2024 17:26:07	End loading STAAD model.
09/03/2024 17:26:07	Start Post Analysis method
09/03/2024 17:26:07	Removed all hidden plates from surfaces
09/03/2024 17:26:07	Removed all hidden plates
09/03/2024 17:26:07	Removed all hidden nodes
09/03/2024 17:26:07	Loading results from MSH file...
09/03/2024 17:26:07	Building result indices...
09/03/2024 17:26:07	Loading plate stress results...
09/03/2024 17:26:07	Set analysis report setup data
09/03/2024 17:26:07	Starting page setup...
09/03/2024 17:26:07	Page setup completed
09/03/2024 17:26:07	Setting available workflows...
09/03/2024 17:26:07	Post analysis method ends
09/03/2024 17:26:28	Start Post Analysis method
09/03/2024 17:26:28	Removed all hidden plates from surfaces
09/03/2024 17:26:28	Removed all hidden plates
09/03/2024 17:26:28	Removed all hidden nodes
09/03/2024 17:26:28	Loading results from MSH file...
09/03/2024 17:26:28	Building result indices...
09/03/2024 17:26:28	Loading plate stress results...
09/03/2024 17:26:28	Set analysis report setup data
09/03/2024 17:26:28	Starting page setup...
09/03/2024 17:26:28	Page setup completed
09/03/2024 17:26:28	Setting available workflows...
09/03/2024 17:26:28	Post analysis method ends
