10:25:29	Initializing STAAD Engine
10:25:29	Run stream set up is complete.
10:25:29	Initialize license libraries.
10:25:29	License libraries initialized.
10:25:29	Starting license(s) for A & D engine.
10:25:30	License Status: Ok
10:25:30	License information set up is complete.
****************************************************************************
*                            START OF ANALYSIS                             *
****************************************************************************
* Initiating Analysis At Fri Jul 26 10:25:30 2024
                          PROGRAM: STAAD.Pro
                          VERSION: 23.00.01.25
                10:25:30:77  ENTERING STAAD
                10:25:30:80  USING 64 BIT STAAD ENGINE
                10:25:30:80  ENTERING MAINN
                10:25:30:80  START JOB INFORMATION
                10:25:30:81  INPUT WIDTH 79
                10:25:30:81  UNIT MMS KN
                10:25:30:81  JOINT COORDINATES
                10:25:30:82  ENTERING JOINTC
                10:25:30:83  JOINTC NEWJ                                 400000
                10:25:30:84  MAX NODE NO.                                    16
                10:25:30:84  MEMBER INCIDENCES
                10:25:30:85  UNIT METER KN
                10:25:30:85  DEFINE MATERIAL START
                10:25:30:86  UNIT MMS KN
                10:25:30:86  MEMBER PROPERTY EUROP
                10:25:31:32    ++ Finished Reading Member Properties ...
                10:25:31:32  CONSTANTS
                10:25:31:33  SUPPORTS
                10:25:31:33  ENTERING SUPPORT
                10:25:31:34  MEMBER OFFSET
                10:25:31:35  DEFINE WIND LOAD
                10:25:31:36  LOAD 121 LOADTYPE DEA
                10:25:31:36  DUPLICATE ELEMENT CHECK
                10:25:31:37  CHECKING STRUCTURAL INTEGRITY
                10:25:31:38  CHECK UNCONNECTED JOINTS AND
                10:25:31:38  CALCULATE MAX JOINT CONNECTIVITY
                10:25:31:39  CHECK MULTIPLE STRUCTURES
                10:25:31:39  ENTERING SUPPORT
                10:25:31:39  NRJOLD                                           0
                10:25:31:40  SUPPORT NOLD                                     0
                10:25:31:40  SUPPORT N                                       72
                10:25:31:41  BEFORE LOADPR
                10:25:31:42  REOPEN AS DIR                                    0
                10:25:31:42  ENTER LOADPR
                10:25:31:54  PERFORM ANALYSIS PRIN
                10:25:31:54  pdel iter                                        0
                10:25:31:55  MAXIMUM E =                           2.973273E+04
                10:25:31:55  MINIMUM E =                           2.973273E+04
                10:25:31:56  MBW DOF BAND=                                    1
                10:25:31:56  NUMBER OF PRIMARY CASES                        101
                10:25:31:57  NUMBER OF CASES                                252
                10:25:31:57  #OF CASES W/ELEM INMEMORY                      252
                10:25:31:58  MEMORY FOR MEMBER LOADS                      48384
                10:25:31:58  MEMORY FOR DISPLACEMENTS                     24192
                10:25:31:59  MEMORY FOR MEMBER FORCES                     48384
                10:25:31:59  Using 64-bit analysis engine
                10:25:31:60  BEFORE SOLVER 1
                10:25:31:60  Start Input for Next Load Case
                10:25:31:61  case no=  121 seq. no=   1 idynl= 0
                10:25:31:61  MASSSET                                          0
                10:25:31:61  LOADEND ISLAVE                                   0
                10:25:31:62  Start Input for Next Load Case
                10:25:31:62  case no=  201 seq. no=   2 idynl= 0
                10:25:31:63  LOADEND ISLAVE                                   0
                10:25:31:63  Start Input for Next Load Case
                10:25:31:64  case no=  202 seq. no=   3 idynl= 0
                10:25:31:64  LOADEND ISLAVE                                   0
                10:25:31:64  Start Input for Next Load Case
                10:25:31:65  case no=  203 seq. no=   4 idynl= 0
                10:25:31:65  LOADEND ISLAVE                                   0
                10:25:31:66  Start Input for Next Load Case
                10:25:31:66  case no=  204 seq. no=   5 idynl= 0
                10:25:31:67  LOADEND ISLAVE                                   0
                10:25:31:67  Start Input for Next Load Case
                10:25:31:68  case no=  205 seq. no=   6 idynl= 0
                10:25:31:68  LOADEND ISLAVE                                   0
                10:25:31:68  Start Input for Next Load Case
                10:25:31:69  case no=  206 seq. no=   7 idynl= 0
                10:25:31:69  LOADEND ISLAVE                                   0
                10:25:31:70  Start Input for Next Load Case
                10:25:31:70  case no=  207 seq. no=   8 idynl= 0
                10:25:31:71  LOADEND ISLAVE                                   0
                10:25:31:71  Start Input for Next Load Case
                10:25:31:72  case no=  208 seq. no=   9 idynl= 0
                10:25:31:72  LOADEND ISLAVE                                   0
                10:25:31:73  Start Input for Next Load Case
                10:25:31:73  case no=  312 seq. no=  10 idynl= 0
                10:25:31:74  LOADEND ISLAVE                                   0
                10:25:31:74  Start Input for Next Load Case
                10:25:31:74  case no=  313 seq. no=  11 idynl= 0
                10:25:31:75  LOADEND ISLAVE                                   0
                10:25:31:75  Start Input for Next Load Case
                10:25:31:76  case no=  314 seq. no=  12 idynl= 0
                10:25:31:76  LOADEND ISLAVE                                   0
                10:25:31:77  Start Input for Next Load Case
                10:25:31:77  case no=  315 seq. no=  13 idynl= 0
                10:25:31:77  LOADEND ISLAVE                                   0
                10:25:31:78  Start Input for Next Load Case
                10:25:31:78  case no=  322 seq. no=  14 idynl= 0
                10:25:31:79  LOADEND ISLAVE                                   0
                10:25:31:79  Start Input for Next Load Case
                10:25:31:80  case no=  323 seq. no=  15 idynl= 0
                10:25:31:80  LOADEND ISLAVE                                   0
                10:25:31:81  Start Input for Next Load Case
                10:25:31:81  case no=  324 seq. no=  16 idynl= 0
                10:25:31:81  LOADEND ISLAVE                                   0
                10:25:31:82  Start Input for Next Load Case
                10:25:31:82  case no=  325 seq. no=  17 idynl= 0
                10:25:31:83  LOADEND ISLAVE                                   0
                10:25:31:83  Start Input for Next Load Case
                10:25:31:84  case no=  332 seq. no=  18 idynl= 0
                10:25:31:84  LOADEND ISLAVE                                   0
                10:25:31:85  Start Input for Next Load Case
                10:25:31:86  case no=  333 seq. no=  19 idynl= 0
                10:25:31:86  LOADEND ISLAVE                                   0
                10:25:31:87  Start Input for Next Load Case
                10:25:31:87  case no=  334 seq. no=  20 idynl= 0
                10:25:31:88  LOADEND ISLAVE                                   0
                10:25:31:88  Start Input for Next Load Case
                10:25:31:88  case no=  335 seq. no=  21 idynl= 0
                10:25:31:89  LOADEND ISLAVE                                   0
                10:25:31:89  Start Input for Next Load Case
                10:25:31:90  case no=  411 seq. no=  22 idynl= 0
                10:25:31:90  LOADEND ISLAVE                                   0
                10:25:31:91  Start Input for Next Load Case
                10:25:31:91  case no=  412 seq. no=  23 idynl= 0
                10:25:31:91  LOADEND ISLAVE                                   0
                10:25:31:92  Start Input for Next Load Case
                10:25:31:92  case no=  413 seq. no=  24 idynl= 0
                10:25:31:93  LOADEND ISLAVE                                   0
                10:25:31:93  Start Input for Next Load Case
                10:25:31:94  case no=  414 seq. no=  25 idynl= 0
                10:25:31:94  LOADEND ISLAVE                                   0
                10:25:31:95  Start Input for Next Load Case
                10:25:31:95  case no=  415 seq. no=  26 idynl= 0
                10:25:31:95  LOADEND ISLAVE                                   0
                10:25:31:96  Start Input for Next Load Case
                10:25:31:96  case no=  416 seq. no=  27 idynl= 0
                10:25:31:97  LOADEND ISLAVE                                   0
                10:25:31:97  Start Input for Next Load Case
                10:25:31:98  case no=  417 seq. no=  28 idynl= 0
                10:25:31:98  LOADEND ISLAVE                                   0
                10:25:31:98  Start Input for Next Load Case
                10:25:31:99  case no=  418 seq. no=  29 idynl= 0
                10:25:31:99  LOADEND ISLAVE                                   0
                10:25:32: 0  Start Input for Next Load Case
                10:25:32: 0  case no=  421 seq. no=  30 idynl= 0
                10:25:32: 1  LOADEND ISLAVE                                   0
                10:25:32: 1  Start Input for Next Load Case
                10:25:32: 2  case no=  422 seq. no=  31 idynl= 0
                10:25:32: 2  LOADEND ISLAVE                                   0
                10:25:32: 3  Start Input for Next Load Case
                10:25:32: 3  case no=  423 seq. no=  32 idynl= 0
                10:25:32: 3  LOADEND ISLAVE                                   0
                10:25:32: 4  Start Input for Next Load Case
                10:25:32: 4  case no=  424 seq. no=  33 idynl= 0
                10:25:32: 5  LOADEND ISLAVE                                   0
                10:25:32: 5  Start Input for Next Load Case
                10:25:32: 6  case no=  425 seq. no=  34 idynl= 0
                10:25:32: 6  LOADEND ISLAVE                                   0
                10:25:32: 6  Start Input for Next Load Case
                10:25:32: 7  case no=  426 seq. no=  35 idynl= 0
                10:25:32: 8  LOADEND ISLAVE                                   0
                10:25:32: 8  Start Input for Next Load Case
                10:25:32: 9  case no=  427 seq. no=  36 idynl= 0
                10:25:32: 9  LOADEND ISLAVE                                   0
                10:25:32: 9  Start Input for Next Load Case
                10:25:32:10  case no=  428 seq. no=  37 idynl= 0
                10:25:32:10  LOADEND ISLAVE                                   0
                10:25:32:11  Start Input for Next Load Case
                10:25:32:11  case no=  711 seq. no=  38 idynl= 0
                10:25:32:12  LOADEND ISLAVE                                   0
                10:25:32:12  Start Input for Next Load Case
                10:25:32:12  case no=  712 seq. no=  39 idynl= 0
                10:25:32:13  LOADEND ISLAVE                                   0
                10:25:32:13  Start Input for Next Load Case
                10:25:32:14  case no=  713 seq. no=  40 idynl= 0
                10:25:32:14  LOADEND ISLAVE                                   0
                10:25:32:15  Start Input for Next Load Case
                10:25:32:15  case no=  714 seq. no=  41 idynl= 0
                10:25:32:16  LOADEND ISLAVE                                   0
                10:25:32:16  Start Input for Next Load Case
                10:25:32:17  case no=  715 seq. no=  42 idynl= 0
                10:25:32:17  LOADEND ISLAVE                                   0
                10:25:32:18  Start Input for Next Load Case
                10:25:32:18  case no=  716 seq. no=  43 idynl= 0
                10:25:32:18  LOADEND ISLAVE                                   0
                10:25:32:19  Start Input for Next Load Case
                10:25:32:19  case no=  717 seq. no=  44 idynl= 0
                10:25:32:20  LOADEND ISLAVE                                   0
                10:25:32:20  Start Input for Next Load Case
                10:25:32:21  case no=  718 seq. no=  45 idynl= 0
                10:25:32:21  LOADEND ISLAVE                                   0
                10:25:32:22  Start Input for Next Load Case
                10:25:32:22  case no= 1101 seq. no=  46 idynl= 0
                10:25:32:23  LOADEND ISLAVE                                   0
                10:25:32:23  Start Input for Next Load Case
                10:25:32:24  case no= 1102 seq. no=  47 idynl= 0
                10:25:32:24  LOADEND ISLAVE                                   0
                10:25:32:24  Start Input for Next Load Case
                10:25:32:25  case no= 1103 seq. no=  48 idynl= 0
                10:25:32:25  LOADEND ISLAVE                                   0
                10:25:32:26  Start Input for Next Load Case
                10:25:32:26  case no= 1104 seq. no=  49 idynl= 0
                10:25:32:27  LOADEND ISLAVE                                   0
                10:25:32:27  Start Input for Next Load Case
                10:25:32:27  case no= 1105 seq. no=  50 idynl= 0
                10:25:32:28  LOADEND ISLAVE                                   0
                10:25:32:28  Start Input for Next Load Case
                10:25:32:29  case no= 1106 seq. no=  51 idynl= 0
                10:25:32:29  LOADEND ISLAVE                                   0
                10:25:32:30  Start Input for Next Load Case
                10:25:32:30  case no= 1107 seq. no=  52 idynl= 0
                10:25:32:31  LOADEND ISLAVE                                   0
                10:25:32:31  Start Input for Next Load Case
                10:25:32:31  case no= 1108 seq. no=  53 idynl= 0
                10:25:32:32  LOADEND ISLAVE                                   0
                10:25:32:32  Start Input for Next Load Case
                10:25:32:33  case no= 1201 seq. no=  54 idynl= 0
                10:25:32:33  LOADEND ISLAVE                                   0
                10:25:32:34  Start Input for Next Load Case
                10:25:32:34  case no= 1202 seq. no=  55 idynl= 0
                10:25:32:35  LOADEND ISLAVE                                   0
                10:25:32:35  Start Input for Next Load Case
                10:25:32:36  case no= 1203 seq. no=  56 idynl= 0
                10:25:32:36  LOADEND ISLAVE                                   0
                10:25:32:37  Start Input for Next Load Case
                10:25:32:37  case no= 1204 seq. no=  57 idynl= 0
                10:25:32:38  LOADEND ISLAVE                                   0
                10:25:32:38  Start Input for Next Load Case
                10:25:32:38  case no= 1205 seq. no=  58 idynl= 0
                10:25:32:39  LOADEND ISLAVE                                   0
                10:25:32:39  Start Input for Next Load Case
                10:25:32:40  case no= 1206 seq. no=  59 idynl= 0
                10:25:32:40  LOADEND ISLAVE                                   0
                10:25:32:41  Start Input for Next Load Case
                10:25:32:41  case no= 1207 seq. no=  60 idynl= 0
                10:25:32:42  LOADEND ISLAVE                                   0
                10:25:32:42  Start Input for Next Load Case
                10:25:32:43  case no= 1208 seq. no=  61 idynl= 0
                10:25:32:43  LOADEND ISLAVE                                   0
                10:25:32:43  Start Input for Next Load Case
                10:25:32:44  case no= 2101 seq. no=  62 idynl= 0
                10:25:32:45  LOADEND ISLAVE                                   0
                10:25:32:45  Start Input for Next Load Case
                10:25:32:46  case no= 2102 seq. no=  63 idynl= 0
                10:25:32:46  LOADEND ISLAVE                                   0
                10:25:32:46  Start Input for Next Load Case
                10:25:32:47  case no= 2103 seq. no=  64 idynl= 0
                10:25:32:47  LOADEND ISLAVE                                   0
                10:25:32:48  Start Input for Next Load Case
                10:25:32:48  case no= 2104 seq. no=  65 idynl= 0
                10:25:32:49  LOADEND ISLAVE                                   0
                10:25:32:49  Start Input for Next Load Case
                10:25:32:50  case no= 2105 seq. no=  66 idynl= 0
                10:25:32:50  LOADEND ISLAVE                                   0
                10:25:32:51  Start Input for Next Load Case
                10:25:32:51  case no= 2106 seq. no=  67 idynl= 0
                10:25:32:51  LOADEND ISLAVE                                   0
                10:25:32:52  Start Input for Next Load Case
                10:25:32:52  case no= 2107 seq. no=  68 idynl= 0
                10:25:32:53  LOADEND ISLAVE                                   0
                10:25:32:53  Start Input for Next Load Case
                10:25:32:54  case no= 2108 seq. no=  69 idynl= 0
                10:25:32:54  LOADEND ISLAVE                                   0
                10:25:32:54  Start Input for Next Load Case
                10:25:32:55  case no= 3001 seq. no=  70 idynl= 0
                10:25:32:55  LOADEND ISLAVE                                   0
                10:25:32:56  Start Input for Next Load Case
                10:25:32:56  case no= 3002 seq. no=  71 idynl= 0
                10:25:32:56  LOADEND ISLAVE                                   0
                10:25:32:57  Start Input for Next Load Case
                10:25:32:57  case no= 3003 seq. no=  72 idynl= 0
                10:25:32:58  LOADEND ISLAVE                                   0
                10:25:32:58  Start Input for Next Load Case
                10:25:32:59  case no= 3004 seq. no=  73 idynl= 0
                10:25:32:59  LOADEND ISLAVE                                   0
                10:25:32:60  Start Input for Next Load Case
                10:25:32:60  case no= 3005 seq. no=  74 idynl= 0
                10:25:32:60  LOADEND ISLAVE                                   0
                10:25:32:61  Start Input for Next Load Case
                10:25:32:61  case no= 3006 seq. no=  75 idynl= 0
                10:25:32:62  LOADEND ISLAVE                                   0
                10:25:32:62  Start Input for Next Load Case
                10:25:32:63  case no= 3007 seq. no=  76 idynl= 0
                10:25:32:63  LOADEND ISLAVE                                   0
                10:25:32:63  Start Input for Next Load Case
                10:25:32:64  case no= 3008 seq. no=  77 idynl= 0
                10:25:32:64  LOADEND ISLAVE                                   0
                10:25:32:65  Start Input for Next Load Case
                10:25:32:65  case no= 3011 seq. no=  78 idynl= 0
                10:25:32:66  LOADEND ISLAVE                                   0
                10:25:32:66  Start Input for Next Load Case
                10:25:32:66  case no= 3012 seq. no=  79 idynl= 0
                10:25:32:67  LOADEND ISLAVE                                   0
                10:25:32:67  Start Input for Next Load Case
                10:25:32:68  case no= 3013 seq. no=  80 idynl= 0
                10:25:32:68  LOADEND ISLAVE                                   0
                10:25:32:69  Start Input for Next Load Case
                10:25:32:69  case no= 3014 seq. no=  81 idynl= 0
                10:25:32:70  LOADEND ISLAVE                                   0
                10:25:32:70  Start Input for Next Load Case
                10:25:32:70  case no= 3015 seq. no=  82 idynl= 0
                10:25:32:71  LOADEND ISLAVE                                   0
                10:25:32:71  Start Input for Next Load Case
                10:25:32:72  case no= 3016 seq. no=  83 idynl= 0
                10:25:32:72  LOADEND ISLAVE                                   0
                10:25:32:73  Start Input for Next Load Case
                10:25:32:73  case no= 3017 seq. no=  84 idynl= 0
                10:25:32:73  LOADEND ISLAVE                                   0
                10:25:32:74  Start Input for Next Load Case
                10:25:32:74  case no= 3018 seq. no=  85 idynl= 0
                10:25:32:75  LOADEND ISLAVE                                   0
                10:25:32:75  Start Input for Next Load Case
                10:25:32:75  case no= 3021 seq. no=  86 idynl= 0
                10:25:32:76  LOADEND ISLAVE                                   0
                10:25:32:76  Start Input for Next Load Case
                10:25:32:77  case no= 3022 seq. no=  87 idynl= 0
                10:25:32:77  LOADEND ISLAVE                                   0
                10:25:32:78  Start Input for Next Load Case
                10:25:32:78  case no= 3023 seq. no=  88 idynl= 0
                10:25:32:78  LOADEND ISLAVE                                   0
                10:25:32:79  Start Input for Next Load Case
                10:25:32:79  case no= 3024 seq. no=  89 idynl= 0
                10:25:32:80  LOADEND ISLAVE                                   0
                10:25:32:80  Start Input for Next Load Case
                10:25:32:81  case no= 3025 seq. no=  90 idynl= 0
                10:25:32:81  LOADEND ISLAVE                                   0
                10:25:32:81  Start Input for Next Load Case
                10:25:32:82  case no= 3026 seq. no=  91 idynl= 0
                10:25:32:83  LOADEND ISLAVE                                   0
                10:25:32:83  Start Input for Next Load Case
                10:25:32:83  case no= 3027 seq. no=  92 idynl= 0
                10:25:32:84  LOADEND ISLAVE                                   0
                10:25:32:84  Start Input for Next Load Case
                10:25:32:85  case no= 3028 seq. no=  93 idynl= 0
                10:25:32:86  LOADEND ISLAVE                                   0
                10:25:32:86  Start Input for Next Load Case
                10:25:32:87  case no= 3201 seq. no=  94 idynl= 0
                10:25:32:88  LOADEND ISLAVE                                   0
                10:25:32:88  Start Input for Next Load Case
                10:25:32:89  case no= 3202 seq. no=  95 idynl= 0
                10:25:32:89  LOADEND ISLAVE                                   0
                10:25:32:89  Start Input for Next Load Case
                10:25:32:90  case no= 3203 seq. no=  96 idynl= 0
                10:25:32:90  LOADEND ISLAVE                                   0
                10:25:32:91  Start Input for Next Load Case
                10:25:32:91  case no= 3204 seq. no=  97 idynl= 0
                10:25:32:92  LOADEND ISLAVE                                   0
                10:25:32:92  Start Input for Next Load Case
                10:25:32:93  case no= 3205 seq. no=  98 idynl= 0
                10:25:32:93  LOADEND ISLAVE                                   0
                10:25:32:93  Start Input for Next Load Case
                10:25:32:94  case no= 3206 seq. no=  99 idynl= 0
                10:25:32:94  LOADEND ISLAVE                                   0
                10:25:32:95  Start Input for Next Load Case
                10:25:32:95  case no= 3207 seq. no= 100 idynl= 0
                10:25:32:96  LOADEND ISLAVE                                   0
                10:25:32:96  Start Input for Next Load Case
                10:25:32:96  case no= 3208 seq. no= 101 idynl= 0
                10:25:32:97  LOADEND ISLAVE                                   0
                10:25:32:97  NVPREV                                           0
                10:25:32:98  AMAXNON                               3.815617E-01
                10:25:32:98  IRECSIZL=                                     4000
                10:25:32:99  MTX BLOCKSIZE=                                  72
                10:25:32:99  MI=                                             72
                10:25:33: 0  NORECL=                                          1
                10:25:33: 0  NORECL1=                                         1
                10:25:33: 0  IWORD=                                       32000
                10:25:33: 1  JRECSIZE=                                     4000
                10:25:33: 1  IWORDJ=                                      32000
                10:25:33: 2  IBYTE=                                           4
                10:25:33: 2  JOINTS=                                         16
                10:25:33: 3  MEMBERS=                                        16
                10:25:33: 3  PLATES =                                         0
                10:25:33: 4  SOLIDS =                                         0
                10:25:33: 4  NO. OF EQUATIONS=                               72
                10:25:33: 5  idyn=                                            0
                10:25:33: 5  ipd=                                             0
                10:25:33: 5  icablanl=                                        0
                10:25:33: 6  ++ Processing Element Stiffness Matrix.
                10:25:33: 6  NV1                                            101
                10:25:33:17  ++ Calculating Element Forces & Reactions.
                10:25:33:64  COMBINATION CASES=                               0
                10:25:33:64  MAX CM MEMORY (KILOWORDS)                       34
                10:25:33:64  AFTER SOLVER 1
                10:25:33:66  REOPEN AS SEQ                                    0
                10:25:33:66  DEFINE ENVELOPE
                10:25:33:67  LOAD LIST 1101 TO 110
                10:25:33:68  PARAMETER 1
                10:25:33:69  CHECK CODE ALL
                10:25:33:69  ENTERING SECTNM110 IQ=                          16
                10:25:33:69               NSEC=                              11
                10:25:33:70             ISECTN=                               0
                10:25:33:72  SECTNM110 DO 925
                10:25:33:74  ENTERING ENVLP1 ITYP1=                          -3
                10:25:33:74  SECT DISPLACE
                10:25:33:77  Steel/Alum/Timber Design                        52
                10:25:33:83    ++ Finished Design ...
                10:25:33:83  Steel/Timber Design exit
                10:25:33:83  LOAD LIST 2101 TO 210
                10:25:33:84  PARAMETER 1
                10:25:33:85  CHECK CODE ALL
                10:25:33:85  ENTERING ENVLP1 ITYP1=                          -3
                10:25:33:86  SECT DISPLACE
                10:25:33:89  Steel/Alum/Timber Design                        52
                10:25:33:90    ++ Finished Design ...
                10:25:33:90  Steel/Timber Design exit
                10:25:33:91  LOAD LIST ENV 4 TO 7
                10:25:33:91  PARAMETER 1
                10:25:33:93  CHECK CODE ALL*******
                10:25:33:93  ENTERING ENVLP1 ITYP1=                          -3
                10:25:33:93  SECT DISPLACE
                10:25:33:96  Steel/Alum/Timber Design                        52
                10:25:33:99    ++ Finished Design ...
                10:25:33:99  Steel/Timber Design exit
                10:25:34: 0  PRINT JOINT DISPLACEM
                10:25:34: 0  DRAW ISOM JOIN MEMB
                10:25:34: 1  ENTERING SECTNM110 IQ=                          16
                10:25:34: 1               NSEC=                              11
                10:25:34: 2             ISECTN=                               0
                10:25:34: 5  SECTNM110 DO 925
                10:25:34: 7  PRINT SUPPORT REACTIO
                10:25:34: 7  DRAW ISOM SUPP PROP
                10:25:34: 8  ENTERING SECTNM110 IQ=                          16
                10:25:34: 8               NSEC=                              11
                10:25:34: 9             ISECTN=                               0
                10:25:34:11  SECTNM110 DO 925
                10:25:34:14  DRAW ISOM SHAP
                10:25:34:14  ENTERING SECTNM110 IQ=                          16
                10:25:34:14               NSEC=                              11
                10:25:34:15             ISECTN=                               0
                10:25:34:18  SECTNM110 DO 925
                10:25:34:20  PRINT CG
                10:25:34:20  FINISH
                10:25:34:21  All Commands FINISHed
                10:25:34:21  DATASAVE for SPRO GUI
                10:25:34:22  ++ Creating Displacement File (DSP)...
                10:25:34:23  ++ Creating Reaction File (REA)...
                10:25:34:23  ++ Creating Section Force File (BMD)...
                10:25:34:26  ++ Creating Section Displace File (SEC)...
                10:25:34:26  ENTERING ENVLP1 ITYP1=                          -5
                10:25:34:27  SECT DISPLACE
                10:25:34:31  ++ Creating Section Displace File (SCN)...
                10:25:34:34  ++ Creating Design information File (DGN)...
                10:25:34:35  ALLOCATED CM MEMORY (KILOWORDS)             300000
                10:25:34:35  MAX CM MEMORY (KILOWORDS)                       92
                10:25:34:36  DBS LONG SEC NAME
* End Of Analysis At Fri Jul 26 10:25:34 2024
* CPU usage = 3.653000
* STAAD Exit Code: 100, Warning Count: 0, Error Count: 0, Duration: 3.653
1 0 0 3.653
****************************************************************************
*                            END OF ANALYSIS                               *
****************************************************************************
