07/26/2024 10:19:15	Reading UID database.
07/26/2024 10:19:15	Start loading STAAD model.
07/26/2024 10:19:15	Reading model file.
07/26/2024 10:19:16	Reading model file is complete.
07/26/2024 10:19:16	Processing support.
07/26/2024 10:19:16	Processing springs.
07/26/2024 10:19:16	Processing properties.
07/26/2024 10:19:16	Processing physical properties.
07/26/2024 10:19:16	Processing constants.
07/26/2024 10:19:16	Processing BETA constants.
07/26/2024 10:19:16	Processing hidden analytical member loads.
07/26/2024 10:19:16	Processing command list for member release.
07/26/2024 10:19:16	Processing command list for member offset.
07/26/2024 10:19:16	Processing command list for member specs (cracked).
07/26/2024 10:19:16	Processing command list for member specs (axial).
07/26/2024 10:19:16	Processing command list for element release.
07/26/2024 10:19:16	Processing command list for element offset.
07/26/2024 10:19:16	Processing command list for element plate stress directive.
07/26/2024 10:19:16	Processing parameter for Chinese wind load case.
07/26/2024 10:19:16	End Processing command list.
07/26/2024 10:19:16	End loading STAAD model.
07/26/2024 10:19:16	Start Post Analysis method
07/26/2024 10:19:16	Removed all hidden plates from surfaces
07/26/2024 10:19:16	Removed all hidden plates
07/26/2024 10:19:16	Removed all hidden nodes
07/26/2024 10:19:16	Loading results from MSH file...
07/26/2024 10:19:16	Building result indices...
07/26/2024 10:19:16	Loading plate stress results...
07/26/2024 10:19:16	Set analysis report setup data
07/26/2024 10:19:16	Starting page setup...
07/26/2024 10:19:16	Page setup completed
07/26/2024 10:19:16	Setting available workflows...
07/26/2024 10:19:16	Post analysis method ends
07/26/2024 10:25:25	Reading UID database.
07/26/2024 10:25:25	Start loading STAAD model.
07/26/2024 10:25:25	Reading model file.
07/26/2024 10:25:26	Reading model file is complete.
07/26/2024 10:25:26	Processing support.
07/26/2024 10:25:26	Processing springs.
07/26/2024 10:25:26	Processing properties.
07/26/2024 10:25:26	Processing physical properties.
07/26/2024 10:25:26	Processing constants.
07/26/2024 10:25:26	Processing BETA constants.
07/26/2024 10:25:26	Processing hidden analytical member loads.
07/26/2024 10:25:26	Processing command list for member release.
07/26/2024 10:25:26	Processing command list for member offset.
07/26/2024 10:25:26	Processing command list for member specs (cracked).
07/26/2024 10:25:26	Processing command list for member specs (axial).
07/26/2024 10:25:26	Processing command list for element release.
07/26/2024 10:25:26	Processing command list for element offset.
07/26/2024 10:25:26	Processing command list for element plate stress directive.
07/26/2024 10:25:26	Processing parameter for Chinese wind load case.
07/26/2024 10:25:26	End Processing command list.
07/26/2024 10:25:26	End loading STAAD model.
07/26/2024 10:25:26	Start Post Analysis method
07/26/2024 10:25:26	Removed all hidden plates from surfaces
07/26/2024 10:25:26	Removed all hidden plates
07/26/2024 10:25:26	Removed all hidden nodes
07/26/2024 10:25:26	Loading results from MSH file...
07/26/2024 10:25:26	Building result indices...
07/26/2024 10:25:26	Loading plate stress results...
07/26/2024 10:25:26	Set analysis report setup data
07/26/2024 10:25:26	Starting page setup...
07/26/2024 10:25:26	Page setup completed
07/26/2024 10:25:26	Setting available workflows...
07/26/2024 10:25:26	Post analysis method ends
07/26/2024 10:25:36	Start Post Analysis method
07/26/2024 10:25:36	Removed all hidden plates from surfaces
07/26/2024 10:25:36	Removed all hidden plates
07/26/2024 10:25:36	Removed all hidden nodes
07/26/2024 10:25:36	Loading results from MSH file...
07/26/2024 10:25:36	Building result indices...
07/26/2024 10:25:36	Loading plate stress results...
07/26/2024 10:25:36	Set analysis report setup data
07/26/2024 10:25:36	Starting page setup...
07/26/2024 10:25:36	Page setup completed
07/26/2024 10:25:36	Setting available workflows...
07/26/2024 10:25:36	Post analysis method ends
