19:05:52	Initializing STAAD Engine
19:05:52	Run stream set up is complete.
19:05:52	Initialize license libraries.
19:05:52	License libraries initialized.
19:05:52	Starting license(s) for A & D engine.
19:05:53	License Status: Ok
19:05:53	License information set up is complete.
****************************************************************************
*                            START OF ANALYSIS                             *
****************************************************************************
* Initiating Analysis At Wed Jul 17 19:05:53 2024
                          PROGRAM: STAAD.Pro
                          VERSION: 23.00.01.25
                19: 5:53:29  ENTERING STAAD
                19: 5:53:30  USING 64 BIT STAAD ENGINE
                19: 5:53:30  ENTERING MAINN
                19: 5:53:31  START JOB INFORMATION
                19: 5:53:31  INPUT WIDTH 79
                19: 5:53:32  UNIT MMS KN
                19: 5:53:32  JOINT COORDINATES
                19: 5:53:33  ENTERING JOINTC
                19: 5:53:33  JOINTC NEWJ                                 400000
                19: 5:53:33  MAX NODE NO.                                     3
                19: 5:53:34  MEMBER INCIDENCES
                19: 5:53:34  UNIT METER KN
                19: 5:53:35  DEFINE MATERIAL START
                19: 5:53:35  UNIT MMS KN
                19: 5:53:36  MEMBER PROPERTY EUROP
                19: 5:53:48    ++ Finished Reading Member Properties ...
                19: 5:53:48  CONSTANTS
                19: 5:53:49  SUPPORTS
                19: 5:53:49  ENTERING SUPPORT
                19: 5:53:50  MEMBER OFFSET
                19: 5:53:50  DEFINE WIND LOAD
                19: 5:53:51  LOAD 121 LOADTYPE DEA
                19: 5:53:51  DUPLICATE ELEMENT CHECK
                19: 5:53:52  CHECKING STRUCTURAL INTEGRITY
                19: 5:53:52  CHECK UNCONNECTED JOINTS AND
                19: 5:53:53  CALCULATE MAX JOINT CONNECTIVITY
                19: 5:53:53  CHECK MULTIPLE STRUCTURES
                19: 5:53:54  ENTERING SUPPORT
                19: 5:53:54  NRJOLD                                           0
                19: 5:53:55  SUPPORT NOLD                                     0
                19: 5:53:55  SUPPORT N                                       12
                19: 5:53:55  BEFORE LOADPR
                19: 5:53:56  REOPEN AS DIR                                    0
                19: 5:53:56  ENTER LOADPR
                19: 5:53:66  PERFORM ANALYSIS PRIN
                19: 5:53:66  pdel iter                                        0
                19: 5:53:66  MAXIMUM E =                           2.973273E+04
                19: 5:53:67  MINIMUM E =                           2.973273E+04
                19: 5:53:67  MBW DOF BAND=                                    1
                19: 5:53:68  NUMBER OF PRIMARY CASES                        101
                19: 5:53:68  NUMBER OF CASES                                252
                19: 5:53:69  #OF CASES W/ELEM INMEMORY                      252
                19: 5:53:69  Using 64-bit analysis engine
                19: 5:53:70  BEFORE SOLVER 1
                19: 5:53:70  Start Input for Next Load Case
                19: 5:53:70  case no=  121 seq. no=   1 idynl= 0
                19: 5:53:71  MASSSET                                          0
                19: 5:53:71  LOADEND ISLAVE                                   0
                19: 5:53:72  Start Input for Next Load Case
                19: 5:53:72  case no=  201 seq. no=   2 idynl= 0
                19: 5:53:72  LOADEND ISLAVE                                   0
                19: 5:53:73  Start Input for Next Load Case
                19: 5:53:73  case no=  202 seq. no=   3 idynl= 0
                19: 5:53:74  LOADEND ISLAVE                                   0
                19: 5:53:74  Start Input for Next Load Case
                19: 5:53:75  case no=  203 seq. no=   4 idynl= 0
                19: 5:53:75  LOADEND ISLAVE                                   0
                19: 5:53:76  Start Input for Next Load Case
                19: 5:53:76  case no=  204 seq. no=   5 idynl= 0
                19: 5:53:77  LOADEND ISLAVE                                   0
                19: 5:53:77  Start Input for Next Load Case
                19: 5:53:77  case no=  205 seq. no=   6 idynl= 0
                19: 5:53:78  LOADEND ISLAVE                                   0
                19: 5:53:78  Start Input for Next Load Case
                19: 5:53:79  case no=  206 seq. no=   7 idynl= 0
                19: 5:53:79  LOADEND ISLAVE                                   0
                19: 5:53:79  Start Input for Next Load Case
                19: 5:53:80  case no=  207 seq. no=   8 idynl= 0
                19: 5:53:80  LOADEND ISLAVE                                   0
                19: 5:53:81  Start Input for Next Load Case
                19: 5:53:81  case no=  208 seq. no=   9 idynl= 0
                19: 5:53:82  LOADEND ISLAVE                                   0
                19: 5:53:82  Start Input for Next Load Case
                19: 5:53:82  case no=  312 seq. no=  10 idynl= 0
                19: 5:53:83  LOADEND ISLAVE                                   0
                19: 5:53:83  Start Input for Next Load Case
                19: 5:53:84  case no=  313 seq. no=  11 idynl= 0
                19: 5:53:84  LOADEND ISLAVE                                   0
                19: 5:53:84  Start Input for Next Load Case
                19: 5:53:85  case no=  314 seq. no=  12 idynl= 0
                19: 5:53:85  LOADEND ISLAVE                                   0
                19: 5:53:86  Start Input for Next Load Case
                19: 5:53:86  case no=  315 seq. no=  13 idynl= 0
                19: 5:53:87  LOADEND ISLAVE                                   0
                19: 5:53:87  Start Input for Next Load Case
                19: 5:53:87  case no=  322 seq. no=  14 idynl= 0
                19: 5:53:88  LOADEND ISLAVE                                   0
                19: 5:53:88  Start Input for Next Load Case
                19: 5:53:89  case no=  323 seq. no=  15 idynl= 0
                19: 5:53:89  LOADEND ISLAVE                                   0
                19: 5:53:90  Start Input for Next Load Case
                19: 5:53:90  case no=  324 seq. no=  16 idynl= 0
                19: 5:53:91  LOADEND ISLAVE                                   0
                19: 5:53:91  Start Input for Next Load Case
                19: 5:53:91  case no=  325 seq. no=  17 idynl= 0
                19: 5:53:92  LOADEND ISLAVE                                   0
                19: 5:53:93  Start Input for Next Load Case
                19: 5:53:93  case no=  332 seq. no=  18 idynl= 0
                19: 5:53:93  LOADEND ISLAVE                                   0
                19: 5:53:94  Start Input for Next Load Case
                19: 5:53:94  case no=  333 seq. no=  19 idynl= 0
                19: 5:53:95  LOADEND ISLAVE                                   0
                19: 5:53:95  Start Input for Next Load Case
                19: 5:53:96  case no=  334 seq. no=  20 idynl= 0
                19: 5:53:96  LOADEND ISLAVE                                   0
                19: 5:53:96  Start Input for Next Load Case
                19: 5:53:97  case no=  335 seq. no=  21 idynl= 0
                19: 5:53:97  LOADEND ISLAVE                                   0
                19: 5:53:98  Start Input for Next Load Case
                19: 5:53:98  case no=  411 seq. no=  22 idynl= 0
                19: 5:53:99  LOADEND ISLAVE                                   0
                19: 5:53:99  Start Input for Next Load Case
                19: 5:54: 0  case no=  412 seq. no=  23 idynl= 0
                19: 5:54: 0  LOADEND ISLAVE                                   0
                19: 5:54: 0  Start Input for Next Load Case
                19: 5:54: 1  case no=  413 seq. no=  24 idynl= 0
                19: 5:54: 1  LOADEND ISLAVE                                   0
                19: 5:54: 2  Start Input for Next Load Case
                19: 5:54: 2  case no=  414 seq. no=  25 idynl= 0
                19: 5:54: 3  LOADEND ISLAVE                                   0
                19: 5:54: 3  Start Input for Next Load Case
                19: 5:54: 3  case no=  415 seq. no=  26 idynl= 0
                19: 5:54: 4  LOADEND ISLAVE                                   0
                19: 5:54: 4  Start Input for Next Load Case
                19: 5:54: 5  case no=  416 seq. no=  27 idynl= 0
                19: 5:54: 5  LOADEND ISLAVE                                   0
                19: 5:54: 6  Start Input for Next Load Case
                19: 5:54: 6  case no=  417 seq. no=  28 idynl= 0
                19: 5:54: 7  LOADEND ISLAVE                                   0
                19: 5:54: 7  Start Input for Next Load Case
                19: 5:54: 7  case no=  418 seq. no=  29 idynl= 0
                19: 5:54: 8  LOADEND ISLAVE                                   0
                19: 5:54: 9  Start Input for Next Load Case
                19: 5:54: 9  case no=  421 seq. no=  30 idynl= 0
                19: 5:54:10  LOADEND ISLAVE                                   0
                19: 5:54:10  Start Input for Next Load Case
                19: 5:54:11  case no=  422 seq. no=  31 idynl= 0
                19: 5:54:11  LOADEND ISLAVE                                   0
                19: 5:54:11  Start Input for Next Load Case
                19: 5:54:12  case no=  423 seq. no=  32 idynl= 0
                19: 5:54:12  LOADEND ISLAVE                                   0
                19: 5:54:13  Start Input for Next Load Case
                19: 5:54:13  case no=  424 seq. no=  33 idynl= 0
                19: 5:54:14  LOADEND ISLAVE                                   0
                19: 5:54:14  Start Input for Next Load Case
                19: 5:54:15  case no=  425 seq. no=  34 idynl= 0
                19: 5:54:15  LOADEND ISLAVE                                   0
                19: 5:54:16  Start Input for Next Load Case
                19: 5:54:16  case no=  426 seq. no=  35 idynl= 0
                19: 5:54:17  LOADEND ISLAVE                                   0
                19: 5:54:17  Start Input for Next Load Case
                19: 5:54:18  case no=  427 seq. no=  36 idynl= 0
                19: 5:54:18  LOADEND ISLAVE                                   0
                19: 5:54:19  Start Input for Next Load Case
                19: 5:54:19  case no=  428 seq. no=  37 idynl= 0
                19: 5:54:20  LOADEND ISLAVE                                   0
                19: 5:54:20  Start Input for Next Load Case
                19: 5:54:21  case no=  711 seq. no=  38 idynl= 0
                19: 5:54:21  LOADEND ISLAVE                                   0
                19: 5:54:22  Start Input for Next Load Case
                19: 5:54:22  case no=  712 seq. no=  39 idynl= 0
                19: 5:54:23  LOADEND ISLAVE                                   0
                19: 5:54:23  Start Input for Next Load Case
                19: 5:54:23  case no=  713 seq. no=  40 idynl= 0
                19: 5:54:24  LOADEND ISLAVE                                   0
                19: 5:54:24  Start Input for Next Load Case
                19: 5:54:25  case no=  714 seq. no=  41 idynl= 0
                19: 5:54:25  LOADEND ISLAVE                                   0
                19: 5:54:26  Start Input for Next Load Case
                19: 5:54:26  case no=  715 seq. no=  42 idynl= 0
                19: 5:54:27  LOADEND ISLAVE                                   0
                19: 5:54:27  Start Input for Next Load Case
                19: 5:54:28  case no=  716 seq. no=  43 idynl= 0
                19: 5:54:28  LOADEND ISLAVE                                   0
                19: 5:54:29  Start Input for Next Load Case
                19: 5:54:29  case no=  717 seq. no=  44 idynl= 0
                19: 5:54:30  LOADEND ISLAVE                                   0
                19: 5:54:30  Start Input for Next Load Case
                19: 5:54:31  case no=  718 seq. no=  45 idynl= 0
                19: 5:54:31  LOADEND ISLAVE                                   0
                19: 5:54:31  Start Input for Next Load Case
                19: 5:54:32  case no= 1101 seq. no=  46 idynl= 0
                19: 5:54:32  LOADEND ISLAVE                                   0
                19: 5:54:33  Start Input for Next Load Case
                19: 5:54:33  case no= 1102 seq. no=  47 idynl= 0
                19: 5:54:34  LOADEND ISLAVE                                   0
                19: 5:54:34  Start Input for Next Load Case
                19: 5:54:35  case no= 1103 seq. no=  48 idynl= 0
                19: 5:54:35  LOADEND ISLAVE                                   0
                19: 5:54:35  Start Input for Next Load Case
                19: 5:54:36  case no= 1104 seq. no=  49 idynl= 0
                19: 5:54:36  LOADEND ISLAVE                                   0
                19: 5:54:37  Start Input for Next Load Case
                19: 5:54:38  case no= 1105 seq. no=  50 idynl= 0
                19: 5:54:38  LOADEND ISLAVE                                   0
                19: 5:54:38  Start Input for Next Load Case
                19: 5:54:39  case no= 1106 seq. no=  51 idynl= 0
                19: 5:54:39  LOADEND ISLAVE                                   0
                19: 5:54:40  Start Input for Next Load Case
                19: 5:54:40  case no= 1107 seq. no=  52 idynl= 0
                19: 5:54:41  LOADEND ISLAVE                                   0
                19: 5:54:41  Start Input for Next Load Case
                19: 5:54:42  case no= 1108 seq. no=  53 idynl= 0
                19: 5:54:42  LOADEND ISLAVE                                   0
                19: 5:54:43  Start Input for Next Load Case
                19: 5:54:43  case no= 1201 seq. no=  54 idynl= 0
                19: 5:54:44  LOADEND ISLAVE                                   0
                19: 5:54:44  Start Input for Next Load Case
                19: 5:54:44  case no= 1202 seq. no=  55 idynl= 0
                19: 5:54:45  LOADEND ISLAVE                                   0
                19: 5:54:45  Start Input for Next Load Case
                19: 5:54:46  case no= 1203 seq. no=  56 idynl= 0
                19: 5:54:46  LOADEND ISLAVE                                   0
                19: 5:54:46  Start Input for Next Load Case
                19: 5:54:47  case no= 1204 seq. no=  57 idynl= 0
                19: 5:54:48  LOADEND ISLAVE                                   0
                19: 5:54:48  Start Input for Next Load Case
                19: 5:54:49  case no= 1205 seq. no=  58 idynl= 0
                19: 5:54:49  LOADEND ISLAVE                                   0
                19: 5:54:49  Start Input for Next Load Case
                19: 5:54:50  case no= 1206 seq. no=  59 idynl= 0
                19: 5:54:50  LOADEND ISLAVE                                   0
                19: 5:54:51  Start Input for Next Load Case
                19: 5:54:51  case no= 1207 seq. no=  60 idynl= 0
                19: 5:54:52  LOADEND ISLAVE                                   0
                19: 5:54:52  Start Input for Next Load Case
                19: 5:54:53  case no= 1208 seq. no=  61 idynl= 0
                19: 5:54:53  LOADEND ISLAVE                                   0
                19: 5:54:53  Start Input for Next Load Case
                19: 5:54:54  case no= 2101 seq. no=  62 idynl= 0
                19: 5:54:54  LOADEND ISLAVE                                   0
                19: 5:54:55  Start Input for Next Load Case
                19: 5:54:55  case no= 2102 seq. no=  63 idynl= 0
                19: 5:54:55  LOADEND ISLAVE                                   0
                19: 5:54:56  Start Input for Next Load Case
                19: 5:54:56  case no= 2103 seq. no=  64 idynl= 0
                19: 5:54:57  LOADEND ISLAVE                                   0
                19: 5:54:57  Start Input for Next Load Case
                19: 5:54:58  case no= 2104 seq. no=  65 idynl= 0
                19: 5:54:58  LOADEND ISLAVE                                   0
                19: 5:54:58  Start Input for Next Load Case
                19: 5:54:59  case no= 2105 seq. no=  66 idynl= 0
                19: 5:54:59  LOADEND ISLAVE                                   0
                19: 5:54:60  Start Input for Next Load Case
                19: 5:54:60  case no= 2106 seq. no=  67 idynl= 0
                19: 5:54:60  LOADEND ISLAVE                                   0
                19: 5:54:61  Start Input for Next Load Case
                19: 5:54:61  case no= 2107 seq. no=  68 idynl= 0
                19: 5:54:62  LOADEND ISLAVE                                   0
                19: 5:54:62  Start Input for Next Load Case
                19: 5:54:62  case no= 2108 seq. no=  69 idynl= 0
                19: 5:54:63  LOADEND ISLAVE                                   0
                19: 5:54:63  Start Input for Next Load Case
                19: 5:54:64  case no= 3001 seq. no=  70 idynl= 0
                19: 5:54:64  LOADEND ISLAVE                                   0
                19: 5:54:65  Start Input for Next Load Case
                19: 5:54:65  case no= 3002 seq. no=  71 idynl= 0
                19: 5:54:65  LOADEND ISLAVE                                   0
                19: 5:54:66  Start Input for Next Load Case
                19: 5:54:66  case no= 3003 seq. no=  72 idynl= 0
                19: 5:54:67  LOADEND ISLAVE                                   0
                19: 5:54:67  Start Input for Next Load Case
                19: 5:54:67  case no= 3004 seq. no=  73 idynl= 0
                19: 5:54:68  LOADEND ISLAVE                                   0
                19: 5:54:68  Start Input for Next Load Case
                19: 5:54:69  case no= 3005 seq. no=  74 idynl= 0
                19: 5:54:69  LOADEND ISLAVE                                   0
                19: 5:54:70  Start Input for Next Load Case
                19: 5:54:70  case no= 3006 seq. no=  75 idynl= 0
                19: 5:54:70  LOADEND ISLAVE                                   0
                19: 5:54:71  Start Input for Next Load Case
                19: 5:54:71  case no= 3007 seq. no=  76 idynl= 0
                19: 5:54:72  LOADEND ISLAVE                                   0
                19: 5:54:72  Start Input for Next Load Case
                19: 5:54:72  case no= 3008 seq. no=  77 idynl= 0
                19: 5:54:73  LOADEND ISLAVE                                   0
                19: 5:54:73  Start Input for Next Load Case
                19: 5:54:74  case no= 3011 seq. no=  78 idynl= 0
                19: 5:54:74  LOADEND ISLAVE                                   0
                19: 5:54:75  Start Input for Next Load Case
                19: 5:54:75  case no= 3012 seq. no=  79 idynl= 0
                19: 5:54:76  LOADEND ISLAVE                                   0
                19: 5:54:76  Start Input for Next Load Case
                19: 5:54:77  case no= 3013 seq. no=  80 idynl= 0
                19: 5:54:77  LOADEND ISLAVE                                   0
                19: 5:54:77  Start Input for Next Load Case
                19: 5:54:78  case no= 3014 seq. no=  81 idynl= 0
                19: 5:54:78  LOADEND ISLAVE                                   0
                19: 5:54:79  Start Input for Next Load Case
                19: 5:54:79  case no= 3015 seq. no=  82 idynl= 0
                19: 5:54:80  LOADEND ISLAVE                                   0
                19: 5:54:80  Start Input for Next Load Case
                19: 5:54:80  case no= 3016 seq. no=  83 idynl= 0
                19: 5:54:81  LOADEND ISLAVE                                   0
                19: 5:54:81  Start Input for Next Load Case
                19: 5:54:82  case no= 3017 seq. no=  84 idynl= 0
                19: 5:54:82  LOADEND ISLAVE                                   0
                19: 5:54:82  Start Input for Next Load Case
                19: 5:54:83  case no= 3018 seq. no=  85 idynl= 0
                19: 5:54:83  LOADEND ISLAVE                                   0
                19: 5:54:84  Start Input for Next Load Case
                19: 5:54:84  case no= 3021 seq. no=  86 idynl= 0
                19: 5:54:85  LOADEND ISLAVE                                   0
                19: 5:54:85  Start Input for Next Load Case
                19: 5:54:85  case no= 3022 seq. no=  87 idynl= 0
                19: 5:54:86  LOADEND ISLAVE                                   0
                19: 5:54:86  Start Input for Next Load Case
                19: 5:54:87  case no= 3023 seq. no=  88 idynl= 0
                19: 5:54:87  LOADEND ISLAVE                                   0
                19: 5:54:87  Start Input for Next Load Case
                19: 5:54:88  case no= 3024 seq. no=  89 idynl= 0
                19: 5:54:88  LOADEND ISLAVE                                   0
                19: 5:54:89  Start Input for Next Load Case
                19: 5:54:89  case no= 3025 seq. no=  90 idynl= 0
                19: 5:54:90  LOADEND ISLAVE                                   0
                19: 5:54:90  Start Input for Next Load Case
                19: 5:54:90  case no= 3026 seq. no=  91 idynl= 0
                19: 5:54:91  LOADEND ISLAVE                                   0
                19: 5:54:91  Start Input for Next Load Case
                19: 5:54:92  case no= 3027 seq. no=  92 idynl= 0
                19: 5:54:92  LOADEND ISLAVE                                   0
                19: 5:54:92  Start Input for Next Load Case
                19: 5:54:93  case no= 3028 seq. no=  93 idynl= 0
                19: 5:54:93  LOADEND ISLAVE                                   0
                19: 5:54:94  Start Input for Next Load Case
                19: 5:54:94  case no= 3201 seq. no=  94 idynl= 0
                19: 5:54:94  LOADEND ISLAVE                                   0
                19: 5:54:95  Start Input for Next Load Case
                19: 5:54:95  case no= 3202 seq. no=  95 idynl= 0
                19: 5:54:96  LOADEND ISLAVE                                   0
                19: 5:54:96  Start Input for Next Load Case
                19: 5:54:97  case no= 3203 seq. no=  96 idynl= 0
                19: 5:54:97  LOADEND ISLAVE                                   0
                19: 5:54:97  Start Input for Next Load Case
                19: 5:54:98  case no= 3204 seq. no=  97 idynl= 0
                19: 5:54:98  LOADEND ISLAVE                                   0
                19: 5:54:99  Start Input for Next Load Case
                19: 5:54:99  case no= 3205 seq. no=  98 idynl= 0
                19: 5:55: 0  LOADEND ISLAVE                                   0
                19: 5:55: 0  Start Input for Next Load Case
                19: 5:55: 0  case no= 3206 seq. no=  99 idynl= 0
                19: 5:55: 1  LOADEND ISLAVE                                   0
                19: 5:55: 1  Start Input for Next Load Case
                19: 5:55: 2  case no= 3207 seq. no= 100 idynl= 0
                19: 5:55: 2  LOADEND ISLAVE                                   0
                19: 5:55: 2  Start Input for Next Load Case
                19: 5:55: 3  case no= 3208 seq. no= 101 idynl= 0
                19: 5:55: 3  LOADEND ISLAVE                                   0
                19: 5:55: 4  NVPREV                                           0
                19: 5:55: 4  AMAXNON                               2.132546E-01
                19: 5:55: 4  IRECSIZL=                                     4000
                19: 5:55: 5  MTX BLOCKSIZE=                                  12
                19: 5:55: 5  MI=                                             12
                19: 5:55: 6  NORECL=                                          1
                19: 5:55: 6  NORECL1=                                         1
                19: 5:55: 6  IWORD=                                       32000
                19: 5:55: 7  JRECSIZE=                                     4000
                19: 5:55: 7  IWORDJ=                                      32000
                19: 5:55: 8  IBYTE=                                           4
                19: 5:55: 8  JOINTS=                                          3
                19: 5:55: 9  MEMBERS=                                         2
                19: 5:55: 9  PLATES =                                         0
                19: 5:55:10  SOLIDS =                                         0
                19: 5:55:11  NO. OF EQUATIONS=                               12
                19: 5:55:11  idyn=                                            0
                19: 5:55:12  ipd=                                             0
                19: 5:55:13  icablanl=                                        0
                19: 5:55:13  ++ Processing Element Stiffness Matrix.
                19: 5:55:14  NV1                                            101
                19: 5:55:25  ++ Calculating Element Forces & Reactions.
                19: 5:55:57  COMBINATION CASES=                               0
                19: 5:55:57  MAX CM MEMORY (KILOWORDS)                       25
                19: 5:55:58  AFTER SOLVER 1
                19: 5:55:60  REOPEN AS SEQ                                    0
                19: 5:55:60  DEFINE ENVELOPE
                19: 5:55:61  LOAD LIST 1101 TO 110
                19: 5:55:61  PARAMETER 1
                19: 5:55:62  CHECK CODE ALL
                19: 5:55:62  ENTERING SECTNM110 IQ=                           2
                19: 5:55:63               NSEC=                              11
                19: 5:55:63             ISECTN=                               0
                19: 5:55:65  SECTNM110 DO 925
                19: 5:55:65  ENTERING ENVLP1 ITYP1=                          -3
                19: 5:55:65  SECT DISPLACE
                19: 5:55:66  Steel/Alum/Timber Design                        52
                19: 5:55:67    ++ Finished Design ...
                19: 5:55:67  Steel/Timber Design exit
                19: 5:55:68  LOAD LIST 2101 TO 210
                19: 5:55:68  PARAMETER 1
                19: 5:55:69  CHECK CODE ALL
                19: 5:55:69  ENTERING ENVLP1 ITYP1=                          -3
                19: 5:55:70  SECT DISPLACE
                19: 5:55:71  Steel/Alum/Timber Design                        52
                19: 5:55:71    ++ Finished Design ...
                19: 5:55:71  Steel/Timber Design exit
                19: 5:55:72  LOAD LIST ENV 4 TO 7
                19: 5:55:72  PARAMETER 1
                19: 5:55:73  CHECK CODE ALL
                19: 5:55:73  ENTERING ENVLP1 ITYP1=                          -3
                19: 5:55:74  SECT DISPLACE
                19: 5:55:75  Steel/Alum/Timber Design                        52
                19: 5:55:75    ++ Finished Design ...
                19: 5:55:75  Steel/Timber Design exit
                19: 5:55:76  PRINT JOINT DISPLACEM
                19: 5:55:76  DRAW ISOM JOIN MEMB
                19: 5:55:77  ENTERING SECTNM110 IQ=                           2
                19: 5:55:77               NSEC=                              11
                19: 5:55:78             ISECTN=                               0
                19: 5:55:79  SECTNM110 DO 925
                19: 5:55:80  PRINT SUPPORT REACTIO
                19: 5:55:80  DRAW ISOM SUPP PROP
                19: 5:55:81  ENTERING SECTNM110 IQ=                           2
                19: 5:55:81               NSEC=                              11
                19: 5:55:82             ISECTN=                               0
                19: 5:55:83  SECTNM110 DO 925
                19: 5:55:84  DRAW ISOM SHAP
                19: 5:55:84  ENTERING SECTNM110 IQ=                           2
                19: 5:55:85               NSEC=                              11
                19: 5:55:85             ISECTN=                               0
                19: 5:55:86  SECTNM110 DO 925
                19: 5:55:87  PRINT CG
                19: 5:55:87  FINISH
                19: 5:55:88  All Commands FINISHed
                19: 5:55:88  DATASAVE for SPRO GUI
                19: 5:55:89  ++ Creating Displacement File (DSP)...
                19: 5:55:90  ++ Creating Reaction File (REA)...
                19: 5:55:90  ++ Creating Section Force File (BMD)...
                19: 5:55:91  ++ Creating Section Displace File (SEC)...
                19: 5:55:91  ENTERING ENVLP1 ITYP1=                          -5
                19: 5:55:91  SECT DISPLACE
                19: 5:55:93  ++ Creating Section Displace File (SCN)...
                19: 5:55:94  ++ Creating Design information File (DGN)...
                19: 5:55:94  ALLOCATED CM MEMORY (KILOWORDS)             300000
                19: 5:55:94  MAX CM MEMORY (KILOWORDS)                       40
                19: 5:55:95  DBS LONG SEC NAME
* End Of Analysis At Wed Jul 17 19:05:55 2024
* CPU usage = 2.726000
* STAAD Exit Code: 100, Warning Count: 6, Error Count: 0, Duration: 2.726
1 6 0 2.726
****************************************************************************
*                            END OF ANALYSIS                               *
****************************************************************************
