07/17/2024 19:02:22	Reading UID database.
07/17/2024 19:02:22	Start loading STAAD model.
07/17/2024 19:02:22	Reading model file.
07/17/2024 19:02:23	Reading model file is complete.
07/17/2024 19:02:23	Processing support.
07/17/2024 19:02:23	Processing springs.
07/17/2024 19:02:23	Processing properties.
07/17/2024 19:02:23	Processing physical properties.
07/17/2024 19:02:23	Processing constants.
07/17/2024 19:02:23	Processing BETA constants.
07/17/2024 19:02:23	Processing hidden analytical member loads.
07/17/2024 19:02:23	Processing command list for member release.
07/17/2024 19:02:23	Processing command list for member offset.
07/17/2024 19:02:23	Processing command list for member specs (cracked).
07/17/2024 19:02:23	Processing command list for member specs (axial).
07/17/2024 19:02:23	Processing command list for element release.
07/17/2024 19:02:23	Processing command list for element offset.
07/17/2024 19:02:23	Processing command list for element plate stress directive.
07/17/2024 19:02:23	Processing parameter for Chinese wind load case.
07/17/2024 19:02:23	End Processing command list.
07/17/2024 19:02:23	End loading STAAD model.
07/17/2024 19:02:23	Start Post Analysis method
07/17/2024 19:02:23	Removed all hidden plates from surfaces
07/17/2024 19:02:23	Removed all hidden plates
07/17/2024 19:02:23	Removed all hidden nodes
07/17/2024 19:02:23	Loading results from MSH file...
07/17/2024 19:02:23	Building result indices...
07/17/2024 19:02:23	Loading plate stress results...
07/17/2024 19:02:23	Set analysis report setup data
07/17/2024 19:02:23	Starting page setup...
07/17/2024 19:02:23	Page setup completed
07/17/2024 19:02:23	Setting available workflows...
07/17/2024 19:02:23	Post analysis method ends
07/17/2024 19:05:09	Reading UID database.
07/17/2024 19:05:09	Start loading STAAD model.
07/17/2024 19:05:09	Reading model file.
07/17/2024 19:05:09	Reading model file is complete.
07/17/2024 19:05:09	Processing support.
07/17/2024 19:05:09	Processing springs.
07/17/2024 19:05:09	Processing properties.
07/17/2024 19:05:09	Processing physical properties.
07/17/2024 19:05:09	Processing constants.
07/17/2024 19:05:09	Processing BETA constants.
07/17/2024 19:05:09	Processing hidden analytical member loads.
07/17/2024 19:05:09	Processing command list for member release.
07/17/2024 19:05:09	Processing command list for member offset.
07/17/2024 19:05:09	Processing command list for member specs (cracked).
07/17/2024 19:05:09	Processing command list for member specs (axial).
07/17/2024 19:05:09	Processing command list for element release.
07/17/2024 19:05:09	Processing command list for element offset.
07/17/2024 19:05:09	Processing command list for element plate stress directive.
07/17/2024 19:05:09	Processing parameter for Chinese wind load case.
07/17/2024 19:05:09	End Processing command list.
07/17/2024 19:05:09	End loading STAAD model.
07/17/2024 19:05:09	Start Post Analysis method
07/17/2024 19:05:09	Removed all hidden plates from surfaces
07/17/2024 19:05:09	Removed all hidden plates
07/17/2024 19:05:09	Removed all hidden nodes
07/17/2024 19:05:09	Loading results from MSH file...
07/17/2024 19:05:09	Building result indices...
07/17/2024 19:05:09	Loading plate stress results...
07/17/2024 19:05:09	Set analysis report setup data
07/17/2024 19:05:09	Starting page setup...
07/17/2024 19:05:09	Page setup completed
07/17/2024 19:05:09	Setting available workflows...
07/17/2024 19:05:09	Post analysis method ends
07/17/2024 19:05:23	Start Post Analysis method
07/17/2024 19:05:23	Removed all hidden plates from surfaces
07/17/2024 19:05:23	Removed all hidden plates
07/17/2024 19:05:23	Removed all hidden nodes
07/17/2024 19:05:23	Loading results from MSH file...
07/17/2024 19:05:23	Building result indices...
07/17/2024 19:05:23	Loading plate stress results...
07/17/2024 19:05:23	Set analysis report setup data
07/17/2024 19:05:23	Starting page setup...
07/17/2024 19:05:23	Page setup completed
07/17/2024 19:05:23	Setting available workflows...
07/17/2024 19:05:23	Post analysis method ends
07/17/2024 19:05:58	Start Post Analysis method
07/17/2024 19:05:58	Removed all hidden plates from surfaces
07/17/2024 19:05:58	Removed all hidden plates
07/17/2024 19:05:58	Removed all hidden nodes
07/17/2024 19:05:58	Loading results from MSH file...
07/17/2024 19:05:58	Building result indices...
07/17/2024 19:05:58	Loading plate stress results...
07/17/2024 19:05:58	Set analysis report setup data
07/17/2024 19:05:58	Starting page setup...
07/17/2024 19:05:58	Page setup completed
07/17/2024 19:05:58	Setting available workflows...
07/17/2024 19:05:58	Post analysis method ends
