07/25/2024 10:47:30	Reading UID database.
07/25/2024 10:47:30	Start loading STAAD model.
07/25/2024 10:47:30	Reading model file.
07/25/2024 10:47:31	Reading model file is complete.
07/25/2024 10:47:31	Processing support.
07/25/2024 10:47:31	Processing springs.
07/25/2024 10:47:31	Processing properties.
07/25/2024 10:47:31	Processing physical properties.
07/25/2024 10:47:31	Processing constants.
07/25/2024 10:47:31	Processing BETA constants.
07/25/2024 10:47:31	Processing hidden analytical member loads.
07/25/2024 10:47:31	Processing command list for member release.
07/25/2024 10:47:31	Processing command list for member offset.
07/25/2024 10:47:31	Processing command list for member specs (cracked).
07/25/2024 10:47:31	Processing command list for member specs (axial).
07/25/2024 10:47:31	Processing command list for element release.
07/25/2024 10:47:31	Processing command list for element offset.
07/25/2024 10:47:31	Processing command list for element plate stress directive.
07/25/2024 10:47:31	Processing parameter for Chinese wind load case.
07/25/2024 10:47:31	End Processing command list.
07/25/2024 10:47:31	End loading STAAD model.
07/25/2024 10:47:31	Start Post Analysis method
07/25/2024 10:47:31	Removed all hidden plates from surfaces
07/25/2024 10:47:31	Removed all hidden plates
07/25/2024 10:47:31	Removed all hidden nodes
07/25/2024 10:47:31	Loading results from MSH file...
07/25/2024 10:47:31	Building result indices...
07/25/2024 10:47:31	Loading plate stress results...
07/25/2024 10:47:31	Set analysis report setup data
07/25/2024 10:47:31	Starting page setup...
07/25/2024 10:47:31	Page setup completed
07/25/2024 10:47:31	Setting available workflows...
07/25/2024 10:47:31	Post analysis method ends
07/25/2024 10:54:38	Reading UID database.
07/25/2024 10:54:38	Start loading STAAD model.
07/25/2024 10:54:38	Reading model file.
07/25/2024 10:54:39	Reading model file is complete.
07/25/2024 10:54:39	Processing support.
07/25/2024 10:54:39	Processing springs.
07/25/2024 10:54:39	Processing properties.
07/25/2024 10:54:39	Processing physical properties.
07/25/2024 10:54:39	Processing constants.
07/25/2024 10:54:39	Processing BETA constants.
07/25/2024 10:54:39	Processing hidden analytical member loads.
07/25/2024 10:54:39	Processing command list for member release.
07/25/2024 10:54:39	Processing command list for member offset.
07/25/2024 10:54:39	Processing command list for member specs (cracked).
07/25/2024 10:54:39	Processing command list for member specs (axial).
07/25/2024 10:54:39	Processing command list for element release.
07/25/2024 10:54:39	Processing command list for element offset.
07/25/2024 10:54:39	Processing command list for element plate stress directive.
07/25/2024 10:54:39	Processing parameter for Chinese wind load case.
07/25/2024 10:54:39	End Processing command list.
07/25/2024 10:54:39	End loading STAAD model.
07/25/2024 10:54:39	Start Post Analysis method
07/25/2024 10:54:39	Removed all hidden plates from surfaces
07/25/2024 10:54:39	Removed all hidden plates
07/25/2024 10:54:39	Removed all hidden nodes
07/25/2024 10:54:39	Loading results from MSH file...
07/25/2024 10:54:39	Building result indices...
07/25/2024 10:54:39	Loading plate stress results...
07/25/2024 10:54:39	Set analysis report setup data
07/25/2024 10:54:39	Starting page setup...
07/25/2024 10:54:39	Page setup completed
07/25/2024 10:54:39	Setting available workflows...
07/25/2024 10:54:39	Post analysis method ends
07/25/2024 10:54:52	Start Post Analysis method
07/25/2024 10:54:52	Removed all hidden plates from surfaces
07/25/2024 10:54:52	Removed all hidden plates
07/25/2024 10:54:52	Removed all hidden nodes
07/25/2024 10:54:52	Loading results from MSH file...
07/25/2024 10:54:52	Building result indices...
07/25/2024 10:54:52	Loading plate stress results...
07/25/2024 10:54:52	Set analysis report setup data
07/25/2024 10:54:52	Starting page setup...
07/25/2024 10:54:52	Page setup completed
07/25/2024 10:54:52	Setting available workflows...
07/25/2024 10:54:52	Post analysis method ends
