07/18/2024 13:40:49	Reading UID database.
07/18/2024 13:40:49	Start loading STAAD model.
07/18/2024 13:40:49	Reading model file.
07/18/2024 13:40:50	Reading model file is complete.
07/18/2024 13:40:50	Processing support.
07/18/2024 13:40:50	Processing springs.
07/18/2024 13:40:50	Processing properties.
07/18/2024 13:40:50	Processing physical properties.
07/18/2024 13:40:50	Processing constants.
07/18/2024 13:40:50	Processing BETA constants.
07/18/2024 13:40:50	Processing hidden analytical member loads.
07/18/2024 13:40:50	Processing command list for member release.
07/18/2024 13:40:50	Processing command list for member offset.
07/18/2024 13:40:50	Processing command list for member specs (cracked).
07/18/2024 13:40:50	Processing command list for member specs (axial).
07/18/2024 13:40:50	Processing command list for element release.
07/18/2024 13:40:50	Processing command list for element offset.
07/18/2024 13:40:50	Processing command list for element plate stress directive.
07/18/2024 13:40:50	Processing parameter for Chinese wind load case.
07/18/2024 13:40:50	End Processing command list.
07/18/2024 13:40:50	End loading STAAD model.
07/18/2024 13:40:50	Start Post Analysis method
07/18/2024 13:40:50	Removed all hidden plates from surfaces
07/18/2024 13:40:50	Removed all hidden plates
07/18/2024 13:40:50	Removed all hidden nodes
07/18/2024 13:40:50	Loading results from MSH file...
07/18/2024 13:40:50	Building result indices...
07/18/2024 13:40:50	Loading plate stress results...
07/18/2024 13:40:50	Set analysis report setup data
07/18/2024 13:40:50	Starting page setup...
07/18/2024 13:40:50	Page setup completed
07/18/2024 13:40:50	Setting available workflows...
07/18/2024 13:40:50	Post analysis method ends
07/18/2024 13:46:56	Reading UID database.
07/18/2024 13:46:56	Start loading STAAD model.
07/18/2024 13:46:56	Reading model file.
07/18/2024 13:46:56	Reading model file is complete.
07/18/2024 13:46:56	Processing support.
07/18/2024 13:46:56	Processing springs.
07/18/2024 13:46:56	Processing properties.
07/18/2024 13:46:56	Processing physical properties.
07/18/2024 13:46:56	Processing constants.
07/18/2024 13:46:56	Processing BETA constants.
07/18/2024 13:46:56	Processing hidden analytical member loads.
07/18/2024 13:46:56	Processing command list for member release.
07/18/2024 13:46:56	Processing command list for member offset.
07/18/2024 13:46:56	Processing command list for member specs (cracked).
07/18/2024 13:46:56	Processing command list for member specs (axial).
07/18/2024 13:46:56	Processing command list for element release.
07/18/2024 13:46:56	Processing command list for element offset.
07/18/2024 13:46:56	Processing command list for element plate stress directive.
07/18/2024 13:46:56	Processing parameter for Chinese wind load case.
07/18/2024 13:46:56	End Processing command list.
07/18/2024 13:46:56	End loading STAAD model.
07/18/2024 13:46:56	Start Post Analysis method
07/18/2024 13:46:56	Removed all hidden plates from surfaces
07/18/2024 13:46:56	Removed all hidden plates
07/18/2024 13:46:56	Removed all hidden nodes
07/18/2024 13:46:56	Loading results from MSH file...
07/18/2024 13:46:56	Building result indices...
07/18/2024 13:46:56	Loading plate stress results...
07/18/2024 13:46:56	Set analysis report setup data
07/18/2024 13:46:56	Starting page setup...
07/18/2024 13:46:56	Page setup completed
07/18/2024 13:46:56	Setting available workflows...
07/18/2024 13:46:56	Post analysis method ends
07/18/2024 13:47:06	Start Post Analysis method
07/18/2024 13:47:06	Removed all hidden plates from surfaces
07/18/2024 13:47:06	Removed all hidden plates
07/18/2024 13:47:06	Removed all hidden nodes
07/18/2024 13:47:06	Loading results from MSH file...
07/18/2024 13:47:06	Building result indices...
07/18/2024 13:47:06	Loading plate stress results...
07/18/2024 13:47:06	Set analysis report setup data
07/18/2024 13:47:06	Starting page setup...
07/18/2024 13:47:06	Page setup completed
07/18/2024 13:47:06	Setting available workflows...
07/18/2024 13:47:06	Post analysis method ends
07/18/2024 13:52:08	Start Post Analysis method
07/18/2024 13:52:08	Removed all hidden plates from surfaces
07/18/2024 13:52:08	Removed all hidden plates
07/18/2024 13:52:08	Removed all hidden nodes
07/18/2024 13:52:08	Loading results from MSH file...
07/18/2024 13:52:08	Building result indices...
07/18/2024 13:52:08	Loading plate stress results...
07/18/2024 13:52:08	Set analysis report setup data
07/18/2024 13:52:08	Starting page setup...
07/18/2024 13:52:08	Page setup completed
07/18/2024 13:52:08	Setting available workflows...
07/18/2024 13:52:08	Post analysis method ends
07/18/2024 13:52:48	Start Post Analysis method
07/18/2024 13:52:48	Removed all hidden plates from surfaces
07/18/2024 13:52:48	Removed all hidden plates
07/18/2024 13:52:48	Removed all hidden nodes
07/18/2024 13:52:48	Loading results from MSH file...
07/18/2024 13:52:48	Building result indices...
07/18/2024 13:52:48	Loading plate stress results...
07/18/2024 13:52:48	Set analysis report setup data
07/18/2024 13:52:48	Starting page setup...
07/18/2024 13:52:48	Page setup completed
07/18/2024 13:52:48	Setting available workflows...
07/18/2024 13:52:48	Post analysis method ends
