01/29/2025 10:22:38	Reading UID database.
01/29/2025 10:22:38	Start loading STAAD model.
01/29/2025 10:22:38	Reading model file.
01/29/2025 10:22:38	Reading model file is complete.
01/29/2025 10:22:38	Processing support.
01/29/2025 10:22:38	Processing springs.
01/29/2025 10:22:38	Processing properties.
01/29/2025 10:22:38	Processing physical properties.
01/29/2025 10:22:38	Processing constants.
01/29/2025 10:22:38	Processing BETA constants.
01/29/2025 10:22:38	Processing hidden analytical member loads.
01/29/2025 10:22:38	Processing command list for member release.
01/29/2025 10:22:38	Processing command list for member offset.
01/29/2025 10:22:38	Processing command list for member specs (cracked).
01/29/2025 10:22:38	Processing command list for member specs (axial).
01/29/2025 10:22:38	Processing command list for element release.
01/29/2025 10:22:38	Processing command list for element offset.
01/29/2025 10:22:38	Processing command list for element plate stress directive.
01/29/2025 10:22:38	Processing parameter for Chinese wind load case.
01/29/2025 10:22:38	End Processing command list.
01/29/2025 10:22:38	End loading STAAD model.
01/29/2025 10:22:38	Start Post Analysis method
01/29/2025 10:22:38	Removed all hidden plates from surfaces
01/29/2025 10:22:38	Removed all hidden plates
01/29/2025 10:22:38	Removed all hidden nodes
01/29/2025 10:22:38	Loading results from MSH file...
01/29/2025 10:22:38	Building result indices...
01/29/2025 10:22:38	Loading plate stress results...
01/29/2025 10:22:38	Set analysis report setup data
01/29/2025 10:22:38	Starting page setup...
01/29/2025 10:22:38	Page setup completed
01/29/2025 10:22:38	Setting available workflows...
01/29/2025 10:22:38	Post analysis method ends
