07/04/2024 09:44:12	Reading UID database.
07/04/2024 09:44:12	Start loading STAAD model.
07/04/2024 09:44:12	Reading model file.
07/04/2024 09:44:13	Reading model file is complete.
07/04/2024 09:44:13	Processing support.
07/04/2024 09:44:13	Processing springs.
07/04/2024 09:44:13	Processing properties.
07/04/2024 09:44:13	Processing physical properties.
07/04/2024 09:44:13	Processing constants.
07/04/2024 09:44:13	Processing BETA constants.
07/04/2024 09:44:13	Processing hidden analytical member loads.
07/04/2024 09:44:13	Processing command list for member release.
07/04/2024 09:44:13	Processing command list for member offset.
07/04/2024 09:44:13	Processing command list for member specs (cracked).
07/04/2024 09:44:13	Processing command list for member specs (axial).
07/04/2024 09:44:13	Processing command list for element release.
07/04/2024 09:44:13	Processing command list for element offset.
07/04/2024 09:44:13	Processing command list for element plate stress directive.
07/04/2024 09:44:13	Processing parameter for Chinese wind load case.
07/04/2024 09:44:13	End Processing command list.
07/04/2024 09:44:13	End loading STAAD model.
07/04/2024 09:44:13	Start Post Analysis method
07/04/2024 09:44:13	Removed all hidden plates from surfaces
07/04/2024 09:44:13	Removed all hidden plates
07/04/2024 09:44:13	Removed all hidden nodes
07/04/2024 09:44:13	Loading results from MSH file...
07/04/2024 09:44:13	Building result indices...
07/04/2024 09:44:13	Loading plate stress results...
07/04/2024 09:44:13	Set analysis report setup data
07/04/2024 09:44:13	Starting page setup...
07/04/2024 09:44:13	Page setup completed
07/04/2024 09:44:13	Setting available workflows...
07/04/2024 09:44:13	Post analysis method ends
07/04/2024 09:55:38	Start Post Analysis method
07/04/2024 09:55:38	Removed all hidden plates from surfaces
07/04/2024 09:55:38	Removed all hidden plates
07/04/2024 09:55:38	Removed all hidden nodes
07/04/2024 09:55:38	Loading results from MSH file...
07/04/2024 09:55:38	Building result indices...
07/04/2024 09:55:38	Loading plate stress results...
07/04/2024 09:55:38	Set analysis report setup data
07/04/2024 09:55:38	Starting page setup...
07/04/2024 09:55:38	Page setup completed
07/04/2024 09:55:38	Setting available workflows...
07/04/2024 09:55:38	Post analysis method ends
07/04/2024 09:58:44	Reading UID database.
07/04/2024 09:58:44	Start loading STAAD model.
07/04/2024 09:58:44	Reading model file.
07/04/2024 09:58:44	Reading model file is complete.
07/04/2024 09:58:44	Processing support.
07/04/2024 09:58:44	Processing springs.
07/04/2024 09:58:44	Processing properties.
07/04/2024 09:58:44	Processing physical properties.
07/04/2024 09:58:44	Processing constants.
07/04/2024 09:58:44	Processing BETA constants.
07/04/2024 09:58:44	Processing hidden analytical member loads.
07/04/2024 09:58:44	Processing command list for member release.
07/04/2024 09:58:44	Processing command list for member offset.
07/04/2024 09:58:44	Processing command list for member specs (cracked).
07/04/2024 09:58:44	Processing command list for member specs (axial).
07/04/2024 09:58:44	Processing command list for element release.
07/04/2024 09:58:44	Processing command list for element offset.
07/04/2024 09:58:44	Processing command list for element plate stress directive.
07/04/2024 09:58:44	Processing parameter for Chinese wind load case.
07/04/2024 09:58:44	End Processing command list.
07/04/2024 09:58:46	End loading STAAD model.
07/04/2024 10:01:23	Reading UID database.
07/04/2024 10:01:23	Start loading STAAD model.
07/04/2024 10:01:23	Reading model file.
07/04/2024 10:01:23	Reading model file is complete.
07/04/2024 10:01:23	Processing support.
07/04/2024 10:01:23	Processing springs.
07/04/2024 10:01:23	Processing properties.
07/04/2024 10:01:23	Processing physical properties.
07/04/2024 10:01:23	Processing constants.
07/04/2024 10:01:23	Processing BETA constants.
07/04/2024 10:01:23	Processing hidden analytical member loads.
07/04/2024 10:01:23	Processing command list for member release.
07/04/2024 10:01:23	Processing command list for member offset.
07/04/2024 10:01:23	Processing command list for member specs (cracked).
07/04/2024 10:01:23	Processing command list for member specs (axial).
07/04/2024 10:01:23	Processing command list for element release.
07/04/2024 10:01:23	Processing command list for element offset.
07/04/2024 10:01:23	Processing command list for element plate stress directive.
07/04/2024 10:01:23	Processing parameter for Chinese wind load case.
07/04/2024 10:01:23	End Processing command list.
07/04/2024 10:01:23	End loading STAAD model.
07/04/2024 10:01:23	Start Post Analysis method
07/04/2024 10:01:23	Removed all hidden plates from surfaces
07/04/2024 10:01:23	Removed all hidden plates
07/04/2024 10:01:23	Removed all hidden nodes
07/04/2024 10:01:23	Loading results from MSH file...
07/04/2024 10:01:23	Building result indices...
07/04/2024 10:01:23	Loading plate stress results...
07/04/2024 10:01:23	Set analysis report setup data
07/04/2024 10:01:23	Starting page setup...
07/04/2024 10:01:23	Page setup completed
07/04/2024 10:01:23	Setting available workflows...
07/04/2024 10:01:23	Post analysis method ends
07/04/2024 10:01:37	Start Post Analysis method
07/04/2024 10:01:37	Removed all hidden plates from surfaces
07/04/2024 10:01:37	Removed all hidden plates
07/04/2024 10:01:37	Removed all hidden nodes
07/04/2024 10:01:37	Loading results from MSH file...
07/04/2024 10:01:37	Building result indices...
07/04/2024 10:01:37	Loading plate stress results...
07/04/2024 10:01:37	Set analysis report setup data
07/04/2024 10:01:37	Starting page setup...
07/04/2024 10:01:37	Page setup completed
07/04/2024 10:01:37	Setting available workflows...
07/04/2024 10:01:37	Post analysis method ends
