07/11/2024 16:10:38	Reading UID database.
07/11/2024 16:10:38	Start loading STAAD model.
07/11/2024 16:10:38	Reading model file.
07/11/2024 16:10:39	Reading model file is complete.
07/11/2024 16:10:39	Processing support.
07/11/2024 16:10:39	Processing springs.
07/11/2024 16:10:39	Processing properties.
07/11/2024 16:10:39	Processing physical properties.
07/11/2024 16:10:39	Processing constants.
07/11/2024 16:10:39	Processing BETA constants.
07/11/2024 16:10:39	Processing hidden analytical member loads.
07/11/2024 16:10:39	Processing command list for member release.
07/11/2024 16:10:39	Processing command list for member offset.
07/11/2024 16:10:39	Processing command list for member specs (cracked).
07/11/2024 16:10:39	Processing command list for member specs (axial).
07/11/2024 16:10:39	Processing command list for element release.
07/11/2024 16:10:39	Processing command list for element offset.
07/11/2024 16:10:39	Processing command list for element plate stress directive.
07/11/2024 16:10:39	Processing parameter for Chinese wind load case.
07/11/2024 16:10:39	End Processing command list.
07/11/2024 16:10:39	End loading STAAD model.
07/11/2024 16:10:39	Start Post Analysis method
07/11/2024 16:10:39	Removed all hidden plates from surfaces
07/11/2024 16:10:39	Removed all hidden plates
07/11/2024 16:10:39	Removed all hidden nodes
07/11/2024 16:10:39	Loading results from MSH file...
07/11/2024 16:10:39	Building result indices...
07/11/2024 16:10:39	Loading plate stress results...
07/11/2024 16:10:39	Set analysis report setup data
07/11/2024 16:10:39	Starting page setup...
07/11/2024 16:10:39	Page setup completed
07/11/2024 16:10:39	Setting available workflows...
07/11/2024 16:10:39	Post analysis method ends
07/11/2024 16:11:08	Start Post Analysis method
07/11/2024 16:11:08	Removed all hidden plates from surfaces
07/11/2024 16:11:08	Removed all hidden plates
07/11/2024 16:11:08	Removed all hidden nodes
07/11/2024 16:11:08	Loading results from MSH file...
07/11/2024 16:11:08	Building result indices...
07/11/2024 16:11:08	Loading plate stress results...
07/11/2024 16:11:08	Set analysis report setup data
07/11/2024 16:11:08	Starting page setup...
07/11/2024 16:11:08	Page setup completed
07/11/2024 16:11:08	Setting available workflows...
07/11/2024 16:11:08	Post analysis method ends
07/11/2024 16:15:40	Start Post Analysis method
07/11/2024 16:15:40	Removed all hidden plates from surfaces
07/11/2024 16:15:40	Removed all hidden plates
07/11/2024 16:15:40	Removed all hidden nodes
07/11/2024 16:15:40	Loading results from MSH file...
07/11/2024 16:15:40	Building result indices...
07/11/2024 16:15:40	Loading plate stress results...
07/11/2024 16:15:40	Set analysis report setup data
07/11/2024 16:15:40	Starting page setup...
07/11/2024 16:15:40	Page setup completed
07/11/2024 16:15:40	Setting available workflows...
07/11/2024 16:15:40	Post analysis method ends
07/11/2024 16:37:56	Start Post Analysis method
07/11/2024 16:37:56	Removed all hidden plates from surfaces
07/11/2024 16:37:56	Removed all hidden plates
07/11/2024 16:37:56	Removed all hidden nodes
07/11/2024 16:37:56	Loading results from MSH file...
07/11/2024 16:37:56	Building result indices...
07/11/2024 16:37:56	Loading plate stress results...
07/11/2024 16:37:56	Set analysis report setup data
07/11/2024 16:37:56	Starting page setup...
07/11/2024 16:37:56	Page setup completed
07/11/2024 16:37:56	Setting available workflows...
07/11/2024 16:37:56	Post analysis method ends
