09/05/2024 15:35:27	Reading UID database.
09/05/2024 15:35:27	Start loading STAAD model.
09/05/2024 15:35:27	Reading model file.
09/05/2024 15:35:27	Reading model file is complete.
09/05/2024 15:35:27	Processing support.
09/05/2024 15:35:27	Processing springs.
09/05/2024 15:35:27	Processing properties.
09/05/2024 15:35:27	Processing physical properties.
09/05/2024 15:35:27	Processing constants.
09/05/2024 15:35:27	Processing BETA constants.
09/05/2024 15:35:27	Processing hidden analytical member loads.
09/05/2024 15:35:27	Processing command list for member release.
09/05/2024 15:35:27	Processing command list for member offset.
09/05/2024 15:35:27	Processing command list for member specs (cracked).
09/05/2024 15:35:27	Processing command list for member specs (axial).
09/05/2024 15:35:27	Processing command list for element release.
09/05/2024 15:35:27	Processing command list for element offset.
09/05/2024 15:35:27	Processing command list for element plate stress directive.
09/05/2024 15:35:27	Processing parameter for Chinese wind load case.
09/05/2024 15:35:27	End Processing command list.
09/05/2024 15:35:27	End loading STAAD model.
09/05/2024 15:35:27	Start Post Analysis method
09/05/2024 15:35:27	Removed all hidden plates from surfaces
09/05/2024 15:35:27	Removed all hidden plates
09/05/2024 15:35:27	Removed all hidden nodes
09/05/2024 15:35:27	Loading results from MSH file...
09/05/2024 15:35:27	Building result indices...
09/05/2024 15:35:27	Loading plate stress results...
09/05/2024 15:35:27	Set analysis report setup data
09/05/2024 15:35:27	Starting page setup...
09/05/2024 15:35:27	Page setup completed
09/05/2024 15:35:27	Setting available workflows...
09/05/2024 15:35:27	Post analysis method ends
