14:43:59	Initializing STAAD Engine
14:43:59	Run stream set up is complete.
14:43:59	Initialize license libraries.
14:43:59	License libraries initialized.
14:43:59	Starting license(s) for A & D engine.
14:43:59	License Status: Ok
14:43:59	License information set up is complete.
****************************************************************************
*                            START OF ANALYSIS                             *
****************************************************************************
* Initiating Analysis At Wed Jan 15 14:43:59 2025
                          PROGRAM: STAAD.Pro
                          VERSION: 23.00.03.25
                14:44: 0: 4  ENTERING STAAD
                14:44: 0: 8  USING 64 BIT STAAD ENGINE
                14:44: 0: 8  ENTERING MAINN
                14:44: 0: 9  START JOB INFORMATION
                14:44: 0: 9  INPUT WIDTH 79
                14:44: 0:10  UNIT MMS KN
                14:44: 0:10  JOINT COORDINATES
                14:44: 0:11  ENTERING JOINTC
                14:44: 0:11  JOINTC NEWJ                                 400000
                14:44: 0:12  MAX NODE NO.                                    14
                14:44: 0:13  MEMBER INCIDENCES
                14:44: 0:13  UNIT METER KN
                14:44: 0:14  DEFINE MATERIAL START
                14:44: 0:15  UNIT MMS KN
                14:44: 0:15  MEMBER PROPERTY EUROP
                14:44: 0:71    ++ Finished Reading Member Properties ...
                14:44: 0:71  CONSTANTS
                14:44: 0:72  SUPPORTS
                14:44: 0:73  ENTERING SUPPORT
                14:44: 0:74  UNIT METER KN
                14:44: 0:74  DEFINE WIND LOAD
                14:44: 0:76  LOAD 121 LOADTYPE DEA
                14:44: 0:76  DUPLICATE ELEMENT CHECK
                14:44: 0:77  CHECKING STRUCTURAL INTEGRITY
                14:44: 0:77  CHECK UNCONNECTED JOINTS AND
                14:44: 0:78  CALCULATE MAX JOINT CONNECTIVITY
                14:44: 0:78  CHECK MULTIPLE STRUCTURES
                14:44: 0:79  ENTERING SUPPORT
                14:44: 0:79  NRJOLD                                           0
                14:44: 0:80  SUPPORT NOLD                                     0
                14:44: 0:80  SUPPORT N                                       42
                14:44: 0:81  BEFORE LOADPR
                14:44: 0:81  REOPEN AS DIR                                    0
                14:44: 0:82  ENTER LOADPR
                14:44: 0:92  PERFORM ANALYSIS PRIN
                14:44: 0:92  pdel iter                                        0
                14:44: 0:93  MAXIMUM E =                           2.973273E+04
                14:44: 0:93  MINIMUM E =                           2.973273E+04
                14:44: 0:94  MBW DOF BAND=                                    1
                14:44: 0:94  NUMBER OF PRIMARY CASES                        101
                14:44: 0:95  NUMBER OF CASES                                252
                14:44: 0:95  #OF CASES W/ELEM INMEMORY                      252
                14:44: 0:96  MEMORY FOR MEMBER LOADS                      30240
                14:44: 0:96  MEMORY FOR DISPLACEMENTS                     16632
                14:44: 0:97  MEMORY FOR MEMBER FORCES                     30240
                14:44: 0:97  Using 64-bit analysis engine
                14:44: 0:99  BEFORE SOLVER 1
                14:44: 0:99  Start Input for Next Load Case
                14:44: 0:99  case no=  121 seq. no=   1 idynl= 0
                14:44: 1: 0  MASSSET                                          0
                14:44: 1: 0  LOADEND ISLAVE                                   0
                14:44: 1: 1  Start Input for Next Load Case
                14:44: 1: 1  case no=  201 seq. no=   2 idynl= 0
                14:44: 1: 2  LOADEND ISLAVE                                   0
                14:44: 1: 2  Start Input for Next Load Case
                14:44: 1: 3  case no=  202 seq. no=   3 idynl= 0
                14:44: 1: 3  LOADEND ISLAVE                                   0
                14:44: 1: 4  Start Input for Next Load Case
                14:44: 1: 4  case no=  203 seq. no=   4 idynl= 0
                14:44: 1: 5  LOADEND ISLAVE                                   0
                14:44: 1: 6  Start Input for Next Load Case
                14:44: 1: 6  case no=  204 seq. no=   5 idynl= 0
                14:44: 1: 7  LOADEND ISLAVE                                   0
                14:44: 1: 7  Start Input for Next Load Case
                14:44: 1: 8  case no=  205 seq. no=   6 idynl= 0
                14:44: 1: 8  LOADEND ISLAVE                                   0
                14:44: 1: 9  Start Input for Next Load Case
                14:44: 1: 9  case no=  206 seq. no=   7 idynl= 0
                14:44: 1:10  LOADEND ISLAVE                                   0
                14:44: 1:10  Start Input for Next Load Case
                14:44: 1:11  case no=  207 seq. no=   8 idynl= 0
                14:44: 1:11  LOADEND ISLAVE                                   0
                14:44: 1:12  Start Input for Next Load Case
                14:44: 1:12  case no=  208 seq. no=   9 idynl= 0
                14:44: 1:13  LOADEND ISLAVE                                   0
                14:44: 1:13  Start Input for Next Load Case
                14:44: 1:14  case no=  312 seq. no=  10 idynl= 0
                14:44: 1:14  LOADEND ISLAVE                                   0
                14:44: 1:15  Start Input for Next Load Case
                14:44: 1:15  case no=  313 seq. no=  11 idynl= 0
                14:44: 1:16  LOADEND ISLAVE                                   0
                14:44: 1:16  Start Input for Next Load Case
                14:44: 1:17  case no=  314 seq. no=  12 idynl= 0
                14:44: 1:17  LOADEND ISLAVE                                   0
                14:44: 1:18  Start Input for Next Load Case
                14:44: 1:18  case no=  315 seq. no=  13 idynl= 0
                14:44: 1:19  LOADEND ISLAVE                                   0
                14:44: 1:19  Start Input for Next Load Case
                14:44: 1:20  case no=  322 seq. no=  14 idynl= 0
                14:44: 1:20  LOADEND ISLAVE                                   0
                14:44: 1:21  Start Input for Next Load Case
                14:44: 1:21  case no=  323 seq. no=  15 idynl= 0
                14:44: 1:21  LOADEND ISLAVE                                   0
                14:44: 1:22  Start Input for Next Load Case
                14:44: 1:23  case no=  324 seq. no=  16 idynl= 0
                14:44: 1:23  LOADEND ISLAVE                                   0
                14:44: 1:23  Start Input for Next Load Case
                14:44: 1:24  case no=  325 seq. no=  17 idynl= 0
                14:44: 1:24  LOADEND ISLAVE                                   0
                14:44: 1:25  Start Input for Next Load Case
                14:44: 1:25  case no=  332 seq. no=  18 idynl= 0
                14:44: 1:26  LOADEND ISLAVE                                   0
                14:44: 1:26  Start Input for Next Load Case
                14:44: 1:27  case no=  333 seq. no=  19 idynl= 0
                14:44: 1:27  LOADEND ISLAVE                                   0
                14:44: 1:28  Start Input for Next Load Case
                14:44: 1:28  case no=  334 seq. no=  20 idynl= 0
                14:44: 1:28  LOADEND ISLAVE                                   0
                14:44: 1:29  Start Input for Next Load Case
                14:44: 1:29  case no=  335 seq. no=  21 idynl= 0
                14:44: 1:30  LOADEND ISLAVE                                   0
                14:44: 1:30  Start Input for Next Load Case
                14:44: 1:31  case no=  411 seq. no=  22 idynl= 0
                14:44: 1:31  LOADEND ISLAVE                                   0
                14:44: 1:32  Start Input for Next Load Case
                14:44: 1:32  case no=  412 seq. no=  23 idynl= 0
                14:44: 1:33  LOADEND ISLAVE                                   0
                14:44: 1:33  Start Input for Next Load Case
                14:44: 1:33  case no=  413 seq. no=  24 idynl= 0
                14:44: 1:34  LOADEND ISLAVE                                   0
                14:44: 1:34  Start Input for Next Load Case
                14:44: 1:35  case no=  414 seq. no=  25 idynl= 0
                14:44: 1:35  LOADEND ISLAVE                                   0
                14:44: 1:36  Start Input for Next Load Case
                14:44: 1:36  case no=  415 seq. no=  26 idynl= 0
                14:44: 1:37  LOADEND ISLAVE                                   0
                14:44: 1:37  Start Input for Next Load Case
                14:44: 1:38  case no=  416 seq. no=  27 idynl= 0
                14:44: 1:38  LOADEND ISLAVE                                   0
                14:44: 1:38  Start Input for Next Load Case
                14:44: 1:39  case no=  417 seq. no=  28 idynl= 0
                14:44: 1:39  LOADEND ISLAVE                                   0
                14:44: 1:40  Start Input for Next Load Case
                14:44: 1:40  case no=  418 seq. no=  29 idynl= 0
                14:44: 1:41  LOADEND ISLAVE                                   0
                14:44: 1:41  Start Input for Next Load Case
                14:44: 1:42  case no=  421 seq. no=  30 idynl= 0
                14:44: 1:42  LOADEND ISLAVE                                   0
                14:44: 1:43  Start Input for Next Load Case
                14:44: 1:43  case no=  422 seq. no=  31 idynl= 0
                14:44: 1:44  LOADEND ISLAVE                                   0
                14:44: 1:44  Start Input for Next Load Case
                14:44: 1:44  case no=  423 seq. no=  32 idynl= 0
                14:44: 1:45  LOADEND ISLAVE                                   0
                14:44: 1:45  Start Input for Next Load Case
                14:44: 1:46  case no=  424 seq. no=  33 idynl= 0
                14:44: 1:46  LOADEND ISLAVE                                   0
                14:44: 1:47  Start Input for Next Load Case
                14:44: 1:47  case no=  425 seq. no=  34 idynl= 0
                14:44: 1:48  LOADEND ISLAVE                                   0
                14:44: 1:48  Start Input for Next Load Case
                14:44: 1:49  case no=  426 seq. no=  35 idynl= 0
                14:44: 1:49  LOADEND ISLAVE                                   0
                14:44: 1:50  Start Input for Next Load Case
                14:44: 1:50  case no=  427 seq. no=  36 idynl= 0
                14:44: 1:50  LOADEND ISLAVE                                   0
                14:44: 1:51  Start Input for Next Load Case
                14:44: 1:51  case no=  428 seq. no=  37 idynl= 0
                14:44: 1:52  LOADEND ISLAVE                                   0
                14:44: 1:52  Start Input for Next Load Case
                14:44: 1:53  case no=  711 seq. no=  38 idynl= 0
                14:44: 1:53  LOADEND ISLAVE                                   0
                14:44: 1:54  Start Input for Next Load Case
                14:44: 1:54  case no=  712 seq. no=  39 idynl= 0
                14:44: 1:55  LOADEND ISLAVE                                   0
                14:44: 1:55  Start Input for Next Load Case
                14:44: 1:56  case no=  713 seq. no=  40 idynl= 0
                14:44: 1:56  LOADEND ISLAVE                                   0
                14:44: 1:56  Start Input for Next Load Case
                14:44: 1:57  case no=  714 seq. no=  41 idynl= 0
                14:44: 1:58  LOADEND ISLAVE                                   0
                14:44: 1:58  Start Input for Next Load Case
                14:44: 1:59  case no=  715 seq. no=  42 idynl= 0
                14:44: 1:59  LOADEND ISLAVE                                   0
                14:44: 1:60  Start Input for Next Load Case
                14:44: 1:60  case no=  716 seq. no=  43 idynl= 0
                14:44: 1:61  LOADEND ISLAVE                                   0
                14:44: 1:61  Start Input for Next Load Case
                14:44: 1:62  case no=  717 seq. no=  44 idynl= 0
                14:44: 1:62  LOADEND ISLAVE                                   0
                14:44: 1:63  Start Input for Next Load Case
                14:44: 1:63  case no=  718 seq. no=  45 idynl= 0
                14:44: 1:63  LOADEND ISLAVE                                   0
                14:44: 1:64  Start Input for Next Load Case
                14:44: 1:64  case no= 1101 seq. no=  46 idynl= 0
                14:44: 1:65  LOADEND ISLAVE                                   0
                14:44: 1:65  Start Input for Next Load Case
                14:44: 1:66  case no= 1102 seq. no=  47 idynl= 0
                14:44: 1:66  LOADEND ISLAVE                                   0
                14:44: 1:67  Start Input for Next Load Case
                14:44: 1:68  case no= 1103 seq. no=  48 idynl= 0
                14:44: 1:68  LOADEND ISLAVE                                   0
                14:44: 1:69  Start Input for Next Load Case
                14:44: 1:69  case no= 1104 seq. no=  49 idynl= 0
                14:44: 1:70  LOADEND ISLAVE                                   0
                14:44: 1:70  Start Input for Next Load Case
                14:44: 1:71  case no= 1105 seq. no=  50 idynl= 0
                14:44: 1:71  LOADEND ISLAVE                                   0
                14:44: 1:72  Start Input for Next Load Case
                14:44: 1:72  case no= 1106 seq. no=  51 idynl= 0
                14:44: 1:72  LOADEND ISLAVE                                   0
                14:44: 1:73  Start Input for Next Load Case
                14:44: 1:73  case no= 1107 seq. no=  52 idynl= 0
                14:44: 1:74  LOADEND ISLAVE                                   0
                14:44: 1:74  Start Input for Next Load Case
                14:44: 1:75  case no= 1108 seq. no=  53 idynl= 0
                14:44: 1:75  LOADEND ISLAVE                                   0
                14:44: 1:76  Start Input for Next Load Case
                14:44: 1:76  case no= 1201 seq. no=  54 idynl= 0
                14:44: 1:77  LOADEND ISLAVE                                   0
                14:44: 1:77  Start Input for Next Load Case
                14:44: 1:78  case no= 1202 seq. no=  55 idynl= 0
                14:44: 1:78  LOADEND ISLAVE                                   0
                14:44: 1:78  Start Input for Next Load Case
                14:44: 1:79  case no= 1203 seq. no=  56 idynl= 0
                14:44: 1:79  LOADEND ISLAVE                                   0
                14:44: 1:80  Start Input for Next Load Case
                14:44: 1:80  case no= 1204 seq. no=  57 idynl= 0
                14:44: 1:81  LOADEND ISLAVE                                   0
                14:44: 1:81  Start Input for Next Load Case
                14:44: 1:82  case no= 1205 seq. no=  58 idynl= 0
                14:44: 1:82  LOADEND ISLAVE                                   0
                14:44: 1:83  Start Input for Next Load Case
                14:44: 1:83  case no= 1206 seq. no=  59 idynl= 0
                14:44: 1:84  LOADEND ISLAVE                                   0
                14:44: 1:84  Start Input for Next Load Case
                14:44: 1:85  case no= 1207 seq. no=  60 idynl= 0
                14:44: 1:85  LOADEND ISLAVE                                   0
                14:44: 1:86  Start Input for Next Load Case
                14:44: 1:86  case no= 1208 seq. no=  61 idynl= 0
                14:44: 1:87  LOADEND ISLAVE                                   0
                14:44: 1:87  Start Input for Next Load Case
                14:44: 1:88  case no= 2101 seq. no=  62 idynl= 0
                14:44: 1:88  LOADEND ISLAVE                                   0
                14:44: 1:89  Start Input for Next Load Case
                14:44: 1:89  case no= 2102 seq. no=  63 idynl= 0
                14:44: 1:90  LOADEND ISLAVE                                   0
                14:44: 1:90  Start Input for Next Load Case
                14:44: 1:90  case no= 2103 seq. no=  64 idynl= 0
                14:44: 1:91  LOADEND ISLAVE                                   0
                14:44: 1:91  Start Input for Next Load Case
                14:44: 1:92  case no= 2104 seq. no=  65 idynl= 0
                14:44: 1:92  LOADEND ISLAVE                                   0
                14:44: 1:93  Start Input for Next Load Case
                14:44: 1:93  case no= 2105 seq. no=  66 idynl= 0
                14:44: 1:94  LOADEND ISLAVE                                   0
                14:44: 1:94  Start Input for Next Load Case
                14:44: 1:95  case no= 2106 seq. no=  67 idynl= 0
                14:44: 1:95  LOADEND ISLAVE                                   0
                14:44: 1:96  Start Input for Next Load Case
                14:44: 1:96  case no= 2107 seq. no=  68 idynl= 0
                14:44: 1:97  LOADEND ISLAVE                                   0
                14:44: 1:97  Start Input for Next Load Case
                14:44: 1:98  case no= 2108 seq. no=  69 idynl= 0
                14:44: 1:98  LOADEND ISLAVE                                   0
                14:44: 1:98  Start Input for Next Load Case
                14:44: 1:99  case no= 3001 seq. no=  70 idynl= 0
                14:44: 1:99  LOADEND ISLAVE                                   0
                14:44: 2: 0  Start Input for Next Load Case
                14:44: 2: 0  case no= 3002 seq. no=  71 idynl= 0
                14:44: 2: 1  LOADEND ISLAVE                                   0
                14:44: 2: 1  Start Input for Next Load Case
                14:44: 2: 2  case no= 3003 seq. no=  72 idynl= 0
                14:44: 2: 2  LOADEND ISLAVE                                   0
                14:44: 2: 3  Start Input for Next Load Case
                14:44: 2: 3  case no= 3004 seq. no=  73 idynl= 0
                14:44: 2: 4  LOADEND ISLAVE                                   0
                14:44: 2: 4  Start Input for Next Load Case
                14:44: 2: 5  case no= 3005 seq. no=  74 idynl= 0
                14:44: 2: 5  LOADEND ISLAVE                                   0
                14:44: 2: 6  Start Input for Next Load Case
                14:44: 2: 6  case no= 3006 seq. no=  75 idynl= 0
                14:44: 2: 7  LOADEND ISLAVE                                   0
                14:44: 2: 7  Start Input for Next Load Case
                14:44: 2: 8  case no= 3007 seq. no=  76 idynl= 0
                14:44: 2: 8  LOADEND ISLAVE                                   0
                14:44: 2: 9  Start Input for Next Load Case
                14:44: 2: 9  case no= 3008 seq. no=  77 idynl= 0
                14:44: 2:10  LOADEND ISLAVE                                   0
                14:44: 2:10  Start Input for Next Load Case
                14:44: 2:11  case no= 3011 seq. no=  78 idynl= 0
                14:44: 2:11  LOADEND ISLAVE                                   0
                14:44: 2:12  Start Input for Next Load Case
                14:44: 2:12  case no= 3012 seq. no=  79 idynl= 0
                14:44: 2:13  LOADEND ISLAVE                                   0
                14:44: 2:14  Start Input for Next Load Case
                14:44: 2:14  case no= 3013 seq. no=  80 idynl= 0
                14:44: 2:15  LOADEND ISLAVE                                   0
                14:44: 2:16  Start Input for Next Load Case
                14:44: 2:16  case no= 3014 seq. no=  81 idynl= 0
                14:44: 2:17  LOADEND ISLAVE                                   0
                14:44: 2:17  Start Input for Next Load Case
                14:44: 2:18  case no= 3015 seq. no=  82 idynl= 0
                14:44: 2:18  LOADEND ISLAVE                                   0
                14:44: 2:19  Start Input for Next Load Case
                14:44: 2:19  case no= 3016 seq. no=  83 idynl= 0
                14:44: 2:20  LOADEND ISLAVE                                   0
                14:44: 2:20  Start Input for Next Load Case
                14:44: 2:21  case no= 3017 seq. no=  84 idynl= 0
                14:44: 2:21  LOADEND ISLAVE                                   0
                14:44: 2:22  Start Input for Next Load Case
                14:44: 2:22  case no= 3018 seq. no=  85 idynl= 0
                14:44: 2:23  LOADEND ISLAVE                                   0
                14:44: 2:23  Start Input for Next Load Case
                14:44: 2:24  case no= 3021 seq. no=  86 idynl= 0
                14:44: 2:24  LOADEND ISLAVE                                   0
                14:44: 2:25  Start Input for Next Load Case
                14:44: 2:25  case no= 3022 seq. no=  87 idynl= 0
                14:44: 2:26  LOADEND ISLAVE                                   0
                14:44: 2:26  Start Input for Next Load Case
                14:44: 2:27  case no= 3023 seq. no=  88 idynl= 0
                14:44: 2:27  LOADEND ISLAVE                                   0
                14:44: 2:28  Start Input for Next Load Case
                14:44: 2:28  case no= 3024 seq. no=  89 idynl= 0
                14:44: 2:29  LOADEND ISLAVE                                   0
                14:44: 2:29  Start Input for Next Load Case
                14:44: 2:30  case no= 3025 seq. no=  90 idynl= 0
                14:44: 2:30  LOADEND ISLAVE                                   0
                14:44: 2:30  Start Input for Next Load Case
                14:44: 2:31  case no= 3026 seq. no=  91 idynl= 0
                14:44: 2:31  LOADEND ISLAVE                                   0
                14:44: 2:32  Start Input for Next Load Case
                14:44: 2:32  case no= 3027 seq. no=  92 idynl= 0
                14:44: 2:33  LOADEND ISLAVE                                   0
                14:44: 2:33  Start Input for Next Load Case
                14:44: 2:34  case no= 3028 seq. no=  93 idynl= 0
                14:44: 2:34  LOADEND ISLAVE                                   0
                14:44: 2:35  Start Input for Next Load Case
                14:44: 2:35  case no= 3201 seq. no=  94 idynl= 0
                14:44: 2:36  LOADEND ISLAVE                                   0
                14:44: 2:36  Start Input for Next Load Case
                14:44: 2:37  case no= 3202 seq. no=  95 idynl= 0
                14:44: 2:38  LOADEND ISLAVE                                   0
                14:44: 2:38  Start Input for Next Load Case
                14:44: 2:39  case no= 3203 seq. no=  96 idynl= 0
                14:44: 2:39  LOADEND ISLAVE                                   0
                14:44: 2:40  Start Input for Next Load Case
                14:44: 2:40  case no= 3204 seq. no=  97 idynl= 0
                14:44: 2:41  LOADEND ISLAVE                                   0
                14:44: 2:41  Start Input for Next Load Case
                14:44: 2:42  case no= 3205 seq. no=  98 idynl= 0
                14:44: 2:42  LOADEND ISLAVE                                   0
                14:44: 2:42  Start Input for Next Load Case
                14:44: 2:43  case no= 3206 seq. no=  99 idynl= 0
                14:44: 2:43  LOADEND ISLAVE                                   0
                14:44: 2:44  Start Input for Next Load Case
                14:44: 2:44  case no= 3207 seq. no= 100 idynl= 0
                14:44: 2:45  LOADEND ISLAVE                                   0
                14:44: 2:45  Start Input for Next Load Case
                14:44: 2:46  case no= 3208 seq. no= 101 idynl= 0
                14:44: 2:46  LOADEND ISLAVE                                   0
                14:44: 2:47  NVPREV                                           0
                14:44: 2:47  AMAXNON                               1.096129E+00
                14:44: 2:47  IRECSIZL=                                     4000
                14:44: 2:48  MTX BLOCKSIZE=                                  42
                14:44: 2:48  MI=                                             42
                14:44: 2:49  NORECL=                                          1
                14:44: 2:49  NORECL1=                                         1
                14:44: 2:50  IWORD=                                       32000
                14:44: 2:50  JRECSIZE=                                     4000
                14:44: 2:51  IWORDJ=                                      32000
                14:44: 2:51  IBYTE=                                           4
                14:44: 2:52  JOINTS=                                         11
                14:44: 2:52  MEMBERS=                                        10
                14:44: 2:52  PLATES =                                         0
                14:44: 2:53  SOLIDS =                                         0
                14:44: 2:53  NO. OF EQUATIONS=                               42
                14:44: 2:54  idyn=                                            0
                14:44: 2:55  ipd=                                             0
                14:44: 2:55  icablanl=                                        0
                14:44: 2:55  ++ Processing Element Stiffness Matrix.
                14:44: 2:56  NV1                                            101
                14:44: 2:67  ++ Calculating Element Forces & Reactions.
                14:44: 3:20  COMBINATION CASES=                               0
                14:44: 3:20  MAX CM MEMORY (KILOWORDS)                       30
                14:44: 3:20  AFTER SOLVER 1
                14:44: 3:22  REOPEN AS SEQ                                    0
                14:44: 3:22  DEFINE ENVELOPE
                14:44: 3:24  LOAD LIST 1101 TO 110
                14:44: 3:24  PARAMETER 1
                14:44: 3:24  CHECK CODE ALL
                14:44: 3:25  ENTERING SECTNM110 IQ=                          10
                14:44: 3:25               NSEC=                              11
                14:44: 3:26             ISECTN=                               0
                14:44: 3:28  SECTNM110 DO 925
                14:44: 3:30  ENTERING ENVLP1 ITYP1=                          -3
                14:44: 3:30  SECT DISPLACE
                14:44: 3:32  Steel/Alum/Timber Design                        52
                14:44: 3:37    ++ Finished Design ...
                14:44: 3:37  Steel/Timber Design exit
                14:44: 3:38  LOAD LIST 2101 TO 210
                14:44: 3:39  PARAMETER 1
                14:44: 3:39  CHECK CODE ALL
                14:44: 3:40  ENTERING ENVLP1 ITYP1=                          -3
                14:44: 3:40  SECT DISPLACE
                14:44: 3:43  Steel/Alum/Timber Design                        52
                14:44: 3:43    ++ Finished Design ...
                14:44: 3:43  Steel/Timber Design exit
                14:44: 3:44  LOAD LIST ENV 4 TO 7
                14:44: 3:45  PARAMETER 1
                14:44: 3:45  CHECK CODE ALL
                14:44: 3:46  ENTERING ENVLP1 ITYP1=                          -3
                14:44: 3:46  SECT DISPLACE
                14:44: 3:49  Steel/Alum/Timber Design                        52
                14:44: 3:50    ++ Finished Design ...
                14:44: 3:50  Steel/Timber Design exit
                14:44: 3:51  PRINT JOINT DISPLACEM
                14:44: 3:51  PRINT SUPPORT REACTIO
                14:44: 3:52  FINISH
                14:44: 3:52  All Commands FINISHed
                14:44: 3:53  DATASAVE for SPRO GUI
                14:44: 3:53  ++ Creating Displacement File (DSP)...
                14:44: 3:54  ++ Creating Reaction File (REA)...
                14:44: 3:55  ++ Creating Section Force File (BMD)...
                14:44: 3:57  ++ Creating Section Displace File (SEC)...
                14:44: 3:57  ENTERING ENVLP1 ITYP1=                          -5
                14:44: 3:58  SECT DISPLACE
                14:44: 3:62  ++ Creating Section Displace File (SCN)...
                14:44: 3:64  ++ Creating Design information File (DGN)...
                14:44: 3:64  ALLOCATED CM MEMORY (KILOWORDS)             300000
                14:44: 3:65  MAX CM MEMORY (KILOWORDS)                       70
                14:44: 3:65  DBS LONG SEC NAME
* End Of Analysis At Wed Jan 15 14:44:03 2025
* CPU usage = 3.693000
* STAAD Exit Code: 100, Warning Count: 0, Error Count: 0, Duration: 3.693
1 0 0 3.693
****************************************************************************
*                            END OF ANALYSIS                               *
****************************************************************************
