09/04/2024 08:55:41	Reading UID database.
09/04/2024 08:55:41	Start loading STAAD model.
09/04/2024 08:55:41	Reading model file.
09/04/2024 08:55:41	Reading model file is complete.
09/04/2024 08:55:41	Processing support.
09/04/2024 08:55:41	Processing springs.
09/04/2024 08:55:41	Processing properties.
09/04/2024 08:55:41	Processing physical properties.
09/04/2024 08:55:41	Processing constants.
09/04/2024 08:55:41	Processing BETA constants.
09/04/2024 08:55:41	Processing hidden analytical member loads.
09/04/2024 08:55:41	Processing command list for member release.
09/04/2024 08:55:41	Processing command list for member offset.
09/04/2024 08:55:41	Processing command list for member specs (cracked).
09/04/2024 08:55:41	Processing command list for member specs (axial).
09/04/2024 08:55:41	Processing command list for element release.
09/04/2024 08:55:41	Processing command list for element offset.
09/04/2024 08:55:41	Processing command list for element plate stress directive.
09/04/2024 08:55:41	Processing parameter for Chinese wind load case.
09/04/2024 08:55:41	End Processing command list.
09/04/2024 08:55:41	End loading STAAD model.
09/04/2024 08:56:07	Start Post Analysis method
09/04/2024 08:56:07	Removed all hidden plates from surfaces
09/04/2024 08:56:07	Removed all hidden plates
09/04/2024 08:56:07	Removed all hidden nodes
09/04/2024 08:56:07	Loading results from MSH file...
09/04/2024 08:56:07	Building result indices...
09/04/2024 08:56:07	Loading plate stress results...
09/04/2024 08:56:07	Set analysis report setup data
09/04/2024 08:56:07	Starting page setup...
09/04/2024 08:56:07	Page setup completed
09/04/2024 08:56:07	Setting available workflows...
09/04/2024 08:56:07	Post analysis method ends
09/04/2024 11:51:50	Start Post Analysis method
09/04/2024 11:51:50	Removed all hidden plates from surfaces
09/04/2024 11:51:50	Removed all hidden plates
09/04/2024 11:51:50	Removed all hidden nodes
09/04/2024 11:51:50	Loading results from MSH file...
09/04/2024 11:51:50	Building result indices...
09/04/2024 11:51:50	Loading plate stress results...
09/04/2024 11:51:50	Set analysis report setup data
09/04/2024 11:51:50	Starting page setup...
09/04/2024 11:51:50	Page setup completed
09/04/2024 11:51:50	Setting available workflows...
09/04/2024 11:51:50	Post analysis method ends
09/04/2024 11:52:46	Start Post Analysis method
09/04/2024 11:52:46	Removed all hidden plates from surfaces
09/04/2024 11:52:46	Removed all hidden plates
09/04/2024 11:52:46	Removed all hidden nodes
09/04/2024 11:52:46	Loading results from MSH file...
09/04/2024 11:52:46	Building result indices...
09/04/2024 11:52:46	Loading plate stress results...
09/04/2024 11:52:46	Set analysis report setup data
09/04/2024 11:52:46	Starting page setup...
09/04/2024 11:52:46	Page setup completed
09/04/2024 11:52:46	Setting available workflows...
09/04/2024 11:52:46	Post analysis method ends
