14:22:03	Initializing STAAD Engine
14:22:03	Run stream set up is complete.
14:22:03	Initialize license libraries.
14:22:04	License libraries initialized.
14:22:04	Starting license(s) for A & D engine.
14:22:05	License Status: Ok
14:22:05	License information set up is complete.
****************************************************************************
*                            START OF ANALYSIS                             *
****************************************************************************
* Initiating Analysis At Thu Sep  5 14:22:05 2024
                          PROGRAM: STAAD.Pro
                          VERSION: 23.00.01.25
                14:22: 5:14  ENTERING STAAD
                14:22: 5:17  USING 64 BIT STAAD ENGINE
                14:22: 5:17  ENTERING MAINN
                14:22: 5:18  START JOB INFORMATION
                14:22: 5:18  INPUT WIDTH 79
                14:22: 5:18  UNIT MMS KN
                14:22: 5:19  JOINT COORDINATES
                14:22: 5:19  ENTERING JOINTC
                14:22: 5:20  JOINTC NEWJ                                 400000
                14:22: 5:20  MAX NODE NO.                                    17
                14:22: 5:21  MEMBER INCIDENCES
                14:22: 5:21  UNIT METER KN
                14:22: 5:22  DEFINE MATERIAL START
                14:22: 5:22  UNIT MMS KN
                14:22: 5:23  MEMBER PROPERTY EUROP
                14:22: 5:68    ++ Finished Reading Member Properties ...
                14:22: 5:68  CONSTANTS
                14:22: 5:68  SUPPORTS
                14:22: 5:69  ENTERING SUPPORT
                14:22: 5:69  UNIT METER KN
                14:22: 5:70  DEFINE WIND LOAD
                14:22: 5:71  LOAD 121 LOADTYPE DEA
                14:22: 5:71  DUPLICATE ELEMENT CHECK
                14:22: 5:71  CHECKING STRUCTURAL INTEGRITY
                14:22: 5:72  CHECK UNCONNECTED JOINTS AND
                14:22: 5:72  CALCULATE MAX JOINT CONNECTIVITY
                14:22: 5:73  CHECK MULTIPLE STRUCTURES
                14:22: 5:73  ENTERING SUPPORT
                14:22: 5:74  NRJOLD                                           0
                14:22: 5:74  SUPPORT NOLD                                     0
                14:22: 5:74  SUPPORT N                                       54
                14:22: 5:75  BEFORE LOADPR
                14:22: 5:75  REOPEN AS DIR                                    0
                14:22: 5:76  ENTER LOADPR
                14:22: 5:89  PERFORM ANALYSIS PRIN
                14:22: 5:89  pdel iter                                        0
                14:22: 5:89  MAXIMUM E =                           2.973273E+04
                14:22: 5:90  MINIMUM E =                           2.973273E+04
                14:22: 5:90  MBW DOF BAND=                                    1
                14:22: 5:91  NUMBER OF PRIMARY CASES                        117
                14:22: 5:91  NUMBER OF CASES                                284
                14:22: 5:92  #OF CASES W/ELEM INMEMORY                      284
                14:22: 5:92  MEMORY FOR MEMBER LOADS                      47712
                14:22: 5:93  MEMORY FOR DISPLACEMENTS                     23856
                14:22: 5:93  MEMORY FOR MEMBER FORCES                     47712
                14:22: 5:94  Using 64-bit analysis engine
                14:22: 5:95  BEFORE SOLVER 1
                14:22: 5:95  Start Input for Next Load Case
                14:22: 5:96  case no=  121 seq. no=   1 idynl= 0
                14:22: 5:96  MASSSET                                          0
                14:22: 5:97  LOADEND ISLAVE                                   0
                14:22: 5:97  Start Input for Next Load Case
                14:22: 5:98  case no=  201 seq. no=   2 idynl= 0
                14:22: 5:99  LOADEND ISLAVE                                   0
                14:22: 5:99  Start Input for Next Load Case
                14:22: 6: 0  case no=  202 seq. no=   3 idynl= 0
                14:22: 6: 0  LOADEND ISLAVE                                   0
                14:22: 6: 1  Start Input for Next Load Case
                14:22: 6: 1  case no=  203 seq. no=   4 idynl= 0
                14:22: 6: 2  LOADEND ISLAVE                                   0
                14:22: 6: 3  Start Input for Next Load Case
                14:22: 6: 3  case no=  204 seq. no=   5 idynl= 0
                14:22: 6: 4  LOADEND ISLAVE                                   0
                14:22: 6: 4  Start Input for Next Load Case
                14:22: 6: 5  case no=  205 seq. no=   6 idynl= 0
                14:22: 6: 5  LOADEND ISLAVE                                   0
                14:22: 6: 6  Start Input for Next Load Case
                14:22: 6: 7  case no=  206 seq. no=   7 idynl= 0
                14:22: 6: 7  LOADEND ISLAVE                                   0
                14:22: 6: 8  Start Input for Next Load Case
                14:22: 6: 8  case no=  207 seq. no=   8 idynl= 0
                14:22: 6: 9  LOADEND ISLAVE                                   0
                14:22: 6: 9  Start Input for Next Load Case
                14:22: 6:10  case no=  208 seq. no=   9 idynl= 0
                14:22: 6:10  LOADEND ISLAVE                                   0
                14:22: 6:11  Start Input for Next Load Case
                14:22: 6:11  case no=  312 seq. no=  10 idynl= 0
                14:22: 6:12  LOADEND ISLAVE                                   0
                14:22: 6:12  Start Input for Next Load Case
                14:22: 6:12  case no=  313 seq. no=  11 idynl= 0
                14:22: 6:13  LOADEND ISLAVE                                   0
                14:22: 6:13  Start Input for Next Load Case
                14:22: 6:14  case no=  314 seq. no=  12 idynl= 0
                14:22: 6:14  LOADEND ISLAVE                                   0
                14:22: 6:15  Start Input for Next Load Case
                14:22: 6:15  case no=  315 seq. no=  13 idynl= 0
                14:22: 6:16  LOADEND ISLAVE                                   0
                14:22: 6:16  Start Input for Next Load Case
                14:22: 6:16  case no=  322 seq. no=  14 idynl= 0
                14:22: 6:17  LOADEND ISLAVE                                   0
                14:22: 6:17  Start Input for Next Load Case
                14:22: 6:18  case no=  323 seq. no=  15 idynl= 0
                14:22: 6:18  LOADEND ISLAVE                                   0
                14:22: 6:19  Start Input for Next Load Case
                14:22: 6:19  case no=  324 seq. no=  16 idynl= 0
                14:22: 6:20  LOADEND ISLAVE                                   0
                14:22: 6:20  Start Input for Next Load Case
                14:22: 6:20  case no=  325 seq. no=  17 idynl= 0
                14:22: 6:21  LOADEND ISLAVE                                   0
                14:22: 6:21  Start Input for Next Load Case
                14:22: 6:22  case no=  332 seq. no=  18 idynl= 0
                14:22: 6:22  LOADEND ISLAVE                                   0
                14:22: 6:23  Start Input for Next Load Case
                14:22: 6:23  case no=  333 seq. no=  19 idynl= 0
                14:22: 6:24  LOADEND ISLAVE                                   0
                14:22: 6:24  Start Input for Next Load Case
                14:22: 6:24  case no=  334 seq. no=  20 idynl= 0
                14:22: 6:25  LOADEND ISLAVE                                   0
                14:22: 6:25  Start Input for Next Load Case
                14:22: 6:26  case no=  335 seq. no=  21 idynl= 0
                14:22: 6:26  LOADEND ISLAVE                                   0
                14:22: 6:27  Start Input for Next Load Case
                14:22: 6:27  case no=  411 seq. no=  22 idynl= 0
                14:22: 6:27  LOADEND ISLAVE                                   0
                14:22: 6:28  Start Input for Next Load Case
                14:22: 6:28  case no=  412 seq. no=  23 idynl= 0
                14:22: 6:29  LOADEND ISLAVE                                   0
                14:22: 6:29  Start Input for Next Load Case
                14:22: 6:30  case no=  413 seq. no=  24 idynl= 0
                14:22: 6:30  LOADEND ISLAVE                                   0
                14:22: 6:31  Start Input for Next Load Case
                14:22: 6:31  case no=  414 seq. no=  25 idynl= 0
                14:22: 6:32  LOADEND ISLAVE                                   0
                14:22: 6:32  Start Input for Next Load Case
                14:22: 6:33  case no=  415 seq. no=  26 idynl= 0
                14:22: 6:33  LOADEND ISLAVE                                   0
                14:22: 6:34  Start Input for Next Load Case
                14:22: 6:34  case no=  416 seq. no=  27 idynl= 0
                14:22: 6:35  LOADEND ISLAVE                                   0
                14:22: 6:35  Start Input for Next Load Case
                14:22: 6:35  case no=  417 seq. no=  28 idynl= 0
                14:22: 6:36  LOADEND ISLAVE                                   0
                14:22: 6:36  Start Input for Next Load Case
                14:22: 6:37  case no=  418 seq. no=  29 idynl= 0
                14:22: 6:37  LOADEND ISLAVE                                   0
                14:22: 6:38  Start Input for Next Load Case
                14:22: 6:38  case no=  421 seq. no=  30 idynl= 0
                14:22: 6:39  LOADEND ISLAVE                                   0
                14:22: 6:39  Start Input for Next Load Case
                14:22: 6:40  case no=  422 seq. no=  31 idynl= 0
                14:22: 6:40  LOADEND ISLAVE                                   0
                14:22: 6:40  Start Input for Next Load Case
                14:22: 6:41  case no=  423 seq. no=  32 idynl= 0
                14:22: 6:41  LOADEND ISLAVE                                   0
                14:22: 6:42  Start Input for Next Load Case
                14:22: 6:42  case no=  424 seq. no=  33 idynl= 0
                14:22: 6:43  LOADEND ISLAVE                                   0
                14:22: 6:43  Start Input for Next Load Case
                14:22: 6:44  case no=  425 seq. no=  34 idynl= 0
                14:22: 6:44  LOADEND ISLAVE                                   0
                14:22: 6:44  Start Input for Next Load Case
                14:22: 6:45  case no=  426 seq. no=  35 idynl= 0
                14:22: 6:45  LOADEND ISLAVE                                   0
                14:22: 6:46  Start Input for Next Load Case
                14:22: 6:46  case no=  427 seq. no=  36 idynl= 0
                14:22: 6:47  LOADEND ISLAVE                                   0
                14:22: 6:47  Start Input for Next Load Case
                14:22: 6:48  case no=  428 seq. no=  37 idynl= 0
                14:22: 6:48  LOADEND ISLAVE                                   0
                14:22: 6:48  Start Input for Next Load Case
                14:22: 6:49  case no=  711 seq. no=  38 idynl= 0
                14:22: 6:49  LOADEND ISLAVE                                   0
                14:22: 6:50  Start Input for Next Load Case
                14:22: 6:50  case no=  712 seq. no=  39 idynl= 0
                14:22: 6:51  LOADEND ISLAVE                                   0
                14:22: 6:52  Start Input for Next Load Case
                14:22: 6:52  case no=  713 seq. no=  40 idynl= 0
                14:22: 6:53  LOADEND ISLAVE                                   0
                14:22: 6:53  Start Input for Next Load Case
                14:22: 6:54  case no=  714 seq. no=  41 idynl= 0
                14:22: 6:54  LOADEND ISLAVE                                   0
                14:22: 6:54  Start Input for Next Load Case
                14:22: 6:55  case no=  715 seq. no=  42 idynl= 0
                14:22: 6:55  LOADEND ISLAVE                                   0
                14:22: 6:56  Start Input for Next Load Case
                14:22: 6:56  case no=  716 seq. no=  43 idynl= 0
                14:22: 6:57  LOADEND ISLAVE                                   0
                14:22: 6:57  Start Input for Next Load Case
                14:22: 6:58  case no=  717 seq. no=  44 idynl= 0
                14:22: 6:58  LOADEND ISLAVE                                   0
                14:22: 6:59  Start Input for Next Load Case
                14:22: 6:59  case no=  718 seq. no=  45 idynl= 0
                14:22: 6:59  LOADEND ISLAVE                                   0
                14:22: 6:60  Start Input for Next Load Case
                14:22: 6:60  case no=  901 seq. no=  46 idynl= 0
                14:22: 6:61  LOADEND ISLAVE                                   0
                14:22: 6:61  Start Input for Next Load Case
                14:22: 6:62  case no=  902 seq. no=  47 idynl= 0
                14:22: 6:62  LOADEND ISLAVE                                   0
                14:22: 6:63  Start Input for Next Load Case
                14:22: 6:63  case no=  903 seq. no=  48 idynl= 0
                14:22: 6:63  LOADEND ISLAVE                                   0
                14:22: 6:64  Start Input for Next Load Case
                14:22: 6:64  case no=  904 seq. no=  49 idynl= 0
                14:22: 6:65  LOADEND ISLAVE                                   0
                14:22: 6:65  Start Input for Next Load Case
                14:22: 6:66  case no=  905 seq. no=  50 idynl= 0
                14:22: 6:66  LOADEND ISLAVE                                   0
                14:22: 6:67  Start Input for Next Load Case
                14:22: 6:67  case no=  906 seq. no=  51 idynl= 0
                14:22: 6:67  LOADEND ISLAVE                                   0
                14:22: 6:68  Start Input for Next Load Case
                14:22: 6:68  case no=  907 seq. no=  52 idynl= 0
                14:22: 6:69  LOADEND ISLAVE                                   0
                14:22: 6:69  Start Input for Next Load Case
                14:22: 6:70  case no= 1101 seq. no=  53 idynl= 0
                14:22: 6:70  LOADEND ISLAVE                                   0
                14:22: 6:71  Start Input for Next Load Case
                14:22: 6:71  case no= 1102 seq. no=  54 idynl= 0
                14:22: 6:71  LOADEND ISLAVE                                   0
                14:22: 6:72  Start Input for Next Load Case
                14:22: 6:72  case no= 1103 seq. no=  55 idynl= 0
                14:22: 6:73  LOADEND ISLAVE                                   0
                14:22: 6:73  Start Input for Next Load Case
                14:22: 6:74  case no= 1104 seq. no=  56 idynl= 0
                14:22: 6:74  LOADEND ISLAVE                                   0
                14:22: 6:75  Start Input for Next Load Case
                14:22: 6:75  case no= 1105 seq. no=  57 idynl= 0
                14:22: 6:75  LOADEND ISLAVE                                   0
                14:22: 6:76  Start Input for Next Load Case
                14:22: 6:76  case no= 1106 seq. no=  58 idynl= 0
                14:22: 6:77  LOADEND ISLAVE                                   0
                14:22: 6:77  Start Input for Next Load Case
                14:22: 6:78  case no= 1107 seq. no=  59 idynl= 0
                14:22: 6:78  LOADEND ISLAVE                                   0
                14:22: 6:79  Start Input for Next Load Case
                14:22: 6:79  case no= 1108 seq. no=  60 idynl= 0
                14:22: 6:79  LOADEND ISLAVE                                   0
                14:22: 6:80  Start Input for Next Load Case
                14:22: 6:80  case no= 1201 seq. no=  61 idynl= 0
                14:22: 6:81  LOADEND ISLAVE                                   0
                14:22: 6:81  Start Input for Next Load Case
                14:22: 6:82  case no= 1202 seq. no=  62 idynl= 0
                14:22: 6:82  LOADEND ISLAVE                                   0
                14:22: 6:83  Start Input for Next Load Case
                14:22: 6:83  case no= 1203 seq. no=  63 idynl= 0
                14:22: 6:83  LOADEND ISLAVE                                   0
                14:22: 6:84  Start Input for Next Load Case
                14:22: 6:84  case no= 1204 seq. no=  64 idynl= 0
                14:22: 6:85  LOADEND ISLAVE                                   0
                14:22: 6:85  Start Input for Next Load Case
                14:22: 6:86  case no= 1205 seq. no=  65 idynl= 0
                14:22: 6:86  LOADEND ISLAVE                                   0
                14:22: 6:87  Start Input for Next Load Case
                14:22: 6:87  case no= 1206 seq. no=  66 idynl= 0
                14:22: 6:87  LOADEND ISLAVE                                   0
                14:22: 6:88  Start Input for Next Load Case
                14:22: 6:88  case no= 1207 seq. no=  67 idynl= 0
                14:22: 6:89  LOADEND ISLAVE                                   0
                14:22: 6:89  Start Input for Next Load Case
                14:22: 6:90  case no= 1208 seq. no=  68 idynl= 0
                14:22: 6:90  LOADEND ISLAVE                                   0
                14:22: 6:91  Start Input for Next Load Case
                14:22: 6:91  case no= 2101 seq. no=  69 idynl= 0
                14:22: 6:92  LOADEND ISLAVE                                   0
                14:22: 6:92  Start Input for Next Load Case
                14:22: 6:93  case no= 2102 seq. no=  70 idynl= 0
                14:22: 6:93  LOADEND ISLAVE                                   0
                14:22: 6:93  Start Input for Next Load Case
                14:22: 6:94  case no= 2103 seq. no=  71 idynl= 0
                14:22: 6:94  LOADEND ISLAVE                                   0
                14:22: 6:95  Start Input for Next Load Case
                14:22: 6:95  case no= 2104 seq. no=  72 idynl= 0
                14:22: 6:96  LOADEND ISLAVE                                   0
                14:22: 6:96  Start Input for Next Load Case
                14:22: 6:96  case no= 2105 seq. no=  73 idynl= 0
                14:22: 6:97  LOADEND ISLAVE                                   0
                14:22: 6:97  Start Input for Next Load Case
                14:22: 6:98  case no= 2106 seq. no=  74 idynl= 0
                14:22: 6:98  LOADEND ISLAVE                                   0
                14:22: 6:99  Start Input for Next Load Case
                14:22: 6:99  case no= 2107 seq. no=  75 idynl= 0
                14:22: 7: 0  LOADEND ISLAVE                                   0
                14:22: 7: 0  Start Input for Next Load Case
                14:22: 7: 0  case no= 2108 seq. no=  76 idynl= 0
                14:22: 7: 1  LOADEND ISLAVE                                   0
                14:22: 7: 1  Start Input for Next Load Case
                14:22: 7: 2  case no= 3001 seq. no=  77 idynl= 0
                14:22: 7: 2  LOADEND ISLAVE                                   0
                14:22: 7: 3  Start Input for Next Load Case
                14:22: 7: 3  case no= 3002 seq. no=  78 idynl= 0
                14:22: 7: 4  LOADEND ISLAVE                                   0
                14:22: 7: 4  Start Input for Next Load Case
                14:22: 7: 5  case no= 3003 seq. no=  79 idynl= 0
                14:22: 7: 5  LOADEND ISLAVE                                   0
                14:22: 7: 6  Start Input for Next Load Case
                14:22: 7: 6  case no= 3004 seq. no=  80 idynl= 0
                14:22: 7: 7  LOADEND ISLAVE                                   0
                14:22: 7: 7  Start Input for Next Load Case
                14:22: 7: 8  case no= 3005 seq. no=  81 idynl= 0
                14:22: 7: 8  LOADEND ISLAVE                                   0
                14:22: 7: 8  Start Input for Next Load Case
                14:22: 7: 9  case no= 3006 seq. no=  82 idynl= 0
                14:22: 7: 9  LOADEND ISLAVE                                   0
                14:22: 7:10  Start Input for Next Load Case
                14:22: 7:10  case no= 3007 seq. no=  83 idynl= 0
                14:22: 7:11  LOADEND ISLAVE                                   0
                14:22: 7:11  Start Input for Next Load Case
                14:22: 7:12  case no= 3008 seq. no=  84 idynl= 0
                14:22: 7:12  LOADEND ISLAVE                                   0
                14:22: 7:13  Start Input for Next Load Case
                14:22: 7:13  case no= 3011 seq. no=  85 idynl= 0
                14:22: 7:14  LOADEND ISLAVE                                   0
                14:22: 7:14  Start Input for Next Load Case
                14:22: 7:15  case no= 3012 seq. no=  86 idynl= 0
                14:22: 7:15  LOADEND ISLAVE                                   0
                14:22: 7:16  Start Input for Next Load Case
                14:22: 7:16  case no= 3013 seq. no=  87 idynl= 0
                14:22: 7:16  LOADEND ISLAVE                                   0
                14:22: 7:17  Start Input for Next Load Case
                14:22: 7:17  case no= 3014 seq. no=  88 idynl= 0
                14:22: 7:18  LOADEND ISLAVE                                   0
                14:22: 7:18  Start Input for Next Load Case
                14:22: 7:19  case no= 3015 seq. no=  89 idynl= 0
                14:22: 7:19  LOADEND ISLAVE                                   0
                14:22: 7:20  Start Input for Next Load Case
                14:22: 7:20  case no= 3016 seq. no=  90 idynl= 0
                14:22: 7:21  LOADEND ISLAVE                                   0
                14:22: 7:21  Start Input for Next Load Case
                14:22: 7:22  case no= 3017 seq. no=  91 idynl= 0
                14:22: 7:22  LOADEND ISLAVE                                   0
                14:22: 7:23  Start Input for Next Load Case
                14:22: 7:23  case no= 3018 seq. no=  92 idynl= 0
                14:22: 7:24  LOADEND ISLAVE                                   0
                14:22: 7:24  Start Input for Next Load Case
                14:22: 7:25  case no= 3021 seq. no=  93 idynl= 0
                14:22: 7:25  LOADEND ISLAVE                                   0
                14:22: 7:26  Start Input for Next Load Case
                14:22: 7:26  case no= 3022 seq. no=  94 idynl= 0
                14:22: 7:26  LOADEND ISLAVE                                   0
                14:22: 7:27  Start Input for Next Load Case
                14:22: 7:27  case no= 3023 seq. no=  95 idynl= 0
                14:22: 7:28  LOADEND ISLAVE                                   0
                14:22: 7:28  Start Input for Next Load Case
                14:22: 7:29  case no= 3024 seq. no=  96 idynl= 0
                14:22: 7:29  LOADEND ISLAVE                                   0
                14:22: 7:30  Start Input for Next Load Case
                14:22: 7:30  case no= 3025 seq. no=  97 idynl= 0
                14:22: 7:31  LOADEND ISLAVE                                   0
                14:22: 7:31  Start Input for Next Load Case
                14:22: 7:32  case no= 3026 seq. no=  98 idynl= 0
                14:22: 7:32  LOADEND ISLAVE                                   0
                14:22: 7:33  Start Input for Next Load Case
                14:22: 7:33  case no= 3027 seq. no=  99 idynl= 0
                14:22: 7:34  LOADEND ISLAVE                                   0
                14:22: 7:34  Start Input for Next Load Case
                14:22: 7:35  case no= 3028 seq. no= 100 idynl= 0
                14:22: 7:35  LOADEND ISLAVE                                   0
                14:22: 7:36  Start Input for Next Load Case
                14:22: 7:36  case no= 3201 seq. no= 101 idynl= 0
                14:22: 7:37  LOADEND ISLAVE                                   0
                14:22: 7:37  Start Input for Next Load Case
                14:22: 7:38  case no= 3202 seq. no= 102 idynl= 0
                14:22: 7:38  LOADEND ISLAVE                                   0
                14:22: 7:39  Start Input for Next Load Case
                14:22: 7:40  case no= 3203 seq. no= 103 idynl= 0
                14:22: 7:41  LOADEND ISLAVE                                   0
                14:22: 7:41  Start Input for Next Load Case
                14:22: 7:42  case no= 3204 seq. no= 104 idynl= 0
                14:22: 7:42  LOADEND ISLAVE                                   0
                14:22: 7:43  Start Input for Next Load Case
                14:22: 7:44  case no= 3205 seq. no= 105 idynl= 0
                14:22: 7:44  LOADEND ISLAVE                                   0
                14:22: 7:45  Start Input for Next Load Case
                14:22: 7:45  case no= 3206 seq. no= 106 idynl= 0
                14:22: 7:46  LOADEND ISLAVE                                   0
                14:22: 7:46  Start Input for Next Load Case
                14:22: 7:47  case no= 3207 seq. no= 107 idynl= 0
                14:22: 7:47  LOADEND ISLAVE                                   0
                14:22: 7:48  Start Input for Next Load Case
                14:22: 7:48  case no= 3208 seq. no= 108 idynl= 0
                14:22: 7:49  LOADEND ISLAVE                                   0
                14:22: 7:49  Start Input for Next Load Case
                14:22: 7:50  case no= 4001 seq. no= 109 idynl= 0
                14:22: 7:50  LOADEND ISLAVE                                   0
                14:22: 7:51  Start Input for Next Load Case
                14:22: 7:51  case no= 4002 seq. no= 110 idynl= 0
                14:22: 7:52  LOADEND ISLAVE                                   0
                14:22: 7:52  Start Input for Next Load Case
                14:22: 7:53  case no= 4003 seq. no= 111 idynl= 0
                14:22: 7:53  LOADEND ISLAVE                                   0
                14:22: 7:54  Start Input for Next Load Case
                14:22: 7:54  case no= 4004 seq. no= 112 idynl= 0
                14:22: 7:55  LOADEND ISLAVE                                   0
                14:22: 7:55  Start Input for Next Load Case
                14:22: 7:56  case no= 4005 seq. no= 113 idynl= 0
                14:22: 7:56  LOADEND ISLAVE                                   0
                14:22: 7:57  Start Input for Next Load Case
                14:22: 7:57  case no= 4006 seq. no= 114 idynl= 0
                14:22: 7:57  LOADEND ISLAVE                                   0
                14:22: 7:58  Start Input for Next Load Case
                14:22: 7:58  case no= 4007 seq. no= 115 idynl= 0
                14:22: 7:59  LOADEND ISLAVE                                   0
                14:22: 7:59  Start Input for Next Load Case
                14:22: 7:60  case no= 4008 seq. no= 116 idynl= 0
                14:22: 7:60  LOADEND ISLAVE                                   0
                14:22: 7:61  Start Input for Next Load Case
                14:22: 7:61  case no= 4009 seq. no= 117 idynl= 0
                14:22: 7:62  LOADEND ISLAVE                                   0
                14:22: 7:62  NVPREV                                           0
                14:22: 7:63  AMAXNON                               1.096129E+00
                14:22: 7:63  IRECSIZL=                                     4000
                14:22: 7:64  MTX BLOCKSIZE=                                  54
                14:22: 7:64  MI=                                             54
                14:22: 7:65  NORECL=                                          1
                14:22: 7:65  NORECL1=                                         1
                14:22: 7:65  IWORD=                                       32000
                14:22: 7:66  JRECSIZE=                                     4000
                14:22: 7:66  IWORDJ=                                      32000
                14:22: 7:67  IBYTE=                                           4
                14:22: 7:67  JOINTS=                                         14
                14:22: 7:68  MEMBERS=                                        14
                14:22: 7:68  PLATES =                                         0
                14:22: 7:68  SOLIDS =                                         0
                14:22: 7:69  NO. OF EQUATIONS=                               54
                14:22: 7:69  idyn=                                            0
                14:22: 7:70  ipd=                                             0
                14:22: 7:70  icablanl=                                        0
                14:22: 7:71  ++ Processing Element Stiffness Matrix.
                14:22: 7:71  NV1                                            117
                14:22: 7:84  ++ Calculating Element Forces & Reactions.
                14:22: 8:41  COMBINATION CASES=                               0
                14:22: 8:41  MAX CM MEMORY (KILOWORDS)                       33
                14:22: 8:41  AFTER SOLVER 1
                14:22: 8:42  REOPEN AS SEQ                                    0
                14:22: 8:42  DEFINE ENVELOPE
                14:22: 8:44  LOAD LIST 1101 TO 110
                14:22: 8:44  PARAMETER 1
                14:22: 8:45  CHECK CODE MEMB 201 T
                14:22: 8:45  ENTERING SECTNM110 IQ=                          14
                14:22: 8:46               NSEC=                              11
                14:22: 8:46             ISECTN=                               0
                14:22: 8:49  SECTNM110 DO 925
                14:22: 8:51  ENTERING ENVLP1 ITYP1=                          -3
                14:22: 8:51  SECT DISPLACE
                14:22: 8:54  Steel/Alum/Timber Design                        52
                14:22: 8:59    ++ Finished Design ...
                14:22: 8:59  Steel/Timber Design exit
                14:22: 8:60  LOAD LIST 2101 TO 210
                14:22: 8:60  PARAMETER 1
                14:22: 8:61  CHECK CODE MEMB 201 T
                14:22: 8:61  ENTERING ENVLP1 ITYP1=                          -3
                14:22: 8:62  SECT DISPLACE
                14:22: 8:64  Steel/Alum/Timber Design                        52
                14:22: 8:65    ++ Finished Design ...
                14:22: 8:65  Steel/Timber Design exit
                14:22: 8:66  LOAD LIST ENV 4 TO 7
                14:22: 8:67  PARAMETER 1
                14:22: 8:67  CHECK CODE MEMB 201 T
                14:22: 8:68  ENTERING ENVLP1 ITYP1=                          -3
                14:22: 8:68  SECT DISPLACE
                14:22: 8:71  Steel/Alum/Timber Design                        52
                14:22: 8:72    ++ Finished Design ...
                14:22: 8:72  Steel/Timber Design exit
                14:22: 8:73  PRINT JOINT DISPLACEM
                14:22: 8:74  PRINT SUPPORT REACTIO
                14:22: 8:74  FINISH
                14:22: 8:75  All Commands FINISHed
                14:22: 8:75  DATASAVE for SPRO GUI
                14:22: 8:76  ++ Creating Displacement File (DSP)...
                14:22: 8:77  ++ Creating Reaction File (REA)...
                14:22: 8:77  ++ Creating Section Force File (BMD)...
                14:22: 8:81  ++ Creating Section Displace File (SEC)...
                14:22: 8:81  ENTERING ENVLP1 ITYP1=                          -5
                14:22: 8:82  SECT DISPLACE
                14:22: 8:86  ++ Creating Section Displace File (SCN)...
                14:22: 8:89  ++ Creating Design information File (DGN)...
                14:22: 8:89  ALLOCATED CM MEMORY (KILOWORDS)             300000
                14:22: 8:90  MAX CM MEMORY (KILOWORDS)                       91
                14:22: 8:90  DBS LONG SEC NAME
* End Of Analysis At Thu Sep  5 14:22:08 2024
* CPU usage = 3.841000
* STAAD Exit Code: 100, Warning Count: 0, Error Count: 0, Duration: 3.841
1 0 0 3.841
****************************************************************************
*                            END OF ANALYSIS                               *
****************************************************************************
