08/01/2024 13:03:22	Reading UID database.
08/01/2024 13:03:22	Start loading STAAD model.
08/01/2024 13:03:22	Reading model file.
08/01/2024 13:03:22	Reading model file is complete.
08/01/2024 13:03:22	Processing support.
08/01/2024 13:03:22	Processing springs.
08/01/2024 13:03:22	Processing properties.
08/01/2024 13:03:22	Processing physical properties.
08/01/2024 13:03:23	Processing constants.
08/01/2024 13:03:23	Processing BETA constants.
08/01/2024 13:03:23	Processing hidden analytical member loads.
08/01/2024 13:03:23	Processing command list for member release.
08/01/2024 13:03:23	Processing command list for member offset.
08/01/2024 13:03:23	Processing command list for member specs (cracked).
08/01/2024 13:03:23	Processing command list for member specs (axial).
08/01/2024 13:03:23	Processing command list for element release.
08/01/2024 13:03:23	Processing command list for element offset.
08/01/2024 13:03:23	Processing command list for element plate stress directive.
08/01/2024 13:03:23	Processing parameter for Chinese wind load case.
08/01/2024 13:03:23	End Processing command list.
08/01/2024 13:03:23	End loading STAAD model.
08/01/2024 13:03:23	Start Post Analysis method
08/01/2024 13:03:23	Removed all hidden plates from surfaces
08/01/2024 13:03:23	Removed all hidden plates
08/01/2024 13:03:23	Removed all hidden nodes
08/01/2024 13:03:23	Loading results from MSH file...
08/01/2024 13:03:23	Building result indices...
08/01/2024 13:03:23	Loading plate stress results...
08/01/2024 13:03:23	Set analysis report setup data
08/01/2024 13:03:23	Starting page setup...
08/01/2024 13:03:23	Page setup completed
08/01/2024 13:03:23	Setting available workflows...
08/01/2024 13:03:23	Post analysis method ends
08/01/2024 13:05:26	Reading UID database.
08/01/2024 13:05:26	Start loading STAAD model.
08/01/2024 13:05:26	Reading model file.
08/01/2024 13:05:26	Reading model file is complete.
08/01/2024 13:05:26	Processing support.
08/01/2024 13:05:26	Processing springs.
08/01/2024 13:05:26	Processing properties.
08/01/2024 13:05:26	Processing physical properties.
08/01/2024 13:05:26	Processing constants.
08/01/2024 13:05:26	Processing BETA constants.
08/01/2024 13:05:26	Processing hidden analytical member loads.
08/01/2024 13:05:26	Processing command list for member release.
08/01/2024 13:05:26	Processing command list for member offset.
08/01/2024 13:05:26	Processing command list for member specs (cracked).
08/01/2024 13:05:26	Processing command list for member specs (axial).
08/01/2024 13:05:26	Processing command list for element release.
08/01/2024 13:05:26	Processing command list for element offset.
08/01/2024 13:05:26	Processing command list for element plate stress directive.
08/01/2024 13:05:26	Processing parameter for Chinese wind load case.
08/01/2024 13:05:26	End Processing command list.
08/01/2024 13:05:26	End loading STAAD model.
08/01/2024 13:05:26	Start Post Analysis method
08/01/2024 13:05:26	Removed all hidden plates from surfaces
08/01/2024 13:05:26	Removed all hidden plates
08/01/2024 13:05:26	Removed all hidden nodes
08/01/2024 13:05:26	Loading results from MSH file...
08/01/2024 13:05:26	Building result indices...
08/01/2024 13:05:27	Loading plate stress results...
08/01/2024 13:05:27	Set analysis report setup data
08/01/2024 13:05:27	Starting page setup...
08/01/2024 13:05:27	Page setup completed
08/01/2024 13:05:27	Setting available workflows...
08/01/2024 13:05:27	Post analysis method ends
08/01/2024 13:05:37	Start Post Analysis method
08/01/2024 13:05:37	Removed all hidden plates from surfaces
08/01/2024 13:05:37	Removed all hidden plates
08/01/2024 13:05:37	Removed all hidden nodes
08/01/2024 13:05:37	Loading results from MSH file...
08/01/2024 13:05:37	Building result indices...
08/01/2024 13:05:37	Loading plate stress results...
08/01/2024 13:05:37	Set analysis report setup data
08/01/2024 13:05:37	Starting page setup...
08/01/2024 13:05:37	Page setup completed
08/01/2024 13:05:37	Setting available workflows...
08/01/2024 13:05:37	Post analysis method ends
08/01/2024 13:47:37	Reading UID database.
08/01/2024 13:47:37	Start loading STAAD model.
08/01/2024 13:47:37	Reading model file.
08/01/2024 13:47:37	Reading model file is complete.
08/01/2024 13:47:37	Processing support.
08/01/2024 13:47:37	Processing springs.
08/01/2024 13:47:37	Processing properties.
08/01/2024 13:47:37	Processing physical properties.
08/01/2024 13:47:37	Processing constants.
08/01/2024 13:47:37	Processing BETA constants.
08/01/2024 13:47:37	Processing hidden analytical member loads.
08/01/2024 13:47:37	Processing command list for member release.
08/01/2024 13:47:37	Processing command list for member offset.
08/01/2024 13:47:37	Processing command list for member specs (cracked).
08/01/2024 13:47:37	Processing command list for member specs (axial).
08/01/2024 13:47:37	Processing command list for element release.
08/01/2024 13:47:37	Processing command list for element offset.
08/01/2024 13:47:37	Processing command list for element plate stress directive.
08/01/2024 13:47:37	Processing parameter for Chinese wind load case.
08/01/2024 13:47:37	End Processing command list.
08/01/2024 13:47:37	End loading STAAD model.
08/01/2024 13:47:37	Start Post Analysis method
08/01/2024 13:47:37	Removed all hidden plates from surfaces
08/01/2024 13:47:37	Removed all hidden plates
08/01/2024 13:47:37	Removed all hidden nodes
08/01/2024 13:47:37	Loading results from MSH file...
08/01/2024 13:47:37	Building result indices...
08/01/2024 13:47:37	Loading plate stress results...
08/01/2024 13:47:37	Set analysis report setup data
08/01/2024 13:47:37	Starting page setup...
08/01/2024 13:47:37	Page setup completed
08/01/2024 13:47:37	Setting available workflows...
08/01/2024 13:47:37	Post analysis method ends
08/01/2024 13:47:49	Start Post Analysis method
08/01/2024 13:47:49	Removed all hidden plates from surfaces
08/01/2024 13:47:49	Removed all hidden plates
08/01/2024 13:47:49	Removed all hidden nodes
08/01/2024 13:47:49	Loading results from MSH file...
08/01/2024 13:47:49	Building result indices...
08/01/2024 13:47:49	Loading plate stress results...
08/01/2024 13:47:49	Set analysis report setup data
08/01/2024 13:47:49	Starting page setup...
08/01/2024 13:47:49	Page setup completed
08/01/2024 13:47:49	Setting available workflows...
08/01/2024 13:47:49	Post analysis method ends
