18:42:46	Initializing STAAD Engine
18:42:46	Run stream set up is complete.
18:42:46	Initialize license libraries.
18:42:46	License libraries initialized.
18:42:46	Starting license(s) for A & D engine.
18:42:47	License Status: Ok
18:42:47	License information set up is complete.
****************************************************************************
*                            START OF ANALYSIS                             *
****************************************************************************
* Initiating Analysis At Fri Dec  6 18:42:47 2024
                          PROGRAM: STAAD.Pro
                          VERSION: 23.00.03.25
                18:42:47:68  ENTERING STAAD
                18:42:47:70  USING 64 BIT STAAD ENGINE
                18:42:47:70  ENTERING MAINN
                18:42:47:70  START JOB INFORMATION
                18:42:47:71  INPUT WIDTH 79
                18:42:47:72  UNIT MMS KN
                18:42:47:73  JOINT COORDINATES
                18:42:47:74  ENTERING JOINTC
                18:42:47:75  JOINTC NEWJ                                 400000
                18:42:47:76  MAX NODE NO.                                    25
                18:42:47:77  MEMBER INCIDENCES
                18:42:47:77  UNIT METER KN
                18:42:47:78  DEFINE MATERIAL START
                18:42:47:79  UNIT MMS KN
                18:42:47:79  MEMBER PROPERTY EUROP
                18:42:47:93    ++ Finished Reading Member Properties ...
                18:42:47:93  CONSTANTS
                18:42:47:94  SUPPORTS
                18:42:47:95  ENTERING SUPPORT
                18:42:47:96  UNIT METER KN
                18:42:47:96  DEFINE WIND LOAD
                18:42:47:98  LOAD 121 LOADTYPE DEA
                18:42:47:98  DUPLICATE ELEMENT CHECK
                18:42:47:99  CHECKING STRUCTURAL INTEGRITY
                18:42:48: 0  CHECK UNCONNECTED JOINTS AND
                18:42:48: 1  CALCULATE MAX JOINT CONNECTIVITY
                18:42:48: 2  CHECK MULTIPLE STRUCTURES
                18:42:48: 3  ENTERING SUPPORT
                18:42:48: 4  NRJOLD                                           0
                18:42:48: 5  SUPPORT NOLD                                     0
                18:42:48: 5  SUPPORT N                                      114
                18:42:48: 6  BEFORE LOADPR
                18:42:48: 7  REOPEN AS DIR                                    0
                18:42:48: 8  ENTER LOADPR
                18:42:48:26  PERFORM ANALYSIS PRIN
                18:42:48:26  pdel iter                                        0
                18:42:48:27  MAXIMUM E =                           2.973273E+04
                18:42:48:27  MINIMUM E =                           2.973273E+04
                18:42:48:28  MBW DOF BAND=                                    1
                18:42:48:29  NUMBER OF PRIMARY CASES                        101
                18:42:48:29  NUMBER OF CASES                                252
                18:42:48:30  #OF CASES W/ELEM INMEMORY                      252
                18:42:48:31  MEMORY FOR MEMBER LOADS                      69552
                18:42:48:32  MEMORY FOR DISPLACEMENTS                     33264
                18:42:48:33  MEMORY FOR MEMBER FORCES                     69552
                18:42:48:34  Using 64-bit analysis engine
                18:42:48:35  BEFORE SOLVER 1
                18:42:48:36  Start Input for Next Load Case
                18:42:48:37  case no=  121 seq. no=   1 idynl= 0
                18:42:48:38  MASSSET                                          0
                18:42:48:39  LOADEND ISLAVE                                   0
                18:42:48:39  Start Input for Next Load Case
                18:42:48:40  case no=  201 seq. no=   2 idynl= 0
                18:42:48:41  LOADEND ISLAVE                                   0
                18:42:48:42  Start Input for Next Load Case
                18:42:48:42  case no=  202 seq. no=   3 idynl= 0
                18:42:48:43  LOADEND ISLAVE                                   0
                18:42:48:44  Start Input for Next Load Case
                18:42:48:44  case no=  203 seq. no=   4 idynl= 0
                18:42:48:45  LOADEND ISLAVE                                   0
                18:42:48:45  Start Input for Next Load Case
                18:42:48:46  case no=  204 seq. no=   5 idynl= 0
                18:42:48:46  LOADEND ISLAVE                                   0
                18:42:48:47  Start Input for Next Load Case
                18:42:48:48  case no=  205 seq. no=   6 idynl= 0
                18:42:48:48  LOADEND ISLAVE                                   0
                18:42:48:49  Start Input for Next Load Case
                18:42:48:50  case no=  206 seq. no=   7 idynl= 0
                18:42:48:51  LOADEND ISLAVE                                   0
                18:42:48:52  Start Input for Next Load Case
                18:42:48:53  case no=  207 seq. no=   8 idynl= 0
                18:42:48:53  LOADEND ISLAVE                                   0
                18:42:48:54  Start Input for Next Load Case
                18:42:48:54  case no=  208 seq. no=   9 idynl= 0
                18:42:48:55  LOADEND ISLAVE                                   0
                18:42:48:56  Start Input for Next Load Case
                18:42:48:57  case no=  312 seq. no=  10 idynl= 0
                18:42:48:57  LOADEND ISLAVE                                   0
                18:42:48:58  Start Input for Next Load Case
                18:42:48:59  case no=  313 seq. no=  11 idynl= 0
                18:42:48:59  LOADEND ISLAVE                                   0
                18:42:48:60  Start Input for Next Load Case
                18:42:48:61  case no=  314 seq. no=  12 idynl= 0
                18:42:48:61  LOADEND ISLAVE                                   0
                18:42:48:62  Start Input for Next Load Case
                18:42:48:64  case no=  315 seq. no=  13 idynl= 0
                18:42:48:65  LOADEND ISLAVE                                   0
                18:42:48:66  Start Input for Next Load Case
                18:42:48:67  case no=  322 seq. no=  14 idynl= 0
                18:42:48:68  LOADEND ISLAVE                                   0
                18:42:48:69  Start Input for Next Load Case
                18:42:48:71  case no=  323 seq. no=  15 idynl= 0
                18:42:48:72  LOADEND ISLAVE                                   0
                18:42:48:73  Start Input for Next Load Case
                18:42:48:74  case no=  324 seq. no=  16 idynl= 0
                18:42:48:75  LOADEND ISLAVE                                   0
                18:42:48:77  Start Input for Next Load Case
                18:42:48:78  case no=  325 seq. no=  17 idynl= 0
                18:42:48:79  LOADEND ISLAVE                                   0
                18:42:48:81  Start Input for Next Load Case
                18:42:48:82  case no=  332 seq. no=  18 idynl= 0
                18:42:48:83  LOADEND ISLAVE                                   0
                18:42:48:85  Start Input for Next Load Case
                18:42:48:86  case no=  333 seq. no=  19 idynl= 0
                18:42:48:87  LOADEND ISLAVE                                   0
                18:42:48:88  Start Input for Next Load Case
                18:42:48:90  case no=  334 seq. no=  20 idynl= 0
                18:42:48:91  LOADEND ISLAVE                                   0
                18:42:48:92  Start Input for Next Load Case
                18:42:48:93  case no=  335 seq. no=  21 idynl= 0
                18:42:48:94  LOADEND ISLAVE                                   0
                18:42:48:96  Start Input for Next Load Case
                18:42:48:97  case no=  411 seq. no=  22 idynl= 0
                18:42:48:98  LOADEND ISLAVE                                   0
                18:42:48:99  Start Input for Next Load Case
                18:42:49: 1  case no=  412 seq. no=  23 idynl= 0
                18:42:49: 2  LOADEND ISLAVE                                   0
                18:42:49: 3  Start Input for Next Load Case
                18:42:49: 4  case no=  413 seq. no=  24 idynl= 0
                18:42:49: 5  LOADEND ISLAVE                                   0
                18:42:49: 6  Start Input for Next Load Case
                18:42:49: 7  case no=  414 seq. no=  25 idynl= 0
                18:42:49: 8  LOADEND ISLAVE                                   0
                18:42:49: 9  Start Input for Next Load Case
                18:42:49:10  case no=  415 seq. no=  26 idynl= 0
                18:42:49:10  LOADEND ISLAVE                                   0
                18:42:49:11  Start Input for Next Load Case
                18:42:49:11  case no=  416 seq. no=  27 idynl= 0
                18:42:49:12  LOADEND ISLAVE                                   0
                18:42:49:12  Start Input for Next Load Case
                18:42:49:13  case no=  417 seq. no=  28 idynl= 0
                18:42:49:13  LOADEND ISLAVE                                   0
                18:42:49:14  Start Input for Next Load Case
                18:42:49:15  case no=  418 seq. no=  29 idynl= 0
                18:42:49:15  LOADEND ISLAVE                                   0
                18:42:49:16  Start Input for Next Load Case
                18:42:49:16  case no=  421 seq. no=  30 idynl= 0
                18:42:49:17  LOADEND ISLAVE                                   0
                18:42:49:17  Start Input for Next Load Case
                18:42:49:18  case no=  422 seq. no=  31 idynl= 0
                18:42:49:19  LOADEND ISLAVE                                   0
                18:42:49:19  Start Input for Next Load Case
                18:42:49:20  case no=  423 seq. no=  32 idynl= 0
                18:42:49:21  LOADEND ISLAVE                                   0
                18:42:49:21  Start Input for Next Load Case
                18:42:49:22  case no=  424 seq. no=  33 idynl= 0
                18:42:49:23  LOADEND ISLAVE                                   0
                18:42:49:24  Start Input for Next Load Case
                18:42:49:24  case no=  425 seq. no=  34 idynl= 0
                18:42:49:25  LOADEND ISLAVE                                   0
                18:42:49:26  Start Input for Next Load Case
                18:42:49:27  case no=  426 seq. no=  35 idynl= 0
                18:42:49:28  LOADEND ISLAVE                                   0
                18:42:49:29  Start Input for Next Load Case
                18:42:49:30  case no=  427 seq. no=  36 idynl= 0
                18:42:49:31  LOADEND ISLAVE                                   0
                18:42:49:32  Start Input for Next Load Case
                18:42:49:33  case no=  428 seq. no=  37 idynl= 0
                18:42:49:34  LOADEND ISLAVE                                   0
                18:42:49:35  Start Input for Next Load Case
                18:42:49:36  case no=  711 seq. no=  38 idynl= 0
                18:42:49:36  LOADEND ISLAVE                                   0
                18:42:49:37  Start Input for Next Load Case
                18:42:49:38  case no=  712 seq. no=  39 idynl= 0
                18:42:49:39  LOADEND ISLAVE                                   0
                18:42:49:40  Start Input for Next Load Case
                18:42:49:41  case no=  713 seq. no=  40 idynl= 0
                18:42:49:42  LOADEND ISLAVE                                   0
                18:42:49:42  Start Input for Next Load Case
                18:42:49:43  case no=  714 seq. no=  41 idynl= 0
                18:42:49:44  LOADEND ISLAVE                                   0
                18:42:49:45  Start Input for Next Load Case
                18:42:49:46  case no=  715 seq. no=  42 idynl= 0
                18:42:49:47  LOADEND ISLAVE                                   0
                18:42:49:48  Start Input for Next Load Case
                18:42:49:49  case no=  716 seq. no=  43 idynl= 0
                18:42:49:49  LOADEND ISLAVE                                   0
                18:42:49:50  Start Input for Next Load Case
                18:42:49:51  case no=  717 seq. no=  44 idynl= 0
                18:42:49:52  LOADEND ISLAVE                                   0
                18:42:49:53  Start Input for Next Load Case
                18:42:49:53  case no=  718 seq. no=  45 idynl= 0
                18:42:49:54  LOADEND ISLAVE                                   0
                18:42:49:55  Start Input for Next Load Case
                18:42:49:56  case no= 1101 seq. no=  46 idynl= 0
                18:42:49:56  LOADEND ISLAVE                                   0
                18:42:49:57  Start Input for Next Load Case
                18:42:49:58  case no= 1102 seq. no=  47 idynl= 0
                18:42:49:59  LOADEND ISLAVE                                   0
                18:42:49:60  Start Input for Next Load Case
                18:42:49:61  case no= 1103 seq. no=  48 idynl= 0
                18:42:49:62  LOADEND ISLAVE                                   0
                18:42:49:63  Start Input for Next Load Case
                18:42:49:64  case no= 1104 seq. no=  49 idynl= 0
                18:42:49:65  LOADEND ISLAVE                                   0
                18:42:49:66  Start Input for Next Load Case
                18:42:49:67  case no= 1105 seq. no=  50 idynl= 0
                18:42:49:68  LOADEND ISLAVE                                   0
                18:42:49:68  Start Input for Next Load Case
                18:42:49:69  case no= 1106 seq. no=  51 idynl= 0
                18:42:49:70  LOADEND ISLAVE                                   0
                18:42:49:70  Start Input for Next Load Case
                18:42:49:71  case no= 1107 seq. no=  52 idynl= 0
                18:42:49:71  LOADEND ISLAVE                                   0
                18:42:49:72  Start Input for Next Load Case
                18:42:49:72  case no= 1108 seq. no=  53 idynl= 0
                18:42:49:73  LOADEND ISLAVE                                   0
                18:42:49:73  Start Input for Next Load Case
                18:42:49:74  case no= 1201 seq. no=  54 idynl= 0
                18:42:49:74  LOADEND ISLAVE                                   0
                18:42:49:75  Start Input for Next Load Case
                18:42:49:75  case no= 1202 seq. no=  55 idynl= 0
                18:42:49:76  LOADEND ISLAVE                                   0
                18:42:49:76  Start Input for Next Load Case
                18:42:49:77  case no= 1203 seq. no=  56 idynl= 0
                18:42:49:77  LOADEND ISLAVE                                   0
                18:42:49:78  Start Input for Next Load Case
                18:42:49:78  case no= 1204 seq. no=  57 idynl= 0
                18:42:49:79  LOADEND ISLAVE                                   0
                18:42:49:79  Start Input for Next Load Case
                18:42:49:80  case no= 1205 seq. no=  58 idynl= 0
                18:42:49:80  LOADEND ISLAVE                                   0
                18:42:49:81  Start Input for Next Load Case
                18:42:49:81  case no= 1206 seq. no=  59 idynl= 0
                18:42:49:82  LOADEND ISLAVE                                   0
                18:42:49:83  Start Input for Next Load Case
                18:42:49:83  case no= 1207 seq. no=  60 idynl= 0
                18:42:49:84  LOADEND ISLAVE                                   0
                18:42:49:85  Start Input for Next Load Case
                18:42:49:85  case no= 1208 seq. no=  61 idynl= 0
                18:42:49:86  LOADEND ISLAVE                                   0
                18:42:49:87  Start Input for Next Load Case
                18:42:49:87  case no= 2101 seq. no=  62 idynl= 0
                18:42:49:88  LOADEND ISLAVE                                   0
                18:42:49:89  Start Input for Next Load Case
                18:42:49:90  case no= 2102 seq. no=  63 idynl= 0
                18:42:49:91  LOADEND ISLAVE                                   0
                18:42:49:92  Start Input for Next Load Case
                18:42:49:93  case no= 2103 seq. no=  64 idynl= 0
                18:42:49:94  LOADEND ISLAVE                                   0
                18:42:49:95  Start Input for Next Load Case
                18:42:49:96  case no= 2104 seq. no=  65 idynl= 0
                18:42:49:96  LOADEND ISLAVE                                   0
                18:42:49:97  Start Input for Next Load Case
                18:42:49:98  case no= 2105 seq. no=  66 idynl= 0
                18:42:49:99  LOADEND ISLAVE                                   0
                18:42:50: 0  Start Input for Next Load Case
                18:42:50: 0  case no= 2106 seq. no=  67 idynl= 0
                18:42:50: 1  LOADEND ISLAVE                                   0
                18:42:50: 2  Start Input for Next Load Case
                18:42:50: 2  case no= 2107 seq. no=  68 idynl= 0
                18:42:50: 3  LOADEND ISLAVE                                   0
                18:42:50: 4  Start Input for Next Load Case
                18:42:50: 5  case no= 2108 seq. no=  69 idynl= 0
                18:42:50: 6  LOADEND ISLAVE                                   0
                18:42:50: 6  Start Input for Next Load Case
                18:42:50: 7  case no= 3001 seq. no=  70 idynl= 0
                18:42:50: 8  LOADEND ISLAVE                                   0
                18:42:50: 9  Start Input for Next Load Case
                18:42:50:10  case no= 3002 seq. no=  71 idynl= 0
                18:42:50:11  LOADEND ISLAVE                                   0
                18:42:50:11  Start Input for Next Load Case
                18:42:50:12  case no= 3003 seq. no=  72 idynl= 0
                18:42:50:13  LOADEND ISLAVE                                   0
                18:42:50:14  Start Input for Next Load Case
                18:42:50:15  case no= 3004 seq. no=  73 idynl= 0
                18:42:50:15  LOADEND ISLAVE                                   0
                18:42:50:16  Start Input for Next Load Case
                18:42:50:17  case no= 3005 seq. no=  74 idynl= 0
                18:42:50:18  LOADEND ISLAVE                                   0
                18:42:50:18  Start Input for Next Load Case
                18:42:50:19  case no= 3006 seq. no=  75 idynl= 0
                18:42:50:20  LOADEND ISLAVE                                   0
                18:42:50:21  Start Input for Next Load Case
                18:42:50:21  case no= 3007 seq. no=  76 idynl= 0
                18:42:50:23  LOADEND ISLAVE                                   0
                18:42:50:24  Start Input for Next Load Case
                18:42:50:25  case no= 3008 seq. no=  77 idynl= 0
                18:42:50:26  LOADEND ISLAVE                                   0
                18:42:50:26  Start Input for Next Load Case
                18:42:50:27  case no= 3011 seq. no=  78 idynl= 0
                18:42:50:28  LOADEND ISLAVE                                   0
                18:42:50:29  Start Input for Next Load Case
                18:42:50:30  case no= 3012 seq. no=  79 idynl= 0
                18:42:50:31  LOADEND ISLAVE                                   0
                18:42:50:32  Start Input for Next Load Case
                18:42:50:33  case no= 3013 seq. no=  80 idynl= 0
                18:42:50:33  LOADEND ISLAVE                                   0
                18:42:50:34  Start Input for Next Load Case
                18:42:50:34  case no= 3014 seq. no=  81 idynl= 0
                18:42:50:35  LOADEND ISLAVE                                   0
                18:42:50:35  Start Input for Next Load Case
                18:42:50:36  case no= 3015 seq. no=  82 idynl= 0
                18:42:50:36  LOADEND ISLAVE                                   0
                18:42:50:37  Start Input for Next Load Case
                18:42:50:37  case no= 3016 seq. no=  83 idynl= 0
                18:42:50:38  LOADEND ISLAVE                                   0
                18:42:50:38  Start Input for Next Load Case
                18:42:50:39  case no= 3017 seq. no=  84 idynl= 0
                18:42:50:39  LOADEND ISLAVE                                   0
                18:42:50:40  Start Input for Next Load Case
                18:42:50:40  case no= 3018 seq. no=  85 idynl= 0
                18:42:50:41  LOADEND ISLAVE                                   0
                18:42:50:42  Start Input for Next Load Case
                18:42:50:42  case no= 3021 seq. no=  86 idynl= 0
                18:42:50:43  LOADEND ISLAVE                                   0
                18:42:50:43  Start Input for Next Load Case
                18:42:50:44  case no= 3022 seq. no=  87 idynl= 0
                18:42:50:44  LOADEND ISLAVE                                   0
                18:42:50:45  Start Input for Next Load Case
                18:42:50:45  case no= 3023 seq. no=  88 idynl= 0
                18:42:50:46  LOADEND ISLAVE                                   0
                18:42:50:46  Start Input for Next Load Case
                18:42:50:47  case no= 3024 seq. no=  89 idynl= 0
                18:42:50:48  LOADEND ISLAVE                                   0
                18:42:50:48  Start Input for Next Load Case
                18:42:50:49  case no= 3025 seq. no=  90 idynl= 0
                18:42:50:50  LOADEND ISLAVE                                   0
                18:42:50:50  Start Input for Next Load Case
                18:42:50:51  case no= 3026 seq. no=  91 idynl= 0
                18:42:50:52  LOADEND ISLAVE                                   0
                18:42:50:53  Start Input for Next Load Case
                18:42:50:54  case no= 3027 seq. no=  92 idynl= 0
                18:42:50:55  LOADEND ISLAVE                                   0
                18:42:50:56  Start Input for Next Load Case
                18:42:50:56  case no= 3028 seq. no=  93 idynl= 0
                18:42:50:57  LOADEND ISLAVE                                   0
                18:42:50:58  Start Input for Next Load Case
                18:42:50:59  case no= 3201 seq. no=  94 idynl= 0
                18:42:50:60  LOADEND ISLAVE                                   0
                18:42:50:61  Start Input for Next Load Case
                18:42:50:62  case no= 3202 seq. no=  95 idynl= 0
                18:42:50:62  LOADEND ISLAVE                                   0
                18:42:50:63  Start Input for Next Load Case
                18:42:50:64  case no= 3203 seq. no=  96 idynl= 0
                18:42:50:64  LOADEND ISLAVE                                   0
                18:42:50:65  Start Input for Next Load Case
                18:42:50:66  case no= 3204 seq. no=  97 idynl= 0
                18:42:50:67  LOADEND ISLAVE                                   0
                18:42:50:67  Start Input for Next Load Case
                18:42:50:69  case no= 3205 seq. no=  98 idynl= 0
                18:42:50:70  LOADEND ISLAVE                                   0
                18:42:50:70  Start Input for Next Load Case
                18:42:50:71  case no= 3206 seq. no=  99 idynl= 0
                18:42:50:72  LOADEND ISLAVE                                   0
                18:42:50:73  Start Input for Next Load Case
                18:42:50:74  case no= 3207 seq. no= 100 idynl= 0
                18:42:50:75  LOADEND ISLAVE                                   0
                18:42:50:76  Start Input for Next Load Case
                18:42:50:77  case no= 3208 seq. no= 101 idynl= 0
                18:42:50:77  LOADEND ISLAVE                                   0
                18:42:50:78  NVPREV                                           0
                18:42:50:79  AMAXNON                               5.308399E-01
                18:42:50:79  IRECSIZL=                                     4000
                18:42:50:80  MTX BLOCKSIZE=                                 114
                18:42:50:81  MI=                                            114
                18:42:50:81  NORECL=                                          1
                18:42:50:82  NORECL1=                                         1
                18:42:50:83  IWORD=                                       32000
                18:42:50:83  JRECSIZE=                                     4000
                18:42:50:84  IWORDJ=                                      32000
                18:42:50:85  IBYTE=                                           4
                18:42:50:86  JOINTS=                                         22
                18:42:50:87  MEMBERS=                                        23
                18:42:50:88  PLATES =                                         0
                18:42:50:88  SOLIDS =                                         0
                18:42:50:89  NO. OF EQUATIONS=                              114
                18:42:50:90  idyn=                                            0
                18:42:50:91  ipd=                                             0
                18:42:50:92  icablanl=                                        0
                18:42:50:93  ++ Processing Element Stiffness Matrix.
                18:42:50:94  NV1                                            101
                18:42:51: 5  ++ Calculating Element Forces & Reactions.
                18:42:51:83  COMBINATION CASES=                               0
                18:42:51:83  MAX CM MEMORY (KILOWORDS)                       38
                18:42:51:84  AFTER SOLVER 1
                18:42:51:86  REOPEN AS SEQ                                    0
                18:42:51:86  DEFINE ENVELOPE
                18:42:51:89  LOAD LIST 1101 TO 110
                18:42:51:89  PARAMETER 1
                18:42:51:90  CHECK CODE MEMB 201 T
                18:42:51:90  ENTERING SECTNM110 IQ=                          23
                18:42:51:91               NSEC=                              11
                18:42:51:92             ISECTN=                               0
                18:42:51:96  SECTNM110 DO 925
                18:42:51:99  ENTERING ENVLP1 ITYP1=                          -3
                18:42:51:99  SECT DISPLACE
                18:42:52: 5  Steel/Alum/Timber Design                        52
                18:42:52: 6    ++ Finished Design ...
                18:42:52: 6  Steel/Timber Design exit
                18:42:52: 7  LOAD LIST 2101 TO 210
                18:42:52: 8  PARAMETER 1
                18:42:52: 9  CHECK CODE MEMB 201 T
                18:42:52: 9  ENTERING ENVLP1 ITYP1=                          -3
                18:42:52:10  SECT DISPLACE
                18:42:52:15  Steel/Alum/Timber Design                        52
                18:42:52:16    ++ Finished Design ...
                18:42:52:16  Steel/Timber Design exit
                18:42:52:17  LOAD LIST ENV 4 TO 7
                18:42:52:18  PARAMETER 1
                18:42:52:20  CHECK CODE MEMB 201 T
                18:42:52:20  ENTERING ENVLP1 ITYP1=                          -3
                18:42:52:21  SECT DISPLACE
                18:42:52:25  Steel/Alum/Timber Design                        52
                18:42:52:28    ++ Finished Design ...
                18:42:52:28  Steel/Timber Design exit
                18:42:52:28  PRINT JOINT DISPLACEM
                18:42:52:29  PRINT SUPPORT REACTIO
                18:42:52:30  FINISH
                18:42:52:30  All Commands FINISHed
                18:42:52:31  DATASAVE for SPRO GUI
                18:42:52:32  ++ Creating Displacement File (DSP)...
                18:42:52:33  ++ Creating Reaction File (REA)...
                18:42:52:33  ++ Creating Section Force File (BMD)...
                18:42:52:37  ++ Creating Section Displace File (SEC)...
                18:42:52:38  ENTERING ENVLP1 ITYP1=                          -5
                18:42:52:38  SECT DISPLACE
                18:42:52:44  ++ Creating Section Displace File (SCN)...
                18:42:52:49  ++ Creating Design information File (DGN)...
                18:42:52:50  ALLOCATED CM MEMORY (KILOWORDS)             300000
                18:42:52:51  MAX CM MEMORY (KILOWORDS)                      117
                18:42:52:52  DBS LONG SEC NAME
* End Of Analysis At Fri Dec  6 18:42:52 2024
* CPU usage = 4.929000
* STAAD Exit Code: 100, Warning Count: 0, Error Count: 0, Duration: 4.929
1 0 0 4.929
****************************************************************************
*                            END OF ANALYSIS                               *
****************************************************************************
