12/06/2024 19:08:16	Reading UID database.
12/06/2024 19:08:16	Start loading STAAD model.
12/06/2024 19:08:16	Reading model file.
12/06/2024 19:08:17	Reading model file is complete.
12/06/2024 19:08:17	Processing support.
12/06/2024 19:08:17	Processing springs.
12/06/2024 19:08:17	Processing properties.
12/06/2024 19:08:17	Processing physical properties.
12/06/2024 19:08:17	Processing constants.
12/06/2024 19:08:17	Processing BETA constants.
12/06/2024 19:08:17	Processing hidden analytical member loads.
12/06/2024 19:08:17	Processing command list for member release.
12/06/2024 19:08:17	Processing command list for member offset.
12/06/2024 19:08:17	Processing command list for member specs (cracked).
12/06/2024 19:08:17	Processing command list for member specs (axial).
12/06/2024 19:08:17	Processing command list for element release.
12/06/2024 19:08:17	Processing command list for element offset.
12/06/2024 19:08:17	Processing command list for element plate stress directive.
12/06/2024 19:08:17	Processing parameter for Chinese wind load case.
12/06/2024 19:08:17	End Processing command list.
12/06/2024 19:08:17	End loading STAAD model.
12/06/2024 19:08:17	Start Post Analysis method
12/06/2024 19:08:17	Removed all hidden plates from surfaces
12/06/2024 19:08:17	Removed all hidden plates
12/06/2024 19:08:17	Removed all hidden nodes
12/06/2024 19:08:17	Loading results from MSH file...
12/06/2024 19:08:17	Building result indices...
12/06/2024 19:08:17	Loading plate stress results...
12/06/2024 19:08:17	Set analysis report setup data
12/06/2024 19:08:17	Starting page setup...
12/06/2024 19:08:17	Page setup completed
12/06/2024 19:08:17	Setting available workflows...
12/06/2024 19:08:17	Post analysis method ends
12/06/2024 19:08:29	Start Post Analysis method
12/06/2024 19:08:29	Removed all hidden plates from surfaces
12/06/2024 19:08:29	Removed all hidden plates
12/06/2024 19:08:29	Removed all hidden nodes
12/06/2024 19:08:29	Loading results from MSH file...
12/06/2024 19:08:29	Building result indices...
12/06/2024 19:08:29	Loading plate stress results...
12/06/2024 19:08:29	Set analysis report setup data
12/06/2024 19:08:29	Starting page setup...
12/06/2024 19:08:29	Page setup completed
12/06/2024 19:08:29	Setting available workflows...
12/06/2024 19:08:29	Post analysis method ends
