19:08:22	Initializing STAAD Engine
19:08:22	Run stream set up is complete.
19:08:22	Initialize license libraries.
19:08:23	License libraries initialized.
19:08:23	Starting license(s) for A & D engine.
19:08:23	License Status: Ok
19:08:23	License information set up is complete.
****************************************************************************
*                            START OF ANALYSIS                             *
****************************************************************************
* Initiating Analysis At Fri Dec  6 19:08:23 2024
                          PROGRAM: STAAD.Pro
                          VERSION: 23.00.03.25
                19: 8:23:84  ENTERING STAAD
                19: 8:23:85  USING 64 BIT STAAD ENGINE
                19: 8:23:86  ENTERING MAINN
                19: 8:23:86  START JOB INFORMATION
                19: 8:23:87  INPUT WIDTH 79
                19: 8:23:88  UNIT MMS KN
                19: 8:23:88  JOINT COORDINATES
                19: 8:23:89  ENTERING JOINTC
                19: 8:23:90  JOINTC NEWJ                                 400000
                19: 8:23:91  MAX NODE NO.                                    21
                19: 8:23:91  MEMBER INCIDENCES
                19: 8:23:92  UNIT METER KN
                19: 8:23:93  DEFINE MATERIAL START
                19: 8:23:93  UNIT MMS KN
                19: 8:23:94  MEMBER PROPERTY EUROP
                19: 8:24: 9    ++ Finished Reading Member Properties ...
                19: 8:24: 9  CONSTANTS
                19: 8:24:10  SUPPORTS
                19: 8:24:11  ENTERING SUPPORT
                19: 8:24:11  MEMBER OFFSET
                19: 8:24:12  DEFINE WIND LOAD
                19: 8:24:13  LOAD 121 LOADTYPE DEA
                19: 8:24:13  DUPLICATE ELEMENT CHECK
                19: 8:24:14  CHECKING STRUCTURAL INTEGRITY
                19: 8:24:14  CHECK UNCONNECTED JOINTS AND
                19: 8:24:15  CALCULATE MAX JOINT CONNECTIVITY
                19: 8:24:15  CHECK MULTIPLE STRUCTURES
                19: 8:24:16  ENTERING SUPPORT
                19: 8:24:16  NRJOLD                                           0
                19: 8:24:17  SUPPORT NOLD                                     0
                19: 8:24:17  SUPPORT N                                      108
                19: 8:24:18  BEFORE LOADPR
                19: 8:24:18  REOPEN AS DIR                                    0
                19: 8:24:19  ENTER LOADPR
                19: 8:24:32  PERFORM ANALYSIS PRIN
                19: 8:24:32  pdel iter                                        0
                19: 8:24:33  MAXIMUM E =                           2.973273E+04
                19: 8:24:34  MINIMUM E =                           2.973273E+04
                19: 8:24:35  MBW DOF BAND=                                    1
                19: 8:24:35  NUMBER OF PRIMARY CASES                        101
                19: 8:24:36  NUMBER OF CASES                                252
                19: 8:24:36  #OF CASES W/ELEM INMEMORY                      252
                19: 8:24:37  MEMORY FOR MEMBER LOADS                      66528
                19: 8:24:37  MEMORY FOR DISPLACEMENTS                     31752
                19: 8:24:38  MEMORY FOR MEMBER FORCES                     66528
                19: 8:24:38  Using 64-bit analysis engine
                19: 8:24:39  BEFORE SOLVER 1
                19: 8:24:40  Start Input for Next Load Case
                19: 8:24:40  case no=  121 seq. no=   1 idynl= 0
                19: 8:24:41  MASSSET                                          0
                19: 8:24:41  LOADEND ISLAVE                                   0
                19: 8:24:42  Start Input for Next Load Case
                19: 8:24:43  case no=  201 seq. no=   2 idynl= 0
                19: 8:24:44  LOADEND ISLAVE                                   0
                19: 8:24:44  Start Input for Next Load Case
                19: 8:24:45  case no=  202 seq. no=   3 idynl= 0
                19: 8:24:45  LOADEND ISLAVE                                   0
                19: 8:24:46  Start Input for Next Load Case
                19: 8:24:46  case no=  203 seq. no=   4 idynl= 0
                19: 8:24:47  LOADEND ISLAVE                                   0
                19: 8:24:47  Start Input for Next Load Case
                19: 8:24:48  case no=  204 seq. no=   5 idynl= 0
                19: 8:24:49  LOADEND ISLAVE                                   0
                19: 8:24:49  Start Input for Next Load Case
                19: 8:24:50  case no=  205 seq. no=   6 idynl= 0
                19: 8:24:50  LOADEND ISLAVE                                   0
                19: 8:24:51  Start Input for Next Load Case
                19: 8:24:52  case no=  206 seq. no=   7 idynl= 0
                19: 8:24:53  LOADEND ISLAVE                                   0
                19: 8:24:53  Start Input for Next Load Case
                19: 8:24:54  case no=  207 seq. no=   8 idynl= 0
                19: 8:24:55  LOADEND ISLAVE                                   0
                19: 8:24:55  Start Input for Next Load Case
                19: 8:24:56  case no=  208 seq. no=   9 idynl= 0
                19: 8:24:57  LOADEND ISLAVE                                   0
                19: 8:24:57  Start Input for Next Load Case
                19: 8:24:58  case no=  312 seq. no=  10 idynl= 0
                19: 8:24:59  LOADEND ISLAVE                                   0
                19: 8:24:59  Start Input for Next Load Case
                19: 8:24:60  case no=  313 seq. no=  11 idynl= 0
                19: 8:24:61  LOADEND ISLAVE                                   0
                19: 8:24:61  Start Input for Next Load Case
                19: 8:24:62  case no=  314 seq. no=  12 idynl= 0
                19: 8:24:62  LOADEND ISLAVE                                   0
                19: 8:24:63  Start Input for Next Load Case
                19: 8:24:63  case no=  315 seq. no=  13 idynl= 0
                19: 8:24:64  LOADEND ISLAVE                                   0
                19: 8:24:64  Start Input for Next Load Case
                19: 8:24:65  case no=  322 seq. no=  14 idynl= 0
                19: 8:24:65  LOADEND ISLAVE                                   0
                19: 8:24:66  Start Input for Next Load Case
                19: 8:24:66  case no=  323 seq. no=  15 idynl= 0
                19: 8:24:67  LOADEND ISLAVE                                   0
                19: 8:24:67  Start Input for Next Load Case
                19: 8:24:68  case no=  324 seq. no=  16 idynl= 0
                19: 8:24:68  LOADEND ISLAVE                                   0
                19: 8:24:69  Start Input for Next Load Case
                19: 8:24:69  case no=  325 seq. no=  17 idynl= 0
                19: 8:24:70  LOADEND ISLAVE                                   0
                19: 8:24:71  Start Input for Next Load Case
                19: 8:24:71  case no=  332 seq. no=  18 idynl= 0
                19: 8:24:72  LOADEND ISLAVE                                   0
                19: 8:24:72  Start Input for Next Load Case
                19: 8:24:73  case no=  333 seq. no=  19 idynl= 0
                19: 8:24:73  LOADEND ISLAVE                                   0
                19: 8:24:74  Start Input for Next Load Case
                19: 8:24:74  case no=  334 seq. no=  20 idynl= 0
                19: 8:24:75  LOADEND ISLAVE                                   0
                19: 8:24:75  Start Input for Next Load Case
                19: 8:24:76  case no=  335 seq. no=  21 idynl= 0
                19: 8:24:76  LOADEND ISLAVE                                   0
                19: 8:24:77  Start Input for Next Load Case
                19: 8:24:77  case no=  411 seq. no=  22 idynl= 0
                19: 8:24:78  LOADEND ISLAVE                                   0
                19: 8:24:79  Start Input for Next Load Case
                19: 8:24:79  case no=  412 seq. no=  23 idynl= 0
                19: 8:24:80  LOADEND ISLAVE                                   0
                19: 8:24:80  Start Input for Next Load Case
                19: 8:24:81  case no=  413 seq. no=  24 idynl= 0
                19: 8:24:81  LOADEND ISLAVE                                   0
                19: 8:24:82  Start Input for Next Load Case
                19: 8:24:82  case no=  414 seq. no=  25 idynl= 0
                19: 8:24:83  LOADEND ISLAVE                                   0
                19: 8:24:83  Start Input for Next Load Case
                19: 8:24:84  case no=  415 seq. no=  26 idynl= 0
                19: 8:24:85  LOADEND ISLAVE                                   0
                19: 8:24:85  Start Input for Next Load Case
                19: 8:24:86  case no=  416 seq. no=  27 idynl= 0
                19: 8:24:86  LOADEND ISLAVE                                   0
                19: 8:24:87  Start Input for Next Load Case
                19: 8:24:87  case no=  417 seq. no=  28 idynl= 0
                19: 8:24:88  LOADEND ISLAVE                                   0
                19: 8:24:88  Start Input for Next Load Case
                19: 8:24:89  case no=  418 seq. no=  29 idynl= 0
                19: 8:24:90  LOADEND ISLAVE                                   0
                19: 8:24:90  Start Input for Next Load Case
                19: 8:24:91  case no=  421 seq. no=  30 idynl= 0
                19: 8:24:91  LOADEND ISLAVE                                   0
                19: 8:24:92  Start Input for Next Load Case
                19: 8:24:92  case no=  422 seq. no=  31 idynl= 0
                19: 8:24:93  LOADEND ISLAVE                                   0
                19: 8:24:93  Start Input for Next Load Case
                19: 8:24:94  case no=  423 seq. no=  32 idynl= 0
                19: 8:24:94  LOADEND ISLAVE                                   0
                19: 8:24:95  Start Input for Next Load Case
                19: 8:24:96  case no=  424 seq. no=  33 idynl= 0
                19: 8:24:96  LOADEND ISLAVE                                   0
                19: 8:24:97  Start Input for Next Load Case
                19: 8:24:97  case no=  425 seq. no=  34 idynl= 0
                19: 8:24:98  LOADEND ISLAVE                                   0
                19: 8:24:98  Start Input for Next Load Case
                19: 8:24:99  case no=  426 seq. no=  35 idynl= 0
                19: 8:24:99  LOADEND ISLAVE                                   0
                19: 8:25: 0  Start Input for Next Load Case
                19: 8:25: 0  case no=  427 seq. no=  36 idynl= 0
                19: 8:25: 1  LOADEND ISLAVE                                   0
                19: 8:25: 1  Start Input for Next Load Case
                19: 8:25: 2  case no=  428 seq. no=  37 idynl= 0
                19: 8:25: 2  LOADEND ISLAVE                                   0
                19: 8:25: 3  Start Input for Next Load Case
                19: 8:25: 4  case no=  711 seq. no=  38 idynl= 0
                19: 8:25: 4  LOADEND ISLAVE                                   0
                19: 8:25: 5  Start Input for Next Load Case
                19: 8:25: 6  case no=  712 seq. no=  39 idynl= 0
                19: 8:25: 6  LOADEND ISLAVE                                   0
                19: 8:25: 7  Start Input for Next Load Case
                19: 8:25: 8  case no=  713 seq. no=  40 idynl= 0
                19: 8:25: 8  LOADEND ISLAVE                                   0
                19: 8:25: 9  Start Input for Next Load Case
                19: 8:25:10  case no=  714 seq. no=  41 idynl= 0
                19: 8:25:10  LOADEND ISLAVE                                   0
                19: 8:25:11  Start Input for Next Load Case
                19: 8:25:12  case no=  715 seq. no=  42 idynl= 0
                19: 8:25:12  LOADEND ISLAVE                                   0
                19: 8:25:13  Start Input for Next Load Case
                19: 8:25:14  case no=  716 seq. no=  43 idynl= 0
                19: 8:25:14  LOADEND ISLAVE                                   0
                19: 8:25:15  Start Input for Next Load Case
                19: 8:25:15  case no=  717 seq. no=  44 idynl= 0
                19: 8:25:16  LOADEND ISLAVE                                   0
                19: 8:25:16  Start Input for Next Load Case
                19: 8:25:17  case no=  718 seq. no=  45 idynl= 0
                19: 8:25:18  LOADEND ISLAVE                                   0
                19: 8:25:18  Start Input for Next Load Case
                19: 8:25:19  case no= 1101 seq. no=  46 idynl= 0
                19: 8:25:19  LOADEND ISLAVE                                   0
                19: 8:25:20  Start Input for Next Load Case
                19: 8:25:20  case no= 1102 seq. no=  47 idynl= 0
                19: 8:25:21  LOADEND ISLAVE                                   0
                19: 8:25:21  Start Input for Next Load Case
                19: 8:25:22  case no= 1103 seq. no=  48 idynl= 0
                19: 8:25:22  LOADEND ISLAVE                                   0
                19: 8:25:23  Start Input for Next Load Case
                19: 8:25:23  case no= 1104 seq. no=  49 idynl= 0
                19: 8:25:24  LOADEND ISLAVE                                   0
                19: 8:25:25  Start Input for Next Load Case
                19: 8:25:25  case no= 1105 seq. no=  50 idynl= 0
                19: 8:25:26  LOADEND ISLAVE                                   0
                19: 8:25:26  Start Input for Next Load Case
                19: 8:25:27  case no= 1106 seq. no=  51 idynl= 0
                19: 8:25:28  LOADEND ISLAVE                                   0
                19: 8:25:28  Start Input for Next Load Case
                19: 8:25:29  case no= 1107 seq. no=  52 idynl= 0
                19: 8:25:29  LOADEND ISLAVE                                   0
                19: 8:25:30  Start Input for Next Load Case
                19: 8:25:31  case no= 1108 seq. no=  53 idynl= 0
                19: 8:25:31  LOADEND ISLAVE                                   0
                19: 8:25:32  Start Input for Next Load Case
                19: 8:25:32  case no= 1201 seq. no=  54 idynl= 0
                19: 8:25:33  LOADEND ISLAVE                                   0
                19: 8:25:34  Start Input for Next Load Case
                19: 8:25:34  case no= 1202 seq. no=  55 idynl= 0
                19: 8:25:35  LOADEND ISLAVE                                   0
                19: 8:25:35  Start Input for Next Load Case
                19: 8:25:36  case no= 1203 seq. no=  56 idynl= 0
                19: 8:25:37  LOADEND ISLAVE                                   0
                19: 8:25:37  Start Input for Next Load Case
                19: 8:25:38  case no= 1204 seq. no=  57 idynl= 0
                19: 8:25:38  LOADEND ISLAVE                                   0
                19: 8:25:39  Start Input for Next Load Case
                19: 8:25:39  case no= 1205 seq. no=  58 idynl= 0
                19: 8:25:40  LOADEND ISLAVE                                   0
                19: 8:25:41  Start Input for Next Load Case
                19: 8:25:41  case no= 1206 seq. no=  59 idynl= 0
                19: 8:25:42  LOADEND ISLAVE                                   0
                19: 8:25:42  Start Input for Next Load Case
                19: 8:25:43  case no= 1207 seq. no=  60 idynl= 0
                19: 8:25:43  LOADEND ISLAVE                                   0
                19: 8:25:44  Start Input for Next Load Case
                19: 8:25:44  case no= 1208 seq. no=  61 idynl= 0
                19: 8:25:45  LOADEND ISLAVE                                   0
                19: 8:25:45  Start Input for Next Load Case
                19: 8:25:46  case no= 2101 seq. no=  62 idynl= 0
                19: 8:25:46  LOADEND ISLAVE                                   0
                19: 8:25:47  Start Input for Next Load Case
                19: 8:25:48  case no= 2102 seq. no=  63 idynl= 0
                19: 8:25:48  LOADEND ISLAVE                                   0
                19: 8:25:49  Start Input for Next Load Case
                19: 8:25:49  case no= 2103 seq. no=  64 idynl= 0
                19: 8:25:50  LOADEND ISLAVE                                   0
                19: 8:25:50  Start Input for Next Load Case
                19: 8:25:51  case no= 2104 seq. no=  65 idynl= 0
                19: 8:25:51  LOADEND ISLAVE                                   0
                19: 8:25:52  Start Input for Next Load Case
                19: 8:25:52  case no= 2105 seq. no=  66 idynl= 0
                19: 8:25:53  LOADEND ISLAVE                                   0
                19: 8:25:54  Start Input for Next Load Case
                19: 8:25:54  case no= 2106 seq. no=  67 idynl= 0
                19: 8:25:55  LOADEND ISLAVE                                   0
                19: 8:25:55  Start Input for Next Load Case
                19: 8:25:56  case no= 2107 seq. no=  68 idynl= 0
                19: 8:25:56  LOADEND ISLAVE                                   0
                19: 8:25:57  Start Input for Next Load Case
                19: 8:25:57  case no= 2108 seq. no=  69 idynl= 0
                19: 8:25:58  LOADEND ISLAVE                                   0
                19: 8:25:58  Start Input for Next Load Case
                19: 8:25:59  case no= 3001 seq. no=  70 idynl= 0
                19: 8:25:60  LOADEND ISLAVE                                   0
                19: 8:25:60  Start Input for Next Load Case
                19: 8:25:61  case no= 3002 seq. no=  71 idynl= 0
                19: 8:25:62  LOADEND ISLAVE                                   0
                19: 8:25:62  Start Input for Next Load Case
                19: 8:25:63  case no= 3003 seq. no=  72 idynl= 0
                19: 8:25:64  LOADEND ISLAVE                                   0
                19: 8:25:64  Start Input for Next Load Case
                19: 8:25:65  case no= 3004 seq. no=  73 idynl= 0
                19: 8:25:66  LOADEND ISLAVE                                   0
                19: 8:25:67  Start Input for Next Load Case
                19: 8:25:67  case no= 3005 seq. no=  74 idynl= 0
                19: 8:25:68  LOADEND ISLAVE                                   0
                19: 8:25:69  Start Input for Next Load Case
                19: 8:25:69  case no= 3006 seq. no=  75 idynl= 0
                19: 8:25:70  LOADEND ISLAVE                                   0
                19: 8:25:70  Start Input for Next Load Case
                19: 8:25:71  case no= 3007 seq. no=  76 idynl= 0
                19: 8:25:71  LOADEND ISLAVE                                   0
                19: 8:25:72  Start Input for Next Load Case
                19: 8:25:72  case no= 3008 seq. no=  77 idynl= 0
                19: 8:25:73  LOADEND ISLAVE                                   0
                19: 8:25:74  Start Input for Next Load Case
                19: 8:25:74  case no= 3011 seq. no=  78 idynl= 0
                19: 8:25:75  LOADEND ISLAVE                                   0
                19: 8:25:75  Start Input for Next Load Case
                19: 8:25:76  case no= 3012 seq. no=  79 idynl= 0
                19: 8:25:76  LOADEND ISLAVE                                   0
                19: 8:25:77  Start Input for Next Load Case
                19: 8:25:77  case no= 3013 seq. no=  80 idynl= 0
                19: 8:25:78  LOADEND ISLAVE                                   0
                19: 8:25:78  Start Input for Next Load Case
                19: 8:25:79  case no= 3014 seq. no=  81 idynl= 0
                19: 8:25:79  LOADEND ISLAVE                                   0
                19: 8:25:80  Start Input for Next Load Case
                19: 8:25:80  case no= 3015 seq. no=  82 idynl= 0
                19: 8:25:81  LOADEND ISLAVE                                   0
                19: 8:25:82  Start Input for Next Load Case
                19: 8:25:82  case no= 3016 seq. no=  83 idynl= 0
                19: 8:25:83  LOADEND ISLAVE                                   0
                19: 8:25:83  Start Input for Next Load Case
                19: 8:25:84  case no= 3017 seq. no=  84 idynl= 0
                19: 8:25:84  LOADEND ISLAVE                                   0
                19: 8:25:85  Start Input for Next Load Case
                19: 8:25:86  case no= 3018 seq. no=  85 idynl= 0
                19: 8:25:86  LOADEND ISLAVE                                   0
                19: 8:25:87  Start Input for Next Load Case
                19: 8:25:87  case no= 3021 seq. no=  86 idynl= 0
                19: 8:25:88  LOADEND ISLAVE                                   0
                19: 8:25:88  Start Input for Next Load Case
                19: 8:25:89  case no= 3022 seq. no=  87 idynl= 0
                19: 8:25:89  LOADEND ISLAVE                                   0
                19: 8:25:90  Start Input for Next Load Case
                19: 8:25:90  case no= 3023 seq. no=  88 idynl= 0
                19: 8:25:91  LOADEND ISLAVE                                   0
                19: 8:25:91  Start Input for Next Load Case
                19: 8:25:92  case no= 3024 seq. no=  89 idynl= 0
                19: 8:25:93  LOADEND ISLAVE                                   0
                19: 8:25:93  Start Input for Next Load Case
                19: 8:25:94  case no= 3025 seq. no=  90 idynl= 0
                19: 8:25:94  LOADEND ISLAVE                                   0
                19: 8:25:95  Start Input for Next Load Case
                19: 8:25:96  case no= 3026 seq. no=  91 idynl= 0
                19: 8:25:96  LOADEND ISLAVE                                   0
                19: 8:25:97  Start Input for Next Load Case
                19: 8:25:97  case no= 3027 seq. no=  92 idynl= 0
                19: 8:25:98  LOADEND ISLAVE                                   0
                19: 8:25:98  Start Input for Next Load Case
                19: 8:25:99  case no= 3028 seq. no=  93 idynl= 0
                19: 8:25:99  LOADEND ISLAVE                                   0
                19: 8:26: 0  Start Input for Next Load Case
                19: 8:26: 0  case no= 3201 seq. no=  94 idynl= 0
                19: 8:26: 1  LOADEND ISLAVE                                   0
                19: 8:26: 1  Start Input for Next Load Case
                19: 8:26: 2  case no= 3202 seq. no=  95 idynl= 0
                19: 8:26: 3  LOADEND ISLAVE                                   0
                19: 8:26: 3  Start Input for Next Load Case
                19: 8:26: 4  case no= 3203 seq. no=  96 idynl= 0
                19: 8:26: 4  LOADEND ISLAVE                                   0
                19: 8:26: 5  Start Input for Next Load Case
                19: 8:26: 6  case no= 3204 seq. no=  97 idynl= 0
                19: 8:26: 6  LOADEND ISLAVE                                   0
                19: 8:26: 7  Start Input for Next Load Case
                19: 8:26: 8  case no= 3205 seq. no=  98 idynl= 0
                19: 8:26: 8  LOADEND ISLAVE                                   0
                19: 8:26: 9  Start Input for Next Load Case
                19: 8:26:10  case no= 3206 seq. no=  99 idynl= 0
                19: 8:26:11  LOADEND ISLAVE                                   0
                19: 8:26:11  Start Input for Next Load Case
                19: 8:26:12  case no= 3207 seq. no= 100 idynl= 0
                19: 8:26:13  LOADEND ISLAVE                                   0
                19: 8:26:13  Start Input for Next Load Case
                19: 8:26:14  case no= 3208 seq. no= 101 idynl= 0
                19: 8:26:15  LOADEND ISLAVE                                   0
                19: 8:26:16  NVPREV                                           0
                19: 8:26:16  AMAXNON                               5.308399E-01
                19: 8:26:17  IRECSIZL=                                     4000
                19: 8:26:18  MTX BLOCKSIZE=                                 108
                19: 8:26:18  MI=                                            108
                19: 8:26:19  NORECL=                                          1
                19: 8:26:20  NORECL1=                                         1
                19: 8:26:20  IWORD=                                       32000
                19: 8:26:21  JRECSIZE=                                     4000
                19: 8:26:22  IWORDJ=                                      32000
                19: 8:26:22  IBYTE=                                           4
                19: 8:26:23  JOINTS=                                         21
                19: 8:26:24  MEMBERS=                                        22
                19: 8:26:24  PLATES =                                         0
                19: 8:26:25  SOLIDS =                                         0
                19: 8:26:25  NO. OF EQUATIONS=                              108
                19: 8:26:26  idyn=                                            0
                19: 8:26:26  ipd=                                             0
                19: 8:26:27  icablanl=                                        0
                19: 8:26:27  ++ Processing Element Stiffness Matrix.
                19: 8:26:28  NV1                                            101
                19: 8:26:39  ++ Calculating Element Forces & Reactions.
                19: 8:27: 2  COMBINATION CASES=                               0
                19: 8:27: 2  MAX CM MEMORY (KILOWORDS)                       38
                19: 8:27: 3  AFTER SOLVER 1
                19: 8:27: 7  REOPEN AS SEQ                                    0
                19: 8:27: 7  DEFINE ENVELOPE
                19: 8:27: 9  LOAD LIST 1101 TO 110
                19: 8:27: 9  PARAMETER 1
                19: 8:27: 9  CHECK CODE ALL
                19: 8:27:10  ENTERING SECTNM110 IQ=                          22
                19: 8:27:11               NSEC=                              11
                19: 8:27:11             ISECTN=                               0
                19: 8:27:14  SECTNM110 DO 925
                19: 8:27:17  ENTERING ENVLP1 ITYP1=                          -3
                19: 8:27:17  SECT DISPLACE
                19: 8:27:20  Steel/Alum/Timber Design                        52
                19: 8:27:23    ++ Finished Design ...
                19: 8:27:23  Steel/Timber Design exit
                19: 8:27:23  LOAD LIST 2101 TO 210
                19: 8:27:24  PARAMETER 1
                19: 8:27:24  CHECK CODE ALL
                19: 8:27:25  ENTERING ENVLP1 ITYP1=                          -3
                19: 8:27:26  SECT DISPLACE
                19: 8:27:30  Steel/Alum/Timber Design                        52
                19: 8:27:30    ++ Finished Design ...
                19: 8:27:30  Steel/Timber Design exit
                19: 8:27:31  LOAD LIST ENV 4 TO 7
                19: 8:27:32  PARAMETER 1
                19: 8:27:33  CHECK CODE ALL
                19: 8:27:33  ENTERING ENVLP1 ITYP1=                          -3
                19: 8:27:34  SECT DISPLACE
                19: 8:27:38  Steel/Alum/Timber Design                        52
                19: 8:27:40    ++ Finished Design ...
                19: 8:27:40  Steel/Timber Design exit
                19: 8:27:41  PRINT JOINT DISPLACEM
                19: 8:27:42  DRAW ISOM JOIN MEMB
                19: 8:27:42  ENTERING SECTNM110 IQ=                          22
                19: 8:27:43               NSEC=                              11
                19: 8:27:44             ISECTN=                               0
                19: 8:27:47  SECTNM110 DO 925
                19: 8:27:50  PRINT SUPPORT REACTIO
                19: 8:27:50  DRAW ISOM SUPP PROP
                19: 8:27:50  ENTERING SECTNM110 IQ=                          22
                19: 8:27:51               NSEC=                              11
                19: 8:27:52             ISECTN=                               0
                19: 8:27:55  SECTNM110 DO 925
                19: 8:27:58  DRAW ISOM SHAP
                19: 8:27:58  ENTERING SECTNM110 IQ=                          22
                19: 8:27:59               NSEC=                              11
                19: 8:27:59             ISECTN=                               0
                19: 8:27:62  SECTNM110 DO 925
                19: 8:27:65  PRINT CG
                19: 8:27:65  FINISH
                19: 8:27:66  All Commands FINISHed
                19: 8:27:66  DATASAVE for SPRO GUI
                19: 8:27:67  ++ Creating Displacement File (DSP)...
                19: 8:27:70  ++ Creating Reaction File (REA)...
                19: 8:27:70  ++ Creating Section Force File (BMD)...
                19: 8:27:74  ++ Creating Section Displace File (SEC)...
                19: 8:27:74  ENTERING ENVLP1 ITYP1=                          -5
                19: 8:27:75  SECT DISPLACE
                19: 8:27:80  ++ Creating Section Displace File (SCN)...
                19: 8:27:84  ++ Creating Design information File (DGN)...
                19: 8:27:85  ALLOCATED CM MEMORY (KILOWORDS)             300000
                19: 8:27:85  MAX CM MEMORY (KILOWORDS)                      114
                19: 8:27:86  DBS LONG SEC NAME
* End Of Analysis At Fri Dec  6 19:08:27 2024
* CPU usage = 4.092000
* STAAD Exit Code: 100, Warning Count: 0, Error Count: 0, Duration: 4.092
1 0 0 4.092
****************************************************************************
*                            END OF ANALYSIS                               *
****************************************************************************
