08/05/2024 10:43:26	Reading UID database.
08/05/2024 10:43:26	Start loading STAAD model.
08/05/2024 10:43:26	Reading model file.
08/05/2024 10:43:26	Reading model file is complete.
08/05/2024 10:43:26	Processing support.
08/05/2024 10:43:26	Processing springs.
08/05/2024 10:43:26	Processing properties.
08/05/2024 10:43:27	Processing physical properties.
08/05/2024 10:43:27	Processing constants.
08/05/2024 10:43:27	Processing BETA constants.
08/05/2024 10:43:27	Processing hidden analytical member loads.
08/05/2024 10:43:27	Processing command list for member release.
08/05/2024 10:43:27	Processing command list for member offset.
08/05/2024 10:43:27	Processing command list for member specs (cracked).
08/05/2024 10:43:27	Processing command list for member specs (axial).
08/05/2024 10:43:27	Processing command list for element release.
08/05/2024 10:43:27	Processing command list for element offset.
08/05/2024 10:43:27	Processing command list for element plate stress directive.
08/05/2024 10:43:27	Processing parameter for Chinese wind load case.
08/05/2024 10:43:27	End Processing command list.
08/05/2024 10:43:27	End loading STAAD model.
08/05/2024 10:43:27	Start Post Analysis method
08/05/2024 10:43:27	Removed all hidden plates from surfaces
08/05/2024 10:43:27	Removed all hidden plates
08/05/2024 10:43:27	Removed all hidden nodes
08/05/2024 10:43:27	Loading results from MSH file...
08/05/2024 10:43:27	Building result indices...
08/05/2024 10:43:27	Loading plate stress results...
08/05/2024 10:43:27	Set analysis report setup data
08/05/2024 10:43:27	Starting page setup...
08/05/2024 10:43:27	Page setup completed
08/05/2024 10:43:27	Setting available workflows...
08/05/2024 10:43:27	Post analysis method ends
08/05/2024 11:01:24	Reading UID database.
08/05/2024 11:01:24	Start loading STAAD model.
08/05/2024 11:01:25	Reading model file.
08/05/2024 11:01:25	Reading model file is complete.
08/05/2024 11:01:25	Processing support.
08/05/2024 11:01:25	Processing springs.
08/05/2024 11:01:25	Processing properties.
08/05/2024 11:01:25	Processing physical properties.
08/05/2024 11:01:25	Processing constants.
08/05/2024 11:01:25	Processing BETA constants.
08/05/2024 11:01:25	Processing hidden analytical member loads.
08/05/2024 11:01:25	Processing command list for member release.
08/05/2024 11:01:25	Processing command list for member offset.
08/05/2024 11:01:25	Processing command list for member specs (cracked).
08/05/2024 11:01:25	Processing command list for member specs (axial).
08/05/2024 11:01:25	Processing command list for element release.
08/05/2024 11:01:25	Processing command list for element offset.
08/05/2024 11:01:25	Processing command list for element plate stress directive.
08/05/2024 11:01:25	Processing parameter for Chinese wind load case.
08/05/2024 11:01:25	End Processing command list.
08/05/2024 11:01:25	End loading STAAD model.
08/05/2024 11:01:25	Start Post Analysis method
08/05/2024 11:01:25	Removed all hidden plates from surfaces
08/05/2024 11:01:25	Removed all hidden plates
08/05/2024 11:01:25	Removed all hidden nodes
08/05/2024 11:01:25	Loading results from MSH file...
08/05/2024 11:01:25	Building result indices...
08/05/2024 11:01:25	Loading plate stress results...
08/05/2024 11:01:25	Set analysis report setup data
08/05/2024 11:01:25	Starting page setup...
08/05/2024 11:01:25	Page setup completed
08/05/2024 11:01:25	Setting available workflows...
08/05/2024 11:01:25	Post analysis method ends
08/05/2024 11:01:59	Start Post Analysis method
08/05/2024 11:01:59	Removed all hidden plates from surfaces
08/05/2024 11:01:59	Removed all hidden plates
08/05/2024 11:01:59	Removed all hidden nodes
08/05/2024 11:01:59	Loading results from MSH file...
08/05/2024 11:01:59	Building result indices...
08/05/2024 11:01:59	Loading plate stress results...
08/05/2024 11:01:59	Set analysis report setup data
08/05/2024 11:01:59	Starting page setup...
08/05/2024 11:01:59	Page setup completed
08/05/2024 11:01:59	Setting available workflows...
08/05/2024 11:01:59	Post analysis method ends
08/05/2024 11:02:17	Start Post Analysis method
08/05/2024 11:02:17	Removed all hidden plates from surfaces
08/05/2024 11:02:17	Removed all hidden plates
08/05/2024 11:02:17	Removed all hidden nodes
08/05/2024 11:02:17	Loading results from MSH file...
08/05/2024 11:02:17	Building result indices...
08/05/2024 11:02:17	Loading plate stress results...
08/05/2024 11:02:17	Set analysis report setup data
08/05/2024 11:02:17	Starting page setup...
08/05/2024 11:02:17	Page setup completed
08/05/2024 11:02:17	Setting available workflows...
08/05/2024 11:02:17	Post analysis method ends
