08/20/2024 10:48:24	Reading UID database.
08/20/2024 10:48:24	Start loading STAAD model.
08/20/2024 10:48:24	Reading model file.
08/20/2024 10:48:24	Reading model file is complete.
08/20/2024 10:48:24	Processing support.
08/20/2024 10:48:24	Processing springs.
08/20/2024 10:48:24	Processing properties.
08/20/2024 10:48:24	Processing physical properties.
08/20/2024 10:48:24	Processing constants.
08/20/2024 10:48:24	Processing BETA constants.
08/20/2024 10:48:24	Processing hidden analytical member loads.
08/20/2024 10:48:24	Processing command list for member release.
08/20/2024 10:48:24	Processing command list for member offset.
08/20/2024 10:48:24	Processing command list for member specs (cracked).
08/20/2024 10:48:24	Processing command list for member specs (axial).
08/20/2024 10:48:24	Processing command list for element release.
08/20/2024 10:48:24	Processing command list for element offset.
08/20/2024 10:48:24	Processing command list for element plate stress directive.
08/20/2024 10:48:24	Processing parameter for Chinese wind load case.
08/20/2024 10:48:24	End Processing command list.
08/20/2024 10:48:25	End loading STAAD model.
08/20/2024 10:48:25	Start Post Analysis method
08/20/2024 10:48:25	Removed all hidden plates from surfaces
08/20/2024 10:48:25	Removed all hidden plates
08/20/2024 10:48:25	Removed all hidden nodes
08/20/2024 10:48:25	Loading results from MSH file...
08/20/2024 10:48:25	Building result indices...
08/20/2024 10:48:25	Loading plate stress results...
08/20/2024 10:48:25	Set analysis report setup data
08/20/2024 10:48:25	Starting page setup...
08/20/2024 10:48:25	Page setup completed
08/20/2024 10:48:25	Setting available workflows...
08/20/2024 10:48:25	Post analysis method ends
08/20/2024 10:49:21	Start Post Analysis method
08/20/2024 10:49:21	Removed all hidden plates from surfaces
08/20/2024 10:49:21	Removed all hidden plates
08/20/2024 10:49:21	Removed all hidden nodes
08/20/2024 10:49:21	Loading results from MSH file...
08/20/2024 10:49:21	Building result indices...
08/20/2024 10:49:21	Loading plate stress results...
08/20/2024 10:49:21	Set analysis report setup data
08/20/2024 10:49:21	Starting page setup...
08/20/2024 10:49:21	Page setup completed
08/20/2024 10:49:21	Setting available workflows...
08/20/2024 10:49:21	Post analysis method ends
08/20/2024 10:55:38	Reading UID database.
08/20/2024 10:55:38	Start loading STAAD model.
08/20/2024 10:55:38	Reading model file.
08/20/2024 10:55:38	Reading model file is complete.
08/20/2024 10:55:38	Processing support.
08/20/2024 10:55:38	Processing springs.
08/20/2024 10:55:38	Processing properties.
08/20/2024 10:55:38	Processing physical properties.
08/20/2024 10:55:38	Processing constants.
08/20/2024 10:55:38	Processing BETA constants.
08/20/2024 10:55:38	Processing hidden analytical member loads.
08/20/2024 10:55:38	Processing command list for member release.
08/20/2024 10:55:38	Processing command list for member offset.
08/20/2024 10:55:38	Processing command list for member specs (cracked).
08/20/2024 10:55:38	Processing command list for member specs (axial).
08/20/2024 10:55:38	Processing command list for element release.
08/20/2024 10:55:38	Processing command list for element offset.
08/20/2024 10:55:38	Processing command list for element plate stress directive.
08/20/2024 10:55:38	Processing parameter for Chinese wind load case.
08/20/2024 10:55:38	End Processing command list.
08/20/2024 10:55:38	End loading STAAD model.
08/20/2024 10:55:38	Start Post Analysis method
08/20/2024 10:55:38	Removed all hidden plates from surfaces
08/20/2024 10:55:38	Removed all hidden plates
08/20/2024 10:55:38	Removed all hidden nodes
08/20/2024 10:55:38	Loading results from MSH file...
08/20/2024 10:55:38	Building result indices...
08/20/2024 10:55:38	Loading plate stress results...
08/20/2024 10:55:38	Set analysis report setup data
08/20/2024 10:55:38	Starting page setup...
08/20/2024 10:55:38	Page setup completed
08/20/2024 10:55:38	Setting available workflows...
08/20/2024 10:55:38	Post analysis method ends
08/20/2024 10:55:52	Start Post Analysis method
08/20/2024 10:55:52	Removed all hidden plates from surfaces
08/20/2024 10:55:52	Removed all hidden plates
08/20/2024 10:55:52	Removed all hidden nodes
08/20/2024 10:55:52	Loading results from MSH file...
08/20/2024 10:55:52	Building result indices...
08/20/2024 10:55:52	Loading plate stress results...
08/20/2024 10:55:52	Set analysis report setup data
08/20/2024 10:55:52	Starting page setup...
08/20/2024 10:55:52	Page setup completed
08/20/2024 10:55:52	Setting available workflows...
08/20/2024 10:55:52	Post analysis method ends
