08/30/2024 17:17:55	Reading UID database.
08/30/2024 17:17:55	Start loading STAAD model.
08/30/2024 17:17:55	Reading model file.
08/30/2024 17:17:55	Reading model file is complete.
08/30/2024 17:17:55	Processing support.
08/30/2024 17:17:55	Processing springs.
08/30/2024 17:17:55	Processing properties.
08/30/2024 17:17:55	Processing physical properties.
08/30/2024 17:17:55	Processing constants.
08/30/2024 17:17:55	Processing BETA constants.
08/30/2024 17:17:55	Processing hidden analytical member loads.
08/30/2024 17:17:55	Processing command list for member release.
08/30/2024 17:17:55	Processing command list for member offset.
08/30/2024 17:17:55	Processing command list for member specs (cracked).
08/30/2024 17:17:55	Processing command list for member specs (axial).
08/30/2024 17:17:55	Processing command list for element release.
08/30/2024 17:17:55	Processing command list for element offset.
08/30/2024 17:17:55	Processing command list for element plate stress directive.
08/30/2024 17:17:55	Processing parameter for Chinese wind load case.
08/30/2024 17:17:55	End Processing command list.
08/30/2024 17:17:55	End loading STAAD model.
08/30/2024 17:17:55	Start Post Analysis method
08/30/2024 17:17:55	Removed all hidden plates from surfaces
08/30/2024 17:17:55	Removed all hidden plates
08/30/2024 17:17:55	Removed all hidden nodes
08/30/2024 17:17:55	Loading results from MSH file...
08/30/2024 17:17:55	Building result indices...
08/30/2024 17:17:55	Loading plate stress results...
08/30/2024 17:17:55	Set analysis report setup data
08/30/2024 17:17:55	Starting page setup...
08/30/2024 17:17:55	Page setup completed
08/30/2024 17:17:55	Setting available workflows...
08/30/2024 17:17:55	Post analysis method ends
08/30/2024 17:18:24	Start Post Analysis method
08/30/2024 17:18:24	Removed all hidden plates from surfaces
08/30/2024 17:18:24	Removed all hidden plates
08/30/2024 17:18:24	Removed all hidden nodes
08/30/2024 17:18:24	Loading results from MSH file...
08/30/2024 17:18:24	Building result indices...
08/30/2024 17:18:24	Loading plate stress results...
08/30/2024 17:18:24	Set analysis report setup data
08/30/2024 17:18:24	Starting page setup...
08/30/2024 17:18:24	Page setup completed
08/30/2024 17:18:24	Setting available workflows...
08/30/2024 17:18:24	Post analysis method ends
08/30/2024 17:19:16	Start Post Analysis method
08/30/2024 17:19:16	Removed all hidden plates from surfaces
08/30/2024 17:19:16	Removed all hidden plates
08/30/2024 17:19:16	Removed all hidden nodes
08/30/2024 17:19:16	Loading results from MSH file...
08/30/2024 17:19:16	Building result indices...
08/30/2024 17:19:16	Loading plate stress results...
08/30/2024 17:19:16	Set analysis report setup data
08/30/2024 17:19:16	Starting page setup...
08/30/2024 17:19:16	Page setup completed
08/30/2024 17:19:16	Setting available workflows...
08/30/2024 17:19:16	Post analysis method ends
