07/23/2024 10:24:37	Reading UID database.
07/23/2024 10:24:37	Start loading STAAD model.
07/23/2024 10:24:37	Reading model file.
07/23/2024 10:24:37	Reading model file is complete.
07/23/2024 10:24:37	Processing support.
07/23/2024 10:24:37	Processing springs.
07/23/2024 10:24:37	Processing properties.
07/23/2024 10:24:37	Processing physical properties.
07/23/2024 10:24:37	Processing constants.
07/23/2024 10:24:37	Processing BETA constants.
07/23/2024 10:24:37	Processing hidden analytical member loads.
07/23/2024 10:24:37	Processing command list for member release.
07/23/2024 10:24:37	Processing command list for member offset.
07/23/2024 10:24:37	Processing command list for member specs (cracked).
07/23/2024 10:24:37	Processing command list for member specs (axial).
07/23/2024 10:24:37	Processing command list for element release.
07/23/2024 10:24:37	Processing command list for element offset.
07/23/2024 10:24:37	Processing command list for element plate stress directive.
07/23/2024 10:24:37	Processing parameter for Chinese wind load case.
07/23/2024 10:24:37	End Processing command list.
07/23/2024 10:24:37	End loading STAAD model.
07/23/2024 10:24:37	Start Post Analysis method
07/23/2024 10:24:37	Removed all hidden plates from surfaces
07/23/2024 10:24:37	Removed all hidden plates
07/23/2024 10:24:37	Removed all hidden nodes
07/23/2024 10:24:37	Loading results from MSH file...
07/23/2024 10:24:37	Building result indices...
07/23/2024 10:24:37	Loading plate stress results...
07/23/2024 10:24:37	Set analysis report setup data
07/23/2024 10:24:37	Starting page setup...
07/23/2024 10:24:37	Page setup completed
07/23/2024 10:24:37	Setting available workflows...
07/23/2024 10:24:37	Post analysis method ends
07/23/2024 10:27:00	Reading UID database.
07/23/2024 10:27:00	Start loading STAAD model.
07/23/2024 10:27:00	Reading model file.
07/23/2024 10:27:00	Reading model file is complete.
07/23/2024 10:27:00	Processing support.
07/23/2024 10:27:00	Processing springs.
07/23/2024 10:27:00	Processing properties.
07/23/2024 10:27:00	Processing physical properties.
07/23/2024 10:27:00	Processing constants.
07/23/2024 10:27:00	Processing BETA constants.
07/23/2024 10:27:00	Processing hidden analytical member loads.
07/23/2024 10:27:00	Processing command list for member release.
07/23/2024 10:27:00	Processing command list for member offset.
07/23/2024 10:27:00	Processing command list for member specs (cracked).
07/23/2024 10:27:00	Processing command list for member specs (axial).
07/23/2024 10:27:00	Processing command list for element release.
07/23/2024 10:27:00	Processing command list for element offset.
07/23/2024 10:27:00	Processing command list for element plate stress directive.
07/23/2024 10:27:00	Processing parameter for Chinese wind load case.
07/23/2024 10:27:00	End Processing command list.
07/23/2024 10:27:00	End loading STAAD model.
07/23/2024 10:27:00	Start Post Analysis method
07/23/2024 10:27:00	Removed all hidden plates from surfaces
07/23/2024 10:27:00	Removed all hidden plates
07/23/2024 10:27:00	Removed all hidden nodes
07/23/2024 10:27:00	Loading results from MSH file...
07/23/2024 10:27:00	Building result indices...
07/23/2024 10:27:00	Loading plate stress results...
07/23/2024 10:27:00	Set analysis report setup data
07/23/2024 10:27:01	Starting page setup...
07/23/2024 10:27:01	Page setup completed
07/23/2024 10:27:01	Setting available workflows...
07/23/2024 10:27:01	Post analysis method ends
07/23/2024 10:27:09	Start Post Analysis method
07/23/2024 10:27:09	Removed all hidden plates from surfaces
07/23/2024 10:27:09	Removed all hidden plates
07/23/2024 10:27:09	Removed all hidden nodes
07/23/2024 10:27:09	Loading results from MSH file...
07/23/2024 10:27:09	Building result indices...
07/23/2024 10:27:09	Loading plate stress results...
07/23/2024 10:27:09	Set analysis report setup data
07/23/2024 10:27:09	Starting page setup...
07/23/2024 10:27:09	Page setup completed
07/23/2024 10:27:09	Setting available workflows...
07/23/2024 10:27:09	Post analysis method ends
