07/11/2024 11:53:39	Reading UID database.
07/11/2024 11:53:39	Start loading STAAD model.
07/11/2024 11:53:39	Reading model file.
07/11/2024 11:53:39	Reading model file is complete.
07/11/2024 11:53:39	Processing support.
07/11/2024 11:53:39	Processing springs.
07/11/2024 11:53:39	Processing properties.
07/11/2024 11:53:39	Processing physical properties.
07/11/2024 11:53:39	Processing constants.
07/11/2024 11:53:39	Processing BETA constants.
07/11/2024 11:53:39	Processing hidden analytical member loads.
07/11/2024 11:53:39	Processing command list for member release.
07/11/2024 11:53:39	Processing command list for member offset.
07/11/2024 11:53:39	Processing command list for member specs (cracked).
07/11/2024 11:53:39	Processing command list for member specs (axial).
07/11/2024 11:53:39	Processing command list for element release.
07/11/2024 11:53:39	Processing command list for element offset.
07/11/2024 11:53:39	Processing command list for element plate stress directive.
07/11/2024 11:53:39	Processing parameter for Chinese wind load case.
07/11/2024 11:53:39	End Processing command list.
07/11/2024 11:53:39	End loading STAAD model.
07/11/2024 11:53:39	Start Post Analysis method
07/11/2024 11:53:39	Removed all hidden plates from surfaces
07/11/2024 11:53:39	Removed all hidden plates
07/11/2024 11:53:39	Removed all hidden nodes
07/11/2024 11:53:39	Loading results from MSH file...
07/11/2024 11:53:39	Building result indices...
07/11/2024 11:53:39	Loading plate stress results...
07/11/2024 11:53:39	Set analysis report setup data
07/11/2024 11:53:39	Starting page setup...
07/11/2024 11:53:39	Page setup completed
07/11/2024 11:53:39	Setting available workflows...
07/11/2024 11:53:39	Post analysis method ends
07/11/2024 11:53:49	Start Post Analysis method
07/11/2024 11:53:49	Removed all hidden plates from surfaces
07/11/2024 11:53:49	Removed all hidden plates
07/11/2024 11:53:49	Removed all hidden nodes
07/11/2024 11:53:49	Loading results from MSH file...
07/11/2024 11:53:49	Building result indices...
07/11/2024 11:53:49	Loading plate stress results...
07/11/2024 11:53:49	Set analysis report setup data
07/11/2024 11:53:49	Starting page setup...
07/11/2024 11:53:49	Page setup completed
07/11/2024 11:53:49	Setting available workflows...
07/11/2024 11:53:49	Post analysis method ends
