07/11/2024 14:32:54	Reading UID database.
07/11/2024 14:32:54	Start loading STAAD model.
07/11/2024 14:32:54	Reading model file.
07/11/2024 14:32:55	Reading model file is complete.
07/11/2024 14:32:55	Processing support.
07/11/2024 14:32:55	Processing springs.
07/11/2024 14:32:55	Processing properties.
07/11/2024 14:32:55	Processing physical properties.
07/11/2024 14:32:55	Processing constants.
07/11/2024 14:32:55	Processing BETA constants.
07/11/2024 14:32:55	Processing hidden analytical member loads.
07/11/2024 14:32:55	Processing command list for member release.
07/11/2024 14:32:55	Processing command list for member offset.
07/11/2024 14:32:55	Processing command list for member specs (cracked).
07/11/2024 14:32:55	Processing command list for member specs (axial).
07/11/2024 14:32:55	Processing command list for element release.
07/11/2024 14:32:55	Processing command list for element offset.
07/11/2024 14:32:55	Processing command list for element plate stress directive.
07/11/2024 14:32:55	Processing parameter for Chinese wind load case.
07/11/2024 14:32:55	End Processing command list.
07/11/2024 14:32:55	End loading STAAD model.
07/11/2024 14:32:55	Start Post Analysis method
07/11/2024 14:32:55	Removed all hidden plates from surfaces
07/11/2024 14:32:55	Removed all hidden plates
07/11/2024 14:32:55	Removed all hidden nodes
07/11/2024 14:32:55	Loading results from MSH file...
07/11/2024 14:32:55	Building result indices...
07/11/2024 14:32:55	Loading plate stress results...
07/11/2024 14:32:55	Set analysis report setup data
07/11/2024 14:32:55	Starting page setup...
07/11/2024 14:32:55	Page setup completed
07/11/2024 14:32:55	Setting available workflows...
07/11/2024 14:32:55	Post analysis method ends
07/11/2024 14:33:11	Start Post Analysis method
07/11/2024 14:33:11	Removed all hidden plates from surfaces
07/11/2024 14:33:11	Removed all hidden plates
07/11/2024 14:33:11	Removed all hidden nodes
07/11/2024 14:33:11	Loading results from MSH file...
07/11/2024 14:33:12	Building result indices...
07/11/2024 14:33:12	Loading plate stress results...
07/11/2024 14:33:12	Set analysis report setup data
07/11/2024 14:33:12	Starting page setup...
07/11/2024 14:33:12	Page setup completed
07/11/2024 14:33:12	Setting available workflows...
07/11/2024 14:33:12	Post analysis method ends
07/11/2024 14:43:49	Reading UID database.
07/11/2024 14:43:49	Start loading STAAD model.
07/11/2024 14:43:49	Reading model file.
07/11/2024 14:43:49	Reading model file is complete.
07/11/2024 14:43:49	Processing support.
07/11/2024 14:43:49	Processing springs.
07/11/2024 14:43:49	Processing properties.
07/11/2024 14:43:49	Processing physical properties.
07/11/2024 14:43:49	Processing constants.
07/11/2024 14:43:49	Processing BETA constants.
07/11/2024 14:43:49	Processing hidden analytical member loads.
07/11/2024 14:43:49	Processing command list for member release.
07/11/2024 14:43:49	Processing command list for member offset.
07/11/2024 14:43:49	Processing command list for member specs (cracked).
07/11/2024 14:43:49	Processing command list for member specs (axial).
07/11/2024 14:43:49	Processing command list for element release.
07/11/2024 14:43:49	Processing command list for element offset.
07/11/2024 14:43:49	Processing command list for element plate stress directive.
07/11/2024 14:43:49	Processing parameter for Chinese wind load case.
07/11/2024 14:43:49	End Processing command list.
07/11/2024 14:43:49	End loading STAAD model.
07/11/2024 14:43:49	Start Post Analysis method
07/11/2024 14:43:49	Removed all hidden plates from surfaces
07/11/2024 14:43:49	Removed all hidden plates
07/11/2024 14:43:49	Removed all hidden nodes
07/11/2024 14:43:49	Loading results from MSH file...
07/11/2024 14:43:49	Building result indices...
07/11/2024 14:43:49	Loading plate stress results...
07/11/2024 14:43:49	Set analysis report setup data
07/11/2024 14:43:49	Starting page setup...
07/11/2024 14:43:49	Page setup completed
07/11/2024 14:43:49	Setting available workflows...
07/11/2024 14:43:49	Post analysis method ends
07/11/2024 14:44:00	Start Post Analysis method
07/11/2024 14:44:00	Removed all hidden plates from surfaces
07/11/2024 14:44:00	Removed all hidden plates
07/11/2024 14:44:00	Removed all hidden nodes
07/11/2024 14:44:00	Loading results from MSH file...
07/11/2024 14:44:00	Building result indices...
07/11/2024 14:44:00	Loading plate stress results...
07/11/2024 14:44:00	Set analysis report setup data
07/11/2024 14:44:00	Starting page setup...
07/11/2024 14:44:00	Page setup completed
07/11/2024 14:44:00	Setting available workflows...
07/11/2024 14:44:00	Post analysis method ends
