08/09/2024 15:31:42	Reading UID database.
08/09/2024 15:31:42	Start loading STAAD model.
08/09/2024 15:31:42	Reading model file.
08/09/2024 15:31:43	Reading model file is complete.
08/09/2024 15:31:43	Processing support.
08/09/2024 15:31:43	Processing springs.
08/09/2024 15:31:43	Processing properties.
08/09/2024 15:31:43	Processing physical properties.
08/09/2024 15:31:43	Processing constants.
08/09/2024 15:31:43	Processing BETA constants.
08/09/2024 15:31:43	Processing hidden analytical member loads.
08/09/2024 15:31:43	Processing command list for member release.
08/09/2024 15:31:43	Processing command list for member offset.
08/09/2024 15:31:43	Processing command list for member specs (cracked).
08/09/2024 15:31:43	Processing command list for member specs (axial).
08/09/2024 15:31:43	Processing command list for element release.
08/09/2024 15:31:43	Processing command list for element offset.
08/09/2024 15:31:43	Processing command list for element plate stress directive.
08/09/2024 15:31:43	Processing parameter for Chinese wind load case.
08/09/2024 15:31:43	End Processing command list.
08/09/2024 15:31:43	End loading STAAD model.
08/09/2024 15:31:43	Start Post Analysis method
08/09/2024 15:31:43	Removed all hidden plates from surfaces
08/09/2024 15:31:43	Removed all hidden plates
08/09/2024 15:31:43	Removed all hidden nodes
08/09/2024 15:31:43	Loading results from MSH file...
08/09/2024 15:31:43	Building result indices...
08/09/2024 15:31:43	Loading plate stress results...
08/09/2024 15:31:43	Set analysis report setup data
08/09/2024 15:31:43	Starting page setup...
08/09/2024 15:31:43	Page setup completed
08/09/2024 15:31:43	Setting available workflows...
08/09/2024 15:31:43	Post analysis method ends
08/09/2024 15:35:22	Start Post Analysis method
08/09/2024 15:35:22	Removed all hidden plates from surfaces
08/09/2024 15:35:22	Removed all hidden plates
08/09/2024 15:35:22	Removed all hidden nodes
08/09/2024 15:35:22	Loading results from MSH file...
08/09/2024 15:35:22	Building result indices...
08/09/2024 15:35:22	Loading plate stress results...
08/09/2024 15:35:22	Set analysis report setup data
08/09/2024 15:35:22	Starting page setup...
08/09/2024 15:35:22	Page setup completed
08/09/2024 15:35:22	Setting available workflows...
08/09/2024 15:35:22	Post analysis method ends
08/09/2024 16:15:05	Reading UID database.
08/09/2024 16:15:05	Start loading STAAD model.
08/09/2024 16:15:05	Reading model file.
08/09/2024 16:15:05	Reading model file is complete.
08/09/2024 16:15:05	Processing support.
08/09/2024 16:15:05	Processing springs.
08/09/2024 16:15:05	Processing properties.
08/09/2024 16:15:05	Processing physical properties.
08/09/2024 16:15:05	Processing constants.
08/09/2024 16:15:05	Processing BETA constants.
08/09/2024 16:15:05	Processing hidden analytical member loads.
08/09/2024 16:15:05	Processing command list for member release.
08/09/2024 16:15:05	Processing command list for member offset.
08/09/2024 16:15:05	Processing command list for member specs (cracked).
08/09/2024 16:15:05	Processing command list for member specs (axial).
08/09/2024 16:15:05	Processing command list for element release.
08/09/2024 16:15:05	Processing command list for element offset.
08/09/2024 16:15:05	Processing command list for element plate stress directive.
08/09/2024 16:15:05	Processing parameter for Chinese wind load case.
08/09/2024 16:15:05	End Processing command list.
08/09/2024 16:15:05	End loading STAAD model.
08/09/2024 16:15:05	Start Post Analysis method
08/09/2024 16:15:05	Removed all hidden plates from surfaces
08/09/2024 16:15:05	Removed all hidden plates
08/09/2024 16:15:05	Removed all hidden nodes
08/09/2024 16:15:05	Loading results from MSH file...
08/09/2024 16:15:05	Building result indices...
08/09/2024 16:15:06	Loading plate stress results...
08/09/2024 16:15:06	Set analysis report setup data
08/09/2024 16:15:06	Starting page setup...
08/09/2024 16:15:06	Page setup completed
08/09/2024 16:15:06	Setting available workflows...
08/09/2024 16:15:06	Post analysis method ends
08/09/2024 16:15:18	Start Post Analysis method
08/09/2024 16:15:18	Removed all hidden plates from surfaces
08/09/2024 16:15:18	Removed all hidden plates
08/09/2024 16:15:18	Removed all hidden nodes
08/09/2024 16:15:18	Loading results from MSH file...
08/09/2024 16:15:18	Building result indices...
08/09/2024 16:15:19	Loading plate stress results...
08/09/2024 16:15:19	Set analysis report setup data
08/09/2024 16:15:19	Starting page setup...
08/09/2024 16:15:19	Page setup completed
08/09/2024 16:15:19	Setting available workflows...
08/09/2024 16:15:19	Post analysis method ends
08/09/2024 16:15:39	Start Post Analysis method
08/09/2024 16:15:39	Removed all hidden plates from surfaces
08/09/2024 16:15:39	Removed all hidden plates
08/09/2024 16:15:39	Removed all hidden nodes
08/09/2024 16:15:39	Loading results from MSH file...
08/09/2024 16:15:39	Building result indices...
08/09/2024 16:15:39	Loading plate stress results...
08/09/2024 16:15:39	Set analysis report setup data
08/09/2024 16:15:39	Starting page setup...
08/09/2024 16:15:39	Page setup completed
08/09/2024 16:15:39	Setting available workflows...
08/09/2024 16:15:39	Post analysis method ends
