16:15:33	Initializing STAAD Engine
16:15:33	Run stream set up is complete.
16:15:33	Initialize license libraries.
16:15:34	License libraries initialized.
16:15:34	Starting license(s) for A & D engine.
16:15:34	License Status: Ok
16:15:34	License information set up is complete.
****************************************************************************
*                            START OF ANALYSIS                             *
****************************************************************************
* Initiating Analysis At Fri Aug  9 16:15:34 2024
                          PROGRAM: STAAD.Pro
                          VERSION: 23.00.01.25
                16:15:34:82  ENTERING STAAD
                16:15:34:83  USING 64 BIT STAAD ENGINE
                16:15:34:83  ENTERING MAINN
                16:15:34:84  START JOB INFORMATION
                16:15:34:85  INPUT WIDTH 79
                16:15:34:85  UNIT MMS KN
                16:15:34:86  JOINT COORDINATES
                16:15:34:86  ENTERING JOINTC
                16:15:34:86  JOINTC NEWJ                                 400000
                16:15:34:87  MAX NODE NO.                                    40
                16:15:34:88  MEMBER INCIDENCES
                16:15:34:88  UNIT METER KN
                16:15:34:89  DEFINE MATERIAL START
                16:15:34:89  UNIT MMS KN
                16:15:34:90  MEMBER PROPERTY EUROP
                16:15:35: 5    ++ Finished Reading Member Properties ...
                16:15:35: 5  CONSTANTS
                16:15:35: 6  SUPPORTS
                16:15:35: 7  ENTERING SUPPORT
                16:15:35: 7  MEMBER OFFSET
                16:15:35: 9  DEFINE WIND LOAD
                16:15:35: 9  LOAD 121 LOADTYPE DEA
                16:15:35: 9  DUPLICATE ELEMENT CHECK
                16:15:35:10  CHECKING STRUCTURAL INTEGRITY
                16:15:35:10  CHECK UNCONNECTED JOINTS AND
                16:15:35:11  CALCULATE MAX JOINT CONNECTIVITY
                16:15:35:11  CHECK MULTIPLE STRUCTURES
                16:15:35:12  ENTERING SUPPORT
                16:15:35:13  NRJOLD                                           0
                16:15:35:13  SUPPORT NOLD                                     0
                16:15:35:14  SUPPORT N                                      222
                16:15:35:14  BEFORE LOADPR
                16:15:35:15  REOPEN AS DIR                                    0
                16:15:35:15  ENTER LOADPR
                16:15:35:32  PERFORM ANALYSIS PRIN
                16:15:35:32  pdel iter                                        0
                16:15:35:32  MAXIMUM E =                           2.973273E+04
                16:15:35:33  MINIMUM E =                           2.973273E+04
                16:15:35:33  MBW DOF BAND=                                    2
                16:15:35:34  NUMBER OF PRIMARY CASES                        101
                16:15:35:34  NUMBER OF CASES                                252
                16:15:35:35  #OF CASES W/ELEM INMEMORY                      252
                16:15:35:35  MEMORY FOR MEMBER LOADS                     127008
                16:15:35:36  MEMORY FOR DISPLACEMENTS                     60480
                16:15:35:36  MEMORY FOR MEMBER FORCES                    127008
                16:15:35:37  Using 64-bit analysis engine
                16:15:35:37  BEFORE SOLVER 1
                16:15:35:38  Start Input for Next Load Case
                16:15:35:38  case no=  121 seq. no=   1 idynl= 0
                16:15:35:38  MASSSET                                          0
                16:15:35:39  LOADEND ISLAVE                                   0
                16:15:35:39  Start Input for Next Load Case
                16:15:35:40  case no=  201 seq. no=   2 idynl= 0
                16:15:35:40  LOADEND ISLAVE                                   0
                16:15:35:41  Start Input for Next Load Case
                16:15:35:41  case no=  202 seq. no=   3 idynl= 0
                16:15:35:42  LOADEND ISLAVE                                   0
                16:15:35:42  Start Input for Next Load Case
                16:15:35:43  case no=  203 seq. no=   4 idynl= 0
                16:15:35:43  LOADEND ISLAVE                                   0
                16:15:35:44  Start Input for Next Load Case
                16:15:35:44  case no=  204 seq. no=   5 idynl= 0
                16:15:35:44  LOADEND ISLAVE                                   0
                16:15:35:45  Start Input for Next Load Case
                16:15:35:45  case no=  205 seq. no=   6 idynl= 0
                16:15:35:46  LOADEND ISLAVE                                   0
                16:15:35:46  Start Input for Next Load Case
                16:15:35:47  case no=  206 seq. no=   7 idynl= 0
                16:15:35:47  LOADEND ISLAVE                                   0
                16:15:35:48  Start Input for Next Load Case
                16:15:35:48  case no=  207 seq. no=   8 idynl= 0
                16:15:35:49  LOADEND ISLAVE                                   0
                16:15:35:50  Start Input for Next Load Case
                16:15:35:50  case no=  208 seq. no=   9 idynl= 0
                16:15:35:51  LOADEND ISLAVE                                   0
                16:15:35:51  Start Input for Next Load Case
                16:15:35:52  case no=  312 seq. no=  10 idynl= 0
                16:15:35:52  LOADEND ISLAVE                                   0
                16:15:35:53  Start Input for Next Load Case
                16:15:35:53  case no=  313 seq. no=  11 idynl= 0
                16:15:35:54  LOADEND ISLAVE                                   0
                16:15:35:54  Start Input for Next Load Case
                16:15:35:55  case no=  314 seq. no=  12 idynl= 0
                16:15:35:55  LOADEND ISLAVE                                   0
                16:15:35:55  Start Input for Next Load Case
                16:15:35:56  case no=  315 seq. no=  13 idynl= 0
                16:15:35:56  LOADEND ISLAVE                                   0
                16:15:35:57  Start Input for Next Load Case
                16:15:35:57  case no=  322 seq. no=  14 idynl= 0
                16:15:35:58  LOADEND ISLAVE                                   0
                16:15:35:58  Start Input for Next Load Case
                16:15:35:59  case no=  323 seq. no=  15 idynl= 0
                16:15:35:59  LOADEND ISLAVE                                   0
                16:15:35:60  Start Input for Next Load Case
                16:15:35:60  case no=  324 seq. no=  16 idynl= 0
                16:15:35:61  LOADEND ISLAVE                                   0
                16:15:35:61  Start Input for Next Load Case
                16:15:35:62  case no=  325 seq. no=  17 idynl= 0
                16:15:35:62  LOADEND ISLAVE                                   0
                16:15:35:63  Start Input for Next Load Case
                16:15:35:63  case no=  332 seq. no=  18 idynl= 0
                16:15:35:64  LOADEND ISLAVE                                   0
                16:15:35:64  Start Input for Next Load Case
                16:15:35:65  case no=  333 seq. no=  19 idynl= 0
                16:15:35:65  LOADEND ISLAVE                                   0
                16:15:35:66  Start Input for Next Load Case
                16:15:35:66  case no=  334 seq. no=  20 idynl= 0
                16:15:35:67  LOADEND ISLAVE                                   0
                16:15:35:67  Start Input for Next Load Case
                16:15:35:68  case no=  335 seq. no=  21 idynl= 0
                16:15:35:68  LOADEND ISLAVE                                   0
                16:15:35:69  Start Input for Next Load Case
                16:15:35:69  case no=  411 seq. no=  22 idynl= 0
                16:15:35:70  LOADEND ISLAVE                                   0
                16:15:35:70  Start Input for Next Load Case
                16:15:35:71  case no=  412 seq. no=  23 idynl= 0
                16:15:35:71  LOADEND ISLAVE                                   0
                16:15:35:71  Start Input for Next Load Case
                16:15:35:72  case no=  413 seq. no=  24 idynl= 0
                16:15:35:72  LOADEND ISLAVE                                   0
                16:15:35:73  Start Input for Next Load Case
                16:15:35:74  case no=  414 seq. no=  25 idynl= 0
                16:15:35:74  LOADEND ISLAVE                                   0
                16:15:35:75  Start Input for Next Load Case
                16:15:35:75  case no=  415 seq. no=  26 idynl= 0
                16:15:35:75  LOADEND ISLAVE                                   0
                16:15:35:76  Start Input for Next Load Case
                16:15:35:76  case no=  416 seq. no=  27 idynl= 0
                16:15:35:77  LOADEND ISLAVE                                   0
                16:15:35:77  Start Input for Next Load Case
                16:15:35:78  case no=  417 seq. no=  28 idynl= 0
                16:15:35:78  LOADEND ISLAVE                                   0
                16:15:35:79  Start Input for Next Load Case
                16:15:35:79  case no=  418 seq. no=  29 idynl= 0
                16:15:35:80  LOADEND ISLAVE                                   0
                16:15:35:80  Start Input for Next Load Case
                16:15:35:80  case no=  421 seq. no=  30 idynl= 0
                16:15:35:81  LOADEND ISLAVE                                   0
                16:15:35:82  Start Input for Next Load Case
                16:15:35:82  case no=  422 seq. no=  31 idynl= 0
                16:15:35:82  LOADEND ISLAVE                                   0
                16:15:35:83  Start Input for Next Load Case
                16:15:35:83  case no=  423 seq. no=  32 idynl= 0
                16:15:35:84  LOADEND ISLAVE                                   0
                16:15:35:85  Start Input for Next Load Case
                16:15:35:85  case no=  424 seq. no=  33 idynl= 0
                16:15:35:86  LOADEND ISLAVE                                   0
                16:15:35:87  Start Input for Next Load Case
                16:15:35:87  case no=  425 seq. no=  34 idynl= 0
                16:15:35:88  LOADEND ISLAVE                                   0
                16:15:35:88  Start Input for Next Load Case
                16:15:35:89  case no=  426 seq. no=  35 idynl= 0
                16:15:35:89  LOADEND ISLAVE                                   0
                16:15:35:90  Start Input for Next Load Case
                16:15:35:90  case no=  427 seq. no=  36 idynl= 0
                16:15:35:91  LOADEND ISLAVE                                   0
                16:15:35:91  Start Input for Next Load Case
                16:15:35:92  case no=  428 seq. no=  37 idynl= 0
                16:15:35:92  LOADEND ISLAVE                                   0
                16:15:35:92  Start Input for Next Load Case
                16:15:35:93  case no=  711 seq. no=  38 idynl= 0
                16:15:35:93  LOADEND ISLAVE                                   0
                16:15:35:94  Start Input for Next Load Case
                16:15:35:94  case no=  712 seq. no=  39 idynl= 0
                16:15:35:95  LOADEND ISLAVE                                   0
                16:15:35:95  Start Input for Next Load Case
                16:15:35:96  case no=  713 seq. no=  40 idynl= 0
                16:15:35:96  LOADEND ISLAVE                                   0
                16:15:35:97  Start Input for Next Load Case
                16:15:35:97  case no=  714 seq. no=  41 idynl= 0
                16:15:35:97  LOADEND ISLAVE                                   0
                16:15:35:98  Start Input for Next Load Case
                16:15:35:99  case no=  715 seq. no=  42 idynl= 0
                16:15:35:99  LOADEND ISLAVE                                   0
                16:15:36: 0  Start Input for Next Load Case
                16:15:36: 0  case no=  716 seq. no=  43 idynl= 0
                16:15:36: 0  LOADEND ISLAVE                                   0
                16:15:36: 1  Start Input for Next Load Case
                16:15:36: 1  case no=  717 seq. no=  44 idynl= 0
                16:15:36: 2  LOADEND ISLAVE                                   0
                16:15:36: 2  Start Input for Next Load Case
                16:15:36: 3  case no=  718 seq. no=  45 idynl= 0
                16:15:36: 3  LOADEND ISLAVE                                   0
                16:15:36: 4  Start Input for Next Load Case
                16:15:36: 4  case no= 1101 seq. no=  46 idynl= 0
                16:15:36: 5  LOADEND ISLAVE                                   0
                16:15:36: 5  Start Input for Next Load Case
                16:15:36: 6  case no= 1102 seq. no=  47 idynl= 0
                16:15:36: 6  LOADEND ISLAVE                                   0
                16:15:36: 7  Start Input for Next Load Case
                16:15:36: 7  case no= 1103 seq. no=  48 idynl= 0
                16:15:36: 8  LOADEND ISLAVE                                   0
                16:15:36: 8  Start Input for Next Load Case
                16:15:36: 9  case no= 1104 seq. no=  49 idynl= 0
                16:15:36: 9  LOADEND ISLAVE                                   0
                16:15:36:10  Start Input for Next Load Case
                16:15:36:10  case no= 1105 seq. no=  50 idynl= 0
                16:15:36:11  LOADEND ISLAVE                                   0
                16:15:36:11  Start Input for Next Load Case
                16:15:36:12  case no= 1106 seq. no=  51 idynl= 0
                16:15:36:12  LOADEND ISLAVE                                   0
                16:15:36:12  Start Input for Next Load Case
                16:15:36:13  case no= 1107 seq. no=  52 idynl= 0
                16:15:36:13  LOADEND ISLAVE                                   0
                16:15:36:14  Start Input for Next Load Case
                16:15:36:14  case no= 1108 seq. no=  53 idynl= 0
                16:15:36:15  LOADEND ISLAVE                                   0
                16:15:36:15  Start Input for Next Load Case
                16:15:36:16  case no= 1201 seq. no=  54 idynl= 0
                16:15:36:16  LOADEND ISLAVE                                   0
                16:15:36:17  Start Input for Next Load Case
                16:15:36:17  case no= 1202 seq. no=  55 idynl= 0
                16:15:36:18  LOADEND ISLAVE                                   0
                16:15:36:18  Start Input for Next Load Case
                16:15:36:19  case no= 1203 seq. no=  56 idynl= 0
                16:15:36:19  LOADEND ISLAVE                                   0
                16:15:36:19  Start Input for Next Load Case
                16:15:36:20  case no= 1204 seq. no=  57 idynl= 0
                16:15:36:20  LOADEND ISLAVE                                   0
                16:15:36:21  Start Input for Next Load Case
                16:15:36:21  case no= 1205 seq. no=  58 idynl= 0
                16:15:36:22  LOADEND ISLAVE                                   0
                16:15:36:22  Start Input for Next Load Case
                16:15:36:23  case no= 1206 seq. no=  59 idynl= 0
                16:15:36:23  LOADEND ISLAVE                                   0
                16:15:36:24  Start Input for Next Load Case
                16:15:36:25  case no= 1207 seq. no=  60 idynl= 0
                16:15:36:25  LOADEND ISLAVE                                   0
                16:15:36:26  Start Input for Next Load Case
                16:15:36:26  case no= 1208 seq. no=  61 idynl= 0
                16:15:36:26  LOADEND ISLAVE                                   0
                16:15:36:27  Start Input for Next Load Case
                16:15:36:27  case no= 2101 seq. no=  62 idynl= 0
                16:15:36:28  LOADEND ISLAVE                                   0
                16:15:36:28  Start Input for Next Load Case
                16:15:36:29  case no= 2102 seq. no=  63 idynl= 0
                16:15:36:29  LOADEND ISLAVE                                   0
                16:15:36:30  Start Input for Next Load Case
                16:15:36:30  case no= 2103 seq. no=  64 idynl= 0
                16:15:36:31  LOADEND ISLAVE                                   0
                16:15:36:31  Start Input for Next Load Case
                16:15:36:31  case no= 2104 seq. no=  65 idynl= 0
                16:15:36:32  LOADEND ISLAVE                                   0
                16:15:36:32  Start Input for Next Load Case
                16:15:36:33  case no= 2105 seq. no=  66 idynl= 0
                16:15:36:33  LOADEND ISLAVE                                   0
                16:15:36:34  Start Input for Next Load Case
                16:15:36:34  case no= 2106 seq. no=  67 idynl= 0
                16:15:36:35  LOADEND ISLAVE                                   0
                16:15:36:35  Start Input for Next Load Case
                16:15:36:36  case no= 2107 seq. no=  68 idynl= 0
                16:15:36:36  LOADEND ISLAVE                                   0
                16:15:36:37  Start Input for Next Load Case
                16:15:36:37  case no= 2108 seq. no=  69 idynl= 0
                16:15:36:38  LOADEND ISLAVE                                   0
                16:15:36:38  Start Input for Next Load Case
                16:15:36:39  case no= 3001 seq. no=  70 idynl= 0
                16:15:36:39  LOADEND ISLAVE                                   0
                16:15:36:40  Start Input for Next Load Case
                16:15:36:40  case no= 3002 seq. no=  71 idynl= 0
                16:15:36:41  LOADEND ISLAVE                                   0
                16:15:36:41  Start Input for Next Load Case
                16:15:36:41  case no= 3003 seq. no=  72 idynl= 0
                16:15:36:42  LOADEND ISLAVE                                   0
                16:15:36:42  Start Input for Next Load Case
                16:15:36:43  case no= 3004 seq. no=  73 idynl= 0
                16:15:36:43  LOADEND ISLAVE                                   0
                16:15:36:44  Start Input for Next Load Case
                16:15:36:44  case no= 3005 seq. no=  74 idynl= 0
                16:15:36:45  LOADEND ISLAVE                                   0
                16:15:36:45  Start Input for Next Load Case
                16:15:36:46  case no= 3006 seq. no=  75 idynl= 0
                16:15:36:46  LOADEND ISLAVE                                   0
                16:15:36:46  Start Input for Next Load Case
                16:15:36:47  case no= 3007 seq. no=  76 idynl= 0
                16:15:36:47  LOADEND ISLAVE                                   0
                16:15:36:48  Start Input for Next Load Case
                16:15:36:48  case no= 3008 seq. no=  77 idynl= 0
                16:15:36:49  LOADEND ISLAVE                                   0
                16:15:36:49  Start Input for Next Load Case
                16:15:36:50  case no= 3011 seq. no=  78 idynl= 0
                16:15:36:50  LOADEND ISLAVE                                   0
                16:15:36:51  Start Input for Next Load Case
                16:15:36:51  case no= 3012 seq. no=  79 idynl= 0
                16:15:36:52  LOADEND ISLAVE                                   0
                16:15:36:52  Start Input for Next Load Case
                16:15:36:53  case no= 3013 seq. no=  80 idynl= 0
                16:15:36:53  LOADEND ISLAVE                                   0
                16:15:36:54  Start Input for Next Load Case
                16:15:36:54  case no= 3014 seq. no=  81 idynl= 0
                16:15:36:55  LOADEND ISLAVE                                   0
                16:15:36:55  Start Input for Next Load Case
                16:15:36:55  case no= 3015 seq. no=  82 idynl= 0
                16:15:36:56  LOADEND ISLAVE                                   0
                16:15:36:56  Start Input for Next Load Case
                16:15:36:57  case no= 3016 seq. no=  83 idynl= 0
                16:15:36:57  LOADEND ISLAVE                                   0
                16:15:36:58  Start Input for Next Load Case
                16:15:36:58  case no= 3017 seq. no=  84 idynl= 0
                16:15:36:59  LOADEND ISLAVE                                   0
                16:15:36:59  Start Input for Next Load Case
                16:15:36:60  case no= 3018 seq. no=  85 idynl= 0
                16:15:36:60  LOADEND ISLAVE                                   0
                16:15:36:61  Start Input for Next Load Case
                16:15:36:61  case no= 3021 seq. no=  86 idynl= 0
                16:15:36:62  LOADEND ISLAVE                                   0
                16:15:36:63  Start Input for Next Load Case
                16:15:36:63  case no= 3022 seq. no=  87 idynl= 0
                16:15:36:63  LOADEND ISLAVE                                   0
                16:15:36:64  Start Input for Next Load Case
                16:15:36:64  case no= 3023 seq. no=  88 idynl= 0
                16:15:36:65  LOADEND ISLAVE                                   0
                16:15:36:65  Start Input for Next Load Case
                16:15:36:66  case no= 3024 seq. no=  89 idynl= 0
                16:15:36:66  LOADEND ISLAVE                                   0
                16:15:36:67  Start Input for Next Load Case
                16:15:36:67  case no= 3025 seq. no=  90 idynl= 0
                16:15:36:68  LOADEND ISLAVE                                   0
                16:15:36:68  Start Input for Next Load Case
                16:15:36:68  case no= 3026 seq. no=  91 idynl= 0
                16:15:36:69  LOADEND ISLAVE                                   0
                16:15:36:69  Start Input for Next Load Case
                16:15:36:70  case no= 3027 seq. no=  92 idynl= 0
                16:15:36:70  LOADEND ISLAVE                                   0
                16:15:36:71  Start Input for Next Load Case
                16:15:36:71  case no= 3028 seq. no=  93 idynl= 0
                16:15:36:72  LOADEND ISLAVE                                   0
                16:15:36:72  Start Input for Next Load Case
                16:15:36:73  case no= 3201 seq. no=  94 idynl= 0
                16:15:36:73  LOADEND ISLAVE                                   0
                16:15:36:74  Start Input for Next Load Case
                16:15:36:74  case no= 3202 seq. no=  95 idynl= 0
                16:15:36:75  LOADEND ISLAVE                                   0
                16:15:36:75  Start Input for Next Load Case
                16:15:36:76  case no= 3203 seq. no=  96 idynl= 0
                16:15:36:76  LOADEND ISLAVE                                   0
                16:15:36:77  Start Input for Next Load Case
                16:15:36:77  case no= 3204 seq. no=  97 idynl= 0
                16:15:36:77  LOADEND ISLAVE                                   0
                16:15:36:78  Start Input for Next Load Case
                16:15:36:78  case no= 3205 seq. no=  98 idynl= 0
                16:15:36:79  LOADEND ISLAVE                                   0
                16:15:36:80  Start Input for Next Load Case
                16:15:36:80  case no= 3206 seq. no=  99 idynl= 0
                16:15:36:81  LOADEND ISLAVE                                   0
                16:15:36:81  Start Input for Next Load Case
                16:15:36:82  case no= 3207 seq. no= 100 idynl= 0
                16:15:36:82  LOADEND ISLAVE                                   0
                16:15:36:83  Start Input for Next Load Case
                16:15:36:83  case no= 3208 seq. no= 101 idynl= 0
                16:15:36:84  LOADEND ISLAVE                                   0
                16:15:36:84  NVPREV                                           0
                16:15:36:84  AMAXNON                               6.502625E-01
                16:15:36:85  IRECSIZL=                                     4000
                16:15:36:85  MTX BLOCKSIZE=                                 444
                16:15:36:86  MI=                                            222
                16:15:36:87  NORECL=                                          1
                16:15:36:87  NORECL1=                                         1
                16:15:36:88  IWORD=                                       32000
                16:15:36:89  JRECSIZE=                                     4000
                16:15:36:89  IWORDJ=                                      32000
                16:15:36:90  IBYTE=                                           4
                16:15:36:90  JOINTS=                                         40
                16:15:36:91  MEMBERS=                                        42
                16:15:36:91  PLATES =                                         0
                16:15:36:91  SOLIDS =                                         0
                16:15:36:92  NO. OF EQUATIONS=                              222
                16:15:36:92  idyn=                                            0
                16:15:36:93  ipd=                                             0
                16:15:36:93  icablanl=                                        0
                16:15:36:94  ++ Processing Element Stiffness Matrix.
                16:15:36:94  NV1                                            101
                16:15:37: 5  ++ Calculating Element Forces & Reactions.
                16:15:37:45  COMBINATION CASES=                               0
                16:15:37:45  MAX CM MEMORY (KILOWORDS)                       50
                16:15:37:46  AFTER SOLVER 1
                16:15:37:47  REOPEN AS SEQ                                    0
                16:15:37:47  DEFINE ENVELOPE
                16:15:37:48  LOAD LIST 1101 TO 110
                16:15:37:48  PARAMETER 1
                16:15:37:51  CHECK CODE ALL
                16:15:37:51  ENTERING SECTNM110 IQ=                          42
                16:15:37:52               NSEC=                              11
                16:15:37:52             ISECTN=                               0
                16:15:37:55  SECTNM110 DO 925
                16:15:37:59  ENTERING ENVLP1 ITYP1=                          -3
                16:15:37:59  SECT DISPLACE
                16:15:37:63  Steel/Alum/Timber Design                        52
                16:15:37:67    ++ Finished Design ...
                16:15:37:67  Steel/Timber Design exit
                16:15:37:68  LOAD LIST 2101 TO 210
                16:15:37:69  PARAMETER 1
                16:15:37:71  CHECK CODE ALL
                16:15:37:71  ENTERING ENVLP1 ITYP1=                          -3
                16:15:37:72  SECT DISPLACE
                16:15:37:76  Steel/Alum/Timber Design                        52
                16:15:37:79    ++ Finished Design ...
                16:15:37:79  Steel/Timber Design exit
                16:15:37:79  LOAD LIST ENV 4 TO 7
                16:15:37:80  PARAMETER 1
                16:15:37:82  CHECK CODE ALL
                16:15:37:82  ENTERING ENVLP1 ITYP1=                          -3
                16:15:37:83  SECT DISPLACE
                16:15:37:87  Steel/Alum/Timber Design                        52
                16:15:37:94    ++ Finished Design ...
                16:15:37:94  Steel/Timber Design exit
                16:15:37:94  PRINT JOINT DISPLACEM
                16:15:37:95  DRAW ISOM JOIN MEMB
                16:15:37:95  ENTERING SECTNM110 IQ=                          42
                16:15:37:96               NSEC=                              11
                16:15:37:96             ISECTN=                               0
                16:15:38: 0  SECTNM110 DO 925
                16:15:38: 3  PRINT SUPPORT REACTIO
                16:15:38: 3  DRAW ISOM SUPP PROP
                16:15:38: 4  ENTERING SECTNM110 IQ=                          42
                16:15:38: 5               NSEC=                              11
                16:15:38: 5             ISECTN=                               0
                16:15:38: 9  SECTNM110 DO 925
                16:15:38:13  DRAW ISOM SHAP
                16:15:38:13  ENTERING SECTNM110 IQ=                          42
                16:15:38:14               NSEC=                              11
                16:15:38:14             ISECTN=                               0
                16:15:38:18  SECTNM110 DO 925
                16:15:38:22  PRINT CG
                16:15:38:22  FINISH
                16:15:38:22  All Commands FINISHed
                16:15:38:23  DATASAVE for SPRO GUI
                16:15:38:23  ++ Creating Displacement File (DSP)...
                16:15:38:25  ++ Creating Reaction File (REA)...
                16:15:38:26  ++ Creating Section Force File (BMD)...
                16:15:38:31  ++ Creating Section Displace File (SEC)...
                16:15:38:31  ENTERING ENVLP1 ITYP1=                          -5
                16:15:38:31  SECT DISPLACE
                16:15:38:37  ++ Creating Section Displace File (SCN)...
                16:15:38:42  ++ Creating Design information File (DGN)...
                16:15:38:42  ALLOCATED CM MEMORY (KILOWORDS)             300000
                16:15:38:42  MAX CM MEMORY (KILOWORDS)                      188
                16:15:38:43  DBS LONG SEC NAME
* End Of Analysis At Fri Aug  9 16:15:38 2024
* CPU usage = 3.685000
* STAAD Exit Code: 100, Warning Count: 72, Error Count: 0, Duration: 3.685
1 72 0 3.685
****************************************************************************
*                            END OF ANALYSIS                               *
****************************************************************************
