09:29:56	Initializing STAAD Engine
09:29:56	Run stream set up is complete.
09:29:56	Initialize license libraries.
09:29:57	License libraries initialized.
09:29:57	Starting license(s) for A & D engine.
09:29:57	License Status: Ok
09:29:57	License information set up is complete.
****************************************************************************
*                            START OF ANALYSIS                             *
****************************************************************************
* Initiating Analysis At Mon Jul 15 09:29:57 2024
                          PROGRAM: STAAD.Pro
                          VERSION: 23.00.01.25
                 9:29:57:99  ENTERING STAAD
                 9:29:58: 2  USING 64 BIT STAAD ENGINE
                 9:29:58: 2  ENTERING MAINN
                 9:29:58: 3  START JOB INFORMATION
                 9:29:58: 3  INPUT WIDTH 79
                 9:29:58: 3  UNIT MMS KN
                 9:29:58: 4  JOINT COORDINATES
                 9:29:58: 4  ENTERING JOINTC
                 9:29:58: 5  JOINTC NEWJ                                 400000
                 9:29:58: 5  MAX NODE NO.                                     7
                 9:29:58: 5  MEMBER INCIDENCES
                 9:29:58: 6  UNIT METER KN
                 9:29:58: 6  DEFINE MATERIAL START
                 9:29:58: 7  UNIT MMS KN
                 9:29:58: 7  MEMBER PROPERTY EUROP
                 9:29:58:51    ++ Finished Reading Member Properties ...
                 9:29:58:51  CONSTANTS
                 9:29:58:51  SUPPORTS
                 9:29:58:52  ENTERING SUPPORT
                 9:29:58:52  MEMBER OFFSET
                 9:29:58:53  DEFINE WIND LOAD
                 9:29:58:53  LOAD 121 LOADTYPE DEA
                 9:29:58:54  DUPLICATE ELEMENT CHECK
                 9:29:58:54  CHECKING STRUCTURAL INTEGRITY
                 9:29:58:55  CHECK UNCONNECTED JOINTS AND
                 9:29:58:55  CALCULATE MAX JOINT CONNECTIVITY
                 9:29:58:55  CHECK MULTIPLE STRUCTURES
                 9:29:58:56  ENTERING SUPPORT
                 9:29:58:56  NRJOLD                                           0
                 9:29:58:57  SUPPORT NOLD                                     0
                 9:29:58:57  SUPPORT N                                       30
                 9:29:58:57  BEFORE LOADPR
                 9:29:58:58  REOPEN AS DIR                                    0
                 9:29:58:58  ENTER LOADPR
                 9:29:58:68  PERFORM ANALYSIS PRIN
                 9:29:58:68  pdel iter                                        0
                 9:29:58:69  MAXIMUM E =                           2.973273E+04
                 9:29:58:69  MINIMUM E =                           2.973273E+04
                 9:29:58:70  MBW DOF BAND=                                    1
                 9:29:58:70  NUMBER OF PRIMARY CASES                        101
                 9:29:58:71  NUMBER OF CASES                                252
                 9:29:58:71  #OF CASES W/ELEM INMEMORY                      252
                 9:29:58:71  MEMORY FOR MEMBER LOADS                      18144
                 9:29:58:72  MEMORY FOR DISPLACEMENTS                     10584
                 9:29:58:72  MEMORY FOR MEMBER FORCES                     18144
                 9:29:58:73  Using 64-bit analysis engine
                 9:29:58:73  BEFORE SOLVER 1
                 9:29:58:74  Start Input for Next Load Case
                 9:29:58:74  case no=  121 seq. no=   1 idynl= 0
                 9:29:58:75  MASSSET                                          0
                 9:29:58:75  LOADEND ISLAVE                                   0
                 9:29:58:75  Start Input for Next Load Case
                 9:29:58:76  case no=  201 seq. no=   2 idynl= 0
                 9:29:58:76  LOADEND ISLAVE                                   0
                 9:29:58:77  Start Input for Next Load Case
                 9:29:58:77  case no=  202 seq. no=   3 idynl= 0
                 9:29:58:77  LOADEND ISLAVE                                   0
                 9:29:58:78  Start Input for Next Load Case
                 9:29:58:78  case no=  203 seq. no=   4 idynl= 0
                 9:29:58:79  LOADEND ISLAVE                                   0
                 9:29:58:79  Start Input for Next Load Case
                 9:29:58:79  case no=  204 seq. no=   5 idynl= 0
                 9:29:58:80  LOADEND ISLAVE                                   0
                 9:29:58:80  Start Input for Next Load Case
                 9:29:58:81  case no=  205 seq. no=   6 idynl= 0
                 9:29:58:81  LOADEND ISLAVE                                   0
                 9:29:58:81  Start Input for Next Load Case
                 9:29:58:82  case no=  206 seq. no=   7 idynl= 0
                 9:29:58:82  LOADEND ISLAVE                                   0
                 9:29:58:83  Start Input for Next Load Case
                 9:29:58:83  case no=  207 seq. no=   8 idynl= 0
                 9:29:58:83  LOADEND ISLAVE                                   0
                 9:29:58:84  Start Input for Next Load Case
                 9:29:58:84  case no=  208 seq. no=   9 idynl= 0
                 9:29:58:85  LOADEND ISLAVE                                   0
                 9:29:58:85  Start Input for Next Load Case
                 9:29:58:85  case no=  312 seq. no=  10 idynl= 0
                 9:29:58:86  LOADEND ISLAVE                                   0
                 9:29:58:86  Start Input for Next Load Case
                 9:29:58:87  case no=  313 seq. no=  11 idynl= 0
                 9:29:58:87  LOADEND ISLAVE                                   0
                 9:29:58:87  Start Input for Next Load Case
                 9:29:58:88  case no=  314 seq. no=  12 idynl= 0
                 9:29:58:88  LOADEND ISLAVE                                   0
                 9:29:58:89  Start Input for Next Load Case
                 9:29:58:89  case no=  315 seq. no=  13 idynl= 0
                 9:29:58:89  LOADEND ISLAVE                                   0
                 9:29:58:90  Start Input for Next Load Case
                 9:29:58:90  case no=  322 seq. no=  14 idynl= 0
                 9:29:58:91  LOADEND ISLAVE                                   0
                 9:29:58:91  Start Input for Next Load Case
                 9:29:58:91  case no=  323 seq. no=  15 idynl= 0
                 9:29:58:92  LOADEND ISLAVE                                   0
                 9:29:58:92  Start Input for Next Load Case
                 9:29:58:92  case no=  324 seq. no=  16 idynl= 0
                 9:29:58:93  LOADEND ISLAVE                                   0
                 9:29:58:93  Start Input for Next Load Case
                 9:29:58:94  case no=  325 seq. no=  17 idynl= 0
                 9:29:58:94  LOADEND ISLAVE                                   0
                 9:29:58:95  Start Input for Next Load Case
                 9:29:58:95  case no=  332 seq. no=  18 idynl= 0
                 9:29:58:95  LOADEND ISLAVE                                   0
                 9:29:58:96  Start Input for Next Load Case
                 9:29:58:96  case no=  333 seq. no=  19 idynl= 0
                 9:29:58:97  LOADEND ISLAVE                                   0
                 9:29:58:97  Start Input for Next Load Case
                 9:29:58:97  case no=  334 seq. no=  20 idynl= 0
                 9:29:58:98  LOADEND ISLAVE                                   0
                 9:29:58:99  Start Input for Next Load Case
                 9:29:58:99  case no=  335 seq. no=  21 idynl= 0
                 9:29:58:99  LOADEND ISLAVE                                   0
                 9:29:59: 0  Start Input for Next Load Case
                 9:29:59: 0  case no=  411 seq. no=  22 idynl= 0
                 9:29:59: 1  LOADEND ISLAVE                                   0
                 9:29:59: 1  Start Input for Next Load Case
                 9:29:59: 1  case no=  412 seq. no=  23 idynl= 0
                 9:29:59: 2  LOADEND ISLAVE                                   0
                 9:29:59: 2  Start Input for Next Load Case
                 9:29:59: 3  case no=  413 seq. no=  24 idynl= 0
                 9:29:59: 3  LOADEND ISLAVE                                   0
                 9:29:59: 3  Start Input for Next Load Case
                 9:29:59: 4  case no=  414 seq. no=  25 idynl= 0
                 9:29:59: 4  LOADEND ISLAVE                                   0
                 9:29:59: 5  Start Input for Next Load Case
                 9:29:59: 5  case no=  415 seq. no=  26 idynl= 0
                 9:29:59: 5  LOADEND ISLAVE                                   0
                 9:29:59: 6  Start Input for Next Load Case
                 9:29:59: 6  case no=  416 seq. no=  27 idynl= 0
                 9:29:59: 7  LOADEND ISLAVE                                   0
                 9:29:59: 7  Start Input for Next Load Case
                 9:29:59: 7  case no=  417 seq. no=  28 idynl= 0
                 9:29:59: 8  LOADEND ISLAVE                                   0
                 9:29:59: 8  Start Input for Next Load Case
                 9:29:59: 9  case no=  418 seq. no=  29 idynl= 0
                 9:29:59: 9  LOADEND ISLAVE                                   0
                 9:29:59:10  Start Input for Next Load Case
                 9:29:59:10  case no=  421 seq. no=  30 idynl= 0
                 9:29:59:10  LOADEND ISLAVE                                   0
                 9:29:59:11  Start Input for Next Load Case
                 9:29:59:11  case no=  422 seq. no=  31 idynl= 0
                 9:29:59:11  LOADEND ISLAVE                                   0
                 9:29:59:12  Start Input for Next Load Case
                 9:29:59:12  case no=  423 seq. no=  32 idynl= 0
                 9:29:59:13  LOADEND ISLAVE                                   0
                 9:29:59:13  Start Input for Next Load Case
                 9:29:59:14  case no=  424 seq. no=  33 idynl= 0
                 9:29:59:14  LOADEND ISLAVE                                   0
                 9:29:59:14  Start Input for Next Load Case
                 9:29:59:15  case no=  425 seq. no=  34 idynl= 0
                 9:29:59:15  LOADEND ISLAVE                                   0
                 9:29:59:16  Start Input for Next Load Case
                 9:29:59:16  case no=  426 seq. no=  35 idynl= 0
                 9:29:59:16  LOADEND ISLAVE                                   0
                 9:29:59:17  Start Input for Next Load Case
                 9:29:59:17  case no=  427 seq. no=  36 idynl= 0
                 9:29:59:18  LOADEND ISLAVE                                   0
                 9:29:59:18  Start Input for Next Load Case
                 9:29:59:19  case no=  428 seq. no=  37 idynl= 0
                 9:29:59:19  LOADEND ISLAVE                                   0
                 9:29:59:19  Start Input for Next Load Case
                 9:29:59:20  case no=  711 seq. no=  38 idynl= 0
                 9:29:59:20  LOADEND ISLAVE                                   0
                 9:29:59:21  Start Input for Next Load Case
                 9:29:59:21  case no=  712 seq. no=  39 idynl= 0
                 9:29:59:22  LOADEND ISLAVE                                   0
                 9:29:59:22  Start Input for Next Load Case
                 9:29:59:22  case no=  713 seq. no=  40 idynl= 0
                 9:29:59:23  LOADEND ISLAVE                                   0
                 9:29:59:23  Start Input for Next Load Case
                 9:29:59:24  case no=  714 seq. no=  41 idynl= 0
                 9:29:59:24  LOADEND ISLAVE                                   0
                 9:29:59:24  Start Input for Next Load Case
                 9:29:59:25  case no=  715 seq. no=  42 idynl= 0
                 9:29:59:25  LOADEND ISLAVE                                   0
                 9:29:59:26  Start Input for Next Load Case
                 9:29:59:26  case no=  716 seq. no=  43 idynl= 0
                 9:29:59:26  LOADEND ISLAVE                                   0
                 9:29:59:27  Start Input for Next Load Case
                 9:29:59:27  case no=  717 seq. no=  44 idynl= 0
                 9:29:59:28  LOADEND ISLAVE                                   0
                 9:29:59:28  Start Input for Next Load Case
                 9:29:59:29  case no=  718 seq. no=  45 idynl= 0
                 9:29:59:29  LOADEND ISLAVE                                   0
                 9:29:59:29  Start Input for Next Load Case
                 9:29:59:30  case no= 1101 seq. no=  46 idynl= 0
                 9:29:59:30  LOADEND ISLAVE                                   0
                 9:29:59:31  Start Input for Next Load Case
                 9:29:59:31  case no= 1102 seq. no=  47 idynl= 0
                 9:29:59:31  LOADEND ISLAVE                                   0
                 9:29:59:32  Start Input for Next Load Case
                 9:29:59:32  case no= 1103 seq. no=  48 idynl= 0
                 9:29:59:33  LOADEND ISLAVE                                   0
                 9:29:59:33  Start Input for Next Load Case
                 9:29:59:34  case no= 1104 seq. no=  49 idynl= 0
                 9:29:59:34  LOADEND ISLAVE                                   0
                 9:29:59:34  Start Input for Next Load Case
                 9:29:59:35  case no= 1105 seq. no=  50 idynl= 0
                 9:29:59:35  LOADEND ISLAVE                                   0
                 9:29:59:36  Start Input for Next Load Case
                 9:29:59:36  case no= 1106 seq. no=  51 idynl= 0
                 9:29:59:36  LOADEND ISLAVE                                   0
                 9:29:59:37  Start Input for Next Load Case
                 9:29:59:37  case no= 1107 seq. no=  52 idynl= 0
                 9:29:59:38  LOADEND ISLAVE                                   0
                 9:29:59:38  Start Input for Next Load Case
                 9:29:59:39  case no= 1108 seq. no=  53 idynl= 0
                 9:29:59:39  LOADEND ISLAVE                                   0
                 9:29:59:40  Start Input for Next Load Case
                 9:29:59:40  case no= 1201 seq. no=  54 idynl= 0
                 9:29:59:40  LOADEND ISLAVE                                   0
                 9:29:59:41  Start Input for Next Load Case
                 9:29:59:41  case no= 1202 seq. no=  55 idynl= 0
                 9:29:59:42  LOADEND ISLAVE                                   0
                 9:29:59:42  Start Input for Next Load Case
                 9:29:59:42  case no= 1203 seq. no=  56 idynl= 0
                 9:29:59:43  LOADEND ISLAVE                                   0
                 9:29:59:43  Start Input for Next Load Case
                 9:29:59:44  case no= 1204 seq. no=  57 idynl= 0
                 9:29:59:44  LOADEND ISLAVE                                   0
                 9:29:59:44  Start Input for Next Load Case
                 9:29:59:45  case no= 1205 seq. no=  58 idynl= 0
                 9:29:59:45  LOADEND ISLAVE                                   0
                 9:29:59:46  Start Input for Next Load Case
                 9:29:59:46  case no= 1206 seq. no=  59 idynl= 0
                 9:29:59:47  LOADEND ISLAVE                                   0
                 9:29:59:47  Start Input for Next Load Case
                 9:29:59:47  case no= 1207 seq. no=  60 idynl= 0
                 9:29:59:48  LOADEND ISLAVE                                   0
                 9:29:59:48  Start Input for Next Load Case
                 9:29:59:49  case no= 1208 seq. no=  61 idynl= 0
                 9:29:59:49  LOADEND ISLAVE                                   0
                 9:29:59:49  Start Input for Next Load Case
                 9:29:59:50  case no= 2101 seq. no=  62 idynl= 0
                 9:29:59:50  LOADEND ISLAVE                                   0
                 9:29:59:51  Start Input for Next Load Case
                 9:29:59:51  case no= 2102 seq. no=  63 idynl= 0
                 9:29:59:51  LOADEND ISLAVE                                   0
                 9:29:59:52  Start Input for Next Load Case
                 9:29:59:52  case no= 2103 seq. no=  64 idynl= 0
                 9:29:59:53  LOADEND ISLAVE                                   0
                 9:29:59:53  Start Input for Next Load Case
                 9:29:59:53  case no= 2104 seq. no=  65 idynl= 0
                 9:29:59:54  LOADEND ISLAVE                                   0
                 9:29:59:54  Start Input for Next Load Case
                 9:29:59:55  case no= 2105 seq. no=  66 idynl= 0
                 9:29:59:55  LOADEND ISLAVE                                   0
                 9:29:59:55  Start Input for Next Load Case
                 9:29:59:56  case no= 2106 seq. no=  67 idynl= 0
                 9:29:59:56  LOADEND ISLAVE                                   0
                 9:29:59:57  Start Input for Next Load Case
                 9:29:59:57  case no= 2107 seq. no=  68 idynl= 0
                 9:29:59:57  LOADEND ISLAVE                                   0
                 9:29:59:58  Start Input for Next Load Case
                 9:29:59:58  case no= 2108 seq. no=  69 idynl= 0
                 9:29:59:59  LOADEND ISLAVE                                   0
                 9:29:59:59  Start Input for Next Load Case
                 9:29:59:60  case no= 3001 seq. no=  70 idynl= 0
                 9:29:59:60  LOADEND ISLAVE                                   0
                 9:29:59:60  Start Input for Next Load Case
                 9:29:59:61  case no= 3002 seq. no=  71 idynl= 0
                 9:29:59:61  LOADEND ISLAVE                                   0
                 9:29:59:62  Start Input for Next Load Case
                 9:29:59:62  case no= 3003 seq. no=  72 idynl= 0
                 9:29:59:63  LOADEND ISLAVE                                   0
                 9:29:59:63  Start Input for Next Load Case
                 9:29:59:63  case no= 3004 seq. no=  73 idynl= 0
                 9:29:59:64  LOADEND ISLAVE                                   0
                 9:29:59:64  Start Input for Next Load Case
                 9:29:59:65  case no= 3005 seq. no=  74 idynl= 0
                 9:29:59:65  LOADEND ISLAVE                                   0
                 9:29:59:65  Start Input for Next Load Case
                 9:29:59:66  case no= 3006 seq. no=  75 idynl= 0
                 9:29:59:66  LOADEND ISLAVE                                   0
                 9:29:59:67  Start Input for Next Load Case
                 9:29:59:67  case no= 3007 seq. no=  76 idynl= 0
                 9:29:59:67  LOADEND ISLAVE                                   0
                 9:29:59:68  Start Input for Next Load Case
                 9:29:59:68  case no= 3008 seq. no=  77 idynl= 0
                 9:29:59:69  LOADEND ISLAVE                                   0
                 9:29:59:69  Start Input for Next Load Case
                 9:29:59:69  case no= 3011 seq. no=  78 idynl= 0
                 9:29:59:70  LOADEND ISLAVE                                   0
                 9:29:59:70  Start Input for Next Load Case
                 9:29:59:71  case no= 3012 seq. no=  79 idynl= 0
                 9:29:59:71  LOADEND ISLAVE                                   0
                 9:29:59:71  Start Input for Next Load Case
                 9:29:59:72  case no= 3013 seq. no=  80 idynl= 0
                 9:29:59:72  LOADEND ISLAVE                                   0
                 9:29:59:73  Start Input for Next Load Case
                 9:29:59:73  case no= 3014 seq. no=  81 idynl= 0
                 9:29:59:73  LOADEND ISLAVE                                   0
                 9:29:59:74  Start Input for Next Load Case
                 9:29:59:74  case no= 3015 seq. no=  82 idynl= 0
                 9:29:59:75  LOADEND ISLAVE                                   0
                 9:29:59:75  Start Input for Next Load Case
                 9:29:59:76  case no= 3016 seq. no=  83 idynl= 0
                 9:29:59:76  LOADEND ISLAVE                                   0
                 9:29:59:76  Start Input for Next Load Case
                 9:29:59:77  case no= 3017 seq. no=  84 idynl= 0
                 9:29:59:77  LOADEND ISLAVE                                   0
                 9:29:59:78  Start Input for Next Load Case
                 9:29:59:78  case no= 3018 seq. no=  85 idynl= 0
                 9:29:59:78  LOADEND ISLAVE                                   0
                 9:29:59:79  Start Input for Next Load Case
                 9:29:59:79  case no= 3021 seq. no=  86 idynl= 0
                 9:29:59:80  LOADEND ISLAVE                                   0
                 9:29:59:80  Start Input for Next Load Case
                 9:29:59:81  case no= 3022 seq. no=  87 idynl= 0
                 9:29:59:81  LOADEND ISLAVE                                   0
                 9:29:59:81  Start Input for Next Load Case
                 9:29:59:82  case no= 3023 seq. no=  88 idynl= 0
                 9:29:59:82  LOADEND ISLAVE                                   0
                 9:29:59:83  Start Input for Next Load Case
                 9:29:59:83  case no= 3024 seq. no=  89 idynl= 0
                 9:29:59:83  LOADEND ISLAVE                                   0
                 9:29:59:84  Start Input for Next Load Case
                 9:29:59:84  case no= 3025 seq. no=  90 idynl= 0
                 9:29:59:84  LOADEND ISLAVE                                   0
                 9:29:59:85  Start Input for Next Load Case
                 9:29:59:85  case no= 3026 seq. no=  91 idynl= 0
                 9:29:59:86  LOADEND ISLAVE                                   0
                 9:29:59:86  Start Input for Next Load Case
                 9:29:59:87  case no= 3027 seq. no=  92 idynl= 0
                 9:29:59:87  LOADEND ISLAVE                                   0
                 9:29:59:87  Start Input for Next Load Case
                 9:29:59:88  case no= 3028 seq. no=  93 idynl= 0
                 9:29:59:88  LOADEND ISLAVE                                   0
                 9:29:59:88  Start Input for Next Load Case
                 9:29:59:89  case no= 3201 seq. no=  94 idynl= 0
                 9:29:59:89  LOADEND ISLAVE                                   0
                 9:29:59:90  Start Input for Next Load Case
                 9:29:59:90  case no= 3202 seq. no=  95 idynl= 0
                 9:29:59:90  LOADEND ISLAVE                                   0
                 9:29:59:91  Start Input for Next Load Case
                 9:29:59:91  case no= 3203 seq. no=  96 idynl= 0
                 9:29:59:92  LOADEND ISLAVE                                   0
                 9:29:59:92  Start Input for Next Load Case
                 9:29:59:92  case no= 3204 seq. no=  97 idynl= 0
                 9:29:59:93  LOADEND ISLAVE                                   0
                 9:29:59:93  Start Input for Next Load Case
                 9:29:59:94  case no= 3205 seq. no=  98 idynl= 0
                 9:29:59:94  LOADEND ISLAVE                                   0
                 9:29:59:94  Start Input for Next Load Case
                 9:29:59:95  case no= 3206 seq. no=  99 idynl= 0
                 9:29:59:95  LOADEND ISLAVE                                   0
                 9:29:59:96  Start Input for Next Load Case
                 9:29:59:96  case no= 3207 seq. no= 100 idynl= 0
                 9:29:59:96  LOADEND ISLAVE                                   0
                 9:29:59:97  Start Input for Next Load Case
                 9:29:59:97  case no= 3208 seq. no= 101 idynl= 0
                 9:29:59:98  LOADEND ISLAVE                                   0
                 9:29:59:98  NVPREV                                           0
                 9:29:59:99  AMAXNON                               1.541995E-01
                 9:29:59:99  IRECSIZL=                                     4000
                 9:30: 0: 0  MTX BLOCKSIZE=                                  30
                 9:30: 0: 0  MI=                                             30
                 9:30: 0: 1  NORECL=                                          1
                 9:30: 0: 1  NORECL1=                                         1
                 9:30: 0: 2  IWORD=                                       32000
                 9:30: 0: 3  JRECSIZE=                                     4000
                 9:30: 0: 3  IWORDJ=                                      32000
                 9:30: 0: 4  IBYTE=                                           4
                 9:30: 0: 4  JOINTS=                                          7
                 9:30: 0: 5  MEMBERS=                                         6
                 9:30: 0: 5  PLATES =                                         0
                 9:30: 0: 6  SOLIDS =                                         0
                 9:30: 0: 6  NO. OF EQUATIONS=                               30
                 9:30: 0: 6  idyn=                                            0
                 9:30: 0: 8  ipd=                                             0
                 9:30: 0: 8  icablanl=                                        0
                 9:30: 0: 8  ++ Processing Element Stiffness Matrix.
                 9:30: 0: 9  NV1                                            101
                 9:30: 0:21  ++ Calculating Element Forces & Reactions.
                 9:30: 0:77  COMBINATION CASES=                               0
                 9:30: 0:77  MAX CM MEMORY (KILOWORDS)                       28
                 9:30: 0:78  AFTER SOLVER 1
                 9:30: 0:80  REOPEN AS SEQ                                    0
                 9:30: 0:80  DEFINE ENVELOPE
                 9:30: 0:82  LOAD LIST 1101 TO 110
                 9:30: 0:82  PARAMETER 1
                 9:30: 0:83  CHECK CODE ALL
                 9:30: 0:83  ENTERING SECTNM110 IQ=                           6
                 9:30: 0:84               NSEC=                              11
                 9:30: 0:84             ISECTN=                               0
                 9:30: 0:86  SECTNM110 DO 925
                 9:30: 0:88  ENTERING ENVLP1 ITYP1=                          -3
                 9:30: 0:88  SECT DISPLACE
                 9:30: 0:90  Steel/Alum/Timber Design                        52
                 9:30: 0:94    ++ Finished Design ...
                 9:30: 0:94  Steel/Timber Design exit
                 9:30: 0:95  LOAD LIST 2101 TO 210
                 9:30: 0:95  PARAMETER 1
                 9:30: 0:96  CHECK CODE ALL
                 9:30: 0:96  ENTERING ENVLP1 ITYP1=                          -3
                 9:30: 0:97  SECT DISPLACE
                 9:30: 0:99  Steel/Alum/Timber Design                        52
                 9:30: 1: 0    ++ Finished Design ...
                 9:30: 1: 0  Steel/Timber Design exit
                 9:30: 1: 1  LOAD LIST ENV 4 TO 7
                 9:30: 1: 1  PARAMETER 1
                 9:30: 1: 2  CHECK CODE ALL
                 9:30: 1: 2  ENTERING ENVLP1 ITYP1=                          -3
                 9:30: 1: 3  SECT DISPLACE
                 9:30: 1: 4  Steel/Alum/Timber Design                        52
                 9:30: 1: 6    ++ Finished Design ...
                 9:30: 1: 6  Steel/Timber Design exit
                 9:30: 1: 7  PRINT JOINT DISPLACEM
                 9:30: 1: 7  DRAW ISOM JOIN MEMB
                 9:30: 1: 8  ENTERING SECTNM110 IQ=                           6
                 9:30: 1: 8               NSEC=                              11
                 9:30: 1: 9             ISECTN=                               0
                 9:30: 1:11  SECTNM110 DO 925
                 9:30: 1:12  PRINT SUPPORT REACTIO
                 9:30: 1:13  DRAW ISOM SUPP PROP
                 9:30: 1:13  ENTERING SECTNM110 IQ=                           6
                 9:30: 1:14               NSEC=                              11
                 9:30: 1:14             ISECTN=                               0
                 9:30: 1:16  SECTNM110 DO 925
                 9:30: 1:18  DRAW ISOM SHAP
                 9:30: 1:18  ENTERING SECTNM110 IQ=                           6
                 9:30: 1:19               NSEC=                              11
                 9:30: 1:19             ISECTN=                               0
                 9:30: 1:22  SECTNM110 DO 925
                 9:30: 1:23  PRINT CG
                 9:30: 1:23  FINISH
                 9:30: 1:24  All Commands FINISHed
                 9:30: 1:25  DATASAVE for SPRO GUI
                 9:30: 1:26  ++ Creating Displacement File (DSP)...
                 9:30: 1:27  ++ Creating Reaction File (REA)...
                 9:30: 1:28  ++ Creating Section Force File (BMD)...
                 9:30: 1:29  ++ Creating Section Displace File (SEC)...
                 9:30: 1:29  ENTERING ENVLP1 ITYP1=                          -5
                 9:30: 1:30  SECT DISPLACE
                 9:30: 1:33  ++ Creating Section Displace File (SCN)...
                 9:30: 1:34  ++ Creating Design information File (DGN)...
                 9:30: 1:34  ALLOCATED CM MEMORY (KILOWORDS)             300000
                 9:30: 1:35  MAX CM MEMORY (KILOWORDS)                       55
                 9:30: 1:35  DBS LONG SEC NAME
* End Of Analysis At Mon Jul 15 09:30:01 2024
* CPU usage = 3.427000
* STAAD Exit Code: 100, Warning Count: 0, Error Count: 0, Duration: 3.427
1 0 0 3.427
****************************************************************************
*                            END OF ANALYSIS                               *
****************************************************************************
