15:40:20	Initializing STAAD Engine
15:40:20	Run stream set up is complete.
15:40:20	Initialize license libraries.
15:40:20	License libraries initialized.
15:40:20	Starting license(s) for A & D engine.
15:40:21	License Status: Ok
15:40:21	License information set up is complete.
****************************************************************************
*                            START OF ANALYSIS                             *
****************************************************************************
* Initiating Analysis At Mon Oct  7 15:40:21 2024
                          PROGRAM: STAAD.Pro
                          VERSION: 23.00.01.25
                15:40:21:55  ENTERING STAAD
                15:40:21:57  USING 64 BIT STAAD ENGINE
                15:40:21:57  ENTERING MAINN
                15:40:21:58  START JOB INFORMATION
                15:40:21:58  INPUT WIDTH 79
                15:40:21:58  UNIT MMS KN
                15:40:21:59  JOINT COORDINATES
                15:40:21:59  ENTERING JOINTC
                15:40:21:59  JOINTC NEWJ                                 400000
                15:40:21:60  MAX NODE NO.                                    10
                15:40:21:60  MEMBER INCIDENCES
                15:40:21:61  UNIT METER KN
                15:40:21:61  DEFINE MATERIAL START
                15:40:21:61  UNIT MMS KN
                15:40:21:62  MEMBER PROPERTY EUROP
                15:40:22: 6    ++ Finished Reading Member Properties ...
                15:40:22: 6  CONSTANTS
                15:40:22: 7  SUPPORTS
                15:40:22: 8  ENTERING SUPPORT
                15:40:22: 8  MEMBER OFFSET
                15:40:22: 9  DEFINE WIND LOAD
                15:40:22: 9  LOAD 121 LOADTYPE DEA
                15:40:22: 9  DUPLICATE ELEMENT CHECK
                15:40:22:10  CHECKING STRUCTURAL INTEGRITY
                15:40:22:10  CHECK UNCONNECTED JOINTS AND
                15:40:22:11  CALCULATE MAX JOINT CONNECTIVITY
                15:40:22:11  CHECK MULTIPLE STRUCTURES
                15:40:22:11  ENTERING SUPPORT
                15:40:22:12  NRJOLD                                           0
                15:40:22:12  SUPPORT NOLD                                     0
                15:40:22:13  SUPPORT N                                       48
                15:40:22:13  BEFORE LOADPR
                15:40:22:14  REOPEN AS DIR                                    0
                15:40:22:14  ENTER LOADPR
                15:40:22:25  PERFORM ANALYSIS PRIN
                15:40:22:25  pdel iter                                        0
                15:40:22:26  MAXIMUM E =                           2.973273E+04
                15:40:22:26  MINIMUM E =                           2.973273E+04
                15:40:22:27  MBW DOF BAND=                                    1
                15:40:22:27  NUMBER OF PRIMARY CASES                        101
                15:40:22:28  NUMBER OF CASES                                252
                15:40:22:28  #OF CASES W/ELEM INMEMORY                      252
                15:40:22:28  MEMORY FOR MEMBER LOADS                      30240
                15:40:22:29  MEMORY FOR DISPLACEMENTS                     15120
                15:40:22:29  MEMORY FOR MEMBER FORCES                     30240
                15:40:22:30  Using 64-bit analysis engine
                15:40:22:30  BEFORE SOLVER 1
                15:40:22:31  Start Input for Next Load Case
                15:40:22:31  case no=  121 seq. no=   1 idynl= 0
                15:40:22:31  MASSSET                                          0
                15:40:22:32  LOADEND ISLAVE                                   0
                15:40:22:32  Start Input for Next Load Case
                15:40:22:33  case no=  201 seq. no=   2 idynl= 0
                15:40:22:33  LOADEND ISLAVE                                   0
                15:40:22:34  Start Input for Next Load Case
                15:40:22:34  case no=  202 seq. no=   3 idynl= 0
                15:40:22:34  LOADEND ISLAVE                                   0
                15:40:22:35  Start Input for Next Load Case
                15:40:22:35  case no=  203 seq. no=   4 idynl= 0
                15:40:22:36  LOADEND ISLAVE                                   0
                15:40:22:36  Start Input for Next Load Case
                15:40:22:36  case no=  204 seq. no=   5 idynl= 0
                15:40:22:37  LOADEND ISLAVE                                   0
                15:40:22:37  Start Input for Next Load Case
                15:40:22:38  case no=  205 seq. no=   6 idynl= 0
                15:40:22:38  LOADEND ISLAVE                                   0
                15:40:22:38  Start Input for Next Load Case
                15:40:22:39  case no=  206 seq. no=   7 idynl= 0
                15:40:22:39  LOADEND ISLAVE                                   0
                15:40:22:40  Start Input for Next Load Case
                15:40:22:40  case no=  207 seq. no=   8 idynl= 0
                15:40:22:40  LOADEND ISLAVE                                   0
                15:40:22:41  Start Input for Next Load Case
                15:40:22:41  case no=  208 seq. no=   9 idynl= 0
                15:40:22:42  LOADEND ISLAVE                                   0
                15:40:22:42  Start Input for Next Load Case
                15:40:22:42  case no=  312 seq. no=  10 idynl= 0
                15:40:22:43  LOADEND ISLAVE                                   0
                15:40:22:43  Start Input for Next Load Case
                15:40:22:44  case no=  313 seq. no=  11 idynl= 0
                15:40:22:44  LOADEND ISLAVE                                   0
                15:40:22:44  Start Input for Next Load Case
                15:40:22:45  case no=  314 seq. no=  12 idynl= 0
                15:40:22:45  LOADEND ISLAVE                                   0
                15:40:22:46  Start Input for Next Load Case
                15:40:22:46  case no=  315 seq. no=  13 idynl= 0
                15:40:22:46  LOADEND ISLAVE                                   0
                15:40:22:47  Start Input for Next Load Case
                15:40:22:47  case no=  322 seq. no=  14 idynl= 0
                15:40:22:48  LOADEND ISLAVE                                   0
                15:40:22:48  Start Input for Next Load Case
                15:40:22:48  case no=  323 seq. no=  15 idynl= 0
                15:40:22:49  LOADEND ISLAVE                                   0
                15:40:22:49  Start Input for Next Load Case
                15:40:22:50  case no=  324 seq. no=  16 idynl= 0
                15:40:22:50  LOADEND ISLAVE                                   0
                15:40:22:50  Start Input for Next Load Case
                15:40:22:51  case no=  325 seq. no=  17 idynl= 0
                15:40:22:51  LOADEND ISLAVE                                   0
                15:40:22:51  Start Input for Next Load Case
                15:40:22:52  case no=  332 seq. no=  18 idynl= 0
                15:40:22:52  LOADEND ISLAVE                                   0
                15:40:22:53  Start Input for Next Load Case
                15:40:22:53  case no=  333 seq. no=  19 idynl= 0
                15:40:22:53  LOADEND ISLAVE                                   0
                15:40:22:54  Start Input for Next Load Case
                15:40:22:54  case no=  334 seq. no=  20 idynl= 0
                15:40:22:55  LOADEND ISLAVE                                   0
                15:40:22:55  Start Input for Next Load Case
                15:40:22:56  case no=  335 seq. no=  21 idynl= 0
                15:40:22:56  LOADEND ISLAVE                                   0
                15:40:22:56  Start Input for Next Load Case
                15:40:22:57  case no=  411 seq. no=  22 idynl= 0
                15:40:22:57  LOADEND ISLAVE                                   0
                15:40:22:58  Start Input for Next Load Case
                15:40:22:58  case no=  412 seq. no=  23 idynl= 0
                15:40:22:58  LOADEND ISLAVE                                   0
                15:40:22:59  Start Input for Next Load Case
                15:40:22:59  case no=  413 seq. no=  24 idynl= 0
                15:40:22:59  LOADEND ISLAVE                                   0
                15:40:22:60  Start Input for Next Load Case
                15:40:22:60  case no=  414 seq. no=  25 idynl= 0
                15:40:22:61  LOADEND ISLAVE                                   0
                15:40:22:61  Start Input for Next Load Case
                15:40:22:61  case no=  415 seq. no=  26 idynl= 0
                15:40:22:62  LOADEND ISLAVE                                   0
                15:40:22:62  Start Input for Next Load Case
                15:40:22:63  case no=  416 seq. no=  27 idynl= 0
                15:40:22:63  LOADEND ISLAVE                                   0
                15:40:22:63  Start Input for Next Load Case
                15:40:22:64  case no=  417 seq. no=  28 idynl= 0
                15:40:22:64  LOADEND ISLAVE                                   0
                15:40:22:65  Start Input for Next Load Case
                15:40:22:65  case no=  418 seq. no=  29 idynl= 0
                15:40:22:65  LOADEND ISLAVE                                   0
                15:40:22:66  Start Input for Next Load Case
                15:40:22:66  case no=  421 seq. no=  30 idynl= 0
                15:40:22:67  LOADEND ISLAVE                                   0
                15:40:22:67  Start Input for Next Load Case
                15:40:22:68  case no=  422 seq. no=  31 idynl= 0
                15:40:22:69  LOADEND ISLAVE                                   0
                15:40:22:69  Start Input for Next Load Case
                15:40:22:70  case no=  423 seq. no=  32 idynl= 0
                15:40:22:70  LOADEND ISLAVE                                   0
                15:40:22:71  Start Input for Next Load Case
                15:40:22:71  case no=  424 seq. no=  33 idynl= 0
                15:40:22:72  LOADEND ISLAVE                                   0
                15:40:22:72  Start Input for Next Load Case
                15:40:22:73  case no=  425 seq. no=  34 idynl= 0
                15:40:22:73  LOADEND ISLAVE                                   0
                15:40:22:74  Start Input for Next Load Case
                15:40:22:74  case no=  426 seq. no=  35 idynl= 0
                15:40:22:75  LOADEND ISLAVE                                   0
                15:40:22:75  Start Input for Next Load Case
                15:40:22:75  case no=  427 seq. no=  36 idynl= 0
                15:40:22:76  LOADEND ISLAVE                                   0
                15:40:22:76  Start Input for Next Load Case
                15:40:22:77  case no=  428 seq. no=  37 idynl= 0
                15:40:22:77  LOADEND ISLAVE                                   0
                15:40:22:77  Start Input for Next Load Case
                15:40:22:78  case no=  711 seq. no=  38 idynl= 0
                15:40:22:78  LOADEND ISLAVE                                   0
                15:40:22:79  Start Input for Next Load Case
                15:40:22:79  case no=  712 seq. no=  39 idynl= 0
                15:40:22:80  LOADEND ISLAVE                                   0
                15:40:22:80  Start Input for Next Load Case
                15:40:22:81  case no=  713 seq. no=  40 idynl= 0
                15:40:22:81  LOADEND ISLAVE                                   0
                15:40:22:81  Start Input for Next Load Case
                15:40:22:82  case no=  714 seq. no=  41 idynl= 0
                15:40:22:82  LOADEND ISLAVE                                   0
                15:40:22:83  Start Input for Next Load Case
                15:40:22:84  case no=  715 seq. no=  42 idynl= 0
                15:40:22:85  LOADEND ISLAVE                                   0
                15:40:22:85  Start Input for Next Load Case
                15:40:22:86  case no=  716 seq. no=  43 idynl= 0
                15:40:22:86  LOADEND ISLAVE                                   0
                15:40:22:87  Start Input for Next Load Case
                15:40:22:87  case no=  717 seq. no=  44 idynl= 0
                15:40:22:88  LOADEND ISLAVE                                   0
                15:40:22:88  Start Input for Next Load Case
                15:40:22:89  case no=  718 seq. no=  45 idynl= 0
                15:40:22:89  LOADEND ISLAVE                                   0
                15:40:22:90  Start Input for Next Load Case
                15:40:22:90  case no= 1101 seq. no=  46 idynl= 0
                15:40:22:90  LOADEND ISLAVE                                   0
                15:40:22:91  Start Input for Next Load Case
                15:40:22:91  case no= 1102 seq. no=  47 idynl= 0
                15:40:22:92  LOADEND ISLAVE                                   0
                15:40:22:92  Start Input for Next Load Case
                15:40:22:93  case no= 1103 seq. no=  48 idynl= 0
                15:40:22:93  LOADEND ISLAVE                                   0
                15:40:22:94  Start Input for Next Load Case
                15:40:22:94  case no= 1104 seq. no=  49 idynl= 0
                15:40:22:95  LOADEND ISLAVE                                   0
                15:40:22:95  Start Input for Next Load Case
                15:40:22:96  case no= 1105 seq. no=  50 idynl= 0
                15:40:22:96  LOADEND ISLAVE                                   0
                15:40:22:97  Start Input for Next Load Case
                15:40:22:97  case no= 1106 seq. no=  51 idynl= 0
                15:40:22:98  LOADEND ISLAVE                                   0
                15:40:22:99  Start Input for Next Load Case
                15:40:22:99  case no= 1107 seq. no=  52 idynl= 0
                15:40:23: 0  LOADEND ISLAVE                                   0
                15:40:23: 0  Start Input for Next Load Case
                15:40:23: 0  case no= 1108 seq. no=  53 idynl= 0
                15:40:23: 1  LOADEND ISLAVE                                   0
                15:40:23: 1  Start Input for Next Load Case
                15:40:23: 2  case no= 1201 seq. no=  54 idynl= 0
                15:40:23: 2  LOADEND ISLAVE                                   0
                15:40:23: 2  Start Input for Next Load Case
                15:40:23: 3  case no= 1202 seq. no=  55 idynl= 0
                15:40:23: 3  LOADEND ISLAVE                                   0
                15:40:23: 4  Start Input for Next Load Case
                15:40:23: 4  case no= 1203 seq. no=  56 idynl= 0
                15:40:23: 5  LOADEND ISLAVE                                   0
                15:40:23: 5  Start Input for Next Load Case
                15:40:23: 6  case no= 1204 seq. no=  57 idynl= 0
                15:40:23: 6  LOADEND ISLAVE                                   0
                15:40:23: 7  Start Input for Next Load Case
                15:40:23: 8  case no= 1205 seq. no=  58 idynl= 0
                15:40:23: 8  LOADEND ISLAVE                                   0
                15:40:23: 8  Start Input for Next Load Case
                15:40:23: 9  case no= 1206 seq. no=  59 idynl= 0
                15:40:23: 9  LOADEND ISLAVE                                   0
                15:40:23:10  Start Input for Next Load Case
                15:40:23:10  case no= 1207 seq. no=  60 idynl= 0
                15:40:23:10  LOADEND ISLAVE                                   0
                15:40:23:11  Start Input for Next Load Case
                15:40:23:11  case no= 1208 seq. no=  61 idynl= 0
                15:40:23:12  LOADEND ISLAVE                                   0
                15:40:23:12  Start Input for Next Load Case
                15:40:23:12  case no= 2101 seq. no=  62 idynl= 0
                15:40:23:13  LOADEND ISLAVE                                   0
                15:40:23:13  Start Input for Next Load Case
                15:40:23:14  case no= 2102 seq. no=  63 idynl= 0
                15:40:23:14  LOADEND ISLAVE                                   0
                15:40:23:15  Start Input for Next Load Case
                15:40:23:15  case no= 2103 seq. no=  64 idynl= 0
                15:40:23:15  LOADEND ISLAVE                                   0
                15:40:23:16  Start Input for Next Load Case
                15:40:23:16  case no= 2104 seq. no=  65 idynl= 0
                15:40:23:17  LOADEND ISLAVE                                   0
                15:40:23:17  Start Input for Next Load Case
                15:40:23:17  case no= 2105 seq. no=  66 idynl= 0
                15:40:23:18  LOADEND ISLAVE                                   0
                15:40:23:18  Start Input for Next Load Case
                15:40:23:19  case no= 2106 seq. no=  67 idynl= 0
                15:40:23:19  LOADEND ISLAVE                                   0
                15:40:23:19  Start Input for Next Load Case
                15:40:23:20  case no= 2107 seq. no=  68 idynl= 0
                15:40:23:20  LOADEND ISLAVE                                   0
                15:40:23:21  Start Input for Next Load Case
                15:40:23:21  case no= 2108 seq. no=  69 idynl= 0
                15:40:23:21  LOADEND ISLAVE                                   0
                15:40:23:22  Start Input for Next Load Case
                15:40:23:22  case no= 3001 seq. no=  70 idynl= 0
                15:40:23:23  LOADEND ISLAVE                                   0
                15:40:23:23  Start Input for Next Load Case
                15:40:23:24  case no= 3002 seq. no=  71 idynl= 0
                15:40:23:24  LOADEND ISLAVE                                   0
                15:40:23:24  Start Input for Next Load Case
                15:40:23:25  case no= 3003 seq. no=  72 idynl= 0
                15:40:23:25  LOADEND ISLAVE                                   0
                15:40:23:26  Start Input for Next Load Case
                15:40:23:26  case no= 3004 seq. no=  73 idynl= 0
                15:40:23:26  LOADEND ISLAVE                                   0
                15:40:23:27  Start Input for Next Load Case
                15:40:23:27  case no= 3005 seq. no=  74 idynl= 0
                15:40:23:28  LOADEND ISLAVE                                   0
                15:40:23:28  Start Input for Next Load Case
                15:40:23:29  case no= 3006 seq. no=  75 idynl= 0
                15:40:23:29  LOADEND ISLAVE                                   0
                15:40:23:30  Start Input for Next Load Case
                15:40:23:30  case no= 3007 seq. no=  76 idynl= 0
                15:40:23:30  LOADEND ISLAVE                                   0
                15:40:23:31  Start Input for Next Load Case
                15:40:23:31  case no= 3008 seq. no=  77 idynl= 0
                15:40:23:32  LOADEND ISLAVE                                   0
                15:40:23:32  Start Input for Next Load Case
                15:40:23:32  case no= 3011 seq. no=  78 idynl= 0
                15:40:23:33  LOADEND ISLAVE                                   0
                15:40:23:33  Start Input for Next Load Case
                15:40:23:34  case no= 3012 seq. no=  79 idynl= 0
                15:40:23:34  LOADEND ISLAVE                                   0
                15:40:23:34  Start Input for Next Load Case
                15:40:23:35  case no= 3013 seq. no=  80 idynl= 0
                15:40:23:35  LOADEND ISLAVE                                   0
                15:40:23:35  Start Input for Next Load Case
                15:40:23:36  case no= 3014 seq. no=  81 idynl= 0
                15:40:23:36  LOADEND ISLAVE                                   0
                15:40:23:37  Start Input for Next Load Case
                15:40:23:37  case no= 3015 seq. no=  82 idynl= 0
                15:40:23:37  LOADEND ISLAVE                                   0
                15:40:23:38  Start Input for Next Load Case
                15:40:23:38  case no= 3016 seq. no=  83 idynl= 0
                15:40:23:39  LOADEND ISLAVE                                   0
                15:40:23:39  Start Input for Next Load Case
                15:40:23:40  case no= 3017 seq. no=  84 idynl= 0
                15:40:23:40  LOADEND ISLAVE                                   0
                15:40:23:40  Start Input for Next Load Case
                15:40:23:41  case no= 3018 seq. no=  85 idynl= 0
                15:40:23:41  LOADEND ISLAVE                                   0
                15:40:23:42  Start Input for Next Load Case
                15:40:23:42  case no= 3021 seq. no=  86 idynl= 0
                15:40:23:42  LOADEND ISLAVE                                   0
                15:40:23:43  Start Input for Next Load Case
                15:40:23:43  case no= 3022 seq. no=  87 idynl= 0
                15:40:23:44  LOADEND ISLAVE                                   0
                15:40:23:44  Start Input for Next Load Case
                15:40:23:44  case no= 3023 seq. no=  88 idynl= 0
                15:40:23:45  LOADEND ISLAVE                                   0
                15:40:23:45  Start Input for Next Load Case
                15:40:23:46  case no= 3024 seq. no=  89 idynl= 0
                15:40:23:46  LOADEND ISLAVE                                   0
                15:40:23:46  Start Input for Next Load Case
                15:40:23:47  case no= 3025 seq. no=  90 idynl= 0
                15:40:23:47  LOADEND ISLAVE                                   0
                15:40:23:47  Start Input for Next Load Case
                15:40:23:48  case no= 3026 seq. no=  91 idynl= 0
                15:40:23:48  LOADEND ISLAVE                                   0
                15:40:23:49  Start Input for Next Load Case
                15:40:23:49  case no= 3027 seq. no=  92 idynl= 0
                15:40:23:50  LOADEND ISLAVE                                   0
                15:40:23:50  Start Input for Next Load Case
                15:40:23:51  case no= 3028 seq. no=  93 idynl= 0
                15:40:23:51  LOADEND ISLAVE                                   0
                15:40:23:51  Start Input for Next Load Case
                15:40:23:52  case no= 3201 seq. no=  94 idynl= 0
                15:40:23:52  LOADEND ISLAVE                                   0
                15:40:23:53  Start Input for Next Load Case
                15:40:23:53  case no= 3202 seq. no=  95 idynl= 0
                15:40:23:53  LOADEND ISLAVE                                   0
                15:40:23:54  Start Input for Next Load Case
                15:40:23:54  case no= 3203 seq. no=  96 idynl= 0
                15:40:23:55  LOADEND ISLAVE                                   0
                15:40:23:55  Start Input for Next Load Case
                15:40:23:55  case no= 3204 seq. no=  97 idynl= 0
                15:40:23:56  LOADEND ISLAVE                                   0
                15:40:23:56  Start Input for Next Load Case
                15:40:23:57  case no= 3205 seq. no=  98 idynl= 0
                15:40:23:57  LOADEND ISLAVE                                   0
                15:40:23:58  Start Input for Next Load Case
                15:40:23:58  case no= 3206 seq. no=  99 idynl= 0
                15:40:23:58  LOADEND ISLAVE                                   0
                15:40:23:59  Start Input for Next Load Case
                15:40:23:59  case no= 3207 seq. no= 100 idynl= 0
                15:40:23:60  LOADEND ISLAVE                                   0
                15:40:23:60  Start Input for Next Load Case
                15:40:23:60  case no= 3208 seq. no= 101 idynl= 0
                15:40:23:61  LOADEND ISLAVE                                   0
                15:40:23:61  NVPREV                                           0
                15:40:23:62  AMAXNON                               4.796588E-01
                15:40:23:62  IRECSIZL=                                     4000
                15:40:23:62  MTX BLOCKSIZE=                                  48
                15:40:23:63  MI=                                             48
                15:40:23:63  NORECL=                                          1
                15:40:23:64  NORECL1=                                         1
                15:40:23:64  IWORD=                                       32000
                15:40:23:64  JRECSIZE=                                     4000
                15:40:23:65  IWORDJ=                                      32000
                15:40:23:65  IBYTE=                                           4
                15:40:23:65  JOINTS=                                         10
                15:40:23:66  MEMBERS=                                        10
                15:40:23:66  PLATES =                                         0
                15:40:23:67  SOLIDS =                                         0
                15:40:23:67  NO. OF EQUATIONS=                               48
                15:40:23:68  idyn=                                            0
                15:40:23:68  ipd=                                             0
                15:40:23:69  icablanl=                                        0
                15:40:23:69  ++ Processing Element Stiffness Matrix.
                15:40:23:70  NV1                                            101
                15:40:23:82  ++ Calculating Element Forces & Reactions.
                15:40:24:29  COMBINATION CASES=                               0
                15:40:24:29  MAX CM MEMORY (KILOWORDS)                       30
                15:40:24:30  AFTER SOLVER 1
                15:40:24:32  REOPEN AS SEQ                                    0
                15:40:24:32  DEFINE ENVELOPE
                15:40:24:34  LOAD LIST 1101 TO 110
                15:40:24:34  PARAMETER 1
                15:40:24:35  CHECK CODE ALL
                15:40:24:35  ENTERING SECTNM110 IQ=                          10
                15:40:24:35               NSEC=                              11
                15:40:24:36             ISECTN=                               0
                15:40:24:39  SECTNM110 DO 925
                15:40:24:41  ENTERING ENVLP1 ITYP1=                          -3
                15:40:24:41  SECT DISPLACE
                15:40:24:43  Steel/Alum/Timber Design                        52
                15:40:24:47    ++ Finished Design ...
                15:40:24:47  Steel/Timber Design exit
                15:40:24:48  LOAD LIST 2101 TO 210
                15:40:24:49  PARAMETER 1
                15:40:24:50  CHECK CODE ALL
                15:40:24:50  ENTERING ENVLP1 ITYP1=                          -3
                15:40:24:50  SECT DISPLACE
                15:40:24:53  Steel/Alum/Timber Design                        52
                15:40:24:54    ++ Finished Design ...
                15:40:24:54  Steel/Timber Design exit
                15:40:24:55  LOAD LIST ENV 4 TO 7
                15:40:24:56  PARAMETER 1
                15:40:24:57  CHECK CODE ALL
                15:40:24:57  ENTERING ENVLP1 ITYP1=                          -3
                15:40:24:57  SECT DISPLACE
                15:40:24:60  Steel/Alum/Timber Design                        52
                15:40:24:63    ++ Finished Design ...
                15:40:24:63  Steel/Timber Design exit
                15:40:24:64  PRINT JOINT DISPLACEM
                15:40:24:66  DRAW ISOM JOIN MEMB
                15:40:24:68  ENTERING SECTNM110 IQ=                          10
                15:40:24:69               NSEC=                              11
                15:40:24:70             ISECTN=                               0
                15:40:24:75  SECTNM110 DO 925
                15:40:24:79  PRINT SUPPORT REACTIO
                15:40:24:79  DRAW ISOM SUPP PROP
                15:40:24:80  ENTERING SECTNM110 IQ=                          10
                15:40:24:81               NSEC=                              11
                15:40:24:82             ISECTN=                               0
                15:40:24:87  SECTNM110 DO 925
                15:40:24:90  DRAW ISOM SHAP
                15:40:24:90  ENTERING SECTNM110 IQ=                          10
                15:40:24:91               NSEC=                              11
                15:40:24:92             ISECTN=                               0
                15:40:24:96  SECTNM110 DO 925
                15:40:25: 0  PRINT CG
                15:40:25: 0  FINISH
                15:40:25: 1  All Commands FINISHed
                15:40:25: 2  DATASAVE for SPRO GUI
                15:40:25: 4  ++ Creating Displacement File (DSP)...
                15:40:25: 5  ++ Creating Reaction File (REA)...
                15:40:25: 5  ++ Creating Section Force File (BMD)...
                15:40:25: 9  ++ Creating Section Displace File (SEC)...
                15:40:25: 9  ENTERING ENVLP1 ITYP1=                          -5
                15:40:25:10  SECT DISPLACE
                15:40:25:15  ++ Creating Section Displace File (SCN)...
                15:40:25:19  ++ Creating Design information File (DGN)...
                15:40:25:19  ALLOCATED CM MEMORY (KILOWORDS)             300000
                15:40:25:19  MAX CM MEMORY (KILOWORDS)                       70
                15:40:25:21  DBS LONG SEC NAME
* End Of Analysis At Mon Oct  7 15:40:25 2024
* CPU usage = 3.737000
* STAAD Exit Code: 100, Warning Count: 0, Error Count: 0, Duration: 3.737
1 0 0 3.737
****************************************************************************
*                            END OF ANALYSIS                               *
****************************************************************************
