10/17/2024 09:56:40	Reading UID database.
10/17/2024 09:56:40	Start loading STAAD model.
10/17/2024 09:56:40	Reading model file.
10/17/2024 09:56:40	Reading model file is complete.
10/17/2024 09:56:40	Processing support.
10/17/2024 09:56:40	Processing springs.
10/17/2024 09:56:40	Processing properties.
10/17/2024 09:56:40	Processing physical properties.
10/17/2024 09:56:40	Processing constants.
10/17/2024 09:56:40	Processing BETA constants.
10/17/2024 09:56:40	Processing hidden analytical member loads.
10/17/2024 09:56:40	Processing command list for member release.
10/17/2024 09:56:40	Processing command list for member offset.
10/17/2024 09:56:40	Processing command list for member specs (cracked).
10/17/2024 09:56:40	Processing command list for member specs (axial).
10/17/2024 09:56:40	Processing command list for element release.
10/17/2024 09:56:40	Processing command list for element offset.
10/17/2024 09:56:40	Processing command list for element plate stress directive.
10/17/2024 09:56:40	Processing parameter for Chinese wind load case.
10/17/2024 09:56:40	End Processing command list.
10/17/2024 09:56:40	End loading STAAD model.
10/17/2024 09:56:40	Start Post Analysis method
10/17/2024 09:56:40	Removed all hidden plates from surfaces
10/17/2024 09:56:40	Removed all hidden plates
10/17/2024 09:56:40	Removed all hidden nodes
10/17/2024 09:56:40	Loading results from MSH file...
10/17/2024 09:56:40	Building result indices...
10/17/2024 09:56:40	Loading plate stress results...
10/17/2024 09:56:40	Set analysis report setup data
10/17/2024 09:56:40	Starting page setup...
10/17/2024 09:56:40	Page setup completed
10/17/2024 09:56:40	Setting available workflows...
10/17/2024 09:56:40	Post analysis method ends
10/17/2024 09:59:24	Start Post Analysis method
10/17/2024 09:59:24	Removed all hidden plates from surfaces
10/17/2024 09:59:24	Removed all hidden plates
10/17/2024 09:59:24	Removed all hidden nodes
10/17/2024 09:59:24	Loading results from MSH file...
10/17/2024 09:59:24	Building result indices...
10/17/2024 09:59:24	Loading plate stress results...
10/17/2024 09:59:24	Set analysis report setup data
10/17/2024 09:59:24	Starting page setup...
10/17/2024 09:59:24	Page setup completed
10/17/2024 09:59:24	Setting available workflows...
10/17/2024 09:59:24	Post analysis method ends
