10/01/2024 16:21:09	Reading UID database.
10/01/2024 16:21:09	Start loading STAAD model.
10/01/2024 16:21:09	Reading model file.
10/01/2024 16:21:09	Reading model file is complete.
10/01/2024 16:21:09	Processing support.
10/01/2024 16:21:09	Processing springs.
10/01/2024 16:21:09	Processing properties.
10/01/2024 16:21:09	Processing physical properties.
10/01/2024 16:21:09	Processing constants.
10/01/2024 16:21:09	Processing BETA constants.
10/01/2024 16:21:09	Processing hidden analytical member loads.
10/01/2024 16:21:09	Processing command list for member release.
10/01/2024 16:21:09	Processing command list for member offset.
10/01/2024 16:21:09	Processing command list for member specs (cracked).
10/01/2024 16:21:09	Processing command list for member specs (axial).
10/01/2024 16:21:09	Processing command list for element release.
10/01/2024 16:21:09	Processing command list for element offset.
10/01/2024 16:21:09	Processing command list for element plate stress directive.
10/01/2024 16:21:09	Processing parameter for Chinese wind load case.
10/01/2024 16:21:09	End Processing command list.
10/01/2024 16:21:09	End loading STAAD model.
10/01/2024 16:21:09	Start Post Analysis method
10/01/2024 16:21:09	Removed all hidden plates from surfaces
10/01/2024 16:21:09	Removed all hidden plates
10/01/2024 16:21:09	Removed all hidden nodes
10/01/2024 16:21:09	Loading results from MSH file...
10/01/2024 16:21:09	Building result indices...
10/01/2024 16:21:09	Loading plate stress results...
10/01/2024 16:21:09	Set analysis report setup data
10/01/2024 16:21:09	Starting page setup...
10/01/2024 16:21:09	Page setup completed
10/01/2024 16:21:09	Setting available workflows...
10/01/2024 16:21:09	Post analysis method ends
10/01/2024 16:34:25	Reading UID database.
10/01/2024 16:34:25	Start loading STAAD model.
10/01/2024 16:34:25	Reading model file.
10/01/2024 16:34:25	Reading model file is complete.
10/01/2024 16:34:25	Processing support.
10/01/2024 16:34:25	Processing springs.
10/01/2024 16:34:25	Processing properties.
10/01/2024 16:34:25	Processing physical properties.
10/01/2024 16:34:25	Processing constants.
10/01/2024 16:34:25	Processing BETA constants.
10/01/2024 16:34:25	Processing hidden analytical member loads.
10/01/2024 16:34:25	Processing command list for member release.
10/01/2024 16:34:25	Processing command list for member offset.
10/01/2024 16:34:25	Processing command list for member specs (cracked).
10/01/2024 16:34:25	Processing command list for member specs (axial).
10/01/2024 16:34:25	Processing command list for element release.
10/01/2024 16:34:25	Processing command list for element offset.
10/01/2024 16:34:25	Processing command list for element plate stress directive.
10/01/2024 16:34:25	Processing parameter for Chinese wind load case.
10/01/2024 16:34:25	End Processing command list.
10/01/2024 16:34:25	End loading STAAD model.
10/01/2024 16:34:25	Start Post Analysis method
10/01/2024 16:34:25	Removed all hidden plates from surfaces
10/01/2024 16:34:25	Removed all hidden plates
10/01/2024 16:34:25	Removed all hidden nodes
10/01/2024 16:34:25	Loading results from MSH file...
10/01/2024 16:34:25	Building result indices...
10/01/2024 16:34:25	Loading plate stress results...
10/01/2024 16:34:25	Set analysis report setup data
10/01/2024 16:34:25	Starting page setup...
10/01/2024 16:34:25	Page setup completed
10/01/2024 16:34:25	Setting available workflows...
10/01/2024 16:34:25	Post analysis method ends
10/01/2024 16:34:50	Start Post Analysis method
10/01/2024 16:34:50	Removed all hidden plates from surfaces
10/01/2024 16:34:50	Removed all hidden plates
10/01/2024 16:34:50	Removed all hidden nodes
10/01/2024 16:34:50	Loading results from MSH file...
10/01/2024 16:34:50	Building result indices...
10/01/2024 16:34:50	Loading plate stress results...
10/01/2024 16:34:50	Set analysis report setup data
10/01/2024 16:34:50	Starting page setup...
10/01/2024 16:34:50	Page setup completed
10/01/2024 16:34:50	Setting available workflows...
10/01/2024 16:34:50	Post analysis method ends
10/01/2024 16:40:49	Start Post Analysis method
10/01/2024 16:40:49	Removed all hidden plates from surfaces
10/01/2024 16:40:49	Removed all hidden plates
10/01/2024 16:40:49	Removed all hidden nodes
10/01/2024 16:40:49	Loading results from MSH file...
10/01/2024 16:40:49	Building result indices...
10/01/2024 16:40:49	Loading plate stress results...
10/01/2024 16:40:49	Set analysis report setup data
10/01/2024 16:40:49	Starting page setup...
10/01/2024 16:40:49	Page setup completed
10/01/2024 16:40:49	Setting available workflows...
10/01/2024 16:40:49	Post analysis method ends
