08/02/2024 08:33:46	Reading UID database.
08/02/2024 08:33:46	Start loading STAAD model.
08/02/2024 08:33:46	Reading model file.
08/02/2024 08:33:46	Reading model file is complete.
08/02/2024 08:33:46	Processing support.
08/02/2024 08:33:46	Processing springs.
08/02/2024 08:33:46	Processing properties.
08/02/2024 08:33:46	Processing physical properties.
08/02/2024 08:33:46	Processing constants.
08/02/2024 08:33:46	Processing BETA constants.
08/02/2024 08:33:46	Processing hidden analytical member loads.
08/02/2024 08:33:46	Processing command list for member release.
08/02/2024 08:33:46	Processing command list for member offset.
08/02/2024 08:33:46	Processing command list for member specs (cracked).
08/02/2024 08:33:46	Processing command list for member specs (axial).
08/02/2024 08:33:46	Processing command list for element release.
08/02/2024 08:33:46	Processing command list for element offset.
08/02/2024 08:33:46	Processing command list for element plate stress directive.
08/02/2024 08:33:46	Processing parameter for Chinese wind load case.
08/02/2024 08:33:46	End Processing command list.
08/02/2024 08:33:46	End loading STAAD model.
08/02/2024 08:33:46	Start Post Analysis method
08/02/2024 08:33:46	Removed all hidden plates from surfaces
08/02/2024 08:33:46	Removed all hidden plates
08/02/2024 08:33:46	Removed all hidden nodes
08/02/2024 08:33:46	Loading results from MSH file...
08/02/2024 08:33:46	Building result indices...
08/02/2024 08:33:46	Loading plate stress results...
08/02/2024 08:33:46	Set analysis report setup data
08/02/2024 08:33:46	Starting page setup...
08/02/2024 08:33:46	Page setup completed
08/02/2024 08:33:46	Setting available workflows...
08/02/2024 08:33:46	Post analysis method ends
08/02/2024 08:54:51	Start Post Analysis method
08/02/2024 08:54:51	Removed all hidden plates from surfaces
08/02/2024 08:54:51	Removed all hidden plates
08/02/2024 08:54:51	Removed all hidden nodes
08/02/2024 08:54:51	Loading results from MSH file...
08/02/2024 08:54:51	Building result indices...
08/02/2024 08:54:51	Loading plate stress results...
08/02/2024 08:54:51	Set analysis report setup data
08/02/2024 08:54:51	Starting page setup...
08/02/2024 08:54:51	Page setup completed
08/02/2024 08:54:51	Setting available workflows...
08/02/2024 08:54:51	Post analysis method ends
08/02/2024 10:11:47	Reading UID database.
08/02/2024 10:11:47	Start loading STAAD model.
08/02/2024 10:11:47	Reading model file.
08/02/2024 10:11:47	Reading model file is complete.
08/02/2024 10:11:47	Processing support.
08/02/2024 10:11:47	Processing springs.
08/02/2024 10:11:47	Processing properties.
08/02/2024 10:11:47	Processing physical properties.
08/02/2024 10:11:47	Processing constants.
08/02/2024 10:11:47	Processing BETA constants.
08/02/2024 10:11:47	Processing hidden analytical member loads.
08/02/2024 10:11:47	Processing command list for member release.
08/02/2024 10:11:47	Processing command list for member offset.
08/02/2024 10:11:47	Processing command list for member specs (cracked).
08/02/2024 10:11:47	Processing command list for member specs (axial).
08/02/2024 10:11:48	Processing command list for element release.
08/02/2024 10:11:48	Processing command list for element offset.
08/02/2024 10:11:48	Processing command list for element plate stress directive.
08/02/2024 10:11:48	Processing parameter for Chinese wind load case.
08/02/2024 10:11:48	End Processing command list.
08/02/2024 10:11:48	End loading STAAD model.
08/02/2024 10:11:48	Start Post Analysis method
08/02/2024 10:11:48	Removed all hidden plates from surfaces
08/02/2024 10:11:48	Removed all hidden plates
08/02/2024 10:11:48	Removed all hidden nodes
08/02/2024 10:11:48	Loading results from MSH file...
08/02/2024 10:11:48	Building result indices...
08/02/2024 10:11:48	Loading plate stress results...
08/02/2024 10:11:48	Set analysis report setup data
08/02/2024 10:11:48	Starting page setup...
08/02/2024 10:11:48	Page setup completed
08/02/2024 10:11:48	Setting available workflows...
08/02/2024 10:11:48	Post analysis method ends
08/02/2024 10:11:58	Start Post Analysis method
08/02/2024 10:11:58	Removed all hidden plates from surfaces
08/02/2024 10:11:58	Removed all hidden plates
08/02/2024 10:11:58	Removed all hidden nodes
08/02/2024 10:11:58	Loading results from MSH file...
08/02/2024 10:11:58	Building result indices...
08/02/2024 10:11:58	Loading plate stress results...
08/02/2024 10:11:58	Set analysis report setup data
08/02/2024 10:11:58	Starting page setup...
08/02/2024 10:11:58	Page setup completed
08/02/2024 10:11:58	Setting available workflows...
08/02/2024 10:11:58	Post analysis method ends
