07/11/2024 12:42:41	Reading UID database.
07/11/2024 12:42:41	Start loading STAAD model.
07/11/2024 12:42:41	Reading model file.
07/11/2024 12:42:41	Reading model file is complete.
07/11/2024 12:42:41	Processing support.
07/11/2024 12:42:41	Processing springs.
07/11/2024 12:42:41	Processing properties.
07/11/2024 12:42:41	Processing physical properties.
07/11/2024 12:42:41	Processing constants.
07/11/2024 12:42:41	Processing BETA constants.
07/11/2024 12:42:41	Processing hidden analytical member loads.
07/11/2024 12:42:41	Processing command list for member release.
07/11/2024 12:42:41	Processing command list for member offset.
07/11/2024 12:42:41	Processing command list for member specs (cracked).
07/11/2024 12:42:41	Processing command list for member specs (axial).
07/11/2024 12:42:41	Processing command list for element release.
07/11/2024 12:42:41	Processing command list for element offset.
07/11/2024 12:42:41	Processing command list for element plate stress directive.
07/11/2024 12:42:41	Processing parameter for Chinese wind load case.
07/11/2024 12:42:41	End Processing command list.
07/11/2024 12:42:41	End loading STAAD model.
07/11/2024 12:42:41	Start Post Analysis method
07/11/2024 12:42:41	Removed all hidden plates from surfaces
07/11/2024 12:42:41	Removed all hidden plates
07/11/2024 12:42:41	Removed all hidden nodes
07/11/2024 12:42:41	Loading results from MSH file...
07/11/2024 12:42:41	Building result indices...
07/11/2024 12:42:41	Loading plate stress results...
07/11/2024 12:42:41	Set analysis report setup data
07/11/2024 12:42:41	Starting page setup...
07/11/2024 12:42:41	Page setup completed
07/11/2024 12:42:41	Setting available workflows...
07/11/2024 12:42:41	Post analysis method ends
07/11/2024 12:42:51	Start Post Analysis method
07/11/2024 12:42:51	Removed all hidden plates from surfaces
07/11/2024 12:42:51	Removed all hidden plates
07/11/2024 12:42:51	Removed all hidden nodes
07/11/2024 12:42:51	Loading results from MSH file...
07/11/2024 12:42:51	Building result indices...
07/11/2024 12:42:51	Loading plate stress results...
07/11/2024 12:42:51	Set analysis report setup data
07/11/2024 12:42:51	Starting page setup...
07/11/2024 12:42:51	Page setup completed
07/11/2024 12:42:51	Setting available workflows...
07/11/2024 12:42:51	Post analysis method ends
07/11/2024 12:43:08	Start Post Analysis method
07/11/2024 12:43:08	Removed all hidden plates from surfaces
07/11/2024 12:43:08	Removed all hidden plates
07/11/2024 12:43:08	Removed all hidden nodes
07/11/2024 12:43:08	Loading results from MSH file...
07/11/2024 12:43:08	Building result indices...
07/11/2024 12:43:08	Loading plate stress results...
07/11/2024 12:43:08	Set analysis report setup data
07/11/2024 12:43:08	Starting page setup...
07/11/2024 12:43:08	Page setup completed
07/11/2024 12:43:08	Setting available workflows...
07/11/2024 12:43:08	Post analysis method ends
07/11/2024 13:05:40	Start Post Analysis method
07/11/2024 13:05:40	Removed all hidden plates from surfaces
07/11/2024 13:05:40	Removed all hidden plates
07/11/2024 13:05:40	Removed all hidden nodes
07/11/2024 13:05:40	Loading results from MSH file...
07/11/2024 13:05:40	Building result indices...
07/11/2024 13:05:40	Loading plate stress results...
07/11/2024 13:05:40	Set analysis report setup data
07/11/2024 13:05:40	Starting page setup...
07/11/2024 13:05:40	Page setup completed
07/11/2024 13:05:40	Setting available workflows...
07/11/2024 13:05:40	Post analysis method ends
07/11/2024 13:26:03	Reading UID database.
07/11/2024 13:26:03	Start loading STAAD model.
07/11/2024 13:26:03	Reading model file.
07/11/2024 13:26:03	Reading model file is complete.
07/11/2024 13:26:03	Processing support.
07/11/2024 13:26:03	Processing springs.
07/11/2024 13:26:03	Processing properties.
07/11/2024 13:26:03	Processing physical properties.
07/11/2024 13:26:03	Processing constants.
07/11/2024 13:26:03	Processing BETA constants.
07/11/2024 13:26:03	Processing hidden analytical member loads.
07/11/2024 13:26:03	Processing command list for member release.
07/11/2024 13:26:03	Processing command list for member offset.
07/11/2024 13:26:03	Processing command list for member specs (cracked).
07/11/2024 13:26:03	Processing command list for member specs (axial).
07/11/2024 13:26:03	Processing command list for element release.
07/11/2024 13:26:03	Processing command list for element offset.
07/11/2024 13:26:03	Processing command list for element plate stress directive.
07/11/2024 13:26:03	Processing parameter for Chinese wind load case.
07/11/2024 13:26:03	End Processing command list.
07/11/2024 13:26:03	End loading STAAD model.
07/11/2024 13:26:03	Start Post Analysis method
07/11/2024 13:26:03	Removed all hidden plates from surfaces
07/11/2024 13:26:03	Removed all hidden plates
07/11/2024 13:26:03	Removed all hidden nodes
07/11/2024 13:26:03	Loading results from MSH file...
07/11/2024 13:26:03	Building result indices...
07/11/2024 13:26:03	Loading plate stress results...
07/11/2024 13:26:03	Set analysis report setup data
07/11/2024 13:26:03	Starting page setup...
07/11/2024 13:26:03	Page setup completed
07/11/2024 13:26:03	Setting available workflows...
07/11/2024 13:26:03	Post analysis method ends
07/11/2024 13:26:14	Start Post Analysis method
07/11/2024 13:26:14	Removed all hidden plates from surfaces
07/11/2024 13:26:14	Removed all hidden plates
07/11/2024 13:26:14	Removed all hidden nodes
07/11/2024 13:26:14	Loading results from MSH file...
07/11/2024 13:26:14	Building result indices...
07/11/2024 13:26:14	Loading plate stress results...
07/11/2024 13:26:14	Set analysis report setup data
07/11/2024 13:26:14	Starting page setup...
07/11/2024 13:26:14	Page setup completed
07/11/2024 13:26:14	Setting available workflows...
07/11/2024 13:26:14	Post analysis method ends
