11:40:56	Initializing STAAD Engine
11:40:56	Run stream set up is complete.
11:40:56	Initialize license libraries.
11:40:56	License libraries initialized.
11:40:56	Starting license(s) for A & D engine.
11:40:57	License Status: Ok
11:40:57	License information set up is complete.
****************************************************************************
*                            START OF ANALYSIS                             *
****************************************************************************
* Initiating Analysis At Thu Aug 15 11:40:57 2024
                          PROGRAM: STAAD.Pro
                          VERSION: 23.00.01.25
                11:40:57:50  ENTERING STAAD
                11:40:57:51  USING 64 BIT STAAD ENGINE
                11:40:57:51  ENTERING MAINN
                11:40:57:51  START JOB INFORMATION
                11:40:57:52  INPUT WIDTH 79
                11:40:57:52  UNIT MMS KN
                11:40:57:52  JOINT COORDINATES
                11:40:57:53  ENTERING JOINTC
                11:40:57:53  JOINTC NEWJ                                 400000
                11:40:57:54  MAX NODE NO.                                    34
                11:40:57:54  MEMBER INCIDENCES
                11:40:57:55  UNIT METER KN
                11:40:57:55  DEFINE MATERIAL START
                11:40:57:55  UNIT MMS KN
                11:40:57:56  MEMBER PROPERTY EUROP
                11:40:57:69    ++ Finished Reading Member Properties ...
                11:40:57:69  CONSTANTS
                11:40:57:70  SUPPORTS
                11:40:57:70  ENTERING SUPPORT
                11:40:57:71  UNIT METER KN
                11:40:57:71  DEFINE WIND LOAD
                11:40:57:72  LOAD 121 LOADTYPE DEA
                11:40:57:72  DUPLICATE ELEMENT CHECK
                11:40:57:73  CHECKING STRUCTURAL INTEGRITY
                11:40:57:73  CHECK UNCONNECTED JOINTS AND
                11:40:57:74  CALCULATE MAX JOINT CONNECTIVITY
                11:40:57:74  CHECK MULTIPLE STRUCTURES
                11:40:57:75  ENTERING SUPPORT
                11:40:57:75  NRJOLD                                           0
                11:40:57:75  SUPPORT NOLD                                     0
                11:40:57:76  SUPPORT N                                      150
                11:40:57:76  BEFORE LOADPR
                11:40:57:77  REOPEN AS DIR                                    0
                11:40:57:77  ENTER LOADPR
                11:40:57:92  PERFORM ANALYSIS PRIN
                11:40:57:92  pdel iter                                        0
                11:40:57:92  MAXIMUM E =                           2.973273E+04
                11:40:57:93  MINIMUM E =                           2.973273E+04
                11:40:57:93  MBW DOF BAND=                                    1
                11:40:57:94  NUMBER OF PRIMARY CASES                        101
                11:40:57:94  NUMBER OF CASES                                252
                11:40:57:95  #OF CASES W/ELEM INMEMORY                      252
                11:40:57:95  MEMORY FOR MEMBER LOADS                      93744
                11:40:57:96  MEMORY FOR DISPLACEMENTS                     45360
                11:40:57:96  MEMORY FOR MEMBER FORCES                     93744
                11:40:57:97  Using 64-bit analysis engine
                11:40:57:97  BEFORE SOLVER 1
                11:40:57:98  Start Input for Next Load Case
                11:40:57:98  case no=  121 seq. no=   1 idynl= 0
                11:40:57:98  MASSSET                                          0
                11:40:57:99  LOADEND ISLAVE                                   0
                11:40:57:99  Start Input for Next Load Case
                11:40:58: 0  case no=  201 seq. no=   2 idynl= 0
                11:40:58: 1  LOADEND ISLAVE                                   0
                11:40:58: 1  Start Input for Next Load Case
                11:40:58: 2  case no=  202 seq. no=   3 idynl= 0
                11:40:58: 3  LOADEND ISLAVE                                   0
                11:40:58: 3  Start Input for Next Load Case
                11:40:58: 4  case no=  203 seq. no=   4 idynl= 0
                11:40:58: 5  LOADEND ISLAVE                                   0
                11:40:58: 5  Start Input for Next Load Case
                11:40:58: 6  case no=  204 seq. no=   5 idynl= 0
                11:40:58: 6  LOADEND ISLAVE                                   0
                11:40:58: 7  Start Input for Next Load Case
                11:40:58: 7  case no=  205 seq. no=   6 idynl= 0
                11:40:58: 8  LOADEND ISLAVE                                   0
                11:40:58: 8  Start Input for Next Load Case
                11:40:58: 9  case no=  206 seq. no=   7 idynl= 0
                11:40:58: 9  LOADEND ISLAVE                                   0
                11:40:58:10  Start Input for Next Load Case
                11:40:58:10  case no=  207 seq. no=   8 idynl= 0
                11:40:58:11  LOADEND ISLAVE                                   0
                11:40:58:11  Start Input for Next Load Case
                11:40:58:12  case no=  208 seq. no=   9 idynl= 0
                11:40:58:12  LOADEND ISLAVE                                   0
                11:40:58:12  Start Input for Next Load Case
                11:40:58:13  case no=  312 seq. no=  10 idynl= 0
                11:40:58:13  LOADEND ISLAVE                                   0
                11:40:58:14  Start Input for Next Load Case
                11:40:58:15  case no=  313 seq. no=  11 idynl= 0
                11:40:58:16  LOADEND ISLAVE                                   0
                11:40:58:17  Start Input for Next Load Case
                11:40:58:18  case no=  314 seq. no=  12 idynl= 0
                11:40:58:19  LOADEND ISLAVE                                   0
                11:40:58:19  Start Input for Next Load Case
                11:40:58:20  case no=  315 seq. no=  13 idynl= 0
                11:40:58:20  LOADEND ISLAVE                                   0
                11:40:58:21  Start Input for Next Load Case
                11:40:58:22  case no=  322 seq. no=  14 idynl= 0
                11:40:58:22  LOADEND ISLAVE                                   0
                11:40:58:22  Start Input for Next Load Case
                11:40:58:23  case no=  323 seq. no=  15 idynl= 0
                11:40:58:23  LOADEND ISLAVE                                   0
                11:40:58:24  Start Input for Next Load Case
                11:40:58:24  case no=  324 seq. no=  16 idynl= 0
                11:40:58:25  LOADEND ISLAVE                                   0
                11:40:58:25  Start Input for Next Load Case
                11:40:58:26  case no=  325 seq. no=  17 idynl= 0
                11:40:58:26  LOADEND ISLAVE                                   0
                11:40:58:27  Start Input for Next Load Case
                11:40:58:27  case no=  332 seq. no=  18 idynl= 0
                11:40:58:28  LOADEND ISLAVE                                   0
                11:40:58:28  Start Input for Next Load Case
                11:40:58:29  case no=  333 seq. no=  19 idynl= 0
                11:40:58:29  LOADEND ISLAVE                                   0
                11:40:58:29  Start Input for Next Load Case
                11:40:58:30  case no=  334 seq. no=  20 idynl= 0
                11:40:58:30  LOADEND ISLAVE                                   0
                11:40:58:31  Start Input for Next Load Case
                11:40:58:31  case no=  335 seq. no=  21 idynl= 0
                11:40:58:32  LOADEND ISLAVE                                   0
                11:40:58:32  Start Input for Next Load Case
                11:40:58:32  case no=  411 seq. no=  22 idynl= 0
                11:40:58:33  LOADEND ISLAVE                                   0
                11:40:58:33  Start Input for Next Load Case
                11:40:58:34  case no=  412 seq. no=  23 idynl= 0
                11:40:58:34  LOADEND ISLAVE                                   0
                11:40:58:35  Start Input for Next Load Case
                11:40:58:35  case no=  413 seq. no=  24 idynl= 0
                11:40:58:35  LOADEND ISLAVE                                   0
                11:40:58:36  Start Input for Next Load Case
                11:40:58:36  case no=  414 seq. no=  25 idynl= 0
                11:40:58:37  LOADEND ISLAVE                                   0
                11:40:58:37  Start Input for Next Load Case
                11:40:58:38  case no=  415 seq. no=  26 idynl= 0
                11:40:58:38  LOADEND ISLAVE                                   0
                11:40:58:39  Start Input for Next Load Case
                11:40:58:39  case no=  416 seq. no=  27 idynl= 0
                11:40:58:40  LOADEND ISLAVE                                   0
                11:40:58:40  Start Input for Next Load Case
                11:40:58:41  case no=  417 seq. no=  28 idynl= 0
                11:40:58:41  LOADEND ISLAVE                                   0
                11:40:58:41  Start Input for Next Load Case
                11:40:58:42  case no=  418 seq. no=  29 idynl= 0
                11:40:58:42  LOADEND ISLAVE                                   0
                11:40:58:43  Start Input for Next Load Case
                11:40:58:43  case no=  421 seq. no=  30 idynl= 0
                11:40:58:44  LOADEND ISLAVE                                   0
                11:40:58:44  Start Input for Next Load Case
                11:40:58:45  case no=  422 seq. no=  31 idynl= 0
                11:40:58:45  LOADEND ISLAVE                                   0
                11:40:58:46  Start Input for Next Load Case
                11:40:58:46  case no=  423 seq. no=  32 idynl= 0
                11:40:58:47  LOADEND ISLAVE                                   0
                11:40:58:47  Start Input for Next Load Case
                11:40:58:47  case no=  424 seq. no=  33 idynl= 0
                11:40:58:48  LOADEND ISLAVE                                   0
                11:40:58:48  Start Input for Next Load Case
                11:40:58:49  case no=  425 seq. no=  34 idynl= 0
                11:40:58:49  LOADEND ISLAVE                                   0
                11:40:58:50  Start Input for Next Load Case
                11:40:58:50  case no=  426 seq. no=  35 idynl= 0
                11:40:58:51  LOADEND ISLAVE                                   0
                11:40:58:51  Start Input for Next Load Case
                11:40:58:52  case no=  427 seq. no=  36 idynl= 0
                11:40:58:52  LOADEND ISLAVE                                   0
                11:40:58:52  Start Input for Next Load Case
                11:40:58:53  case no=  428 seq. no=  37 idynl= 0
                11:40:58:53  LOADEND ISLAVE                                   0
                11:40:58:54  Start Input for Next Load Case
                11:40:58:54  case no=  711 seq. no=  38 idynl= 0
                11:40:58:55  LOADEND ISLAVE                                   0
                11:40:58:55  Start Input for Next Load Case
                11:40:58:55  case no=  712 seq. no=  39 idynl= 0
                11:40:58:56  LOADEND ISLAVE                                   0
                11:40:58:56  Start Input for Next Load Case
                11:40:58:57  case no=  713 seq. no=  40 idynl= 0
                11:40:58:57  LOADEND ISLAVE                                   0
                11:40:58:58  Start Input for Next Load Case
                11:40:58:58  case no=  714 seq. no=  41 idynl= 0
                11:40:58:58  LOADEND ISLAVE                                   0
                11:40:58:59  Start Input for Next Load Case
                11:40:58:59  case no=  715 seq. no=  42 idynl= 0
                11:40:58:60  LOADEND ISLAVE                                   0
                11:40:58:60  Start Input for Next Load Case
                11:40:58:61  case no=  716 seq. no=  43 idynl= 0
                11:40:58:61  LOADEND ISLAVE                                   0
                11:40:58:62  Start Input for Next Load Case
                11:40:58:62  case no=  717 seq. no=  44 idynl= 0
                11:40:58:63  LOADEND ISLAVE                                   0
                11:40:58:63  Start Input for Next Load Case
                11:40:58:64  case no=  718 seq. no=  45 idynl= 0
                11:40:58:64  LOADEND ISLAVE                                   0
                11:40:58:65  Start Input for Next Load Case
                11:40:58:65  case no= 1101 seq. no=  46 idynl= 0
                11:40:58:65  LOADEND ISLAVE                                   0
                11:40:58:66  Start Input for Next Load Case
                11:40:58:66  case no= 1102 seq. no=  47 idynl= 0
                11:40:58:67  LOADEND ISLAVE                                   0
                11:40:58:67  Start Input for Next Load Case
                11:40:58:68  case no= 1103 seq. no=  48 idynl= 0
                11:40:58:68  LOADEND ISLAVE                                   0
                11:40:58:69  Start Input for Next Load Case
                11:40:58:69  case no= 1104 seq. no=  49 idynl= 0
                11:40:58:70  LOADEND ISLAVE                                   0
                11:40:58:70  Start Input for Next Load Case
                11:40:58:71  case no= 1105 seq. no=  50 idynl= 0
                11:40:58:71  LOADEND ISLAVE                                   0
                11:40:58:71  Start Input for Next Load Case
                11:40:58:72  case no= 1106 seq. no=  51 idynl= 0
                11:40:58:72  LOADEND ISLAVE                                   0
                11:40:58:73  Start Input for Next Load Case
                11:40:58:73  case no= 1107 seq. no=  52 idynl= 0
                11:40:58:74  LOADEND ISLAVE                                   0
                11:40:58:74  Start Input for Next Load Case
                11:40:58:75  case no= 1108 seq. no=  53 idynl= 0
                11:40:58:75  LOADEND ISLAVE                                   0
                11:40:58:76  Start Input for Next Load Case
                11:40:58:76  case no= 1201 seq. no=  54 idynl= 0
                11:40:58:77  LOADEND ISLAVE                                   0
                11:40:58:77  Start Input for Next Load Case
                11:40:58:78  case no= 1202 seq. no=  55 idynl= 0
                11:40:58:78  LOADEND ISLAVE                                   0
                11:40:58:78  Start Input for Next Load Case
                11:40:58:79  case no= 1203 seq. no=  56 idynl= 0
                11:40:58:80  LOADEND ISLAVE                                   0
                11:40:58:80  Start Input for Next Load Case
                11:40:58:81  case no= 1204 seq. no=  57 idynl= 0
                11:40:58:81  LOADEND ISLAVE                                   0
                11:40:58:82  Start Input for Next Load Case
                11:40:58:82  case no= 1205 seq. no=  58 idynl= 0
                11:40:58:83  LOADEND ISLAVE                                   0
                11:40:58:83  Start Input for Next Load Case
                11:40:58:84  case no= 1206 seq. no=  59 idynl= 0
                11:40:58:84  LOADEND ISLAVE                                   0
                11:40:58:85  Start Input for Next Load Case
                11:40:58:86  case no= 1207 seq. no=  60 idynl= 0
                11:40:58:86  LOADEND ISLAVE                                   0
                11:40:58:86  Start Input for Next Load Case
                11:40:58:87  case no= 1208 seq. no=  61 idynl= 0
                11:40:58:87  LOADEND ISLAVE                                   0
                11:40:58:88  Start Input for Next Load Case
                11:40:58:88  case no= 2101 seq. no=  62 idynl= 0
                11:40:58:89  LOADEND ISLAVE                                   0
                11:40:58:89  Start Input for Next Load Case
                11:40:58:90  case no= 2102 seq. no=  63 idynl= 0
                11:40:58:90  LOADEND ISLAVE                                   0
                11:40:58:90  Start Input for Next Load Case
                11:40:58:91  case no= 2103 seq. no=  64 idynl= 0
                11:40:58:91  LOADEND ISLAVE                                   0
                11:40:58:92  Start Input for Next Load Case
                11:40:58:92  case no= 2104 seq. no=  65 idynl= 0
                11:40:58:93  LOADEND ISLAVE                                   0
                11:40:58:93  Start Input for Next Load Case
                11:40:58:94  case no= 2105 seq. no=  66 idynl= 0
                11:40:58:94  LOADEND ISLAVE                                   0
                11:40:58:94  Start Input for Next Load Case
                11:40:58:95  case no= 2106 seq. no=  67 idynl= 0
                11:40:58:95  LOADEND ISLAVE                                   0
                11:40:58:96  Start Input for Next Load Case
                11:40:58:96  case no= 2107 seq. no=  68 idynl= 0
                11:40:58:96  LOADEND ISLAVE                                   0
                11:40:58:97  Start Input for Next Load Case
                11:40:58:97  case no= 2108 seq. no=  69 idynl= 0
                11:40:58:98  LOADEND ISLAVE                                   0
                11:40:58:98  Start Input for Next Load Case
                11:40:58:99  case no= 3001 seq. no=  70 idynl= 0
                11:40:58:99  LOADEND ISLAVE                                   0
                11:40:59: 0  Start Input for Next Load Case
                11:40:59: 0  case no= 3002 seq. no=  71 idynl= 0
                11:40:59: 0  LOADEND ISLAVE                                   0
                11:40:59: 1  Start Input for Next Load Case
                11:40:59: 1  case no= 3003 seq. no=  72 idynl= 0
                11:40:59: 2  LOADEND ISLAVE                                   0
                11:40:59: 2  Start Input for Next Load Case
                11:40:59: 3  case no= 3004 seq. no=  73 idynl= 0
                11:40:59: 3  LOADEND ISLAVE                                   0
                11:40:59: 3  Start Input for Next Load Case
                11:40:59: 4  case no= 3005 seq. no=  74 idynl= 0
                11:40:59: 4  LOADEND ISLAVE                                   0
                11:40:59: 5  Start Input for Next Load Case
                11:40:59: 5  case no= 3006 seq. no=  75 idynl= 0
                11:40:59: 6  LOADEND ISLAVE                                   0
                11:40:59: 6  Start Input for Next Load Case
                11:40:59: 7  case no= 3007 seq. no=  76 idynl= 0
                11:40:59: 7  LOADEND ISLAVE                                   0
                11:40:59: 7  Start Input for Next Load Case
                11:40:59: 8  case no= 3008 seq. no=  77 idynl= 0
                11:40:59: 8  LOADEND ISLAVE                                   0
                11:40:59: 9  Start Input for Next Load Case
                11:40:59: 9  case no= 3011 seq. no=  78 idynl= 0
                11:40:59:10  LOADEND ISLAVE                                   0
                11:40:59:10  Start Input for Next Load Case
                11:40:59:10  case no= 3012 seq. no=  79 idynl= 0
                11:40:59:11  LOADEND ISLAVE                                   0
                11:40:59:11  Start Input for Next Load Case
                11:40:59:12  case no= 3013 seq. no=  80 idynl= 0
                11:40:59:12  LOADEND ISLAVE                                   0
                11:40:59:13  Start Input for Next Load Case
                11:40:59:13  case no= 3014 seq. no=  81 idynl= 0
                11:40:59:13  LOADEND ISLAVE                                   0
                11:40:59:14  Start Input for Next Load Case
                11:40:59:14  case no= 3015 seq. no=  82 idynl= 0
                11:40:59:15  LOADEND ISLAVE                                   0
                11:40:59:15  Start Input for Next Load Case
                11:40:59:16  case no= 3016 seq. no=  83 idynl= 0
                11:40:59:16  LOADEND ISLAVE                                   0
                11:40:59:16  Start Input for Next Load Case
                11:40:59:17  case no= 3017 seq. no=  84 idynl= 0
                11:40:59:17  LOADEND ISLAVE                                   0
                11:40:59:18  Start Input for Next Load Case
                11:40:59:18  case no= 3018 seq. no=  85 idynl= 0
                11:40:59:19  LOADEND ISLAVE                                   0
                11:40:59:19  Start Input for Next Load Case
                11:40:59:19  case no= 3021 seq. no=  86 idynl= 0
                11:40:59:20  LOADEND ISLAVE                                   0
                11:40:59:20  Start Input for Next Load Case
                11:40:59:21  case no= 3022 seq. no=  87 idynl= 0
                11:40:59:21  LOADEND ISLAVE                                   0
                11:40:59:21  Start Input for Next Load Case
                11:40:59:22  case no= 3023 seq. no=  88 idynl= 0
                11:40:59:22  LOADEND ISLAVE                                   0
                11:40:59:23  Start Input for Next Load Case
                11:40:59:23  case no= 3024 seq. no=  89 idynl= 0
                11:40:59:24  LOADEND ISLAVE                                   0
                11:40:59:24  Start Input for Next Load Case
                11:40:59:24  case no= 3025 seq. no=  90 idynl= 0
                11:40:59:25  LOADEND ISLAVE                                   0
                11:40:59:25  Start Input for Next Load Case
                11:40:59:26  case no= 3026 seq. no=  91 idynl= 0
                11:40:59:26  LOADEND ISLAVE                                   0
                11:40:59:27  Start Input for Next Load Case
                11:40:59:27  case no= 3027 seq. no=  92 idynl= 0
                11:40:59:27  LOADEND ISLAVE                                   0
                11:40:59:28  Start Input for Next Load Case
                11:40:59:28  case no= 3028 seq. no=  93 idynl= 0
                11:40:59:29  LOADEND ISLAVE                                   0
                11:40:59:29  Start Input for Next Load Case
                11:40:59:30  case no= 3201 seq. no=  94 idynl= 0
                11:40:59:30  LOADEND ISLAVE                                   0
                11:40:59:30  Start Input for Next Load Case
                11:40:59:31  case no= 3202 seq. no=  95 idynl= 0
                11:40:59:31  LOADEND ISLAVE                                   0
                11:40:59:32  Start Input for Next Load Case
                11:40:59:32  case no= 3203 seq. no=  96 idynl= 0
                11:40:59:33  LOADEND ISLAVE                                   0
                11:40:59:33  Start Input for Next Load Case
                11:40:59:33  case no= 3204 seq. no=  97 idynl= 0
                11:40:59:34  LOADEND ISLAVE                                   0
                11:40:59:34  Start Input for Next Load Case
                11:40:59:35  case no= 3205 seq. no=  98 idynl= 0
                11:40:59:35  LOADEND ISLAVE                                   0
                11:40:59:36  Start Input for Next Load Case
                11:40:59:36  case no= 3206 seq. no=  99 idynl= 0
                11:40:59:36  LOADEND ISLAVE                                   0
                11:40:59:37  Start Input for Next Load Case
                11:40:59:37  case no= 3207 seq. no= 100 idynl= 0
                11:40:59:38  LOADEND ISLAVE                                   0
                11:40:59:38  Start Input for Next Load Case
                11:40:59:39  case no= 3208 seq. no= 101 idynl= 0
                11:40:59:39  LOADEND ISLAVE                                   0
                11:40:59:40  NVPREV                                           0
                11:40:59:40  AMAXNON                               5.104987E-01
                11:40:59:41  IRECSIZL=                                     4000
                11:40:59:41  MTX BLOCKSIZE=                                 150
                11:40:59:41  MI=                                            150
                11:40:59:42  NORECL=                                          1
                11:40:59:42  NORECL1=                                         1
                11:40:59:43  IWORD=                                       32000
                11:40:59:43  JRECSIZE=                                     4000
                11:40:59:44  IWORDJ=                                      32000
                11:40:59:44  IBYTE=                                           4
                11:40:59:45  JOINTS=                                         30
                11:40:59:45  MEMBERS=                                        31
                11:40:59:46  PLATES =                                         0
                11:40:59:46  SOLIDS =                                         0
                11:40:59:46  NO. OF EQUATIONS=                              150
                11:40:59:47  idyn=                                            0
                11:40:59:47  ipd=                                             0
                11:40:59:48  icablanl=                                        0
                11:40:59:48  ++ Processing Element Stiffness Matrix.
                11:40:59:49  NV1                                            101
                11:40:59:60  ++ Calculating Element Forces & Reactions.
                11:40:59:97  COMBINATION CASES=                               0
                11:40:59:97  MAX CM MEMORY (KILOWORDS)                       43
                11:40:59:97  AFTER SOLVER 1
                11:40:59:98  REOPEN AS SEQ                                    0
                11:40:59:98  DEFINE ENVELOPE
                11:41: 0: 0  LOAD LIST 1101 TO 110
                11:41: 0: 0  PARAMETER 1
                11:41: 0: 2  CHECK CODE ALL
                11:41: 0: 2  ENTERING SECTNM110 IQ=                          31
                11:41: 0: 3               NSEC=                              11
                11:41: 0: 3             ISECTN=                               0
                11:41: 0: 6  SECTNM110 DO 925
                11:41: 0: 9  ENTERING ENVLP1 ITYP1=                          -3
                11:41: 0: 9  SECT DISPLACE
                11:41: 0:13  Steel/Alum/Timber Design                        52
                11:41: 0:17    ++ Finished Design ...
                11:41: 0:17  Steel/Timber Design exit
                11:41: 0:18  LOAD LIST 2101 TO 210
                11:41: 0:18  PARAMETER 1
                11:41: 0:20  CHECK CODE ALL
                11:41: 0:20  ENTERING ENVLP1 ITYP1=                          -3
                11:41: 0:20  SECT DISPLACE
                11:41: 0:24  Steel/Alum/Timber Design                        52
                11:41: 0:26    ++ Finished Design ...
                11:41: 0:26  Steel/Timber Design exit
                11:41: 0:27  LOAD LIST ENV 4 TO 7
                11:41: 0:28  PARAMETER 1
                11:41: 0:29  CHECK CODE ALL
                11:41: 0:29  ENTERING ENVLP1 ITYP1=                          -3
                11:41: 0:30  SECT DISPLACE
                11:41: 0:33  Steel/Alum/Timber Design                        52
                11:41: 0:39    ++ Finished Design ...
                11:41: 0:39  Steel/Timber Design exit
                11:41: 0:39  PRINT JOINT DISPLACEM
                11:41: 0:40  PRINT SUPPORT REACTIO
                11:41: 0:41  FINISH
                11:41: 0:41  All Commands FINISHed
                11:41: 0:41  DATASAVE for SPRO GUI
                11:41: 0:42  ++ Creating Displacement File (DSP)...
                11:41: 0:44  ++ Creating Reaction File (REA)...
                11:41: 0:44  ++ Creating Section Force File (BMD)...
                11:41: 0:49  ++ Creating Section Displace File (SEC)...
                11:41: 0:49  ENTERING ENVLP1 ITYP1=                          -5
                11:41: 0:49  SECT DISPLACE
                11:41: 0:55  ++ Creating Section Displace File (SCN)...
                11:41: 0:59  ++ Creating Design information File (DGN)...
                11:41: 0:59  ALLOCATED CM MEMORY (KILOWORDS)             300000
                11:41: 0:60  MAX CM MEMORY (KILOWORDS)                      147
                11:41: 0:60  DBS LONG SEC NAME
* End Of Analysis At Thu Aug 15 11:41:00 2024
* CPU usage = 3.168000
* STAAD Exit Code: 100, Warning Count: 0, Error Count: 0, Duration: 3.168
1 0 0 3.168
****************************************************************************
*                            END OF ANALYSIS                               *
****************************************************************************
