07/17/2024 18:55:19	Reading UID database.
07/17/2024 18:55:19	Start loading STAAD model.
07/17/2024 18:55:19	Reading model file.
07/17/2024 18:55:20	Reading model file is complete.
07/17/2024 18:55:20	Processing support.
07/17/2024 18:55:20	Processing springs.
07/17/2024 18:55:20	Processing properties.
07/17/2024 18:55:20	Processing physical properties.
07/17/2024 18:55:20	Processing constants.
07/17/2024 18:55:20	Processing BETA constants.
07/17/2024 18:55:20	Processing hidden analytical member loads.
07/17/2024 18:55:20	Processing command list for member release.
07/17/2024 18:55:20	Processing command list for member offset.
07/17/2024 18:55:20	Processing command list for member specs (cracked).
07/17/2024 18:55:20	Processing command list for member specs (axial).
07/17/2024 18:55:20	Processing command list for element release.
07/17/2024 18:55:20	Processing command list for element offset.
07/17/2024 18:55:20	Processing command list for element plate stress directive.
07/17/2024 18:55:20	Processing parameter for Chinese wind load case.
07/17/2024 18:55:20	End Processing command list.
07/17/2024 18:55:20	End loading STAAD model.
07/17/2024 18:55:20	Start Post Analysis method
07/17/2024 18:55:20	Removed all hidden plates from surfaces
07/17/2024 18:55:20	Removed all hidden plates
07/17/2024 18:55:20	Removed all hidden nodes
07/17/2024 18:55:20	Loading results from MSH file...
07/17/2024 18:55:20	Building result indices...
07/17/2024 18:55:20	Loading plate stress results...
07/17/2024 18:55:20	Set analysis report setup data
07/17/2024 18:55:20	Starting page setup...
07/17/2024 18:55:20	Page setup completed
07/17/2024 18:55:20	Setting available workflows...
07/17/2024 18:55:20	Post analysis method ends
07/17/2024 18:58:40	Reading UID database.
07/17/2024 18:58:40	Start loading STAAD model.
07/17/2024 18:58:40	Reading model file.
07/17/2024 18:58:40	Reading model file is complete.
07/17/2024 18:58:40	Processing support.
07/17/2024 18:58:40	Processing springs.
07/17/2024 18:58:40	Processing properties.
07/17/2024 18:58:40	Processing physical properties.
07/17/2024 18:58:40	Processing constants.
07/17/2024 18:58:40	Processing BETA constants.
07/17/2024 18:58:40	Processing hidden analytical member loads.
07/17/2024 18:58:40	Processing command list for member release.
07/17/2024 18:58:40	Processing command list for member offset.
07/17/2024 18:58:40	Processing command list for member specs (cracked).
07/17/2024 18:58:40	Processing command list for member specs (axial).
07/17/2024 18:58:41	Processing command list for element release.
07/17/2024 18:58:41	Processing command list for element offset.
07/17/2024 18:58:41	Processing command list for element plate stress directive.
07/17/2024 18:58:41	Processing parameter for Chinese wind load case.
07/17/2024 18:58:41	End Processing command list.
07/17/2024 18:58:41	End loading STAAD model.
07/17/2024 18:58:41	Start Post Analysis method
07/17/2024 18:58:41	Removed all hidden plates from surfaces
07/17/2024 18:58:41	Removed all hidden plates
07/17/2024 18:58:41	Removed all hidden nodes
07/17/2024 18:58:41	Loading results from MSH file...
07/17/2024 18:58:41	Building result indices...
07/17/2024 18:58:41	Loading plate stress results...
07/17/2024 18:58:41	Set analysis report setup data
07/17/2024 18:58:41	Starting page setup...
07/17/2024 18:58:41	Page setup completed
07/17/2024 18:58:41	Setting available workflows...
07/17/2024 18:58:41	Post analysis method ends
07/17/2024 18:59:08	Start Post Analysis method
07/17/2024 18:59:08	Removed all hidden plates from surfaces
07/17/2024 18:59:08	Removed all hidden plates
07/17/2024 18:59:08	Removed all hidden nodes
07/17/2024 18:59:08	Loading results from MSH file...
07/17/2024 18:59:08	Building result indices...
07/17/2024 18:59:08	Loading plate stress results...
07/17/2024 18:59:08	Set analysis report setup data
07/17/2024 18:59:08	Starting page setup...
07/17/2024 18:59:08	Page setup completed
07/17/2024 18:59:08	Setting available workflows...
07/17/2024 18:59:08	Post analysis method ends
