18:59:01	Initializing STAAD Engine
18:59:01	Run stream set up is complete.
18:59:01	Initialize license libraries.
18:59:02	License libraries initialized.
18:59:02	Starting license(s) for A & D engine.
18:59:02	License Status: Ok
18:59:02	License information set up is complete.
****************************************************************************
*                            START OF ANALYSIS                             *
****************************************************************************
* Initiating Analysis At Wed Jul 17 18:59:02 2024
                          PROGRAM: STAAD.Pro
                          VERSION: 23.00.01.25
                18:59: 2:97  ENTERING STAAD
                18:59: 3: 0  USING 64 BIT STAAD ENGINE
                18:59: 3: 0  ENTERING MAINN
                18:59: 3: 0  START JOB INFORMATION
                18:59: 3: 1  INPUT WIDTH 79
                18:59: 3: 1  UNIT MMS KN
                18:59: 3: 2  JOINT COORDINATES
                18:59: 3: 2  ENTERING JOINTC
                18:59: 3: 3  JOINTC NEWJ                                 400000
                18:59: 3: 3  MAX NODE NO.                                     7
                18:59: 3: 4  MEMBER INCIDENCES
                18:59: 3: 5  UNIT METER KN
                18:59: 3: 5  DEFINE MATERIAL START
                18:59: 3: 6  UNIT MMS KN
                18:59: 3: 6  MEMBER PROPERTY EUROP
                18:59: 3:49    ++ Finished Reading Member Properties ...
                18:59: 3:49  CONSTANTS
                18:59: 3:50  SUPPORTS
                18:59: 3:50  ENTERING SUPPORT
                18:59: 3:51  MEMBER OFFSET
                18:59: 3:51  DEFINE WIND LOAD
                18:59: 3:52  LOAD 121 LOADTYPE DEA
                18:59: 3:52  DUPLICATE ELEMENT CHECK
                18:59: 3:53  CHECKING STRUCTURAL INTEGRITY
                18:59: 3:53  CHECK UNCONNECTED JOINTS AND
                18:59: 3:54  CALCULATE MAX JOINT CONNECTIVITY
                18:59: 3:54  CHECK MULTIPLE STRUCTURES
                18:59: 3:54  ENTERING SUPPORT
                18:59: 3:55  NRJOLD                                           0
                18:59: 3:55  SUPPORT NOLD                                     0
                18:59: 3:56  SUPPORT N                                       30
                18:59: 3:56  BEFORE LOADPR
                18:59: 3:57  REOPEN AS DIR                                    0
                18:59: 3:57  ENTER LOADPR
                18:59: 3:68  PERFORM ANALYSIS PRIN
                18:59: 3:68  pdel iter                                        0
                18:59: 3:69  MAXIMUM E =                           2.973273E+04
                18:59: 3:69  MINIMUM E =                           2.973273E+04
                18:59: 3:70  MBW DOF BAND=                                    1
                18:59: 3:70  NUMBER OF PRIMARY CASES                        101
                18:59: 3:71  NUMBER OF CASES                                252
                18:59: 3:71  #OF CASES W/ELEM INMEMORY                      252
                18:59: 3:71  MEMORY FOR MEMBER LOADS                      18144
                18:59: 3:72  MEMORY FOR DISPLACEMENTS                     10584
                18:59: 3:72  MEMORY FOR MEMBER FORCES                     18144
                18:59: 3:73  Using 64-bit analysis engine
                18:59: 3:73  BEFORE SOLVER 1
                18:59: 3:74  Start Input for Next Load Case
                18:59: 3:74  case no=  121 seq. no=   1 idynl= 0
                18:59: 3:75  MASSSET                                          0
                18:59: 3:75  LOADEND ISLAVE                                   0
                18:59: 3:76  Start Input for Next Load Case
                18:59: 3:76  case no=  201 seq. no=   2 idynl= 0
                18:59: 3:77  LOADEND ISLAVE                                   0
                18:59: 3:77  Start Input for Next Load Case
                18:59: 3:77  case no=  202 seq. no=   3 idynl= 0
                18:59: 3:78  LOADEND ISLAVE                                   0
                18:59: 3:78  Start Input for Next Load Case
                18:59: 3:79  case no=  203 seq. no=   4 idynl= 0
                18:59: 3:79  LOADEND ISLAVE                                   0
                18:59: 3:80  Start Input for Next Load Case
                18:59: 3:80  case no=  204 seq. no=   5 idynl= 0
                18:59: 3:81  LOADEND ISLAVE                                   0
                18:59: 3:81  Start Input for Next Load Case
                18:59: 3:82  case no=  205 seq. no=   6 idynl= 0
                18:59: 3:82  LOADEND ISLAVE                                   0
                18:59: 3:83  Start Input for Next Load Case
                18:59: 3:83  case no=  206 seq. no=   7 idynl= 0
                18:59: 3:83  LOADEND ISLAVE                                   0
                18:59: 3:84  Start Input for Next Load Case
                18:59: 3:84  case no=  207 seq. no=   8 idynl= 0
                18:59: 3:85  LOADEND ISLAVE                                   0
                18:59: 3:85  Start Input for Next Load Case
                18:59: 3:86  case no=  208 seq. no=   9 idynl= 0
                18:59: 3:86  LOADEND ISLAVE                                   0
                18:59: 3:87  Start Input for Next Load Case
                18:59: 3:87  case no=  312 seq. no=  10 idynl= 0
                18:59: 3:88  LOADEND ISLAVE                                   0
                18:59: 3:88  Start Input for Next Load Case
                18:59: 3:89  case no=  313 seq. no=  11 idynl= 0
                18:59: 3:89  LOADEND ISLAVE                                   0
                18:59: 3:89  Start Input for Next Load Case
                18:59: 3:90  case no=  314 seq. no=  12 idynl= 0
                18:59: 3:91  LOADEND ISLAVE                                   0
                18:59: 3:91  Start Input for Next Load Case
                18:59: 3:92  case no=  315 seq. no=  13 idynl= 0
                18:59: 3:92  LOADEND ISLAVE                                   0
                18:59: 3:93  Start Input for Next Load Case
                18:59: 3:93  case no=  322 seq. no=  14 idynl= 0
                18:59: 3:94  LOADEND ISLAVE                                   0
                18:59: 3:94  Start Input for Next Load Case
                18:59: 3:95  case no=  323 seq. no=  15 idynl= 0
                18:59: 3:95  LOADEND ISLAVE                                   0
                18:59: 3:96  Start Input for Next Load Case
                18:59: 3:96  case no=  324 seq. no=  16 idynl= 0
                18:59: 3:97  LOADEND ISLAVE                                   0
                18:59: 3:97  Start Input for Next Load Case
                18:59: 3:97  case no=  325 seq. no=  17 idynl= 0
                18:59: 3:98  LOADEND ISLAVE                                   0
                18:59: 3:98  Start Input for Next Load Case
                18:59: 3:99  case no=  332 seq. no=  18 idynl= 0
                18:59: 3:99  LOADEND ISLAVE                                   0
                18:59: 4: 0  Start Input for Next Load Case
                18:59: 4: 0  case no=  333 seq. no=  19 idynl= 0
                18:59: 4: 1  LOADEND ISLAVE                                   0
                18:59: 4: 1  Start Input for Next Load Case
                18:59: 4: 2  case no=  334 seq. no=  20 idynl= 0
                18:59: 4: 2  LOADEND ISLAVE                                   0
                18:59: 4: 3  Start Input for Next Load Case
                18:59: 4: 3  case no=  335 seq. no=  21 idynl= 0
                18:59: 4: 4  LOADEND ISLAVE                                   0
                18:59: 4: 4  Start Input for Next Load Case
                18:59: 4: 5  case no=  411 seq. no=  22 idynl= 0
                18:59: 4: 5  LOADEND ISLAVE                                   0
                18:59: 4: 6  Start Input for Next Load Case
                18:59: 4: 6  case no=  412 seq. no=  23 idynl= 0
                18:59: 4: 7  LOADEND ISLAVE                                   0
                18:59: 4: 7  Start Input for Next Load Case
                18:59: 4: 8  case no=  413 seq. no=  24 idynl= 0
                18:59: 4: 8  LOADEND ISLAVE                                   0
                18:59: 4: 9  Start Input for Next Load Case
                18:59: 4: 9  case no=  414 seq. no=  25 idynl= 0
                18:59: 4: 9  LOADEND ISLAVE                                   0
                18:59: 4:10  Start Input for Next Load Case
                18:59: 4:10  case no=  415 seq. no=  26 idynl= 0
                18:59: 4:11  LOADEND ISLAVE                                   0
                18:59: 4:11  Start Input for Next Load Case
                18:59: 4:12  case no=  416 seq. no=  27 idynl= 0
                18:59: 4:12  LOADEND ISLAVE                                   0
                18:59: 4:13  Start Input for Next Load Case
                18:59: 4:13  case no=  417 seq. no=  28 idynl= 0
                18:59: 4:14  LOADEND ISLAVE                                   0
                18:59: 4:14  Start Input for Next Load Case
                18:59: 4:14  case no=  418 seq. no=  29 idynl= 0
                18:59: 4:15  LOADEND ISLAVE                                   0
                18:59: 4:15  Start Input for Next Load Case
                18:59: 4:16  case no=  421 seq. no=  30 idynl= 0
                18:59: 4:16  LOADEND ISLAVE                                   0
                18:59: 4:17  Start Input for Next Load Case
                18:59: 4:17  case no=  422 seq. no=  31 idynl= 0
                18:59: 4:18  LOADEND ISLAVE                                   0
                18:59: 4:18  Start Input for Next Load Case
                18:59: 4:19  case no=  423 seq. no=  32 idynl= 0
                18:59: 4:19  LOADEND ISLAVE                                   0
                18:59: 4:19  Start Input for Next Load Case
                18:59: 4:20  case no=  424 seq. no=  33 idynl= 0
                18:59: 4:20  LOADEND ISLAVE                                   0
                18:59: 4:21  Start Input for Next Load Case
                18:59: 4:21  case no=  425 seq. no=  34 idynl= 0
                18:59: 4:22  LOADEND ISLAVE                                   0
                18:59: 4:22  Start Input for Next Load Case
                18:59: 4:22  case no=  426 seq. no=  35 idynl= 0
                18:59: 4:23  LOADEND ISLAVE                                   0
                18:59: 4:23  Start Input for Next Load Case
                18:59: 4:24  case no=  427 seq. no=  36 idynl= 0
                18:59: 4:24  LOADEND ISLAVE                                   0
                18:59: 4:25  Start Input for Next Load Case
                18:59: 4:25  case no=  428 seq. no=  37 idynl= 0
                18:59: 4:25  LOADEND ISLAVE                                   0
                18:59: 4:26  Start Input for Next Load Case
                18:59: 4:26  case no=  711 seq. no=  38 idynl= 0
                18:59: 4:27  LOADEND ISLAVE                                   0
                18:59: 4:27  Start Input for Next Load Case
                18:59: 4:27  case no=  712 seq. no=  39 idynl= 0
                18:59: 4:28  LOADEND ISLAVE                                   0
                18:59: 4:28  Start Input for Next Load Case
                18:59: 4:29  case no=  713 seq. no=  40 idynl= 0
                18:59: 4:29  LOADEND ISLAVE                                   0
                18:59: 4:29  Start Input for Next Load Case
                18:59: 4:30  case no=  714 seq. no=  41 idynl= 0
                18:59: 4:30  LOADEND ISLAVE                                   0
                18:59: 4:31  Start Input for Next Load Case
                18:59: 4:31  case no=  715 seq. no=  42 idynl= 0
                18:59: 4:31  LOADEND ISLAVE                                   0
                18:59: 4:32  Start Input for Next Load Case
                18:59: 4:32  case no=  716 seq. no=  43 idynl= 0
                18:59: 4:33  LOADEND ISLAVE                                   0
                18:59: 4:33  Start Input for Next Load Case
                18:59: 4:33  case no=  717 seq. no=  44 idynl= 0
                18:59: 4:34  LOADEND ISLAVE                                   0
                18:59: 4:34  Start Input for Next Load Case
                18:59: 4:35  case no=  718 seq. no=  45 idynl= 0
                18:59: 4:35  LOADEND ISLAVE                                   0
                18:59: 4:35  Start Input for Next Load Case
                18:59: 4:36  case no= 1101 seq. no=  46 idynl= 0
                18:59: 4:36  LOADEND ISLAVE                                   0
                18:59: 4:37  Start Input for Next Load Case
                18:59: 4:37  case no= 1102 seq. no=  47 idynl= 0
                18:59: 4:38  LOADEND ISLAVE                                   0
                18:59: 4:38  Start Input for Next Load Case
                18:59: 4:38  case no= 1103 seq. no=  48 idynl= 0
                18:59: 4:39  LOADEND ISLAVE                                   0
                18:59: 4:39  Start Input for Next Load Case
                18:59: 4:40  case no= 1104 seq. no=  49 idynl= 0
                18:59: 4:40  LOADEND ISLAVE                                   0
                18:59: 4:40  Start Input for Next Load Case
                18:59: 4:41  case no= 1105 seq. no=  50 idynl= 0
                18:59: 4:41  LOADEND ISLAVE                                   0
                18:59: 4:42  Start Input for Next Load Case
                18:59: 4:42  case no= 1106 seq. no=  51 idynl= 0
                18:59: 4:43  LOADEND ISLAVE                                   0
                18:59: 4:43  Start Input for Next Load Case
                18:59: 4:43  case no= 1107 seq. no=  52 idynl= 0
                18:59: 4:44  LOADEND ISLAVE                                   0
                18:59: 4:44  Start Input for Next Load Case
                18:59: 4:45  case no= 1108 seq. no=  53 idynl= 0
                18:59: 4:45  LOADEND ISLAVE                                   0
                18:59: 4:46  Start Input for Next Load Case
                18:59: 4:46  case no= 1201 seq. no=  54 idynl= 0
                18:59: 4:46  LOADEND ISLAVE                                   0
                18:59: 4:47  Start Input for Next Load Case
                18:59: 4:47  case no= 1202 seq. no=  55 idynl= 0
                18:59: 4:48  LOADEND ISLAVE                                   0
                18:59: 4:48  Start Input for Next Load Case
                18:59: 4:49  case no= 1203 seq. no=  56 idynl= 0
                18:59: 4:49  LOADEND ISLAVE                                   0
                18:59: 4:49  Start Input for Next Load Case
                18:59: 4:50  case no= 1204 seq. no=  57 idynl= 0
                18:59: 4:50  LOADEND ISLAVE                                   0
                18:59: 4:51  Start Input for Next Load Case
                18:59: 4:51  case no= 1205 seq. no=  58 idynl= 0
                18:59: 4:52  LOADEND ISLAVE                                   0
                18:59: 4:52  Start Input for Next Load Case
                18:59: 4:52  case no= 1206 seq. no=  59 idynl= 0
                18:59: 4:53  LOADEND ISLAVE                                   0
                18:59: 4:53  Start Input for Next Load Case
                18:59: 4:54  case no= 1207 seq. no=  60 idynl= 0
                18:59: 4:54  LOADEND ISLAVE                                   0
                18:59: 4:54  Start Input for Next Load Case
                18:59: 4:55  case no= 1208 seq. no=  61 idynl= 0
                18:59: 4:55  LOADEND ISLAVE                                   0
                18:59: 4:56  Start Input for Next Load Case
                18:59: 4:56  case no= 2101 seq. no=  62 idynl= 0
                18:59: 4:56  LOADEND ISLAVE                                   0
                18:59: 4:57  Start Input for Next Load Case
                18:59: 4:57  case no= 2102 seq. no=  63 idynl= 0
                18:59: 4:58  LOADEND ISLAVE                                   0
                18:59: 4:58  Start Input for Next Load Case
                18:59: 4:58  case no= 2103 seq. no=  64 idynl= 0
                18:59: 4:59  LOADEND ISLAVE                                   0
                18:59: 4:59  Start Input for Next Load Case
                18:59: 4:60  case no= 2104 seq. no=  65 idynl= 0
                18:59: 4:60  LOADEND ISLAVE                                   0
                18:59: 4:60  Start Input for Next Load Case
                18:59: 4:61  case no= 2105 seq. no=  66 idynl= 0
                18:59: 4:61  LOADEND ISLAVE                                   0
                18:59: 4:62  Start Input for Next Load Case
                18:59: 4:62  case no= 2106 seq. no=  67 idynl= 0
                18:59: 4:62  LOADEND ISLAVE                                   0
                18:59: 4:63  Start Input for Next Load Case
                18:59: 4:63  case no= 2107 seq. no=  68 idynl= 0
                18:59: 4:64  LOADEND ISLAVE                                   0
                18:59: 4:64  Start Input for Next Load Case
                18:59: 4:65  case no= 2108 seq. no=  69 idynl= 0
                18:59: 4:65  LOADEND ISLAVE                                   0
                18:59: 4:66  Start Input for Next Load Case
                18:59: 4:66  case no= 3001 seq. no=  70 idynl= 0
                18:59: 4:67  LOADEND ISLAVE                                   0
                18:59: 4:67  Start Input for Next Load Case
                18:59: 4:67  case no= 3002 seq. no=  71 idynl= 0
                18:59: 4:68  LOADEND ISLAVE                                   0
                18:59: 4:68  Start Input for Next Load Case
                18:59: 4:69  case no= 3003 seq. no=  72 idynl= 0
                18:59: 4:69  LOADEND ISLAVE                                   0
                18:59: 4:69  Start Input for Next Load Case
                18:59: 4:70  case no= 3004 seq. no=  73 idynl= 0
                18:59: 4:70  LOADEND ISLAVE                                   0
                18:59: 4:71  Start Input for Next Load Case
                18:59: 4:71  case no= 3005 seq. no=  74 idynl= 0
                18:59: 4:72  LOADEND ISLAVE                                   0
                18:59: 4:72  Start Input for Next Load Case
                18:59: 4:72  case no= 3006 seq. no=  75 idynl= 0
                18:59: 4:73  LOADEND ISLAVE                                   0
                18:59: 4:73  Start Input for Next Load Case
                18:59: 4:74  case no= 3007 seq. no=  76 idynl= 0
                18:59: 4:74  LOADEND ISLAVE                                   0
                18:59: 4:75  Start Input for Next Load Case
                18:59: 4:75  case no= 3008 seq. no=  77 idynl= 0
                18:59: 4:76  LOADEND ISLAVE                                   0
                18:59: 4:76  Start Input for Next Load Case
                18:59: 4:77  case no= 3011 seq. no=  78 idynl= 0
                18:59: 4:77  LOADEND ISLAVE                                   0
                18:59: 4:78  Start Input for Next Load Case
                18:59: 4:78  case no= 3012 seq. no=  79 idynl= 0
                18:59: 4:78  LOADEND ISLAVE                                   0
                18:59: 4:79  Start Input for Next Load Case
                18:59: 4:79  case no= 3013 seq. no=  80 idynl= 0
                18:59: 4:80  LOADEND ISLAVE                                   0
                18:59: 4:80  Start Input for Next Load Case
                18:59: 4:80  case no= 3014 seq. no=  81 idynl= 0
                18:59: 4:81  LOADEND ISLAVE                                   0
                18:59: 4:81  Start Input for Next Load Case
                18:59: 4:82  case no= 3015 seq. no=  82 idynl= 0
                18:59: 4:82  LOADEND ISLAVE                                   0
                18:59: 4:83  Start Input for Next Load Case
                18:59: 4:83  case no= 3016 seq. no=  83 idynl= 0
                18:59: 4:84  LOADEND ISLAVE                                   0
                18:59: 4:84  Start Input for Next Load Case
                18:59: 4:85  case no= 3017 seq. no=  84 idynl= 0
                18:59: 4:85  LOADEND ISLAVE                                   0
                18:59: 4:86  Start Input for Next Load Case
                18:59: 4:86  case no= 3018 seq. no=  85 idynl= 0
                18:59: 4:86  LOADEND ISLAVE                                   0
                18:59: 4:87  Start Input for Next Load Case
                18:59: 4:87  case no= 3021 seq. no=  86 idynl= 0
                18:59: 4:88  LOADEND ISLAVE                                   0
                18:59: 4:88  Start Input for Next Load Case
                18:59: 4:88  case no= 3022 seq. no=  87 idynl= 0
                18:59: 4:89  LOADEND ISLAVE                                   0
                18:59: 4:89  Start Input for Next Load Case
                18:59: 4:89  case no= 3023 seq. no=  88 idynl= 0
                18:59: 4:90  LOADEND ISLAVE                                   0
                18:59: 4:90  Start Input for Next Load Case
                18:59: 4:91  case no= 3024 seq. no=  89 idynl= 0
                18:59: 4:91  LOADEND ISLAVE                                   0
                18:59: 4:91  Start Input for Next Load Case
                18:59: 4:92  case no= 3025 seq. no=  90 idynl= 0
                18:59: 4:93  LOADEND ISLAVE                                   0
                18:59: 4:93  Start Input for Next Load Case
                18:59: 4:94  case no= 3026 seq. no=  91 idynl= 0
                18:59: 4:94  LOADEND ISLAVE                                   0
                18:59: 4:94  Start Input for Next Load Case
                18:59: 4:95  case no= 3027 seq. no=  92 idynl= 0
                18:59: 4:95  LOADEND ISLAVE                                   0
                18:59: 4:96  Start Input for Next Load Case
                18:59: 4:96  case no= 3028 seq. no=  93 idynl= 0
                18:59: 4:97  LOADEND ISLAVE                                   0
                18:59: 4:97  Start Input for Next Load Case
                18:59: 4:97  case no= 3201 seq. no=  94 idynl= 0
                18:59: 4:98  LOADEND ISLAVE                                   0
                18:59: 4:98  Start Input for Next Load Case
                18:59: 4:99  case no= 3202 seq. no=  95 idynl= 0
                18:59: 4:99  LOADEND ISLAVE                                   0
                18:59: 5: 0  Start Input for Next Load Case
                18:59: 5: 0  case no= 3203 seq. no=  96 idynl= 0
                18:59: 5: 0  LOADEND ISLAVE                                   0
                18:59: 5: 1  Start Input for Next Load Case
                18:59: 5: 1  case no= 3204 seq. no=  97 idynl= 0
                18:59: 5: 2  LOADEND ISLAVE                                   0
                18:59: 5: 2  Start Input for Next Load Case
                18:59: 5: 2  case no= 3205 seq. no=  98 idynl= 0
                18:59: 5: 3  LOADEND ISLAVE                                   0
                18:59: 5: 3  Start Input for Next Load Case
                18:59: 5: 4  case no= 3206 seq. no=  99 idynl= 0
                18:59: 5: 4  LOADEND ISLAVE                                   0
                18:59: 5: 5  Start Input for Next Load Case
                18:59: 5: 6  case no= 3207 seq. no= 100 idynl= 0
                18:59: 5: 6  LOADEND ISLAVE                                   0
                18:59: 5: 7  Start Input for Next Load Case
                18:59: 5: 7  case no= 3208 seq. no= 101 idynl= 0
                18:59: 5: 8  LOADEND ISLAVE                                   0
                18:59: 5: 8  NVPREV                                           0
                18:59: 5: 8  AMAXNON                               1.509186E-01
                18:59: 5: 9  IRECSIZL=                                     4000
                18:59: 5: 9  MTX BLOCKSIZE=                                  30
                18:59: 5:10  MI=                                             30
                18:59: 5:10  NORECL=                                          1
                18:59: 5:10  NORECL1=                                         1
                18:59: 5:11  IWORD=                                       32000
                18:59: 5:11  JRECSIZE=                                     4000
                18:59: 5:12  IWORDJ=                                      32000
                18:59: 5:12  IBYTE=                                           4
                18:59: 5:12  JOINTS=                                          7
                18:59: 5:13  MEMBERS=                                         6
                18:59: 5:13  PLATES =                                         0
                18:59: 5:14  SOLIDS =                                         0
                18:59: 5:14  NO. OF EQUATIONS=                               30
                18:59: 5:14  idyn=                                            0
                18:59: 5:15  ipd=                                             0
                18:59: 5:15  icablanl=                                        0
                18:59: 5:16  ++ Processing Element Stiffness Matrix.
                18:59: 5:16  NV1                                            101
                18:59: 5:27  ++ Calculating Element Forces & Reactions.
                18:59: 5:74  COMBINATION CASES=                               0
                18:59: 5:74  MAX CM MEMORY (KILOWORDS)                       28
                18:59: 5:74  AFTER SOLVER 1
                18:59: 5:75  REOPEN AS SEQ                                    0
                18:59: 5:76  DEFINE ENVELOPE
                18:59: 5:77  LOAD LIST 1101 TO 110
                18:59: 5:77  PARAMETER 1
                18:59: 5:78  CHECK CODE ALL
                18:59: 5:78  ENTERING SECTNM110 IQ=                           6
                18:59: 5:78               NSEC=                              11
                18:59: 5:79             ISECTN=                               0
                18:59: 5:81  SECTNM110 DO 925
                18:59: 5:83  ENTERING ENVLP1 ITYP1=                          -3
                18:59: 5:83  SECT DISPLACE
                18:59: 5:84  Steel/Alum/Timber Design                        52
                18:59: 5:89    ++ Finished Design ...
                18:59: 5:89  Steel/Timber Design exit
                18:59: 5:89  LOAD LIST 2101 TO 210
                18:59: 5:90  PARAMETER 1
                18:59: 5:91  CHECK CODE ALL
                18:59: 5:91  ENTERING ENVLP1 ITYP1=                          -3
                18:59: 5:91  SECT DISPLACE
                18:59: 5:93  Steel/Alum/Timber Design                        52
                18:59: 5:95    ++ Finished Design ...
                18:59: 5:95  Steel/Timber Design exit
                18:59: 5:95  LOAD LIST ENV 4 TO 7
                18:59: 5:96  PARAMETER 1
                18:59: 5:97  CHECK CODE ALL
                18:59: 5:97  ENTERING ENVLP1 ITYP1=                          -3
                18:59: 5:97  SECT DISPLACE
                18:59: 5:99  Steel/Alum/Timber Design                        52
                18:59: 6: 4    ++ Finished Design ...
                18:59: 6: 4  Steel/Timber Design exit
                18:59: 6: 5  PRINT JOINT DISPLACEM
                18:59: 6: 5  DRAW ISOM JOIN MEMB
                18:59: 6: 6  ENTERING SECTNM110 IQ=                           6
                18:59: 6: 6               NSEC=                              11
                18:59: 6: 7             ISECTN=                               0
                18:59: 6: 9  SECTNM110 DO 925
                18:59: 6:11  PRINT SUPPORT REACTIO
                18:59: 6:11  DRAW ISOM SUPP PROP
                18:59: 6:11  ENTERING SECTNM110 IQ=                           6
                18:59: 6:12               NSEC=                              11
                18:59: 6:12             ISECTN=                               0
                18:59: 6:14  SECTNM110 DO 925
                18:59: 6:16  DRAW ISOM SHAP
                18:59: 6:16  ENTERING SECTNM110 IQ=                           6
                18:59: 6:17               NSEC=                              11
                18:59: 6:17             ISECTN=                               0
                18:59: 6:19  SECTNM110 DO 925
                18:59: 6:21  PRINT CG
                18:59: 6:21  FINISH
                18:59: 6:22  All Commands FINISHed
                18:59: 6:22  DATASAVE for SPRO GUI
                18:59: 6:23  ++ Creating Displacement File (DSP)...
                18:59: 6:24  ++ Creating Reaction File (REA)...
                18:59: 6:25  ++ Creating Section Force File (BMD)...
                18:59: 6:26  ++ Creating Section Displace File (SEC)...
                18:59: 6:26  ENTERING ENVLP1 ITYP1=                          -5
                18:59: 6:27  SECT DISPLACE
                18:59: 6:29  ++ Creating Section Displace File (SCN)...
                18:59: 6:31  ++ Creating Design information File (DGN)...
                18:59: 6:31  ALLOCATED CM MEMORY (KILOWORDS)             300000
                18:59: 6:31  MAX CM MEMORY (KILOWORDS)                       55
                18:59: 6:32  DBS LONG SEC NAME
* End Of Analysis At Wed Jul 17 18:59:06 2024
* CPU usage = 3.408000
* STAAD Exit Code: 100, Warning Count: 0, Error Count: 0, Duration: 3.408
1 0 0 3.408
****************************************************************************
*                            END OF ANALYSIS                               *
****************************************************************************
