08/07/2024 13:38:06	Reading UID database.
08/07/2024 13:38:06	Start loading STAAD model.
08/07/2024 13:38:06	Reading model file.
08/07/2024 13:38:06	Reading model file is complete.
08/07/2024 13:38:06	Processing support.
08/07/2024 13:38:06	Processing springs.
08/07/2024 13:38:06	Processing properties.
08/07/2024 13:38:06	Processing physical properties.
08/07/2024 13:38:06	Processing constants.
08/07/2024 13:38:06	Processing BETA constants.
08/07/2024 13:38:06	Processing hidden analytical member loads.
08/07/2024 13:38:06	Processing command list for member release.
08/07/2024 13:38:06	Processing command list for member offset.
08/07/2024 13:38:06	Processing command list for member specs (cracked).
08/07/2024 13:38:06	Processing command list for member specs (axial).
08/07/2024 13:38:06	Processing command list for element release.
08/07/2024 13:38:06	Processing command list for element offset.
08/07/2024 13:38:06	Processing command list for element plate stress directive.
08/07/2024 13:38:06	Processing parameter for Chinese wind load case.
08/07/2024 13:38:06	End Processing command list.
08/07/2024 13:38:06	End loading STAAD model.
08/07/2024 13:38:06	Start Post Analysis method
08/07/2024 13:38:06	Removed all hidden plates from surfaces
08/07/2024 13:38:06	Removed all hidden plates
08/07/2024 13:38:06	Removed all hidden nodes
08/07/2024 13:38:06	Loading results from MSH file...
08/07/2024 13:38:06	Building result indices...
08/07/2024 13:38:06	Loading plate stress results...
08/07/2024 13:38:06	Set analysis report setup data
08/07/2024 13:38:07	Starting page setup...
08/07/2024 13:38:07	Page setup completed
08/07/2024 13:38:07	Setting available workflows...
08/07/2024 13:38:07	Post analysis method ends
