07/04/2024 14:19:21	Reading UID database.
07/04/2024 14:19:21	Start loading STAAD model.
07/04/2024 14:19:21	Reading model file.
07/04/2024 14:19:21	Reading model file is complete.
07/04/2024 14:19:21	Processing support.
07/04/2024 14:19:21	Processing springs.
07/04/2024 14:19:21	Processing properties.
07/04/2024 14:19:21	Processing physical properties.
07/04/2024 14:19:21	Processing constants.
07/04/2024 14:19:21	Processing BETA constants.
07/04/2024 14:19:21	Processing hidden analytical member loads.
07/04/2024 14:19:21	Processing command list for member release.
07/04/2024 14:19:21	Processing command list for member offset.
07/04/2024 14:19:21	Processing command list for member specs (cracked).
07/04/2024 14:19:21	Processing command list for member specs (axial).
07/04/2024 14:19:21	Processing command list for element release.
07/04/2024 14:19:21	Processing command list for element offset.
07/04/2024 14:19:21	Processing command list for element plate stress directive.
07/04/2024 14:19:21	Processing parameter for Chinese wind load case.
07/04/2024 14:19:21	End Processing command list.
07/04/2024 14:19:21	End loading STAAD model.
07/04/2024 14:19:21	Start Post Analysis method
07/04/2024 14:19:21	Removed all hidden plates from surfaces
07/04/2024 14:19:21	Removed all hidden plates
07/04/2024 14:19:21	Removed all hidden nodes
07/04/2024 14:19:21	Loading results from MSH file...
07/04/2024 14:19:21	Building result indices...
07/04/2024 14:19:21	Loading plate stress results...
07/04/2024 14:19:21	Set analysis report setup data
07/04/2024 14:19:21	Starting page setup...
07/04/2024 14:19:21	Page setup completed
07/04/2024 14:19:21	Setting available workflows...
07/04/2024 14:19:21	Post analysis method ends
07/04/2024 14:19:45	Start Post Analysis method
07/04/2024 14:19:45	Removed all hidden plates from surfaces
07/04/2024 14:19:45	Removed all hidden plates
07/04/2024 14:19:45	Removed all hidden nodes
07/04/2024 14:19:45	Loading results from MSH file...
07/04/2024 14:19:45	Building result indices...
07/04/2024 14:19:45	Loading plate stress results...
07/04/2024 14:19:45	Set analysis report setup data
07/04/2024 14:19:45	Starting page setup...
07/04/2024 14:19:45	Page setup completed
07/04/2024 14:19:45	Setting available workflows...
07/04/2024 14:19:45	Post analysis method ends
07/04/2024 14:21:55	Start Post Analysis method
07/04/2024 14:21:55	Removed all hidden plates from surfaces
07/04/2024 14:21:55	Removed all hidden plates
07/04/2024 14:21:55	Removed all hidden nodes
07/04/2024 14:21:55	Loading results from MSH file...
07/04/2024 14:21:55	Building result indices...
07/04/2024 14:21:55	Loading plate stress results...
07/04/2024 14:21:55	Set analysis report setup data
07/04/2024 14:21:55	Starting page setup...
07/04/2024 14:21:55	Page setup completed
07/04/2024 14:21:55	Setting available workflows...
07/04/2024 14:21:55	Post analysis method ends
07/04/2024 14:39:59	Reading UID database.
07/04/2024 14:39:59	Start loading STAAD model.
07/04/2024 14:39:59	Reading model file.
07/04/2024 14:39:59	Reading model file is complete.
07/04/2024 14:39:59	Processing support.
07/04/2024 14:39:59	Processing springs.
07/04/2024 14:39:59	Processing properties.
07/04/2024 14:39:59	Processing physical properties.
07/04/2024 14:39:59	Processing constants.
07/04/2024 14:39:59	Processing BETA constants.
07/04/2024 14:39:59	Processing hidden analytical member loads.
07/04/2024 14:39:59	Processing command list for member release.
07/04/2024 14:39:59	Processing command list for member offset.
07/04/2024 14:39:59	Processing command list for member specs (cracked).
07/04/2024 14:39:59	Processing command list for member specs (axial).
07/04/2024 14:39:59	Processing command list for element release.
07/04/2024 14:39:59	Processing command list for element offset.
07/04/2024 14:39:59	Processing command list for element plate stress directive.
07/04/2024 14:39:59	Processing parameter for Chinese wind load case.
07/04/2024 14:39:59	End Processing command list.
07/04/2024 14:39:59	End loading STAAD model.
07/04/2024 14:39:59	Start Post Analysis method
07/04/2024 14:39:59	Removed all hidden plates from surfaces
07/04/2024 14:39:59	Removed all hidden plates
07/04/2024 14:39:59	Removed all hidden nodes
07/04/2024 14:39:59	Loading results from MSH file...
07/04/2024 14:39:59	Building result indices...
07/04/2024 14:39:59	Loading plate stress results...
07/04/2024 14:39:59	Set analysis report setup data
07/04/2024 14:39:59	Starting page setup...
07/04/2024 14:39:59	Page setup completed
07/04/2024 14:39:59	Setting available workflows...
07/04/2024 14:39:59	Post analysis method ends
07/04/2024 14:40:17	Start Post Analysis method
07/04/2024 14:40:17	Removed all hidden plates from surfaces
07/04/2024 14:40:17	Removed all hidden plates
07/04/2024 14:40:17	Removed all hidden nodes
07/04/2024 14:40:17	Loading results from MSH file...
07/04/2024 14:40:17	Building result indices...
07/04/2024 14:40:17	Loading plate stress results...
07/04/2024 14:40:17	Set analysis report setup data
07/04/2024 14:40:17	Starting page setup...
07/04/2024 14:40:17	Page setup completed
07/04/2024 14:40:17	Setting available workflows...
07/04/2024 14:40:17	Post analysis method ends
