01/09/2025 16:37:53	Reading UID database.
01/09/2025 16:37:53	Start loading STAAD model.
01/09/2025 16:37:53	Reading model file.
01/09/2025 16:37:54	Reading model file is complete.
01/09/2025 16:37:54	Processing support.
01/09/2025 16:37:54	Processing springs.
01/09/2025 16:37:54	Processing properties.
01/09/2025 16:37:54	Processing physical properties.
01/09/2025 16:37:54	Processing constants.
01/09/2025 16:37:54	Processing BETA constants.
01/09/2025 16:37:54	Processing hidden analytical member loads.
01/09/2025 16:37:54	Processing command list for member release.
01/09/2025 16:37:54	Processing command list for member offset.
01/09/2025 16:37:54	Processing command list for member specs (cracked).
01/09/2025 16:37:54	Processing command list for member specs (axial).
01/09/2025 16:37:54	Processing command list for element release.
01/09/2025 16:37:54	Processing command list for element offset.
01/09/2025 16:37:54	Processing command list for element plate stress directive.
01/09/2025 16:37:54	Processing parameter for Chinese wind load case.
01/09/2025 16:37:54	End Processing command list.
01/09/2025 16:37:54	End loading STAAD model.
01/09/2025 16:37:54	Start Post Analysis method
01/09/2025 16:37:54	Removed all hidden plates from surfaces
01/09/2025 16:37:54	Removed all hidden plates
01/09/2025 16:37:54	Removed all hidden nodes
01/09/2025 16:37:54	Loading results from MSH file...
01/09/2025 16:37:54	Building result indices...
01/09/2025 16:37:54	Loading plate stress results...
01/09/2025 16:37:54	Set analysis report setup data
01/09/2025 16:37:54	Starting page setup...
01/09/2025 16:37:54	Page setup completed
01/09/2025 16:37:54	Setting available workflows...
01/09/2025 16:37:54	Post analysis method ends
